  <testsuites>
      <testsuite tests="42" failures="20" time="5164.593088156" name="All tests">
          <properties></properties>
          <!--Suite was running for 1h26m5s-->
          <testsuite tests="42" failures="20" time="5164.593088156" name="Single cluster tests">
              <properties></properties>
              <!--Suite was running for 1h26m5s-->
              <testsuite tests="42" failures="20" time="5164.593088156" name="kind">
                  <properties></properties>
                  <!--Suite was running for 1h26m5s-->
                  <testcase classname="" name="TestDNSMonitoringNsc" time="198.404529279" cluster_instance="kind-1">
                      <failure message="Test execution failed TestDNSMonitoringNsc" type="ERROR">Execution attempt: 0 Output file: .tests/cloud_test/single-cluster/kind-1/018-TestDNSMonitoringNsc-run.log&#xA;Starting TestDNSMonitoringNsc on kind-1&#xA;Command line go test . -test.timeout 10m0s -count 1 --run &#34;^(TestDNSMonitoringNsc)$\\z&#34; --tags &#34;basic&#34; --test.v&#xA;env==[KUBECONFIG=/Users/nispatil/go/src/github.com/cisco-app-networking/nsm_publish/networkservicemesh/.tests/cloud_test/single-cluster/shell/kind-1/config ARTIFACTS_DIR=/Users/nispatil/go/src/github.com/cisco-app-networking/nsm_publish/networkservicemesh/.tests/cloud_test/single-cluster/kind-1/TestDNSMonitoringNsc]&#xA;&#xA;=== RUN   TestDNSMonitoringNsc&#xA;time=&#34;2021-06-08T19:40:29-07:00&#34; level=info msg=&#34;Using Kubeconfig: /Users/nispatil/go/src/github.com/cisco-app-networking/nsm_publish/networkservicemesh/.tests/cloud_test/single-cluster/shell/kind-1/config&#34;&#xA;time=&#34;2021-06-08T19:40:29-07:00&#34; level=info msg=&#34;FORWARDING_PLANE not set, using default forwarder - vpp&#34;&#xA;time=&#34;2021-06-08T19:40:29-07:00&#34; level=info msg=&#34;Creating artifact manager with config: &amp;{4 false /Users/nispatil/go/src/github.com/cisco-app-networking/nsm_publish/networkservicemesh/.tests/cloud_test/single-cluster/kind-1/TestDNSMonitoringNsc}&#34;&#xA;time=&#34;2021-06-08T19:40:29-07:00&#34; level=error msg=&#34;Error during create of test namespace failed to create a namespace: object is being deleted: namespaces \&#34;nsm-system\&#34; already exists&#34;&#xA;time=&#34;2021-06-08T19:40:29-07:00&#34; level=info msg=&#34;Checking availability of API server on 127.0.0.1&#34;&#xA;time=&#34;2021-06-08T19:40:33-07:00&#34; level=info msg=&#34;PING 127.0.0.1 (127.0.0.1): 56 data bytes\n64 bytes from 127.0.0.1: icmp_seq=0 ttl=64 time=0.041 ms\n64 bytes from 127.0.0.1: icmp_seq=1 ttl=64 time=0.164 ms\n64 bytes from 127.0.0.1: icmp_seq=2 ttl=64 time=0.102 ms\n64 bytes from 127.0.0.1: icmp_seq=3 ttl=64 time=0.048 ms\n64 bytes from 127.0.0.1: icmp_seq=4 ttl=64 time=0.091 ms\n\n--- 127.0.0.1 ping statistics ---\n5 packets transmitted, 5 packets received, 0.0%!p(MISSING)acket loss\nround-trip min/avg/max/stddev = 0.041/0.089/0.164/0.044 ms\n&#34;&#xA;time=&#34;2021-06-08T19:40:33-07:00&#34; level=info msg=&#34;Will try to create namespace again after 20 seconds&#34;&#xA;time=&#34;2021-06-08T19:40:53-07:00&#34; level=info msg=&#34;namespace nsm-system is created&#34;&#xA;time=&#34;2021-06-08T19:40:53-07:00&#34; level=info msg=&#34;USE_IPV6 not set, using default false&#34;&#xA;time=&#34;2021-06-08T19:40:53-07:00&#34; level=error msg=&#34;serviceaccounts \&#34;nsc-acc\&#34; not found&#34;&#xA;time=&#34;2021-06-08T19:40:53-07:00&#34; level=error msg=&#34;serviceaccounts \&#34;nse-acc\&#34; not found&#34;&#xA;time=&#34;2021-06-08T19:40:53-07:00&#34; level=error msg=&#34;serviceaccounts \&#34;nsmgr-acc\&#34; not found&#34;&#xA;time=&#34;2021-06-08T19:40:53-07:00&#34; level=error msg=&#34;serviceaccounts \&#34;nsmrs-acc\&#34; not found&#34;&#xA;time=&#34;2021-06-08T19:40:53-07:00&#34; level=error msg=&#34;serviceaccounts \&#34;forward-plane-acc\&#34; not found&#34;&#xA;time=&#34;2021-06-08T19:40:53-07:00&#34; level=error msg=&#34;serviceaccounts \&#34;crossconnect-monitor-acc\&#34; not found&#34;&#xA;time=&#34;2021-06-08T19:40:53-07:00&#34; level=error msg=&#34;serviceaccounts \&#34;proxy-nsmgr-acc\&#34; not found&#34;&#xA;time=&#34;2021-06-08T19:40:53-07:00&#34; level=info msg=&#34;Cleanup done: 809.901622ms&#34;&#xA;time=&#34;2021-06-08T19:40:54-07:00&#34; level=info msg=&#34;&amp;ServiceAccount{ObjectMeta:{default  nsm-system /api/v1/namespaces/nsm-system/serviceaccounts/default f389816e-94d1-4690-8102-be623f6b51b6 8496 0 2021-06-08 19:40:53 -0700 PDT &lt;nil&gt; &lt;nil&gt; map[] map[] [] []  []},Secrets:[]ObjectReference{ObjectReference{Kind:,Namespace:,Name:default-token-xgxzz,UID:,APIVersion:,ResourceVersion:,FieldPath:,},},ImagePullSecrets:[]LocalObjectReference{},AutomountServiceAccountToken:nil,}&#34;&#xA;I0608 19:40:55.053302   26902 request.go:621] Throttling request took 1.180197748s, request: POST:https://127.0.0.1:55081/api/v1/namespaces/nsm-system/serviceaccounts&#xA;time=&#34;2021-06-08T19:40:55-07:00&#34; level=info msg=&#34;&amp;ServiceAccount{ObjectMeta:{nse-acc  nsm-system /api/v1/namespaces/nsm-system/serviceaccounts/nse-acc b544ad2b-affb-48f7-b5e6-ca9c449927f2 8504 0 2021-06-08 19:40:54 -0700 PDT &lt;nil&gt; &lt;nil&gt; map[] map[] [] []  []},Secrets:[]ObjectReference{ObjectReference{Kind:,Namespace:,Name:nse-acc-token-njhbj,UID:,APIVersion:,ResourceVersion:,FieldPath:,},},ImagePullSecrets:[]LocalObjectReference{},AutomountServiceAccountToken:nil,}&#34;&#xA;time=&#34;2021-06-08T19:40:55-07:00&#34; level=info msg=&#34;&amp;ServiceAccount{ObjectMeta:{nsmgr-acc  nsm-system /api/v1/namespaces/nsm-system/serviceaccounts/nsmgr-acc a6ff8594-7c3b-43d1-8db8-9f48f3a35517 8507 0 2021-06-08 19:40:54 -0700 PDT &lt;nil&gt; &lt;nil&gt; map[] map[] [] []  []},Secrets:[]ObjectReference{ObjectReference{Kind:,Namespace:,Name:nsmgr-acc-token-4q2w7,UID:,APIVersion:,ResourceVersion:,FieldPath:,},},ImagePullSecrets:[]LocalObjectReference{},AutomountServiceAccountToken:nil,}&#34;&#xA;time=&#34;2021-06-08T19:40:56-07:00&#34; level=info msg=&#34;&amp;ServiceAccount{ObjectMeta:{nsmrs-acc  nsm-system /api/v1/namespaces/nsm-system/serviceaccounts/nsmrs-acc 143331cd-f62f-4499-9cc8-036c1d3722a2 8510 0 2021-06-08 19:40:54 -0700 PDT &lt;nil&gt; &lt;nil&gt; map[] map[] [] []  []},Secrets:[]ObjectReference{ObjectReference{Kind:,Namespace:,Name:nsmrs-acc-token-p99dz,UID:,APIVersion:,ResourceVersion:,FieldPath:,},},ImagePullSecrets:[]LocalObjectReference{},AutomountServiceAccountToken:nil,}&#34;&#xA;time=&#34;2021-06-08T19:40:56-07:00&#34; level=info msg=&#34;&amp;ServiceAccount{ObjectMeta:{nsc-acc  nsm-system /api/v1/namespaces/nsm-system/serviceaccounts/nsc-acc 53e8abf8-5a98-4a9a-b211-a559ffee42f5 8513 0 2021-06-08 19:40:54 -0700 PDT &lt;nil&gt; &lt;nil&gt; map[] map[] [] []  []},Secrets:[]ObjectReference{ObjectReference{Kind:,Namespace:,Name:nsc-acc-token-jpwbs,UID:,APIVersion:,ResourceVersion:,FieldPath:,},},ImagePullSecrets:[]LocalObjectReference{},AutomountServiceAccountToken:nil,}&#34;&#xA;time=&#34;2021-06-08T19:40:56-07:00&#34; level=info msg=&#34;&amp;ServiceAccount{ObjectMeta:{forward-plane-acc  nsm-system /api/v1/namespaces/nsm-system/serviceaccounts/forward-plane-acc 881354b7-cc07-435b-a33c-a1326d7054cb 8516 0 2021-06-08 19:40:55 -0700 PDT &lt;nil&gt; &lt;nil&gt; map[] map[] [] []  []},Secrets:[]ObjectReference{ObjectReference{Kind:,Namespace:,Name:forward-plane-acc-token-m82ph,UID:,APIVersion:,ResourceVersion:,FieldPath:,},},ImagePullSecrets:[]LocalObjectReference{},AutomountServiceAccountToken:nil,}&#34;&#xA;time=&#34;2021-06-08T19:40:56-07:00&#34; level=info msg=&#34;&amp;ServiceAccount{ObjectMeta:{proxy-nsmgr-acc  nsm-system /api/v1/namespaces/nsm-system/serviceaccounts/proxy-nsmgr-acc 6445cc47-9979-4499-bfb1-08b5ce214bec 8519 0 2021-06-08 19:40:55 -0700 PDT &lt;nil&gt; &lt;nil&gt; map[] map[] [] []  []},Secrets:[]ObjectReference{ObjectReference{Kind:,Namespace:,Name:proxy-nsmgr-acc-token-rzddb,UID:,APIVersion:,ResourceVersion:,FieldPath:,},},ImagePullSecrets:[]LocalObjectReference{},AutomountServiceAccountToken:nil,}&#34;&#xA;time=&#34;2021-06-08T19:40:56-07:00&#34; level=info msg=&#34;&amp;ServiceAccount{ObjectMeta:{crossconnect-monitor-acc  nsm-system /api/v1/namespaces/nsm-system/serviceaccounts/crossconnect-monitor-acc 910fd25a-6a1a-41b4-9ab8-88a113dc389f 8523 0 2021-06-08 19:40:55 -0700 PDT &lt;nil&gt; &lt;nil&gt; map[] map[] [] []  []},Secrets:[]ObjectReference{ObjectReference{Kind:,Namespace:,Name:crossconnect-monitor-acc-token-74mvz,UID:,APIVersion:,ResourceVersion:,FieldPath:,},},ImagePullSecrets:[]LocalObjectReference{},AutomountServiceAccountToken:nil,}&#34;&#xA;time=&#34;2021-06-08T19:40:56-07:00&#34; level=info msg=&#34;Creating ConfigMap &#39;nsm-config&#39; in namespace&#39;nsm-system&#39;...&#34;&#xA;time=&#34;2021-06-08T19:40:57-07:00&#34; level=info msg=&#34;Using image: containers.cisco.com/appn/prefix-service:vl3_latest&#34;&#xA;time=&#34;2021-06-08T19:40:57-07:00&#34; level=info msg=&#34;Using image: containers.cisco.com/appn/test-common:vl3_latest&#34;&#xA;time=&#34;2021-06-08T19:40:57-07:00&#34; level=info msg=&#34;role is created: &amp;ClusterRole{ObjectMeta:{nsm-role  nsm-system    0 0001-01-01 00:00:00 +0000 UTC &lt;nil&gt; &lt;nil&gt; map[rbac.authorization.k8s.io/aggregate-to-admin:true rbac.authorization.k8s.io/aggregate-to-edit:true] map[] [] []  []},Rules:[]PolicyRule{PolicyRule{Verbs:[*],APIGroups:[networkservicemesh.io],Resources:[networkservices networkserviceendpoints networkservicemanagers],ResourceNames:[],NonResourceURLs:[],},PolicyRule{Verbs:[*],APIGroups:[apiextensions.k8s.io],Resources:[customresourcedefinitions],ResourceNames:[],NonResourceURLs:[],},PolicyRule{Verbs:[get update],APIGroups:[],Resources:[configmaps],ResourceNames:[],NonResourceURLs:[],},PolicyRule{Verbs:[get list watch],APIGroups:[],Resources:[nodes services namespaces],ResourceNames:[],NonResourceURLs:[],},},AggregationRule:nil,}&#34;&#xA;time=&#34;2021-06-08T19:40:57-07:00&#34; level=info msg=&#34;role is created: &amp;ClusterRoleBinding{ObjectMeta:{nsm-role-binding      0 0001-01-01 00:00:00 +0000 UTC &lt;nil&gt; &lt;nil&gt; map[] map[] [] []  []},Subjects:[]Subject{Subject{Kind:ServiceAccount,APIGroup:,Name:nsmgr-acc,Namespace:nsm-system,},Subject{Kind:ServiceAccount,APIGroup:,Name:proxy-nsmgr-acc,Namespace:nsm-system,},Subject{Kind:ServiceAccount,APIGroup:,Name:crossconnect-monitor-acc,Namespace:nsm-system,},},RoleRef:RoleRef{APIGroup:rbac.authorization.k8s.io,Kind:ClusterRole,Name:nsm-role,},}&#34;&#xA;time=&#34;2021-06-08T19:40:57-07:00&#34; level=info msg=&#34;role is created: &amp;ClusterRole{ObjectMeta:{aggregate-network-services-view  nsm-system    0 0001-01-01 00:00:00 +0000 UTC &lt;nil&gt; &lt;nil&gt; map[rbac.authorization.k8s.io/aggregate-to-view:true] map[] [] []  []},Rules:[]PolicyRule{PolicyRule{Verbs:[get list watch],APIGroups:[networkservicemesh.io],Resources:[networkservices],ResourceNames:[],NonResourceURLs:[],},},AggregationRule:nil,}&#34;&#xA;time=&#34;2021-06-08T19:41:00-07:00&#34; level=info msg=&#34;Trying to establish connection with the spire provider at address:tcp://127.0.0.1:50877&#34;&#xA;time=&#34;2021-06-08T19:41:00-07:00&#34; level=info msg=&#34;Created the todo context:tcp://127.0.0.1:50877&#34;&#xA;time=&#34;2021-06-08T19:41:00-07:00&#34; level=info msg=&#34;Got x509:&amp;{0xc0005a77a0 &lt;nil&gt; {{0 0} 0 0 0 0} 0xc000686b90 0xc00000f600 {{0 0} 0 0 0 0} false} &lt;nil&gt;&#34;&#xA;time=&#34;2021-06-08T19:41:00-07:00&#34; level=info msg=&#34;Started goroutine&#34;&#xA;time=&#34;2021-06-08T19:41:00-07:00&#34; level=info msg=&#34;Returning provider&#34;&#xA;time=&#34;2021-06-08T19:41:00-07:00&#34; level=info msg=&#34;Creating ConfigMap &#39;icmp-responder-corefile&#39; in namespace&#39;nsm-system&#39;...&#34;&#xA;time=&#34;2021-06-08T19:41:00-07:00&#34; level=info msg=&#34;Issued identity:spiffe://test.com/nsmgr&#34;&#xA;time=&#34;2021-06-08T19:41:00-07:00&#34; level=info msg=&#34;Checking node: kind-1-control-plane&#34;&#xA;time=&#34;2021-06-08T19:41:00-07:00&#34; level=info msg=&#34;Checking node: kind-1-worker&#34;&#xA;time=&#34;2021-06-08T19:41:00-07:00&#34; level=info msg=&#34;Checking node: kind-1-worker2&#34;&#xA;time=&#34;2021-06-08T19:41:00-07:00&#34; level=info msg=&#34;Using image: jaegertracing/all-in-one:1.14.0&#34;&#xA;time=&#34;2021-06-08T19:41:02-07:00&#34; level=info msg=&#34;getting logs without container jaeger=none&#34;&#xA;time=&#34;2021-06-08T19:41:02-07:00&#34; level=info msg=&#34;Using image: containers.cisco.com/appn/nsmdp:vl3_latest&#34;&#xA;time=&#34;2021-06-08T19:41:02-07:00&#34; level=info msg=&#34;Using image: containers.cisco.com/appn/nsmd:vl3_latest&#34;&#xA;time=&#34;2021-06-08T19:41:02-07:00&#34; level=info msg=&#34;Using image: containers.cisco.com/appn/nsmd-k8s:vl3_latest&#34;&#xA;time=&#34;2021-06-08T19:41:02-07:00&#34; level=info msg=&#34;Using image: containers.cisco.com/appn/vppagent-forwarder:vl3_latest&#34;&#xA;time=&#34;2021-06-08T19:41:14-07:00&#34; level=info msg=&#34;Started NSMgr/Forwarder: 11.850362951s on node kind-1-worker&#34;&#xA;time=&#34;2021-06-08T19:41:14-07:00&#34; level=info msg=&#34;Using image: containers.cisco.com/appn/test-common:vl3_latest&#34;&#xA;time=&#34;2021-06-08T19:41:14-07:00&#34; level=info msg=&#34;Using image: networkservicemesh/coredns:master&#34;&#xA;time=&#34;2021-06-08T19:41:14-07:00&#34; level=info msg=&#34;Starting ICMP Responder NSE on node: kind-1-worker &#34;&#xA;time=&#34;2021-06-08T19:41:18-07:00&#34; level=info msg=&#34;ICMP Responder icmp-responder started done: 4.166074863s&#34;&#xA;time=&#34;2021-06-08T19:41:18-07:00&#34; level=info msg=&#34;Using image: containers.cisco.com/appn/test-common:vl3_latest&#34;&#xA;time=&#34;2021-06-08T19:41:18-07:00&#34; level=info msg=&#34;Using image: networkservicemesh/coredns:master&#34;&#xA;time=&#34;2021-06-08T19:41:18-07:00&#34; level=info msg=&#34;Starting NSC nsc on node: kind-1-worker&#34;&#xA;time=&#34;2021-06-08T19:43:21-07:00&#34; level=info msg=&#34;pod info: nsc {\&#34;metadata\&#34;:{\&#34;name\&#34;:\&#34;nsc\&#34;,\&#34;namespace\&#34;:\&#34;nsm-system\&#34;,\&#34;selfLink\&#34;:\&#34;/api/v1/namespaces/nsm-system/pods/nsc\&#34;,\&#34;uid\&#34;:\&#34;5752556b-b0f2-4622-bcdc-3fd2011c90e1\&#34;,\&#34;resourceVersion\&#34;:\&#34;8689\&#34;,\&#34;creationTimestamp\&#34;:\&#34;2021-06-09T02:41:18Z\&#34;},\&#34;spec\&#34;:{\&#34;volumes\&#34;:[{\&#34;name\&#34;:\&#34;nsm-config-volume\&#34;,\&#34;configMap\&#34;:{\&#34;name\&#34;:\&#34;nsm-config\&#34;,\&#34;defaultMode\&#34;:420}},{\&#34;name\&#34;:\&#34;empty-dir-volume\&#34;,\&#34;emptyDir\&#34;:{}},{\&#34;name\&#34;:\&#34;nsc-acc-token-jpwbs\&#34;,\&#34;secret\&#34;:{\&#34;secretName\&#34;:\&#34;nsc-acc-token-jpwbs\&#34;,\&#34;defaultMode\&#34;:420}}],\&#34;initContainers\&#34;:[{\&#34;name\&#34;:\&#34;nsm-dns-init\&#34;,\&#34;image\&#34;:\&#34;containers.cisco.com/appn/nsm-dns-init:vl3_latest\&#34;,\&#34;command\&#34;:[\&#34;/bin/nsm-dns-init\&#34;],\&#34;resources\&#34;:{\&#34;limits\&#34;:{\&#34;cpu\&#34;:\&#34;200m\&#34;,\&#34;memory\&#34;:\&#34;15Mi\&#34;,\&#34;networkservicemesh.io/socket\&#34;:\&#34;1\&#34;},\&#34;requests\&#34;:{\&#34;cpu\&#34;:\&#34;200m\&#34;,\&#34;memory\&#34;:\&#34;15Mi\&#34;,\&#34;networkservicemesh.io/socket\&#34;:\&#34;1\&#34;}},\&#34;volumeMounts\&#34;:[{\&#34;name\&#34;:\&#34;empty-dir-volume\&#34;,\&#34;mountPath\&#34;:\&#34;/etc/coredns\&#34;},{\&#34;name\&#34;:\&#34;nsc-acc-token-jpwbs\&#34;,\&#34;readOnly\&#34;:true,\&#34;mountPath\&#34;:\&#34;/var/run/secrets/kubernetes.io/serviceaccount\&#34;}],\&#34;terminationMessagePath\&#34;:\&#34;/dev/termination-log\&#34;,\&#34;terminationMessagePolicy\&#34;:\&#34;File\&#34;,\&#34;imagePullPolicy\&#34;:\&#34;IfNotPresent\&#34;}],\&#34;containers\&#34;:[{\&#34;name\&#34;:\&#34;nsc\&#34;,\&#34;image\&#34;:\&#34;containers.cisco.com/appn/test-common:vl3_latest\&#34;,\&#34;command\&#34;:[\&#34;/bin/monitoring-dns-nsc\&#34;],\&#34;env\&#34;:[{\&#34;name\&#34;:\&#34;CLIENT_LABELS\&#34;,\&#34;value\&#34;:\&#34;app=icmp\&#34;},{\&#34;name\&#34;:\&#34;CLIENT_NETWORK_SERVICE\&#34;,\&#34;value\&#34;:\&#34;icmp-responder\&#34;}],\&#34;resources\&#34;:{\&#34;limits\&#34;:{\&#34;networkservicemesh.io/socket\&#34;:\&#34;1\&#34;},\&#34;requests\&#34;:{\&#34;networkservicemesh.io/socket\&#34;:\&#34;1\&#34;}},\&#34;volumeMounts\&#34;:[{\&#34;name\&#34;:\&#34;empty-dir-volume\&#34;,\&#34;mountPath\&#34;:\&#34;/etc/coredns\&#34;},{\&#34;name\&#34;:\&#34;nsc-acc-token-jpwbs\&#34;,\&#34;readOnly\&#34;:true,\&#34;mountPath\&#34;:\&#34;/var/run/secrets/kubernetes.io/serviceaccount\&#34;}],\&#34;terminationMessagePath\&#34;:\&#34;/dev/termination-log\&#34;,\&#34;terminationMessagePolicy\&#34;:\&#34;File\&#34;,\&#34;imagePullPolicy\&#34;:\&#34;IfNotPresent\&#34;},{\&#34;name\&#34;:\&#34;coredns\&#34;,\&#34;image\&#34;:\&#34;networkservicemesh/coredns:master\&#34;,\&#34;args\&#34;:[\&#34;-conf\&#34;,\&#34;/etc/coredns/Corefile\&#34;],\&#34;resources\&#34;:{\&#34;limits\&#34;:{\&#34;cpu\&#34;:\&#34;100m\&#34;,\&#34;memory\&#34;:\&#34;15Mi\&#34;,\&#34;networkservicemesh.io/socket\&#34;:\&#34;1\&#34;},\&#34;requests\&#34;:{\&#34;cpu\&#34;:\&#34;100m\&#34;,\&#34;memory\&#34;:\&#34;15Mi\&#34;,\&#34;networkservicemesh.io/socket\&#34;:\&#34;1\&#34;}},\&#34;volumeMounts\&#34;:[{\&#34;name\&#34;:\&#34;empty-dir-volume\&#34;,\&#34;mountPath\&#34;:\&#34;/etc/coredns\&#34;},{\&#34;name\&#34;:\&#34;nsc-acc-token-jpwbs\&#34;,\&#34;readOnly\&#34;:true,\&#34;mountPath\&#34;:\&#34;/var/run/secrets/kubernetes.io/serviceaccount\&#34;}],\&#34;terminationMessagePath\&#34;:\&#34;/dev/termination-log\&#34;,\&#34;terminationMessagePolicy\&#34;:\&#34;File\&#34;,\&#34;imagePullPolicy\&#34;:\&#34;IfNotPresent\&#34;}],\&#34;restartPolicy\&#34;:\&#34;Always\&#34;,\&#34;terminationGracePeriodSeconds\&#34;:0,\&#34;dnsPolicy\&#34;:\&#34;ClusterFirst\&#34;,\&#34;nodeSelector\&#34;:{\&#34;kubernetes.io/hostname\&#34;:\&#34;kind-1-worker\&#34;},\&#34;serviceAccountName\&#34;:\&#34;nsc-acc\&#34;,\&#34;serviceAccount\&#34;:\&#34;nsc-acc\&#34;,\&#34;nodeName\&#34;:\&#34;kind-1-worker\&#34;,\&#34;securityContext\&#34;:{},\&#34;schedulerName\&#34;:\&#34;default-scheduler\&#34;,\&#34;tolerations\&#34;:[{\&#34;key\&#34;:\&#34;node.kubernetes.io/not-ready\&#34;,\&#34;operator\&#34;:\&#34;Exists\&#34;,\&#34;effect\&#34;:\&#34;NoExecute\&#34;,\&#34;tolerationSeconds\&#34;:300},{\&#34;key\&#34;:\&#34;node.kubernetes.io/unreachable\&#34;,\&#34;operator\&#34;:\&#34;Exists\&#34;,\&#34;effect\&#34;:\&#34;NoExecute\&#34;,\&#34;tolerationSeconds\&#34;:300}],\&#34;priority\&#34;:0,\&#34;enableServiceLinks\&#34;:true},\&#34;status\&#34;:{\&#34;phase\&#34;:\&#34;Running\&#34;,\&#34;conditions\&#34;:[{\&#34;type\&#34;:\&#34;Initialized\&#34;,\&#34;status\&#34;:\&#34;True\&#34;,\&#34;lastProbeTime\&#34;:null,\&#34;lastTransitionTime\&#34;:\&#34;2021-06-09T02:41:19Z\&#34;},{\&#34;type\&#34;:\&#34;Ready\&#34;,\&#34;status\&#34;:\&#34;True\&#34;,\&#34;lastProbeTime\&#34;:null,\&#34;lastTransitionTime\&#34;:\&#34;2021-06-09T02:41:20Z\&#34;},{\&#34;type\&#34;:\&#34;ContainersReady\&#34;,\&#34;status\&#34;:\&#34;True\&#34;,\&#34;lastProbeTime\&#34;:null,\&#34;lastTransitionTime\&#34;:\&#34;2021-06-09T02:41:20Z\&#34;},{\&#34;type\&#34;:\&#34;PodScheduled\&#34;,\&#34;status\&#34;:\&#34;True\&#34;,\&#34;lastProbeTime\&#34;:null,\&#34;lastTransitionTime\&#34;:\&#34;2021-06-09T02:41:18Z\&#34;}],\&#34;hostIP\&#34;:\&#34;172.17.0.4\&#34;,\&#34;podIP\&#34;:\&#34;10.244.2.35\&#34;,\&#34;podIPs\&#34;:[{\&#34;ip\&#34;:\&#34;10.244.2.35\&#34;}],\&#34;startTime\&#34;:\&#34;2021-06-09T02:41:19Z\&#34;,\&#34;initContainerStatuses\&#34;:[{\&#34;name\&#34;:\&#34;nsm-dns-init\&#34;,\&#34;state\&#34;:{\&#34;terminated\&#34;:{\&#34;exitCode\&#34;:0,\&#34;reason\&#34;:\&#34;Completed\&#34;,\&#34;startedAt\&#34;:\&#34;2021-06-09T02:41:19Z\&#34;,\&#34;finishedAt\&#34;:\&#34;2021-06-09T02:41:19Z\&#34;,\&#34;containerID\&#34;:\&#34;containerd://4b89fa00577e4dfe97f01939c63cb11a23d443327b2b581da648dd5ba26ba662\&#34;}},\&#34;lastState\&#34;:{},\&#34;ready\&#34;:true,\&#34;restartCount\&#34;:0,\&#34;image\&#34;:\&#34;containers.cisco.com/appn/nsm-dns-init:vl3_latest\&#34;,\&#34;imageID\&#34;:\&#34;sha256:b880063adb8e1fd62ddf9a5015c78561d9092410fccefd5e02c45e763502e936\&#34;,\&#34;containerID\&#34;:\&#34;containerd://4b89fa00577e4dfe97f01939c63cb11a23d443327b2b581da648dd5ba26ba662\&#34;}],\&#34;containerStatuses\&#34;:[{\&#34;name\&#34;:\&#34;coredns\&#34;,\&#34;state\&#34;:{\&#34;running\&#34;:{\&#34;startedAt\&#34;:\&#34;2021-06-09T02:41:19Z\&#34;}},\&#34;lastState\&#34;:{},\&#34;ready\&#34;:true,\&#34;restartCount\&#34;:0,\&#34;image\&#34;:\&#34;docker.io/networkservicemesh/coredns:master\&#34;,\&#34;imageID\&#34;:\&#34;docker.io/networkservicemesh/coredns@sha256:17de0ac5d4640cc9e2c41b5b899c772818fc1715de78c160dfa5d945543d35ce\&#34;,\&#34;containerID\&#34;:\&#34;containerd://360413faa06f692f42cdadcec60388c44b6c90dd2db95a9aeac5233f2deacdd1\&#34;,\&#34;started\&#34;:true},{\&#34;name\&#34;:\&#34;nsc\&#34;,\&#34;state\&#34;:{\&#34;running\&#34;:{\&#34;startedAt\&#34;:\&#34;2021-06-09T02:41:19Z\&#34;}},\&#34;lastState\&#34;:{},\&#34;ready\&#34;:true,\&#34;restartCount\&#34;:0,\&#34;image\&#34;:\&#34;containers.cisco.com/appn/test-common:vl3_latest\&#34;,\&#34;imageID\&#34;:\&#34;sha256:a54dea95b34be00b0177934e91a9e6b62f6cee035fbb5cbfb2c6f27c03f4b110\&#34;,\&#34;containerID\&#34;:\&#34;containerd://c701ecd39b78e6c0f638f377e65ecbf71f66121611ebb290cbcc6b4ded14c95e\&#34;,\&#34;started\&#34;:true}],\&#34;qosClass\&#34;:\&#34;Burstable\&#34;}}&#34;&#xA;time=&#34;2021-06-08T19:43:21-07:00&#34; level=info msg=&#34;Pod nsc event: {\&#34;metadata\&#34;:{\&#34;name\&#34;:\&#34;nsc.1686c9b17ce9bcec\&#34;,\&#34;namespace\&#34;:\&#34;nsm-system\&#34;,\&#34;selfLink\&#34;:\&#34;/api/v1/namespaces/nsm-system/events/nsc.1686c9b17ce9bcec\&#34;,\&#34;uid\&#34;:\&#34;23c79350-c742-47cb-ad92-4bbc0faa3d17\&#34;,\&#34;resourceVersion\&#34;:\&#34;8684\&#34;,\&#34;creationTimestamp\&#34;:\&#34;2021-06-09T02:41:19Z\&#34;},\&#34;involvedObject\&#34;:{\&#34;kind\&#34;:\&#34;Pod\&#34;,\&#34;namespace\&#34;:\&#34;nsm-system\&#34;,\&#34;name\&#34;:\&#34;nsc\&#34;,\&#34;uid\&#34;:\&#34;5752556b-b0f2-4622-bcdc-3fd2011c90e1\&#34;,\&#34;apiVersion\&#34;:\&#34;v1\&#34;,\&#34;resourceVersion\&#34;:\&#34;8671\&#34;,\&#34;fieldPath\&#34;:\&#34;spec.containers{coredns}\&#34;},\&#34;reason\&#34;:\&#34;Started\&#34;,\&#34;message\&#34;:\&#34;Started container coredns\&#34;,\&#34;source\&#34;:{\&#34;component\&#34;:\&#34;kubelet\&#34;,\&#34;host\&#34;:\&#34;kind-1-worker\&#34;},\&#34;firstTimestamp\&#34;:\&#34;2021-06-09T02:41:19Z\&#34;,\&#34;lastTimestamp\&#34;:\&#34;2021-06-09T02:41:19Z\&#34;,\&#34;count\&#34;:1,\&#34;type\&#34;:\&#34;Normal\&#34;,\&#34;eventTime\&#34;:null,\&#34;reportingComponent\&#34;:\&#34;\&#34;,\&#34;reportingInstance\&#34;:\&#34;\&#34;}&#34;&#xA;time=&#34;2021-06-08T19:43:21-07:00&#34; level=info msg=&#34;Pod nsc event: {\&#34;metadata\&#34;:{\&#34;name\&#34;:\&#34;nsc.1686c9b1779423f4\&#34;,\&#34;namespace\&#34;:\&#34;nsm-system\&#34;,\&#34;selfLink\&#34;:\&#34;/api/v1/namespaces/nsm-system/events/nsc.1686c9b1779423f4\&#34;,\&#34;uid\&#34;:\&#34;8e18dd94-52de-4ba1-b896-5b1a43316790\&#34;,\&#34;resourceVersion\&#34;:\&#34;8683\&#34;,\&#34;creationTimestamp\&#34;:\&#34;2021-06-09T02:41:19Z\&#34;},\&#34;involvedObject\&#34;:{\&#34;kind\&#34;:\&#34;Pod\&#34;,\&#34;namespace\&#34;:\&#34;nsm-system\&#34;,\&#34;name\&#34;:\&#34;nsc\&#34;,\&#34;uid\&#34;:\&#34;5752556b-b0f2-4622-bcdc-3fd2011c90e1\&#34;,\&#34;apiVersion\&#34;:\&#34;v1\&#34;,\&#34;resourceVersion\&#34;:\&#34;8671\&#34;,\&#34;fieldPath\&#34;:\&#34;spec.containers{coredns}\&#34;},\&#34;reason\&#34;:\&#34;Created\&#34;,\&#34;message\&#34;:\&#34;Created container coredns\&#34;,\&#34;source\&#34;:{\&#34;component\&#34;:\&#34;kubelet\&#34;,\&#34;host\&#34;:\&#34;kind-1-worker\&#34;},\&#34;firstTimestamp\&#34;:\&#34;2021-06-09T02:41:19Z\&#34;,\&#34;lastTimestamp\&#34;:\&#34;2021-06-09T02:41:19Z\&#34;,\&#34;count\&#34;:1,\&#34;type\&#34;:\&#34;Normal\&#34;,\&#34;eventTime\&#34;:null,\&#34;reportingComponent\&#34;:\&#34;\&#34;,\&#34;reportingInstance\&#34;:\&#34;\&#34;}&#34;&#xA;time=&#34;2021-06-08T19:43:21-07:00&#34; level=info msg=&#34;Pod nsc event: {\&#34;metadata\&#34;:{\&#34;name\&#34;:\&#34;nsc.1686c9b175fcddd8\&#34;,\&#34;namespace\&#34;:\&#34;nsm-system\&#34;,\&#34;selfLink\&#34;:\&#34;/api/v1/namespaces/nsm-system/events/nsc.1686c9b175fcddd8\&#34;,\&#34;uid\&#34;:\&#34;64451cee-14b0-47ef-9b25-e5f2bbe888d7\&#34;,\&#34;resourceVersion\&#34;:\&#34;8682\&#34;,\&#34;creationTimestamp\&#34;:\&#34;2021-06-09T02:41:19Z\&#34;},\&#34;involvedObject\&#34;:{\&#34;kind\&#34;:\&#34;Pod\&#34;,\&#34;namespace\&#34;:\&#34;nsm-system\&#34;,\&#34;name\&#34;:\&#34;nsc\&#34;,\&#34;uid\&#34;:\&#34;5752556b-b0f2-4622-bcdc-3fd2011c90e1\&#34;,\&#34;apiVersion\&#34;:\&#34;v1\&#34;,\&#34;resourceVersion\&#34;:\&#34;8671\&#34;,\&#34;fieldPath\&#34;:\&#34;spec.containers{coredns}\&#34;},\&#34;reason\&#34;:\&#34;Pulled\&#34;,\&#34;message\&#34;:\&#34;Container image \\\&#34;networkservicemesh/coredns:master\\\&#34; already present on machine\&#34;,\&#34;source\&#34;:{\&#34;component\&#34;:\&#34;kubelet\&#34;,\&#34;host\&#34;:\&#34;kind-1-worker\&#34;},\&#34;firstTimestamp\&#34;:\&#34;2021-06-09T02:41:19Z\&#34;,\&#34;lastTimestamp\&#34;:\&#34;2021-06-09T02:41:19Z\&#34;,\&#34;count\&#34;:1,\&#34;type\&#34;:\&#34;Normal\&#34;,\&#34;eventTime\&#34;:null,\&#34;reportingComponent\&#34;:\&#34;\&#34;,\&#34;reportingInstance\&#34;:\&#34;\&#34;}&#34;&#xA;time=&#34;2021-06-08T19:43:21-07:00&#34; level=info msg=&#34;Pod nsc event: {\&#34;metadata\&#34;:{\&#34;name\&#34;:\&#34;nsc.1686c9b175dda418\&#34;,\&#34;namespace\&#34;:\&#34;nsm-system\&#34;,\&#34;selfLink\&#34;:\&#34;/api/v1/namespaces/nsm-system/events/nsc.1686c9b175dda418\&#34;,\&#34;uid\&#34;:\&#34;f27a8854-8d0b-4663-bda1-138b5dc2eafe\&#34;,\&#34;resourceVersion\&#34;:\&#34;8681\&#34;,\&#34;creationTimestamp\&#34;:\&#34;2021-06-09T02:41:19Z\&#34;},\&#34;involvedObject\&#34;:{\&#34;kind\&#34;:\&#34;Pod\&#34;,\&#34;namespace\&#34;:\&#34;nsm-system\&#34;,\&#34;name\&#34;:\&#34;nsc\&#34;,\&#34;uid\&#34;:\&#34;5752556b-b0f2-4622-bcdc-3fd2011c90e1\&#34;,\&#34;apiVersion\&#34;:\&#34;v1\&#34;,\&#34;resourceVersion\&#34;:\&#34;8671\&#34;,\&#34;fieldPath\&#34;:\&#34;spec.containers{nsc}\&#34;},\&#34;reason\&#34;:\&#34;Started\&#34;,\&#34;message\&#34;:\&#34;Started container nsc\&#34;,\&#34;source\&#34;:{\&#34;component\&#34;:\&#34;kubelet\&#34;,\&#34;host\&#34;:\&#34;kind-1-worker\&#34;},\&#34;firstTimestamp\&#34;:\&#34;2021-06-09T02:41:19Z\&#34;,\&#34;lastTimestamp\&#34;:\&#34;2021-06-09T02:41:19Z\&#34;,\&#34;count\&#34;:1,\&#34;type\&#34;:\&#34;Normal\&#34;,\&#34;eventTime\&#34;:null,\&#34;reportingComponent\&#34;:\&#34;\&#34;,\&#34;reportingInstance\&#34;:\&#34;\&#34;}&#34;&#xA;time=&#34;2021-06-08T19:43:21-07:00&#34; level=info msg=&#34;Pod nsc event: {\&#34;metadata\&#34;:{\&#34;name\&#34;:\&#34;nsc.1686c9b16f822cd8\&#34;,\&#34;namespace\&#34;:\&#34;nsm-system\&#34;,\&#34;selfLink\&#34;:\&#34;/api/v1/namespaces/nsm-system/events/nsc.1686c9b16f822cd8\&#34;,\&#34;uid\&#34;:\&#34;8e70e496-2c47-4335-8e2b-12f95e3ee446\&#34;,\&#34;resourceVersion\&#34;:\&#34;8680\&#34;,\&#34;creationTimestamp\&#34;:\&#34;2021-06-09T02:41:19Z\&#34;},\&#34;involvedObject\&#34;:{\&#34;kind\&#34;:\&#34;Pod\&#34;,\&#34;namespace\&#34;:\&#34;nsm-system\&#34;,\&#34;name\&#34;:\&#34;nsc\&#34;,\&#34;uid\&#34;:\&#34;5752556b-b0f2-4622-bcdc-3fd2011c90e1\&#34;,\&#34;apiVersion\&#34;:\&#34;v1\&#34;,\&#34;resourceVersion\&#34;:\&#34;8671\&#34;,\&#34;fieldPath\&#34;:\&#34;spec.containers{nsc}\&#34;},\&#34;reason\&#34;:\&#34;Created\&#34;,\&#34;message\&#34;:\&#34;Created container nsc\&#34;,\&#34;source\&#34;:{\&#34;component\&#34;:\&#34;kubelet\&#34;,\&#34;host\&#34;:\&#34;kind-1-worker\&#34;},\&#34;firstTimestamp\&#34;:\&#34;2021-06-09T02:41:19Z\&#34;,\&#34;lastTimestamp\&#34;:\&#34;2021-06-09T02:41:19Z\&#34;,\&#34;count\&#34;:1,\&#34;type\&#34;:\&#34;Normal\&#34;,\&#34;eventTime\&#34;:null,\&#34;reportingComponent\&#34;:\&#34;\&#34;,\&#34;reportingInstance\&#34;:\&#34;\&#34;}&#34;&#xA;time=&#34;2021-06-08T19:43:21-07:00&#34; level=info msg=&#34;Pod nsc event: {\&#34;metadata\&#34;:{\&#34;name\&#34;:\&#34;nsc.1686c9b16d7d6268\&#34;,\&#34;namespace\&#34;:\&#34;nsm-system\&#34;,\&#34;selfLink\&#34;:\&#34;/api/v1/namespaces/nsm-system/events/nsc.1686c9b16d7d6268\&#34;,\&#34;uid\&#34;:\&#34;fca54796-a591-4851-9764-248d923bbca6\&#34;,\&#34;resourceVersion\&#34;:\&#34;8678\&#34;,\&#34;creationTimestamp\&#34;:\&#34;2021-06-09T02:41:19Z\&#34;},\&#34;involvedObject\&#34;:{\&#34;kind\&#34;:\&#34;Pod\&#34;,\&#34;namespace\&#34;:\&#34;nsm-system\&#34;,\&#34;name\&#34;:\&#34;nsc\&#34;,\&#34;uid\&#34;:\&#34;5752556b-b0f2-4622-bcdc-3fd2011c90e1\&#34;,\&#34;apiVersion\&#34;:\&#34;v1\&#34;,\&#34;resourceVersion\&#34;:\&#34;8671\&#34;,\&#34;fieldPath\&#34;:\&#34;spec.containers{nsc}\&#34;},\&#34;reason\&#34;:\&#34;Pulled\&#34;,\&#34;message\&#34;:\&#34;Container image \\\&#34;containers.cisco.com/appn/test-common:vl3_latest\\\&#34; already present on machine\&#34;,\&#34;source\&#34;:{\&#34;component\&#34;:\&#34;kubelet\&#34;,\&#34;host\&#34;:\&#34;kind-1-worker\&#34;},\&#34;firstTimestamp\&#34;:\&#34;2021-06-09T02:41:19Z\&#34;,\&#34;lastTimestamp\&#34;:\&#34;2021-06-09T02:41:19Z\&#34;,\&#34;count\&#34;:1,\&#34;type\&#34;:\&#34;Normal\&#34;,\&#34;eventTime\&#34;:null,\&#34;reportingComponent\&#34;:\&#34;\&#34;,\&#34;reportingInstance\&#34;:\&#34;\&#34;}&#34;&#xA;time=&#34;2021-06-08T19:43:21-07:00&#34; level=info msg=&#34;Pod nsc event: {\&#34;metadata\&#34;:{\&#34;name\&#34;:\&#34;nsc.1686c9b15ea250dc\&#34;,\&#34;namespace\&#34;:\&#34;nsm-system\&#34;,\&#34;selfLink\&#34;:\&#34;/api/v1/namespaces/nsm-system/events/nsc.1686c9b15ea250dc\&#34;,\&#34;uid\&#34;:\&#34;d176561c-e406-46f9-87cf-d7a13e1052df\&#34;,\&#34;resourceVersion\&#34;:\&#34;8676\&#34;,\&#34;creationTimestamp\&#34;:\&#34;2021-06-09T02:41:19Z\&#34;},\&#34;involvedObject\&#34;:{\&#34;kind\&#34;:\&#34;Pod\&#34;,\&#34;namespace\&#34;:\&#34;nsm-system\&#34;,\&#34;name\&#34;:\&#34;nsc\&#34;,\&#34;uid\&#34;:\&#34;5752556b-b0f2-4622-bcdc-3fd2011c90e1\&#34;,\&#34;apiVersion\&#34;:\&#34;v1\&#34;,\&#34;resourceVersion\&#34;:\&#34;8671\&#34;,\&#34;fieldPath\&#34;:\&#34;spec.initContainers{nsm-dns-init}\&#34;},\&#34;reason\&#34;:\&#34;Started\&#34;,\&#34;message\&#34;:\&#34;Started container nsm-dns-init\&#34;,\&#34;source\&#34;:{\&#34;component\&#34;:\&#34;kubelet\&#34;,\&#34;host\&#34;:\&#34;kind-1-worker\&#34;},\&#34;firstTimestamp\&#34;:\&#34;2021-06-09T02:41:19Z\&#34;,\&#34;lastTimestamp\&#34;:\&#34;2021-06-09T02:41:19Z\&#34;,\&#34;count\&#34;:1,\&#34;type\&#34;:\&#34;Normal\&#34;,\&#34;eventTime\&#34;:null,\&#34;reportingComponent\&#34;:\&#34;\&#34;,\&#34;reportingInstance\&#34;:\&#34;\&#34;}&#34;&#xA;time=&#34;2021-06-08T19:43:21-07:00&#34; level=info msg=&#34;Pod nsc event: {\&#34;metadata\&#34;:{\&#34;name\&#34;:\&#34;nsc.1686c9b158c05d6c\&#34;,\&#34;namespace\&#34;:\&#34;nsm-system\&#34;,\&#34;selfLink\&#34;:\&#34;/api/v1/namespaces/nsm-system/events/nsc.1686c9b158c05d6c\&#34;,\&#34;uid\&#34;:\&#34;cffc85ea-97a4-4cb0-ab6c-6865f6078bb8\&#34;,\&#34;resourceVersion\&#34;:\&#34;8675\&#34;,\&#34;creationTimestamp\&#34;:\&#34;2021-06-09T02:41:19Z\&#34;},\&#34;involvedObject\&#34;:{\&#34;kind\&#34;:\&#34;Pod\&#34;,\&#34;namespace\&#34;:\&#34;nsm-system\&#34;,\&#34;name\&#34;:\&#34;nsc\&#34;,\&#34;uid\&#34;:\&#34;5752556b-b0f2-4622-bcdc-3fd2011c90e1\&#34;,\&#34;apiVersion\&#34;:\&#34;v1\&#34;,\&#34;resourceVersion\&#34;:\&#34;8671\&#34;,\&#34;fieldPath\&#34;:\&#34;spec.initContainers{nsm-dns-init}\&#34;},\&#34;reason\&#34;:\&#34;Created\&#34;,\&#34;message\&#34;:\&#34;Created container nsm-dns-init\&#34;,\&#34;source\&#34;:{\&#34;component\&#34;:\&#34;kubelet\&#34;,\&#34;host\&#34;:\&#34;kind-1-worker\&#34;},\&#34;firstTimestamp\&#34;:\&#34;2021-06-09T02:41:19Z\&#34;,\&#34;lastTimestamp\&#34;:\&#34;2021-06-09T02:41:19Z\&#34;,\&#34;count\&#34;:1,\&#34;type\&#34;:\&#34;Normal\&#34;,\&#34;eventTime\&#34;:null,\&#34;reportingComponent\&#34;:\&#34;\&#34;,\&#34;reportingInstance\&#34;:\&#34;\&#34;}&#34;&#xA;time=&#34;2021-06-08T19:43:21-07:00&#34; level=info msg=&#34;Pod nsc event: {\&#34;metadata\&#34;:{\&#34;name\&#34;:\&#34;nsc.1686c9b157038ad0\&#34;,\&#34;namespace\&#34;:\&#34;nsm-system\&#34;,\&#34;selfLink\&#34;:\&#34;/api/v1/namespaces/nsm-system/events/nsc.1686c9b157038ad0\&#34;,\&#34;uid\&#34;:\&#34;f8e43b86-90af-4967-a30e-3310b7e9b176\&#34;,\&#34;resourceVersion\&#34;:\&#34;8674\&#34;,\&#34;creationTimestamp\&#34;:\&#34;2021-06-09T02:41:19Z\&#34;},\&#34;involvedObject\&#34;:{\&#34;kind\&#34;:\&#34;Pod\&#34;,\&#34;namespace\&#34;:\&#34;nsm-system\&#34;,\&#34;name\&#34;:\&#34;nsc\&#34;,\&#34;uid\&#34;:\&#34;5752556b-b0f2-4622-bcdc-3fd2011c90e1\&#34;,\&#34;apiVersion\&#34;:\&#34;v1\&#34;,\&#34;resourceVersion\&#34;:\&#34;8671\&#34;,\&#34;fieldPath\&#34;:\&#34;spec.initContainers{nsm-dns-init}\&#34;},\&#34;reason\&#34;:\&#34;Pulled\&#34;,\&#34;message\&#34;:\&#34;Container image \\\&#34;containers.cisco.com/appn/nsm-dns-init:vl3_latest\\\&#34; already present on machine\&#34;,\&#34;source\&#34;:{\&#34;component\&#34;:\&#34;kubelet\&#34;,\&#34;host\&#34;:\&#34;kind-1-worker\&#34;},\&#34;firstTimestamp\&#34;:\&#34;2021-06-09T02:41:19Z\&#34;,\&#34;lastTimestamp\&#34;:\&#34;2021-06-09T02:41:19Z\&#34;,\&#34;count\&#34;:1,\&#34;type\&#34;:\&#34;Normal\&#34;,\&#34;eventTime\&#34;:null,\&#34;reportingComponent\&#34;:\&#34;\&#34;,\&#34;reportingInstance\&#34;:\&#34;\&#34;}&#34;&#xA;time=&#34;2021-06-08T19:43:21-07:00&#34; level=info msg=&#34;Pod nsc event: {\&#34;metadata\&#34;:{\&#34;name\&#34;:\&#34;nsc.1686c9b1434d965c\&#34;,\&#34;namespace\&#34;:\&#34;nsm-system\&#34;,\&#34;selfLink\&#34;:\&#34;/api/v1/namespaces/nsm-system/events/nsc.1686c9b1434d965c\&#34;,\&#34;uid\&#34;:\&#34;1f5607bc-832a-4f61-8370-c6f709876edc\&#34;,\&#34;resourceVersion\&#34;:\&#34;8672\&#34;,\&#34;creationTimestamp\&#34;:\&#34;2021-06-09T02:41:18Z\&#34;},\&#34;involvedObject\&#34;:{\&#34;kind\&#34;:\&#34;Pod\&#34;,\&#34;namespace\&#34;:\&#34;nsm-system\&#34;,\&#34;name\&#34;:\&#34;nsc\&#34;,\&#34;uid\&#34;:\&#34;5752556b-b0f2-4622-bcdc-3fd2011c90e1\&#34;,\&#34;apiVersion\&#34;:\&#34;v1\&#34;,\&#34;resourceVersion\&#34;:\&#34;8670\&#34;},\&#34;reason\&#34;:\&#34;Scheduled\&#34;,\&#34;message\&#34;:\&#34;Successfully assigned nsm-system/nsc to kind-1-worker\&#34;,\&#34;source\&#34;:{\&#34;component\&#34;:\&#34;default-scheduler\&#34;},\&#34;firstTimestamp\&#34;:\&#34;2021-06-09T02:41:18Z\&#34;,\&#34;lastTimestamp\&#34;:\&#34;2021-06-09T02:41:18Z\&#34;,\&#34;count\&#34;:1,\&#34;type\&#34;:\&#34;Normal\&#34;,\&#34;eventTime\&#34;:null,\&#34;reportingComponent\&#34;:\&#34;\&#34;,\&#34;reportingInstance\&#34;:\&#34;\&#34;}&#34;&#xA;time=&#34;2021-06-08T19:43:21-07:00&#34; level=error msg=&#34;Timeout waiting for logs pattern nsm client: initialization is completed successfully in nsc::nsc. Last logs: time=\&#34;2021-06-09T02:41:19Z\&#34; level=info msg=\&#34;Starting monitoring-dns-nsc...\&#34;\\ntime=\&#34;2021-06-09T02:41:19Z\&#34; level=info msg=\&#34;Version: v1.0.1-rc.2-1-g9262b77b\&#34;\\ntime=\&#34;2021-06-09T02:41:19Z\&#34; level=info msg=\&#34;All env variables:\&#34;\\ntime=\&#34;2021-06-09T02:41:19Z\&#34; level=info msg=\&#34;PATH=/usr/local/sbin:/usr/local/bin:/usr/sbin:/usr/bin:/sbin:/bin\&#34;\\ntime=\&#34;2021-06-09T02:41:19Z\&#34; level=info msg=\&#34;HOSTNAME=nsc\&#34;\\ntime=\&#34;2021-06-09T02:41:19Z\&#34; level=info msg=\&#34;GRPC_GO_LOG_VERBOSITY_LEVEL=99\&#34;\\ntime=\&#34;2021-06-09T02:41:19Z\&#34; level=info msg=\&#34;GRPC_GO_LOG_SEVERITY_LEVEL=info\&#34;\\ntime=\&#34;2021-06-09T02:41:19Z\&#34; level=info msg=\&#34;ENTRY=test-common\&#34;\\ntime=\&#34;2021-06-09T02:41:19Z\&#34; level=info msg=\&#34;NSM_SERVER_SOCKET=/var/lib/networkservicemesh/nsm.server.io.sock\&#34;\\ntime=\&#34;2021-06-09T02:41:19Z\&#34; level=info msg=\&#34;NSM_DEVICE_PLUGIN=true\&#34;\\ntime=\&#34;2021-06-09T02:41:19Z\&#34; level=info msg=\&#34;WORKSPACE=/var/lib/networkservicemesh/\&#34;\\ntime=\&#34;2021-06-09T02:41:19Z\&#34; level=info msg=\&#34;NSM_CLIENT_SOCKET=/var/lib/networkservicemesh/nsm.client.io.sock\&#34;\\ntime=\&#34;2021-06-09T02:41:19Z\&#34; level=info msg=\&#34;CLIENT_LABELS=app=icmp\&#34;\\ntime=\&#34;2021-06-09T02:41:19Z\&#34; level=info msg=\&#34;CLIENT_NETWORK_SERVICE=icmp-responder\&#34;\\ntime=\&#34;2021-06-09T02:41:19Z\&#34; level=info msg=\&#34;KUBERNETES_PORT_443_TCP_PROTO=tcp\&#34;\\ntime=\&#34;2021-06-09T02:41:19Z\&#34; level=info msg=\&#34;KUBERNETES_PORT_443_TCP_PORT=443\&#34;\\ntime=\&#34;2021-06-09T02:41:19Z\&#34; level=info msg=\&#34;KUBERNETES_PORT_443_TCP_ADDR=10.96.0.1\&#34;\\ntime=\&#34;2021-06-09T02:41:19Z\&#34; level=info msg=\&#34;KUBERNETES_SERVICE_HOST=10.96.0.1\&#34;\\ntime=\&#34;2021-06-09T02:41:19Z\&#34; level=info msg=\&#34;KUBERNETES_SERVICE_PORT=443\&#34;\\ntime=\&#34;2021-06-09T02:41:19Z\&#34; level=info msg=\&#34;KUBERNETES_SERVICE_PORT_HTTPS=443\&#34;\\ntime=\&#34;2021-06-09T02:41:19Z\&#34; level=info msg=\&#34;KUBERNETES_PORT=tcp://10.96.0.1:443\&#34;\\ntime=\&#34;2021-06-09T02:41:19Z\&#34; level=info msg=\&#34;KUBERNETES_PORT_443_TCP=tcp://10.96.0.1:443\&#34;\\ntime=\&#34;2021-06-09T02:41:19Z\&#34; level=info msg=\&#34;HOME=/root\&#34;\\ntime=\&#34;2021-06-09T02:41:19Z\&#34; level=info msg=\&#34;nsmServerSocket: /var/lib/networkservicemesh/nsm.server.io.sock\&#34;\\ntime=\&#34;2021-06-09T02:41:19Z\&#34; level=info msg=\&#34;nsmClientSocket: /var/lib/networkservicemesh/nsm.client.io.sock\&#34;\\ntime=\&#34;2021-06-09T02:41:19Z\&#34; level=info msg=\&#34;workspace: /var/lib/networkservicemesh/\&#34;\\ntime=\&#34;2021-06-09T02:41:19Z\&#34; level=info msg=\&#34;ENDPOINT_NETWORK_SERVICE not found.\&#34;\\ntime=\&#34;2021-06-09T02:41:19Z\&#34; level=info msg=\&#34;Outgoing Network Service Name: icmp-responder\&#34;\\ntime=\&#34;2021-06-09T02:41:19Z\&#34; level=info msg=\&#34;ENDPOINT_LABELS not found.\&#34;\\ntime=\&#34;2021-06-09T02:41:19Z\&#34; level=info msg=\&#34;Outgoing labels: app=icmp\&#34;\\ntime=\&#34;2021-06-09T02:41:19Z\&#34; level=info msg=\&#34;NSC_INTERFACE_NAME not found.\&#34;\\ntime=\&#34;2021-06-09T02:41:19Z\&#34; level=info msg=\&#34;MECHANISM_TYPE not found.\&#34;\\ntime=\&#34;2021-06-09T02:41:19Z\&#34; level=info msg=\&#34;IP_ADDRESS not found.\&#34;\\ntime=\&#34;2021-06-09T02:41:19Z\&#34; level=info msg=\&#34;POD_NAME not found.\&#34;\\ntime=\&#34;2021-06-09T02:41:19Z\&#34; level=info msg=\&#34;NSM_NAMESPACE not found.\&#34;\\ntime=\&#34;2021-06-09T02:41:19Z\&#34; level=info msg=\&#34;ROUTES not found.\&#34;\\ntime=\&#34;2021-06-09T02:41:19Z\&#34; level=info msg=\&#34;Creating logger from config: &amp;{nsm-init@nsc false false [] 0xc000078e40 0xc0002717a0 &lt;nil&gt; &lt;nil&gt; &lt;nil&gt;}\&#34;\\n2021/06/09 02:41:19 debug logging disabled\\n2021/06/09 02:41:19 Initializing logging reporter\\n2021/06/09 02:41:19 debug logging disabled\\ntime=\&#34;2021-06-09T02:41:19Z\&#34; level=info msg=\&#34;==--&gt; RequestNetworkService() span:4f753e859321a4d4:4f753e859321a4d4:0000000000000000:1\&#34;\\ntime=\&#34;2021-06-09T02:41:19Z\&#34; level=info msg=\&#34;ENDPOINT_NETWORK_SERVICE not found.\&#34;\\ntime=\&#34;2021-06-09T02:41:19Z\&#34; level=info msg=\&#34;ENDPOINT_LABELS not found.\&#34;\\ntime=\&#34;2021-06-09T02:41:19Z\&#34; level=info msg=\&#34;NSC_INTERFACE_NAME not found.\&#34;\\ntime=\&#34;2021-06-09T02:41:19Z\&#34; level=info msg=\&#34;MECHANISM_TYPE not found.\&#34;\\ntime=\&#34;2021-06-09T02:41:19Z\&#34; level=info msg=\&#34;IP_ADDRESS not found.\&#34;\\ntime=\&#34;2021-06-09T02:41:19Z\&#34; level=info msg=\&#34;POD_NAME not found.\&#34;\\ntime=\&#34;2021-06-09T02:41:19Z\&#34; level=info msg=\&#34;NSM_NAMESPACE not found.\&#34;\\ntime=\&#34;2021-06-09T02:41:19Z\&#34; level=info msg=\&#34;ROUTES not found.\&#34;\\ntime=\&#34;2021-06-09T02:41:19Z\&#34; level=info msg=\&#34;NSM_NAMESPACE not found.\&#34;\\ntime=\&#34;2021-06-09T02:41:19Z\&#34; level=warning msg=\&#34;global opentracer is already initialized\&#34;\\ntime=\&#34;2021-06-09T02:41:19Z\&#34; level=info msg=\&#34;Creating logger from config: &amp;{nsm-client@nsc false false [] 0xc0000a6480 0xc0000fc540 &lt;nil&gt; &lt;nil&gt; &lt;nil&gt;}\&#34;\\n2021/06/09 02:41:19 debug logging disabled\\n2021/06/09 02:41:19 Initializing logging reporter\\n2021/06/09 02:41:19 debug logging disabled\\ntime=\&#34;2021-06-09T02:41:19Z\&#34; level=info msg=\&#34;Trying to establish connection to target: /var/lib/networkservicemesh/nsm.server.io.sock\&#34;\\ntime=\&#34;2021-06-09T02:41:19Z\&#34; level=info msg=\&#34;readDialConfig insecure: false\&#34;\\ntime=\&#34;2021-06-09T02:41:19Z\&#34; level=info msg=\&#34;Trying to establish connection with the spire provider at address:unix:///run/spire/sockets/agent.sock\&#34;\\ntime=\&#34;2021-06-09T02:41:19Z\&#34; level=info msg=\&#34;Created the todo context:unix:///run/spire/sockets/agent.sock\&#34;\\nINFO: 2021/06/09 02:41:19 [core] parsed scheme: \&#34;unix\&#34;\\nINFO: 2021/06/09 02:41:19 [core] ccResolverWrapper: sending update to cc: {[{/run/spire/sockets/agent.sock  0xc0003980a0 0 &lt;nil&gt;}] &lt;nil&gt; &lt;nil&gt;}\\nINFO: 2021/06/09 02:41:19 [core] ClientConn switching balancer to \&#34;pick_first\&#34;\\nINFO: 2021/06/09 02:41:19 [core] Channel switches to new LB policy \&#34;pick_first\&#34;\\nINFO: 2021/06/09 02:41:19 [core] Subchannel Connectivity change to CONNECTING\\nINFO: 2021/06/09 02:41:19 [core] Subchannel picks a new address \&#34;/run/spire/sockets/agent.sock\&#34; to connect\\nINFO: 2021/06/09 02:41:19 [core] blockingPicker: the picked transport is not ready, loop back to repick\\nINFO: 2021/06/09 02:41:19 [core] pickfirstBalancer: UpdateSubConnState: 0xc000394770, {CONNECTING &lt;nil&gt;}\\nINFO: 2021/06/09 02:41:19 [core] Channel Connectivity change to CONNECTING\\nINFO: 2021/06/09 02:41:19 [core] Subchannel Connectivity change to READY\\nINFO: 2021/06/09 02:41:19 [core] pickfirstBalancer: UpdateSubConnState: 0xc000394770, {READY &lt;nil&gt;}\\nINFO: 2021/06/09 02:41:19 [core] Channel Connectivity change to READY\\ntime=\&#34;2021-06-09T02:41:20Z\&#34; level=info msg=\&#34;Got x509:&amp;{0xc0003b6090 &lt;nil&gt; {{0 0} 0 0 0 0} 0xc0004aaa00 0xc000526080 {{0 0} 0 0 0 0} false} &lt;nil&gt;\&#34;\\ntime=\&#34;2021-06-09T02:41:20Z\&#34; level=info msg=\&#34;Started goroutine\&#34;\\ntime=\&#34;2021-06-09T02:41:20Z\&#34; level=info msg=\&#34;Returning provider\&#34;\\ntime=\&#34;2021-06-09T02:41:20Z\&#34; level=info msg=\&#34;func insecure: false, env insecure: false\&#34;\\ntime=\&#34;2021-06-09T02:41:20Z\&#34; level=info msg=\&#34;Connecting to the workload api at:unix:///run/spire/sockets/agent.sock\&#34;\\nINFO: 2021/06/09 02:41:20 [core] parsed scheme: \&#34;unix\&#34;\\nINFO: 2021/06/09 02:41:20 [core] ccResolverWrapper: sending update to cc: {[{/run/spire/sockets/agent.sock  0xc00048c0d8 0 &lt;nil&gt;}] &lt;nil&gt; &lt;nil&gt;}\\nINFO: 2021/06/09 02:41:20 [core] ClientConn switching balancer to \&#34;pick_first\&#34;\\nINFO: 2021/06/09 02:41:20 [core] Channel switches to new LB policy \&#34;pick_first\&#34;\\nINFO: 2021/06/09 02:41:20 [core] Subchannel Connectivity change to CONNECTING\\nINFO: 2021/06/09 02:41:20 [core] blockingPicker: the picked transport is not ready, loop back to repick\\nINFO: 2021/06/09 02:41:20 [core] Subchannel picks a new address \&#34;/run/spire/sockets/agent.sock\&#34; to connect\\nINFO: 2021/06/09 02:41:20 [core] pickfirstBalancer: UpdateSubConnState: 0xc00052c1d0, {CONNECTING &lt;nil&gt;}\\nINFO: 2021/06/09 02:41:20 [core] Channel Connectivity change to CONNECTING\\nINFO: 2021/06/09 02:41:20 [core] Subchannel Connectivity change to READY\\nINFO: 2021/06/09 02:41:20 [core] pickfirstBalancer: UpdateSubConnState: 0xc00052c1d0, {READY &lt;nil&gt;}\\nINFO: 2021/06/09 02:41:20 [core] Channel Connectivity change to READY\\ntime=\&#34;2021-06-09T02:41:20Z\&#34; level=info msg=\&#34;Issued identity:spiffe://test.com/nsc\&#34;\\nINFO: 2021/06/09 02:41:20 [core] Channel Connectivity change to SHUTDOWN\\nINFO: 2021/06/09 02:41:20 [core] Subchannel Connectivity change to SHUTDOWN\\ntime=\&#34;2021-06-09T02:41:20Z\&#34; level=info msg=\&#34;Successfully retrieve bundles:&amp;{{{0 0} 0 0 0 0} map[{test.com}:0xc0003aaa80]}\&#34;\\ntime=\&#34;2021-06-09T02:41:20Z\&#34; level=info msg=\&#34;defaultTrustDomain:test.com\&#34;\\ntime=\&#34;2021-06-09T02:41:20Z\&#34; level=info msg=\&#34;AUTHORIZING ALL CLIENTS\&#34;\\ntime=\&#34;2021-06-09T02:41:20Z\&#34; level=info msg=\&#34;Fetch tlsConfig for Trust Domain: test.com\&#34;\\ntime=\&#34;2021-06-09T02:41:20Z\&#34; level=info msg=\&#34;Found 1 tlsconfigs.\&#34;\\nINFO: 2021/06/09 02:41:20 [transport] transport: loopyWriter.run returning. connection error: desc = \&#34;transport is closing\&#34;\\nINFO: 2021/06/09 02:41:20 [core] parsed scheme: \&#34;\&#34;\\nINFO: 2021/06/09 02:41:20 [core] scheme \&#34;\&#34; not registered, fallback to default scheme\\nINFO: 2021/06/09 02:41:20 [core] ccResolverWrapper: sending update to cc: {[{/var/lib/networkservicemesh/nsm.server.io.sock  &lt;nil&gt; 0 &lt;nil&gt;}] &lt;nil&gt; &lt;nil&gt;}\\nINFO: 2021/06/09 02:41:20 [core] ClientConn switching balancer to \&#34;pick_first\&#34;\\nINFO: 2021/06/09 02:41:20 [core] Channel switches to new LB policy \&#34;pick_first\&#34;\\nINFO: 2021/06/09 02:41:20 [core] Subchannel Connectivity change to CONNECTING\\nINFO: 2021/06/09 02:41:20 [core] Subchannel picks a new address \&#34;/var/lib/networkservicemesh/nsm.server.io.sock\&#34; to connect\\nINFO: 2021/06/09 02:41:20 [core] pickfirstBalancer: UpdateSubConnState: 0xc000395110, {CONNECTING &lt;nil&gt;}\\nINFO: 2021/06/09 02:41:20 [core] Channel Connectivity change to CONNECTING\\nINFO: 2021/06/09 02:41:20 [core] Subchannel Connectivity change to READY\\nINFO: 2021/06/09 02:41:20 [core] pickfirstBalancer: UpdateSubConnState: 0xc000395110, {READY &lt;nil&gt;}\\nINFO: 2021/06/09 02:41:20 [core] Channel Connectivity change to READY\\ntime=\&#34;2021-06-09T02:41:20Z\&#34; level=info msg=\&#34;Found the right tls certificate:&amp;{&lt;nil&gt; &lt;nil&gt; [] map[] &lt;nil&gt; 0x947320 &lt;nil&gt; 0x9473a0 &lt;nil&gt; &lt;nil&gt; []  NoClientCert &lt;nil&gt; true [] false false [0 0 0 0 0 0 0 0 0 0 0 0 0 0 0 0 0 0 0 0 0 0 0 0 0 0 0 0 0 0 0 0] &lt;nil&gt; 0 0 [] false 0 &lt;nil&gt; {{0 0} 0 0 0 0} [] []}\&#34;\\ntime=\&#34;2021-06-09T02:41:20Z\&#34; level=info msg=\&#34;Trying to establish connection using tlsConfig:&amp;{&lt;nil&gt; &lt;nil&gt; [] map[] &lt;nil&gt; 0x947320 &lt;nil&gt; 0x9473a0 &lt;nil&gt; &lt;nil&gt; []  NoClientCert &lt;nil&gt; true [] false false [0 0 0 0 0 0 0 0 0 0 0 0 0 0 0 0 0 0 0 0 0 0 0 0 0 0 0 0 0 0 0 0] &lt;nil&gt; 0 0 [] false 0 &lt;nil&gt; {{0 0} 0 0 0 0} [] []}\&#34;\\nINFO: 2021/06/09 02:41:20 [core] parsed scheme: \&#34;\&#34;\\nINFO: 2021/06/09 02:41:20 [core] scheme \&#34;\&#34; not registered, fallback to default scheme\\nINFO: 2021/06/09 02:41:20 [core] Channel Connectivity change to SHUTDOWN\\nINFO: 2021/06/09 02:41:20 [core] Subchannel Connectivity change to SHUTDOWN\\nINFO: 2021/06/09 02:41:20 [core] ccResolverWrapper: sending update to cc: {[{/var/lib/networkservicemesh/nsm.server.io.sock  &lt;nil&gt; 0 &lt;nil&gt;}] &lt;nil&gt; &lt;nil&gt;}\\nINFO: 2021/06/09 02:41:20 [core] ClientConn switching balancer to \&#34;pick_first\&#34;\\nINFO: 2021/06/09 02:41:20 [core] Channel switches to new LB policy \&#34;pick_first\&#34;\\nINFO: 2021/06/09 02:41:20 [transport] transport: loopyWriter.run returning. connection error: desc = \&#34;transport is closing\&#34;\\nINFO: 2021/06/09 02:41:20 [core] Subchannel Connectivity change to CONNECTING\\nINFO: 2021/06/09 02:41:20 [core] Subchannel picks a new address \&#34;/var/lib/networkservicemesh/nsm.server.io.sock\&#34; to connect\\nINFO: 2021/06/09 02:41:20 [core] pickfirstBalancer: UpdateSubConnState: 0xc0000a9100, {CONNECTING &lt;nil&gt;}\\nINFO: 2021/06/09 02:41:20 [core] Channel Connectivity change to CONNECTING\\nINFO: 2021/06/09 02:41:20 [core] Subchannel Connectivity change to READY\\nINFO: 2021/06/09 02:41:20 [core] pickfirstBalancer: UpdateSubConnState: 0xc0000a9100, {READY &lt;nil&gt;}\\nINFO: 2021/06/09 02:41:20 [core] Channel Connectivity change to READY\\ntime=\&#34;2021-06-09T02:41:20Z\&#34; level=info msg=\&#34;nsm: connection to nsm server on socket: /var/lib/networkservicemesh/nsm.server.io.sock succeeded.\&#34;\\ntime=\&#34;2021-06-09T02:41:20Z\&#34; level=info msg=\&#34;==----&gt; nsmClient.Connect() span:4f753e859321a4d4:2c7adb36b33d960b:4f753e859321a4d4:1\&#34;\\ntime=\&#34;2021-06-09T02:41:20Z\&#34; level=info msg=\&#34;Initiating an outgoing connection.\&#34; description=\&#34;Primary interface\&#34; destEndpointManager= destEndpointName= mechanism=KERNEL_INTERFACE mechanismName=nsm0 operation=nsmClient.Connect remoteIp= span=\&#34;4f753e859321a4d4:2c7adb36b33d960b:4f753e859321a4d4:1\&#34;\\ntime=\&#34;2021-06-09T02:41:20Z\&#34; level=info msg=\&#34;Initiating an outgoing connection.\&#34; operation=nsmClient.Connect span=\&#34;4f753e859321a4d4:2c7adb36b33d960b:4f753e859321a4d4:1\&#34;\\ntime=\&#34;2021-06-09T02:41:20Z\&#34; level=info msg=\&#34;&gt;&gt;&lt;&lt;---- Selected mechanism={\\\&#34;cls\\\&#34;:\\\&#34;LOCAL\\\&#34;,\\\&#34;type\\\&#34;:\\\&#34;KERNEL_INTERFACE\\\&#34;,\\\&#34;parameters\\\&#34;:{\\\&#34;description\\\&#34;:\\\&#34;Primary interface\\\&#34;,\\\&#34;name\\\&#34;:\\\&#34;nsm0\\\&#34;,\\\&#34;netnsInode\\\&#34;:\\\&#34;4026533454\\\&#34;,\\\&#34;socketfile\\\&#34;:\\\&#34;nsm0/memif.sock\\\&#34;}} span=4f753e859321a4d4:2c7adb36b33d960b:4f753e859321a4d4:1\&#34;\\ntime=\&#34;2021-06-09T02:41:20Z\&#34; level=info msg=\&#34;==------&gt; nsmClient.Connect.attempt:0() span:4f753e859321a4d4:4ca92192452d2d88:2c7adb36b33d960b:1\&#34;\\ntime=\&#34;2021-06-09T02:41:20Z\&#34; level=info msg=\&#34;Requesting connection:&lt;network_service:\\\&#34;icmp-responder\\\&#34; context:&lt;ip_context:&lt;src_ip_required:true dst_ip_required:true &gt; &gt; labels:&lt;key:\\\&#34;app\\\&#34; value:\\\&#34;icmp\\\&#34; &gt; labels:&lt;key:\\\&#34;namespace\\\&#34; value:\\\&#34;default\\\&#34; &gt; labels:&lt;key:\\\&#34;podName\\\&#34; value:\\\&#34;nsc\\\&#34; &gt; &gt; mechanism_preferences:&lt;cls:\\\&#34;LOCAL\\\&#34; type:\\\&#34;KERNEL_INTERFACE\\\&#34; parameters:&lt;key:\\\&#34;description\\\&#34; value:\\\&#34;Primary interface\\\&#34; &gt; parameters:&lt;key:\\\&#34;name\\\&#34; value:\\\&#34;nsm0\\\&#34; &gt; parameters:&lt;key:\\\&#34;netnsInode\\\&#34; value:\\\&#34;4026533454\\\&#34; &gt; parameters:&lt;key:\\\&#34;socketfile\\\&#34; value:\\\&#34;nsm0/memif.sock\\\&#34; &gt; &gt; \&#34; operation=\&#34;nsmClient.Connect.attempt:0\&#34; span=\&#34;4f753e859321a4d4:4ca92192452d2d88:2c7adb36b33d960b:1\&#34;\\ntime=\&#34;2021-06-09T02:41:20Z\&#34; level=info msg=\&#34;&gt;&gt;&lt;&lt;-------- /networkservice.NetworkService/Request()=\\\&#34;\\\&#34; span=4f753e859321a4d4:4ca92192452d2d88:2c7adb36b33d960b:1\&#34;\\ntime=\&#34;2021-06-09T02:41:20Z\&#34; level=info msg=\&#34;&gt;&gt;&lt;&lt;-------- request={\\\&#34;connection\\\&#34;:{\\\&#34;network_service\\\&#34;:\\\&#34;icmp-responder\\\&#34;,\\\&#34;context\\\&#34;:{\\\&#34;ip_context\\\&#34;:{\\\&#34;src_ip_required\\\&#34;:true,\\\&#34;dst_ip_required\\\&#34;:true}},\\\&#34;labels\\\&#34;:{\\\&#34;app\\\&#34;:\\\&#34;icmp\\\&#34;,\\\&#34;namespace\\\&#34;:\\\&#34;default\\\&#34;,\\\&#34;podName\\\&#34;:\\\&#34;nsc\\\&#34;}},\\\&#34;mechanism_preferences\\\&#34;:[{\\\&#34;cls\\\&#34;:\\\&#34;LOCAL\\\&#34;,\\\&#34;type\\\&#34;:\\\&#34;KERNEL_INTERFACE\\\&#34;,\\\&#34;parameters\\\&#34;:{\\\&#34;description\\\&#34;:\\\&#34;Primary interface\\\&#34;,\\\&#34;name\\\&#34;:\\\&#34;nsm0\\\&#34;,\\\&#34;netnsInode\\\&#34;:\\\&#34;4026533454\\\&#34;,\\\&#34;socketfile\\\&#34;:\\\&#34;nsm0/memif.sock\\\&#34;}}]} span=4f753e859321a4d4:4ca92192452d2d88:2c7adb36b33d960b:1\&#34;\\n2021/06/09 02:42:20 Reporting span 4f753e859321a4d4:256df5f0b15941ec:4ca92192452d2d88:1\\ntime=\&#34;2021-06-09T02:42:20Z\&#34; level=info msg=\&#34;&gt;&gt;&lt;&lt;-------- response={} span=4f753e859321a4d4:4ca92192452d2d88:2c7adb36b33d960b:1\&#34;\\ntime=\&#34;2021-06-09T02:42:20Z\&#34; level=error msg=\&#34;&gt;&gt;&lt;&lt;------ error=rpc error: code = DeadlineExceeded desc = context deadline exceeded span=4f753e859321a4d4:4ca92192452d2d88:2c7adb36b33d960b:1\&#34;\\ntime=\&#34;2021-06-09T02:42:20Z\&#34; level=error msg=\&#34;nsm client: Failed to connect rpc error: code = DeadlineExceeded desc = context deadline exceeded. Retry attempts: 10 Delaying: 5s\&#34; operation=\&#34;nsmClient.Connect.attempt:0\&#34; span=\&#34;4f753e859321a4d4:4ca92192452d2d88:2c7adb36b33d960b:1\&#34;\\n2021/06/09 02:42:20 Reporting span 4f753e859321a4d4:4ca92192452d2d88:2c7adb36b33d960b:1\\ntime=\&#34;2021-06-09T02:42:25Z\&#34; level=info msg=\&#34;==------&gt; nsmClient.Connect.attempt:1() span:4f753e859321a4d4:5f8fa10b9a51ca6f:2c7adb36b33d960b:1\&#34;\\ntime=\&#34;2021-06-09T02:42:25Z\&#34; level=info msg=\&#34;Requesting connection:&lt;network_service:\\\&#34;icmp-responder\\\&#34; context:&lt;ip_context:&lt;src_ip_required:true dst_ip_required:true &gt; &gt; labels:&lt;key:\\\&#34;app\\\&#34; value:\\\&#34;icmp\\\&#34; &gt; labels:&lt;key:\\\&#34;namespace\\\&#34; value:\\\&#34;default\\\&#34; &gt; labels:&lt;key:\\\&#34;podName\\\&#34; value:\\\&#34;nsc\\\&#34; &gt; &gt; mechanism_preferences:&lt;cls:\\\&#34;LOCAL\\\&#34; type:\\\&#34;KERNEL_INTERFACE\\\&#34; parameters:&lt;key:\\\&#34;description\\\&#34; value:\\\&#34;Primary interface\\\&#34; &gt; parameters:&lt;key:\\\&#34;name\\\&#34; value:\\\&#34;nsm0\\\&#34; &gt; parameters:&lt;key:\\\&#34;netnsInode\\\&#34; value:\\\&#34;4026533454\\\&#34; &gt; parameters:&lt;key:\\\&#34;socketfile\\\&#34; value:\\\&#34;nsm0/memif.sock\\\&#34; &gt; &gt; \&#34; operation=\&#34;nsmClient.Connect.attempt:1\&#34; span=\&#34;4f753e859321a4d4:5f8fa10b9a51ca6f:2c7adb36b33d960b:1\&#34;\\ntime=\&#34;2021-06-09T02:42:25Z\&#34; level=info msg=\&#34;&gt;&gt;&lt;&lt;-------- /networkservice.NetworkService/Request()=\\\&#34;\\\&#34; span=4f753e859321a4d4:5f8fa10b9a51ca6f:2c7adb36b33d960b:1\&#34;\\ntime=\&#34;2021-06-09T02:42:25Z\&#34; level=info msg=\&#34;&gt;&gt;&lt;&lt;-------- request={\\\&#34;connection\\\&#34;:{\\\&#34;network_service\\\&#34;:\\\&#34;icmp-responder\\\&#34;,\\\&#34;context\\\&#34;:{\\\&#34;ip_context\\\&#34;:{\\\&#34;src_ip_required\\\&#34;:true,\\\&#34;dst_ip_required\\\&#34;:true}},\\\&#34;labels\\\&#34;:{\\\&#34;app\\\&#34;:\\\&#34;icmp\\\&#34;,\\\&#34;namespace\\\&#34;:\\\&#34;default\\\&#34;,\\\&#34;podName\\\&#34;:\\\&#34;nsc\\\&#34;}},\\\&#34;mechanism_preferences\\\&#34;:[{\\\&#34;cls\\\&#34;:\\\&#34;LOCAL\\\&#34;,\\\&#34;type\\\&#34;:\\\&#34;KERNEL_INTERFACE\\\&#34;,\\\&#34;parameters\\\&#34;:{\\\&#34;description\\\&#34;:\\\&#34;Primary interface\\\&#34;,\\\&#34;name\\\&#34;:\\\&#34;nsm0\\\&#34;,\\\&#34;netnsInode\\\&#34;:\\\&#34;4026533454\\\&#34;,\\\&#34;socketfile\\\&#34;:\\\&#34;nsm0/memif.sock\\\&#34;}}]} span=4f753e859321a4d4:5f8fa10b9a51ca6f:2c7adb36b33d960b:1\&#34;\\n&#34;&#xA;k8s.go:1166:&#xA;goroutine 20 [running]:&#xA;runtime/debug.Stack(0xc0001fe7f0, 0x223e220, 0x30b6480)&#xA;/usr/local/go/src/runtime/debug/stack.go:24 +0x9f&#xA;github.com/networkservicemesh/networkservicemesh/test/kubetest.(*K8s).waitLogsMatchNamespace(0xc00035c500, 0x26d9e20, 0xc000550660, 0xc000633400, 0x24be6bc, 0x3, 0xc000b87be0, 0xc0005ba070, 0x62, 0xc0000414f0, ...)&#xA;/Users/nispatil/go/src/github.com/cisco-app-networking/nsm_publish/networkservicemesh/test/kubetest/k8s.go:1166 +0xd85&#xA;github.com/networkservicemesh/networkservicemesh/test/kubetest.(*K8s).waitLogsMatch(...)&#xA;/Users/nispatil/go/src/github.com/cisco-app-networking/nsm_publish/networkservicemesh/test/kubetest/k8s.go:1108&#xA;github.com/networkservicemesh/networkservicemesh/test/kubetest.(*K8s).WaitLogsContains(0xc00035c500, 0xc000633400, 0x24be6bc, 0x3, 0x250991f, 0x34, 0x1bf08eb000)&#xA;/Users/nispatil/go/src/github.com/cisco-app-networking/nsm_publish/networkservicemesh/test/kubetest/k8s.go:1031 +0x245&#xA;github.com/networkservicemesh/networkservicemesh/test/kubetest.deployNSC(0xc00035c500, 0xc00034e070, 0xd, 0x24be6bc, 0x3, 0x24be6bc, 0x3, 0x1bf08eb000, 0xc000632000, 0xc000632000)&#xA;/Users/nispatil/go/src/github.com/cisco-app-networking/nsm_publish/networkservicemesh/test/kubetest/utils.go:545 +0x31c&#xA;github.com/networkservicemesh/networkservicemesh/test/kubetest.DeployMonitoringNSCAndCoredns(0xc00035c500, 0xc0002bec00, 0x24be6bc, 0x3, 0x1bf08eb000, 0x17)&#xA;/Users/nispatil/go/src/github.com/cisco-app-networking/nsm_publish/networkservicemesh/test/kubetest/utils.go:386 +0x252&#xA;github.com/networkservicemesh/networkservicemesh/test/integration.TestDNSMonitoringNsc(0xc00034a480)&#xA;/Users/nispatil/go/src/github.com/cisco-app-networking/nsm_publish/networkservicemesh/test/integration/basic_dns_test.go:69 +0x3e5&#xA;testing.tRunner(0xc00034a480, 0x25771c8)&#xA;/usr/local/go/src/testing/testing.go:1123 +0xef&#xA;created by testing.(*T).Run&#xA;/usr/local/go/src/testing/testing.go:1168 +0x2b3&#xA;&#xA;Expected&#xA;&lt;bool&gt;: false&#xA;to be true&#xA;time=&#34;2021-06-08T19:43:21-07:00&#34; level=error msg=&#34;Failed to get logs from jaeger err: previous terminated container \&#34;jaeger\&#34; in pod \&#34;jaeger\&#34; not found&#34;&#xA;time=&#34;2021-06-08T19:43:21-07:00&#34; level=warning msg=&#34;Can not get logs for container: jaeger, Error: previous terminated container \&#34;jaeger\&#34; in pod \&#34;jaeger\&#34; not found&#34;&#xA;E0608 19:43:21.357088   26902 portforward.go:409] error closing listener: close tcp4 127.0.0.1:50882: use of closed network connection&#xA;E0608 19:43:21.357105   26902 portforward.go:409] error closing listener: close tcp6 [::1]:50882: use of closed network connection&#xA;time=&#34;2021-06-08T19:43:22-07:00&#34; level=error msg=&#34;Failed to get logs from nsmd-forwarder-kind-1-worker err: previous terminated container \&#34;vppagent-forwarder\&#34; in pod \&#34;nsmd-forwarder-kind-1-worker\&#34; not found&#34;&#xA;time=&#34;2021-06-08T19:43:22-07:00&#34; level=warning msg=&#34;Can not get logs for container: vppagent-forwarder, Error: previous terminated container \&#34;vppagent-forwarder\&#34; in pod \&#34;nsmd-forwarder-kind-1-worker\&#34; not found&#34;&#xA;time=&#34;2021-06-08T19:43:22-07:00&#34; level=error msg=&#34;Failed to get logs from icmp-responder err: previous terminated container \&#34;icmp-responder\&#34; in pod \&#34;icmp-responder\&#34; not found&#34;&#xA;time=&#34;2021-06-08T19:43:22-07:00&#34; level=warning msg=&#34;Can not get logs for container: icmp-responder, Error: previous terminated container \&#34;icmp-responder\&#34; in pod \&#34;icmp-responder\&#34; not found&#34;&#xA;time=&#34;2021-06-08T19:43:22-07:00&#34; level=error msg=&#34;Failed to get logs from nsc err: previous terminated container \&#34;nsc\&#34; in pod \&#34;nsc\&#34; not found&#34;&#xA;time=&#34;2021-06-08T19:43:22-07:00&#34; level=warning msg=&#34;Can not get logs for container: nsc, Error: previous terminated container \&#34;nsc\&#34; in pod \&#34;nsc\&#34; not found&#34;&#xA;time=&#34;2021-06-08T19:43:23-07:00&#34; level=error msg=&#34;Failed to get logs from nsc err: previous terminated container \&#34;nsm-dns-init\&#34; in pod \&#34;nsc\&#34; not found&#34;&#xA;time=&#34;2021-06-08T19:43:23-07:00&#34; level=warning msg=&#34;Can not get logs for container: nsm-dns-init, Error: previous terminated container \&#34;nsm-dns-init\&#34; in pod \&#34;nsc\&#34; not found&#34;&#xA;time=&#34;2021-06-08T19:43:23-07:00&#34; level=error msg=&#34;Failed to get logs from prefix-service err: previous terminated container \&#34;prefix-service\&#34; in pod \&#34;prefix-service\&#34; not found&#34;&#xA;time=&#34;2021-06-08T19:43:23-07:00&#34; level=warning msg=&#34;Can not get logs for container: prefix-service, Error: previous terminated container \&#34;prefix-service\&#34; in pod \&#34;prefix-service\&#34; not found&#34;&#xA;time=&#34;2021-06-08T19:43:23-07:00&#34; level=error msg=&#34;Failed to get logs from nsmgr-kind-1-worker err: previous terminated container \&#34;nsmdp\&#34; in pod \&#34;nsmgr-kind-1-worker\&#34; not found&#34;&#xA;time=&#34;2021-06-08T19:43:23-07:00&#34; level=warning msg=&#34;Can not get logs for container: nsmdp, Error: previous terminated container \&#34;nsmdp\&#34; in pod \&#34;nsmgr-kind-1-worker\&#34; not found&#34;&#xA;time=&#34;2021-06-08T19:43:24-07:00&#34; level=error msg=&#34;Failed to get logs from spire-proxy err: previous terminated container \&#34;spire-proxy\&#34; in pod \&#34;spire-proxy\&#34; not found&#34;&#xA;time=&#34;2021-06-08T19:43:24-07:00&#34; level=warning msg=&#34;Can not get logs for container: spire-proxy, Error: previous terminated container \&#34;spire-proxy\&#34; in pod \&#34;spire-proxy\&#34; not found&#34;&#xA;time=&#34;2021-06-08T19:43:24-07:00&#34; level=info msg=&#34;artifacts: [0xc0002a59c0 0xc000b58e00 0xc000424cc0 0xc0008a0800 0xc000427000 0xc0004271c0 0xc00071c1c0 0xc00071c2c0 0xc000427440 0xc00071c680 0xc0008a0a80 0xc000424d40]&#34;&#xA;time=&#34;2021-06-08T19:43:24-07:00&#34; level=info msg=&#34;Deleting nsc&#34;&#xA;time=&#34;2021-06-08T19:43:24-07:00&#34; level=info msg=&#34;Deleting nsmgr-kind-1-worker&#34;&#xA;time=&#34;2021-06-08T19:43:24-07:00&#34; level=info msg=&#34;Deleting icmp-responder&#34;&#xA;time=&#34;2021-06-08T19:43:24-07:00&#34; level=info msg=&#34;Deleting spire-proxy&#34;&#xA;time=&#34;2021-06-08T19:43:24-07:00&#34; level=info msg=&#34;Deleting jaeger&#34;&#xA;time=&#34;2021-06-08T19:43:24-07:00&#34; level=info msg=&#34;Deleting prefix-service&#34;&#xA;time=&#34;2021-06-08T19:43:24-07:00&#34; level=info msg=&#34;Deleting nsmd-forwarder-kind-1-worker&#34;&#xA;E0608 19:43:24.090018   26902 portforward.go:409] error closing listener: close tcp4 127.0.0.1:50877: use of closed network connection&#xA;E0608 19:43:24.090052   26902 portforward.go:409] error closing listener: close tcp6 [::1]:50877: use of closed network connection&#xA;I0608 19:43:25.272632   26902 request.go:621] Throttling request took 1.182718883s, request: DELETE:https://127.0.0.1:55081/api/v1/namespaces/nsm-system/pods/jaeger&#xA;time=&#34;2021-06-08T19:43:26-07:00&#34; level=warning msg=&#34;The POD &#39;nsc&#39; Deleted 1.986350932s&#34;&#xA;time=&#34;2021-06-08T19:43:26-07:00&#34; level=warning msg=&#34;The POD &#39;icmp-responder&#39; Deleted 2.188578739s&#34;&#xA;time=&#34;2021-06-08T19:43:26-07:00&#34; level=warning msg=&#34;The POD &#39;spire-proxy&#39; Deleted 2.788544179s&#34;&#xA;time=&#34;2021-06-08T19:43:27-07:00&#34; level=warning msg=&#34;The POD &#39;prefix-service&#39; Deleted 3.188078206s&#34;&#xA;time=&#34;2021-06-08T19:43:27-07:00&#34; level=warning msg=&#34;The POD &#39;nsmd-forwarder-kind-1-worker&#39; Deleted 3.589752527s&#34;&#xA;time=&#34;2021-06-08T19:43:35-07:00&#34; level=warning msg=&#34;The POD &#39;nsmgr-kind-1-worker&#39; Deleted 11.387562168s&#34;&#xA;time=&#34;2021-06-08T19:43:35-07:00&#34; level=warning msg=&#34;The POD &#39;jaeger&#39; Deleted 11.586971448s&#34;&#xA;time=&#34;2021-06-08T19:43:35-07:00&#34; level=info msg=&#34;namespace nsm-system is deleted&#34;&#xA;time=&#34;2021-06-08T19:43:35-07:00&#34; level=info msg=&#34;Cleanup time: 11.790572894s&#34;&#xA;--- FAIL: TestDNSMonitoringNsc (186.86s)&#xA;FAIL&#xA;FAIL&#x9;github.com/networkservicemesh/networkservicemesh/test/integration&#x9;187.285s&#xA;FAIL&#xA;TestDNSMonitoringNsc: OnFail: running on fail script operations with KUBECONFIG=/Users/nispatil/go/src/github.com/cisco-app-networking/nsm_publish/networkservicemesh/.tests/cloud_test/single-cluster/shell/kind-1/config on cloud kind-1&#xA;make -i k8s-deconfig helm-delete k8s-terminating-cleanup k8s-delete-nsm-namespaces || true&#xA;helm uninstall config --namespace nsm-system || true&#xA;WARNING: Kubernetes configuration file is group-readable. This is insecure. Location: /Users/nispatil/go/src/github.com/cisco-app-networking/nsm_publish/networkservicemesh/.tests/cloud_test/single-cluster/shell/kind-1/config&#xA;WARNING: Kubernetes configuration file is world-readable. This is insecure. Location: /Users/nispatil/go/src/github.com/cisco-app-networking/nsm_publish/networkservicemesh/.tests/cloud_test/single-cluster/shell/kind-1/config&#xA;Error: uninstall: Release not loaded: config: release: not found&#xA;./scripts/helm-nsm-uninstall.sh --nsm_namespace nsm-system --all&#xA;&#xA;Helm version detected: v3.3.4&#xA;Cleaning up NSM&#xA;xargs: illegal option -- -&#xA;usage: xargs [-0opt] [-E eofstr] [-I replstr [-R replacements] [-S replsize]]&#xA;[-J replstr] [-L number] [-n number [-x]] [-P maxprocs]&#xA;[-s size] [utility [argument ...]]&#xA;WARNING: Kubernetes configuration file is group-readable. This is insecure. Location: /Users/nispatil/go/src/github.com/cisco-app-networking/nsm_publish/networkservicemesh/.tests/cloud_test/single-cluster/shell/kind-1/config&#xA;WARNING: Kubernetes configuration file is world-readable. This is insecure. Location: /Users/nispatil/go/src/github.com/cisco-app-networking/nsm_publish/networkservicemesh/.tests/cloud_test/single-cluster/shell/kind-1/config&#xA;make[1]: [helm-delete] Error 1 (ignored)&#xA;xargs: illegal option -- -&#xA;usage: xargs [-0opt] [-E eofstr] [-I replstr [-R replacements] [-S replsize]]&#xA;[-J replstr] [-L number] [-n number [-x]] [-P maxprocs]&#xA;[-s size] [utility [argument ...]]&#xA;No resources found in nsm-system namespace.&#xA;make[1]: [k8s-terminating-cleanup] Error 1 (ignored)&#xA;Running delete-nsm-namespaces script&#xA;NSM_NAMESPACE=nsm-system&#xA;Checking ns: default&#xA;Checking ns: kube-node-lease&#xA;Checking ns: kube-public&#xA;Checking ns: kube-system&#xA;Checking ns: local-path-storage&#xA;Checking ns: nsm-system&#xA;Deleting ns: nsm-system&#xA;warning: Immediate deletion does not wait for confirmation that the running resource has been terminated. The resource may continue to run on the cluster indefinitely.&#xA;No resources found&#xA;namespace &#34;nsm-system&#34; deleted&#xA;Checking ns: spire&#xA;make k8s-config &amp;&amp; echo &#34;Cluster reset successfull&#34;&#xA;namespace/nsm-system created&#xA;helm --namespace nsm-system install config deployments/helm/nsm/charts/config&#xA;WARNING: Kubernetes configuration file is group-readable. This is insecure. Location: /Users/nispatil/go/src/github.com/cisco-app-networking/nsm_publish/networkservicemesh/.tests/cloud_test/single-cluster/shell/kind-1/config&#xA;WARNING: Kubernetes configuration file is world-readable. This is insecure. Location: /Users/nispatil/go/src/github.com/cisco-app-networking/nsm_publish/networkservicemesh/.tests/cloud_test/single-cluster/shell/kind-1/config&#xA;NAME: config&#xA;LAST DEPLOYED: Tue Jun  8 19:43:44 2021&#xA;NAMESPACE: nsm-system&#xA;STATUS: deployed&#xA;REVISION: 1&#xA;TEST SUITE: None&#xA;Cluster reset successfull</failure>
                  </testcase>
                  <testcase classname="" name="TestNSMDDP" time="100.120802509" cluster_instance="kind-1"></testcase>
                  <testcase classname="" name="TestProxyNSMgrDeployLiveCheck" time="61.614350693" cluster_instance="kind-1"></testcase>
                  <testcase classname="" name="TestDNSExternalClient" time="250.155923421" cluster_instance="kind-1">
                      <failure message="Test execution failed TestDNSExternalClient" type="ERROR">Execution attempt: 0 Output file: .tests/cloud_test/single-cluster/kind-1/028-TestDNSExternalClient-run.log&#xA;Starting TestDNSExternalClient on kind-1&#xA;Command line go test . -test.timeout 10m0s -count 1 --run &#34;^(TestDNSExternalClient)$\\z&#34; --tags &#34;basic&#34; --test.v&#xA;env==[KUBECONFIG=/Users/nispatil/go/src/github.com/cisco-app-networking/nsm_publish/networkservicemesh/.tests/cloud_test/single-cluster/shell/kind-1/config ARTIFACTS_DIR=/Users/nispatil/go/src/github.com/cisco-app-networking/nsm_publish/networkservicemesh/.tests/cloud_test/single-cluster/kind-1/TestDNSExternalClient]&#xA;&#xA;=== RUN   TestDNSExternalClient&#xA;time=&#34;2021-06-08T20:02:48-07:00&#34; level=info msg=&#34;Using Kubeconfig: /Users/nispatil/go/src/github.com/cisco-app-networking/nsm_publish/networkservicemesh/.tests/cloud_test/single-cluster/shell/kind-1/config&#34;&#xA;time=&#34;2021-06-08T20:02:48-07:00&#34; level=info msg=&#34;FORWARDING_PLANE not set, using default forwarder - vpp&#34;&#xA;time=&#34;2021-06-08T20:02:48-07:00&#34; level=info msg=&#34;Creating artifact manager with config: &amp;{4 false /Users/nispatil/go/src/github.com/cisco-app-networking/nsm_publish/networkservicemesh/.tests/cloud_test/single-cluster/kind-1/TestDNSExternalClient}&#34;&#xA;time=&#34;2021-06-08T20:02:48-07:00&#34; level=error msg=&#34;Error during create of test namespace failed to create a namespace: namespaces \&#34;nsm-system\&#34; already exists&#34;&#xA;time=&#34;2021-06-08T20:02:48-07:00&#34; level=info msg=&#34;Checking availability of API server on 127.0.0.1&#34;&#xA;time=&#34;2021-06-08T20:02:52-07:00&#34; level=info msg=&#34;PING 127.0.0.1 (127.0.0.1): 56 data bytes\n64 bytes from 127.0.0.1: icmp_seq=0 ttl=64 time=0.039 ms\n64 bytes from 127.0.0.1: icmp_seq=1 ttl=64 time=0.076 ms\n64 bytes from 127.0.0.1: icmp_seq=2 ttl=64 time=0.105 ms\n64 bytes from 127.0.0.1: icmp_seq=3 ttl=64 time=0.088 ms\n64 bytes from 127.0.0.1: icmp_seq=4 ttl=64 time=0.077 ms\n\n--- 127.0.0.1 ping statistics ---\n5 packets transmitted, 5 packets received, 0.0%!p(MISSING)acket loss\nround-trip min/avg/max/stddev = 0.039/0.077/0.105/0.022 ms\n&#34;&#xA;time=&#34;2021-06-08T20:02:52-07:00&#34; level=info msg=&#34;USE_IPV6 not set, using default false&#34;&#xA;time=&#34;2021-06-08T20:02:52-07:00&#34; level=error msg=&#34;serviceaccounts \&#34;nsc-acc\&#34; not found&#34;&#xA;time=&#34;2021-06-08T20:02:52-07:00&#34; level=error msg=&#34;serviceaccounts \&#34;nse-acc\&#34; not found&#34;&#xA;time=&#34;2021-06-08T20:02:52-07:00&#34; level=error msg=&#34;serviceaccounts \&#34;nsmgr-acc\&#34; not found&#34;&#xA;time=&#34;2021-06-08T20:02:52-07:00&#34; level=error msg=&#34;serviceaccounts \&#34;nsmrs-acc\&#34; not found&#34;&#xA;time=&#34;2021-06-08T20:02:52-07:00&#34; level=error msg=&#34;serviceaccounts \&#34;forward-plane-acc\&#34; not found&#34;&#xA;time=&#34;2021-06-08T20:02:52-07:00&#34; level=error msg=&#34;serviceaccounts \&#34;crossconnect-monitor-acc\&#34; not found&#34;&#xA;time=&#34;2021-06-08T20:02:52-07:00&#34; level=error msg=&#34;serviceaccounts \&#34;proxy-nsmgr-acc\&#34; not found&#34;&#xA;time=&#34;2021-06-08T20:02:52-07:00&#34; level=info msg=&#34;Cleanup done: 831.16971ms&#34;&#xA;time=&#34;2021-06-08T20:02:53-07:00&#34; level=info msg=&#34;&amp;ServiceAccount{ObjectMeta:{default  nsm-system /api/v1/namespaces/nsm-system/serviceaccounts/default 10755318-4066-4817-b513-9ecd091d5bf7 14283 0 2021-06-08 20:02:40 -0700 PDT &lt;nil&gt; &lt;nil&gt; map[] map[] [] []  []},Secrets:[]ObjectReference{ObjectReference{Kind:,Namespace:,Name:default-token-6wj4f,UID:,APIVersion:,ResourceVersion:,FieldPath:,},},ImagePullSecrets:[]LocalObjectReference{},AutomountServiceAccountToken:nil,}&#34;&#xA;I0608 20:02:54.117695   31677 request.go:621] Throttling request took 1.16859569s, request: POST:https://127.0.0.1:55081/api/v1/namespaces/nsm-system/serviceaccounts&#xA;time=&#34;2021-06-08T20:02:54-07:00&#34; level=info msg=&#34;&amp;ServiceAccount{ObjectMeta:{nsmrs-acc  nsm-system /api/v1/namespaces/nsm-system/serviceaccounts/nsmrs-acc 71d9f3c9-8a88-4485-a6e4-dfa56712602f 14342 0 2021-06-08 20:02:53 -0700 PDT &lt;nil&gt; &lt;nil&gt; map[] map[] [] []  []},Secrets:[]ObjectReference{ObjectReference{Kind:,Namespace:,Name:nsmrs-acc-token-x9scl,UID:,APIVersion:,ResourceVersion:,FieldPath:,},},ImagePullSecrets:[]LocalObjectReference{},AutomountServiceAccountToken:nil,}&#34;&#xA;time=&#34;2021-06-08T20:02:54-07:00&#34; level=info msg=&#34;&amp;ServiceAccount{ObjectMeta:{crossconnect-monitor-acc  nsm-system /api/v1/namespaces/nsm-system/serviceaccounts/crossconnect-monitor-acc aea17512-56d8-463d-8954-a5fae12fd1ec 14345 0 2021-06-08 20:02:53 -0700 PDT &lt;nil&gt; &lt;nil&gt; map[] map[] [] []  []},Secrets:[]ObjectReference{ObjectReference{Kind:,Namespace:,Name:crossconnect-monitor-acc-token-nfnzj,UID:,APIVersion:,ResourceVersion:,FieldPath:,},},ImagePullSecrets:[]LocalObjectReference{},AutomountServiceAccountToken:nil,}&#34;&#xA;time=&#34;2021-06-08T20:02:55-07:00&#34; level=info msg=&#34;&amp;ServiceAccount{ObjectMeta:{proxy-nsmgr-acc  nsm-system /api/v1/namespaces/nsm-system/serviceaccounts/proxy-nsmgr-acc a1df1345-aef1-4e8a-8ddb-6adadc2ae4b6 14348 0 2021-06-08 20:02:53 -0700 PDT &lt;nil&gt; &lt;nil&gt; map[] map[] [] []  []},Secrets:[]ObjectReference{ObjectReference{Kind:,Namespace:,Name:proxy-nsmgr-acc-token-wv977,UID:,APIVersion:,ResourceVersion:,FieldPath:,},},ImagePullSecrets:[]LocalObjectReference{},AutomountServiceAccountToken:nil,}&#34;&#xA;time=&#34;2021-06-08T20:02:55-07:00&#34; level=info msg=&#34;&amp;ServiceAccount{ObjectMeta:{nse-acc  nsm-system /api/v1/namespaces/nsm-system/serviceaccounts/nse-acc aaac3665-12d6-4921-973f-44e72e5b36e9 14353 0 2021-06-08 20:02:53 -0700 PDT &lt;nil&gt; &lt;nil&gt; map[] map[] [] []  []},Secrets:[]ObjectReference{ObjectReference{Kind:,Namespace:,Name:nse-acc-token-4slgd,UID:,APIVersion:,ResourceVersion:,FieldPath:,},},ImagePullSecrets:[]LocalObjectReference{},AutomountServiceAccountToken:nil,}&#34;&#xA;time=&#34;2021-06-08T20:02:55-07:00&#34; level=info msg=&#34;&amp;ServiceAccount{ObjectMeta:{forward-plane-acc  nsm-system /api/v1/namespaces/nsm-system/serviceaccounts/forward-plane-acc ccd74276-f960-4f44-aa8a-b372fc71c3f6 14358 0 2021-06-08 20:02:54 -0700 PDT &lt;nil&gt; &lt;nil&gt; map[] map[] [] []  []},Secrets:[]ObjectReference{ObjectReference{Kind:,Namespace:,Name:forward-plane-acc-token-wsg8b,UID:,APIVersion:,ResourceVersion:,FieldPath:,},},ImagePullSecrets:[]LocalObjectReference{},AutomountServiceAccountToken:nil,}&#34;&#xA;time=&#34;2021-06-08T20:02:55-07:00&#34; level=info msg=&#34;&amp;ServiceAccount{ObjectMeta:{nsc-acc  nsm-system /api/v1/namespaces/nsm-system/serviceaccounts/nsc-acc 42e9fd1b-bba8-4597-a067-916774144951 14361 0 2021-06-08 20:02:54 -0700 PDT &lt;nil&gt; &lt;nil&gt; map[] map[] [] []  []},Secrets:[]ObjectReference{ObjectReference{Kind:,Namespace:,Name:nsc-acc-token-lc625,UID:,APIVersion:,ResourceVersion:,FieldPath:,},},ImagePullSecrets:[]LocalObjectReference{},AutomountServiceAccountToken:nil,}&#34;&#xA;time=&#34;2021-06-08T20:02:55-07:00&#34; level=info msg=&#34;&amp;ServiceAccount{ObjectMeta:{nsmgr-acc  nsm-system /api/v1/namespaces/nsm-system/serviceaccounts/nsmgr-acc f9a02fee-22f9-4373-96fa-0a53b1cba974 14365 0 2021-06-08 20:02:54 -0700 PDT &lt;nil&gt; &lt;nil&gt; map[] map[] [] []  []},Secrets:[]ObjectReference{ObjectReference{Kind:,Namespace:,Name:nsmgr-acc-token-5mbvd,UID:,APIVersion:,ResourceVersion:,FieldPath:,},},ImagePullSecrets:[]LocalObjectReference{},AutomountServiceAccountToken:nil,}&#34;&#xA;time=&#34;2021-06-08T20:02:55-07:00&#34; level=info msg=&#34;Creating ConfigMap &#39;nsm-config&#39; in namespace&#39;nsm-system&#39;...&#34;&#xA;time=&#34;2021-06-08T20:02:56-07:00&#34; level=info msg=&#34;Using image: containers.cisco.com/appn/prefix-service:vl3_latest&#34;&#xA;time=&#34;2021-06-08T20:02:56-07:00&#34; level=info msg=&#34;Using image: containers.cisco.com/appn/test-common:vl3_latest&#34;&#xA;time=&#34;2021-06-08T20:02:56-07:00&#34; level=info msg=&#34;role is created: &amp;ClusterRoleBinding{ObjectMeta:{nsm-role-binding      0 0001-01-01 00:00:00 +0000 UTC &lt;nil&gt; &lt;nil&gt; map[] map[] [] []  []},Subjects:[]Subject{Subject{Kind:ServiceAccount,APIGroup:,Name:nsmgr-acc,Namespace:nsm-system,},Subject{Kind:ServiceAccount,APIGroup:,Name:proxy-nsmgr-acc,Namespace:nsm-system,},Subject{Kind:ServiceAccount,APIGroup:,Name:crossconnect-monitor-acc,Namespace:nsm-system,},},RoleRef:RoleRef{APIGroup:rbac.authorization.k8s.io,Kind:ClusterRole,Name:nsm-role,},}&#34;&#xA;time=&#34;2021-06-08T20:02:56-07:00&#34; level=info msg=&#34;role is created: &amp;ClusterRole{ObjectMeta:{aggregate-network-services-view  nsm-system    0 0001-01-01 00:00:00 +0000 UTC &lt;nil&gt; &lt;nil&gt; map[rbac.authorization.k8s.io/aggregate-to-view:true] map[] [] []  []},Rules:[]PolicyRule{PolicyRule{Verbs:[get list watch],APIGroups:[networkservicemesh.io],Resources:[networkservices],ResourceNames:[],NonResourceURLs:[],},},AggregationRule:nil,}&#34;&#xA;time=&#34;2021-06-08T20:02:56-07:00&#34; level=info msg=&#34;role is created: &amp;ClusterRole{ObjectMeta:{nsm-role  nsm-system    0 0001-01-01 00:00:00 +0000 UTC &lt;nil&gt; &lt;nil&gt; map[rbac.authorization.k8s.io/aggregate-to-admin:true rbac.authorization.k8s.io/aggregate-to-edit:true] map[] [] []  []},Rules:[]PolicyRule{PolicyRule{Verbs:[*],APIGroups:[networkservicemesh.io],Resources:[networkservices networkserviceendpoints networkservicemanagers],ResourceNames:[],NonResourceURLs:[],},PolicyRule{Verbs:[*],APIGroups:[apiextensions.k8s.io],Resources:[customresourcedefinitions],ResourceNames:[],NonResourceURLs:[],},PolicyRule{Verbs:[get update],APIGroups:[],Resources:[configmaps],ResourceNames:[],NonResourceURLs:[],},PolicyRule{Verbs:[get list watch],APIGroups:[],Resources:[nodes services namespaces],ResourceNames:[],NonResourceURLs:[],},},AggregationRule:nil,}&#34;&#xA;time=&#34;2021-06-08T20:02:59-07:00&#34; level=info msg=&#34;Trying to establish connection with the spire provider at address:tcp://127.0.0.1:51260&#34;&#xA;time=&#34;2021-06-08T20:02:59-07:00&#34; level=info msg=&#34;Created the todo context:tcp://127.0.0.1:51260&#34;&#xA;time=&#34;2021-06-08T20:02:59-07:00&#34; level=info msg=&#34;Got x509:&amp;{0xc0002cf9e0 &lt;nil&gt; {{0 0} 0 0 0 0} 0xc000420dc0 0xc0007edd00 {{0 0} 0 0 0 0} false} &lt;nil&gt;&#34;&#xA;time=&#34;2021-06-08T20:02:59-07:00&#34; level=info msg=&#34;Started goroutine&#34;&#xA;time=&#34;2021-06-08T20:02:59-07:00&#34; level=info msg=&#34;Returning provider&#34;&#xA;time=&#34;2021-06-08T20:02:59-07:00&#34; level=info msg=&#34;Issued identity:spiffe://test.com/nsmgr&#34;&#xA;time=&#34;2021-06-08T20:02:59-07:00&#34; level=info msg=&#34;secret is created: &amp;Secret{ObjectMeta:{nsm-admission-webhook-certs  nsm-system /api/v1/namespaces/nsm-system/secrets/nsm-admission-webhook-certs a22014ef-c498-4cc3-92bf-84f54efbf73d 14406 0 2021-06-08 20:02:59 -0700 PDT &lt;nil&gt; &lt;nil&gt; map[] map[] [] []  []},Data:map[string][]byte{tls.crt: [45 45 45 45 45 66 69 71 73 78 32 67 69 82 84 73 70 73 67 65 84 69 45 45 45 45 45 10 77 73 73 68 100 106 67 67 65 108 54 103 65 119 73 66 65 103 73 69 89 77 65 118 89 122 65 78 66 103 107 113 104 107 105 71 57 119 48 66 65 81 115 70 65 68 65 105 77 83 65 119 72 103 89 68 86 81 81 68 69 120 100 104 10 90 71 49 112 99 51 78 112 98 50 52 116 89 50 57 117 100 72 74 118 98 71 120 108 99 105 49 106 89 84 65 101 70 119 48 121 77 68 65 50 77 68 107 119 77 122 65 121 78 84 108 97 70 119 48 121 77 106 65 50 77 68 107 119 10 77 122 65 121 78 84 108 97 77 67 73 120 73 68 65 101 66 103 78 86 66 65 77 84 70 50 70 107 98 87 108 122 99 50 108 118 98 105 49 106 98 50 53 48 99 109 57 115 98 71 86 121 76 87 78 104 77 73 73 66 73 106 65 78 10 66 103 107 113 104 107 105 71 57 119 48 66 65 81 69 70 65 65 79 67 65 81 56 65 77 73 73 66 67 103 75 67 65 81 69 65 49 53 122 77 99 102 67 81 108 116 71 53 52 67 102 72 83 89 71 114 69 98 107 115 117 105 52 88 10 68 99 81 66 114 79 68 115 99 47 114 110 43 56 53 107 77 82 112 88 101 88 76 68 100 52 90 106 110 74 106 81 105 68 88 110 47 55 84 53 52 107 72 66 82 121 90 87 118 43 52 121 90 104 114 50 116 117 78 110 50 107 122 114 10 89 115 109 116 77 81 81 75 111 48 47 111 48 121 99 73 111 66 87 68 70 112 118 80 67 120 74 99 120 51 84 81 122 111 99 97 50 87 57 74 51 48 105 99 78 100 78 104 65 54 79 81 106 74 79 119 47 121 111 88 110 106 114 53 10 69 43 68 115 109 75 67 67 101 85 51 72 107 81 119 87 43 53 77 114 102 67 116 88 102 54 97 109 74 70 65 88 69 104 56 80 83 76 83 51 114 99 75 104 120 53 56 49 66 76 89 83 66 108 73 81 75 103 108 65 52 57 72 106 10 78 108 80 50 79 47 74 77 87 84 51 66 115 78 67 98 68 89 121 116 74 66 119 51 75 53 52 82 69 98 97 56 101 108 118 67 88 67 66 48 89 79 76 108 57 122 49 57 115 113 98 90 90 70 67 81 73 82 66 48 69 110 77 101 10 86 51 65 48 100 114 85 71 43 108 107 73 99 66 80 43 104 55 100 112 88 84 90 66 102 66 84 43 55 54 78 86 97 81 77 89 43 50 84 85 87 80 121 120 82 78 97 104 85 90 88 56 71 102 51 114 66 119 73 68 65 81 65 66 10 111 52 71 122 77 73 71 119 77 65 52 71 65 49 85 100 68 119 69 66 47 119 81 69 65 119 73 67 112 68 65 84 66 103 78 86 72 83 85 69 68 68 65 75 66 103 103 114 66 103 69 70 66 81 99 68 65 84 65 80 66 103 78 86 10 72 82 77 66 65 102 56 69 66 84 65 68 65 81 72 47 77 66 48 71 65 49 85 100 68 103 81 87 66 66 84 102 77 83 114 97 114 103 110 120 43 109 56 57 51 75 65 69 75 81 43 82 82 114 100 43 57 122 66 90 66 103 78 86 10 72 82 69 69 85 106 66 81 103 105 82 117 99 50 48 116 89 87 82 116 97 88 78 122 97 87 57 117 76 88 100 108 89 109 104 118 98 50 115 116 99 51 90 106 76 109 53 122 98 83 49 122 101 88 78 48 90 87 50 67 75 71 53 122 10 98 83 49 104 90 71 49 112 99 51 78 112 98 50 52 116 100 50 86 105 97 71 57 118 97 121 49 122 100 109 77 117 98 110 78 116 76 88 78 53 99 51 82 108 98 83 53 122 100 109 77 119 68 81 89 74 75 111 90 73 104 118 99 78 10 65 81 69 76 66 81 65 68 103 103 69 66 65 70 108 84 47 107 43 56 118 79 99 74 110 80 106 69 116 76 83 120 84 107 43 52 122 86 111 90 81 56 68 107 57 97 49 90 122 47 98 88 121 110 87 114 111 65 56 112 76 87 106 52 10 69 121 108 84 100 53 99 53 70 119 66 69 101 66 112 116 53 103 107 47 99 110 98 73 106 106 82 105 110 78 74 85 77 85 72 68 80 86 66 121 104 89 122 66 118 80 55 43 98 105 71 53 67 67 68 66 51 97 73 104 67 84 98 84 10 78 117 83 80 120 73 65 122 90 81 90 86 51 68 113 116 102 109 50 106 106 111 102 87 75 48 56 110 81 80 73 113 74 116 66 90 98 86 69 69 100 82 79 84 43 98 68 71 106 69 54 57 54 70 78 98 73 85 115 121 109 114 97 67 10 105 74 69 74 83 83 87 89 114 111 70 77 100 53 67 120 56 77 56 55 54 50 97 78 109 68 88 54 72 110 89 81 97 81 100 81 80 112 51 97 109 102 97 98 80 55 83 86 52 117 104 89 107 66 120 105 72 50 68 55 79 71 114 117 10 53 108 67 119 72 117 83 57 73 116 51 102 72 75 49 117 81 57 71 117 43 47 83 67 70 47 69 43 116 117 78 102 112 121 109 79 78 114 101 50 82 81 115 110 122 101 51 102 51 113 68 115 98 117 66 116 106 116 43 109 74 55 110 50 10 69 79 47 103 88 99 118 74 83 49 51 122 100 98 51 100 75 86 115 88 68 51 50 114 69 102 115 116 98 54 53 74 67 85 81 61 10 45 45 45 45 45 69 78 68 32 67 69 82 84 73 70 73 67 65 84 69 45 45 45 45 45 10],tls.key: [45 45 45 45 45 66 69 71 73 78 32 82 83 65 32 80 82 73 86 65 84 69 32 75 69 89 45 45 45 45 45 10 77 73 73 69 112 65 73 66 65 65 75 67 65 81 69 65 49 53 122 77 99 102 67 81 108 116 71 53 52 67 102 72 83 89 71 114 69 98 107 115 117 105 52 88 68 99 81 66 114 79 68 115 99 47 114 110 43 56 53 107 77 82 112 88 10 101 88 76 68 100 52 90 106 110 74 106 81 105 68 88 110 47 55 84 53 52 107 72 66 82 121 90 87 118 43 52 121 90 104 114 50 116 117 78 110 50 107 122 114 89 115 109 116 77 81 81 75 111 48 47 111 48 121 99 73 111 66 87 68 10 70 112 118 80 67 120 74 99 120 51 84 81 122 111 99 97 50 87 57 74 51 48 105 99 78 100 78 104 65 54 79 81 106 74 79 119 47 121 111 88 110 106 114 53 69 43 68 115 109 75 67 67 101 85 51 72 107 81 119 87 43 53 77 114 10 102 67 116 88 102 54 97 109 74 70 65 88 69 104 56 80 83 76 83 51 114 99 75 104 120 53 56 49 66 76 89 83 66 108 73 81 75 103 108 65 52 57 72 106 78 108 80 50 79 47 74 77 87 84 51 66 115 78 67 98 68 89 121 116 10 74 66 119 51 75 53 52 82 69 98 97 56 101 108 118 67 88 67 66 48 89 79 76 108 57 122 49 57 115 113 98 90 90 70 67 81 73 82 66 48 69 110 77 101 86 51 65 48 100 114 85 71 43 108 107 73 99 66 80 43 104 55 100 112 10 88 84 90 66 102 66 84 43 55 54 78 86 97 81 77 89 43 50 84 85 87 80 121 120 82 78 97 104 85 90 88 56 71 102 51 114 66 119 73 68 65 81 65 66 65 111 73 66 65 66 69 43 70 57 100 119 122 111 57 82 72 70 86 66 10 117 82 48 50 119 110 66 55 90 52 108 73 69 69 51 111 103 57 51 73 97 119 66 110 97 48 47 109 49 72 112 99 121 101 119 76 99 110 104 72 104 103 88 75 55 114 112 70 51 86 84 69 113 48 115 100 121 82 65 103 106 56 86 118 10 106 104 89 43 82 56 97 101 98 118 113 49 78 103 110 68 97 82 100 72 90 72 90 107 43 74 67 83 83 89 49 76 121 120 122 117 118 117 76 54 120 47 75 110 99 57 57 103 84 74 82 103 52 118 53 53 78 119 122 83 53 54 111 55 10 49 86 53 52 110 83 110 54 117 115 76 76 111 111 109 108 98 105 90 83 104 55 121 100 114 76 122 55 110 100 88 78 117 99 52 118 116 75 57 99 101 51 122 51 90 87 65 116 84 82 108 116 57 98 87 88 68 99 118 67 78 87 49 114 10 83 118 107 121 106 102 80 56 106 99 67 89 89 98 73 83 70 107 89 113 53 57 119 110 81 88 81 118 119 89 87 85 87 72 47 117 69 76 117 52 103 67 68 100 118 102 84 99 97 86 76 101 109 66 47 48 48 118 53 54 105 104 101 83 10 68 100 90 100 99 119 78 113 118 99 114 115 109 120 75 47 121 65 122 82 105 72 114 104 115 116 48 68 57 54 74 106 71 55 49 113 78 108 65 43 47 53 88 108 106 76 70 97 110 118 53 70 72 48 56 99 106 47 117 110 85 81 110 101 10 82 116 104 117 82 77 107 67 103 89 69 65 47 103 114 74 65 48 79 118 55 112 97 87 88 102 109 115 111 72 89 106 85 72 120 119 74 88 50 76 105 117 72 107 115 68 79 90 122 86 72 50 110 56 73 83 69 72 120 81 71 53 100 87 10 77 89 114 82 48 86 108 109 76 74 113 116 115 69 104 88 117 84 82 90 49 76 86 72 57 54 68 73 100 67 119 105 115 78 74 56 87 75 114 110 52 74 71 110 77 81 113 99 116 87 115 106 114 113 98 108 52 67 77 112 86 80 118 69 10 54 47 80 48 117 72 55 49 43 115 109 50 104 111 80 108 75 122 43 90 76 48 68 116 103 118 120 78 66 88 117 78 122 89 81 103 89 110 52 97 121 55 114 87 113 102 43 69 107 112 49 75 114 56 115 67 103 89 69 65 50 85 89 120 10 102 66 102 72 104 73 70 67 75 83 67 116 47 48 122 101 104 97 108 106 111 85 50 54 119 105 106 76 72 103 80 84 97 53 120 77 111 97 111 53 98 55 47 49 117 97 69 78 114 78 102 66 82 50 112 101 97 108 43 119 67 57 56 78 10 101 49 75 57 54 69 76 75 56 103 50 55 83 57 101 67 107 110 110 51 77 101 105 105 122 117 116 77 53 56 106 110 49 76 109 112 100 54 56 103 103 87 80 68 47 53 117 50 101 111 120 89 90 98 90 86 117 120 49 99 103 107 51 86 10 119 78 109 83 55 76 72 54 47 110 105 104 87 47 76 69 87 43 73 105 122 52 101 79 50 114 118 79 121 121 101 48 70 80 43 90 48 106 85 67 103 89 69 65 55 81 49 102 87 82 53 50 77 113 112 117 69 97 56 68 79 74 66 69 10 106 55 119 117 89 97 49 117 52 116 43 55 74 47 104 101 107 107 114 106 87 86 119 99 119 121 108 100 68 119 72 43 117 105 103 82 100 99 112 52 72 122 77 79 49 67 111 78 81 90 76 113 75 67 81 111 122 90 100 73 116 97 55 104 10 105 67 74 66 83 102 80 103 102 53 115 113 97 103 97 47 67 69 75 55 102 121 80 90 54 88 97 109 65 78 107 87 102 104 54 99 119 118 81 108 48 67 107 100 109 120 80 69 97 115 68 106 122 107 90 70 50 121 53 88 75 77 67 77 10 74 55 81 100 68 65 115 107 77 101 116 99 109 68 69 73 111 107 56 72 47 70 85 67 103 89 65 98 88 105 77 88 106 87 115 57 80 111 98 86 53 86 55 108 88 73 112 101 55 98 73 49 47 68 78 57 66 50 82 109 87 72 99 71 10 65 47 56 72 69 103 107 65 69 88 55 106 76 101 48 113 67 49 99 50 74 113 106 84 51 48 43 117 102 120 56 85 110 74 120 57 75 65 83 109 76 113 75 98 55 47 53 114 99 116 57 51 77 117 86 110 67 79 53 55 57 54 116 122 10 43 82 114 109 106 51 71 90 117 114 90 83 101 81 117 111 76 103 116 111 98 71 111 113 69 111 50 51 103 66 82 102 111 85 104 72 100 106 101 50 87 47 49 47 78 110 111 84 86 77 50 114 116 70 105 68 74 115 114 113 102 103 114 74 10 53 108 81 54 122 81 75 66 103 81 68 57 86 120 48 90 75 70 50 49 87 82 54 55 98 82 66 47 70 71 68 104 122 81 97 121 102 65 122 79 51 56 98 112 78 48 49 69 110 66 52 74 81 78 110 50 111 47 118 116 79 85 79 84 10 83 111 53 49 112 52 114 47 110 85 110 72 101 65 76 50 118 57 115 80 112 101 104 122 70 110 66 53 70 89 100 78 103 65 49 55 67 114 80 75 83 113 97 105 73 54 47 109 117 83 105 82 51 53 102 110 57 49 79 117 83 86 90 47 10 103 49 52 114 110 105 80 72 118 111 119 73 78 79 49 72 73 107 88 117 112 56 100 78 114 113 68 48 72 112 78 77 77 78 54 78 56 97 109 57 122 103 56 114 55 49 111 56 51 69 88 67 109 103 61 61 10 45 45 45 45 45 69 78 68 32 82 83 65 32 80 82 73 86 65 84 69 32 75 69 89 45 45 45 45 45 10],},Type:kubernetes.io/tls,StringData:map[string]string{},Immutable:nil,}&#34;&#xA;time=&#34;2021-06-08T20:03:00-07:00&#34; level=info msg=&#34;Service is created: &amp;Service{ObjectMeta:{nsm-admission-webhook-svc  nsm-system /api/v1/namespaces/nsm-system/services/nsm-admission-webhook-svc 7550f2af-eab3-4721-9cfc-d6d32ae1e096 14411 0 2021-06-08 20:03:00 -0700 PDT &lt;nil&gt; &lt;nil&gt; map[app:nsm-admission-webhook] map[] [] []  []},Spec:ServiceSpec{Ports:[]ServicePort{ServicePort{Name:,Protocol:TCP,Port:443,TargetPort:{0 443 },NodePort:0,AppProtocol:nil,},},Selector:map[string]string{app: nsm-admission-webhook,},ClusterIP:10.96.240.228,Type:ClusterIP,ExternalIPs:[],SessionAffinity:None,LoadBalancerIP:,LoadBalancerSourceRanges:[],ExternalName:,ExternalTrafficPolicy:,HealthCheckNodePort:0,PublishNotReadyAddresses:false,SessionAffinityConfig:nil,IPFamily:nil,TopologyKeys:[],},Status:ServiceStatus{LoadBalancer:LoadBalancerStatus{Ingress:[]LoadBalancerIngress{},},},}&#34;&#xA;time=&#34;2021-06-08T20:03:00-07:00&#34; level=info msg=&#34;Using image: containers.cisco.com/appn/admission-webhook:vl3_latest&#34;&#xA;time=&#34;2021-06-08T20:03:00-07:00&#34; level=info msg=&#34;Deployment is created: &amp;Deployment{ObjectMeta:{nsm-admission-webhook  nsm-system /apis/apps/v1/namespaces/nsm-system/deployments/nsm-admission-webhook a48a6ca1-0b76-4127-a639-dfc0c5bb34a2 14413 1 2021-06-08 20:03:00 -0700 PDT &lt;nil&gt; &lt;nil&gt; map[app:nsm-admission-webhook] map[] [] []  []},Spec:DeploymentSpec{Replicas:*1,Selector:&amp;v1.LabelSelector{MatchLabels:map[string]string{app: nsm-admission-webhook,},MatchExpressions:[]LabelSelectorRequirement{},},Template:{{      0 0001-01-01 00:00:00 +0000 UTC &lt;nil&gt; &lt;nil&gt; map[app:nsm-admission-webhook] map[] [] []  []} {[{webhook-certs {nil nil nil nil nil SecretVolumeSource{SecretName:nsm-admission-webhook-certs,Items:[]KeyToPath{},DefaultMode:*420,Optional:nil,} nil nil nil nil nil nil nil nil nil nil nil nil nil nil nil nil nil nil nil nil nil nil}}] [] [{nsm-admission-webhook containers.cisco.com/appn/admission-webhook:vl3_latest [] []  [] [] [{TAG vl3_latest nil} {REPO containers.cisco.com/appn nil}] {map[] map[]} [{webhook-certs true /etc/webhook/certs  &lt;nil&gt; }] [] &amp;Probe{Handler:Handler{Exec:nil,HTTPGet:&amp;HTTPGetAction{Path:/liveness,Port:{0 5555 },Host:,Scheme:HTTP,HTTPHeaders:[]HTTPHeader{},},TCPSocket:nil,},InitialDelaySeconds:1,TimeoutSeconds:10,PeriodSeconds:3,SuccessThreshold:1,FailureThreshold:3,} &amp;Probe{Handler:Handler{Exec:nil,HTTPGet:&amp;HTTPGetAction{Path:/readiness,Port:{0 5555 },Host:,Scheme:HTTP,HTTPHeaders:[]HTTPHeader{},},TCPSocket:nil,},InitialDelaySeconds:1,TimeoutSeconds:10,PeriodSeconds:3,SuccessThreshold:1,FailureThreshold:3,} nil nil /dev/termination-log File IfNotPresent nil false false false}] [] Always 0xc0008c5798 &lt;nil&gt; ClusterFirst map[]   &lt;nil&gt;  false false false &lt;nil&gt; &amp;PodSecurityContext{SELinuxOptions:nil,RunAsUser:nil,RunAsNonRoot:nil,SupplementalGroups:[],FSGroup:nil,RunAsGroup:nil,Sysctls:[]Sysctl{},WindowsOptions:nil,FSGroupChangePolicy:nil,} []   nil default-scheduler [] []  &lt;nil&gt; nil [] &lt;nil&gt; &lt;nil&gt; &lt;nil&gt; map[] []}},Strategy:DeploymentStrategy{Type:RollingUpdate,RollingUpdate:&amp;RollingUpdateDeployment{MaxUnavailable:25%,MaxSurge:25%,},},MinReadySeconds:0,RevisionHistoryLimit:*10,Paused:false,ProgressDeadlineSeconds:*600,},Status:DeploymentStatus{ObservedGeneration:0,Replicas:0,UpdatedReplicas:0,AvailableReplicas:0,UnavailableReplicas:0,Conditions:[]DeploymentCondition{},ReadyReplicas:0,CollisionCount:nil,},}&#34;&#xA;time=&#34;2021-06-08T20:03:02-07:00&#34; level=info msg=&#34;MutatingWebhookConfiguration is created: &amp;MutatingWebhookConfiguration{ObjectMeta:{nsm-admission-webhook-cfg   /apis/admissionregistration.k8s.io/v1beta1/mutatingwebhookconfigurations/nsm-admission-webhook-cfg 2294ece1-3d3c-49a3-8335-b7e9f1d47a3f 14441 1 2021-06-08 20:03:02 -0700 PDT &lt;nil&gt; &lt;nil&gt; map[app:nsm-admission-webhook] map[] [] []  []},Webhooks:[]MutatingWebhook{MutatingWebhook{Name:admission-webhook.networkservicemesh.io,ClientConfig:WebhookClientConfig{Service:&amp;ServiceReference{Namespace:nsm-system,Name:nsm-admission-webhook-svc,Path:*/mutate,Port:*443,},CABundle:*[45 45 45 45 45 66 69 71 73 78 32 67 69 82 84 73 70 73 67 65 84 69 45 45 45 45 45 10 77 73 73 68 100 106 67 67 65 108 54 103 65 119 73 66 65 103 73 69 89 77 65 118 89 122 65 78 66 103 107 113 104 107 105 71 57 119 48 66 65 81 115 70 65 68 65 105 77 83 65 119 72 103 89 68 86 81 81 68 69 120 100 104 10 90 71 49 112 99 51 78 112 98 50 52 116 89 50 57 117 100 72 74 118 98 71 120 108 99 105 49 106 89 84 65 101 70 119 48 121 77 68 65 50 77 68 107 119 77 122 65 121 78 84 108 97 70 119 48 121 77 106 65 50 77 68 107 119 10 77 122 65 121 78 84 108 97 77 67 73 120 73 68 65 101 66 103 78 86 66 65 77 84 70 50 70 107 98 87 108 122 99 50 108 118 98 105 49 106 98 50 53 48 99 109 57 115 98 71 86 121 76 87 78 104 77 73 73 66 73 106 65 78 10 66 103 107 113 104 107 105 71 57 119 48 66 65 81 69 70 65 65 79 67 65 81 56 65 77 73 73 66 67 103 75 67 65 81 69 65 49 53 122 77 99 102 67 81 108 116 71 53 52 67 102 72 83 89 71 114 69 98 107 115 117 105 52 88 10 68 99 81 66 114 79 68 115 99 47 114 110 43 56 53 107 77 82 112 88 101 88 76 68 100 52 90 106 110 74 106 81 105 68 88 110 47 55 84 53 52 107 72 66 82 121 90 87 118 43 52 121 90 104 114 50 116 117 78 110 50 107 122 114 10 89 115 109 116 77 81 81 75 111 48 47 111 48 121 99 73 111 66 87 68 70 112 118 80 67 120 74 99 120 51 84 81 122 111 99 97 50 87 57 74 51 48 105 99 78 100 78 104 65 54 79 81 106 74 79 119 47 121 111 88 110 106 114 53 10 69 43 68 115 109 75 67 67 101 85 51 72 107 81 119 87 43 53 77 114 102 67 116 88 102 54 97 109 74 70 65 88 69 104 56 80 83 76 83 51 114 99 75 104 120 53 56 49 66 76 89 83 66 108 73 81 75 103 108 65 52 57 72 106 10 78 108 80 50 79 47 74 77 87 84 51 66 115 78 67 98 68 89 121 116 74 66 119 51 75 53 52 82 69 98 97 56 101 108 118 67 88 67 66 48 89 79 76 108 57 122 49 57 115 113 98 90 90 70 67 81 73 82 66 48 69 110 77 101 10 86 51 65 48 100 114 85 71 43 108 107 73 99 66 80 43 104 55 100 112 88 84 90 66 102 66 84 43 55 54 78 86 97 81 77 89 43 50 84 85 87 80 121 120 82 78 97 104 85 90 88 56 71 102 51 114 66 119 73 68 65 81 65 66 10 111 52 71 122 77 73 71 119 77 65 52 71 65 49 85 100 68 119 69 66 47 119 81 69 65 119 73 67 112 68 65 84 66 103 78 86 72 83 85 69 68 68 65 75 66 103 103 114 66 103 69 70 66 81 99 68 65 84 65 80 66 103 78 86 10 72 82 77 66 65 102 56 69 66 84 65 68 65 81 72 47 77 66 48 71 65 49 85 100 68 103 81 87 66 66 84 102 77 83 114 97 114 103 110 120 43 109 56 57 51 75 65 69 75 81 43 82 82 114 100 43 57 122 66 90 66 103 78 86 10 72 82 69 69 85 106 66 81 103 105 82 117 99 50 48 116 89 87 82 116 97 88 78 122 97 87 57 117 76 88 100 108 89 109 104 118 98 50 115 116 99 51 90 106 76 109 53 122 98 83 49 122 101 88 78 48 90 87 50 67 75 71 53 122 10 98 83 49 104 90 71 49 112 99 51 78 112 98 50 52 116 100 50 86 105 97 71 57 118 97 121 49 122 100 109 77 117 98 110 78 116 76 88 78 53 99 51 82 108 98 83 53 122 100 109 77 119 68 81 89 74 75 111 90 73 104 118 99 78 10 65 81 69 76 66 81 65 68 103 103 69 66 65 70 108 84 47 107 43 56 118 79 99 74 110 80 106 69 116 76 83 120 84 107 43 52 122 86 111 90 81 56 68 107 57 97 49 90 122 47 98 88 121 110 87 114 111 65 56 112 76 87 106 52 10 69 121 108 84 100 53 99 53 70 119 66 69 101 66 112 116 53 103 107 47 99 110 98 73 106 106 82 105 110 78 74 85 77 85 72 68 80 86 66 121 104 89 122 66 118 80 55 43 98 105 71 53 67 67 68 66 51 97 73 104 67 84 98 84 10 78 117 83 80 120 73 65 122 90 81 90 86 51 68 113 116 102 109 50 106 106 111 102 87 75 48 56 110 81 80 73 113 74 116 66 90 98 86 69 69 100 82 79 84 43 98 68 71 106 69 54 57 54 70 78 98 73 85 115 121 109 114 97 67 10 105 74 69 74 83 83 87 89 114 111 70 77 100 53 67 120 56 77 56 55 54 50 97 78 109 68 88 54 72 110 89 81 97 81 100 81 80 112 51 97 109 102 97 98 80 55 83 86 52 117 104 89 107 66 120 105 72 50 68 55 79 71 114 117 10 53 108 67 119 72 117 83 57 73 116 51 102 72 75 49 117 81 57 71 117 43 47 83 67 70 47 69 43 116 117 78 102 112 121 109 79 78 114 101 50 82 81 115 110 122 101 51 102 51 113 68 115 98 117 66 116 106 116 43 109 74 55 110 50 10 69 79 47 103 88 99 118 74 83 49 51 122 100 98 51 100 75 86 115 88 68 51 50 114 69 102 115 116 98 54 53 74 67 85 81 61 10 45 45 45 45 45 69 78 68 32 67 69 82 84 73 70 73 67 65 84 69 45 45 45 45 45 10],URL:nil,},Rules:[]RuleWithOperations{RuleWithOperations{Operations:[CREATE],Rule:Rule{APIGroups:[apps extensions ],APIVersions:[v1 v1beta1],Resources:[deployments services pods],Scope:**,},},},FailurePolicy:*Ignore,NamespaceSelector:&amp;v1.LabelSelector{MatchLabels:map[string]string{},MatchExpressions:[]LabelSelectorRequirement{},},SideEffects:*Unknown,TimeoutSeconds:*30,AdmissionReviewVersions:[v1beta1],MatchPolicy:*Exact,ReinvocationPolicy:*Never,ObjectSelector:&amp;v1.LabelSelector{MatchLabels:map[string]string{},MatchExpressions:[]LabelSelectorRequirement{},},},},}&#34;&#xA;time=&#34;2021-06-08T20:03:02-07:00&#34; level=info msg=&#34;Creating ConfigMap &#39;icmp-responder-corefile&#39; in namespace&#39;nsm-system&#39;...&#34;&#xA;time=&#34;2021-06-08T20:03:02-07:00&#34; level=info msg=&#34;Checking node: kind-1-control-plane&#34;&#xA;time=&#34;2021-06-08T20:03:02-07:00&#34; level=info msg=&#34;Checking node: kind-1-worker&#34;&#xA;time=&#34;2021-06-08T20:03:02-07:00&#34; level=info msg=&#34;Checking node: kind-1-worker2&#34;&#xA;time=&#34;2021-06-08T20:03:02-07:00&#34; level=info msg=&#34;Using image: jaegertracing/all-in-one:1.14.0&#34;&#xA;time=&#34;2021-06-08T20:03:05-07:00&#34; level=info msg=&#34;getting logs without container jaeger=none&#34;&#xA;time=&#34;2021-06-08T20:03:05-07:00&#34; level=info msg=&#34;Using image: containers.cisco.com/appn/nsmdp:vl3_latest&#34;&#xA;time=&#34;2021-06-08T20:03:05-07:00&#34; level=info msg=&#34;Using image: containers.cisco.com/appn/nsmd:vl3_latest&#34;&#xA;time=&#34;2021-06-08T20:03:05-07:00&#34; level=info msg=&#34;Using image: containers.cisco.com/appn/nsmd-k8s:vl3_latest&#34;&#xA;time=&#34;2021-06-08T20:03:05-07:00&#34; level=info msg=&#34;Using image: containers.cisco.com/appn/vppagent-forwarder:vl3_latest&#34;&#xA;time=&#34;2021-06-08T20:03:18-07:00&#34; level=info msg=&#34;Started NSMgr/Forwarder: 12.462777645s on node kind-1-worker&#34;&#xA;time=&#34;2021-06-08T20:03:18-07:00&#34; level=info msg=&#34;Using image: containers.cisco.com/appn/test-common:vl3_latest&#34;&#xA;time=&#34;2021-06-08T20:03:18-07:00&#34; level=info msg=&#34;Using image: networkservicemesh/coredns:master&#34;&#xA;time=&#34;2021-06-08T20:03:18-07:00&#34; level=info msg=&#34;Starting ICMP Responder NSE on node: kind-1-worker &#34;&#xA;time=&#34;2021-06-08T20:03:28-07:00&#34; level=info msg=&#34;ICMP Responder icmp-responder started done: 10.166444916s&#34;&#xA;time=&#34;2021-06-08T20:03:28-07:00&#34; level=info msg=&#34;Starting NSC nsc-1 on node: kind-1-worker&#34;&#xA;time=&#34;2021-06-08T20:04:58-07:00&#34; level=info msg=&#34;Pod deploy half time passed: nsc-1&#34;&#xA;time=&#34;2021-06-08T20:06:28-07:00&#34; level=error msg=&#34;createAndBlock with pods: nsc-1 Timeout in waitTimeout&#34;&#xA;time=&#34;2021-06-08T20:06:28-07:00&#34; level=error msg=&#34;Failed to deploy pod, trying to get any information&#34;&#xA;time=&#34;2021-06-08T20:06:28-07:00&#34; level=info msg=&#34;Pod container information: nsc-1&#34;&#xA;time=&#34;2021-06-08T20:06:28-07:00&#34; level=info msg=&#34;Pod nsc-1: container: nsm-dns-init status: true: Logs: &#34;&#xA;time=&#34;2021-06-08T20:06:29-07:00&#34; level=error msg=&#34;blockUntilPodReady failed. Cause: Timeout during waiting for pod change status for pod nsc-1 [{Initialized False 0001-01-01 00:00:00 +0000 UTC 2021-06-08 20:03:28 -0700 PDT ContainersNotInitialized containers with incomplete status: [nsm-init-container]} {Ready False 0001-01-01 00:00:00 +0000 UTC 2021-06-08 20:03:28 -0700 PDT ContainersNotReady containers with unready status: [alpine-img nsm-dns-monitor coredns]} {ContainersReady False 0001-01-01 00:00:00 +0000 UTC 2021-06-08 20:03:28 -0700 PDT ContainersNotReady containers with unready status: [alpine-img nsm-dns-monitor coredns]} {PodScheduled True 0001-01-01 00:00:00 +0000 UTC 2021-06-08 20:03:28 -0700 PDT  }] status:  pod: nsc-1&#34;&#xA;time=&#34;2021-06-08T20:06:29-07:00&#34; level=info msg=&#34;Pod nsc-1: container: nsm-init-container status: false: Logs: time=\&#34;2021-06-09T03:03:30Z\&#34; level=info msg=\&#34;Starting nsm-init...\&#34;\ntime=\&#34;2021-06-09T03:03:30Z\&#34; level=info msg=\&#34;Version: v1.0.1-rc.2-1-g9262b77b\&#34;\ntime=\&#34;2021-06-09T03:03:30Z\&#34; level=info msg=\&#34;All env variables:\&#34;\ntime=\&#34;2021-06-09T03:03:30Z\&#34; level=info msg=\&#34;KUBERNETES_SERVICE_PORT=443\&#34;\ntime=\&#34;2021-06-09T03:03:30Z\&#34; level=info msg=\&#34;KUBERNETES_PORT=tcp://10.96.0.1:443\&#34;\ntime=\&#34;2021-06-09T03:03:30Z\&#34; level=info msg=\&#34;GRPC_GO_LOG_VERBOSITY_LEVEL=99\&#34;\ntime=\&#34;2021-06-09T03:03:30Z\&#34; level=info msg=\&#34;HOSTNAME=nsc-1\&#34;\ntime=\&#34;2021-06-09T03:03:30Z\&#34; level=info msg=\&#34;GRPC_GO_LOG_SEVERITY_LEVEL=info\&#34;\ntime=\&#34;2021-06-09T03:03:30Z\&#34; level=info msg=\&#34;SHLVL=1\&#34;\ntime=\&#34;2021-06-09T03:03:30Z\&#34; level=info msg=\&#34;NSM_CLIENT_SOCKET=/var/lib/networkservicemesh/nsm.client.io.sock\&#34;\ntime=\&#34;2021-06-09T03:03:30Z\&#34; level=info msg=\&#34;NSM_ADMISSION_WEBHOOK_SVC_PORT=tcp://10.96.240.228:443\&#34;\ntime=\&#34;2021-06-09T03:03:30Z\&#34; level=info msg=\&#34;NSM_ADMISSION_WEBHOOK_SVC_SERVICE_PORT=443\&#34;\ntime=\&#34;2021-06-09T03:03:30Z\&#34; level=info msg=\&#34;HOME=/root\&#34;\ntime=\&#34;2021-06-09T03:03:30Z\&#34; level=info msg=\&#34;NSM_NAMESPACE=default\&#34;\ntime=\&#34;2021-06-09T03:03:30Z\&#34; level=info msg=\&#34;WORKSPACE=/var/lib/networkservicemesh/\&#34;\ntime=\&#34;2021-06-09T03:03:30Z\&#34; level=info msg=\&#34;NS_NETWORKSERVICEMESH_IO=icmp-responder?app=icmp\&#34;\ntime=\&#34;2021-06-09T03:03:30Z\&#34; level=info msg=\&#34;KUBERNETES_PORT_443_TCP_ADDR=10.96.0.1\&#34;\ntime=\&#34;2021-06-09T03:03:30Z\&#34; level=info msg=\&#34;PATH=/usr/local/sbin:/usr/local/bin:/usr/sbin:/usr/bin:/sbin:/bin\&#34;\ntime=\&#34;2021-06-09T03:03:30Z\&#34; level=info msg=\&#34;KUBERNETES_PORT_443_TCP_PORT=443\&#34;\ntime=\&#34;2021-06-09T03:03:30Z\&#34; level=info msg=\&#34;KUBERNETES_PORT_443_TCP_PROTO=tcp\&#34;\ntime=\&#34;2021-06-09T03:03:30Z\&#34; level=info msg=\&#34;ENTRY=nsm-init\&#34;\ntime=\&#34;2021-06-09T03:03:30Z\&#34; level=info msg=\&#34;NSM_ADMISSION_WEBHOOK_SVC_PORT_443_TCP_ADDR=10.96.240.228\&#34;\ntime=\&#34;2021-06-09T03:03:30Z\&#34; level=info msg=\&#34;NSM_ADMISSION_WEBHOOK_SVC_PORT_443_TCP_PORT=443\&#34;\ntime=\&#34;2021-06-09T03:03:30Z\&#34; level=info msg=\&#34;NSM_ADMISSION_WEBHOOK_SVC_PORT_443_TCP_PROTO=tcp\&#34;\ntime=\&#34;2021-06-09T03:03:30Z\&#34; level=info msg=\&#34;NSM_SERVER_SOCKET=/var/lib/networkservicemesh/nsm.server.io.sock\&#34;\ntime=\&#34;2021-06-09T03:03:30Z\&#34; level=info msg=\&#34;KUBERNETES_SERVICE_PORT_HTTPS=443\&#34;\ntime=\&#34;2021-06-09T03:03:30Z\&#34; level=info msg=\&#34;KUBERNETES_PORT_443_TCP=tcp://10.96.0.1:443\&#34;\ntime=\&#34;2021-06-09T03:03:30Z\&#34; level=info msg=\&#34;KUBERNETES_SERVICE_HOST=10.96.0.1\&#34;\ntime=\&#34;2021-06-09T03:03:30Z\&#34; level=info msg=\&#34;PWD=/\&#34;\ntime=\&#34;2021-06-09T03:03:30Z\&#34; level=info msg=\&#34;NSM_DEVICE_PLUGIN=true\&#34;\ntime=\&#34;2021-06-09T03:03:30Z\&#34; level=info msg=\&#34;NSM_ADMISSION_WEBHOOK_SVC_PORT_443_TCP=tcp://10.96.240.228:443\&#34;\ntime=\&#34;2021-06-09T03:03:30Z\&#34; level=info msg=\&#34;NSM_ADMISSION_WEBHOOK_SVC_SERVICE_HOST=10.96.240.228\&#34;\ntime=\&#34;2021-06-09T03:03:30Z\&#34; level=info msg=\&#34;nsmServerSocket: /var/lib/networkservicemesh/nsm.server.io.sock\&#34;\ntime=\&#34;2021-06-09T03:03:30Z\&#34; level=info msg=\&#34;nsmClientSocket: /var/lib/networkservicemesh/nsm.client.io.sock\&#34;\ntime=\&#34;2021-06-09T03:03:30Z\&#34; level=info msg=\&#34;workspace: /var/lib/networkservicemesh/\&#34;\ntime=\&#34;2021-06-09T03:03:30Z\&#34; level=info msg=\&#34;ENDPOINT_NETWORK_SERVICE not found.\&#34;\ntime=\&#34;2021-06-09T03:03:30Z\&#34; level=info msg=\&#34;CLIENT_NETWORK_SERVICE not found.\&#34;\ntime=\&#34;2021-06-09T03:03:30Z\&#34; level=info msg=\&#34;ENDPOINT_LABELS not found.\&#34;\ntime=\&#34;2021-06-09T03:03:30Z\&#34; level=info msg=\&#34;CLIENT_LABELS not found.\&#34;\ntime=\&#34;2021-06-09T03:03:30Z\&#34; level=info msg=\&#34;NSC_INTERFACE_NAME not found.\&#34;\ntime=\&#34;2021-06-09T03:03:30Z\&#34; level=info msg=\&#34;MECHANISM_TYPE not found.\&#34;\ntime=\&#34;2021-06-09T03:03:30Z\&#34; level=info msg=\&#34;IP_ADDRESS not found.\&#34;\ntime=\&#34;2021-06-09T03:03:30Z\&#34; level=info msg=\&#34;POD_NAME not found.\&#34;\ntime=\&#34;2021-06-09T03:03:30Z\&#34; level=info msg=\&#34;Namespace: default\&#34;\ntime=\&#34;2021-06-09T03:03:30Z\&#34; level=info msg=\&#34;ROUTES not found.\&#34;\ntime=\&#34;2021-06-09T03:03:30Z\&#34; level=info msg=\&#34;Creating logger from config: &amp;{nsm-init@nsc-1 false false [] 0xc0000bccc0 0xc0002a1b90 &lt;nil&gt; &lt;nil&gt; &lt;nil&gt;}\&#34;\n2021/06/09 03:03:30 debug logging disabled\n2021/06/09 03:03:30 Initializing logging reporter\n2021/06/09 03:03:30 debug logging disabled\ntime=\&#34;2021-06-09T03:03:30Z\&#34; level=info msg=\&#34;==--&gt; RequestNetworkService() span:7e1a7194f9e7db2c:7e1a7194f9e7db2c:0000000000000000:1\&#34;\ntime=\&#34;2021-06-09T03:03:30Z\&#34; level=info msg=\&#34;ENDPOINT_NETWORK_SERVICE not found.\&#34;\ntime=\&#34;2021-06-09T03:03:30Z\&#34; level=info msg=\&#34;CLIENT_NETWORK_SERVICE not found.\&#34;\ntime=\&#34;2021-06-09T03:03:30Z\&#34; level=info msg=\&#34;ENDPOINT_LABELS not found.\&#34;\ntime=\&#34;2021-06-09T03:03:30Z\&#34; level=info msg=\&#34;CLIENT_LABELS not found.\&#34;\ntime=\&#34;2021-06-09T03:03:30Z\&#34; level=info msg=\&#34;NSC_INTERFACE_NAME not found.\&#34;\ntime=\&#34;2021-06-09T03:03:30Z\&#34; level=info msg=\&#34;MECHANISM_TYPE not found.\&#34;\ntime=\&#34;2021-06-09T03:03:30Z\&#34; level=info msg=\&#34;IP_ADDRESS not found.\&#34;\ntime=\&#34;2021-06-09T03:03:30Z\&#34; level=info msg=\&#34;POD_NAME not found.\&#34;\ntime=\&#34;2021-06-09T03:03:30Z\&#34; level=info msg=\&#34;ROUTES not found.\&#34;\ntime=\&#34;2021-06-09T03:03:30Z\&#34; level=warning msg=\&#34;global opentracer is already initialized\&#34;\ntime=\&#34;2021-06-09T03:03:30Z\&#34; level=info msg=\&#34;Creating logger from config: &amp;{nsm-client@nsc-1 false false [] 0xc0000765a0 0xc000146540 &lt;nil&gt; &lt;nil&gt; &lt;nil&gt;}\&#34;\n2021/06/09 03:03:30 debug logging disabled\n2021/06/09 03:03:30 Initializing logging reporter\n2021/06/09 03:03:30 debug logging disabled\ntime=\&#34;2021-06-09T03:03:30Z\&#34; level=info msg=\&#34;Trying to establish connection to target: /var/lib/networkservicemesh/nsm.server.io.sock\&#34;\ntime=\&#34;2021-06-09T03:03:30Z\&#34; level=info msg=\&#34;readDialConfig insecure: false\&#34;\ntime=\&#34;2021-06-09T03:03:30Z\&#34; level=info msg=\&#34;Trying to establish connection with the spire provider at address:unix:///run/spire/sockets/agent.sock\&#34;\ntime=\&#34;2021-06-09T03:03:30Z\&#34; level=info msg=\&#34;Created the todo context:unix:///run/spire/sockets/agent.sock\&#34;\nINFO: 2021/06/09 03:03:30 [core] parsed scheme: \&#34;unix\&#34;\nINFO: 2021/06/09 03:03:30 [core] ccResolverWrapper: sending update to cc: {[{/run/spire/sockets/agent.sock  0xc00000e118 0 &lt;nil&gt;}] &lt;nil&gt; &lt;nil&gt;}\nINFO: 2021/06/09 03:03:30 [core] ClientConn switching balancer to \&#34;pick_first\&#34;\nINFO: 2021/06/09 03:03:30 [core] Channel switches to new LB policy \&#34;pick_first\&#34;\nINFO: 2021/06/09 03:03:30 [core] Subchannel Connectivity change to CONNECTING\nINFO: 2021/06/09 03:03:30 [core] blockingPicker: the picked transport is not ready, loop back to repick\nINFO: 2021/06/09 03:03:30 [core] pickfirstBalancer: UpdateSubConnState: 0xc000031270, {CONNECTING &lt;nil&gt;}\nINFO: 2021/06/09 03:03:30 [core] Channel Connectivity change to CONNECTING\nINFO: 2021/06/09 03:03:30 [core] Subchannel picks a new address \&#34;/run/spire/sockets/agent.sock\&#34; to connect\nINFO: 2021/06/09 03:03:30 [core] Subchannel Connectivity change to READY\nINFO: 2021/06/09 03:03:30 [core] pickfirstBalancer: UpdateSubConnState: 0xc000031270, {READY &lt;nil&gt;}\nINFO: 2021/06/09 03:03:30 [core] Channel Connectivity change to READY\ntime=\&#34;2021-06-09T03:03:31Z\&#34; level=info msg=\&#34;Got x509:&amp;{0xc000126240 &lt;nil&gt; {{0 0} 0 0 0 0} 0xc000426870 0xc00042bc00 {{0 0} 0 0 0 0} false} &lt;nil&gt;\&#34;\ntime=\&#34;2021-06-09T03:03:31Z\&#34; level=info msg=\&#34;Started goroutine\&#34;\ntime=\&#34;2021-06-09T03:03:31Z\&#34; level=info msg=\&#34;Returning provider\&#34;\ntime=\&#34;2021-06-09T03:03:31Z\&#34; level=info msg=\&#34;func insecure: false, env insecure: false\&#34;\ntime=\&#34;2021-06-09T03:03:31Z\&#34; level=info msg=\&#34;Connecting to the workload api at:unix:///run/spire/sockets/agent.sock\&#34;\nINFO: 2021/06/09 03:03:31 [core] parsed scheme: \&#34;unix\&#34;\ntime=\&#34;2021-06-09T03:03:31Z\&#34; level=info msg=\&#34;Issued identity:spiffe://test.com/nsc\&#34;\nINFO: 2021/06/09 03:03:31 [core] ccResolverWrapper: sending update to cc: {[{/run/spire/sockets/agent.sock  0xc0004320b0 0 &lt;nil&gt;}] &lt;nil&gt; &lt;nil&gt;}\nINFO: 2021/06/09 03:03:31 [core] ClientConn switching balancer to \&#34;pick_first\&#34;\nINFO: 2021/06/09 03:03:31 [core] Channel switches to new LB policy \&#34;pick_first\&#34;\nINFO: 2021/06/09 03:03:31 [core] Subchannel Connectivity change to CONNECTING\nINFO: 2021/06/09 03:03:31 [core] blockingPicker: the picked transport is not ready, loop back to repick\nINFO: 2021/06/09 03:03:31 [core] pickfirstBalancer: UpdateSubConnState: 0xc00041fea0, {CONNECTING &lt;nil&gt;}\nINFO: 2021/06/09 03:03:31 [core] Channel Connectivity change to CONNECTING\nINFO: 2021/06/09 03:03:31 [core] Subchannel picks a new address \&#34;/run/spire/sockets/agent.sock\&#34; to connect\nINFO: 2021/06/09 03:03:31 [core] Subchannel Connectivity change to READY\nINFO: 2021/06/09 03:03:31 [core] pickfirstBalancer: UpdateSubConnState: 0xc00041fea0, {READY &lt;nil&gt;}\nINFO: 2021/06/09 03:03:31 [core] Channel Connectivity change to READY\nINFO: 2021/06/09 03:03:31 [core] Channel Connectivity change to SHUTDOWN\nINFO: 2021/06/09 03:03:31 [core] Subchannel Connectivity change to SHUTDOWN\ntime=\&#34;2021-06-09T03:03:31Z\&#34; level=info msg=\&#34;Successfully retrieve bundles:&amp;{{{0 0} 0 0 0 0} map[{test.com}:0xc000332300]}\&#34;\ntime=\&#34;2021-06-09T03:03:31Z\&#34; level=info msg=\&#34;defaultTrustDomain:test.com\&#34;\ntime=\&#34;2021-06-09T03:03:31Z\&#34; level=info msg=\&#34;AUTHORIZING ALL CLIENTS\&#34;\ntime=\&#34;2021-06-09T03:03:31Z\&#34; level=info msg=\&#34;Fetch tlsConfig for Trust Domain: test.com\&#34;\ntime=\&#34;2021-06-09T03:03:31Z\&#34; level=info msg=\&#34;Found 1 tlsconfigs.\&#34;\nINFO: 2021/06/09 03:03:31 [core] parsed scheme: \&#34;\&#34;\nINFO: 2021/06/09 03:03:31 [transport] transport: loopyWriter.run returning. connection error: desc = \&#34;transport is closing\&#34;\nINFO: 2021/06/09 03:03:31 [core] scheme \&#34;\&#34; not registered, fallback to default scheme\nINFO: 2021/06/09 03:03:31 [core] ccResolverWrapper: sending update to cc: {[{/var/lib/networkservicemesh/nsm.server.io.sock  &lt;nil&gt; 0 &lt;nil&gt;}] &lt;nil&gt; &lt;nil&gt;}\nINFO: 2021/06/09 03:03:31 [core] ClientConn switching balancer to \&#34;pick_first\&#34;\nINFO: 2021/06/09 03:03:31 [core] Channel switches to new LB policy \&#34;pick_first\&#34;\nINFO: 2021/06/09 03:03:31 [core] Subchannel Connectivity change to CONNECTING\nINFO: 2021/06/09 03:03:31 [core] pickfirstBalancer: UpdateSubConnState: 0xc000314a80, {CONNECTING &lt;nil&gt;}\nINFO: 2021/06/09 03:03:31 [core] Subchannel picks a new address \&#34;/var/lib/networkservicemesh/nsm.server.io.sock\&#34; to connect\nINFO: 2021/06/09 03:03:31 [core] Channel Connectivity change to CONNECTING\nINFO: 2021/06/09 03:03:31 [core] Subchannel Connectivity change to READY\nINFO: 2021/06/09 03:03:31 [core] pickfirstBalancer: UpdateSubConnState: 0xc000314a80, {READY &lt;nil&gt;}\nINFO: 2021/06/09 03:03:31 [core] Channel Connectivity change to READY\ntime=\&#34;2021-06-09T03:03:31Z\&#34; level=info msg=\&#34;Found the right tls certificate:&amp;{&lt;nil&gt; &lt;nil&gt; [] map[] &lt;nil&gt; 0x946a40 &lt;nil&gt; 0x946ac0 &lt;nil&gt; &lt;nil&gt; []  NoClientCert &lt;nil&gt; true [] false false [0 0 0 0 0 0 0 0 0 0 0 0 0 0 0 0 0 0 0 0 0 0 0 0 0 0 0 0 0 0 0 0] &lt;nil&gt; 0 0 [] false 0 &lt;nil&gt; {{0 0} 0 0 0 0} [] []}\&#34;\nINFO: 2021/06/09 03:03:31 [core] Channel Connectivity change to SHUTDOWN\nINFO: 2021/06/09 03:03:31 [core] Subchannel Connectivity change to SHUTDOWN\nINFO: 2021/06/09 03:03:31 [transport] transport: loopyWriter.run returning. connection error: desc = \&#34;transport is closing\&#34;\ntime=\&#34;2021-06-09T03:03:31Z\&#34; level=info msg=\&#34;Trying to establish connection using tlsConfig:&amp;{&lt;nil&gt; &lt;nil&gt; [] map[] &lt;nil&gt; 0x946a40 &lt;nil&gt; 0x946ac0 &lt;nil&gt; &lt;nil&gt; []  NoClientCert &lt;nil&gt; true [] false false [0 0 0 0 0 0 0 0 0 0 0 0 0 0 0 0 0 0 0 0 0 0 0 0 0 0 0 0 0 0 0 0] &lt;nil&gt; 0 0 [] false 0 &lt;nil&gt; {{0 0} 0 0 0 0} [] []}\&#34;\nINFO: 2021/06/09 03:03:31 [core] parsed scheme: \&#34;\&#34;\nINFO: 2021/06/09 03:03:31 [core] scheme \&#34;\&#34; not registered, fallback to default scheme\nINFO: 2021/06/09 03:03:31 [core] ccResolverWrapper: sending update to cc: {[{/var/lib/networkservicemesh/nsm.server.io.sock  &lt;nil&gt; 0 &lt;nil&gt;}] &lt;nil&gt; &lt;nil&gt;}\nINFO: 2021/06/09 03:03:31 [core] ClientConn switching balancer to \&#34;pick_first\&#34;\nINFO: 2021/06/09 03:03:31 [core] Channel switches to new LB policy \&#34;pick_first\&#34;\nINFO: 2021/06/09 03:03:31 [core] Subchannel Connectivity change to CONNECTING\nINFO: 2021/06/09 03:03:31 [core] Subchannel picks a new address \&#34;/var/lib/networkservicemesh/nsm.server.io.sock\&#34; to connect\nINFO: 2021/06/09 03:03:31 [core] pickfirstBalancer: UpdateSubConnState: 0xc0002a3070, {CONNECTING &lt;nil&gt;}\nINFO: 2021/06/09 03:03:31 [core] Channel Connectivity change to CONNECTING\nINFO: 2021/06/09 03:03:31 [core] Subchannel Connectivity change to READY\nINFO: 2021/06/09 03:03:31 [core] pickfirstBalancer: UpdateSubConnState: 0xc0002a3070, {READY &lt;nil&gt;}\nINFO: 2021/06/09 03:03:31 [core] Channel Connectivity change to READY\ntime=\&#34;2021-06-09T03:03:31Z\&#34; level=info msg=\&#34;nsm: connection to nsm server on socket: /var/lib/networkservicemesh/nsm.server.io.sock succeeded.\&#34;\ntime=\&#34;2021-06-09T03:03:31Z\&#34; level=info msg=\&#34;==----&gt; nsmClient.Connect() span:7e1a7194f9e7db2c:327bde534c8b8152:7e1a7194f9e7db2c:1\&#34;\ntime=\&#34;2021-06-09T03:03:31Z\&#34; level=info msg=\&#34;Initiating an outgoing connection.\&#34; description=\&#34;Primary interface\&#34; destEndpointManager= destEndpointName= mechanism=KERNEL_INTERFACE mechanismName=nsm0 operation=nsmClient.Connect remoteIp= span=\&#34;7e1a7194f9e7db2c:327bde534c8b8152:7e1a7194f9e7db2c:1\&#34;\ntime=\&#34;2021-06-09T03:03:31Z\&#34; level=info msg=\&#34;Initiating an outgoing connection.\&#34; operation=nsmClient.Connect span=\&#34;7e1a7194f9e7db2c:327bde534c8b8152:7e1a7194f9e7db2c:1\&#34;\ntime=\&#34;2021-06-09T03:03:31Z\&#34; level=info msg=\&#34;&gt;&gt;&lt;&lt;---- Selected mechanism={\\\&#34;cls\\\&#34;:\\\&#34;LOCAL\\\&#34;,\\\&#34;type\\\&#34;:\\\&#34;KERNEL_INTERFACE\\\&#34;,\\\&#34;parameters\\\&#34;:{\\\&#34;description\\\&#34;:\\\&#34;Primary interface\\\&#34;,\\\&#34;name\\\&#34;:\\\&#34;nsm0\\\&#34;,\\\&#34;netnsInode\\\&#34;:\\\&#34;4026533539\\\&#34;,\\\&#34;socketfile\\\&#34;:\\\&#34;nsm0/memif.sock\\\&#34;}} span=7e1a7194f9e7db2c:327bde534c8b8152:7e1a7194f9e7db2c:1\&#34;\ntime=\&#34;2021-06-09T03:03:31Z\&#34; level=info msg=\&#34;==------&gt; nsmClient.Connect.attempt:0() span:7e1a7194f9e7db2c:0514563389551267:327bde534c8b8152:1\&#34;\ntime=\&#34;2021-06-09T03:03:31Z\&#34; level=info msg=\&#34;Requesting connection:&lt;network_service:\\\&#34;icmp-responder\\\&#34; context:&lt;ip_context:&lt;src_ip_required:true dst_ip_required:true &gt; &gt; labels:&lt;key:\\\&#34;app\\\&#34; value:\\\&#34;icmp\\\&#34; &gt; labels:&lt;key:\\\&#34;namespace\\\&#34; value:\\\&#34;default\\\&#34; &gt; labels:&lt;key:\\\&#34;podName\\\&#34; value:\\\&#34;nsc-1\\\&#34; &gt; &gt; mechanism_preferences:&lt;cls:\\\&#34;LOCAL\\\&#34; type:\\\&#34;KERNEL_INTERFACE\\\&#34; parameters:&lt;key:\\\&#34;description\\\&#34; value:\\\&#34;Primary interface\\\&#34; &gt; parameters:&lt;key:\\\&#34;name\\\&#34; value:\\\&#34;nsm0\\\&#34; &gt; parameters:&lt;key:\\\&#34;netnsInode\\\&#34; value:\\\&#34;4026533539\\\&#34; &gt; parameters:&lt;key:\\\&#34;socketfile\\\&#34; value:\\\&#34;nsm0/memif.sock\\\&#34; &gt; &gt; \&#34; operation=\&#34;nsmClient.Connect.attempt:0\&#34; span=\&#34;7e1a7194f9e7db2c:0514563389551267:327bde534c8b8152:1\&#34;\ntime=\&#34;2021-06-09T03:03:31Z\&#34; level=info msg=\&#34;&gt;&gt;&lt;&lt;-------- /networkservice.NetworkService/Request()=\\\&#34;\\\&#34; span=7e1a7194f9e7db2c:0514563389551267:327bde534c8b8152:1\&#34;\ntime=\&#34;2021-06-09T03:03:31Z\&#34; level=info msg=\&#34;&gt;&gt;&lt;&lt;-------- request={\\\&#34;connection\\\&#34;:{\\\&#34;network_service\\\&#34;:\\\&#34;icmp-responder\\\&#34;,\\\&#34;context\\\&#34;:{\\\&#34;ip_context\\\&#34;:{\\\&#34;src_ip_required\\\&#34;:true,\\\&#34;dst_ip_required\\\&#34;:true}},\\\&#34;labels\\\&#34;:{\\\&#34;app\\\&#34;:\\\&#34;icmp\\\&#34;,\\\&#34;namespace\\\&#34;:\\\&#34;default\\\&#34;,\\\&#34;podName\\\&#34;:\\\&#34;nsc-1\\\&#34;}},\\\&#34;mechanism_preferences\\\&#34;:[{\\\&#34;cls\\\&#34;:\\\&#34;LOCAL\\\&#34;,\\\&#34;type\\\&#34;:\\\&#34;KERNEL_INTERFACE\\\&#34;,\\\&#34;parameters\\\&#34;:{\\\&#34;description\\\&#34;:\\\&#34;Primary interface\\\&#34;,\\\&#34;name\\\&#34;:\\\&#34;nsm0\\\&#34;,\\\&#34;netnsInode\\\&#34;:\\\&#34;4026533539\\\&#34;,\\\&#34;socketfile\\\&#34;:\\\&#34;nsm0/memif.sock\\\&#34;}}]} span=7e1a7194f9e7db2c:0514563389551267:327bde534c8b8152:1\&#34;\n2021/06/09 03:04:31 Reporting span 7e1a7194f9e7db2c:409177302c5f8b71:0514563389551267:1\ntime=\&#34;2021-06-09T03:04:31Z\&#34; level=info msg=\&#34;&gt;&gt;&lt;&lt;-------- response={} span=7e1a7194f9e7db2c:0514563389551267:327bde534c8b8152:1\&#34;\ntime=\&#34;2021-06-09T03:04:31Z\&#34; level=error msg=\&#34;&gt;&gt;&lt;&lt;------ error=rpc error: code = DeadlineExceeded desc = context deadline exceeded span=7e1a7194f9e7db2c:0514563389551267:327bde534c8b8152:1\&#34;\ntime=\&#34;2021-06-09T03:04:31Z\&#34; level=error msg=\&#34;nsm client: Failed to connect rpc error: code = DeadlineExceeded desc = context deadline exceeded. Retry attempts: 10 Delaying: 5s\&#34; operation=\&#34;nsmClient.Connect.attempt:0\&#34; span=\&#34;7e1a7194f9e7db2c:0514563389551267:327bde534c8b8152:1\&#34;\n2021/06/09 03:04:31 Reporting span 7e1a7194f9e7db2c:0514563389551267:327bde534c8b8152:1\ntime=\&#34;2021-06-09T03:04:36Z\&#34; level=info msg=\&#34;==------&gt; nsmClient.Connect.attempt:1() span:7e1a7194f9e7db2c:1c0afd3be320e947:327bde534c8b8152:1\&#34;\ntime=\&#34;2021-06-09T03:04:36Z\&#34; level=info msg=\&#34;Requesting connection:&lt;network_service:\\\&#34;icmp-responder\\\&#34; context:&lt;ip_context:&lt;src_ip_required:true dst_ip_required:true &gt; &gt; labels:&lt;key:\\\&#34;app\\\&#34; value:\\\&#34;icmp\\\&#34; &gt; labels:&lt;key:\\\&#34;namespace\\\&#34; value:\\\&#34;default\\\&#34; &gt; labels:&lt;key:\\\&#34;podName\\\&#34; value:\\\&#34;nsc-1\\\&#34; &gt; &gt; mechanism_preferences:&lt;cls:\\\&#34;LOCAL\\\&#34; type:\\\&#34;KERNEL_INTERFACE\\\&#34; parameters:&lt;key:\\\&#34;description\\\&#34; value:\\\&#34;Primary interface\\\&#34; &gt; parameters:&lt;key:\\\&#34;name\\\&#34; value:\\\&#34;nsm0\\\&#34; &gt; parameters:&lt;key:\\\&#34;netnsInode\\\&#34; value:\\\&#34;4026533539\\\&#34; &gt; parameters:&lt;key:\\\&#34;socketfile\\\&#34; value:\\\&#34;nsm0/memif.sock\\\&#34; &gt; &gt; \&#34; operation=\&#34;nsmClient.Connect.attempt:1\&#34; span=\&#34;7e1a7194f9e7db2c:1c0afd3be320e947:327bde534c8b8152:1\&#34;\ntime=\&#34;2021-06-09T03:04:36Z\&#34; level=info msg=\&#34;&gt;&gt;&lt;&lt;-------- /networkservice.NetworkService/Request()=\\\&#34;\\\&#34; span=7e1a7194f9e7db2c:1c0afd3be320e947:327bde534c8b8152:1\&#34;\ntime=\&#34;2021-06-09T03:04:36Z\&#34; level=info msg=\&#34;&gt;&gt;&lt;&lt;-------- request={\\\&#34;connection\\\&#34;:{\\\&#34;network_service\\\&#34;:\\\&#34;icmp-responder\\\&#34;,\\\&#34;context\\\&#34;:{\\\&#34;ip_context\\\&#34;:{\\\&#34;src_ip_required\\\&#34;:true,\\\&#34;dst_ip_required\\\&#34;:true}},\\\&#34;labels\\\&#34;:{\\\&#34;app\\\&#34;:\\\&#34;icmp\\\&#34;,\\\&#34;namespace\\\&#34;:\\\&#34;default\\\&#34;,\\\&#34;podName\\\&#34;:\\\&#34;nsc-1\\\&#34;}},\\\&#34;mechanism_preferences\\\&#34;:[{\\\&#34;cls\\\&#34;:\\\&#34;LOCAL\\\&#34;,\\\&#34;type\\\&#34;:\\\&#34;KERNEL_INTERFACE\\\&#34;,\\\&#34;parameters\\\&#34;:{\\\&#34;description\\\&#34;:\\\&#34;Primary interface\\\&#34;,\\\&#34;name\\\&#34;:\\\&#34;nsm0\\\&#34;,\\\&#34;netnsInode\\\&#34;:\\\&#34;4026533539\\\&#34;,\\\&#34;socketfile\\\&#34;:\\\&#34;nsm0/memif.sock\\\&#34;}}]} span=7e1a7194f9e7db2c:1c0afd3be320e947:327bde534c8b8152:1\&#34;\n2021/06/09 03:05:36 Reporting span 7e1a7194f9e7db2c:216c71551bda4652:1c0afd3be320e947:1\ntime=\&#34;2021-06-09T03:05:36Z\&#34; level=info msg=\&#34;&gt;&gt;&lt;&lt;-------- response={} span=7e1a7194f9e7db2c:1c0afd3be320e947:327bde534c8b8152:1\&#34;\ntime=\&#34;2021-06-09T03:05:36Z\&#34; level=error msg=\&#34;&gt;&gt;&lt;&lt;------ error=rpc error: code = DeadlineExceeded desc = context deadline exceeded span=7e1a7194f9e7db2c:1c0afd3be320e947:327bde534c8b8152:1\&#34;\ntime=\&#34;2021-06-09T03:05:36Z\&#34; level=error msg=\&#34;nsm client: Failed to connect rpc error: code = DeadlineExceeded desc = context deadline exceeded. Retry attempts: 9 Delaying: 5s\&#34; operation=\&#34;nsmClient.Connect.attempt:1\&#34; span=\&#34;7e1a7194f9e7db2c:1c0afd3be320e947:327bde534c8b8152:1\&#34;\n2021/06/09 03:05:36 Reporting span 7e1a7194f9e7db2c:1c0afd3be320e947:327bde534c8b8152:1\ntime=\&#34;2021-06-09T03:05:41Z\&#34; level=info msg=\&#34;==------&gt; nsmClient.Connect.attempt:2() span:7e1a7194f9e7db2c:0aa2d28c10484db7:327bde534c8b8152:1\&#34;\ntime=\&#34;2021-06-09T03:05:41Z\&#34; level=info msg=\&#34;Requesting connection:&lt;network_service:\\\&#34;icmp-responder\\\&#34; context:&lt;ip_context:&lt;src_ip_required:true dst_ip_required:true &gt; &gt; labels:&lt;key:\\\&#34;app\\\&#34; value:\\\&#34;icmp\\\&#34; &gt; labels:&lt;key:\\\&#34;namespace\\\&#34; value:\\\&#34;default\\\&#34; &gt; labels:&lt;key:\\\&#34;podName\\\&#34; value:\\\&#34;nsc-1\\\&#34; &gt; &gt; mechanism_preferences:&lt;cls:\\\&#34;LOCAL\\\&#34; type:\\\&#34;KERNEL_INTERFACE\\\&#34; parameters:&lt;key:\\\&#34;description\\\&#34; value:\\\&#34;Primary interface\\\&#34; &gt; parameters:&lt;key:\\\&#34;name\\\&#34; value:\\\&#34;nsm0\\\&#34; &gt; parameters:&lt;key:\\\&#34;netnsInode\\\&#34; value:\\\&#34;4026533539\\\&#34; &gt; parameters:&lt;key:\\\&#34;socketfile\\\&#34; value:\\\&#34;nsm0/memif.sock\\\&#34; &gt; &gt; \&#34; operation=\&#34;nsmClient.Connect.attempt:2\&#34; span=\&#34;7e1a7194f9e7db2c:0aa2d28c10484db7:327bde534c8b8152:1\&#34;\ntime=\&#34;2021-06-09T03:05:41Z\&#34; level=info msg=\&#34;&gt;&gt;&lt;&lt;-------- /networkservice.NetworkService/Request()=\\\&#34;\\\&#34; span=7e1a7194f9e7db2c:0aa2d28c10484db7:327bde534c8b8152:1\&#34;\ntime=\&#34;2021-06-09T03:05:41Z\&#34; level=info msg=\&#34;&gt;&gt;&lt;&lt;-------- request={\\\&#34;connection\\\&#34;:{\\\&#34;network_service\\\&#34;:\\\&#34;icmp-responder\\\&#34;,\\\&#34;context\\\&#34;:{\\\&#34;ip_context\\\&#34;:{\\\&#34;src_ip_required\\\&#34;:true,\\\&#34;dst_ip_required\\\&#34;:true}},\\\&#34;labels\\\&#34;:{\\\&#34;app\\\&#34;:\\\&#34;icmp\\\&#34;,\\\&#34;namespace\\\&#34;:\\\&#34;default\\\&#34;,\\\&#34;podName\\\&#34;:\\\&#34;nsc-1\\\&#34;}},\\\&#34;mechanism_preferences\\\&#34;:[{\\\&#34;cls\\\&#34;:\\\&#34;LOCAL\\\&#34;,\\\&#34;type\\\&#34;:\\\&#34;KERNEL_INTERFACE\\\&#34;,\\\&#34;parameters\\\&#34;:{\\\&#34;description\\\&#34;:\\\&#34;Primary interface\\\&#34;,\\\&#34;name\\\&#34;:\\\&#34;nsm0\\\&#34;,\\\&#34;netnsInode\\\&#34;:\\\&#34;4026533539\\\&#34;,\\\&#34;socketfile\\\&#34;:\\\&#34;nsm0/memif.sock\\\&#34;}}]} span=7e1a7194f9e7db2c:0aa2d28c10484db7:327bde534c8b8152:1\&#34;\n&#34;&#xA;time=&#34;2021-06-08T20:06:29-07:00&#34; level=info msg=&#34;Pod nsc-1 event: {\&#34;metadata\&#34;:{\&#34;name\&#34;:\&#34;nsc-1.1686cae7458cbfec\&#34;,\&#34;namespace\&#34;:\&#34;nsm-system\&#34;,\&#34;selfLink\&#34;:\&#34;/api/v1/namespaces/nsm-system/events/nsc-1.1686cae7458cbfec\&#34;,\&#34;uid\&#34;:\&#34;bb4a54d9-892a-4ed9-8591-304bcc31f78e\&#34;,\&#34;resourceVersion\&#34;:\&#34;14581\&#34;,\&#34;creationTimestamp\&#34;:\&#34;2021-06-09T03:03:30Z\&#34;},\&#34;involvedObject\&#34;:{\&#34;kind\&#34;:\&#34;Pod\&#34;,\&#34;namespace\&#34;:\&#34;nsm-system\&#34;,\&#34;name\&#34;:\&#34;nsc-1\&#34;,\&#34;uid\&#34;:\&#34;6b6d6d4d-58da-47f1-a9e3-0f67a1ca8534\&#34;,\&#34;apiVersion\&#34;:\&#34;v1\&#34;,\&#34;resourceVersion\&#34;:\&#34;14569\&#34;,\&#34;fieldPath\&#34;:\&#34;spec.initContainers{nsm-init-container}\&#34;},\&#34;reason\&#34;:\&#34;Started\&#34;,\&#34;message\&#34;:\&#34;Started container nsm-init-container\&#34;,\&#34;source\&#34;:{\&#34;component\&#34;:\&#34;kubelet\&#34;,\&#34;host\&#34;:\&#34;kind-1-worker\&#34;},\&#34;firstTimestamp\&#34;:\&#34;2021-06-09T03:03:30Z\&#34;,\&#34;lastTimestamp\&#34;:\&#34;2021-06-09T03:03:30Z\&#34;,\&#34;count\&#34;:1,\&#34;type\&#34;:\&#34;Normal\&#34;,\&#34;eventTime\&#34;:null,\&#34;reportingComponent\&#34;:\&#34;\&#34;,\&#34;reportingInstance\&#34;:\&#34;\&#34;}&#34;&#xA;time=&#34;2021-06-08T20:06:29-07:00&#34; level=info msg=&#34;Pod nsc-1 event: {\&#34;metadata\&#34;:{\&#34;name\&#34;:\&#34;nsc-1.1686cae73fc6ed44\&#34;,\&#34;namespace\&#34;:\&#34;nsm-system\&#34;,\&#34;selfLink\&#34;:\&#34;/api/v1/namespaces/nsm-system/events/nsc-1.1686cae73fc6ed44\&#34;,\&#34;uid\&#34;:\&#34;c3c01c4f-c7a6-4f87-95d5-4e6f1d852fd8\&#34;,\&#34;resourceVersion\&#34;:\&#34;14580\&#34;,\&#34;creationTimestamp\&#34;:\&#34;2021-06-09T03:03:30Z\&#34;},\&#34;involvedObject\&#34;:{\&#34;kind\&#34;:\&#34;Pod\&#34;,\&#34;namespace\&#34;:\&#34;nsm-system\&#34;,\&#34;name\&#34;:\&#34;nsc-1\&#34;,\&#34;uid\&#34;:\&#34;6b6d6d4d-58da-47f1-a9e3-0f67a1ca8534\&#34;,\&#34;apiVersion\&#34;:\&#34;v1\&#34;,\&#34;resourceVersion\&#34;:\&#34;14569\&#34;,\&#34;fieldPath\&#34;:\&#34;spec.initContainers{nsm-init-container}\&#34;},\&#34;reason\&#34;:\&#34;Created\&#34;,\&#34;message\&#34;:\&#34;Created container nsm-init-container\&#34;,\&#34;source\&#34;:{\&#34;component\&#34;:\&#34;kubelet\&#34;,\&#34;host\&#34;:\&#34;kind-1-worker\&#34;},\&#34;firstTimestamp\&#34;:\&#34;2021-06-09T03:03:30Z\&#34;,\&#34;lastTimestamp\&#34;:\&#34;2021-06-09T03:03:30Z\&#34;,\&#34;count\&#34;:1,\&#34;type\&#34;:\&#34;Normal\&#34;,\&#34;eventTime\&#34;:null,\&#34;reportingComponent\&#34;:\&#34;\&#34;,\&#34;reportingInstance\&#34;:\&#34;\&#34;}&#34;&#xA;time=&#34;2021-06-08T20:06:29-07:00&#34; level=info msg=&#34;Pod nsc-1 event: {\&#34;metadata\&#34;:{\&#34;name\&#34;:\&#34;nsc-1.1686cae73e13e484\&#34;,\&#34;namespace\&#34;:\&#34;nsm-system\&#34;,\&#34;selfLink\&#34;:\&#34;/api/v1/namespaces/nsm-system/events/nsc-1.1686cae73e13e484\&#34;,\&#34;uid\&#34;:\&#34;0b5fb97e-fc28-4393-9bd4-a7d6c6783424\&#34;,\&#34;resourceVersion\&#34;:\&#34;14578\&#34;,\&#34;creationTimestamp\&#34;:\&#34;2021-06-09T03:03:30Z\&#34;},\&#34;involvedObject\&#34;:{\&#34;kind\&#34;:\&#34;Pod\&#34;,\&#34;namespace\&#34;:\&#34;nsm-system\&#34;,\&#34;name\&#34;:\&#34;nsc-1\&#34;,\&#34;uid\&#34;:\&#34;6b6d6d4d-58da-47f1-a9e3-0f67a1ca8534\&#34;,\&#34;apiVersion\&#34;:\&#34;v1\&#34;,\&#34;resourceVersion\&#34;:\&#34;14569\&#34;,\&#34;fieldPath\&#34;:\&#34;spec.initContainers{nsm-init-container}\&#34;},\&#34;reason\&#34;:\&#34;Pulled\&#34;,\&#34;message\&#34;:\&#34;Container image \\\&#34;containers.cisco.com/appn/nsm-init:vl3_latest\\\&#34; already present on machine\&#34;,\&#34;source\&#34;:{\&#34;component\&#34;:\&#34;kubelet\&#34;,\&#34;host\&#34;:\&#34;kind-1-worker\&#34;},\&#34;firstTimestamp\&#34;:\&#34;2021-06-09T03:03:30Z\&#34;,\&#34;lastTimestamp\&#34;:\&#34;2021-06-09T03:03:30Z\&#34;,\&#34;count\&#34;:1,\&#34;type\&#34;:\&#34;Normal\&#34;,\&#34;eventTime\&#34;:null,\&#34;reportingComponent\&#34;:\&#34;\&#34;,\&#34;reportingInstance\&#34;:\&#34;\&#34;}&#34;&#xA;time=&#34;2021-06-08T20:06:29-07:00&#34; level=info msg=&#34;Pod nsc-1 event: {\&#34;metadata\&#34;:{\&#34;name\&#34;:\&#34;nsc-1.1686cae72b6234f8\&#34;,\&#34;namespace\&#34;:\&#34;nsm-system\&#34;,\&#34;selfLink\&#34;:\&#34;/api/v1/namespaces/nsm-system/events/nsc-1.1686cae72b6234f8\&#34;,\&#34;uid\&#34;:\&#34;2c9c6e51-52e8-4159-9cf8-9a74af4706d8\&#34;,\&#34;resourceVersion\&#34;:\&#34;14575\&#34;,\&#34;creationTimestamp\&#34;:\&#34;2021-06-09T03:03:29Z\&#34;},\&#34;involvedObject\&#34;:{\&#34;kind\&#34;:\&#34;Pod\&#34;,\&#34;namespace\&#34;:\&#34;nsm-system\&#34;,\&#34;name\&#34;:\&#34;nsc-1\&#34;,\&#34;uid\&#34;:\&#34;6b6d6d4d-58da-47f1-a9e3-0f67a1ca8534\&#34;,\&#34;apiVersion\&#34;:\&#34;v1\&#34;,\&#34;resourceVersion\&#34;:\&#34;14569\&#34;,\&#34;fieldPath\&#34;:\&#34;spec.initContainers{nsm-dns-init}\&#34;},\&#34;reason\&#34;:\&#34;Started\&#34;,\&#34;message\&#34;:\&#34;Started container nsm-dns-init\&#34;,\&#34;source\&#34;:{\&#34;component\&#34;:\&#34;kubelet\&#34;,\&#34;host\&#34;:\&#34;kind-1-worker\&#34;},\&#34;firstTimestamp\&#34;:\&#34;2021-06-09T03:03:29Z\&#34;,\&#34;lastTimestamp\&#34;:\&#34;2021-06-09T03:03:29Z\&#34;,\&#34;count\&#34;:1,\&#34;type\&#34;:\&#34;Normal\&#34;,\&#34;eventTime\&#34;:null,\&#34;reportingComponent\&#34;:\&#34;\&#34;,\&#34;reportingInstance\&#34;:\&#34;\&#34;}&#34;&#xA;time=&#34;2021-06-08T20:06:29-07:00&#34; level=info msg=&#34;Pod nsc-1 event: {\&#34;metadata\&#34;:{\&#34;name\&#34;:\&#34;nsc-1.1686cae72661a3f8\&#34;,\&#34;namespace\&#34;:\&#34;nsm-system\&#34;,\&#34;selfLink\&#34;:\&#34;/api/v1/namespaces/nsm-system/events/nsc-1.1686cae72661a3f8\&#34;,\&#34;uid\&#34;:\&#34;60be0ff4-acbf-4753-8fe8-b599cc9e8e5e\&#34;,\&#34;resourceVersion\&#34;:\&#34;14574\&#34;,\&#34;creationTimestamp\&#34;:\&#34;2021-06-09T03:03:29Z\&#34;},\&#34;involvedObject\&#34;:{\&#34;kind\&#34;:\&#34;Pod\&#34;,\&#34;namespace\&#34;:\&#34;nsm-system\&#34;,\&#34;name\&#34;:\&#34;nsc-1\&#34;,\&#34;uid\&#34;:\&#34;6b6d6d4d-58da-47f1-a9e3-0f67a1ca8534\&#34;,\&#34;apiVersion\&#34;:\&#34;v1\&#34;,\&#34;resourceVersion\&#34;:\&#34;14569\&#34;,\&#34;fieldPath\&#34;:\&#34;spec.initContainers{nsm-dns-init}\&#34;},\&#34;reason\&#34;:\&#34;Created\&#34;,\&#34;message\&#34;:\&#34;Created container nsm-dns-init\&#34;,\&#34;source\&#34;:{\&#34;component\&#34;:\&#34;kubelet\&#34;,\&#34;host\&#34;:\&#34;kind-1-worker\&#34;},\&#34;firstTimestamp\&#34;:\&#34;2021-06-09T03:03:29Z\&#34;,\&#34;lastTimestamp\&#34;:\&#34;2021-06-09T03:03:29Z\&#34;,\&#34;count\&#34;:1,\&#34;type\&#34;:\&#34;Normal\&#34;,\&#34;eventTime\&#34;:null,\&#34;reportingComponent\&#34;:\&#34;\&#34;,\&#34;reportingInstance\&#34;:\&#34;\&#34;}&#34;&#xA;time=&#34;2021-06-08T20:06:29-07:00&#34; level=info msg=&#34;Pod nsc-1 event: {\&#34;metadata\&#34;:{\&#34;name\&#34;:\&#34;nsc-1.1686cae724dce59c\&#34;,\&#34;namespace\&#34;:\&#34;nsm-system\&#34;,\&#34;selfLink\&#34;:\&#34;/api/v1/namespaces/nsm-system/events/nsc-1.1686cae724dce59c\&#34;,\&#34;uid\&#34;:\&#34;1a2af358-7a49-44fb-82f8-96ed0df7effe\&#34;,\&#34;resourceVersion\&#34;:\&#34;14573\&#34;,\&#34;creationTimestamp\&#34;:\&#34;2021-06-09T03:03:29Z\&#34;},\&#34;involvedObject\&#34;:{\&#34;kind\&#34;:\&#34;Pod\&#34;,\&#34;namespace\&#34;:\&#34;nsm-system\&#34;,\&#34;name\&#34;:\&#34;nsc-1\&#34;,\&#34;uid\&#34;:\&#34;6b6d6d4d-58da-47f1-a9e3-0f67a1ca8534\&#34;,\&#34;apiVersion\&#34;:\&#34;v1\&#34;,\&#34;resourceVersion\&#34;:\&#34;14569\&#34;,\&#34;fieldPath\&#34;:\&#34;spec.initContainers{nsm-dns-init}\&#34;},\&#34;reason\&#34;:\&#34;Pulled\&#34;,\&#34;message\&#34;:\&#34;Container image \\\&#34;containers.cisco.com/appn/nsm-dns-init:vl3_latest\\\&#34; already present on machine\&#34;,\&#34;source\&#34;:{\&#34;component\&#34;:\&#34;kubelet\&#34;,\&#34;host\&#34;:\&#34;kind-1-worker\&#34;},\&#34;firstTimestamp\&#34;:\&#34;2021-06-09T03:03:29Z\&#34;,\&#34;lastTimestamp\&#34;:\&#34;2021-06-09T03:03:29Z\&#34;,\&#34;count\&#34;:1,\&#34;type\&#34;:\&#34;Normal\&#34;,\&#34;eventTime\&#34;:null,\&#34;reportingComponent\&#34;:\&#34;\&#34;,\&#34;reportingInstance\&#34;:\&#34;\&#34;}&#34;&#xA;time=&#34;2021-06-08T20:06:29-07:00&#34; level=info msg=&#34;Pod nsc-1 event: {\&#34;metadata\&#34;:{\&#34;name\&#34;:\&#34;nsc-1.1686cae6d8f52644\&#34;,\&#34;namespace\&#34;:\&#34;nsm-system\&#34;,\&#34;selfLink\&#34;:\&#34;/api/v1/namespaces/nsm-system/events/nsc-1.1686cae6d8f52644\&#34;,\&#34;uid\&#34;:\&#34;fed0c947-1eb9-48e0-8ef7-b7491d452889\&#34;,\&#34;resourceVersion\&#34;:\&#34;14570\&#34;,\&#34;creationTimestamp\&#34;:\&#34;2021-06-09T03:03:28Z\&#34;},\&#34;involvedObject\&#34;:{\&#34;kind\&#34;:\&#34;Pod\&#34;,\&#34;namespace\&#34;:\&#34;nsm-system\&#34;,\&#34;name\&#34;:\&#34;nsc-1\&#34;,\&#34;uid\&#34;:\&#34;6b6d6d4d-58da-47f1-a9e3-0f67a1ca8534\&#34;,\&#34;apiVersion\&#34;:\&#34;v1\&#34;,\&#34;resourceVersion\&#34;:\&#34;14568\&#34;},\&#34;reason\&#34;:\&#34;Scheduled\&#34;,\&#34;message\&#34;:\&#34;Successfully assigned nsm-system/nsc-1 to kind-1-worker\&#34;,\&#34;source\&#34;:{\&#34;component\&#34;:\&#34;default-scheduler\&#34;},\&#34;firstTimestamp\&#34;:\&#34;2021-06-09T03:03:28Z\&#34;,\&#34;lastTimestamp\&#34;:\&#34;2021-06-09T03:03:28Z\&#34;,\&#34;count\&#34;:1,\&#34;type\&#34;:\&#34;Normal\&#34;,\&#34;eventTime\&#34;:null,\&#34;reportingComponent\&#34;:\&#34;\&#34;,\&#34;reportingInstance\&#34;:\&#34;\&#34;}&#34;&#xA;time=&#34;2021-06-08T20:06:29-07:00&#34; level=error msg=&#34;Failed to get logs from nsc-1 err: container \&#34;alpine-img\&#34; in pod \&#34;nsc-1\&#34; is waiting to start: PodInitializing&#34;&#xA;time=&#34;2021-06-08T20:06:29-07:00&#34; level=info msg=&#34;Pod nsc-1: container: alpine-img status: false: Logs: &#34;&#xA;time=&#34;2021-06-08T20:06:29-07:00&#34; level=error msg=&#34;Failed to get logs from nsc-1 err: container \&#34;coredns\&#34; in pod \&#34;nsc-1\&#34; is waiting to start: PodInitializing&#34;&#xA;time=&#34;2021-06-08T20:06:29-07:00&#34; level=info msg=&#34;Pod nsc-1: container: coredns status: false: Logs: &#34;&#xA;time=&#34;2021-06-08T20:06:30-07:00&#34; level=error msg=&#34;Failed to get logs from nsc-1 err: container \&#34;nsm-dns-monitor\&#34; in pod \&#34;nsc-1\&#34; is waiting to start: PodInitializing&#34;&#xA;time=&#34;2021-06-08T20:06:30-07:00&#34; level=info msg=&#34;Pod nsc-1: container: nsm-dns-monitor status: false: Logs: &#34;&#xA;time=&#34;2021-06-08T20:06:30-07:00&#34; level=info msg=&#34;pod nsc-1 object:\n&gt;&gt;&gt;&gt;&gt;&gt;&gt;&gt;&gt;&gt;&gt;{\&#34;metadata\&#34;:{\&#34;name\&#34;:\&#34;nsc-1\&#34;,\&#34;namespace\&#34;:\&#34;nsm-system\&#34;,\&#34;selfLink\&#34;:\&#34;/api/v1/namespaces/nsm-system/pods/nsc-1\&#34;,\&#34;uid\&#34;:\&#34;6b6d6d4d-58da-47f1-a9e3-0f67a1ca8534\&#34;,\&#34;resourceVersion\&#34;:\&#34;14586\&#34;,\&#34;creationTimestamp\&#34;:\&#34;2021-06-09T03:03:28Z\&#34;,\&#34;annotations\&#34;:{\&#34;ns.networkservicemesh.io\&#34;:\&#34;icmp-responder?app=icmp\&#34;}},\&#34;spec\&#34;:{\&#34;volumes\&#34;:[{\&#34;name\&#34;:\&#34;nsc-acc-token-lc625\&#34;,\&#34;secret\&#34;:{\&#34;secretName\&#34;:\&#34;nsc-acc-token-lc625\&#34;,\&#34;defaultMode\&#34;:420}},{\&#34;name\&#34;:\&#34;nsm-coredns-volume\&#34;,\&#34;emptyDir\&#34;:{}}],\&#34;initContainers\&#34;:[{\&#34;name\&#34;:\&#34;nsm-dns-init\&#34;,\&#34;image\&#34;:\&#34;containers.cisco.com/appn/nsm-dns-init:vl3_latest\&#34;,\&#34;command\&#34;:[\&#34;/bin/nsm-dns-init\&#34;],\&#34;env\&#34;:[{\&#34;name\&#34;:\&#34;NS_NETWORKSERVICEMESH_IO\&#34;,\&#34;value\&#34;:\&#34;icmp-responder?app=icmp\&#34;},{\&#34;name\&#34;:\&#34;NSM_NAMESPACE\&#34;,\&#34;value\&#34;:\&#34;default\&#34;}],\&#34;resources\&#34;:{\&#34;limits\&#34;:{\&#34;networkservicemesh.io/socket\&#34;:\&#34;1\&#34;},\&#34;requests\&#34;:{\&#34;networkservicemesh.io/socket\&#34;:\&#34;1\&#34;}},\&#34;volumeMounts\&#34;:[{\&#34;name\&#34;:\&#34;nsm-coredns-volume\&#34;,\&#34;mountPath\&#34;:\&#34;/etc/coredns\&#34;},{\&#34;name\&#34;:\&#34;nsc-acc-token-lc625\&#34;,\&#34;readOnly\&#34;:true,\&#34;mountPath\&#34;:\&#34;/var/run/secrets/kubernetes.io/serviceaccount\&#34;}],\&#34;terminationMessagePath\&#34;:\&#34;/dev/termination-log\&#34;,\&#34;terminationMessagePolicy\&#34;:\&#34;File\&#34;,\&#34;imagePullPolicy\&#34;:\&#34;IfNotPresent\&#34;},{\&#34;name\&#34;:\&#34;nsm-init-container\&#34;,\&#34;image\&#34;:\&#34;containers.cisco.com/appn/nsm-init:vl3_latest\&#34;,\&#34;env\&#34;:[{\&#34;name\&#34;:\&#34;NS_NETWORKSERVICEMESH_IO\&#34;,\&#34;value\&#34;:\&#34;icmp-responder?app=icmp\&#34;},{\&#34;name\&#34;:\&#34;NSM_NAMESPACE\&#34;,\&#34;value\&#34;:\&#34;default\&#34;}],\&#34;resources\&#34;:{\&#34;limits\&#34;:{\&#34;networkservicemesh.io/socket\&#34;:\&#34;1\&#34;},\&#34;requests\&#34;:{\&#34;networkservicemesh.io/socket\&#34;:\&#34;1\&#34;}},\&#34;volumeMounts\&#34;:[{\&#34;name\&#34;:\&#34;nsc-acc-token-lc625\&#34;,\&#34;readOnly\&#34;:true,\&#34;mountPath\&#34;:\&#34;/var/run/secrets/kubernetes.io/serviceaccount\&#34;}],\&#34;terminationMessagePath\&#34;:\&#34;/dev/termination-log\&#34;,\&#34;terminationMessagePolicy\&#34;:\&#34;File\&#34;,\&#34;imagePullPolicy\&#34;:\&#34;IfNotPresent\&#34;}],\&#34;containers\&#34;:[{\&#34;name\&#34;:\&#34;alpine-img\&#34;,\&#34;image\&#34;:\&#34;alpine:latest\&#34;,\&#34;command\&#34;:[\&#34;tail\&#34;,\&#34;-f\&#34;,\&#34;/dev/null\&#34;],\&#34;resources\&#34;:{},\&#34;volumeMounts\&#34;:[{\&#34;name\&#34;:\&#34;nsc-acc-token-lc625\&#34;,\&#34;readOnly\&#34;:true,\&#34;mountPath\&#34;:\&#34;/var/run/secrets/kubernetes.io/serviceaccount\&#34;}],\&#34;terminationMessagePath\&#34;:\&#34;/dev/termination-log\&#34;,\&#34;terminationMessagePolicy\&#34;:\&#34;File\&#34;,\&#34;imagePullPolicy\&#34;:\&#34;IfNotPresent\&#34;},{\&#34;name\&#34;:\&#34;nsm-dns-monitor\&#34;,\&#34;image\&#34;:\&#34;containers.cisco.com/appn/nsm-monitor:vl3_latest\&#34;,\&#34;command\&#34;:[\&#34;/bin/nsm-monitor\&#34;],\&#34;env\&#34;:[{\&#34;name\&#34;:\&#34;MONITOR_DNS_CONFIGS\&#34;,\&#34;value\&#34;:\&#34;true\&#34;},{\&#34;name\&#34;:\&#34;NS_NETWORKSERVICEMESH_IO\&#34;,\&#34;value\&#34;:\&#34;icmp-responder?app=icmp\&#34;}],\&#34;resources\&#34;:{\&#34;limits\&#34;:{\&#34;networkservicemesh.io/socket\&#34;:\&#34;1\&#34;},\&#34;requests\&#34;:{\&#34;networkservicemesh.io/socket\&#34;:\&#34;1\&#34;}},\&#34;volumeMounts\&#34;:[{\&#34;name\&#34;:\&#34;nsm-coredns-volume\&#34;,\&#34;mountPath\&#34;:\&#34;/etc/coredns\&#34;},{\&#34;name\&#34;:\&#34;nsc-acc-token-lc625\&#34;,\&#34;readOnly\&#34;:true,\&#34;mountPath\&#34;:\&#34;/var/run/secrets/kubernetes.io/serviceaccount\&#34;}],\&#34;terminationMessagePath\&#34;:\&#34;/dev/termination-log\&#34;,\&#34;terminationMessagePolicy\&#34;:\&#34;File\&#34;,\&#34;imagePullPolicy\&#34;:\&#34;IfNotPresent\&#34;},{\&#34;name\&#34;:\&#34;coredns\&#34;,\&#34;image\&#34;:\&#34;containers.cisco.com/appn/nsm-coredns:vl3_latest\&#34;,\&#34;args\&#34;:[\&#34;-conf\&#34;,\&#34;/etc/coredns/Corefile\&#34;],\&#34;resources\&#34;:{\&#34;limits\&#34;:{\&#34;networkservicemesh.io/socket\&#34;:\&#34;1\&#34;},\&#34;requests\&#34;:{\&#34;networkservicemesh.io/socket\&#34;:\&#34;1\&#34;}},\&#34;volumeMounts\&#34;:[{\&#34;name\&#34;:\&#34;nsm-coredns-volume\&#34;,\&#34;mountPath\&#34;:\&#34;/etc/coredns\&#34;},{\&#34;name\&#34;:\&#34;nsc-acc-token-lc625\&#34;,\&#34;readOnly\&#34;:true,\&#34;mountPath\&#34;:\&#34;/var/run/secrets/kubernetes.io/serviceaccount\&#34;}],\&#34;terminationMessagePath\&#34;:\&#34;/dev/termination-log\&#34;,\&#34;terminationMessagePolicy\&#34;:\&#34;File\&#34;,\&#34;imagePullPolicy\&#34;:\&#34;IfNotPresent\&#34;}],\&#34;restartPolicy\&#34;:\&#34;Always\&#34;,\&#34;terminationGracePeriodSeconds\&#34;:30,\&#34;dnsPolicy\&#34;:\&#34;ClusterFirst\&#34;,\&#34;nodeSelector\&#34;:{\&#34;kubernetes.io/hostname\&#34;:\&#34;kind-1-worker\&#34;},\&#34;serviceAccountName\&#34;:\&#34;nsc-acc\&#34;,\&#34;serviceAccount\&#34;:\&#34;nsc-acc\&#34;,\&#34;nodeName\&#34;:\&#34;kind-1-worker\&#34;,\&#34;securityContext\&#34;:{},\&#34;schedulerName\&#34;:\&#34;default-scheduler\&#34;,\&#34;tolerations\&#34;:[{\&#34;key\&#34;:\&#34;node.kubernetes.io/not-ready\&#34;,\&#34;operator\&#34;:\&#34;Exists\&#34;,\&#34;effect\&#34;:\&#34;NoExecute\&#34;,\&#34;tolerationSeconds\&#34;:300},{\&#34;key\&#34;:\&#34;node.kubernetes.io/unreachable\&#34;,\&#34;operator\&#34;:\&#34;Exists\&#34;,\&#34;effect\&#34;:\&#34;NoExecute\&#34;,\&#34;tolerationSeconds\&#34;:300}],\&#34;priority\&#34;:0,\&#34;enableServiceLinks\&#34;:true},\&#34;status\&#34;:{\&#34;phase\&#34;:\&#34;Pending\&#34;,\&#34;conditions\&#34;:[{\&#34;type\&#34;:\&#34;Initialized\&#34;,\&#34;status\&#34;:\&#34;False\&#34;,\&#34;lastProbeTime\&#34;:null,\&#34;lastTransitionTime\&#34;:\&#34;2021-06-09T03:03:28Z\&#34;,\&#34;reason\&#34;:\&#34;ContainersNotInitialized\&#34;,\&#34;message\&#34;:\&#34;containers with incomplete status: [nsm-init-container]\&#34;},{\&#34;type\&#34;:\&#34;Ready\&#34;,\&#34;status\&#34;:\&#34;False\&#34;,\&#34;lastProbeTime\&#34;:null,\&#34;lastTransitionTime\&#34;:\&#34;2021-06-09T03:03:28Z\&#34;,\&#34;reason\&#34;:\&#34;ContainersNotReady\&#34;,\&#34;message\&#34;:\&#34;containers with unready status: [alpine-img nsm-dns-monitor coredns]\&#34;},{\&#34;type\&#34;:\&#34;ContainersReady\&#34;,\&#34;status\&#34;:\&#34;False\&#34;,\&#34;lastProbeTime\&#34;:null,\&#34;lastTransitionTime\&#34;:\&#34;2021-06-09T03:03:28Z\&#34;,\&#34;reason\&#34;:\&#34;ContainersNotReady\&#34;,\&#34;message\&#34;:\&#34;containers with unready status: [alpine-img nsm-dns-monitor coredns]\&#34;},{\&#34;type\&#34;:\&#34;PodScheduled\&#34;,\&#34;status\&#34;:\&#34;True\&#34;,\&#34;lastProbeTime\&#34;:null,\&#34;lastTransitionTime\&#34;:\&#34;2021-06-09T03:03:28Z\&#34;}],\&#34;hostIP\&#34;:\&#34;172.17.0.4\&#34;,\&#34;podIP\&#34;:\&#34;10.244.2.63\&#34;,\&#34;podIPs\&#34;:[{\&#34;ip\&#34;:\&#34;10.244.2.63\&#34;}],\&#34;startTime\&#34;:\&#34;2021-06-09T03:03:28Z\&#34;,\&#34;initContainerStatuses\&#34;:[{\&#34;name\&#34;:\&#34;nsm-dns-init\&#34;,\&#34;state\&#34;:{\&#34;terminated\&#34;:{\&#34;exitCode\&#34;:0,\&#34;reason\&#34;:\&#34;Completed\&#34;,\&#34;startedAt\&#34;:\&#34;2021-06-09T03:03:29Z\&#34;,\&#34;finishedAt\&#34;:\&#34;2021-06-09T03:03:29Z\&#34;,\&#34;containerID\&#34;:\&#34;containerd://26ce5c71379f7916df17726f8de8b92db9a3cb70df0975da555481df3b3bf476\&#34;}},\&#34;lastState\&#34;:{},\&#34;ready\&#34;:true,\&#34;restartCount\&#34;:0,\&#34;image\&#34;:\&#34;containers.cisco.com/appn/nsm-dns-init:vl3_latest\&#34;,\&#34;imageID\&#34;:\&#34;sha256:b880063adb8e1fd62ddf9a5015c78561d9092410fccefd5e02c45e763502e936\&#34;,\&#34;containerID\&#34;:\&#34;containerd://26ce5c71379f7916df17726f8de8b92db9a3cb70df0975da555481df3b3bf476\&#34;},{\&#34;name\&#34;:\&#34;nsm-init-container\&#34;,\&#34;state\&#34;:{\&#34;running\&#34;:{\&#34;startedAt\&#34;:\&#34;2021-06-09T03:03:30Z\&#34;}},\&#34;lastState\&#34;:{},\&#34;ready\&#34;:false,\&#34;restartCount\&#34;:0,\&#34;image\&#34;:\&#34;containers.cisco.com/appn/nsm-init:vl3_latest\&#34;,\&#34;imageID\&#34;:\&#34;sha256:40c167f519ed8ff354adfed9786b94f776297b51ae257f63dd9520d8c1dc37b8\&#34;,\&#34;containerID\&#34;:\&#34;containerd://a7a2e9be61865e47d01771868cd36384fc9e55c3067a5cfbf3dda32a6e08ee3d\&#34;}],\&#34;containerStatuses\&#34;:[{\&#34;name\&#34;:\&#34;alpine-img\&#34;,\&#34;state\&#34;:{\&#34;waiting\&#34;:{\&#34;reason\&#34;:\&#34;PodInitializing\&#34;}},\&#34;lastState\&#34;:{},\&#34;ready\&#34;:false,\&#34;restartCount\&#34;:0,\&#34;image\&#34;:\&#34;alpine:latest\&#34;,\&#34;imageID\&#34;:\&#34;\&#34;,\&#34;started\&#34;:false},{\&#34;name\&#34;:\&#34;coredns\&#34;,\&#34;state\&#34;:{\&#34;waiting\&#34;:{\&#34;reason\&#34;:\&#34;PodInitializing\&#34;}},\&#34;lastState\&#34;:{},\&#34;ready\&#34;:false,\&#34;restartCount\&#34;:0,\&#34;image\&#34;:\&#34;containers.cisco.com/appn/nsm-coredns:vl3_latest\&#34;,\&#34;imageID\&#34;:\&#34;\&#34;,\&#34;started\&#34;:false},{\&#34;name\&#34;:\&#34;nsm-dns-monitor\&#34;,\&#34;state\&#34;:{\&#34;waiting\&#34;:{\&#34;reason\&#34;:\&#34;PodInitializing\&#34;}},\&#34;lastState\&#34;:{},\&#34;ready\&#34;:false,\&#34;restartCount\&#34;:0,\&#34;image\&#34;:\&#34;containers.cisco.com/appn/nsm-monitor:vl3_latest\&#34;,\&#34;imageID\&#34;:\&#34;\&#34;,\&#34;started\&#34;:false}],\&#34;qosClass\&#34;:\&#34;BestEffort\&#34;}}\n&lt;&lt;&lt;&lt;&lt;&lt;&lt;&lt;&lt;&lt;&#34;&#xA;time=&#34;2021-06-08T20:06:30-07:00&#34; level=error msg=&#34;Error Creating Pod: nsc-1 Failed to deploy pod&#34;&#xA;k8s.go:904:&#xA;goroutine 39 [running]:&#xA;runtime/debug.Stack(0x231a3c0, 0xc000585950, 0x30b6488)&#xA;/usr/local/go/src/runtime/debug/stack.go:24 +0x9f&#xA;github.com/networkservicemesh/networkservicemesh/test/kubetest.(*K8s).CreatePodsRaw(0xc000358300, 0x29e8d60800, 0xc000cc1d01, 0xc000ccbd30, 0x1, 0x1, 0x0, 0x0, 0x0, 0x0, ...)&#xA;/Users/nispatil/go/src/github.com/cisco-app-networking/nsm_publish/networkservicemesh/test/kubetest/k8s.go:904 +0x8cc&#xA;github.com/networkservicemesh/networkservicemesh/test/kubetest.(*K8s).CreatePod(0xc000358300, 0xc0008b0800, 0x24dd280)&#xA;/Users/nispatil/go/src/github.com/cisco-app-networking/nsm_publish/networkservicemesh/test/kubetest/k8s.go:920 +0x72&#xA;github.com/networkservicemesh/networkservicemesh/test/kubetest.deployNSC(0xc000358300, 0xc00050fea0, 0xd, 0x24bfedd, 0x5, 0x24d1943, 0x12, 0x1bf08eb000, 0xc0008b0800, 0x0)&#xA;/Users/nispatil/go/src/github.com/cisco-app-networking/nsm_publish/networkservicemesh/test/kubetest/utils.go:542 +0x1c5&#xA;github.com/networkservicemesh/networkservicemesh/test/kubetest.DeployNSCWebhook(0xc000358300, 0xc0008b8c00, 0x24bfedd, 0x5, 0x1bf08eb000, 0x17)&#xA;/Users/nispatil/go/src/github.com/cisco-app-networking/nsm_publish/networkservicemesh/test/kubetest/utils.go:422 +0x2b9&#xA;github.com/networkservicemesh/networkservicemesh/test/integration.TestDNSExternalClient(0xc00034e900)&#xA;/Users/nispatil/go/src/github.com/cisco-app-networking/nsm_publish/networkservicemesh/test/integration/basic_dns_test.go:103 +0x40b&#xA;testing.tRunner(0xc00034e900, 0x25771c0)&#xA;/usr/local/go/src/testing/testing.go:1123 +0xef&#xA;created by testing.(*T).Run&#xA;/usr/local/go/src/testing/testing.go:1168 +0x2b3&#xA;&#xA;Expected&#xA;&lt;int&gt;: 1&#xA;to equal&#xA;&lt;int&gt;: 0&#xA;E0608 20:06:31.167767   31677 portforward.go:409] error closing listener: close tcp4 127.0.0.1:51275: use of closed network connection&#xA;E0608 20:06:31.167788   31677 portforward.go:409] error closing listener: close tcp6 [::1]:51275: use of closed network connection&#xA;time=&#34;2021-06-08T20:06:31-07:00&#34; level=error msg=&#34;Failed to get logs from nsc-1 err: container \&#34;alpine-img\&#34; in pod \&#34;nsc-1\&#34; is waiting to start: PodInitializing&#34;&#xA;time=&#34;2021-06-08T20:06:31-07:00&#34; level=warning msg=&#34;Can not get logs for container: alpine-img, Error: container \&#34;alpine-img\&#34; in pod \&#34;nsc-1\&#34; is waiting to start: PodInitializing&#34;&#xA;time=&#34;2021-06-08T20:06:32-07:00&#34; level=error msg=&#34;Failed to get logs from jaeger err: previous terminated container \&#34;jaeger\&#34; in pod \&#34;jaeger\&#34; not found&#34;&#xA;time=&#34;2021-06-08T20:06:32-07:00&#34; level=warning msg=&#34;Can not get logs for container: jaeger, Error: previous terminated container \&#34;jaeger\&#34; in pod \&#34;jaeger\&#34; not found&#34;&#xA;time=&#34;2021-06-08T20:06:32-07:00&#34; level=error msg=&#34;Failed to get logs from nsm-admission-webhook-85df55c45-wp5ln err: previous terminated container \&#34;nsm-admission-webhook\&#34; in pod \&#34;nsm-admission-webhook-85df55c45-wp5ln\&#34; not found&#34;&#xA;time=&#34;2021-06-08T20:06:32-07:00&#34; level=warning msg=&#34;Can not get logs for container: nsm-admission-webhook, Error: previous terminated container \&#34;nsm-admission-webhook\&#34; in pod \&#34;nsm-admission-webhook-85df55c45-wp5ln\&#34; not found&#34;&#xA;time=&#34;2021-06-08T20:06:32-07:00&#34; level=error msg=&#34;Failed to get logs from icmp-responder err: previous terminated container \&#34;icmp-responder\&#34; in pod \&#34;icmp-responder\&#34; not found&#34;&#xA;time=&#34;2021-06-08T20:06:32-07:00&#34; level=warning msg=&#34;Can not get logs for container: icmp-responder, Error: previous terminated container \&#34;icmp-responder\&#34; in pod \&#34;icmp-responder\&#34; not found&#34;&#xA;time=&#34;2021-06-08T20:06:33-07:00&#34; level=error msg=&#34;Failed to get logs from nsmd-forwarder-kind-1-worker err: previous terminated container \&#34;vppagent-forwarder\&#34; in pod \&#34;nsmd-forwarder-kind-1-worker\&#34; not found&#34;&#xA;time=&#34;2021-06-08T20:06:33-07:00&#34; level=warning msg=&#34;Can not get logs for container: vppagent-forwarder, Error: previous terminated container \&#34;vppagent-forwarder\&#34; in pod \&#34;nsmd-forwarder-kind-1-worker\&#34; not found&#34;&#xA;time=&#34;2021-06-08T20:06:34-07:00&#34; level=error msg=&#34;Failed to get logs from nsc-1 err: previous terminated container \&#34;alpine-img\&#34; in pod \&#34;nsc-1\&#34; not found&#34;&#xA;time=&#34;2021-06-08T20:06:34-07:00&#34; level=warning msg=&#34;Can not get logs for container: alpine-img, Error: previous terminated container \&#34;alpine-img\&#34; in pod \&#34;nsc-1\&#34; not found&#34;&#xA;time=&#34;2021-06-08T20:06:34-07:00&#34; level=error msg=&#34;Failed to get logs from prefix-service err: previous terminated container \&#34;prefix-service\&#34; in pod \&#34;prefix-service\&#34; not found&#34;&#xA;time=&#34;2021-06-08T20:06:34-07:00&#34; level=warning msg=&#34;Can not get logs for container: prefix-service, Error: previous terminated container \&#34;prefix-service\&#34; in pod \&#34;prefix-service\&#34; not found&#34;&#xA;time=&#34;2021-06-08T20:06:34-07:00&#34; level=error msg=&#34;Failed to get logs from nsc-1 err: previous terminated container \&#34;nsm-dns-init\&#34; in pod \&#34;nsc-1\&#34; not found&#34;&#xA;time=&#34;2021-06-08T20:06:34-07:00&#34; level=warning msg=&#34;Can not get logs for container: nsm-dns-init, Error: previous terminated container \&#34;nsm-dns-init\&#34; in pod \&#34;nsc-1\&#34; not found&#34;&#xA;time=&#34;2021-06-08T20:06:35-07:00&#34; level=error msg=&#34;Failed to get logs from spire-proxy err: previous terminated container \&#34;spire-proxy\&#34; in pod \&#34;spire-proxy\&#34; not found&#34;&#xA;time=&#34;2021-06-08T20:06:35-07:00&#34; level=warning msg=&#34;Can not get logs for container: spire-proxy, Error: previous terminated container \&#34;spire-proxy\&#34; in pod \&#34;spire-proxy\&#34; not found&#34;&#xA;time=&#34;2021-06-08T20:06:35-07:00&#34; level=error msg=&#34;Failed to get logs from nsmgr-kind-1-worker err: previous terminated container \&#34;nsmdp\&#34; in pod \&#34;nsmgr-kind-1-worker\&#34; not found&#34;&#xA;time=&#34;2021-06-08T20:06:35-07:00&#34; level=warning msg=&#34;Can not get logs for container: nsmdp, Error: previous terminated container \&#34;nsmdp\&#34; in pod \&#34;nsmgr-kind-1-worker\&#34; not found&#34;&#xA;time=&#34;2021-06-08T20:06:35-07:00&#34; level=info msg=&#34;artifacts: [0xc000894800 0xc000c52000 0xc000894a80 0xc000894c40 0xc000894dc0 0xc000298180 0xc000298a00 0xc000298a80 0xc000299240 0xc000c52040 0xc000796340 0xc000c52300]&#34;&#xA;time=&#34;2021-06-08T20:06:35-07:00&#34; level=info msg=&#34;Deleting nsc-1&#34;&#xA;time=&#34;2021-06-08T20:06:35-07:00&#34; level=info msg=&#34;Deleting prefix-service&#34;&#xA;time=&#34;2021-06-08T20:06:35-07:00&#34; level=info msg=&#34;Deleting icmp-responder&#34;&#xA;time=&#34;2021-06-08T20:06:35-07:00&#34; level=info msg=&#34;Deleting nsmd-forwarder-kind-1-worker&#34;&#xA;time=&#34;2021-06-08T20:06:35-07:00&#34; level=info msg=&#34;Deleting nsmgr-kind-1-worker&#34;&#xA;time=&#34;2021-06-08T20:06:35-07:00&#34; level=info msg=&#34;Deleting jaeger&#34;&#xA;time=&#34;2021-06-08T20:06:35-07:00&#34; level=info msg=&#34;Deleting spire-proxy&#34;&#xA;E0608 20:06:35.538605   31677 portforward.go:409] error closing listener: close tcp4 127.0.0.1:51260: use of closed network connection&#xA;E0608 20:06:35.538650   31677 portforward.go:409] error closing listener: close tcp6 [::1]:51260: use of closed network connection&#xA;time=&#34;2021-06-08T20:06:35-07:00&#34; level=error msg=&#34;An error during delete service: nsm-admission-webhook-svc, err: services \&#34;nsm-admission-webhook-svc\&#34; not found&#34;&#xA;I0608 20:06:36.728087   31677 request.go:621] Throttling request took 1.189523323s, request: DELETE:https://127.0.0.1:55081/api/v1/namespaces/nsm-system/pods/icmp-responder&#xA;time=&#34;2021-06-08T20:06:38-07:00&#34; level=warning msg=&#34;The POD &#39;prefix-service&#39; Deleted 2.793546588s&#34;&#xA;time=&#34;2021-06-08T20:06:38-07:00&#34; level=warning msg=&#34;The POD &#39;icmp-responder&#39; Deleted 2.99056257s&#34;&#xA;time=&#34;2021-06-08T20:06:38-07:00&#34; level=warning msg=&#34;The POD &#39;nsmd-forwarder-kind-1-worker&#39; Deleted 3.19271734s&#34;&#xA;time=&#34;2021-06-08T20:06:39-07:00&#34; level=warning msg=&#34;The POD &#39;spire-proxy&#39; Deleted 3.793405478s&#34;&#xA;time=&#34;2021-06-08T20:06:43-07:00&#34; level=warning msg=&#34;The POD &#39;nsmgr-kind-1-worker&#39; Deleted 8.398818837s&#34;&#xA;time=&#34;2021-06-08T20:06:44-07:00&#34; level=warning msg=&#34;The POD &#39;jaeger&#39; Deleted 8.600138437s&#34;&#xA;time=&#34;2021-06-08T20:06:44-07:00&#34; level=warning msg=&#34;The POD &#39;nsc-1&#39; Deleted 8.800297528s&#34;&#xA;time=&#34;2021-06-08T20:06:44-07:00&#34; level=info msg=&#34;namespace nsm-system is deleted&#34;&#xA;time=&#34;2021-06-08T20:06:44-07:00&#34; level=info msg=&#34;Cleanup time: 9.000337437s&#34;&#xA;--- FAIL: TestDNSExternalClient (236.44s)&#xA;FAIL&#xA;FAIL&#x9;github.com/networkservicemesh/networkservicemesh/test/integration&#x9;237.000s&#xA;FAIL&#xA;TestDNSExternalClient: OnFail: running on fail script operations with KUBECONFIG=/Users/nispatil/go/src/github.com/cisco-app-networking/nsm_publish/networkservicemesh/.tests/cloud_test/single-cluster/shell/kind-1/config on cloud kind-1&#xA;make -i k8s-deconfig helm-delete k8s-terminating-cleanup k8s-delete-nsm-namespaces || true&#xA;helm uninstall config --namespace nsm-system || true&#xA;WARNING: Kubernetes configuration file is group-readable. This is insecure. Location: /Users/nispatil/go/src/github.com/cisco-app-networking/nsm_publish/networkservicemesh/.tests/cloud_test/single-cluster/shell/kind-1/config&#xA;WARNING: Kubernetes configuration file is world-readable. This is insecure. Location: /Users/nispatil/go/src/github.com/cisco-app-networking/nsm_publish/networkservicemesh/.tests/cloud_test/single-cluster/shell/kind-1/config&#xA;release &#34;config&#34; uninstalled&#xA;./scripts/helm-nsm-uninstall.sh --nsm_namespace nsm-system --all&#xA;&#xA;Helm version detected: v3.3.4&#xA;Cleaning up NSM&#xA;xargs: illegal option -- -&#xA;usage: xargs [-0opt] [-E eofstr] [-I replstr [-R replacements] [-S replsize]]&#xA;[-J replstr] [-L number] [-n number [-x]] [-P maxprocs]&#xA;[-s size] [utility [argument ...]]&#xA;WARNING: Kubernetes configuration file is group-readable. This is insecure. Location: /Users/nispatil/go/src/github.com/cisco-app-networking/nsm_publish/networkservicemesh/.tests/cloud_test/single-cluster/shell/kind-1/config&#xA;WARNING: Kubernetes configuration file is world-readable. This is insecure. Location: /Users/nispatil/go/src/github.com/cisco-app-networking/nsm_publish/networkservicemesh/.tests/cloud_test/single-cluster/shell/kind-1/config&#xA;make[1]: [helm-delete] Error 1 (ignored)&#xA;xargs: illegal option -- -&#xA;usage: xargs [-0opt] [-E eofstr] [-I replstr [-R replacements] [-S replsize]]&#xA;[-J replstr] [-L number] [-n number [-x]] [-P maxprocs]&#xA;[-s size] [utility [argument ...]]&#xA;No resources found in nsm-system namespace.&#xA;make[1]: [k8s-terminating-cleanup] Error 1 (ignored)&#xA;Running delete-nsm-namespaces script&#xA;NSM_NAMESPACE=nsm-system&#xA;Checking ns: default&#xA;Checking ns: kube-node-lease&#xA;Checking ns: kube-public&#xA;Checking ns: kube-system&#xA;Checking ns: local-path-storage&#xA;Checking ns: nsm-system&#xA;Deleting ns: nsm-system&#xA;warning: Immediate deletion does not wait for confirmation that the running resource has been terminated. The resource may continue to run on the cluster indefinitely.&#xA;No resources found&#xA;namespace &#34;nsm-system&#34; deleted&#xA;Checking ns: spire&#xA;make k8s-config &amp;&amp; echo &#34;Cluster reset successfull&#34;&#xA;namespace/nsm-system created&#xA;helm --namespace nsm-system install config deployments/helm/nsm/charts/config&#xA;WARNING: Kubernetes configuration file is group-readable. This is insecure. Location: /Users/nispatil/go/src/github.com/cisco-app-networking/nsm_publish/networkservicemesh/.tests/cloud_test/single-cluster/shell/kind-1/config&#xA;WARNING: Kubernetes configuration file is world-readable. This is insecure. Location: /Users/nispatil/go/src/github.com/cisco-app-networking/nsm_publish/networkservicemesh/.tests/cloud_test/single-cluster/shell/kind-1/config&#xA;NAME: config&#xA;LAST DEPLOYED: Tue Jun  8 20:06:52 2021&#xA;NAMESPACE: nsm-system&#xA;STATUS: deployed&#xA;REVISION: 1&#xA;TEST SUITE: None&#xA;Cluster reset successfull</failure>
                  </testcase>
                  <testcase classname="" name="TestCrossConnectMonitorRestart" time="238.36454566" cluster_instance="kind-1">
                      <failure message="Test execution failed TestCrossConnectMonitorRestart" type="ERROR">Execution attempt: 0 Output file: .tests/cloud_test/single-cluster/kind-1/030-TestCrossConnectMonitorRestart-run.log&#xA;Starting TestCrossConnectMonitorRestart on kind-1&#xA;Command line go test . -test.timeout 10m0s -count 1 --run &#34;^(TestCrossConnectMonitorRestart)$\\z&#34; --tags &#34;basic&#34; --test.v&#xA;env==[KUBECONFIG=/Users/nispatil/go/src/github.com/cisco-app-networking/nsm_publish/networkservicemesh/.tests/cloud_test/single-cluster/shell/kind-1/config ARTIFACTS_DIR=/Users/nispatil/go/src/github.com/cisco-app-networking/nsm_publish/networkservicemesh/.tests/cloud_test/single-cluster/kind-1/TestCrossConnectMonitorRestart]&#xA;&#xA;=== RUN   TestCrossConnectMonitorRestart&#xA;time=&#34;2021-06-08T20:07:17-07:00&#34; level=info msg=&#34;Using Kubeconfig: /Users/nispatil/go/src/github.com/cisco-app-networking/nsm_publish/networkservicemesh/.tests/cloud_test/single-cluster/shell/kind-1/config&#34;&#xA;time=&#34;2021-06-08T20:07:17-07:00&#34; level=info msg=&#34;FORWARDING_PLANE not set, using default forwarder - vpp&#34;&#xA;time=&#34;2021-06-08T20:07:17-07:00&#34; level=info msg=&#34;Creating artifact manager with config: &amp;{4 false /Users/nispatil/go/src/github.com/cisco-app-networking/nsm_publish/networkservicemesh/.tests/cloud_test/single-cluster/kind-1/TestCrossConnectMonitorRestart}&#34;&#xA;time=&#34;2021-06-08T20:07:17-07:00&#34; level=error msg=&#34;Error during create of test namespace failed to create a namespace: namespaces \&#34;nsm-system\&#34; already exists&#34;&#xA;time=&#34;2021-06-08T20:07:17-07:00&#34; level=info msg=&#34;Checking availability of API server on 127.0.0.1&#34;&#xA;time=&#34;2021-06-08T20:07:21-07:00&#34; level=info msg=&#34;PING 127.0.0.1 (127.0.0.1): 56 data bytes\n64 bytes from 127.0.0.1: icmp_seq=0 ttl=64 time=0.040 ms\n64 bytes from 127.0.0.1: icmp_seq=1 ttl=64 time=0.066 ms\n64 bytes from 127.0.0.1: icmp_seq=2 ttl=64 time=0.094 ms\n64 bytes from 127.0.0.1: icmp_seq=3 ttl=64 time=0.093 ms\n64 bytes from 127.0.0.1: icmp_seq=4 ttl=64 time=0.098 ms\n\n--- 127.0.0.1 ping statistics ---\n5 packets transmitted, 5 packets received, 0.0%!p(MISSING)acket loss\nround-trip min/avg/max/stddev = 0.040/0.078/0.098/0.022 ms\n&#34;&#xA;time=&#34;2021-06-08T20:07:21-07:00&#34; level=info msg=&#34;USE_IPV6 not set, using default false&#34;&#xA;time=&#34;2021-06-08T20:07:21-07:00&#34; level=error msg=&#34;serviceaccounts \&#34;nsc-acc\&#34; not found&#34;&#xA;time=&#34;2021-06-08T20:07:21-07:00&#34; level=error msg=&#34;serviceaccounts \&#34;nse-acc\&#34; not found&#34;&#xA;time=&#34;2021-06-08T20:07:21-07:00&#34; level=error msg=&#34;serviceaccounts \&#34;nsmgr-acc\&#34; not found&#34;&#xA;time=&#34;2021-06-08T20:07:21-07:00&#34; level=error msg=&#34;serviceaccounts \&#34;nsmrs-acc\&#34; not found&#34;&#xA;time=&#34;2021-06-08T20:07:22-07:00&#34; level=error msg=&#34;serviceaccounts \&#34;forward-plane-acc\&#34; not found&#34;&#xA;time=&#34;2021-06-08T20:07:22-07:00&#34; level=error msg=&#34;serviceaccounts \&#34;crossconnect-monitor-acc\&#34; not found&#34;&#xA;time=&#34;2021-06-08T20:07:22-07:00&#34; level=error msg=&#34;serviceaccounts \&#34;proxy-nsmgr-acc\&#34; not found&#34;&#xA;time=&#34;2021-06-08T20:07:22-07:00&#34; level=info msg=&#34;Cleanup done: 846.168943ms&#34;&#xA;time=&#34;2021-06-08T20:07:22-07:00&#34; level=info msg=&#34;&amp;ServiceAccount{ObjectMeta:{default  nsm-system /api/v1/namespaces/nsm-system/serviceaccounts/default adff81b0-6069-40a1-88e1-04e1093ec9ba 15471 0 2021-06-08 20:07:12 -0700 PDT &lt;nil&gt; &lt;nil&gt; map[] map[] [] []  []},Secrets:[]ObjectReference{ObjectReference{Kind:,Namespace:,Name:default-token-lfrtp,UID:,APIVersion:,ResourceVersion:,FieldPath:,},},ImagePullSecrets:[]LocalObjectReference{},AutomountServiceAccountToken:nil,}&#34;&#xA;I0608 20:07:23.728388   32722 request.go:621] Throttling request took 1.153681958s, request: POST:https://127.0.0.1:55081/api/v1/namespaces/nsm-system/serviceaccounts&#xA;time=&#34;2021-06-08T20:07:24-07:00&#34; level=info msg=&#34;&amp;ServiceAccount{ObjectMeta:{nse-acc  nsm-system /api/v1/namespaces/nsm-system/serviceaccounts/nse-acc 7592c0b2-3d86-424c-881f-fff4f7b0cd93 15535 0 2021-06-08 20:07:22 -0700 PDT &lt;nil&gt; &lt;nil&gt; map[] map[] [] []  []},Secrets:[]ObjectReference{ObjectReference{Kind:,Namespace:,Name:nse-acc-token-klrgr,UID:,APIVersion:,ResourceVersion:,FieldPath:,},},ImagePullSecrets:[]LocalObjectReference{},AutomountServiceAccountToken:nil,}&#34;&#xA;time=&#34;2021-06-08T20:07:24-07:00&#34; level=info msg=&#34;&amp;ServiceAccount{ObjectMeta:{crossconnect-monitor-acc  nsm-system /api/v1/namespaces/nsm-system/serviceaccounts/crossconnect-monitor-acc 3addf02a-3695-4ee5-b1e6-382b4a5058e4 15538 0 2021-06-08 20:07:23 -0700 PDT &lt;nil&gt; &lt;nil&gt; map[] map[] [] []  []},Secrets:[]ObjectReference{ObjectReference{Kind:,Namespace:,Name:crossconnect-monitor-acc-token-b2t5q,UID:,APIVersion:,ResourceVersion:,FieldPath:,},},ImagePullSecrets:[]LocalObjectReference{},AutomountServiceAccountToken:nil,}&#34;&#xA;time=&#34;2021-06-08T20:07:24-07:00&#34; level=info msg=&#34;&amp;ServiceAccount{ObjectMeta:{proxy-nsmgr-acc  nsm-system /api/v1/namespaces/nsm-system/serviceaccounts/proxy-nsmgr-acc bd5317e3-8c68-4632-a95c-2b2df1ae3e1f 15541 0 2021-06-08 20:07:23 -0700 PDT &lt;nil&gt; &lt;nil&gt; map[] map[] [] []  []},Secrets:[]ObjectReference{ObjectReference{Kind:,Namespace:,Name:proxy-nsmgr-acc-token-lf4xk,UID:,APIVersion:,ResourceVersion:,FieldPath:,},},ImagePullSecrets:[]LocalObjectReference{},AutomountServiceAccountToken:nil,}&#34;&#xA;time=&#34;2021-06-08T20:07:24-07:00&#34; level=info msg=&#34;&amp;ServiceAccount{ObjectMeta:{forward-plane-acc  nsm-system /api/v1/namespaces/nsm-system/serviceaccounts/forward-plane-acc b4a05d00-960a-475a-8754-1a893dc911f5 15545 0 2021-06-08 20:07:23 -0700 PDT &lt;nil&gt; &lt;nil&gt; map[] map[] [] []  []},Secrets:[]ObjectReference{ObjectReference{Kind:,Namespace:,Name:forward-plane-acc-token-p5xg8,UID:,APIVersion:,ResourceVersion:,FieldPath:,},},ImagePullSecrets:[]LocalObjectReference{},AutomountServiceAccountToken:nil,}&#34;&#xA;time=&#34;2021-06-08T20:07:25-07:00&#34; level=info msg=&#34;&amp;ServiceAccount{ObjectMeta:{nsmgr-acc  nsm-system /api/v1/namespaces/nsm-system/serviceaccounts/nsmgr-acc 0a0d17e1-a0ee-47d4-8909-f7c31e1a5d87 15548 0 2021-06-08 20:07:23 -0700 PDT &lt;nil&gt; &lt;nil&gt; map[] map[] [] []  []},Secrets:[]ObjectReference{ObjectReference{Kind:,Namespace:,Name:nsmgr-acc-token-f6wgr,UID:,APIVersion:,ResourceVersion:,FieldPath:,},},ImagePullSecrets:[]LocalObjectReference{},AutomountServiceAccountToken:nil,}&#34;&#xA;time=&#34;2021-06-08T20:07:25-07:00&#34; level=info msg=&#34;&amp;ServiceAccount{ObjectMeta:{nsmrs-acc  nsm-system /api/v1/namespaces/nsm-system/serviceaccounts/nsmrs-acc e1db27e1-95d5-4f8b-8866-0cdb0bf19563 15551 0 2021-06-08 20:07:23 -0700 PDT &lt;nil&gt; &lt;nil&gt; map[] map[] [] []  []},Secrets:[]ObjectReference{ObjectReference{Kind:,Namespace:,Name:nsmrs-acc-token-6lbfr,UID:,APIVersion:,ResourceVersion:,FieldPath:,},},ImagePullSecrets:[]LocalObjectReference{},AutomountServiceAccountToken:nil,}&#34;&#xA;time=&#34;2021-06-08T20:07:25-07:00&#34; level=info msg=&#34;&amp;ServiceAccount{ObjectMeta:{nsc-acc  nsm-system /api/v1/namespaces/nsm-system/serviceaccounts/nsc-acc 7a05c348-323c-43f8-92fb-44179d86f1cf 15554 0 2021-06-08 20:07:24 -0700 PDT &lt;nil&gt; &lt;nil&gt; map[] map[] [] []  []},Secrets:[]ObjectReference{ObjectReference{Kind:,Namespace:,Name:nsc-acc-token-447fg,UID:,APIVersion:,ResourceVersion:,FieldPath:,},},ImagePullSecrets:[]LocalObjectReference{},AutomountServiceAccountToken:nil,}&#34;&#xA;time=&#34;2021-06-08T20:07:25-07:00&#34; level=info msg=&#34;Creating ConfigMap &#39;nsm-config&#39; in namespace&#39;nsm-system&#39;...&#34;&#xA;time=&#34;2021-06-08T20:07:25-07:00&#34; level=info msg=&#34;Using image: containers.cisco.com/appn/prefix-service:vl3_latest&#34;&#xA;time=&#34;2021-06-08T20:07:25-07:00&#34; level=info msg=&#34;Using image: containers.cisco.com/appn/test-common:vl3_latest&#34;&#xA;time=&#34;2021-06-08T20:07:25-07:00&#34; level=info msg=&#34;role is created: &amp;ClusterRoleBinding{ObjectMeta:{nsm-role-binding      0 0001-01-01 00:00:00 +0000 UTC &lt;nil&gt; &lt;nil&gt; map[] map[] [] []  []},Subjects:[]Subject{Subject{Kind:ServiceAccount,APIGroup:,Name:nsmgr-acc,Namespace:nsm-system,},Subject{Kind:ServiceAccount,APIGroup:,Name:proxy-nsmgr-acc,Namespace:nsm-system,},Subject{Kind:ServiceAccount,APIGroup:,Name:crossconnect-monitor-acc,Namespace:nsm-system,},},RoleRef:RoleRef{APIGroup:rbac.authorization.k8s.io,Kind:ClusterRole,Name:nsm-role,},}&#34;&#xA;time=&#34;2021-06-08T20:07:25-07:00&#34; level=info msg=&#34;role is created: &amp;ClusterRole{ObjectMeta:{nsm-role  nsm-system    0 0001-01-01 00:00:00 +0000 UTC &lt;nil&gt; &lt;nil&gt; map[rbac.authorization.k8s.io/aggregate-to-admin:true rbac.authorization.k8s.io/aggregate-to-edit:true] map[] [] []  []},Rules:[]PolicyRule{PolicyRule{Verbs:[*],APIGroups:[networkservicemesh.io],Resources:[networkservices networkserviceendpoints networkservicemanagers],ResourceNames:[],NonResourceURLs:[],},PolicyRule{Verbs:[*],APIGroups:[apiextensions.k8s.io],Resources:[customresourcedefinitions],ResourceNames:[],NonResourceURLs:[],},PolicyRule{Verbs:[get update],APIGroups:[],Resources:[configmaps],ResourceNames:[],NonResourceURLs:[],},PolicyRule{Verbs:[get list watch],APIGroups:[],Resources:[nodes services namespaces],ResourceNames:[],NonResourceURLs:[],},},AggregationRule:nil,}&#34;&#xA;time=&#34;2021-06-08T20:07:25-07:00&#34; level=info msg=&#34;role is created: &amp;ClusterRole{ObjectMeta:{aggregate-network-services-view  nsm-system    0 0001-01-01 00:00:00 +0000 UTC &lt;nil&gt; &lt;nil&gt; map[rbac.authorization.k8s.io/aggregate-to-view:true] map[] [] []  []},Rules:[]PolicyRule{PolicyRule{Verbs:[get list watch],APIGroups:[networkservicemesh.io],Resources:[networkservices],ResourceNames:[],NonResourceURLs:[],},},AggregationRule:nil,}&#34;&#xA;time=&#34;2021-06-08T20:07:28-07:00&#34; level=info msg=&#34;Trying to establish connection with the spire provider at address:tcp://127.0.0.1:51346&#34;&#xA;time=&#34;2021-06-08T20:07:28-07:00&#34; level=info msg=&#34;Created the todo context:tcp://127.0.0.1:51346&#34;&#xA;time=&#34;2021-06-08T20:07:28-07:00&#34; level=info msg=&#34;Got x509:&amp;{0xc0000ff290 &lt;nil&gt; {{0 0} 0 0 0 0} 0xc0001130e0 0xc00000eb00 {{0 0} 0 0 0 0} false} &lt;nil&gt;&#34;&#xA;time=&#34;2021-06-08T20:07:28-07:00&#34; level=info msg=&#34;Started goroutine&#34;&#xA;time=&#34;2021-06-08T20:07:28-07:00&#34; level=info msg=&#34;Returning provider&#34;&#xA;time=&#34;2021-06-08T20:07:28-07:00&#34; level=info msg=&#34;Issued identity:spiffe://test.com/nsmgr&#34;&#xA;time=&#34;2021-06-08T20:07:29-07:00&#34; level=info msg=&#34;Checking node: kind-1-control-plane&#34;&#xA;time=&#34;2021-06-08T20:07:29-07:00&#34; level=info msg=&#34;Checking node: kind-1-worker&#34;&#xA;time=&#34;2021-06-08T20:07:29-07:00&#34; level=info msg=&#34;Checking node: kind-1-worker2&#34;&#xA;time=&#34;2021-06-08T20:07:29-07:00&#34; level=info msg=&#34;Using image: jaegertracing/all-in-one:1.14.0&#34;&#xA;time=&#34;2021-06-08T20:07:31-07:00&#34; level=info msg=&#34;getting logs without container jaeger=none&#34;&#xA;time=&#34;2021-06-08T20:07:31-07:00&#34; level=info msg=&#34;Using image: containers.cisco.com/appn/nsmdp:vl3_latest&#34;&#xA;time=&#34;2021-06-08T20:07:31-07:00&#34; level=info msg=&#34;Using image: containers.cisco.com/appn/nsmd:vl3_latest&#34;&#xA;time=&#34;2021-06-08T20:07:31-07:00&#34; level=info msg=&#34;Using image: containers.cisco.com/appn/nsmd-k8s:vl3_latest&#34;&#xA;time=&#34;2021-06-08T20:07:31-07:00&#34; level=info msg=&#34;Using image: containers.cisco.com/appn/nsmdp:vl3_latest&#34;&#xA;time=&#34;2021-06-08T20:07:31-07:00&#34; level=info msg=&#34;Using image: containers.cisco.com/appn/nsmd:vl3_latest&#34;&#xA;time=&#34;2021-06-08T20:07:31-07:00&#34; level=info msg=&#34;Using image: containers.cisco.com/appn/nsmd-k8s:vl3_latest&#34;&#xA;time=&#34;2021-06-08T20:07:31-07:00&#34; level=info msg=&#34;Using image: containers.cisco.com/appn/vppagent-forwarder:vl3_latest&#34;&#xA;time=&#34;2021-06-08T20:07:31-07:00&#34; level=info msg=&#34;Using image: containers.cisco.com/appn/vppagent-forwarder:vl3_latest&#34;&#xA;time=&#34;2021-06-08T20:07:39-07:00&#34; level=info msg=&#34;Started NSMgr/Forwarder: 7.618640441s on node kind-1-worker&#34;&#xA;I0608 20:07:40.137209   32722 request.go:621] Throttling request took 1.196030974s, request: GET:https://127.0.0.1:55081/api/v1/namespaces/nsm-system/pods/nsmgr-kind-1-worker2&#xA;time=&#34;2021-06-08T20:07:40-07:00&#34; level=info msg=&#34;Started NSMgr/Forwarder: 8.853307606s on node kind-1-worker2&#34;&#xA;time=&#34;2021-06-08T20:07:40-07:00&#34; level=info msg=&#34;Using image: containers.cisco.com/appn/test-common:vl3_latest&#34;&#xA;time=&#34;2021-06-08T20:07:40-07:00&#34; level=info msg=&#34;Starting ICMP Responder NSE on node: kind-1-worker2 &#34;&#xA;time=&#34;2021-06-08T20:07:47-07:00&#34; level=info msg=&#34;getting logs without container icmp-responder-nse-1=none&#34;&#xA;time=&#34;2021-06-08T20:07:47-07:00&#34; level=info msg=&#34;ICMP Responder icmp-responder-nse-1 started done: 6.773235371s&#34;&#xA;time=&#34;2021-06-08T20:07:47-07:00&#34; level=info msg=&#34;Starting NSC nsc-1 on node: kind-1-worker&#34;&#xA;time=&#34;2021-06-08T20:09:17-07:00&#34; level=info msg=&#34;Pod deploy half time passed: nsc-1&#34;&#xA;time=&#34;2021-06-08T20:10:47-07:00&#34; level=error msg=&#34;createAndBlock with pods: nsc-1 Timeout in waitTimeout&#34;&#xA;time=&#34;2021-06-08T20:10:47-07:00&#34; level=error msg=&#34;Failed to deploy pod, trying to get any information&#34;&#xA;time=&#34;2021-06-08T20:10:47-07:00&#34; level=error msg=&#34;blockUntilPodReady failed. Cause: Timeout during waiting for pod change status for pod nsc-1 [{Initialized False 0001-01-01 00:00:00 +0000 UTC 2021-06-08 20:07:47 -0700 PDT ContainersNotInitialized containers with incomplete status: [nsm-init]} {Ready False 0001-01-01 00:00:00 +0000 UTC 2021-06-08 20:07:47 -0700 PDT ContainersNotReady containers with unready status: [alpine-img]} {ContainersReady False 0001-01-01 00:00:00 +0000 UTC 2021-06-08 20:07:47 -0700 PDT ContainersNotReady containers with unready status: [alpine-img]} {PodScheduled True 0001-01-01 00:00:00 +0000 UTC 2021-06-08 20:07:47 -0700 PDT  }] status:  pod: nsc-1&#34;&#xA;time=&#34;2021-06-08T20:10:47-07:00&#34; level=info msg=&#34;Pod container information: nsc-1&#34;&#xA;time=&#34;2021-06-08T20:10:48-07:00&#34; level=info msg=&#34;Pod nsc-1 event: {\&#34;metadata\&#34;:{\&#34;name\&#34;:\&#34;nsc-1.1686cb235eb2e488\&#34;,\&#34;namespace\&#34;:\&#34;nsm-system\&#34;,\&#34;selfLink\&#34;:\&#34;/api/v1/namespaces/nsm-system/events/nsc-1.1686cb235eb2e488\&#34;,\&#34;uid\&#34;:\&#34;f2f009e1-b128-444d-baf7-22dc3aa22c35\&#34;,\&#34;resourceVersion\&#34;:\&#34;15727\&#34;,\&#34;creationTimestamp\&#34;:\&#34;2021-06-09T03:07:48Z\&#34;},\&#34;involvedObject\&#34;:{\&#34;kind\&#34;:\&#34;Pod\&#34;,\&#34;namespace\&#34;:\&#34;nsm-system\&#34;,\&#34;name\&#34;:\&#34;nsc-1\&#34;,\&#34;uid\&#34;:\&#34;c473a3c0-85e1-45fe-b8b4-c43b2e0eaec4\&#34;,\&#34;apiVersion\&#34;:\&#34;v1\&#34;,\&#34;resourceVersion\&#34;:\&#34;15722\&#34;,\&#34;fieldPath\&#34;:\&#34;spec.initContainers{nsm-init}\&#34;},\&#34;reason\&#34;:\&#34;Started\&#34;,\&#34;message\&#34;:\&#34;Started container nsm-init\&#34;,\&#34;source\&#34;:{\&#34;component\&#34;:\&#34;kubelet\&#34;,\&#34;host\&#34;:\&#34;kind-1-worker\&#34;},\&#34;firstTimestamp\&#34;:\&#34;2021-06-09T03:07:48Z\&#34;,\&#34;lastTimestamp\&#34;:\&#34;2021-06-09T03:07:48Z\&#34;,\&#34;count\&#34;:1,\&#34;type\&#34;:\&#34;Normal\&#34;,\&#34;eventTime\&#34;:null,\&#34;reportingComponent\&#34;:\&#34;\&#34;,\&#34;reportingInstance\&#34;:\&#34;\&#34;}&#34;&#xA;time=&#34;2021-06-08T20:10:48-07:00&#34; level=info msg=&#34;Pod nsc-1 event: {\&#34;metadata\&#34;:{\&#34;name\&#34;:\&#34;nsc-1.1686cb2356415e24\&#34;,\&#34;namespace\&#34;:\&#34;nsm-system\&#34;,\&#34;selfLink\&#34;:\&#34;/api/v1/namespaces/nsm-system/events/nsc-1.1686cb2356415e24\&#34;,\&#34;uid\&#34;:\&#34;70fd09a3-b22b-4143-8040-e5ea98574948\&#34;,\&#34;resourceVersion\&#34;:\&#34;15726\&#34;,\&#34;creationTimestamp\&#34;:\&#34;2021-06-09T03:07:48Z\&#34;},\&#34;involvedObject\&#34;:{\&#34;kind\&#34;:\&#34;Pod\&#34;,\&#34;namespace\&#34;:\&#34;nsm-system\&#34;,\&#34;name\&#34;:\&#34;nsc-1\&#34;,\&#34;uid\&#34;:\&#34;c473a3c0-85e1-45fe-b8b4-c43b2e0eaec4\&#34;,\&#34;apiVersion\&#34;:\&#34;v1\&#34;,\&#34;resourceVersion\&#34;:\&#34;15722\&#34;,\&#34;fieldPath\&#34;:\&#34;spec.initContainers{nsm-init}\&#34;},\&#34;reason\&#34;:\&#34;Created\&#34;,\&#34;message\&#34;:\&#34;Created container nsm-init\&#34;,\&#34;source\&#34;:{\&#34;component\&#34;:\&#34;kubelet\&#34;,\&#34;host\&#34;:\&#34;kind-1-worker\&#34;},\&#34;firstTimestamp\&#34;:\&#34;2021-06-09T03:07:48Z\&#34;,\&#34;lastTimestamp\&#34;:\&#34;2021-06-09T03:07:48Z\&#34;,\&#34;count\&#34;:1,\&#34;type\&#34;:\&#34;Normal\&#34;,\&#34;eventTime\&#34;:null,\&#34;reportingComponent\&#34;:\&#34;\&#34;,\&#34;reportingInstance\&#34;:\&#34;\&#34;}&#34;&#xA;time=&#34;2021-06-08T20:10:48-07:00&#34; level=info msg=&#34;Pod nsc-1 event: {\&#34;metadata\&#34;:{\&#34;name\&#34;:\&#34;nsc-1.1686cb2354c9f1f0\&#34;,\&#34;namespace\&#34;:\&#34;nsm-system\&#34;,\&#34;selfLink\&#34;:\&#34;/api/v1/namespaces/nsm-system/events/nsc-1.1686cb2354c9f1f0\&#34;,\&#34;uid\&#34;:\&#34;d85d41a3-0d6c-492e-b8a0-af4150637007\&#34;,\&#34;resourceVersion\&#34;:\&#34;15725\&#34;,\&#34;creationTimestamp\&#34;:\&#34;2021-06-09T03:07:48Z\&#34;},\&#34;involvedObject\&#34;:{\&#34;kind\&#34;:\&#34;Pod\&#34;,\&#34;namespace\&#34;:\&#34;nsm-system\&#34;,\&#34;name\&#34;:\&#34;nsc-1\&#34;,\&#34;uid\&#34;:\&#34;c473a3c0-85e1-45fe-b8b4-c43b2e0eaec4\&#34;,\&#34;apiVersion\&#34;:\&#34;v1\&#34;,\&#34;resourceVersion\&#34;:\&#34;15722\&#34;,\&#34;fieldPath\&#34;:\&#34;spec.initContainers{nsm-init}\&#34;},\&#34;reason\&#34;:\&#34;Pulled\&#34;,\&#34;message\&#34;:\&#34;Container image \\\&#34;containers.cisco.com/appn/nsm-init:vl3_latest\\\&#34; already present on machine\&#34;,\&#34;source\&#34;:{\&#34;component\&#34;:\&#34;kubelet\&#34;,\&#34;host\&#34;:\&#34;kind-1-worker\&#34;},\&#34;firstTimestamp\&#34;:\&#34;2021-06-09T03:07:48Z\&#34;,\&#34;lastTimestamp\&#34;:\&#34;2021-06-09T03:07:48Z\&#34;,\&#34;count\&#34;:1,\&#34;type\&#34;:\&#34;Normal\&#34;,\&#34;eventTime\&#34;:null,\&#34;reportingComponent\&#34;:\&#34;\&#34;,\&#34;reportingInstance\&#34;:\&#34;\&#34;}&#34;&#xA;time=&#34;2021-06-08T20:10:48-07:00&#34; level=info msg=&#34;Pod nsc-1 event: {\&#34;metadata\&#34;:{\&#34;name\&#34;:\&#34;nsc-1.1686cb2333e882a8\&#34;,\&#34;namespace\&#34;:\&#34;nsm-system\&#34;,\&#34;selfLink\&#34;:\&#34;/api/v1/namespaces/nsm-system/events/nsc-1.1686cb2333e882a8\&#34;,\&#34;uid\&#34;:\&#34;6a20cb15-e43c-495f-9f6e-bf833cbe6827\&#34;,\&#34;resourceVersion\&#34;:\&#34;15723\&#34;,\&#34;creationTimestamp\&#34;:\&#34;2021-06-09T03:07:47Z\&#34;},\&#34;involvedObject\&#34;:{\&#34;kind\&#34;:\&#34;Pod\&#34;,\&#34;namespace\&#34;:\&#34;nsm-system\&#34;,\&#34;name\&#34;:\&#34;nsc-1\&#34;,\&#34;uid\&#34;:\&#34;c473a3c0-85e1-45fe-b8b4-c43b2e0eaec4\&#34;,\&#34;apiVersion\&#34;:\&#34;v1\&#34;,\&#34;resourceVersion\&#34;:\&#34;15721\&#34;},\&#34;reason\&#34;:\&#34;Scheduled\&#34;,\&#34;message\&#34;:\&#34;Successfully assigned nsm-system/nsc-1 to kind-1-worker\&#34;,\&#34;source\&#34;:{\&#34;component\&#34;:\&#34;default-scheduler\&#34;},\&#34;firstTimestamp\&#34;:\&#34;2021-06-09T03:07:47Z\&#34;,\&#34;lastTimestamp\&#34;:\&#34;2021-06-09T03:07:47Z\&#34;,\&#34;count\&#34;:1,\&#34;type\&#34;:\&#34;Normal\&#34;,\&#34;eventTime\&#34;:null,\&#34;reportingComponent\&#34;:\&#34;\&#34;,\&#34;reportingInstance\&#34;:\&#34;\&#34;}&#34;&#xA;time=&#34;2021-06-08T20:10:48-07:00&#34; level=info msg=&#34;Pod nsc-1: container: nsm-init status: false: Logs: time=\&#34;2021-06-09T03:07:48Z\&#34; level=info msg=\&#34;Starting nsm-init...\&#34;\ntime=\&#34;2021-06-09T03:07:48Z\&#34; level=info msg=\&#34;Version: v1.0.1-rc.2-1-g9262b77b\&#34;\ntime=\&#34;2021-06-09T03:07:48Z\&#34; level=info msg=\&#34;All env variables:\&#34;\ntime=\&#34;2021-06-09T03:07:48Z\&#34; level=info msg=\&#34;KUBERNETES_SERVICE_PORT=443\&#34;\ntime=\&#34;2021-06-09T03:07:48Z\&#34; level=info msg=\&#34;KUBERNETES_PORT=tcp://10.96.0.1:443\&#34;\ntime=\&#34;2021-06-09T03:07:48Z\&#34; level=info msg=\&#34;GRPC_GO_LOG_VERBOSITY_LEVEL=99\&#34;\ntime=\&#34;2021-06-09T03:07:48Z\&#34; level=info msg=\&#34;HOSTNAME=nsc-1\&#34;\ntime=\&#34;2021-06-09T03:07:48Z\&#34; level=info msg=\&#34;GRPC_GO_LOG_SEVERITY_LEVEL=info\&#34;\ntime=\&#34;2021-06-09T03:07:48Z\&#34; level=info msg=\&#34;SHLVL=1\&#34;\ntime=\&#34;2021-06-09T03:07:48Z\&#34; level=info msg=\&#34;NSM_CLIENT_SOCKET=/var/lib/networkservicemesh/nsm.client.io.sock\&#34;\ntime=\&#34;2021-06-09T03:07:48Z\&#34; level=info msg=\&#34;HOME=/root\&#34;\ntime=\&#34;2021-06-09T03:07:48Z\&#34; level=info msg=\&#34;WORKSPACE=/var/lib/networkservicemesh/\&#34;\ntime=\&#34;2021-06-09T03:07:48Z\&#34; level=info msg=\&#34;KUBERNETES_PORT_443_TCP_ADDR=10.96.0.1\&#34;\ntime=\&#34;2021-06-09T03:07:48Z\&#34; level=info msg=\&#34;PATH=/usr/local/sbin:/usr/local/bin:/usr/sbin:/usr/bin:/sbin:/bin\&#34;\ntime=\&#34;2021-06-09T03:07:48Z\&#34; level=info msg=\&#34;CLIENT_LABELS=app=icmp\&#34;\ntime=\&#34;2021-06-09T03:07:48Z\&#34; level=info msg=\&#34;KUBERNETES_PORT_443_TCP_PORT=443\&#34;\ntime=\&#34;2021-06-09T03:07:48Z\&#34; level=info msg=\&#34;CLIENT_NETWORK_SERVICE=icmp-responder\&#34;\ntime=\&#34;2021-06-09T03:07:48Z\&#34; level=info msg=\&#34;KUBERNETES_PORT_443_TCP_PROTO=tcp\&#34;\ntime=\&#34;2021-06-09T03:07:48Z\&#34; level=info msg=\&#34;ENTRY=nsm-init\&#34;\ntime=\&#34;2021-06-09T03:07:48Z\&#34; level=info msg=\&#34;NSM_SERVER_SOCKET=/var/lib/networkservicemesh/nsm.server.io.sock\&#34;\ntime=\&#34;2021-06-09T03:07:48Z\&#34; level=info msg=\&#34;KUBERNETES_SERVICE_PORT_HTTPS=443\&#34;\ntime=\&#34;2021-06-09T03:07:48Z\&#34; level=info msg=\&#34;KUBERNETES_PORT_443_TCP=tcp://10.96.0.1:443\&#34;\ntime=\&#34;2021-06-09T03:07:48Z\&#34; level=info msg=\&#34;KUBERNETES_SERVICE_HOST=10.96.0.1\&#34;\ntime=\&#34;2021-06-09T03:07:48Z\&#34; level=info msg=\&#34;PWD=/\&#34;\ntime=\&#34;2021-06-09T03:07:48Z\&#34; level=info msg=\&#34;NSM_DEVICE_PLUGIN=true\&#34;\ntime=\&#34;2021-06-09T03:07:48Z\&#34; level=info msg=\&#34;nsmServerSocket: /var/lib/networkservicemesh/nsm.server.io.sock\&#34;\ntime=\&#34;2021-06-09T03:07:48Z\&#34; level=info msg=\&#34;nsmClientSocket: /var/lib/networkservicemesh/nsm.client.io.sock\&#34;\ntime=\&#34;2021-06-09T03:07:48Z\&#34; level=info msg=\&#34;workspace: /var/lib/networkservicemesh/\&#34;\ntime=\&#34;2021-06-09T03:07:48Z\&#34; level=info msg=\&#34;ENDPOINT_NETWORK_SERVICE not found.\&#34;\ntime=\&#34;2021-06-09T03:07:48Z\&#34; level=info msg=\&#34;Outgoing Network Service Name: icmp-responder\&#34;\ntime=\&#34;2021-06-09T03:07:48Z\&#34; level=info msg=\&#34;ENDPOINT_LABELS not found.\&#34;\ntime=\&#34;2021-06-09T03:07:48Z\&#34; level=info msg=\&#34;Outgoing labels: app=icmp\&#34;\ntime=\&#34;2021-06-09T03:07:48Z\&#34; level=info msg=\&#34;NSC_INTERFACE_NAME not found.\&#34;\ntime=\&#34;2021-06-09T03:07:48Z\&#34; level=info msg=\&#34;MECHANISM_TYPE not found.\&#34;\ntime=\&#34;2021-06-09T03:07:48Z\&#34; level=info msg=\&#34;IP_ADDRESS not found.\&#34;\ntime=\&#34;2021-06-09T03:07:48Z\&#34; level=info msg=\&#34;POD_NAME not found.\&#34;\ntime=\&#34;2021-06-09T03:07:48Z\&#34; level=info msg=\&#34;NSM_NAMESPACE not found.\&#34;\ntime=\&#34;2021-06-09T03:07:48Z\&#34; level=info msg=\&#34;ROUTES not found.\&#34;\ntime=\&#34;2021-06-09T03:07:48Z\&#34; level=info msg=\&#34;Creating logger from config: &amp;{nsm-init@nsc-1 false false [] 0xc00009ec60 0xc00031b880 &lt;nil&gt; &lt;nil&gt; &lt;nil&gt;}\&#34;\n2021/06/09 03:07:48 debug logging disabled\n2021/06/09 03:07:48 Initializing logging reporter\n2021/06/09 03:07:48 debug logging disabled\ntime=\&#34;2021-06-09T03:07:48Z\&#34; level=info msg=\&#34;==--&gt; RequestNetworkService() span:36920d5c85a6690a:36920d5c85a6690a:0000000000000000:1\&#34;\ntime=\&#34;2021-06-09T03:07:48Z\&#34; level=info msg=\&#34;ENDPOINT_NETWORK_SERVICE not found.\&#34;\ntime=\&#34;2021-06-09T03:07:48Z\&#34; level=info msg=\&#34;ENDPOINT_LABELS not found.\&#34;\ntime=\&#34;2021-06-09T03:07:48Z\&#34; level=info msg=\&#34;NSC_INTERFACE_NAME not found.\&#34;\ntime=\&#34;2021-06-09T03:07:48Z\&#34; level=info msg=\&#34;MECHANISM_TYPE not found.\&#34;\ntime=\&#34;2021-06-09T03:07:48Z\&#34; level=info msg=\&#34;IP_ADDRESS not found.\&#34;\ntime=\&#34;2021-06-09T03:07:48Z\&#34; level=info msg=\&#34;POD_NAME not found.\&#34;\ntime=\&#34;2021-06-09T03:07:48Z\&#34; level=info msg=\&#34;NSM_NAMESPACE not found.\&#34;\ntime=\&#34;2021-06-09T03:07:48Z\&#34; level=info msg=\&#34;ROUTES not found.\&#34;\ntime=\&#34;2021-06-09T03:07:48Z\&#34; level=info msg=\&#34;NSM_NAMESPACE not found.\&#34;\ntime=\&#34;2021-06-09T03:07:48Z\&#34; level=warning msg=\&#34;global opentracer is already initialized\&#34;\ntime=\&#34;2021-06-09T03:07:48Z\&#34; level=info msg=\&#34;Creating logger from config: &amp;{nsm-client@nsc-1 false false [] 0xc000078240 0xc00039a540 &lt;nil&gt; &lt;nil&gt; &lt;nil&gt;}\&#34;\n2021/06/09 03:07:48 debug logging disabled\n2021/06/09 03:07:48 Initializing logging reporter\n2021/06/09 03:07:48 debug logging disabled\ntime=\&#34;2021-06-09T03:07:48Z\&#34; level=info msg=\&#34;Trying to establish connection to target: /var/lib/networkservicemesh/nsm.server.io.sock\&#34;\ntime=\&#34;2021-06-09T03:07:48Z\&#34; level=info msg=\&#34;readDialConfig insecure: false\&#34;\ntime=\&#34;2021-06-09T03:07:48Z\&#34; level=info msg=\&#34;Trying to establish connection with the spire provider at address:unix:///run/spire/sockets/agent.sock\&#34;\ntime=\&#34;2021-06-09T03:07:48Z\&#34; level=info msg=\&#34;Created the todo context:unix:///run/spire/sockets/agent.sock\&#34;\nINFO: 2021/06/09 03:07:48 [core] parsed scheme: \&#34;unix\&#34;\nINFO: 2021/06/09 03:07:48 [core] ccResolverWrapper: sending update to cc: {[{/run/spire/sockets/agent.sock  0xc00000e0a0 0 &lt;nil&gt;}] &lt;nil&gt; &lt;nil&gt;}\nINFO: 2021/06/09 03:07:48 [core] ClientConn switching balancer to \&#34;pick_first\&#34;\nINFO: 2021/06/09 03:07:48 [core] Channel switches to new LB policy \&#34;pick_first\&#34;\nINFO: 2021/06/09 03:07:48 [core] Subchannel Connectivity change to CONNECTING\nINFO: 2021/06/09 03:07:48 [core] blockingPicker: the picked transport is not ready, loop back to repick\nINFO: 2021/06/09 03:07:48 [core] pickfirstBalancer: UpdateSubConnState: 0xc000030ee0, {CONNECTING &lt;nil&gt;}\nINFO: 2021/06/09 03:07:48 [core] Channel Connectivity change to CONNECTING\nINFO: 2021/06/09 03:07:48 [core] Subchannel picks a new address \&#34;/run/spire/sockets/agent.sock\&#34; to connect\nINFO: 2021/06/09 03:07:48 [core] Subchannel Connectivity change to READY\nINFO: 2021/06/09 03:07:48 [core] pickfirstBalancer: UpdateSubConnState: 0xc000030ee0, {READY &lt;nil&gt;}\nINFO: 2021/06/09 03:07:48 [core] Channel Connectivity change to READY\ntime=\&#34;2021-06-09T03:07:49Z\&#34; level=info msg=\&#34;Got x509:&amp;{0xc00007e1b0 &lt;nil&gt; {{0 0} 0 0 0 0} 0xc0000a9a40 0xc000487a60 {{0 0} 0 0 0 0} false} &lt;nil&gt;\&#34;\ntime=\&#34;2021-06-09T03:07:49Z\&#34; level=info msg=\&#34;Started goroutine\&#34;\ntime=\&#34;2021-06-09T03:07:49Z\&#34; level=info msg=\&#34;Returning provider\&#34;\ntime=\&#34;2021-06-09T03:07:49Z\&#34; level=info msg=\&#34;func insecure: false, env insecure: false\&#34;\ntime=\&#34;2021-06-09T03:07:49Z\&#34; level=info msg=\&#34;Connecting to the workload api at:unix:///run/spire/sockets/agent.sock\&#34;\nINFO: 2021/06/09 03:07:49 [core] parsed scheme: \&#34;unix\&#34;\nINFO: 2021/06/09 03:07:49 [core] ccResolverWrapper: sending update to cc: {[{/run/spire/sockets/agent.sock  0xc00009c708 0 &lt;nil&gt;}] &lt;nil&gt; &lt;nil&gt;}\nINFO: 2021/06/09 03:07:49 [core] ClientConn switching balancer to \&#34;pick_first\&#34;\nINFO: 2021/06/09 03:07:49 [core] Channel switches to new LB policy \&#34;pick_first\&#34;\nINFO: 2021/06/09 03:07:49 [core] Subchannel Connectivity change to CONNECTING\nINFO: 2021/06/09 03:07:49 [core] pickfirstBalancer: UpdateSubConnState: 0xc0004a6410, {CONNECTING &lt;nil&gt;}\nINFO: 2021/06/09 03:07:49 [core] Channel Connectivity change to CONNECTING\ntime=\&#34;2021-06-09T03:07:49Z\&#34; level=info msg=\&#34;Issued identity:spiffe://test.com/nsc\&#34;\nINFO: 2021/06/09 03:07:49 [core] Subchannel picks a new address \&#34;/run/spire/sockets/agent.sock\&#34; to connect\nINFO: 2021/06/09 03:07:49 [core] Subchannel Connectivity change to READY\nINFO: 2021/06/09 03:07:49 [core] pickfirstBalancer: UpdateSubConnState: 0xc0004a6410, {READY &lt;nil&gt;}\nINFO: 2021/06/09 03:07:49 [core] Channel Connectivity change to READY\nINFO: 2021/06/09 03:07:49 [core] Channel Connectivity change to SHUTDOWN\nINFO: 2021/06/09 03:07:49 [core] Subchannel Connectivity change to SHUTDOWN\ntime=\&#34;2021-06-09T03:07:49Z\&#34; level=info msg=\&#34;Successfully retrieve bundles:&amp;{{{0 0} 0 0 0 0} map[{test.com}:0xc000383480]}\&#34;\ntime=\&#34;2021-06-09T03:07:49Z\&#34; level=info msg=\&#34;defaultTrustDomain:test.com\&#34;\ntime=\&#34;2021-06-09T03:07:49Z\&#34; level=info msg=\&#34;AUTHORIZING ALL CLIENTS\&#34;\nINFO: 2021/06/09 03:07:49 [transport] transport: loopyWriter.run returning. connection error: desc = \&#34;transport is closing\&#34;\ntime=\&#34;2021-06-09T03:07:49Z\&#34; level=info msg=\&#34;Fetch tlsConfig for Trust Domain: test.com\&#34;\ntime=\&#34;2021-06-09T03:07:49Z\&#34; level=info msg=\&#34;Found 1 tlsconfigs.\&#34;\nINFO: 2021/06/09 03:07:49 [core] parsed scheme: \&#34;\&#34;\nINFO: 2021/06/09 03:07:49 [core] scheme \&#34;\&#34; not registered, fallback to default scheme\nINFO: 2021/06/09 03:07:49 [core] ccResolverWrapper: sending update to cc: {[{/var/lib/networkservicemesh/nsm.server.io.sock  &lt;nil&gt; 0 &lt;nil&gt;}] &lt;nil&gt; &lt;nil&gt;}\nINFO: 2021/06/09 03:07:49 [core] ClientConn switching balancer to \&#34;pick_first\&#34;\nINFO: 2021/06/09 03:07:49 [core] Channel switches to new LB policy \&#34;pick_first\&#34;\nINFO: 2021/06/09 03:07:49 [core] Subchannel Connectivity change to CONNECTING\nINFO: 2021/06/09 03:07:49 [core] Subchannel picks a new address \&#34;/var/lib/networkservicemesh/nsm.server.io.sock\&#34; to connect\nINFO: 2021/06/09 03:07:49 [core] pickfirstBalancer: UpdateSubConnState: 0xc000031d30, {CONNECTING &lt;nil&gt;}\nINFO: 2021/06/09 03:07:49 [core] Channel Connectivity change to CONNECTING\nINFO: 2021/06/09 03:07:49 [core] Subchannel Connectivity change to READY\nINFO: 2021/06/09 03:07:49 [core] pickfirstBalancer: UpdateSubConnState: 0xc000031d30, {READY &lt;nil&gt;}\nINFO: 2021/06/09 03:07:49 [core] Channel Connectivity change to READY\ntime=\&#34;2021-06-09T03:07:49Z\&#34; level=info msg=\&#34;Found the right tls certificate:&amp;{&lt;nil&gt; &lt;nil&gt; [] map[] &lt;nil&gt; 0x946a40 &lt;nil&gt; 0x946ac0 &lt;nil&gt; &lt;nil&gt; []  NoClientCert &lt;nil&gt; true [] false false [0 0 0 0 0 0 0 0 0 0 0 0 0 0 0 0 0 0 0 0 0 0 0 0 0 0 0 0 0 0 0 0] &lt;nil&gt; 0 0 [] false 0 &lt;nil&gt; {{0 0} 0 0 0 0} [] []}\&#34;\nINFO: 2021/06/09 03:07:49 [core] Channel Connectivity change to SHUTDOWN\nINFO: 2021/06/09 03:07:49 [core] Subchannel Connectivity change to SHUTDOWN\nINFO: 2021/06/09 03:07:49 [transport] transport: loopyWriter.run returning. connection error: desc = \&#34;transport is closing\&#34;\ntime=\&#34;2021-06-09T03:07:49Z\&#34; level=info msg=\&#34;Trying to establish connection using tlsConfig:&amp;{&lt;nil&gt; &lt;nil&gt; [] map[] &lt;nil&gt; 0x946a40 &lt;nil&gt; 0x946ac0 &lt;nil&gt; &lt;nil&gt; []  NoClientCert &lt;nil&gt; true [] false false [0 0 0 0 0 0 0 0 0 0 0 0 0 0 0 0 0 0 0 0 0 0 0 0 0 0 0 0 0 0 0 0] &lt;nil&gt; 0 0 [] false 0 &lt;nil&gt; {{0 0} 0 0 0 0} [] []}\&#34;\nINFO: 2021/06/09 03:07:49 [core] parsed scheme: \&#34;\&#34;\nINFO: 2021/06/09 03:07:49 [core] scheme \&#34;\&#34; not registered, fallback to default scheme\nINFO: 2021/06/09 03:07:49 [core] ccResolverWrapper: sending update to cc: {[{/var/lib/networkservicemesh/nsm.server.io.sock  &lt;nil&gt; 0 &lt;nil&gt;}] &lt;nil&gt; &lt;nil&gt;}\nINFO: 2021/06/09 03:07:49 [core] ClientConn switching balancer to \&#34;pick_first\&#34;\nINFO: 2021/06/09 03:07:49 [core] Channel switches to new LB policy \&#34;pick_first\&#34;\nINFO: 2021/06/09 03:07:49 [core] Subchannel Connectivity change to CONNECTING\nINFO: 2021/06/09 03:07:49 [core] Subchannel picks a new address \&#34;/var/lib/networkservicemesh/nsm.server.io.sock\&#34; to connect\nINFO: 2021/06/09 03:07:49 [core] pickfirstBalancer: UpdateSubConnState: 0xc000432900, {CONNECTING &lt;nil&gt;}\nINFO: 2021/06/09 03:07:49 [core] Channel Connectivity change to CONNECTING\nINFO: 2021/06/09 03:07:49 [core] Subchannel Connectivity change to READY\nINFO: 2021/06/09 03:07:49 [core] pickfirstBalancer: UpdateSubConnState: 0xc000432900, {READY &lt;nil&gt;}\nINFO: 2021/06/09 03:07:49 [core] Channel Connectivity change to READY\ntime=\&#34;2021-06-09T03:07:49Z\&#34; level=info msg=\&#34;nsm: connection to nsm server on socket: /var/lib/networkservicemesh/nsm.server.io.sock succeeded.\&#34;\ntime=\&#34;2021-06-09T03:07:49Z\&#34; level=info msg=\&#34;==----&gt; nsmClient.Connect() span:36920d5c85a6690a:2c2873fe11e5552a:36920d5c85a6690a:1\&#34;\ntime=\&#34;2021-06-09T03:07:49Z\&#34; level=info msg=\&#34;Initiating an outgoing connection.\&#34; description=\&#34;Primary interface\&#34; destEndpointManager= destEndpointName= mechanism=KERNEL_INTERFACE mechanismName=nsm0 operation=nsmClient.Connect remoteIp= span=\&#34;36920d5c85a6690a:2c2873fe11e5552a:36920d5c85a6690a:1\&#34;\ntime=\&#34;2021-06-09T03:07:49Z\&#34; level=info msg=\&#34;Initiating an outgoing connection.\&#34; operation=nsmClient.Connect span=\&#34;36920d5c85a6690a:2c2873fe11e5552a:36920d5c85a6690a:1\&#34;\ntime=\&#34;2021-06-09T03:07:49Z\&#34; level=info msg=\&#34;&gt;&gt;&lt;&lt;---- Selected mechanism={\\\&#34;cls\\\&#34;:\\\&#34;LOCAL\\\&#34;,\\\&#34;type\\\&#34;:\\\&#34;KERNEL_INTERFACE\\\&#34;,\\\&#34;parameters\\\&#34;:{\\\&#34;description\\\&#34;:\\\&#34;Primary interface\\\&#34;,\\\&#34;name\\\&#34;:\\\&#34;nsm0\\\&#34;,\\\&#34;netnsInode\\\&#34;:\\\&#34;4026533544\\\&#34;,\\\&#34;socketfile\\\&#34;:\\\&#34;nsm0/memif.sock\\\&#34;}} span=36920d5c85a6690a:2c2873fe11e5552a:36920d5c85a6690a:1\&#34;\ntime=\&#34;2021-06-09T03:07:49Z\&#34; level=info msg=\&#34;==------&gt; nsmClient.Connect.attempt:0() span:36920d5c85a6690a:7e2608664bf91f67:2c2873fe11e5552a:1\&#34;\ntime=\&#34;2021-06-09T03:07:49Z\&#34; level=info msg=\&#34;Requesting connection:&lt;network_service:\\\&#34;icmp-responder\\\&#34; context:&lt;ip_context:&lt;src_ip_required:true dst_ip_required:true &gt; &gt; labels:&lt;key:\\\&#34;app\\\&#34; value:\\\&#34;icmp\\\&#34; &gt; labels:&lt;key:\\\&#34;namespace\\\&#34; value:\\\&#34;default\\\&#34; &gt; labels:&lt;key:\\\&#34;podName\\\&#34; value:\\\&#34;nsc-1\\\&#34; &gt; &gt; mechanism_preferences:&lt;cls:\\\&#34;LOCAL\\\&#34; type:\\\&#34;KERNEL_INTERFACE\\\&#34; parameters:&lt;key:\\\&#34;description\\\&#34; value:\\\&#34;Primary interface\\\&#34; &gt; parameters:&lt;key:\\\&#34;name\\\&#34; value:\\\&#34;nsm0\\\&#34; &gt; parameters:&lt;key:\\\&#34;netnsInode\\\&#34; value:\\\&#34;4026533544\\\&#34; &gt; parameters:&lt;key:\\\&#34;socketfile\\\&#34; value:\\\&#34;nsm0/memif.sock\\\&#34; &gt; &gt; \&#34; operation=\&#34;nsmClient.Connect.attempt:0\&#34; span=\&#34;36920d5c85a6690a:7e2608664bf91f67:2c2873fe11e5552a:1\&#34;\ntime=\&#34;2021-06-09T03:07:49Z\&#34; level=info msg=\&#34;&gt;&gt;&lt;&lt;-------- /networkservice.NetworkService/Request()=\\\&#34;\\\&#34; span=36920d5c85a6690a:7e2608664bf91f67:2c2873fe11e5552a:1\&#34;\ntime=\&#34;2021-06-09T03:07:49Z\&#34; level=info msg=\&#34;&gt;&gt;&lt;&lt;-------- request={\\\&#34;connection\\\&#34;:{\\\&#34;network_service\\\&#34;:\\\&#34;icmp-responder\\\&#34;,\\\&#34;context\\\&#34;:{\\\&#34;ip_context\\\&#34;:{\\\&#34;src_ip_required\\\&#34;:true,\\\&#34;dst_ip_required\\\&#34;:true}},\\\&#34;labels\\\&#34;:{\\\&#34;app\\\&#34;:\\\&#34;icmp\\\&#34;,\\\&#34;namespace\\\&#34;:\\\&#34;default\\\&#34;,\\\&#34;podName\\\&#34;:\\\&#34;nsc-1\\\&#34;}},\\\&#34;mechanism_preferences\\\&#34;:[{\\\&#34;cls\\\&#34;:\\\&#34;LOCAL\\\&#34;,\\\&#34;type\\\&#34;:\\\&#34;KERNEL_INTERFACE\\\&#34;,\\\&#34;parameters\\\&#34;:{\\\&#34;description\\\&#34;:\\\&#34;Primary interface\\\&#34;,\\\&#34;name\\\&#34;:\\\&#34;nsm0\\\&#34;,\\\&#34;netnsInode\\\&#34;:\\\&#34;4026533544\\\&#34;,\\\&#34;socketfile\\\&#34;:\\\&#34;nsm0/memif.sock\\\&#34;}}]} span=36920d5c85a6690a:7e2608664bf91f67:2c2873fe11e5552a:1\&#34;\n2021/06/09 03:08:49 Reporting span 36920d5c85a6690a:14ccdea8f2837cc3:7e2608664bf91f67:1\ntime=\&#34;2021-06-09T03:08:49Z\&#34; level=info msg=\&#34;&gt;&gt;&lt;&lt;-------- response={} span=36920d5c85a6690a:7e2608664bf91f67:2c2873fe11e5552a:1\&#34;\ntime=\&#34;2021-06-09T03:08:49Z\&#34; level=error msg=\&#34;&gt;&gt;&lt;&lt;------ error=rpc error: code = DeadlineExceeded desc = context deadline exceeded span=36920d5c85a6690a:7e2608664bf91f67:2c2873fe11e5552a:1\&#34;\ntime=\&#34;2021-06-09T03:08:49Z\&#34; level=error msg=\&#34;nsm client: Failed to connect rpc error: code = DeadlineExceeded desc = context deadline exceeded. Retry attempts: 10 Delaying: 5s\&#34; operation=\&#34;nsmClient.Connect.attempt:0\&#34; span=\&#34;36920d5c85a6690a:7e2608664bf91f67:2c2873fe11e5552a:1\&#34;\n2021/06/09 03:08:49 Reporting span 36920d5c85a6690a:7e2608664bf91f67:2c2873fe11e5552a:1\ntime=\&#34;2021-06-09T03:08:54Z\&#34; level=info msg=\&#34;==------&gt; nsmClient.Connect.attempt:1() span:36920d5c85a6690a:2b3ce8caacff4a14:2c2873fe11e5552a:1\&#34;\ntime=\&#34;2021-06-09T03:08:54Z\&#34; level=info msg=\&#34;Requesting connection:&lt;network_service:\\\&#34;icmp-responder\\\&#34; context:&lt;ip_context:&lt;src_ip_required:true dst_ip_required:true &gt; &gt; labels:&lt;key:\\\&#34;app\\\&#34; value:\\\&#34;icmp\\\&#34; &gt; labels:&lt;key:\\\&#34;namespace\\\&#34; value:\\\&#34;default\\\&#34; &gt; labels:&lt;key:\\\&#34;podName\\\&#34; value:\\\&#34;nsc-1\\\&#34; &gt; &gt; mechanism_preferences:&lt;cls:\\\&#34;LOCAL\\\&#34; type:\\\&#34;KERNEL_INTERFACE\\\&#34; parameters:&lt;key:\\\&#34;description\\\&#34; value:\\\&#34;Primary interface\\\&#34; &gt; parameters:&lt;key:\\\&#34;name\\\&#34; value:\\\&#34;nsm0\\\&#34; &gt; parameters:&lt;key:\\\&#34;netnsInode\\\&#34; value:\\\&#34;4026533544\\\&#34; &gt; parameters:&lt;key:\\\&#34;socketfile\\\&#34; value:\\\&#34;nsm0/memif.sock\\\&#34; &gt; &gt; \&#34; operation=\&#34;nsmClient.Connect.attempt:1\&#34; span=\&#34;36920d5c85a6690a:2b3ce8caacff4a14:2c2873fe11e5552a:1\&#34;\ntime=\&#34;2021-06-09T03:08:54Z\&#34; level=info msg=\&#34;&gt;&gt;&lt;&lt;-------- /networkservice.NetworkService/Request()=\\\&#34;\\\&#34; span=36920d5c85a6690a:2b3ce8caacff4a14:2c2873fe11e5552a:1\&#34;\ntime=\&#34;2021-06-09T03:08:54Z\&#34; level=info msg=\&#34;&gt;&gt;&lt;&lt;-------- request={\\\&#34;connection\\\&#34;:{\\\&#34;network_service\\\&#34;:\\\&#34;icmp-responder\\\&#34;,\\\&#34;context\\\&#34;:{\\\&#34;ip_context\\\&#34;:{\\\&#34;src_ip_required\\\&#34;:true,\\\&#34;dst_ip_required\\\&#34;:true}},\\\&#34;labels\\\&#34;:{\\\&#34;app\\\&#34;:\\\&#34;icmp\\\&#34;,\\\&#34;namespace\\\&#34;:\\\&#34;default\\\&#34;,\\\&#34;podName\\\&#34;:\\\&#34;nsc-1\\\&#34;}},\\\&#34;mechanism_preferences\\\&#34;:[{\\\&#34;cls\\\&#34;:\\\&#34;LOCAL\\\&#34;,\\\&#34;type\\\&#34;:\\\&#34;KERNEL_INTERFACE\\\&#34;,\\\&#34;parameters\\\&#34;:{\\\&#34;description\\\&#34;:\\\&#34;Primary interface\\\&#34;,\\\&#34;name\\\&#34;:\\\&#34;nsm0\\\&#34;,\\\&#34;netnsInode\\\&#34;:\\\&#34;4026533544\\\&#34;,\\\&#34;socketfile\\\&#34;:\\\&#34;nsm0/memif.sock\\\&#34;}}]} span=36920d5c85a6690a:2b3ce8caacff4a14:2c2873fe11e5552a:1\&#34;\n2021/06/09 03:09:54 Reporting span 36920d5c85a6690a:11ebd7b514940550:2b3ce8caacff4a14:1\ntime=\&#34;2021-06-09T03:09:54Z\&#34; level=info msg=\&#34;&gt;&gt;&lt;&lt;-------- response={} span=36920d5c85a6690a:2b3ce8caacff4a14:2c2873fe11e5552a:1\&#34;\ntime=\&#34;2021-06-09T03:09:54Z\&#34; level=error msg=\&#34;&gt;&gt;&lt;&lt;------ error=rpc error: code = DeadlineExceeded desc = context deadline exceeded span=36920d5c85a6690a:2b3ce8caacff4a14:2c2873fe11e5552a:1\&#34;\ntime=\&#34;2021-06-09T03:09:54Z\&#34; level=error msg=\&#34;nsm client: Failed to connect rpc error: code = DeadlineExceeded desc = context deadline exceeded. Retry attempts: 9 Delaying: 5s\&#34; operation=\&#34;nsmClient.Connect.attempt:1\&#34; span=\&#34;36920d5c85a6690a:2b3ce8caacff4a14:2c2873fe11e5552a:1\&#34;\n2021/06/09 03:09:54 Reporting span 36920d5c85a6690a:2b3ce8caacff4a14:2c2873fe11e5552a:1\ntime=\&#34;2021-06-09T03:09:58Z\&#34; level=info msg=\&#34;==------&gt; nsmClient.Connect.attempt:2() span:36920d5c85a6690a:28de79ba5e7daa3d:2c2873fe11e5552a:1\&#34;\ntime=\&#34;2021-06-09T03:09:58Z\&#34; level=info msg=\&#34;Requesting connection:&lt;network_service:\\\&#34;icmp-responder\\\&#34; context:&lt;ip_context:&lt;src_ip_required:true dst_ip_required:true &gt; &gt; labels:&lt;key:\\\&#34;app\\\&#34; value:\\\&#34;icmp\\\&#34; &gt; labels:&lt;key:\\\&#34;namespace\\\&#34; value:\\\&#34;default\\\&#34; &gt; labels:&lt;key:\\\&#34;podName\\\&#34; value:\\\&#34;nsc-1\\\&#34; &gt; &gt; mechanism_preferences:&lt;cls:\\\&#34;LOCAL\\\&#34; type:\\\&#34;KERNEL_INTERFACE\\\&#34; parameters:&lt;key:\\\&#34;description\\\&#34; value:\\\&#34;Primary interface\\\&#34; &gt; parameters:&lt;key:\\\&#34;name\\\&#34; value:\\\&#34;nsm0\\\&#34; &gt; parameters:&lt;key:\\\&#34;netnsInode\\\&#34; value:\\\&#34;4026533544\\\&#34; &gt; parameters:&lt;key:\\\&#34;socketfile\\\&#34; value:\\\&#34;nsm0/memif.sock\\\&#34; &gt; &gt; \&#34; operation=\&#34;nsmClient.Connect.attempt:2\&#34; span=\&#34;36920d5c85a6690a:28de79ba5e7daa3d:2c2873fe11e5552a:1\&#34;\ntime=\&#34;2021-06-09T03:09:58Z\&#34; level=info msg=\&#34;&gt;&gt;&lt;&lt;-------- /networkservice.NetworkService/Request()=\\\&#34;\\\&#34; span=36920d5c85a6690a:28de79ba5e7daa3d:2c2873fe11e5552a:1\&#34;\ntime=\&#34;2021-06-09T03:09:58Z\&#34; level=info msg=\&#34;&gt;&gt;&lt;&lt;-------- request={\\\&#34;connection\\\&#34;:{\\\&#34;network_service\\\&#34;:\\\&#34;icmp-responder\\\&#34;,\\\&#34;context\\\&#34;:{\\\&#34;ip_context\\\&#34;:{\\\&#34;src_ip_required\\\&#34;:true,\\\&#34;dst_ip_required\\\&#34;:true}},\\\&#34;labels\\\&#34;:{\\\&#34;app\\\&#34;:\\\&#34;icmp\\\&#34;,\\\&#34;namespace\\\&#34;:\\\&#34;default\\\&#34;,\\\&#34;podName\\\&#34;:\\\&#34;nsc-1\\\&#34;}},\\\&#34;mechanism_preferences\\\&#34;:[{\\\&#34;cls\\\&#34;:\\\&#34;LOCAL\\\&#34;,\\\&#34;type\\\&#34;:\\\&#34;KERNEL_INTERFACE\\\&#34;,\\\&#34;parameters\\\&#34;:{\\\&#34;description\\\&#34;:\\\&#34;Primary interface\\\&#34;,\\\&#34;name\\\&#34;:\\\&#34;nsm0\\\&#34;,\\\&#34;netnsInode\\\&#34;:\\\&#34;4026533544\\\&#34;,\\\&#34;socketfile\\\&#34;:\\\&#34;nsm0/memif.sock\\\&#34;}}]} span=36920d5c85a6690a:28de79ba5e7daa3d:2c2873fe11e5552a:1\&#34;\n\n\n\n&#34;&#xA;time=&#34;2021-06-08T20:10:48-07:00&#34; level=error msg=&#34;Failed to get logs from nsc-1 err: container \&#34;alpine-img\&#34; in pod \&#34;nsc-1\&#34; is waiting to start: PodInitializing&#34;&#xA;time=&#34;2021-06-08T20:10:48-07:00&#34; level=info msg=&#34;Pod nsc-1: container: alpine-img status: false: Logs: &#34;&#xA;time=&#34;2021-06-08T20:10:48-07:00&#34; level=info msg=&#34;pod nsc-1 object:\n&gt;&gt;&gt;&gt;&gt;&gt;&gt;&gt;&gt;&gt;&gt;{\&#34;metadata\&#34;:{\&#34;name\&#34;:\&#34;nsc-1\&#34;,\&#34;namespace\&#34;:\&#34;nsm-system\&#34;,\&#34;selfLink\&#34;:\&#34;/api/v1/namespaces/nsm-system/pods/nsc-1\&#34;,\&#34;uid\&#34;:\&#34;c473a3c0-85e1-45fe-b8b4-c43b2e0eaec4\&#34;,\&#34;resourceVersion\&#34;:\&#34;15730\&#34;,\&#34;creationTimestamp\&#34;:\&#34;2021-06-09T03:07:47Z\&#34;},\&#34;spec\&#34;:{\&#34;volumes\&#34;:[{\&#34;name\&#34;:\&#34;nsc-acc-token-447fg\&#34;,\&#34;secret\&#34;:{\&#34;secretName\&#34;:\&#34;nsc-acc-token-447fg\&#34;,\&#34;defaultMode\&#34;:420}}],\&#34;initContainers\&#34;:[{\&#34;name\&#34;:\&#34;nsm-init\&#34;,\&#34;image\&#34;:\&#34;containers.cisco.com/appn/nsm-init:vl3_latest\&#34;,\&#34;env\&#34;:[{\&#34;name\&#34;:\&#34;CLIENT_NETWORK_SERVICE\&#34;,\&#34;value\&#34;:\&#34;icmp-responder\&#34;},{\&#34;name\&#34;:\&#34;CLIENT_LABELS\&#34;,\&#34;value\&#34;:\&#34;app=icmp\&#34;}],\&#34;resources\&#34;:{\&#34;limits\&#34;:{\&#34;cpu\&#34;:\&#34;200m\&#34;,\&#34;memory\&#34;:\&#34;20Mi\&#34;,\&#34;networkservicemesh.io/socket\&#34;:\&#34;1\&#34;},\&#34;requests\&#34;:{\&#34;cpu\&#34;:\&#34;200m\&#34;,\&#34;memory\&#34;:\&#34;20Mi\&#34;,\&#34;networkservicemesh.io/socket\&#34;:\&#34;1\&#34;}},\&#34;volumeMounts\&#34;:[{\&#34;name\&#34;:\&#34;nsc-acc-token-447fg\&#34;,\&#34;readOnly\&#34;:true,\&#34;mountPath\&#34;:\&#34;/var/run/secrets/kubernetes.io/serviceaccount\&#34;}],\&#34;terminationMessagePath\&#34;:\&#34;/dev/termination-log\&#34;,\&#34;terminationMessagePolicy\&#34;:\&#34;File\&#34;,\&#34;imagePullPolicy\&#34;:\&#34;IfNotPresent\&#34;}],\&#34;containers\&#34;:[{\&#34;name\&#34;:\&#34;alpine-img\&#34;,\&#34;image\&#34;:\&#34;alpine:latest\&#34;,\&#34;command\&#34;:[\&#34;tail\&#34;,\&#34;-f\&#34;,\&#34;/dev/null\&#34;],\&#34;resources\&#34;:{},\&#34;volumeMounts\&#34;:[{\&#34;name\&#34;:\&#34;nsc-acc-token-447fg\&#34;,\&#34;readOnly\&#34;:true,\&#34;mountPath\&#34;:\&#34;/var/run/secrets/kubernetes.io/serviceaccount\&#34;}],\&#34;terminationMessagePath\&#34;:\&#34;/dev/termination-log\&#34;,\&#34;terminationMessagePolicy\&#34;:\&#34;File\&#34;,\&#34;imagePullPolicy\&#34;:\&#34;IfNotPresent\&#34;}],\&#34;restartPolicy\&#34;:\&#34;Always\&#34;,\&#34;terminationGracePeriodSeconds\&#34;:0,\&#34;dnsPolicy\&#34;:\&#34;ClusterFirst\&#34;,\&#34;nodeSelector\&#34;:{\&#34;kubernetes.io/hostname\&#34;:\&#34;kind-1-worker\&#34;},\&#34;serviceAccountName\&#34;:\&#34;nsc-acc\&#34;,\&#34;serviceAccount\&#34;:\&#34;nsc-acc\&#34;,\&#34;nodeName\&#34;:\&#34;kind-1-worker\&#34;,\&#34;securityContext\&#34;:{},\&#34;schedulerName\&#34;:\&#34;default-scheduler\&#34;,\&#34;tolerations\&#34;:[{\&#34;key\&#34;:\&#34;node.kubernetes.io/not-ready\&#34;,\&#34;operator\&#34;:\&#34;Exists\&#34;,\&#34;effect\&#34;:\&#34;NoExecute\&#34;,\&#34;tolerationSeconds\&#34;:300},{\&#34;key\&#34;:\&#34;node.kubernetes.io/unreachable\&#34;,\&#34;operator\&#34;:\&#34;Exists\&#34;,\&#34;effect\&#34;:\&#34;NoExecute\&#34;,\&#34;tolerationSeconds\&#34;:300}],\&#34;priority\&#34;:0,\&#34;enableServiceLinks\&#34;:true},\&#34;status\&#34;:{\&#34;phase\&#34;:\&#34;Pending\&#34;,\&#34;conditions\&#34;:[{\&#34;type\&#34;:\&#34;Initialized\&#34;,\&#34;status\&#34;:\&#34;False\&#34;,\&#34;lastProbeTime\&#34;:null,\&#34;lastTransitionTime\&#34;:\&#34;2021-06-09T03:07:47Z\&#34;,\&#34;reason\&#34;:\&#34;ContainersNotInitialized\&#34;,\&#34;message\&#34;:\&#34;containers with incomplete status: [nsm-init]\&#34;},{\&#34;type\&#34;:\&#34;Ready\&#34;,\&#34;status\&#34;:\&#34;False\&#34;,\&#34;lastProbeTime\&#34;:null,\&#34;lastTransitionTime\&#34;:\&#34;2021-06-09T03:07:47Z\&#34;,\&#34;reason\&#34;:\&#34;ContainersNotReady\&#34;,\&#34;message\&#34;:\&#34;containers with unready status: [alpine-img]\&#34;},{\&#34;type\&#34;:\&#34;ContainersReady\&#34;,\&#34;status\&#34;:\&#34;False\&#34;,\&#34;lastProbeTime\&#34;:null,\&#34;lastTransitionTime\&#34;:\&#34;2021-06-09T03:07:47Z\&#34;,\&#34;reason\&#34;:\&#34;ContainersNotReady\&#34;,\&#34;message\&#34;:\&#34;containers with unready status: [alpine-img]\&#34;},{\&#34;type\&#34;:\&#34;PodScheduled\&#34;,\&#34;status\&#34;:\&#34;True\&#34;,\&#34;lastProbeTime\&#34;:null,\&#34;lastTransitionTime\&#34;:\&#34;2021-06-09T03:07:47Z\&#34;}],\&#34;hostIP\&#34;:\&#34;172.17.0.4\&#34;,\&#34;podIP\&#34;:\&#34;10.244.2.66\&#34;,\&#34;podIPs\&#34;:[{\&#34;ip\&#34;:\&#34;10.244.2.66\&#34;}],\&#34;startTime\&#34;:\&#34;2021-06-09T03:07:47Z\&#34;,\&#34;initContainerStatuses\&#34;:[{\&#34;name\&#34;:\&#34;nsm-init\&#34;,\&#34;state\&#34;:{\&#34;running\&#34;:{\&#34;startedAt\&#34;:\&#34;2021-06-09T03:07:48Z\&#34;}},\&#34;lastState\&#34;:{},\&#34;ready\&#34;:false,\&#34;restartCount\&#34;:0,\&#34;image\&#34;:\&#34;containers.cisco.com/appn/nsm-init:vl3_latest\&#34;,\&#34;imageID\&#34;:\&#34;sha256:40c167f519ed8ff354adfed9786b94f776297b51ae257f63dd9520d8c1dc37b8\&#34;,\&#34;containerID\&#34;:\&#34;containerd://12cd727aa0ff928fab7e83fc76b05ef1a5cc50448dd3986440040163a8e22080\&#34;}],\&#34;containerStatuses\&#34;:[{\&#34;name\&#34;:\&#34;alpine-img\&#34;,\&#34;state\&#34;:{\&#34;waiting\&#34;:{\&#34;reason\&#34;:\&#34;PodInitializing\&#34;}},\&#34;lastState\&#34;:{},\&#34;ready\&#34;:false,\&#34;restartCount\&#34;:0,\&#34;image\&#34;:\&#34;alpine:latest\&#34;,\&#34;imageID\&#34;:\&#34;\&#34;,\&#34;started\&#34;:false}],\&#34;qosClass\&#34;:\&#34;Burstable\&#34;}}\n&lt;&lt;&lt;&lt;&lt;&lt;&lt;&lt;&lt;&lt;&#34;&#xA;time=&#34;2021-06-08T20:10:48-07:00&#34; level=error msg=&#34;Error Creating Pod: nsc-1 Failed to deploy pod&#34;&#xA;k8s.go:904:&#xA;goroutine 50 [running]:&#xA;runtime/debug.Stack(0x231a3c0, 0xc0005feb40, 0x30b6488)&#xA;/usr/local/go/src/runtime/debug/stack.go:24 +0x9f&#xA;github.com/networkservicemesh/networkservicemesh/test/kubetest.(*K8s).CreatePodsRaw(0xc000122300, 0x29e8d60800, 0xc000a21c01, 0xc000c6fc20, 0x1, 0x1, 0x0, 0x0, 0x0, 0x0, ...)&#xA;/Users/nispatil/go/src/github.com/cisco-app-networking/nsm_publish/networkservicemesh/test/kubetest/k8s.go:904 +0x8cc&#xA;github.com/networkservicemesh/networkservicemesh/test/kubetest.(*K8s).CreatePod(0xc000122300, 0xc000d0c000, 0x24dd280)&#xA;/Users/nispatil/go/src/github.com/cisco-app-networking/nsm_publish/networkservicemesh/test/kubetest/k8s.go:920 +0x72&#xA;github.com/networkservicemesh/networkservicemesh/test/kubetest.deployNSC(0xc000122300, 0xc00034b0d0, 0xd, 0x24bfedd, 0x5, 0x24c4319, 0x8, 0x1bf08eb000, 0xc000d0c000, 0xc000a21d88)&#xA;/Users/nispatil/go/src/github.com/cisco-app-networking/nsm_publish/networkservicemesh/test/kubetest/utils.go:542 +0x1c5&#xA;github.com/networkservicemesh/networkservicemesh/test/kubetest.DeployNSC(0xc000122300, 0xc00017ec00, 0x24bfedd, 0x5, 0x1bf08eb000, 0xc000d0c400)&#xA;/Users/nispatil/go/src/github.com/cisco-app-networking/nsm_publish/networkservicemesh/test/kubetest/utils.go:402 +0x1f2&#xA;github.com/networkservicemesh/networkservicemesh/test/integration.TestCrossConnectMonitorRestart(0xc00034c600)&#xA;/Users/nispatil/go/src/github.com/cisco-app-networking/nsm_publish/networkservicemesh/test/integration/basic_monitor_crossconnect_test.go:154 +0x2f7&#xA;testing.tRunner(0xc00034c600, 0x25771b8)&#xA;/usr/local/go/src/testing/testing.go:1123 +0xef&#xA;created by testing.(*T).Run&#xA;/usr/local/go/src/testing/testing.go:1168 +0x2b3&#xA;&#xA;Expected&#xA;&lt;int&gt;: 1&#xA;to equal&#xA;&lt;int&gt;: 0&#xA;time=&#34;2021-06-08T20:10:48-07:00&#34; level=info msg=&#34;Deleting nsc-1&#34;&#xA;time=&#34;2021-06-08T20:10:48-07:00&#34; level=info msg=&#34;Deleting nsmgr-kind-1-worker&#34;&#xA;time=&#34;2021-06-08T20:10:48-07:00&#34; level=info msg=&#34;Deleting nsmd-forwarder-kind-1-worker&#34;&#xA;E0608 20:10:48.727099   32722 portforward.go:409] error closing listener: close tcp4 127.0.0.1:51346: use of closed network connection&#xA;E0608 20:10:48.727110   32722 portforward.go:409] error closing listener: close tcp6 [::1]:51346: use of closed network connection&#xA;time=&#34;2021-06-08T20:10:48-07:00&#34; level=info msg=&#34;Deleting nsmgr-kind-1-worker2&#34;&#xA;time=&#34;2021-06-08T20:10:48-07:00&#34; level=info msg=&#34;Deleting jaeger&#34;&#xA;time=&#34;2021-06-08T20:10:48-07:00&#34; level=info msg=&#34;Deleting prefix-service&#34;&#xA;time=&#34;2021-06-08T20:10:48-07:00&#34; level=info msg=&#34;Deleting nsmd-forwarder-kind-1-worker2&#34;&#xA;time=&#34;2021-06-08T20:10:48-07:00&#34; level=info msg=&#34;Deleting icmp-responder-nse-1&#34;&#xA;time=&#34;2021-06-08T20:10:48-07:00&#34; level=info msg=&#34;Deleting spire-proxy&#34;&#xA;I0608 20:10:49.923579   32722 request.go:621] Throttling request took 1.196241066s, request: DELETE:https://127.0.0.1:55081/api/v1/namespaces/nsm-system/pods/nsmgr-kind-1-worker2&#xA;time=&#34;2021-06-08T20:10:51-07:00&#34; level=warning msg=&#34;The POD &#39;nsc-1&#39; Deleted 2.402690354s&#34;&#xA;time=&#34;2021-06-08T20:10:51-07:00&#34; level=warning msg=&#34;The POD &#39;nsmd-forwarder-kind-1-worker&#39; Deleted 3.000737906s&#34;&#xA;time=&#34;2021-06-08T20:10:52-07:00&#34; level=warning msg=&#34;The POD &#39;prefix-service&#39; Deleted 3.79974582s&#34;&#xA;time=&#34;2021-06-08T20:10:52-07:00&#34; level=warning msg=&#34;The POD &#39;nsmd-forwarder-kind-1-worker2&#39; Deleted 4.000848592s&#34;&#xA;time=&#34;2021-06-08T20:10:52-07:00&#34; level=warning msg=&#34;The POD &#39;icmp-responder-nse-1&#39; Deleted 4.198216907s&#34;&#xA;time=&#34;2021-06-08T20:10:53-07:00&#34; level=warning msg=&#34;The POD &#39;spire-proxy&#39; Deleted 4.402844755s&#34;&#xA;time=&#34;2021-06-08T20:11:03-07:00&#34; level=warning msg=&#34;The POD &#39;jaeger&#39; Deleted 15.000192374s&#34;&#xA;time=&#34;2021-06-08T20:11:03-07:00&#34; level=warning msg=&#34;The POD &#39;nsmgr-kind-1-worker&#39; Deleted 15.198326262s&#34;&#xA;time=&#34;2021-06-08T20:11:04-07:00&#34; level=warning msg=&#34;The POD &#39;nsmgr-kind-1-worker2&#39; Deleted 15.401921468s&#34;&#xA;time=&#34;2021-06-08T20:11:04-07:00&#34; level=info msg=&#34;namespace nsm-system is deleted&#34;&#xA;time=&#34;2021-06-08T20:11:04-07:00&#34; level=info msg=&#34;Cleanup time: 15.604904626s&#34;&#xA;--- FAIL: TestCrossConnectMonitorRestart (226.64s)&#xA;FAIL&#xA;FAIL&#x9;github.com/networkservicemesh/networkservicemesh/test/integration&#x9;227.091s&#xA;FAIL&#xA;TestCrossConnectMonitorRestart: OnFail: running on fail script operations with KUBECONFIG=/Users/nispatil/go/src/github.com/cisco-app-networking/nsm_publish/networkservicemesh/.tests/cloud_test/single-cluster/shell/kind-1/config on cloud kind-1&#xA;make -i k8s-deconfig helm-delete k8s-terminating-cleanup k8s-delete-nsm-namespaces || true&#xA;helm uninstall config --namespace nsm-system || true&#xA;WARNING: Kubernetes configuration file is group-readable. This is insecure. Location: /Users/nispatil/go/src/github.com/cisco-app-networking/nsm_publish/networkservicemesh/.tests/cloud_test/single-cluster/shell/kind-1/config&#xA;WARNING: Kubernetes configuration file is world-readable. This is insecure. Location: /Users/nispatil/go/src/github.com/cisco-app-networking/nsm_publish/networkservicemesh/.tests/cloud_test/single-cluster/shell/kind-1/config&#xA;release &#34;config&#34; uninstalled&#xA;./scripts/helm-nsm-uninstall.sh --nsm_namespace nsm-system --all&#xA;&#xA;Helm version detected: v3.3.4&#xA;Cleaning up NSM&#xA;xargs: illegal option -- -&#xA;usage: xargs [-0opt] [-E eofstr] [-I replstr [-R replacements] [-S replsize]]&#xA;[-J replstr] [-L number] [-n number [-x]] [-P maxprocs]&#xA;[-s size] [utility [argument ...]]&#xA;WARNING: Kubernetes configuration file is group-readable. This is insecure. Location: /Users/nispatil/go/src/github.com/cisco-app-networking/nsm_publish/networkservicemesh/.tests/cloud_test/single-cluster/shell/kind-1/config&#xA;WARNING: Kubernetes configuration file is world-readable. This is insecure. Location: /Users/nispatil/go/src/github.com/cisco-app-networking/nsm_publish/networkservicemesh/.tests/cloud_test/single-cluster/shell/kind-1/config&#xA;make[1]: [helm-delete] Error 1 (ignored)&#xA;xargs: illegal option -- -&#xA;usage: xargs [-0opt] [-E eofstr] [-I replstr [-R replacements] [-S replsize]]&#xA;[-J replstr] [-L number] [-n number [-x]] [-P maxprocs]&#xA;[-s size] [utility [argument ...]]&#xA;No resources found in nsm-system namespace.&#xA;make[1]: [k8s-terminating-cleanup] Error 1 (ignored)&#xA;Running delete-nsm-namespaces script&#xA;NSM_NAMESPACE=nsm-system&#xA;Checking ns: default&#xA;Checking ns: kube-node-lease&#xA;Checking ns: kube-public&#xA;Checking ns: kube-system&#xA;Checking ns: local-path-storage&#xA;Checking ns: nsm-system&#xA;Deleting ns: nsm-system&#xA;warning: Immediate deletion does not wait for confirmation that the running resource has been terminated. The resource may continue to run on the cluster indefinitely.&#xA;No resources found&#xA;namespace &#34;nsm-system&#34; deleted&#xA;Checking ns: spire&#xA;make k8s-config &amp;&amp; echo &#34;Cluster reset successfull&#34;&#xA;namespace/nsm-system created&#xA;helm --namespace nsm-system install config deployments/helm/nsm/charts/config&#xA;WARNING: Kubernetes configuration file is group-readable. This is insecure. Location: /Users/nispatil/go/src/github.com/cisco-app-networking/nsm_publish/networkservicemesh/.tests/cloud_test/single-cluster/shell/kind-1/config&#xA;WARNING: Kubernetes configuration file is world-readable. This is insecure. Location: /Users/nispatil/go/src/github.com/cisco-app-networking/nsm_publish/networkservicemesh/.tests/cloud_test/single-cluster/shell/kind-1/config&#xA;NAME: config&#xA;LAST DEPLOYED: Tue Jun  8 20:11:12 2021&#xA;NAMESPACE: nsm-system&#xA;STATUS: deployed&#xA;REVISION: 1&#xA;TEST SUITE: None&#xA;Cluster reset successfull</failure>
                  </testcase>
                  <testcase classname="" name="TestDeployPodIntoInvalidEnv" time="24.460240611" cluster_instance="kind-1"></testcase>
                  <testcase classname="" name="TestNSMgrRestartDeploy" time="40.560638789" cluster_instance="kind-1"></testcase>
                  <testcase classname="" name="TestExcludePrefixCheck" time="52.494183749" cluster_instance="kind-1"></testcase>
                  <testcase classname="" name="TestNSMDDeploy" time="62.739821753" cluster_instance="kind-1"></testcase>
                  <testcase classname="" name="TestUpdateNSM" time="61.598206895" cluster_instance="kind-1"></testcase>
                  <testcase classname="" name="TestPrometheusMetrics" time="15.527725359" cluster_instance="kind-1"></testcase>
                  <testcase classname="" name="TestGetMetricsIdentifiers" time="3.189988797" cluster_instance="kind-1"></testcase>
                  <testcase classname="" name="TestLostUpdate" time="85.978999953" cluster_instance="kind-1"></testcase>
                  <testcase classname="" name="TestNSMgrForwarderDeploy" time="33.118229595" cluster_instance="kind-1"></testcase>
                  <testcase classname="" name="TestForwarderCrossConnectMultiple" time="170.907562052" cluster_instance="kind-1">
                      <failure message="Test execution failed TestForwarderCrossConnectMultiple" type="ERROR">Execution attempt: 0 Output file: .tests/cloud_test/single-cluster/kind-1/020-TestForwarderCrossConnectMultiple-run.log&#xA;Starting TestForwarderCrossConnectMultiple on kind-1&#xA;Command line go test . -test.timeout 10m0s -count 1 --run &#34;^(TestForwarderCrossConnectMultiple)$\\z&#34; --tags &#34;basic&#34; --test.v&#xA;env==[KUBECONFIG=/Users/nispatil/go/src/github.com/cisco-app-networking/nsm_publish/networkservicemesh/.tests/cloud_test/single-cluster/shell/kind-1/config ARTIFACTS_DIR=/Users/nispatil/go/src/github.com/cisco-app-networking/nsm_publish/networkservicemesh/.tests/cloud_test/single-cluster/kind-1/TestForwarderCrossConnectMultiple]&#xA;&#xA;=== RUN   TestForwarderCrossConnectMultiple&#xA;time=&#34;2021-06-08T19:44:06-07:00&#34; level=info msg=&#34;Using Kubeconfig: /Users/nispatil/go/src/github.com/cisco-app-networking/nsm_publish/networkservicemesh/.tests/cloud_test/single-cluster/shell/kind-1/config&#34;&#xA;time=&#34;2021-06-08T19:44:06-07:00&#34; level=info msg=&#34;FORWARDING_PLANE not set, using default forwarder - vpp&#34;&#xA;time=&#34;2021-06-08T19:44:06-07:00&#34; level=info msg=&#34;Creating artifact manager with config: &amp;{4 false /Users/nispatil/go/src/github.com/cisco-app-networking/nsm_publish/networkservicemesh/.tests/cloud_test/single-cluster/kind-1/TestForwarderCrossConnectMultiple}&#34;&#xA;time=&#34;2021-06-08T19:44:06-07:00&#34; level=error msg=&#34;Error during create of test namespace failed to create a namespace: object is being deleted: namespaces \&#34;nsm-system\&#34; already exists&#34;&#xA;time=&#34;2021-06-08T19:44:06-07:00&#34; level=info msg=&#34;Checking availability of API server on 127.0.0.1&#34;&#xA;time=&#34;2021-06-08T19:44:10-07:00&#34; level=info msg=&#34;PING 127.0.0.1 (127.0.0.1): 56 data bytes\n64 bytes from 127.0.0.1: icmp_seq=0 ttl=64 time=0.037 ms\n64 bytes from 127.0.0.1: icmp_seq=1 ttl=64 time=0.079 ms\n64 bytes from 127.0.0.1: icmp_seq=2 ttl=64 time=0.073 ms\n64 bytes from 127.0.0.1: icmp_seq=3 ttl=64 time=0.121 ms\n64 bytes from 127.0.0.1: icmp_seq=4 ttl=64 time=0.087 ms\n\n--- 127.0.0.1 ping statistics ---\n5 packets transmitted, 5 packets received, 0.0%!p(MISSING)acket loss\nround-trip min/avg/max/stddev = 0.037/0.079/0.121/0.027 ms\n&#34;&#xA;time=&#34;2021-06-08T19:44:10-07:00&#34; level=info msg=&#34;Will try to create namespace again after 20 seconds&#34;&#xA;time=&#34;2021-06-08T19:44:30-07:00&#34; level=info msg=&#34;namespace nsm-system is created&#34;&#xA;time=&#34;2021-06-08T19:44:30-07:00&#34; level=info msg=&#34;USE_IPV6 not set, using default false&#34;&#xA;time=&#34;2021-06-08T19:44:30-07:00&#34; level=error msg=&#34;serviceaccounts \&#34;nsc-acc\&#34; not found&#34;&#xA;time=&#34;2021-06-08T19:44:30-07:00&#34; level=error msg=&#34;serviceaccounts \&#34;nse-acc\&#34; not found&#34;&#xA;time=&#34;2021-06-08T19:44:30-07:00&#34; level=error msg=&#34;serviceaccounts \&#34;nsmgr-acc\&#34; not found&#34;&#xA;time=&#34;2021-06-08T19:44:31-07:00&#34; level=error msg=&#34;serviceaccounts \&#34;nsmrs-acc\&#34; not found&#34;&#xA;time=&#34;2021-06-08T19:44:31-07:00&#34; level=error msg=&#34;serviceaccounts \&#34;forward-plane-acc\&#34; not found&#34;&#xA;time=&#34;2021-06-08T19:44:31-07:00&#34; level=error msg=&#34;serviceaccounts \&#34;crossconnect-monitor-acc\&#34; not found&#34;&#xA;time=&#34;2021-06-08T19:44:31-07:00&#34; level=error msg=&#34;serviceaccounts \&#34;proxy-nsmgr-acc\&#34; not found&#34;&#xA;time=&#34;2021-06-08T19:44:31-07:00&#34; level=info msg=&#34;Cleanup done: 812.414127ms&#34;&#xA;time=&#34;2021-06-08T19:44:31-07:00&#34; level=info msg=&#34;&amp;ServiceAccount{ObjectMeta:{default  nsm-system /api/v1/namespaces/nsm-system/serviceaccounts/default 4090be27-c891-44fe-ae54-55c8bbec3ceb 9459 0 2021-06-08 19:44:30 -0700 PDT &lt;nil&gt; &lt;nil&gt; map[] map[] [] []  []},Secrets:[]ObjectReference{ObjectReference{Kind:,Namespace:,Name:default-token-wpjtm,UID:,APIVersion:,ResourceVersion:,FieldPath:,},},ImagePullSecrets:[]LocalObjectReference{},AutomountServiceAccountToken:nil,}&#34;&#xA;I0608 19:44:32.810231   27689 request.go:621] Throttling request took 1.186452523s, request: POST:https://127.0.0.1:55081/api/v1/namespaces/nsm-system/serviceaccounts&#xA;time=&#34;2021-06-08T19:44:33-07:00&#34; level=info msg=&#34;&amp;ServiceAccount{ObjectMeta:{nsc-acc  nsm-system /api/v1/namespaces/nsm-system/serviceaccounts/nsc-acc a131f454-0f0e-4de1-9393-a4b1fa34d1b7 9465 0 2021-06-08 19:44:32 -0700 PDT &lt;nil&gt; &lt;nil&gt; map[] map[] [] []  []},Secrets:[]ObjectReference{ObjectReference{Kind:,Namespace:,Name:nsc-acc-token-c4nv5,UID:,APIVersion:,ResourceVersion:,FieldPath:,},},ImagePullSecrets:[]LocalObjectReference{},AutomountServiceAccountToken:nil,}&#34;&#xA;time=&#34;2021-06-08T19:44:33-07:00&#34; level=info msg=&#34;&amp;ServiceAccount{ObjectMeta:{crossconnect-monitor-acc  nsm-system /api/v1/namespaces/nsm-system/serviceaccounts/crossconnect-monitor-acc 6ca6ed4b-9c06-4234-a58d-b97e4b665069 9470 0 2021-06-08 19:44:32 -0700 PDT &lt;nil&gt; &lt;nil&gt; map[] map[] [] []  []},Secrets:[]ObjectReference{ObjectReference{Kind:,Namespace:,Name:crossconnect-monitor-acc-token-mwlbv,UID:,APIVersion:,ResourceVersion:,FieldPath:,},},ImagePullSecrets:[]LocalObjectReference{},AutomountServiceAccountToken:nil,}&#34;&#xA;time=&#34;2021-06-08T19:44:33-07:00&#34; level=info msg=&#34;&amp;ServiceAccount{ObjectMeta:{nse-acc  nsm-system /api/v1/namespaces/nsm-system/serviceaccounts/nse-acc ea223d0e-1a14-4a05-ba25-713006f9b1ca 9474 0 2021-06-08 19:44:32 -0700 PDT &lt;nil&gt; &lt;nil&gt; map[] map[] [] []  []},Secrets:[]ObjectReference{ObjectReference{Kind:,Namespace:,Name:nse-acc-token-2vtsn,UID:,APIVersion:,ResourceVersion:,FieldPath:,},},ImagePullSecrets:[]LocalObjectReference{},AutomountServiceAccountToken:nil,}&#34;&#xA;time=&#34;2021-06-08T19:44:34-07:00&#34; level=info msg=&#34;&amp;ServiceAccount{ObjectMeta:{forward-plane-acc  nsm-system /api/v1/namespaces/nsm-system/serviceaccounts/forward-plane-acc ae4cadb0-4697-4d01-a1ba-009a2c9009da 9477 0 2021-06-08 19:44:32 -0700 PDT &lt;nil&gt; &lt;nil&gt; map[] map[] [] []  []},Secrets:[]ObjectReference{ObjectReference{Kind:,Namespace:,Name:forward-plane-acc-token-v2j2b,UID:,APIVersion:,ResourceVersion:,FieldPath:,},},ImagePullSecrets:[]LocalObjectReference{},AutomountServiceAccountToken:nil,}&#34;&#xA;time=&#34;2021-06-08T19:44:34-07:00&#34; level=info msg=&#34;&amp;ServiceAccount{ObjectMeta:{proxy-nsmgr-acc  nsm-system /api/v1/namespaces/nsm-system/serviceaccounts/proxy-nsmgr-acc 168706be-040a-48fd-95e7-48ff92721632 9480 0 2021-06-08 19:44:32 -0700 PDT &lt;nil&gt; &lt;nil&gt; map[] map[] [] []  []},Secrets:[]ObjectReference{ObjectReference{Kind:,Namespace:,Name:proxy-nsmgr-acc-token-qqx7g,UID:,APIVersion:,ResourceVersion:,FieldPath:,},},ImagePullSecrets:[]LocalObjectReference{},AutomountServiceAccountToken:nil,}&#34;&#xA;time=&#34;2021-06-08T19:44:34-07:00&#34; level=info msg=&#34;&amp;ServiceAccount{ObjectMeta:{nsmrs-acc  nsm-system /api/v1/namespaces/nsm-system/serviceaccounts/nsmrs-acc 0b1f940e-9861-409c-a78a-48d9849388fd 9483 0 2021-06-08 19:44:33 -0700 PDT &lt;nil&gt; &lt;nil&gt; map[] map[] [] []  []},Secrets:[]ObjectReference{ObjectReference{Kind:,Namespace:,Name:nsmrs-acc-token-f5cx8,UID:,APIVersion:,ResourceVersion:,FieldPath:,},},ImagePullSecrets:[]LocalObjectReference{},AutomountServiceAccountToken:nil,}&#34;&#xA;time=&#34;2021-06-08T19:44:34-07:00&#34; level=info msg=&#34;&amp;ServiceAccount{ObjectMeta:{nsmgr-acc  nsm-system /api/v1/namespaces/nsm-system/serviceaccounts/nsmgr-acc c8904598-7647-4ba0-8c2b-2b8675cef0c8 9486 0 2021-06-08 19:44:33 -0700 PDT &lt;nil&gt; &lt;nil&gt; map[] map[] [] []  []},Secrets:[]ObjectReference{ObjectReference{Kind:,Namespace:,Name:nsmgr-acc-token-fd2dv,UID:,APIVersion:,ResourceVersion:,FieldPath:,},},ImagePullSecrets:[]LocalObjectReference{},AutomountServiceAccountToken:nil,}&#34;&#xA;time=&#34;2021-06-08T19:44:34-07:00&#34; level=info msg=&#34;Creating ConfigMap &#39;nsm-config&#39; in namespace&#39;nsm-system&#39;...&#34;&#xA;time=&#34;2021-06-08T19:44:34-07:00&#34; level=info msg=&#34;Using image: containers.cisco.com/appn/prefix-service:vl3_latest&#34;&#xA;time=&#34;2021-06-08T19:44:34-07:00&#34; level=info msg=&#34;Using image: containers.cisco.com/appn/test-common:vl3_latest&#34;&#xA;time=&#34;2021-06-08T19:44:34-07:00&#34; level=info msg=&#34;role is created: &amp;ClusterRoleBinding{ObjectMeta:{nsm-role-binding      0 0001-01-01 00:00:00 +0000 UTC &lt;nil&gt; &lt;nil&gt; map[] map[] [] []  []},Subjects:[]Subject{Subject{Kind:ServiceAccount,APIGroup:,Name:nsmgr-acc,Namespace:nsm-system,},Subject{Kind:ServiceAccount,APIGroup:,Name:proxy-nsmgr-acc,Namespace:nsm-system,},Subject{Kind:ServiceAccount,APIGroup:,Name:crossconnect-monitor-acc,Namespace:nsm-system,},},RoleRef:RoleRef{APIGroup:rbac.authorization.k8s.io,Kind:ClusterRole,Name:nsm-role,},}&#34;&#xA;time=&#34;2021-06-08T19:44:34-07:00&#34; level=info msg=&#34;role is created: &amp;ClusterRole{ObjectMeta:{nsm-role  nsm-system    0 0001-01-01 00:00:00 +0000 UTC &lt;nil&gt; &lt;nil&gt; map[rbac.authorization.k8s.io/aggregate-to-admin:true rbac.authorization.k8s.io/aggregate-to-edit:true] map[] [] []  []},Rules:[]PolicyRule{PolicyRule{Verbs:[*],APIGroups:[networkservicemesh.io],Resources:[networkservices networkserviceendpoints networkservicemanagers],ResourceNames:[],NonResourceURLs:[],},PolicyRule{Verbs:[*],APIGroups:[apiextensions.k8s.io],Resources:[customresourcedefinitions],ResourceNames:[],NonResourceURLs:[],},PolicyRule{Verbs:[get update],APIGroups:[],Resources:[configmaps],ResourceNames:[],NonResourceURLs:[],},PolicyRule{Verbs:[get list watch],APIGroups:[],Resources:[nodes services namespaces],ResourceNames:[],NonResourceURLs:[],},},AggregationRule:nil,}&#34;&#xA;time=&#34;2021-06-08T19:44:34-07:00&#34; level=info msg=&#34;role is created: &amp;ClusterRole{ObjectMeta:{aggregate-network-services-view  nsm-system    0 0001-01-01 00:00:00 +0000 UTC &lt;nil&gt; &lt;nil&gt; map[rbac.authorization.k8s.io/aggregate-to-view:true] map[] [] []  []},Rules:[]PolicyRule{PolicyRule{Verbs:[get list watch],APIGroups:[networkservicemesh.io],Resources:[networkservices],ResourceNames:[],NonResourceURLs:[],},},AggregationRule:nil,}&#34;&#xA;time=&#34;2021-06-08T19:44:37-07:00&#34; level=info msg=&#34;Trying to establish connection with the spire provider at address:tcp://127.0.0.1:50938&#34;&#xA;time=&#34;2021-06-08T19:44:37-07:00&#34; level=info msg=&#34;Created the todo context:tcp://127.0.0.1:50938&#34;&#xA;time=&#34;2021-06-08T19:44:37-07:00&#34; level=info msg=&#34;Got x509:&amp;{0xc0001462d0 &lt;nil&gt; {{0 0} 0 0 0 0} 0xc00070a8c0 0xc0008008c0 {{0 0} 0 0 0 0} false} &lt;nil&gt;&#34;&#xA;time=&#34;2021-06-08T19:44:37-07:00&#34; level=info msg=&#34;Started goroutine&#34;&#xA;time=&#34;2021-06-08T19:44:37-07:00&#34; level=info msg=&#34;Returning provider&#34;&#xA;time=&#34;2021-06-08T19:44:37-07:00&#34; level=info msg=&#34;Issued identity:spiffe://test.com/nsmgr&#34;&#xA;time=&#34;2021-06-08T19:44:37-07:00&#34; level=info msg=&#34;Checking node: kind-1-control-plane&#34;&#xA;time=&#34;2021-06-08T19:44:37-07:00&#34; level=info msg=&#34;Checking node: kind-1-worker&#34;&#xA;time=&#34;2021-06-08T19:44:37-07:00&#34; level=info msg=&#34;Checking node: kind-1-worker2&#34;&#xA;time=&#34;2021-06-08T19:44:37-07:00&#34; level=info msg=&#34;Using image: containers.cisco.com/appn/vppagent-forwarder:vl3_latest&#34;&#xA;time=&#34;2021-06-08T19:44:39-07:00&#34; level=info msg=&#34;getting logs without container vppagent-forwarder=none&#34;&#xA;time=&#34;2021-06-08T19:44:40-07:00&#34; level=info msg=&#34;Using image: alpine:latest&#34;&#xA;time=&#34;2021-06-08T19:44:41-07:00&#34; level=info msg=&#34;Using image: alpine:latest&#34;&#xA;time=&#34;2021-06-08T19:44:43-07:00&#34; level=info msg=&#34;Forwarded port: pod=nsmd-forwarder-kind-1-worker, remote=9500 local=50941\n&#34;&#xA;time=&#34;2021-06-08T19:44:43-07:00&#34; level=info msg=&#34;Trying to establish connection to target: localhost:50941&#34;&#xA;time=&#34;2021-06-08T19:44:43-07:00&#34; level=info msg=&#34;func insecure: false, env insecure: false&#34;&#xA;time=&#34;2021-06-08T19:44:43-07:00&#34; level=info msg=&#34;Connecting to the workload api at:tcp://127.0.0.1:50938&#34;&#xA;time=&#34;2021-06-08T19:44:43-07:00&#34; level=info msg=&#34;Successfully retrieve bundles:&amp;{{{0 0} 0 0 0 0} map[{test.com}:0xc000b9e040]}&#34;&#xA;time=&#34;2021-06-08T19:44:43-07:00&#34; level=info msg=&#34;defaultTrustDomain:test.com&#34;&#xA;time=&#34;2021-06-08T19:44:43-07:00&#34; level=info msg=&#34;AUTHORIZING ALL CLIENTS&#34;&#xA;time=&#34;2021-06-08T19:44:43-07:00&#34; level=info msg=&#34;Fetch tlsConfig for Trust Domain: test.com&#34;&#xA;time=&#34;2021-06-08T19:44:43-07:00&#34; level=info msg=&#34;Found 1 tlsconfigs.&#34;&#xA;time=&#34;2021-06-08T19:44:43-07:00&#34; level=info msg=&#34;Found the right tls certificate:&amp;{&lt;nil&gt; &lt;nil&gt; [] map[] &lt;nil&gt; 0x1a28f80 &lt;nil&gt; 0x1a29000 &lt;nil&gt; &lt;nil&gt; []  NoClientCert &lt;nil&gt; true [] false false [0 0 0 0 0 0 0 0 0 0 0 0 0 0 0 0 0 0 0 0 0 0 0 0 0 0 0 0 0 0 0 0] &lt;nil&gt; 0 0 [] false 0 &lt;nil&gt; {{0 0} 0 0 0 0} [] []}&#34;&#xA;time=&#34;2021-06-08T19:44:43-07:00&#34; level=info msg=&#34;Trying to establish connection using tlsConfig:&amp;{&lt;nil&gt; &lt;nil&gt; [] map[] &lt;nil&gt; 0x1a28f80 &lt;nil&gt; 0x1a29000 &lt;nil&gt; &lt;nil&gt; []  NoClientCert &lt;nil&gt; true [] false false [0 0 0 0 0 0 0 0 0 0 0 0 0 0 0 0 0 0 0 0 0 0 0 0 0 0 0 0 0 0 0 0] &lt;nil&gt; 0 0 [] false 0 &lt;nil&gt; {{0 0} 0 0 0 0} [] []}&#34;&#xA;E0608 19:44:43.884477   27689 portforward.go:372] error copying from remote stream to local connection: readfrom tcp6 [::1]:50941-&gt;[::1]:50944: write tcp6 [::1]:50941-&gt;[::1]:50944: write: broken pipe&#xA;time=&#34;2021-06-08T19:44:43-07:00&#34; level=info msg=&#34;Executing: [readlink /proc/self/ns/net] in pod source-pod-kind-1-worker:alpine-img&#34;&#xA;time=&#34;2021-06-08T19:44:43-07:00&#34; level=info msg=&#34;Executing: [readlink /proc/self/ns/net] in pod dest-pod-kind-1-worker:alpine-img&#34;&#xA;basic_forwarder_standalone_test.go:201:&#xA;Expected&#xA;&lt;*status.Error | 0xc000206388&gt;: {&#xA;e: {&#xA;state: {&#xA;NoUnkeyedLiterals: {},&#xA;DoNotCompare: [],&#xA;DoNotCopy: [],&#xA;atomicMessageInfo: {&#xA;GoReflectType: {size: 0x8, ptrdata: 0x8, hash: 2058361438, tflag: 9, align: 8, fieldAlign: 8, kind: 54, equal: 0x10051e0, gcdata: 1, str: 110736, ptrToThis: 0},&#xA;Desc: {&#xA;Base: {&#xA;L0: {&#xA;FullName: &#34;google.rpc.Status&#34;,&#xA;ParentFile: {&#xA;fileRaw: {&#xA;builder: {GoPackagePath: ..., RawDescriptor: ..., NumEnums: ..., NumMessages: ..., NumExtensions: ..., NumServices: ..., TypeResolver: ..., FileRegistry: ...},&#xA;allEnums: [],&#xA;allMessages: [...],&#xA;allExtensions: [],&#xA;allServices: [],&#xA;},&#xA;L1: {&#xA;Syntax: 3,&#xA;Path: &#34;google/rpc/status.proto&#34;,&#xA;Package: &#34;google.rpc&#34;,&#xA;Enums: {List: ..., once: ..., byName: ...},&#xA;Messages: {List: ..., once: ..., byName: ...},&#xA;Extensions: {List: ..., once: ..., byName: ...},&#xA;Services: {List: ..., once: ..., byName: ...},&#xA;},&#xA;once: 1,&#xA;mu: {state: 0, sema: 0},&#xA;L2: {&#xA;Options: 0x18d14e0,&#xA;Imports: [...],&#xA;Locations: {List: ...},&#xA;},&#xA;},&#xA;Parent: {&#xA;fileRaw: {&#xA;builder: {GoPackagePath: ..., RawDescriptor: ..., NumEnums: ..., NumMessages: ..., NumExtensions: ..., NumServices: ..., TypeResolver: ..., FileRegistry: ...},&#xA;allEnums: [],&#xA;allMessages: [...],&#xA;allExtensions: [],&#xA;allServices: [],&#xA;},&#xA;L1: {&#xA;Syntax: 3,&#xA;Path: &#34;google/rpc/status.proto&#34;,&#xA;Package: &#34;google.rpc&#34;,&#xA;Enums: {List: ..., once: ..., byName: ...},&#xA;Messages: {List: ..., once: ..., byName: ...},&#xA;Extensions: {List: ..., once: ..., byName: ...},&#xA;Services: {List: ..., once: ..., byName: ...},&#xA;},&#xA;once: 1,&#xA;mu: {state: 0, sema: 0},&#xA;L2: {&#xA;Options: 0x18d14e0,&#xA;Imports: [...],&#xA;Locations: {List: ...},&#xA;},&#xA;},&#xA;Index: 0,&#xA;},&#xA;},&#xA;L1: {&#xA;Enums: {&#xA;List: nil,&#xA;once: {&#xA;done: 0,&#xA;m: {state: 0, sema: 0},&#xA;},&#xA;byName: nil,&#xA;},&#xA;Messages: {&#xA;List: nil,&#xA;once: {&#xA;done: 0,&#xA;m: {state: 0, sema: 0},&#xA;},&#xA;byName: nil,&#xA;},&#xA;Extensions: {&#xA;List: nil,&#xA;once: {&#xA;done: 0,&#xA;m: {state: 0, sema: 0},&#xA;},&#xA;byName: nil,&#xA;},&#xA;IsMapEntry: false,&#xA;IsMessageSet: false,&#xA;},&#xA;L2: {&#xA;Options: nil,&#xA;Fields: {&#xA;List: [&#xA;{&#xA;Base: {L0: ...},&#xA;L1: {&#xA;Options: ...,&#xA;Number: ...,&#xA;Cardinality: ...,&#xA;Kind: ...,&#xA;JSONName: ...,&#xA;IsProto3Optional: ...,&#xA;IsWeak: ...,&#xA;HasPacked: ...,&#xA;IsPacked: ...,&#xA;HasEnforceUTF8: ...,&#xA;EnforceUTF8: ...,&#xA;Default: ...,&#xA;ContainingOneof: ...,&#xA;Enum: ...,&#xA;Message: ...,&#xA;},&#xA;},&#xA;{&#xA;Base: {L0: ...},&#xA;L1: {&#xA;Options: ...,&#xA;Number: ...,&#xA;Cardinality: ...,&#xA;Kind: ...,&#xA;JSONName: ...,&#xA;IsProto3Optional: ...,&#xA;IsWeak: ...,&#xA;HasPacked: ...,&#xA;IsPacked: ...,&#xA;HasEnforceUTF8: ...,&#xA;EnforceUTF8: ...,&#xA;Default: ...,&#xA;ContainingOneof: ...,&#xA;Enum: ...,&#xA;Message: ...,&#xA;},&#xA;},&#xA;{&#xA;Base: {L0: ...},&#xA;L1: {&#xA;Options: ...,&#xA;Number: ...,&#xA;Cardinality: ...,&#xA;Kind: ...,&#xA;JSONName: ...,&#xA;IsProto3Optional: ...,&#xA;IsWeak: ...,&#xA;HasPacked: ...,&#xA;IsPacked: ...,&#xA;HasEnforceUTF8: ...,&#xA;EnforceUTF8: ...,&#xA;Default: ...,&#xA;ContainingOneof: ...,&#xA;Enum: ...,&#xA;Message: ...,&#xA;},&#xA;},&#xA;],&#xA;once: {&#xA;done: 0,&#xA;m: {state: 0, sema: 0},&#xA;},&#xA;byName: nil,&#xA;byJSON: nil,&#xA;byNum: nil,&#xA;},&#xA;Oneofs: {&#xA;List: [],&#xA;once: {&#xA;done: 0,&#xA;m: {state: 0, sema: 0},&#xA;},&#xA;byName: nil,&#xA;},&#xA;ReservedNames: {&#xA;List: nil,&#xA;once: {&#xA;done: 0,&#xA;m: {state: 0, sema: 0},&#xA;},&#xA;has: nil,&#xA;},&#xA;ReservedRanges: {&#xA;List: nil,&#xA;once: {&#xA;done: 0,&#xA;m: {state: 0, sema: 0},&#xA;},&#xA;sorted: nil,&#xA;},&#xA;RequiredNumbers: {&#xA;List: nil,&#xA;once: {&#xA;done: 0,&#xA;m: {state: 0, sema: 0},&#xA;},&#xA;has: nil,&#xA;},&#xA;ExtensionRanges: {&#xA;List: nil,&#xA;once: {&#xA;done: 0,&#xA;m: {state: 0, sema: 0},&#xA;},&#xA;sorted: nil,&#xA;},&#xA;ExtensionRangeOptions: nil,&#xA;},&#xA;},&#xA;Exporter: nil,&#xA;OneofWrappers: nil,&#xA;initMu: {state: 0, sema: 0},&#xA;initDone: 1,&#xA;reflectMessageInfo: {&#xA;fields: {&#xA;1: {&#xA;fieldDesc: {&#xA;Base: {&#xA;L0: {FullName: ..., ParentFile: ..., Parent: ..., Index: ...},&#xA;},&#xA;L1: {&#xA;Options: nil,&#xA;Number: 1,&#xA;Cardinality: 1,&#xA;Kind: 5,&#xA;JSONName: {has: ..., once: ..., name: ...},&#xA;IsProto3Optional: false,&#xA;IsWeak: false,&#xA;HasPacked: false,&#xA;IsPacked: false,&#xA;HasEnforceUTF8: false,&#xA;EnforceUTF8: false,&#xA;Default: {has: ..., val: ..., enum: ..., bytes: ...},&#xA;ContainingOneof: nil,&#xA;Enum: nil,&#xA;Message: nil,&#xA;},&#xA;},&#xA;has: 0x1936d20,&#xA;clear: 0x1937160,&#xA;get: 0x19372a0,&#xA;set: 0x1937520,&#xA;mutable: nil,&#xA;newMessage: nil,&#xA;newField: 0x19378c0,&#xA;},&#xA;2: {&#xA;fieldDesc: {&#xA;Base: {&#xA;L0: {FullName: ..., ParentFile: ..., Parent: ..., Index: ...},&#xA;},&#xA;L1: {&#xA;Options: nil,&#xA;Number: 2,&#xA;Cardinality: 1,&#xA;Kind: 9,&#xA;JSONName: {has: ..., once: ..., name: ...},&#xA;IsProto3Optional: false,&#xA;IsWeak: false,&#xA;HasPacked: false,&#xA;IsPacked: false,&#xA;HasEnforceUTF8: false,&#xA;EnforceUTF8: false,&#xA;Default: {has: ..., val: ..., enum: ..., bytes: ...},&#xA;ContainingOneof: nil,&#xA;Enum: nil,&#xA;Message: nil,&#xA;},&#xA;},&#xA;has: 0x1936d20,&#xA;clear: 0x1937160,&#xA;get: 0x19372a0,&#xA;set: 0x1937520,&#xA;mutable: nil,&#xA;newMessage: nil,&#xA;newField: 0x19378c0,&#xA;},&#xA;3: {&#xA;fieldDesc: {&#xA;Base: {&#xA;L0: {FullName: ..., ParentFile: ..., Parent: ..., Index: ...},&#xA;},&#xA;L1: {&#xA;Options: nil,&#xA;Number: 3,&#xA;Cardinality: 3,&#xA;Kind: 11,&#xA;JSONName: {has: ..., once: ..., name: ...},&#xA;IsProto3Optional: false,&#xA;IsWeak: false,&#xA;HasPacked: false,&#xA;IsPacked: false,&#xA;HasEnforceUTF8: false,&#xA;EnforceUTF8: false,&#xA;Default: {has: ..., val: ..., enum: ..., bytes: ...},&#xA;ContainingOneof: nil,&#xA;Enum: nil,&#xA;Message: {Base: ..., L1: ..., L2: ...},&#xA;},&#xA;},&#xA;has: 0x1936500,&#xA;clear: 0x19365c0,&#xA;get: 0x1936700,&#xA;set: 0x19368c0,&#xA;mutable: 0x1936bc0,&#xA;newMessage: nil,&#xA;newField: 0x1936cc0,&#xA;},&#xA;},&#xA;oneofs: {},&#xA;denseFields: [&#xA;nil,&#xA;{&#xA;fieldDesc: {&#xA;Base: {&#xA;L0: {FullName: ..., ParentFile: ..., Parent: ..., Index: ...},&#xA;},&#xA;L1: {&#xA;Options: nil,&#xA;Number: 1,&#xA;Cardinality: 1,&#xA;Kind: 5,&#xA;JSONName: {has: ..., once: ..., name: ...},&#xA;IsProto3Optional: false,&#xA;IsWeak: false,&#xA;HasPacked: false,&#xA;IsPacked: false,&#xA;HasEnforceUTF8: false,&#xA;EnforceUTF8: false,&#xA;Default: {has: ..., val: ..., enum: ..., bytes: ...},&#xA;ContainingOneof: nil,&#xA;Enum: nil,&#xA;Message: nil,&#xA;},&#xA;},&#xA;has: 0x1936d20,&#xA;clear: 0x1937160,&#xA;get: 0x19372a0,&#xA;set: 0x1937520,&#xA;mutable: nil,&#xA;newMessage: nil,&#xA;newField: 0x19378c0,&#xA;},&#xA;{&#xA;fieldDesc: {&#xA;Base: {&#xA;L0: {FullName: ..., ParentFile: ..., Parent: ..., Index: ...},&#xA;},&#xA;L1: {&#xA;Options: nil,&#xA;Number: 2,&#xA;Cardinality: 1,&#xA;Kind: 9,&#xA;JSONName: {has: ..., once: ..., name: ...},&#xA;IsProto3Optional: false,&#xA;IsWeak: false,&#xA;HasPacked: false,&#xA;IsPacked: false,&#xA;HasEnforceUTF8: false,&#xA;EnforceUTF8: false,&#xA;Default: {has: ..., val: ..., enum: ..., bytes: ...},&#xA;ContainingOneof: nil,&#xA;Enum: nil,&#xA;Message: nil,&#xA;},&#xA;},&#xA;has: 0x1936d20,&#xA;clear: 0x1937160,&#xA;get: 0x19372a0,&#xA;set: 0x1937520,&#xA;mutable: nil,&#xA;newMessage: nil,&#xA;newField: 0x19378c0,&#xA;},&#xA;{&#xA;fieldDesc: {&#xA;Base: {&#xA;L0: {FullName: ..., ParentFile: ..., Parent: ..., Index: ...},&#xA;},&#xA;L1: {&#xA;Options: nil,&#xA;Number: 3,&#xA;Cardinality: 3,&#xA;Kind: 11,&#xA;JSONName: {has: ..., once: ..., name: ...},&#xA;IsProto3Optional: false,&#xA;IsWeak: false,&#xA;HasPacked: false,&#xA;IsPacked: false,&#xA;HasEnforceUTF8: false,&#xA;EnforceUTF8: false,&#xA;Default: {has: ..., val: ..., enum: ..., bytes: ...},&#xA;ContainingOneof: nil,&#xA;Enum: nil,&#xA;Message: {Base: ..., L1: ..., L2: ...},&#xA;},&#xA;},&#xA;has: 0x1936500,&#xA;clear: 0x19365c0,&#xA;get: 0x1936700,&#xA;set: 0x19368c0,&#xA;mutable: 0x1936bc0,&#xA;newMessage: nil,&#xA;newField: 0x1936cc0,&#xA;},&#xA;nil,&#xA;nil,&#xA;],&#xA;rangeInfos: [&#xA;{&#xA;fieldDesc: {&#xA;Base: {&#xA;L0: {FullName: ..., ParentFile: ..., Parent: ..., Index: ...},&#xA;},&#xA;L1: {&#xA;Options: nil,&#xA;Number: 1,&#xA;Cardinality: 1,&#xA;Kind: 5,&#xA;JSONName: {has: ..., once: ..., name: ...},&#xA;IsProto3Optional: false,&#xA;IsWeak: false,&#xA;HasPacked: false,&#xA;IsPacked: false,&#xA;HasEnforceUTF8: false,&#xA;EnforceUTF8: false,&#xA;Default: {has: ..., val: ..., enum: ..., bytes: ...},&#xA;ContainingOneof: nil,&#xA;Enum: nil,&#xA;Message: nil,&#xA;},&#xA;},&#xA;has: 0x1936d20,&#xA;clear: 0x1937160,&#xA;get: 0x19372a0,&#xA;set: 0x1937520,&#xA;mutable: nil,&#xA;newMessage: nil,&#xA;newField: 0x19378c0,&#xA;},&#xA;{&#xA;fieldDesc: {&#xA;Base: {&#xA;L0: {FullName: ..., ParentFile: ..., Parent: ..., Index: ...},&#xA;},&#xA;L1: {&#xA;Options: nil,&#xA;Number: 2,&#xA;Cardinality: 1,&#xA;Kind: 9,&#xA;JSONName: {has: ..., once: ..., name: ...},&#xA;IsProto3Optional: false,&#xA;IsWeak: false,&#xA;HasPacked: false,&#xA;IsPacked: false,&#xA;HasEnforceUTF8: false,&#xA;EnforceUTF8: false,&#xA;Default: {has: ..., val: ..., enum: ..., bytes: ...},&#xA;ContainingOneof: nil,&#xA;Enum: nil,&#xA;Message: nil,&#xA;},&#xA;},&#xA;has: 0x1936d20,&#xA;clear: 0x1937160,&#xA;get: 0x19372a0,&#xA;set: 0x1937520,&#xA;mutable: nil,&#xA;newMessage: nil,&#xA;newField: 0x19378c0,&#xA;},&#xA;{&#xA;fieldDesc: {&#xA;Base: {&#xA;L0: {FullName: ..., ParentFile: ..., Parent: ..., Index: ...},&#xA;},&#xA;L1: {&#xA;Options: nil,&#xA;Number: 3,&#xA;Cardinality: 3,&#xA;Kind: 11,&#xA;JSONName: {has: ..., once: ..., name: ...},&#xA;IsProto3Optional: false,&#xA;IsWeak: false,&#xA;HasPacked: false,&#xA;IsPacked: false,&#xA;HasEnforceUTF8: false,&#xA;EnforceUTF8: false,&#xA;Default: {has: ..., val: ..., enum: ..., bytes: ...},&#xA;ContainingOneof: nil,&#xA;Enum: nil,&#xA;Message: {Base: ..., L1: ..., L2: ...},&#xA;},&#xA;},&#xA;has: 0x1936500,&#xA;clear: 0x19365c0,&#xA;get: 0x1936700,&#xA;set: 0x19368c0,&#xA;mutable: 0x1936bc0,&#xA;newMessage: nil,&#xA;newField: 0x1936cc0,&#xA;},&#xA;],&#xA;getUnknown: 0x1934080,&#xA;setUnknown: 0x1934180,&#xA;extensionMap: 0x1934400,&#xA;nilMessage: {&#xA;p: (unsafe.Pointer)(nil),&#xA;},&#xA;},&#xA;coderMessageInfo: {&#xA;methods: {&#xA;NoUnkeyedLiterals: {},&#xA;Flags: 3,&#xA;Size: 0x193ee80,&#xA;Marshal: 0x193edc0,&#xA;Unmarshal: 0x193ef00,&#xA;Merge: 0x193f020,&#xA;CheckInitialized: 0x193efa0,&#xA;},&#xA;orderedCoderFields: [&#xA;{&#xA;funcs: {mi: nil, size: 0x18e4f20, marshal: 0x18e4f80, unmarshal: 0x18e4d40, isInit: nil, merge: 0x1923f20},&#xA;mi: nil,&#xA;ft: {size: 0x4, ptrdata: 0x0, hash: 3148693762, tflag: 15, align: 4, fieldAlign: 4, kind: 5, equal: 0x10051c0, gcdata: 1, str: 18959, ptrToThis: 551488},&#xA;validation: {mi: nil, typ: 7, keyType: 0, valType: 0, requiredBit: 0},&#xA;num: 1,&#xA;offset: 0x28,&#xA;wiretag: 8,&#xA;tagsize: 1,&#xA;isPointer: false,&#xA;isRequired: false,&#xA;},&#xA;{&#xA;funcs: {mi: nil, size: 0x18ffe00, marshal: 0x1900040, unmarshal: 0x18ffba0, isInit: nil, merge: 0x1924aa0},&#xA;mi: nil,&#xA;ft: {size: 0x10, ptrdata: 0x8, hash: 3774831796, tflag: 7, align: 8, fieldAlign: 8, kind: 24, equal: 0x1005340, gcdata: 1, str: 25418, ptrToThis: 625920},&#xA;validation: {mi: nil, typ: 11, keyType: 0, valType: 0, requiredBit: 0},&#xA;num: 2,&#xA;offset: 0x30,&#xA;wiretag: 18,&#xA;tagsize: 1,&#xA;isPointer: false,&#xA;isRequired: false,&#xA;},&#xA;{&#xA;funcs: {mi: nil, size: 0x18dd9a0, marshal: 0x18dda80, unmarshal: 0x18ddc80, isInit: nil, merge: 0x1923640},&#xA;mi: {&#xA;GoReflectType: {size: 0x8, ptrdata: 0x8, hash: 1943536767, tflag: 9, align: 8, fieldAlign: 8, kind: 54, equal: 0x10051e0, gcdata: 1, str: 54876, ptrToThis: 0},&#xA;Desc: {&#xA;Base: {L0: ...},&#xA;L1: {Enums: ..., Messages: ..., Extensions: ..., IsMapEntry: ..., IsMessageSet: ...},&#xA;L2: {&#xA;Options: ...,&#xA;Fields: ...,&#xA;Oneofs: ...,&#xA;ReservedNames: ...,&#xA;ReservedRanges: ...,&#xA;RequiredNumbers: ...,&#xA;ExtensionRanges: ...,&#xA;ExtensionRangeOptions: ...,&#xA;},&#xA;},&#xA;Exporter: nil,&#xA;OneofWrappers: nil,&#xA;initMu: {state: 0, sema: 0},&#xA;initDone: 0,&#xA;reflectMessageInfo: {fields: nil, oneofs: nil, denseFields: nil, rangeInfos: nil, getUnknown: nil, setUnknown: nil, extensionMap: nil, nilMessage: {p: ...}},&#xA;coderMessageInfo: {&#xA;methods: {&#xA;NoUnkeyedLiterals: ...,&#xA;Flags: ...,&#xA;Size: ...,&#xA;Marshal: ...,&#xA;Unmarshal: ...,&#xA;Merge: ...,&#xA;CheckInitialized: ...,&#xA;},&#xA;orderedCoderFields: nil,&#xA;denseCoderFields: nil,&#xA;coderFields: nil,&#xA;sizecacheOffset: 0x0,&#xA;unknownOffset: 0x0,&#xA;extensionOffset: 0x0,&#xA;needsInitCheck: false,&#xA;isMessageSet: false,&#xA;numRequiredFields: 0,&#xA;},&#xA;},&#xA;ft: {size: 0x18, ptrdata: 0x8, hash: 2850056585, tflag: 2, align: 8, fieldAlign: 8, kind: 23, equal: nil, gcdata: 1, str: 95312, ptrToThis: 0},&#xA;validation: {&#xA;mi: {&#xA;GoReflectType: {size: ..., ptrdata: ..., hash: ..., tflag: ..., align: ..., fieldAlign: ..., kind: ..., equal: ..., gcdata: ..., str: ..., ptrToThis: ...},&#xA;Desc: {Base: ..., L1: ..., L2: ...},&#xA;Exporter: nil,&#xA;OneofWrappers: nil,&#xA;initMu: {state: ..., sema: ...},&#xA;initDone: 0,&#xA;reflectMessageInfo: {fields: ..., oneofs: ..., denseFields: ..., rangeInfos: ..., getUnknown: ..., setUnknown: ..., extensionMap: ..., nilMessage: ...},&#xA;coderMessageInfo: {&#xA;methods: ...,&#xA;orderedCoderFields: ...,&#xA;denseCoderFields: ...,&#xA;coderFields: ...,&#xA;sizecacheOffset: ...,&#xA;unknownOffset: ...,&#xA;extensionOffset: ...,&#xA;needsInitCheck: ...,&#xA;isMessageSet: ...,&#xA;numRequiredFields: ...,&#xA;},&#xA;},&#xA;typ: 1,&#xA;keyType: 0,&#xA;valType: 0,&#xA;requiredBit: 0,&#xA;},&#xA;num: 3,&#xA;offset: 0x40,&#xA;wiretag: 26,&#xA;tagsize: 1,&#xA;isPointer: true,&#xA;isRequired: false,&#xA;},&#xA;],&#xA;denseCoderFields: [&#xA;nil,&#xA;{&#xA;funcs: {mi: nil, size: 0x18e4f20, marshal: 0x18e4f80, unmarshal: 0x18e4d40, isInit: nil, merge: 0x1923f20},&#xA;mi: nil,&#xA;ft: {size: 0x4, ptrdata: 0x0, hash: 3148693762, tflag: 15, align: 4, fieldAlign: 4, kind: 5, equal: 0x10051c0, gcdata: 1, str: 18959, ptrToThis: 551488},&#xA;validation: {mi: nil, typ: 7, keyType: 0, valType: 0, requiredBit: 0},&#xA;num: 1,&#xA;offset: 0x28,&#xA;wiretag: 8,&#xA;tagsize: 1,&#xA;isPointer: false,&#xA;isRequired: false,&#xA;},&#xA;{&#xA;funcs: {mi: nil, size: 0x18ffe00, marshal: 0x1900040, unmarshal: 0x18ffba0, isInit: nil, merge: 0x1924aa0},&#xA;mi: nil,&#xA;ft: {size: 0x10, ptrdata: 0x8, hash: 3774831796, tflag: 7, align: 8, fieldAlign: 8, kind: 24, equal: 0x1005340, gcdata: 1, str: 25418, ptrToThis: 625920},&#xA;validation: {mi: nil, typ: 11, keyType: 0, valType: 0, requiredBit: 0},&#xA;num: 2,&#xA;offset: 0x30,&#xA;wiretag: 18,&#xA;tagsize: 1,&#xA;isPointer: false,&#xA;isRequired: false,&#xA;},&#xA;{&#xA;funcs: {mi: nil, size: 0x18dd9a0, marshal: 0x18dda80, unmarshal: 0x18ddc80, isInit: nil, merge: 0x1923640},&#xA;mi: {&#xA;GoReflectType: {size: 0x8, ptrdata: 0x8, hash: 1943536767, tflag: 9, align: 8, fieldAlign: 8, kind: 54, equal: 0x10051e0, gcdata: 1, str: 54876, ptrToThis: 0},&#xA;Desc: {&#xA;Base: {L0: ...},&#xA;L1: {Enums: ..., Messages: ..., Extensions: ..., IsMapEntry: ..., IsMessageSet: ...},&#xA;L2: {&#xA;Options: ...,&#xA;Fields: ...,&#xA;Oneofs: ...,&#xA;ReservedNames: ...,&#xA;ReservedRanges: ...,&#xA;RequiredNumbers: ...,&#xA;ExtensionRanges: ...,&#xA;ExtensionRangeOptions: ...,&#xA;},&#xA;},&#xA;Exporter: nil,&#xA;OneofWrappers: nil,&#xA;initMu: {state: 0, sema: 0},&#xA;initDone: 0,&#xA;reflectMessageInfo: {fields: nil, oneofs: nil, denseFields: nil, rangeInfos: nil, getUnknown: nil, setUnknown: nil, extensionMap: nil, nilMessage: {p: ...}},&#xA;coderMessageInfo: {&#xA;methods: {&#xA;NoUnkeyedLiterals: ...,&#xA;Flags: ...,&#xA;Size: ...,&#xA;Marshal: ...,&#xA;Unmarshal: ...,&#xA;Merge: ...,&#xA;CheckInitialized: ...,&#xA;},&#xA;orderedCoderFields: nil,&#xA;denseCoderFields: nil,&#xA;coderFields: nil,&#xA;sizecacheOffset: 0x0,&#xA;unknownOffset: 0x0,&#xA;extensionOffset: 0x0,&#xA;needsInitCheck: false,&#xA;isMessageSet: false,&#xA;numRequiredFields: 0,&#xA;},&#xA;},&#xA;ft: {size: 0x18, ptrdata: 0x8, hash: 2850056585, tflag: 2, align: 8, fieldAlign: 8, kind: 23, equal: nil, gcdata: 1, str: 95312, ptrToThis: 0},&#xA;validation: {&#xA;mi: {&#xA;GoReflectType: {size: ..., ptrdata: ..., hash: ..., tflag: ..., align: ..., fieldAlign: ..., kind: ..., equal: ..., gcdata: ..., str: ..., ptrToThis: ...},&#xA;Desc: {Base: ..., L1: ..., L2: ...},&#xA;Exporter: nil,&#xA;OneofWrappers: nil,&#xA;initMu: {state: ..., sema: ...},&#xA;initDone: 0,&#xA;reflectMessageInfo: {fields: ..., oneofs: ..., denseFields: ..., rangeInfos: ..., getUnknown: ..., setUnknown: ..., extensionMap: ..., nilMessage: ...},&#xA;coderMessageInfo: {&#xA;methods: ...,&#xA;orderedCoderFields: ...,&#xA;denseCoderFields: ...,&#xA;coderFields: ...,&#xA;sizecacheOffset: ...,&#xA;unknownOffset: ...,&#xA;extensionOffset: ...,&#xA;needsInitCheck: ...,&#xA;isMessageSet: ...,&#xA;numRequiredFields: ...,&#xA;},&#xA;},&#xA;typ: 1,&#xA;keyType: 0,&#xA;valType: 0,&#xA;requiredBit: 0,&#xA;},&#xA;num: 3,&#xA;offset: 0x40,&#xA;wiretag: 26,&#xA;tagsize: 1,&#xA;isPointer: true,&#xA;isRequired: false,&#xA;},&#xA;],&#xA;coderFields: {&#xA;1: {&#xA;funcs: {mi: nil, size: 0x18e4f20, marshal: 0x18e4f80, unmarshal: 0x18e4d40, isInit: nil, merge: 0x1923f20},&#xA;mi: nil,&#xA;ft: {size: 0x4, ptrdata: 0x0, hash: 3148693762, tflag: 15, align: 4, fieldAlign: 4, kind: 5, equal: 0x10051c0, gcdata: 1, str: 18959, ptrToThis: 551488},&#xA;validation: {mi: nil, typ: 7, keyType: 0, valType: 0, requiredBit: 0},&#xA;num: 1,&#xA;offset: 0x28,&#xA;wiretag: 8,&#xA;tagsize: 1,&#xA;isPointer: false,&#xA;isRequired: false,&#xA;},&#xA;2: {&#xA;funcs: {mi: nil, size: 0x18ffe00, marshal: 0x1900040, unmarshal: 0x18ffba0, isInit: nil, merge: 0x1924aa0},&#xA;mi: nil,&#xA;ft: {size: 0x10, ptrdata: 0x8, hash: 3774831796, tflag: 7, align: 8, fieldAlign: 8, kind: 24, equal: 0x1005340, gcdata: 1, str: 25418, ptrToThis: 625920},&#xA;validation: {mi: nil, typ: 11, keyType: 0, valType: 0, requiredBit: 0},&#xA;num: 2,&#xA;offset: 0x30,&#xA;wiretag: 18,&#xA;tagsize: 1,&#xA;isPointer: false,&#xA;isRequired: false,&#xA;},&#xA;3: {&#xA;funcs: {mi: nil, size: 0x18dd9a0, marshal: 0x18dda80, unmarshal: 0x18ddc80, isInit: nil, merge: 0x1923640},&#xA;mi: {&#xA;GoReflectType: {size: 0x8, ptrdata: 0x8, hash: 1943536767, tflag: 9, align: 8, fieldAlign: 8, kind: 54, equal: 0x10051e0, gcdata: 1, str: 54876, ptrToThis: 0},&#xA;Desc: {&#xA;Base: {L0: ...},&#xA;L1: {Enums: ..., Messages: ..., Extensions: ..., IsMapEntry: ..., IsMessageSet: ...},&#xA;L2: {&#xA;Options: ...,&#xA;Fields: ...,&#xA;Oneofs: ...,&#xA;ReservedNames: ...,&#xA;ReservedRanges: ...,&#xA;RequiredNumbers: ...,&#xA;ExtensionRanges: ...,&#xA;ExtensionRangeOptions: ...,&#xA;},&#xA;},&#xA;Exporter: nil,&#xA;OneofWrappers: nil,&#xA;initMu: {state: 0, sema: 0},&#xA;initDone: 0,&#xA;reflectMessageInfo: {fields: nil, oneofs: nil, denseFields: nil, rangeInfos: nil, getUnknown: nil, setUnknown: nil, extensionMap: nil, nilMessage: {p: ...}},&#xA;coderMessageInfo: {&#xA;methods: {&#xA;NoUnkeyedLiterals: ...,&#xA;Flags: ...,&#xA;Size: ...,&#xA;Marshal: ...,&#xA;Unmarshal: ...,&#xA;Merge: ...,&#xA;CheckInitialized: ...,&#xA;},&#xA;orderedCoderFields: nil,&#xA;denseCoderFields: nil,&#xA;coderFields: nil,&#xA;sizecacheOffset: 0x0,&#xA;unknownOffset: 0x0,&#xA;extensionOffset: 0x0,&#xA;needsInitCheck: false,&#xA;isMessageSet: false,&#xA;numRequiredFields: 0,&#xA;},&#xA;},&#xA;ft: {size: 0x18, ptrdata: 0x8, hash: 2850056585, tflag: 2, align: 8, fieldAlign: 8, kind: 23, equal: nil, gcdata: 1, str: 95312, ptrToThis: 0},&#xA;validation: {&#xA;mi: {&#xA;GoReflectType: {size: ..., ptrdata: ..., hash: ..., tflag: ..., align: ..., fieldAlign: ..., kind: ..., equal: ..., gcdata: ..., str: ..., ptrToThis: ...},&#xA;Desc: {Base: ..., L1: ..., L2: ...},&#xA;Exporter: nil,&#xA;OneofWrappers: nil,&#xA;initMu: {state: ..., sema: ...},&#xA;initDone: 0,&#xA;reflectMessageInfo: {fields: ..., oneofs: ..., denseFields: ..., rangeInfos: ..., getUnknown: ..., setUnknown: ..., extensionMap: ..., nilMessage: ...},&#xA;coderMessageInfo: {&#xA;methods: ...,&#xA;orderedCoderFields: ...,&#xA;denseCoderFields: ...,&#xA;coderFields: ...,&#xA;sizecacheOffset: ...,&#xA;unknownOffset: ...,&#xA;extensionOffset: ...,&#xA;needsInitCheck: ...,&#xA;isMessageSet: ...,&#xA;numRequiredFields: ...,&#xA;},&#xA;},&#xA;typ: 1,&#xA;keyType: 0,&#xA;valType: 0,&#xA;requiredBit: 0,&#xA;},&#xA;num: 3,&#xA;offset: 0x40,&#xA;wiretag: 26,&#xA;tagsize: 1,&#xA;isPointer: true,&#xA;isRequired: false,&#xA;},&#xA;},&#xA;sizecacheOffset: 0x8,&#xA;unknownOffset: 0x10,&#xA;extensionOffset: 0xffffffffffffffff,&#xA;needsInitCheck: false,&#xA;isMessageSet: false,&#xA;numRequiredFields: 0,&#xA;},&#xA;},&#xA;},&#xA;sizeCache: 0,&#xA;unknownFields: nil,&#xA;Code: 4,&#xA;Message: &#34;context deadline exceeded&#34;,&#xA;Details: nil,&#xA;},&#xA;}&#xA;to be nil&#xA;E0608 19:46:44.055177   27689 portforward.go:409] error closing listener: close tcp4 127.0.0.1:50941: use of closed network connection&#xA;E0608 19:46:44.055203   27689 portforward.go:409] error closing listener: close tcp6 [::1]:50941: use of closed network connection&#xA;time=&#34;2021-06-08T19:46:44-07:00&#34; level=info msg=&#34;Deleting nsmd-forwarder-kind-1-worker&#34;&#xA;time=&#34;2021-06-08T19:46:44-07:00&#34; level=info msg=&#34;Deleting prefix-service&#34;&#xA;time=&#34;2021-06-08T19:46:44-07:00&#34; level=info msg=&#34;Deleting spire-proxy&#34;&#xA;E0608 19:46:44.115254   27689 portforward.go:409] error closing listener: close tcp4 127.0.0.1:50938: use of closed network connection&#xA;E0608 19:46:44.115269   27689 portforward.go:409] error closing listener: close tcp6 [::1]:50938: use of closed network connection&#xA;time=&#34;2021-06-08T19:46:44-07:00&#34; level=warning msg=&#34;The POD &#39;prefix-service&#39; Deleted 350.610448ms&#34;&#xA;time=&#34;2021-06-08T19:46:44-07:00&#34; level=warning msg=&#34;The POD &#39;nsmd-forwarder-kind-1-worker&#39; Deleted 549.618281ms&#34;&#xA;time=&#34;2021-06-08T19:46:44-07:00&#34; level=warning msg=&#34;The POD &#39;spire-proxy&#39; Deleted 751.476072ms&#34;&#xA;time=&#34;2021-06-08T19:46:46-07:00&#34; level=info msg=&#34;namespace nsm-system is deleted&#34;&#xA;time=&#34;2021-06-08T19:46:46-07:00&#34; level=info msg=&#34;Cleanup time: 1.947799274s&#34;&#xA;--- FAIL: TestForwarderCrossConnectMultiple (159.30s)&#xA;FAIL&#xA;FAIL&#x9;github.com/networkservicemesh/networkservicemesh/test/integration&#x9;159.749s&#xA;FAIL&#xA;TestForwarderCrossConnectMultiple: OnFail: running on fail script operations with KUBECONFIG=/Users/nispatil/go/src/github.com/cisco-app-networking/nsm_publish/networkservicemesh/.tests/cloud_test/single-cluster/shell/kind-1/config on cloud kind-1&#xA;make -i k8s-deconfig helm-delete k8s-terminating-cleanup k8s-delete-nsm-namespaces || true&#xA;helm uninstall config --namespace nsm-system || true&#xA;WARNING: Kubernetes configuration file is group-readable. This is insecure. Location: /Users/nispatil/go/src/github.com/cisco-app-networking/nsm_publish/networkservicemesh/.tests/cloud_test/single-cluster/shell/kind-1/config&#xA;WARNING: Kubernetes configuration file is world-readable. This is insecure. Location: /Users/nispatil/go/src/github.com/cisco-app-networking/nsm_publish/networkservicemesh/.tests/cloud_test/single-cluster/shell/kind-1/config&#xA;Error: uninstall: Release not loaded: config: release: not found&#xA;./scripts/helm-nsm-uninstall.sh --nsm_namespace nsm-system --all&#xA;&#xA;Helm version detected: v3.3.4&#xA;Cleaning up NSM&#xA;xargs: illegal option -- -&#xA;usage: xargs [-0opt] [-E eofstr] [-I replstr [-R replacements] [-S replsize]]&#xA;[-J replstr] [-L number] [-n number [-x]] [-P maxprocs]&#xA;[-s size] [utility [argument ...]]&#xA;WARNING: Kubernetes configuration file is group-readable. This is insecure. Location: /Users/nispatil/go/src/github.com/cisco-app-networking/nsm_publish/networkservicemesh/.tests/cloud_test/single-cluster/shell/kind-1/config&#xA;WARNING: Kubernetes configuration file is world-readable. This is insecure. Location: /Users/nispatil/go/src/github.com/cisco-app-networking/nsm_publish/networkservicemesh/.tests/cloud_test/single-cluster/shell/kind-1/config&#xA;make[1]: [helm-delete] Error 1 (ignored)&#xA;xargs: illegal option -- -&#xA;usage: xargs [-0opt] [-E eofstr] [-I replstr [-R replacements] [-S replsize]]&#xA;[-J replstr] [-L number] [-n number [-x]] [-P maxprocs]&#xA;[-s size] [utility [argument ...]]&#xA;No resources found in nsm-system namespace.&#xA;make[1]: [k8s-terminating-cleanup] Error 1 (ignored)&#xA;Running delete-nsm-namespaces script&#xA;NSM_NAMESPACE=nsm-system&#xA;Checking ns: default&#xA;Checking ns: kube-node-lease&#xA;Checking ns: kube-public&#xA;Checking ns: kube-system&#xA;Checking ns: local-path-storage&#xA;Checking ns: nsm-system&#xA;Deleting ns: nsm-system&#xA;warning: Immediate deletion does not wait for confirmation that the running resource has been terminated. The resource may continue to run on the cluster indefinitely.&#xA;No resources found&#xA;namespace &#34;nsm-system&#34; deleted&#xA;Checking ns: spire&#xA;make k8s-config &amp;&amp; echo &#34;Cluster reset successfull&#34;&#xA;namespace/nsm-system created&#xA;helm --namespace nsm-system install config deployments/helm/nsm/charts/config&#xA;WARNING: Kubernetes configuration file is group-readable. This is insecure. Location: /Users/nispatil/go/src/github.com/cisco-app-networking/nsm_publish/networkservicemesh/.tests/cloud_test/single-cluster/shell/kind-1/config&#xA;WARNING: Kubernetes configuration file is world-readable. This is insecure. Location: /Users/nispatil/go/src/github.com/cisco-app-networking/nsm_publish/networkservicemesh/.tests/cloud_test/single-cluster/shell/kind-1/config&#xA;NAME: config&#xA;LAST DEPLOYED: Tue Jun  8 19:46:54 2021&#xA;NAMESPACE: nsm-system&#xA;STATUS: deployed&#xA;REVISION: 1&#xA;TEST SUITE: None&#xA;Cluster reset successfull</failure>
                  </testcase>
                  <testcase classname="" name="TestForwarderCrossConnectReconnect" time="174.301002131" cluster_instance="kind-1">
                      <failure message="Test execution failed TestForwarderCrossConnectReconnect" type="ERROR">Execution attempt: 0 Output file: .tests/cloud_test/single-cluster/kind-1/034-TestForwarderCrossConnectReconnect-run.log&#xA;Starting TestForwarderCrossConnectReconnect on kind-1&#xA;Command line go test . -test.timeout 10m0s -count 1 --run &#34;^(TestForwarderCrossConnectReconnect)$\\z&#34; --tags &#34;basic&#34; --test.v&#xA;env==[KUBECONFIG=/Users/nispatil/go/src/github.com/cisco-app-networking/nsm_publish/networkservicemesh/.tests/cloud_test/single-cluster/shell/kind-1/config ARTIFACTS_DIR=/Users/nispatil/go/src/github.com/cisco-app-networking/nsm_publish/networkservicemesh/.tests/cloud_test/single-cluster/kind-1/TestForwarderCrossConnectReconnect]&#xA;&#xA;=== RUN   TestForwarderCrossConnectReconnect&#xA;time=&#34;2021-06-08T20:14:07-07:00&#34; level=info msg=&#34;Using Kubeconfig: /Users/nispatil/go/src/github.com/cisco-app-networking/nsm_publish/networkservicemesh/.tests/cloud_test/single-cluster/shell/kind-1/config&#34;&#xA;time=&#34;2021-06-08T20:14:07-07:00&#34; level=info msg=&#34;FORWARDING_PLANE not set, using default forwarder - vpp&#34;&#xA;time=&#34;2021-06-08T20:14:07-07:00&#34; level=info msg=&#34;Creating artifact manager with config: &amp;{4 false /Users/nispatil/go/src/github.com/cisco-app-networking/nsm_publish/networkservicemesh/.tests/cloud_test/single-cluster/kind-1/TestForwarderCrossConnectReconnect}&#34;&#xA;time=&#34;2021-06-08T20:14:07-07:00&#34; level=error msg=&#34;Error during create of test namespace failed to create a namespace: object is being deleted: namespaces \&#34;nsm-system\&#34; already exists&#34;&#xA;time=&#34;2021-06-08T20:14:07-07:00&#34; level=info msg=&#34;Checking availability of API server on 127.0.0.1&#34;&#xA;time=&#34;2021-06-08T20:14:11-07:00&#34; level=info msg=&#34;PING 127.0.0.1 (127.0.0.1): 56 data bytes\n64 bytes from 127.0.0.1: icmp_seq=0 ttl=64 time=0.042 ms\n64 bytes from 127.0.0.1: icmp_seq=1 ttl=64 time=0.060 ms\n64 bytes from 127.0.0.1: icmp_seq=2 ttl=64 time=0.079 ms\n64 bytes from 127.0.0.1: icmp_seq=3 ttl=64 time=0.102 ms\n64 bytes from 127.0.0.1: icmp_seq=4 ttl=64 time=0.076 ms\n\n--- 127.0.0.1 ping statistics ---\n5 packets transmitted, 5 packets received, 0.0%!p(MISSING)acket loss\nround-trip min/avg/max/stddev = 0.042/0.072/0.102/0.020 ms\n&#34;&#xA;time=&#34;2021-06-08T20:14:11-07:00&#34; level=info msg=&#34;Will try to create namespace again after 20 seconds&#34;&#xA;time=&#34;2021-06-08T20:14:31-07:00&#34; level=info msg=&#34;namespace nsm-system is created&#34;&#xA;time=&#34;2021-06-08T20:14:31-07:00&#34; level=info msg=&#34;USE_IPV6 not set, using default false&#34;&#xA;time=&#34;2021-06-08T20:14:31-07:00&#34; level=error msg=&#34;serviceaccounts \&#34;nsc-acc\&#34; not found&#34;&#xA;time=&#34;2021-06-08T20:14:31-07:00&#34; level=error msg=&#34;serviceaccounts \&#34;nse-acc\&#34; not found&#34;&#xA;time=&#34;2021-06-08T20:14:31-07:00&#34; level=error msg=&#34;serviceaccounts \&#34;nsmgr-acc\&#34; not found&#34;&#xA;time=&#34;2021-06-08T20:14:31-07:00&#34; level=error msg=&#34;serviceaccounts \&#34;nsmrs-acc\&#34; not found&#34;&#xA;time=&#34;2021-06-08T20:14:31-07:00&#34; level=error msg=&#34;serviceaccounts \&#34;forward-plane-acc\&#34; not found&#34;&#xA;time=&#34;2021-06-08T20:14:32-07:00&#34; level=error msg=&#34;serviceaccounts \&#34;crossconnect-monitor-acc\&#34; not found&#34;&#xA;time=&#34;2021-06-08T20:14:32-07:00&#34; level=error msg=&#34;serviceaccounts \&#34;proxy-nsmgr-acc\&#34; not found&#34;&#xA;time=&#34;2021-06-08T20:14:32-07:00&#34; level=info msg=&#34;Cleanup done: 818.780408ms&#34;&#xA;time=&#34;2021-06-08T20:14:32-07:00&#34; level=info msg=&#34;&amp;ServiceAccount{ObjectMeta:{default  nsm-system /api/v1/namespaces/nsm-system/serviceaccounts/default 0d4f1959-6429-42da-8140-3e368d27e5e4 17652 0 2021-06-08 20:14:31 -0700 PDT &lt;nil&gt; &lt;nil&gt; map[] map[] [] []  []},Secrets:[]ObjectReference{ObjectReference{Kind:,Namespace:,Name:default-token-jrcf2,UID:,APIVersion:,ResourceVersion:,FieldPath:,},},ImagePullSecrets:[]LocalObjectReference{},AutomountServiceAccountToken:nil,}&#34;&#xA;I0608 20:14:33.449673   34390 request.go:621] Throttling request took 1.173335182s, request: POST:https://127.0.0.1:55081/api/v1/namespaces/nsm-system/serviceaccounts&#xA;time=&#34;2021-06-08T20:14:34-07:00&#34; level=info msg=&#34;&amp;ServiceAccount{ObjectMeta:{nsmrs-acc  nsm-system /api/v1/namespaces/nsm-system/serviceaccounts/nsmrs-acc 1db4345a-eff6-455a-806b-0624b0ae24ca 17658 0 2021-06-08 20:14:32 -0700 PDT &lt;nil&gt; &lt;nil&gt; map[] map[] [] []  []},Secrets:[]ObjectReference{ObjectReference{Kind:,Namespace:,Name:nsmrs-acc-token-d9mr8,UID:,APIVersion:,ResourceVersion:,FieldPath:,},},ImagePullSecrets:[]LocalObjectReference{},AutomountServiceAccountToken:nil,}&#34;&#xA;time=&#34;2021-06-08T20:14:34-07:00&#34; level=info msg=&#34;&amp;ServiceAccount{ObjectMeta:{forward-plane-acc  nsm-system /api/v1/namespaces/nsm-system/serviceaccounts/forward-plane-acc 20f253c0-d251-41dc-8af2-fc78eec16e12 17661 0 2021-06-08 20:14:32 -0700 PDT &lt;nil&gt; &lt;nil&gt; map[] map[] [] []  []},Secrets:[]ObjectReference{ObjectReference{Kind:,Namespace:,Name:forward-plane-acc-token-ks46t,UID:,APIVersion:,ResourceVersion:,FieldPath:,},},ImagePullSecrets:[]LocalObjectReference{},AutomountServiceAccountToken:nil,}&#34;&#xA;time=&#34;2021-06-08T20:14:34-07:00&#34; level=info msg=&#34;&amp;ServiceAccount{ObjectMeta:{nsc-acc  nsm-system /api/v1/namespaces/nsm-system/serviceaccounts/nsc-acc 1dc75263-0354-4477-a873-902c4d619382 17666 0 2021-06-08 20:14:33 -0700 PDT &lt;nil&gt; &lt;nil&gt; map[] map[] [] []  []},Secrets:[]ObjectReference{ObjectReference{Kind:,Namespace:,Name:nsc-acc-token-sj4j7,UID:,APIVersion:,ResourceVersion:,FieldPath:,},},ImagePullSecrets:[]LocalObjectReference{},AutomountServiceAccountToken:nil,}&#34;&#xA;time=&#34;2021-06-08T20:14:34-07:00&#34; level=info msg=&#34;&amp;ServiceAccount{ObjectMeta:{proxy-nsmgr-acc  nsm-system /api/v1/namespaces/nsm-system/serviceaccounts/proxy-nsmgr-acc 1f320ea7-ba13-406a-af6c-9a441afe2470 17669 0 2021-06-08 20:14:33 -0700 PDT &lt;nil&gt; &lt;nil&gt; map[] map[] [] []  []},Secrets:[]ObjectReference{ObjectReference{Kind:,Namespace:,Name:proxy-nsmgr-acc-token-gtskf,UID:,APIVersion:,ResourceVersion:,FieldPath:,},},ImagePullSecrets:[]LocalObjectReference{},AutomountServiceAccountToken:nil,}&#34;&#xA;time=&#34;2021-06-08T20:14:34-07:00&#34; level=info msg=&#34;&amp;ServiceAccount{ObjectMeta:{crossconnect-monitor-acc  nsm-system /api/v1/namespaces/nsm-system/serviceaccounts/crossconnect-monitor-acc 678ede9e-99f5-446f-a765-c214ce9de6e7 17672 0 2021-06-08 20:14:33 -0700 PDT &lt;nil&gt; &lt;nil&gt; map[] map[] [] []  []},Secrets:[]ObjectReference{ObjectReference{Kind:,Namespace:,Name:crossconnect-monitor-acc-token-tgqbv,UID:,APIVersion:,ResourceVersion:,FieldPath:,},},ImagePullSecrets:[]LocalObjectReference{},AutomountServiceAccountToken:nil,}&#34;&#xA;time=&#34;2021-06-08T20:14:35-07:00&#34; level=info msg=&#34;&amp;ServiceAccount{ObjectMeta:{nse-acc  nsm-system /api/v1/namespaces/nsm-system/serviceaccounts/nse-acc 1bf234eb-c752-4ebe-a888-3cacd059ff7b 17676 0 2021-06-08 20:14:33 -0700 PDT &lt;nil&gt; &lt;nil&gt; map[] map[] [] []  []},Secrets:[]ObjectReference{ObjectReference{Kind:,Namespace:,Name:nse-acc-token-5n67q,UID:,APIVersion:,ResourceVersion:,FieldPath:,},},ImagePullSecrets:[]LocalObjectReference{},AutomountServiceAccountToken:nil,}&#34;&#xA;time=&#34;2021-06-08T20:14:35-07:00&#34; level=info msg=&#34;&amp;ServiceAccount{ObjectMeta:{nsmgr-acc  nsm-system /api/v1/namespaces/nsm-system/serviceaccounts/nsmgr-acc 7b6783e9-152c-4240-ada2-2db9f3be0848 17679 0 2021-06-08 20:14:33 -0700 PDT &lt;nil&gt; &lt;nil&gt; map[] map[] [] []  []},Secrets:[]ObjectReference{ObjectReference{Kind:,Namespace:,Name:nsmgr-acc-token-42ccg,UID:,APIVersion:,ResourceVersion:,FieldPath:,},},ImagePullSecrets:[]LocalObjectReference{},AutomountServiceAccountToken:nil,}&#34;&#xA;time=&#34;2021-06-08T20:14:35-07:00&#34; level=info msg=&#34;Creating ConfigMap &#39;nsm-config&#39; in namespace&#39;nsm-system&#39;...&#34;&#xA;time=&#34;2021-06-08T20:14:35-07:00&#34; level=info msg=&#34;Using image: containers.cisco.com/appn/prefix-service:vl3_latest&#34;&#xA;time=&#34;2021-06-08T20:14:35-07:00&#34; level=info msg=&#34;Using image: containers.cisco.com/appn/test-common:vl3_latest&#34;&#xA;time=&#34;2021-06-08T20:14:35-07:00&#34; level=info msg=&#34;role is created: &amp;ClusterRole{ObjectMeta:{aggregate-network-services-view  nsm-system    0 0001-01-01 00:00:00 +0000 UTC &lt;nil&gt; &lt;nil&gt; map[rbac.authorization.k8s.io/aggregate-to-view:true] map[] [] []  []},Rules:[]PolicyRule{PolicyRule{Verbs:[get list watch],APIGroups:[networkservicemesh.io],Resources:[networkservices],ResourceNames:[],NonResourceURLs:[],},},AggregationRule:nil,}&#34;&#xA;time=&#34;2021-06-08T20:14:35-07:00&#34; level=info msg=&#34;role is created: &amp;ClusterRole{ObjectMeta:{nsm-role  nsm-system    0 0001-01-01 00:00:00 +0000 UTC &lt;nil&gt; &lt;nil&gt; map[rbac.authorization.k8s.io/aggregate-to-admin:true rbac.authorization.k8s.io/aggregate-to-edit:true] map[] [] []  []},Rules:[]PolicyRule{PolicyRule{Verbs:[*],APIGroups:[networkservicemesh.io],Resources:[networkservices networkserviceendpoints networkservicemanagers],ResourceNames:[],NonResourceURLs:[],},PolicyRule{Verbs:[*],APIGroups:[apiextensions.k8s.io],Resources:[customresourcedefinitions],ResourceNames:[],NonResourceURLs:[],},PolicyRule{Verbs:[get update],APIGroups:[],Resources:[configmaps],ResourceNames:[],NonResourceURLs:[],},PolicyRule{Verbs:[get list watch],APIGroups:[],Resources:[nodes services namespaces],ResourceNames:[],NonResourceURLs:[],},},AggregationRule:nil,}&#34;&#xA;time=&#34;2021-06-08T20:14:35-07:00&#34; level=info msg=&#34;role is created: &amp;ClusterRoleBinding{ObjectMeta:{nsm-role-binding      0 0001-01-01 00:00:00 +0000 UTC &lt;nil&gt; &lt;nil&gt; map[] map[] [] []  []},Subjects:[]Subject{Subject{Kind:ServiceAccount,APIGroup:,Name:nsmgr-acc,Namespace:nsm-system,},Subject{Kind:ServiceAccount,APIGroup:,Name:proxy-nsmgr-acc,Namespace:nsm-system,},Subject{Kind:ServiceAccount,APIGroup:,Name:crossconnect-monitor-acc,Namespace:nsm-system,},},RoleRef:RoleRef{APIGroup:rbac.authorization.k8s.io,Kind:ClusterRole,Name:nsm-role,},}&#34;&#xA;time=&#34;2021-06-08T20:14:38-07:00&#34; level=info msg=&#34;Trying to establish connection with the spire provider at address:tcp://127.0.0.1:52333&#34;&#xA;time=&#34;2021-06-08T20:14:38-07:00&#34; level=info msg=&#34;Created the todo context:tcp://127.0.0.1:52333&#34;&#xA;time=&#34;2021-06-08T20:14:38-07:00&#34; level=info msg=&#34;Got x509:&amp;{0xc0005b8e10 &lt;nil&gt; {{0 0} 0 0 0 0} 0xc0005f4a00 0xc000322980 {{0 0} 0 0 0 0} false} &lt;nil&gt;&#34;&#xA;time=&#34;2021-06-08T20:14:38-07:00&#34; level=info msg=&#34;Started goroutine&#34;&#xA;time=&#34;2021-06-08T20:14:38-07:00&#34; level=info msg=&#34;Returning provider&#34;&#xA;time=&#34;2021-06-08T20:14:38-07:00&#34; level=info msg=&#34;Issued identity:spiffe://test.com/nsmgr&#34;&#xA;time=&#34;2021-06-08T20:14:39-07:00&#34; level=info msg=&#34;Checking node: kind-1-control-plane&#34;&#xA;time=&#34;2021-06-08T20:14:39-07:00&#34; level=info msg=&#34;Checking node: kind-1-worker&#34;&#xA;time=&#34;2021-06-08T20:14:39-07:00&#34; level=info msg=&#34;Checking node: kind-1-worker2&#34;&#xA;time=&#34;2021-06-08T20:14:39-07:00&#34; level=info msg=&#34;Using image: containers.cisco.com/appn/vppagent-forwarder:vl3_latest&#34;&#xA;time=&#34;2021-06-08T20:14:41-07:00&#34; level=info msg=&#34;getting logs without container vppagent-forwarder=none&#34;&#xA;time=&#34;2021-06-08T20:14:42-07:00&#34; level=info msg=&#34;Using image: alpine:latest&#34;&#xA;time=&#34;2021-06-08T20:14:44-07:00&#34; level=info msg=&#34;Using image: alpine:latest&#34;&#xA;time=&#34;2021-06-08T20:14:46-07:00&#34; level=info msg=&#34;Forwarded port: pod=nsmd-forwarder-kind-1-worker, remote=9500 local=52336\n&#34;&#xA;time=&#34;2021-06-08T20:14:46-07:00&#34; level=info msg=&#34;Trying to establish connection to target: localhost:52336&#34;&#xA;time=&#34;2021-06-08T20:14:46-07:00&#34; level=info msg=&#34;func insecure: false, env insecure: false&#34;&#xA;time=&#34;2021-06-08T20:14:46-07:00&#34; level=info msg=&#34;Connecting to the workload api at:tcp://127.0.0.1:52333&#34;&#xA;time=&#34;2021-06-08T20:14:46-07:00&#34; level=info msg=&#34;Successfully retrieve bundles:&amp;{{{0 0} 0 0 0 0} map[{test.com}:0xc00012b0c0]}&#34;&#xA;time=&#34;2021-06-08T20:14:46-07:00&#34; level=info msg=&#34;defaultTrustDomain:test.com&#34;&#xA;time=&#34;2021-06-08T20:14:46-07:00&#34; level=info msg=&#34;AUTHORIZING ALL CLIENTS&#34;&#xA;time=&#34;2021-06-08T20:14:46-07:00&#34; level=info msg=&#34;Fetch tlsConfig for Trust Domain: test.com&#34;&#xA;time=&#34;2021-06-08T20:14:46-07:00&#34; level=info msg=&#34;Found 1 tlsconfigs.&#34;&#xA;time=&#34;2021-06-08T20:14:46-07:00&#34; level=info msg=&#34;Found the right tls certificate:&amp;{&lt;nil&gt; &lt;nil&gt; [] map[] &lt;nil&gt; 0x1a28f80 &lt;nil&gt; 0x1a29000 &lt;nil&gt; &lt;nil&gt; []  NoClientCert &lt;nil&gt; true [] false false [0 0 0 0 0 0 0 0 0 0 0 0 0 0 0 0 0 0 0 0 0 0 0 0 0 0 0 0 0 0 0 0] &lt;nil&gt; 0 0 [] false 0 &lt;nil&gt; {{0 0} 0 0 0 0} [] []}&#34;&#xA;time=&#34;2021-06-08T20:14:46-07:00&#34; level=info msg=&#34;Trying to establish connection using tlsConfig:&amp;{&lt;nil&gt; &lt;nil&gt; [] map[] &lt;nil&gt; 0x1a28f80 &lt;nil&gt; 0x1a29000 &lt;nil&gt; &lt;nil&gt; []  NoClientCert &lt;nil&gt; true [] false false [0 0 0 0 0 0 0 0 0 0 0 0 0 0 0 0 0 0 0 0 0 0 0 0 0 0 0 0 0 0 0 0] &lt;nil&gt; 0 0 [] false 0 &lt;nil&gt; {{0 0} 0 0 0 0} [] []}&#34;&#xA;time=&#34;2021-06-08T20:14:46-07:00&#34; level=info msg=&#34;Executing: [readlink /proc/self/ns/net] in pod source-pod-kind-1-worker:alpine-img&#34;&#xA;time=&#34;2021-06-08T20:14:46-07:00&#34; level=info msg=&#34;Executing: [readlink /proc/self/ns/net] in pod dest-pod-kind-1-worker:alpine-img&#34;&#xA;basic_forwarder_standalone_test.go:201:&#xA;Expected&#xA;&lt;*status.Error | 0xc000892100&gt;: {&#xA;e: {&#xA;state: {&#xA;NoUnkeyedLiterals: {},&#xA;DoNotCompare: [],&#xA;DoNotCopy: [],&#xA;atomicMessageInfo: {&#xA;GoReflectType: {size: 0x8, ptrdata: 0x8, hash: 2058361438, tflag: 9, align: 8, fieldAlign: 8, kind: 54, equal: 0x10051e0, gcdata: 1, str: 110736, ptrToThis: 0},&#xA;Desc: {&#xA;Base: {&#xA;L0: {&#xA;FullName: &#34;google.rpc.Status&#34;,&#xA;ParentFile: {&#xA;fileRaw: {&#xA;builder: {GoPackagePath: ..., RawDescriptor: ..., NumEnums: ..., NumMessages: ..., NumExtensions: ..., NumServices: ..., TypeResolver: ..., FileRegistry: ...},&#xA;allEnums: [],&#xA;allMessages: [...],&#xA;allExtensions: [],&#xA;allServices: [],&#xA;},&#xA;L1: {&#xA;Syntax: 3,&#xA;Path: &#34;google/rpc/status.proto&#34;,&#xA;Package: &#34;google.rpc&#34;,&#xA;Enums: {List: ..., once: ..., byName: ...},&#xA;Messages: {List: ..., once: ..., byName: ...},&#xA;Extensions: {List: ..., once: ..., byName: ...},&#xA;Services: {List: ..., once: ..., byName: ...},&#xA;},&#xA;once: 1,&#xA;mu: {state: 0, sema: 0},&#xA;L2: {&#xA;Options: 0x18d14e0,&#xA;Imports: [...],&#xA;Locations: {List: ...},&#xA;},&#xA;},&#xA;Parent: {&#xA;fileRaw: {&#xA;builder: {GoPackagePath: ..., RawDescriptor: ..., NumEnums: ..., NumMessages: ..., NumExtensions: ..., NumServices: ..., TypeResolver: ..., FileRegistry: ...},&#xA;allEnums: [],&#xA;allMessages: [...],&#xA;allExtensions: [],&#xA;allServices: [],&#xA;},&#xA;L1: {&#xA;Syntax: 3,&#xA;Path: &#34;google/rpc/status.proto&#34;,&#xA;Package: &#34;google.rpc&#34;,&#xA;Enums: {List: ..., once: ..., byName: ...},&#xA;Messages: {List: ..., once: ..., byName: ...},&#xA;Extensions: {List: ..., once: ..., byName: ...},&#xA;Services: {List: ..., once: ..., byName: ...},&#xA;},&#xA;once: 1,&#xA;mu: {state: 0, sema: 0},&#xA;L2: {&#xA;Options: 0x18d14e0,&#xA;Imports: [...],&#xA;Locations: {List: ...},&#xA;},&#xA;},&#xA;Index: 0,&#xA;},&#xA;},&#xA;L1: {&#xA;Enums: {&#xA;List: nil,&#xA;once: {&#xA;done: 0,&#xA;m: {state: 0, sema: 0},&#xA;},&#xA;byName: nil,&#xA;},&#xA;Messages: {&#xA;List: nil,&#xA;once: {&#xA;done: 0,&#xA;m: {state: 0, sema: 0},&#xA;},&#xA;byName: nil,&#xA;},&#xA;Extensions: {&#xA;List: nil,&#xA;once: {&#xA;done: 0,&#xA;m: {state: 0, sema: 0},&#xA;},&#xA;byName: nil,&#xA;},&#xA;IsMapEntry: false,&#xA;IsMessageSet: false,&#xA;},&#xA;L2: {&#xA;Options: nil,&#xA;Fields: {&#xA;List: [&#xA;{&#xA;Base: {L0: ...},&#xA;L1: {&#xA;Options: ...,&#xA;Number: ...,&#xA;Cardinality: ...,&#xA;Kind: ...,&#xA;JSONName: ...,&#xA;IsProto3Optional: ...,&#xA;IsWeak: ...,&#xA;HasPacked: ...,&#xA;IsPacked: ...,&#xA;HasEnforceUTF8: ...,&#xA;EnforceUTF8: ...,&#xA;Default: ...,&#xA;ContainingOneof: ...,&#xA;Enum: ...,&#xA;Message: ...,&#xA;},&#xA;},&#xA;{&#xA;Base: {L0: ...},&#xA;L1: {&#xA;Options: ...,&#xA;Number: ...,&#xA;Cardinality: ...,&#xA;Kind: ...,&#xA;JSONName: ...,&#xA;IsProto3Optional: ...,&#xA;IsWeak: ...,&#xA;HasPacked: ...,&#xA;IsPacked: ...,&#xA;HasEnforceUTF8: ...,&#xA;EnforceUTF8: ...,&#xA;Default: ...,&#xA;ContainingOneof: ...,&#xA;Enum: ...,&#xA;Message: ...,&#xA;},&#xA;},&#xA;{&#xA;Base: {L0: ...},&#xA;L1: {&#xA;Options: ...,&#xA;Number: ...,&#xA;Cardinality: ...,&#xA;Kind: ...,&#xA;JSONName: ...,&#xA;IsProto3Optional: ...,&#xA;IsWeak: ...,&#xA;HasPacked: ...,&#xA;IsPacked: ...,&#xA;HasEnforceUTF8: ...,&#xA;EnforceUTF8: ...,&#xA;Default: ...,&#xA;ContainingOneof: ...,&#xA;Enum: ...,&#xA;Message: ...,&#xA;},&#xA;},&#xA;],&#xA;once: {&#xA;done: 0,&#xA;m: {state: 0, sema: 0},&#xA;},&#xA;byName: nil,&#xA;byJSON: nil,&#xA;byNum: nil,&#xA;},&#xA;Oneofs: {&#xA;List: [],&#xA;once: {&#xA;done: 0,&#xA;m: {state: 0, sema: 0},&#xA;},&#xA;byName: nil,&#xA;},&#xA;ReservedNames: {&#xA;List: nil,&#xA;once: {&#xA;done: 0,&#xA;m: {state: 0, sema: 0},&#xA;},&#xA;has: nil,&#xA;},&#xA;ReservedRanges: {&#xA;List: nil,&#xA;once: {&#xA;done: 0,&#xA;m: {state: 0, sema: 0},&#xA;},&#xA;sorted: nil,&#xA;},&#xA;RequiredNumbers: {&#xA;List: nil,&#xA;once: {&#xA;done: 0,&#xA;m: {state: 0, sema: 0},&#xA;},&#xA;has: nil,&#xA;},&#xA;ExtensionRanges: {&#xA;List: nil,&#xA;once: {&#xA;done: 0,&#xA;m: {state: 0, sema: 0},&#xA;},&#xA;sorted: nil,&#xA;},&#xA;ExtensionRangeOptions: nil,&#xA;},&#xA;},&#xA;Exporter: nil,&#xA;OneofWrappers: nil,&#xA;initMu: {state: 0, sema: 0},&#xA;initDone: 1,&#xA;reflectMessageInfo: {&#xA;fields: {&#xA;2: {&#xA;fieldDesc: {&#xA;Base: {&#xA;L0: {FullName: ..., ParentFile: ..., Parent: ..., Index: ...},&#xA;},&#xA;L1: {&#xA;Options: nil,&#xA;Number: 2,&#xA;Cardinality: 1,&#xA;Kind: 9,&#xA;JSONName: {has: ..., once: ..., name: ...},&#xA;IsProto3Optional: false,&#xA;IsWeak: false,&#xA;HasPacked: false,&#xA;IsPacked: false,&#xA;HasEnforceUTF8: false,&#xA;EnforceUTF8: false,&#xA;Default: {has: ..., val: ..., enum: ..., bytes: ...},&#xA;ContainingOneof: nil,&#xA;Enum: nil,&#xA;Message: nil,&#xA;},&#xA;},&#xA;has: 0x1936d20,&#xA;clear: 0x1937160,&#xA;get: 0x19372a0,&#xA;set: 0x1937520,&#xA;mutable: nil,&#xA;newMessage: nil,&#xA;newField: 0x19378c0,&#xA;},&#xA;3: {&#xA;fieldDesc: {&#xA;Base: {&#xA;L0: {FullName: ..., ParentFile: ..., Parent: ..., Index: ...},&#xA;},&#xA;L1: {&#xA;Options: nil,&#xA;Number: 3,&#xA;Cardinality: 3,&#xA;Kind: 11,&#xA;JSONName: {has: ..., once: ..., name: ...},&#xA;IsProto3Optional: false,&#xA;IsWeak: false,&#xA;HasPacked: false,&#xA;IsPacked: false,&#xA;HasEnforceUTF8: false,&#xA;EnforceUTF8: false,&#xA;Default: {has: ..., val: ..., enum: ..., bytes: ...},&#xA;ContainingOneof: nil,&#xA;Enum: nil,&#xA;Message: {Base: ..., L1: ..., L2: ...},&#xA;},&#xA;},&#xA;has: 0x1936500,&#xA;clear: 0x19365c0,&#xA;get: 0x1936700,&#xA;set: 0x19368c0,&#xA;mutable: 0x1936bc0,&#xA;newMessage: nil,&#xA;newField: 0x1936cc0,&#xA;},&#xA;1: {&#xA;fieldDesc: {&#xA;Base: {&#xA;L0: {FullName: ..., ParentFile: ..., Parent: ..., Index: ...},&#xA;},&#xA;L1: {&#xA;Options: nil,&#xA;Number: 1,&#xA;Cardinality: 1,&#xA;Kind: 5,&#xA;JSONName: {has: ..., once: ..., name: ...},&#xA;IsProto3Optional: false,&#xA;IsWeak: false,&#xA;HasPacked: false,&#xA;IsPacked: false,&#xA;HasEnforceUTF8: false,&#xA;EnforceUTF8: false,&#xA;Default: {has: ..., val: ..., enum: ..., bytes: ...},&#xA;ContainingOneof: nil,&#xA;Enum: nil,&#xA;Message: nil,&#xA;},&#xA;},&#xA;has: 0x1936d20,&#xA;clear: 0x1937160,&#xA;get: 0x19372a0,&#xA;set: 0x1937520,&#xA;mutable: nil,&#xA;newMessage: nil,&#xA;newField: 0x19378c0,&#xA;},&#xA;},&#xA;oneofs: {},&#xA;denseFields: [&#xA;nil,&#xA;{&#xA;fieldDesc: {&#xA;Base: {&#xA;L0: {FullName: ..., ParentFile: ..., Parent: ..., Index: ...},&#xA;},&#xA;L1: {&#xA;Options: nil,&#xA;Number: 1,&#xA;Cardinality: 1,&#xA;Kind: 5,&#xA;JSONName: {has: ..., once: ..., name: ...},&#xA;IsProto3Optional: false,&#xA;IsWeak: false,&#xA;HasPacked: false,&#xA;IsPacked: false,&#xA;HasEnforceUTF8: false,&#xA;EnforceUTF8: false,&#xA;Default: {has: ..., val: ..., enum: ..., bytes: ...},&#xA;ContainingOneof: nil,&#xA;Enum: nil,&#xA;Message: nil,&#xA;},&#xA;},&#xA;has: 0x1936d20,&#xA;clear: 0x1937160,&#xA;get: 0x19372a0,&#xA;set: 0x1937520,&#xA;mutable: nil,&#xA;newMessage: nil,&#xA;newField: 0x19378c0,&#xA;},&#xA;{&#xA;fieldDesc: {&#xA;Base: {&#xA;L0: {FullName: ..., ParentFile: ..., Parent: ..., Index: ...},&#xA;},&#xA;L1: {&#xA;Options: nil,&#xA;Number: 2,&#xA;Cardinality: 1,&#xA;Kind: 9,&#xA;JSONName: {has: ..., once: ..., name: ...},&#xA;IsProto3Optional: false,&#xA;IsWeak: false,&#xA;HasPacked: false,&#xA;IsPacked: false,&#xA;HasEnforceUTF8: false,&#xA;EnforceUTF8: false,&#xA;Default: {has: ..., val: ..., enum: ..., bytes: ...},&#xA;ContainingOneof: nil,&#xA;Enum: nil,&#xA;Message: nil,&#xA;},&#xA;},&#xA;has: 0x1936d20,&#xA;clear: 0x1937160,&#xA;get: 0x19372a0,&#xA;set: 0x1937520,&#xA;mutable: nil,&#xA;newMessage: nil,&#xA;newField: 0x19378c0,&#xA;},&#xA;{&#xA;fieldDesc: {&#xA;Base: {&#xA;L0: {FullName: ..., ParentFile: ..., Parent: ..., Index: ...},&#xA;},&#xA;L1: {&#xA;Options: nil,&#xA;Number: 3,&#xA;Cardinality: 3,&#xA;Kind: 11,&#xA;JSONName: {has: ..., once: ..., name: ...},&#xA;IsProto3Optional: false,&#xA;IsWeak: false,&#xA;HasPacked: false,&#xA;IsPacked: false,&#xA;HasEnforceUTF8: false,&#xA;EnforceUTF8: false,&#xA;Default: {has: ..., val: ..., enum: ..., bytes: ...},&#xA;ContainingOneof: nil,&#xA;Enum: nil,&#xA;Message: {Base: ..., L1: ..., L2: ...},&#xA;},&#xA;},&#xA;has: 0x1936500,&#xA;clear: 0x19365c0,&#xA;get: 0x1936700,&#xA;set: 0x19368c0,&#xA;mutable: 0x1936bc0,&#xA;newMessage: nil,&#xA;newField: 0x1936cc0,&#xA;},&#xA;nil,&#xA;nil,&#xA;],&#xA;rangeInfos: [&#xA;{&#xA;fieldDesc: {&#xA;Base: {&#xA;L0: {FullName: ..., ParentFile: ..., Parent: ..., Index: ...},&#xA;},&#xA;L1: {&#xA;Options: nil,&#xA;Number: 1,&#xA;Cardinality: 1,&#xA;Kind: 5,&#xA;JSONName: {has: ..., once: ..., name: ...},&#xA;IsProto3Optional: false,&#xA;IsWeak: false,&#xA;HasPacked: false,&#xA;IsPacked: false,&#xA;HasEnforceUTF8: false,&#xA;EnforceUTF8: false,&#xA;Default: {has: ..., val: ..., enum: ..., bytes: ...},&#xA;ContainingOneof: nil,&#xA;Enum: nil,&#xA;Message: nil,&#xA;},&#xA;},&#xA;has: 0x1936d20,&#xA;clear: 0x1937160,&#xA;get: 0x19372a0,&#xA;set: 0x1937520,&#xA;mutable: nil,&#xA;newMessage: nil,&#xA;newField: 0x19378c0,&#xA;},&#xA;{&#xA;fieldDesc: {&#xA;Base: {&#xA;L0: {FullName: ..., ParentFile: ..., Parent: ..., Index: ...},&#xA;},&#xA;L1: {&#xA;Options: nil,&#xA;Number: 2,&#xA;Cardinality: 1,&#xA;Kind: 9,&#xA;JSONName: {has: ..., once: ..., name: ...},&#xA;IsProto3Optional: false,&#xA;IsWeak: false,&#xA;HasPacked: false,&#xA;IsPacked: false,&#xA;HasEnforceUTF8: false,&#xA;EnforceUTF8: false,&#xA;Default: {has: ..., val: ..., enum: ..., bytes: ...},&#xA;ContainingOneof: nil,&#xA;Enum: nil,&#xA;Message: nil,&#xA;},&#xA;},&#xA;has: 0x1936d20,&#xA;clear: 0x1937160,&#xA;get: 0x19372a0,&#xA;set: 0x1937520,&#xA;mutable: nil,&#xA;newMessage: nil,&#xA;newField: 0x19378c0,&#xA;},&#xA;{&#xA;fieldDesc: {&#xA;Base: {&#xA;L0: {FullName: ..., ParentFile: ..., Parent: ..., Index: ...},&#xA;},&#xA;L1: {&#xA;Options: nil,&#xA;Number: 3,&#xA;Cardinality: 3,&#xA;Kind: 11,&#xA;JSONName: {has: ..., once: ..., name: ...},&#xA;IsProto3Optional: false,&#xA;IsWeak: false,&#xA;HasPacked: false,&#xA;IsPacked: false,&#xA;HasEnforceUTF8: false,&#xA;EnforceUTF8: false,&#xA;Default: {has: ..., val: ..., enum: ..., bytes: ...},&#xA;ContainingOneof: nil,&#xA;Enum: nil,&#xA;Message: {Base: ..., L1: ..., L2: ...},&#xA;},&#xA;},&#xA;has: 0x1936500,&#xA;clear: 0x19365c0,&#xA;get: 0x1936700,&#xA;set: 0x19368c0,&#xA;mutable: 0x1936bc0,&#xA;newMessage: nil,&#xA;newField: 0x1936cc0,&#xA;},&#xA;],&#xA;getUnknown: 0x1934080,&#xA;setUnknown: 0x1934180,&#xA;extensionMap: 0x1934400,&#xA;nilMessage: {&#xA;p: (unsafe.Pointer)(nil),&#xA;},&#xA;},&#xA;coderMessageInfo: {&#xA;methods: {&#xA;NoUnkeyedLiterals: {},&#xA;Flags: 3,&#xA;Size: 0x193ee80,&#xA;Marshal: 0x193edc0,&#xA;Unmarshal: 0x193ef00,&#xA;Merge: 0x193f020,&#xA;CheckInitialized: 0x193efa0,&#xA;},&#xA;orderedCoderFields: [&#xA;{&#xA;funcs: {mi: nil, size: 0x18e4f20, marshal: 0x18e4f80, unmarshal: 0x18e4d40, isInit: nil, merge: 0x1923f20},&#xA;mi: nil,&#xA;ft: {size: 0x4, ptrdata: 0x0, hash: 3148693762, tflag: 15, align: 4, fieldAlign: 4, kind: 5, equal: 0x10051c0, gcdata: 1, str: 18959, ptrToThis: 551488},&#xA;validation: {mi: nil, typ: 7, keyType: 0, valType: 0, requiredBit: 0},&#xA;num: 1,&#xA;offset: 0x28,&#xA;wiretag: 8,&#xA;tagsize: 1,&#xA;isPointer: false,&#xA;isRequired: false,&#xA;},&#xA;{&#xA;funcs: {mi: nil, size: 0x18ffe00, marshal: 0x1900040, unmarshal: 0x18ffba0, isInit: nil, merge: 0x1924aa0},&#xA;mi: nil,&#xA;ft: {size: 0x10, ptrdata: 0x8, hash: 3774831796, tflag: 7, align: 8, fieldAlign: 8, kind: 24, equal: 0x1005340, gcdata: 1, str: 25418, ptrToThis: 625920},&#xA;validation: {mi: nil, typ: 11, keyType: 0, valType: 0, requiredBit: 0},&#xA;num: 2,&#xA;offset: 0x30,&#xA;wiretag: 18,&#xA;tagsize: 1,&#xA;isPointer: false,&#xA;isRequired: false,&#xA;},&#xA;{&#xA;funcs: {mi: nil, size: 0x18dd9a0, marshal: 0x18dda80, unmarshal: 0x18ddc80, isInit: nil, merge: 0x1923640},&#xA;mi: {&#xA;GoReflectType: {size: 0x8, ptrdata: 0x8, hash: 1943536767, tflag: 9, align: 8, fieldAlign: 8, kind: 54, equal: 0x10051e0, gcdata: 1, str: 54876, ptrToThis: 0},&#xA;Desc: {&#xA;Base: {L0: ...},&#xA;L1: {Enums: ..., Messages: ..., Extensions: ..., IsMapEntry: ..., IsMessageSet: ...},&#xA;L2: {&#xA;Options: ...,&#xA;Fields: ...,&#xA;Oneofs: ...,&#xA;ReservedNames: ...,&#xA;ReservedRanges: ...,&#xA;RequiredNumbers: ...,&#xA;ExtensionRanges: ...,&#xA;ExtensionRangeOptions: ...,&#xA;},&#xA;},&#xA;Exporter: nil,&#xA;OneofWrappers: nil,&#xA;initMu: {state: 0, sema: 0},&#xA;initDone: 0,&#xA;reflectMessageInfo: {fields: nil, oneofs: nil, denseFields: nil, rangeInfos: nil, getUnknown: nil, setUnknown: nil, extensionMap: nil, nilMessage: {p: ...}},&#xA;coderMessageInfo: {&#xA;methods: {&#xA;NoUnkeyedLiterals: ...,&#xA;Flags: ...,&#xA;Size: ...,&#xA;Marshal: ...,&#xA;Unmarshal: ...,&#xA;Merge: ...,&#xA;CheckInitialized: ...,&#xA;},&#xA;orderedCoderFields: nil,&#xA;denseCoderFields: nil,&#xA;coderFields: nil,&#xA;sizecacheOffset: 0x0,&#xA;unknownOffset: 0x0,&#xA;extensionOffset: 0x0,&#xA;needsInitCheck: false,&#xA;isMessageSet: false,&#xA;numRequiredFields: 0,&#xA;},&#xA;},&#xA;ft: {size: 0x18, ptrdata: 0x8, hash: 2850056585, tflag: 2, align: 8, fieldAlign: 8, kind: 23, equal: nil, gcdata: 1, str: 95312, ptrToThis: 0},&#xA;validation: {&#xA;mi: {&#xA;GoReflectType: {size: ..., ptrdata: ..., hash: ..., tflag: ..., align: ..., fieldAlign: ..., kind: ..., equal: ..., gcdata: ..., str: ..., ptrToThis: ...},&#xA;Desc: {Base: ..., L1: ..., L2: ...},&#xA;Exporter: nil,&#xA;OneofWrappers: nil,&#xA;initMu: {state: ..., sema: ...},&#xA;initDone: 0,&#xA;reflectMessageInfo: {fields: ..., oneofs: ..., denseFields: ..., rangeInfos: ..., getUnknown: ..., setUnknown: ..., extensionMap: ..., nilMessage: ...},&#xA;coderMessageInfo: {&#xA;methods: ...,&#xA;orderedCoderFields: ...,&#xA;denseCoderFields: ...,&#xA;coderFields: ...,&#xA;sizecacheOffset: ...,&#xA;unknownOffset: ...,&#xA;extensionOffset: ...,&#xA;needsInitCheck: ...,&#xA;isMessageSet: ...,&#xA;numRequiredFields: ...,&#xA;},&#xA;},&#xA;typ: 1,&#xA;keyType: 0,&#xA;valType: 0,&#xA;requiredBit: 0,&#xA;},&#xA;num: 3,&#xA;offset: 0x40,&#xA;wiretag: 26,&#xA;tagsize: 1,&#xA;isPointer: true,&#xA;isRequired: false,&#xA;},&#xA;],&#xA;denseCoderFields: [&#xA;nil,&#xA;{&#xA;funcs: {mi: nil, size: 0x18e4f20, marshal: 0x18e4f80, unmarshal: 0x18e4d40, isInit: nil, merge: 0x1923f20},&#xA;mi: nil,&#xA;ft: {size: 0x4, ptrdata: 0x0, hash: 3148693762, tflag: 15, align: 4, fieldAlign: 4, kind: 5, equal: 0x10051c0, gcdata: 1, str: 18959, ptrToThis: 551488},&#xA;validation: {mi: nil, typ: 7, keyType: 0, valType: 0, requiredBit: 0},&#xA;num: 1,&#xA;offset: 0x28,&#xA;wiretag: 8,&#xA;tagsize: 1,&#xA;isPointer: false,&#xA;isRequired: false,&#xA;},&#xA;{&#xA;funcs: {mi: nil, size: 0x18ffe00, marshal: 0x1900040, unmarshal: 0x18ffba0, isInit: nil, merge: 0x1924aa0},&#xA;mi: nil,&#xA;ft: {size: 0x10, ptrdata: 0x8, hash: 3774831796, tflag: 7, align: 8, fieldAlign: 8, kind: 24, equal: 0x1005340, gcdata: 1, str: 25418, ptrToThis: 625920},&#xA;validation: {mi: nil, typ: 11, keyType: 0, valType: 0, requiredBit: 0},&#xA;num: 2,&#xA;offset: 0x30,&#xA;wiretag: 18,&#xA;tagsize: 1,&#xA;isPointer: false,&#xA;isRequired: false,&#xA;},&#xA;{&#xA;funcs: {mi: nil, size: 0x18dd9a0, marshal: 0x18dda80, unmarshal: 0x18ddc80, isInit: nil, merge: 0x1923640},&#xA;mi: {&#xA;GoReflectType: {size: 0x8, ptrdata: 0x8, hash: 1943536767, tflag: 9, align: 8, fieldAlign: 8, kind: 54, equal: 0x10051e0, gcdata: 1, str: 54876, ptrToThis: 0},&#xA;Desc: {&#xA;Base: {L0: ...},&#xA;L1: {Enums: ..., Messages: ..., Extensions: ..., IsMapEntry: ..., IsMessageSet: ...},&#xA;L2: {&#xA;Options: ...,&#xA;Fields: ...,&#xA;Oneofs: ...,&#xA;ReservedNames: ...,&#xA;ReservedRanges: ...,&#xA;RequiredNumbers: ...,&#xA;ExtensionRanges: ...,&#xA;ExtensionRangeOptions: ...,&#xA;},&#xA;},&#xA;Exporter: nil,&#xA;OneofWrappers: nil,&#xA;initMu: {state: 0, sema: 0},&#xA;initDone: 0,&#xA;reflectMessageInfo: {fields: nil, oneofs: nil, denseFields: nil, rangeInfos: nil, getUnknown: nil, setUnknown: nil, extensionMap: nil, nilMessage: {p: ...}},&#xA;coderMessageInfo: {&#xA;methods: {&#xA;NoUnkeyedLiterals: ...,&#xA;Flags: ...,&#xA;Size: ...,&#xA;Marshal: ...,&#xA;Unmarshal: ...,&#xA;Merge: ...,&#xA;CheckInitialized: ...,&#xA;},&#xA;orderedCoderFields: nil,&#xA;denseCoderFields: nil,&#xA;coderFields: nil,&#xA;sizecacheOffset: 0x0,&#xA;unknownOffset: 0x0,&#xA;extensionOffset: 0x0,&#xA;needsInitCheck: false,&#xA;isMessageSet: false,&#xA;numRequiredFields: 0,&#xA;},&#xA;},&#xA;ft: {size: 0x18, ptrdata: 0x8, hash: 2850056585, tflag: 2, align: 8, fieldAlign: 8, kind: 23, equal: nil, gcdata: 1, str: 95312, ptrToThis: 0},&#xA;validation: {&#xA;mi: {&#xA;GoReflectType: {size: ..., ptrdata: ..., hash: ..., tflag: ..., align: ..., fieldAlign: ..., kind: ..., equal: ..., gcdata: ..., str: ..., ptrToThis: ...},&#xA;Desc: {Base: ..., L1: ..., L2: ...},&#xA;Exporter: nil,&#xA;OneofWrappers: nil,&#xA;initMu: {state: ..., sema: ...},&#xA;initDone: 0,&#xA;reflectMessageInfo: {fields: ..., oneofs: ..., denseFields: ..., rangeInfos: ..., getUnknown: ..., setUnknown: ..., extensionMap: ..., nilMessage: ...},&#xA;coderMessageInfo: {&#xA;methods: ...,&#xA;orderedCoderFields: ...,&#xA;denseCoderFields: ...,&#xA;coderFields: ...,&#xA;sizecacheOffset: ...,&#xA;unknownOffset: ...,&#xA;extensionOffset: ...,&#xA;needsInitCheck: ...,&#xA;isMessageSet: ...,&#xA;numRequiredFields: ...,&#xA;},&#xA;},&#xA;typ: 1,&#xA;keyType: 0,&#xA;valType: 0,&#xA;requiredBit: 0,&#xA;},&#xA;num: 3,&#xA;offset: 0x40,&#xA;wiretag: 26,&#xA;tagsize: 1,&#xA;isPointer: true,&#xA;isRequired: false,&#xA;},&#xA;],&#xA;coderFields: {&#xA;1: {&#xA;funcs: {mi: nil, size: 0x18e4f20, marshal: 0x18e4f80, unmarshal: 0x18e4d40, isInit: nil, merge: 0x1923f20},&#xA;mi: nil,&#xA;ft: {size: 0x4, ptrdata: 0x0, hash: 3148693762, tflag: 15, align: 4, fieldAlign: 4, kind: 5, equal: 0x10051c0, gcdata: 1, str: 18959, ptrToThis: 551488},&#xA;validation: {mi: nil, typ: 7, keyType: 0, valType: 0, requiredBit: 0},&#xA;num: 1,&#xA;offset: 0x28,&#xA;wiretag: 8,&#xA;tagsize: 1,&#xA;isPointer: false,&#xA;isRequired: false,&#xA;},&#xA;2: {&#xA;funcs: {mi: nil, size: 0x18ffe00, marshal: 0x1900040, unmarshal: 0x18ffba0, isInit: nil, merge: 0x1924aa0},&#xA;mi: nil,&#xA;ft: {size: 0x10, ptrdata: 0x8, hash: 3774831796, tflag: 7, align: 8, fieldAlign: 8, kind: 24, equal: 0x1005340, gcdata: 1, str: 25418, ptrToThis: 625920},&#xA;validation: {mi: nil, typ: 11, keyType: 0, valType: 0, requiredBit: 0},&#xA;num: 2,&#xA;offset: 0x30,&#xA;wiretag: 18,&#xA;tagsize: 1,&#xA;isPointer: false,&#xA;isRequired: false,&#xA;},&#xA;3: {&#xA;funcs: {mi: nil, size: 0x18dd9a0, marshal: 0x18dda80, unmarshal: 0x18ddc80, isInit: nil, merge: 0x1923640},&#xA;mi: {&#xA;GoReflectType: {size: 0x8, ptrdata: 0x8, hash: 1943536767, tflag: 9, align: 8, fieldAlign: 8, kind: 54, equal: 0x10051e0, gcdata: 1, str: 54876, ptrToThis: 0},&#xA;Desc: {&#xA;Base: {L0: ...},&#xA;L1: {Enums: ..., Messages: ..., Extensions: ..., IsMapEntry: ..., IsMessageSet: ...},&#xA;L2: {&#xA;Options: ...,&#xA;Fields: ...,&#xA;Oneofs: ...,&#xA;ReservedNames: ...,&#xA;ReservedRanges: ...,&#xA;RequiredNumbers: ...,&#xA;ExtensionRanges: ...,&#xA;ExtensionRangeOptions: ...,&#xA;},&#xA;},&#xA;Exporter: nil,&#xA;OneofWrappers: nil,&#xA;initMu: {state: 0, sema: 0},&#xA;initDone: 0,&#xA;reflectMessageInfo: {fields: nil, oneofs: nil, denseFields: nil, rangeInfos: nil, getUnknown: nil, setUnknown: nil, extensionMap: nil, nilMessage: {p: ...}},&#xA;coderMessageInfo: {&#xA;methods: {&#xA;NoUnkeyedLiterals: ...,&#xA;Flags: ...,&#xA;Size: ...,&#xA;Marshal: ...,&#xA;Unmarshal: ...,&#xA;Merge: ...,&#xA;CheckInitialized: ...,&#xA;},&#xA;orderedCoderFields: nil,&#xA;denseCoderFields: nil,&#xA;coderFields: nil,&#xA;sizecacheOffset: 0x0,&#xA;unknownOffset: 0x0,&#xA;extensionOffset: 0x0,&#xA;needsInitCheck: false,&#xA;isMessageSet: false,&#xA;numRequiredFields: 0,&#xA;},&#xA;},&#xA;ft: {size: 0x18, ptrdata: 0x8, hash: 2850056585, tflag: 2, align: 8, fieldAlign: 8, kind: 23, equal: nil, gcdata: 1, str: 95312, ptrToThis: 0},&#xA;validation: {&#xA;mi: {&#xA;GoReflectType: {size: ..., ptrdata: ..., hash: ..., tflag: ..., align: ..., fieldAlign: ..., kind: ..., equal: ..., gcdata: ..., str: ..., ptrToThis: ...},&#xA;Desc: {Base: ..., L1: ..., L2: ...},&#xA;Exporter: nil,&#xA;OneofWrappers: nil,&#xA;initMu: {state: ..., sema: ...},&#xA;initDone: 0,&#xA;reflectMessageInfo: {fields: ..., oneofs: ..., denseFields: ..., rangeInfos: ..., getUnknown: ..., setUnknown: ..., extensionMap: ..., nilMessage: ...},&#xA;coderMessageInfo: {&#xA;methods: ...,&#xA;orderedCoderFields: ...,&#xA;denseCoderFields: ...,&#xA;coderFields: ...,&#xA;sizecacheOffset: ...,&#xA;unknownOffset: ...,&#xA;extensionOffset: ...,&#xA;needsInitCheck: ...,&#xA;isMessageSet: ...,&#xA;numRequiredFields: ...,&#xA;},&#xA;},&#xA;typ: 1,&#xA;keyType: 0,&#xA;valType: 0,&#xA;requiredBit: 0,&#xA;},&#xA;num: 3,&#xA;offset: 0x40,&#xA;wiretag: 26,&#xA;tagsize: 1,&#xA;isPointer: true,&#xA;isRequired: false,&#xA;},&#xA;},&#xA;sizecacheOffset: 0x8,&#xA;unknownOffset: 0x10,&#xA;extensionOffset: 0xffffffffffffffff,&#xA;needsInitCheck: false,&#xA;isMessageSet: false,&#xA;numRequiredFields: 0,&#xA;},&#xA;},&#xA;},&#xA;sizeCache: 0,&#xA;unknownFields: nil,&#xA;Code: 4,&#xA;Message: &#34;context deadline exceeded&#34;,&#xA;Details: nil,&#xA;},&#xA;}&#xA;to be nil&#xA;E0608 20:16:46.971272   34390 portforward.go:409] error closing listener: close tcp4 127.0.0.1:52336: use of closed network connection&#xA;E0608 20:16:46.971291   34390 portforward.go:409] error closing listener: close tcp6 [::1]:52336: use of closed network connection&#xA;time=&#34;2021-06-08T20:16:47-07:00&#34; level=info msg=&#34;Deleting nsmd-forwarder-kind-1-worker&#34;&#xA;time=&#34;2021-06-08T20:16:47-07:00&#34; level=info msg=&#34;Deleting spire-proxy&#34;&#xA;time=&#34;2021-06-08T20:16:47-07:00&#34; level=info msg=&#34;Deleting prefix-service&#34;&#xA;E0608 20:16:47.048241   34390 portforward.go:409] error closing listener: close tcp4 127.0.0.1:52333: use of closed network connection&#xA;E0608 20:16:47.048256   34390 portforward.go:409] error closing listener: close tcp6 [::1]:52333: use of closed network connection&#xA;time=&#34;2021-06-08T20:16:47-07:00&#34; level=warning msg=&#34;The POD &#39;spire-proxy&#39; Deleted 334.752285ms&#34;&#xA;time=&#34;2021-06-08T20:16:47-07:00&#34; level=warning msg=&#34;The POD &#39;nsmd-forwarder-kind-1-worker&#39; Deleted 532.432429ms&#34;&#xA;time=&#34;2021-06-08T20:16:47-07:00&#34; level=warning msg=&#34;The POD &#39;prefix-service&#39; Deleted 731.207174ms&#34;&#xA;time=&#34;2021-06-08T20:16:48-07:00&#34; level=info msg=&#34;namespace nsm-system is deleted&#34;&#xA;time=&#34;2021-06-08T20:16:48-07:00&#34; level=info msg=&#34;Cleanup time: 1.935873137s&#34;&#xA;--- FAIL: TestForwarderCrossConnectReconnect (161.57s)&#xA;FAIL&#xA;FAIL&#x9;github.com/networkservicemesh/networkservicemesh/test/integration&#x9;162.015s&#xA;FAIL&#xA;TestForwarderCrossConnectReconnect: OnFail: running on fail script operations with KUBECONFIG=/Users/nispatil/go/src/github.com/cisco-app-networking/nsm_publish/networkservicemesh/.tests/cloud_test/single-cluster/shell/kind-1/config on cloud kind-1&#xA;make -i k8s-deconfig helm-delete k8s-terminating-cleanup k8s-delete-nsm-namespaces || true&#xA;helm uninstall config --namespace nsm-system || true&#xA;WARNING: Kubernetes configuration file is group-readable. This is insecure. Location: /Users/nispatil/go/src/github.com/cisco-app-networking/nsm_publish/networkservicemesh/.tests/cloud_test/single-cluster/shell/kind-1/config&#xA;WARNING: Kubernetes configuration file is world-readable. This is insecure. Location: /Users/nispatil/go/src/github.com/cisco-app-networking/nsm_publish/networkservicemesh/.tests/cloud_test/single-cluster/shell/kind-1/config&#xA;Error: uninstall: Release not loaded: config: release: not found&#xA;./scripts/helm-nsm-uninstall.sh --nsm_namespace nsm-system --all&#xA;&#xA;Helm version detected: v3.3.4&#xA;Cleaning up NSM&#xA;xargs: illegal option -- -&#xA;usage: xargs [-0opt] [-E eofstr] [-I replstr [-R replacements] [-S replsize]]&#xA;[-J replstr] [-L number] [-n number [-x]] [-P maxprocs]&#xA;[-s size] [utility [argument ...]]&#xA;WARNING: Kubernetes configuration file is group-readable. This is insecure. Location: /Users/nispatil/go/src/github.com/cisco-app-networking/nsm_publish/networkservicemesh/.tests/cloud_test/single-cluster/shell/kind-1/config&#xA;WARNING: Kubernetes configuration file is world-readable. This is insecure. Location: /Users/nispatil/go/src/github.com/cisco-app-networking/nsm_publish/networkservicemesh/.tests/cloud_test/single-cluster/shell/kind-1/config&#xA;make[1]: [helm-delete] Error 1 (ignored)&#xA;xargs: illegal option -- -&#xA;usage: xargs [-0opt] [-E eofstr] [-I replstr [-R replacements] [-S replsize]]&#xA;[-J replstr] [-L number] [-n number [-x]] [-P maxprocs]&#xA;[-s size] [utility [argument ...]]&#xA;No resources found in nsm-system namespace.&#xA;make[1]: [k8s-terminating-cleanup] Error 1 (ignored)&#xA;Running delete-nsm-namespaces script&#xA;NSM_NAMESPACE=nsm-system&#xA;Checking ns: default&#xA;Checking ns: kube-node-lease&#xA;Checking ns: kube-public&#xA;Checking ns: kube-system&#xA;Checking ns: local-path-storage&#xA;Checking ns: nsm-system&#xA;Deleting ns: nsm-system&#xA;warning: Immediate deletion does not wait for confirmation that the running resource has been terminated. The resource may continue to run on the cluster indefinitely.&#xA;No resources found&#xA;namespace &#34;nsm-system&#34; deleted&#xA;Checking ns: spire&#xA;make k8s-config &amp;&amp; echo &#34;Cluster reset successfull&#34;&#xA;namespace/nsm-system created&#xA;helm --namespace nsm-system install config deployments/helm/nsm/charts/config&#xA;WARNING: Kubernetes configuration file is group-readable. This is insecure. Location: /Users/nispatil/go/src/github.com/cisco-app-networking/nsm_publish/networkservicemesh/.tests/cloud_test/single-cluster/shell/kind-1/config&#xA;WARNING: Kubernetes configuration file is world-readable. This is insecure. Location: /Users/nispatil/go/src/github.com/cisco-app-networking/nsm_publish/networkservicemesh/.tests/cloud_test/single-cluster/shell/kind-1/config&#xA;NAME: config&#xA;LAST DEPLOYED: Tue Jun  8 20:16:57 2021&#xA;NAMESPACE: nsm-system&#xA;STATUS: deployed&#xA;REVISION: 1&#xA;TEST SUITE: None&#xA;Cluster reset successfull</failure>
                  </testcase>
                  <testcase classname="" name="Test_createNSMNamespace" time="18.7834377" cluster_instance="kind-1"></testcase>
                  <testcase classname="" name="TestDuplicateEndpoint" time="59.782729962" cluster_instance="kind-1"></testcase>
                  <testcase classname="" name="TestGetEndpoints" time="59.557682438" cluster_instance="kind-1"></testcase>
                  <testcase classname="" name="TestDeployNSMMonitor" time="246.596260771" cluster_instance="kind-1">
                      <failure message="Test execution failed TestDeployNSMMonitor" type="ERROR">Execution attempt: 0 Output file: .tests/cloud_test/single-cluster/kind-1/014-TestDeployNSMMonitor-run.log&#xA;Starting TestDeployNSMMonitor on kind-1&#xA;Command line go test . -test.timeout 10m0s -count 1 --run &#34;^(TestDeployNSMMonitor)$\\z&#34; --tags &#34;basic&#34; --test.v&#xA;env==[KUBECONFIG=/Users/nispatil/go/src/github.com/cisco-app-networking/nsm_publish/networkservicemesh/.tests/cloud_test/single-cluster/shell/kind-1/config ARTIFACTS_DIR=/Users/nispatil/go/src/github.com/cisco-app-networking/nsm_publish/networkservicemesh/.tests/cloud_test/single-cluster/kind-1/TestDeployNSMMonitor]&#xA;&#xA;=== RUN   TestDeployNSMMonitor&#xA;time=&#34;2021-06-08T19:34:00-07:00&#34; level=info msg=&#34;Using Kubeconfig: /Users/nispatil/go/src/github.com/cisco-app-networking/nsm_publish/networkservicemesh/.tests/cloud_test/single-cluster/shell/kind-1/config&#34;&#xA;time=&#34;2021-06-08T19:34:00-07:00&#34; level=info msg=&#34;FORWARDING_PLANE not set, using default forwarder - vpp&#34;&#xA;time=&#34;2021-06-08T19:34:00-07:00&#34; level=info msg=&#34;Creating artifact manager with config: &amp;{4 false /Users/nispatil/go/src/github.com/cisco-app-networking/nsm_publish/networkservicemesh/.tests/cloud_test/single-cluster/kind-1/TestDeployNSMMonitor}&#34;&#xA;time=&#34;2021-06-08T19:34:00-07:00&#34; level=error msg=&#34;Error during create of test namespace failed to create a namespace: namespaces \&#34;nsm-system\&#34; already exists&#34;&#xA;time=&#34;2021-06-08T19:34:00-07:00&#34; level=info msg=&#34;Checking availability of API server on 127.0.0.1&#34;&#xA;time=&#34;2021-06-08T19:34:04-07:00&#34; level=info msg=&#34;PING 127.0.0.1 (127.0.0.1): 56 data bytes\n64 bytes from 127.0.0.1: icmp_seq=0 ttl=64 time=0.039 ms\n64 bytes from 127.0.0.1: icmp_seq=1 ttl=64 time=0.089 ms\n64 bytes from 127.0.0.1: icmp_seq=2 ttl=64 time=0.075 ms\n64 bytes from 127.0.0.1: icmp_seq=3 ttl=64 time=0.078 ms\n64 bytes from 127.0.0.1: icmp_seq=4 ttl=64 time=0.069 ms\n\n--- 127.0.0.1 ping statistics ---\n5 packets transmitted, 5 packets received, 0.0%!p(MISSING)acket loss\nround-trip min/avg/max/stddev = 0.039/0.070/0.089/0.017 ms\n&#34;&#xA;time=&#34;2021-06-08T19:34:04-07:00&#34; level=info msg=&#34;USE_IPV6 not set, using default false&#34;&#xA;time=&#34;2021-06-08T19:34:04-07:00&#34; level=error msg=&#34;serviceaccounts \&#34;nsc-acc\&#34; not found&#34;&#xA;time=&#34;2021-06-08T19:34:04-07:00&#34; level=error msg=&#34;serviceaccounts \&#34;nse-acc\&#34; not found&#34;&#xA;time=&#34;2021-06-08T19:34:04-07:00&#34; level=error msg=&#34;serviceaccounts \&#34;nsmgr-acc\&#34; not found&#34;&#xA;time=&#34;2021-06-08T19:34:04-07:00&#34; level=error msg=&#34;serviceaccounts \&#34;nsmrs-acc\&#34; not found&#34;&#xA;time=&#34;2021-06-08T19:34:04-07:00&#34; level=error msg=&#34;serviceaccounts \&#34;forward-plane-acc\&#34; not found&#34;&#xA;time=&#34;2021-06-08T19:34:04-07:00&#34; level=error msg=&#34;serviceaccounts \&#34;crossconnect-monitor-acc\&#34; not found&#34;&#xA;time=&#34;2021-06-08T19:34:04-07:00&#34; level=error msg=&#34;serviceaccounts \&#34;proxy-nsmgr-acc\&#34; not found&#34;&#xA;time=&#34;2021-06-08T19:34:04-07:00&#34; level=info msg=&#34;Cleanup done: 837.621089ms&#34;&#xA;time=&#34;2021-06-08T19:34:05-07:00&#34; level=info msg=&#34;&amp;ServiceAccount{ObjectMeta:{default  nsm-system /api/v1/namespaces/nsm-system/serviceaccounts/default 172d4267-0486-4aa4-8197-5676ae6a39e1 6343 0 2021-06-08 19:33:52 -0700 PDT &lt;nil&gt; &lt;nil&gt; map[] map[] [] []  []},Secrets:[]ObjectReference{ObjectReference{Kind:,Namespace:,Name:default-token-75rx5,UID:,APIVersion:,ResourceVersion:,FieldPath:,},},ImagePullSecrets:[]LocalObjectReference{},AutomountServiceAccountToken:nil,}&#34;&#xA;I0608 19:34:06.097385   25625 request.go:621] Throttling request took 1.162395207s, request: POST:https://127.0.0.1:55081/api/v1/namespaces/nsm-system/serviceaccounts&#xA;time=&#34;2021-06-08T19:34:06-07:00&#34; level=info msg=&#34;&amp;ServiceAccount{ObjectMeta:{nsmrs-acc  nsm-system /api/v1/namespaces/nsm-system/serviceaccounts/nsmrs-acc cdb0f2b4-2cce-4baf-bc59-701834977612 6411 0 2021-06-08 19:34:05 -0700 PDT &lt;nil&gt; &lt;nil&gt; map[] map[] [] []  []},Secrets:[]ObjectReference{ObjectReference{Kind:,Namespace:,Name:nsmrs-acc-token-fqnrg,UID:,APIVersion:,ResourceVersion:,FieldPath:,},},ImagePullSecrets:[]LocalObjectReference{},AutomountServiceAccountToken:nil,}&#34;&#xA;time=&#34;2021-06-08T19:34:06-07:00&#34; level=info msg=&#34;&amp;ServiceAccount{ObjectMeta:{crossconnect-monitor-acc  nsm-system /api/v1/namespaces/nsm-system/serviceaccounts/crossconnect-monitor-acc 76c4d8ec-32c0-440c-aac4-0c024a7da455 6414 0 2021-06-08 19:34:05 -0700 PDT &lt;nil&gt; &lt;nil&gt; map[] map[] [] []  []},Secrets:[]ObjectReference{ObjectReference{Kind:,Namespace:,Name:crossconnect-monitor-acc-token-p6bvh,UID:,APIVersion:,ResourceVersion:,FieldPath:,},},ImagePullSecrets:[]LocalObjectReference{},AutomountServiceAccountToken:nil,}&#34;&#xA;time=&#34;2021-06-08T19:34:07-07:00&#34; level=info msg=&#34;&amp;ServiceAccount{ObjectMeta:{nsmgr-acc  nsm-system /api/v1/namespaces/nsm-system/serviceaccounts/nsmgr-acc 4b86e8d5-94fc-4620-8d80-a881a4491389 6417 0 2021-06-08 19:34:05 -0700 PDT &lt;nil&gt; &lt;nil&gt; map[] map[] [] []  []},Secrets:[]ObjectReference{ObjectReference{Kind:,Namespace:,Name:nsmgr-acc-token-dzqlz,UID:,APIVersion:,ResourceVersion:,FieldPath:,},},ImagePullSecrets:[]LocalObjectReference{},AutomountServiceAccountToken:nil,}&#34;&#xA;time=&#34;2021-06-08T19:34:07-07:00&#34; level=info msg=&#34;&amp;ServiceAccount{ObjectMeta:{nsc-acc  nsm-system /api/v1/namespaces/nsm-system/serviceaccounts/nsc-acc ef18c21c-7279-4c9d-b78a-ebb37abe7fbb 6423 0 2021-06-08 19:34:05 -0700 PDT &lt;nil&gt; &lt;nil&gt; map[] map[] [] []  []},Secrets:[]ObjectReference{ObjectReference{Kind:,Namespace:,Name:nsc-acc-token-9kkt6,UID:,APIVersion:,ResourceVersion:,FieldPath:,},},ImagePullSecrets:[]LocalObjectReference{},AutomountServiceAccountToken:nil,}&#34;&#xA;time=&#34;2021-06-08T19:34:07-07:00&#34; level=info msg=&#34;&amp;ServiceAccount{ObjectMeta:{nse-acc  nsm-system /api/v1/namespaces/nsm-system/serviceaccounts/nse-acc c300667a-05a0-4371-b6bd-0e5cfd0977c0 6428 0 2021-06-08 19:34:06 -0700 PDT &lt;nil&gt; &lt;nil&gt; map[] map[] [] []  []},Secrets:[]ObjectReference{ObjectReference{Kind:,Namespace:,Name:nse-acc-token-sz9fc,UID:,APIVersion:,ResourceVersion:,FieldPath:,},},ImagePullSecrets:[]LocalObjectReference{},AutomountServiceAccountToken:nil,}&#34;&#xA;time=&#34;2021-06-08T19:34:07-07:00&#34; level=info msg=&#34;&amp;ServiceAccount{ObjectMeta:{proxy-nsmgr-acc  nsm-system /api/v1/namespaces/nsm-system/serviceaccounts/proxy-nsmgr-acc 0ca8123a-c81a-47ad-8379-1cb57b78f1a3 6433 0 2021-06-08 19:34:06 -0700 PDT &lt;nil&gt; &lt;nil&gt; map[] map[] [] []  []},Secrets:[]ObjectReference{ObjectReference{Kind:,Namespace:,Name:proxy-nsmgr-acc-token-jwpdp,UID:,APIVersion:,ResourceVersion:,FieldPath:,},},ImagePullSecrets:[]LocalObjectReference{},AutomountServiceAccountToken:nil,}&#34;&#xA;time=&#34;2021-06-08T19:34:07-07:00&#34; level=info msg=&#34;&amp;ServiceAccount{ObjectMeta:{forward-plane-acc  nsm-system /api/v1/namespaces/nsm-system/serviceaccounts/forward-plane-acc b6118c17-1a1c-40aa-b7ad-7abc806c1ebd 6437 0 2021-06-08 19:34:06 -0700 PDT &lt;nil&gt; &lt;nil&gt; map[] map[] [] []  []},Secrets:[]ObjectReference{ObjectReference{Kind:,Namespace:,Name:forward-plane-acc-token-dwt6j,UID:,APIVersion:,ResourceVersion:,FieldPath:,},},ImagePullSecrets:[]LocalObjectReference{},AutomountServiceAccountToken:nil,}&#34;&#xA;time=&#34;2021-06-08T19:34:07-07:00&#34; level=info msg=&#34;Creating ConfigMap &#39;nsm-config&#39; in namespace&#39;nsm-system&#39;...&#34;&#xA;time=&#34;2021-06-08T19:34:08-07:00&#34; level=info msg=&#34;Using image: containers.cisco.com/appn/prefix-service:vl3_latest&#34;&#xA;time=&#34;2021-06-08T19:34:08-07:00&#34; level=info msg=&#34;Using image: containers.cisco.com/appn/test-common:vl3_latest&#34;&#xA;time=&#34;2021-06-08T19:34:08-07:00&#34; level=info msg=&#34;role is created: &amp;ClusterRole{ObjectMeta:{aggregate-network-services-view  nsm-system    0 0001-01-01 00:00:00 +0000 UTC &lt;nil&gt; &lt;nil&gt; map[rbac.authorization.k8s.io/aggregate-to-view:true] map[] [] []  []},Rules:[]PolicyRule{PolicyRule{Verbs:[get list watch],APIGroups:[networkservicemesh.io],Resources:[networkservices],ResourceNames:[],NonResourceURLs:[],},},AggregationRule:nil,}&#34;&#xA;time=&#34;2021-06-08T19:34:08-07:00&#34; level=info msg=&#34;role is created: &amp;ClusterRole{ObjectMeta:{nsm-role  nsm-system    0 0001-01-01 00:00:00 +0000 UTC &lt;nil&gt; &lt;nil&gt; map[rbac.authorization.k8s.io/aggregate-to-admin:true rbac.authorization.k8s.io/aggregate-to-edit:true] map[] [] []  []},Rules:[]PolicyRule{PolicyRule{Verbs:[*],APIGroups:[networkservicemesh.io],Resources:[networkservices networkserviceendpoints networkservicemanagers],ResourceNames:[],NonResourceURLs:[],},PolicyRule{Verbs:[*],APIGroups:[apiextensions.k8s.io],Resources:[customresourcedefinitions],ResourceNames:[],NonResourceURLs:[],},PolicyRule{Verbs:[get update],APIGroups:[],Resources:[configmaps],ResourceNames:[],NonResourceURLs:[],},PolicyRule{Verbs:[get list watch],APIGroups:[],Resources:[nodes services namespaces],ResourceNames:[],NonResourceURLs:[],},},AggregationRule:nil,}&#34;&#xA;time=&#34;2021-06-08T19:34:08-07:00&#34; level=info msg=&#34;role is created: &amp;ClusterRoleBinding{ObjectMeta:{nsm-role-binding      0 0001-01-01 00:00:00 +0000 UTC &lt;nil&gt; &lt;nil&gt; map[] map[] [] []  []},Subjects:[]Subject{Subject{Kind:ServiceAccount,APIGroup:,Name:nsmgr-acc,Namespace:nsm-system,},Subject{Kind:ServiceAccount,APIGroup:,Name:proxy-nsmgr-acc,Namespace:nsm-system,},Subject{Kind:ServiceAccount,APIGroup:,Name:crossconnect-monitor-acc,Namespace:nsm-system,},},RoleRef:RoleRef{APIGroup:rbac.authorization.k8s.io,Kind:ClusterRole,Name:nsm-role,},}&#34;&#xA;time=&#34;2021-06-08T19:34:10-07:00&#34; level=info msg=&#34;Trying to establish connection with the spire provider at address:tcp://127.0.0.1:50765&#34;&#xA;time=&#34;2021-06-08T19:34:10-07:00&#34; level=info msg=&#34;Created the todo context:tcp://127.0.0.1:50765&#34;&#xA;time=&#34;2021-06-08T19:34:10-07:00&#34; level=info msg=&#34;Got x509:&amp;{0xc000717170 &lt;nil&gt; {{0 0} 0 0 0 0} 0xc0006129b0 0xc0002ba220 {{0 0} 0 0 0 0} false} &lt;nil&gt;&#34;&#xA;time=&#34;2021-06-08T19:34:10-07:00&#34; level=info msg=&#34;Started goroutine&#34;&#xA;time=&#34;2021-06-08T19:34:10-07:00&#34; level=info msg=&#34;Returning provider&#34;&#xA;time=&#34;2021-06-08T19:34:10-07:00&#34; level=info msg=&#34;Issued identity:spiffe://test.com/nsmgr&#34;&#xA;time=&#34;2021-06-08T19:34:11-07:00&#34; level=info msg=&#34;Checking node: kind-1-control-plane&#34;&#xA;time=&#34;2021-06-08T19:34:11-07:00&#34; level=info msg=&#34;Checking node: kind-1-worker&#34;&#xA;time=&#34;2021-06-08T19:34:11-07:00&#34; level=info msg=&#34;Checking node: kind-1-worker2&#34;&#xA;time=&#34;2021-06-08T19:34:11-07:00&#34; level=info msg=&#34;Using image: jaegertracing/all-in-one:1.14.0&#34;&#xA;time=&#34;2021-06-08T19:34:13-07:00&#34; level=info msg=&#34;getting logs without container jaeger=none&#34;&#xA;time=&#34;2021-06-08T19:34:14-07:00&#34; level=info msg=&#34;Using image: containers.cisco.com/appn/nsmdp:vl3_latest&#34;&#xA;time=&#34;2021-06-08T19:34:14-07:00&#34; level=info msg=&#34;Using image: containers.cisco.com/appn/nsmd:vl3_latest&#34;&#xA;time=&#34;2021-06-08T19:34:14-07:00&#34; level=info msg=&#34;Using image: containers.cisco.com/appn/nsmd-k8s:vl3_latest&#34;&#xA;time=&#34;2021-06-08T19:34:14-07:00&#34; level=info msg=&#34;Using image: containers.cisco.com/appn/nsmdp:vl3_latest&#34;&#xA;time=&#34;2021-06-08T19:34:14-07:00&#34; level=info msg=&#34;Using image: containers.cisco.com/appn/nsmd:vl3_latest&#34;&#xA;time=&#34;2021-06-08T19:34:14-07:00&#34; level=info msg=&#34;Using image: containers.cisco.com/appn/nsmd-k8s:vl3_latest&#34;&#xA;time=&#34;2021-06-08T19:34:14-07:00&#34; level=info msg=&#34;Using image: containers.cisco.com/appn/vppagent-forwarder:vl3_latest&#34;&#xA;time=&#34;2021-06-08T19:34:14-07:00&#34; level=info msg=&#34;Using image: containers.cisco.com/appn/vppagent-forwarder:vl3_latest&#34;&#xA;time=&#34;2021-06-08T19:34:21-07:00&#34; level=info msg=&#34;Started NSMgr/Forwarder: 7.253525226s on node kind-1-worker&#34;&#xA;time=&#34;2021-06-08T19:34:26-07:00&#34; level=info msg=&#34;Started NSMgr/Forwarder: 12.283728333s on node kind-1-worker2&#34;&#xA;time=&#34;2021-06-08T19:34:26-07:00&#34; level=info msg=&#34;Using image: containers.cisco.com/appn/test-common:vl3_latest&#34;&#xA;time=&#34;2021-06-08T19:34:26-07:00&#34; level=info msg=&#34;Starting ICMP Responder NSE on node: kind-1-worker2 &#34;&#xA;time=&#34;2021-06-08T19:34:29-07:00&#34; level=info msg=&#34;getting logs without container icmp-responder-nse-1=none&#34;&#xA;time=&#34;2021-06-08T19:34:29-07:00&#34; level=info msg=&#34;ICMP Responder icmp-responder-nse-1 started done: 2.964163315s&#34;&#xA;time=&#34;2021-06-08T19:34:29-07:00&#34; level=info msg=&#34;Using image: containers.cisco.com/appn/nsm-monitor:vl3_latest&#34;&#xA;time=&#34;2021-06-08T19:34:29-07:00&#34; level=info msg=&#34;Starting NSC nsc-1 on node: kind-1-worker&#34;&#xA;time=&#34;2021-06-08T19:36:00-07:00&#34; level=info msg=&#34;Pod deploy half time passed: nsc-1&#34;&#xA;time=&#34;2021-06-08T19:37:29-07:00&#34; level=error msg=&#34;createAndBlock with pods: nsc-1 Timeout in waitTimeout&#34;&#xA;time=&#34;2021-06-08T19:37:29-07:00&#34; level=error msg=&#34;Failed to deploy pod, trying to get any information&#34;&#xA;time=&#34;2021-06-08T19:37:30-07:00&#34; level=info msg=&#34;Pod container information: nsc-1&#34;&#xA;time=&#34;2021-06-08T19:37:30-07:00&#34; level=error msg=&#34;blockUntilPodReady failed. Cause: Timeout during waiting for pod change status for pod nsc-1 [{Initialized False 0001-01-01 00:00:00 +0000 UTC 2021-06-08 19:34:30 -0700 PDT ContainersNotInitialized containers with incomplete status: [nsm-init]} {Ready False 0001-01-01 00:00:00 +0000 UTC 2021-06-08 19:34:30 -0700 PDT ContainersNotReady containers with unready status: [alpine-img nsm-monitor]} {ContainersReady False 0001-01-01 00:00:00 +0000 UTC 2021-06-08 19:34:30 -0700 PDT ContainersNotReady containers with unready status: [alpine-img nsm-monitor]} {PodScheduled True 0001-01-01 00:00:00 +0000 UTC 2021-06-08 19:34:30 -0700 PDT  }] status:  pod: nsc-1&#34;&#xA;time=&#34;2021-06-08T19:37:30-07:00&#34; level=info msg=&#34;Pod nsc-1: container: nsm-init status: false: Logs: time=\&#34;2021-06-09T02:34:30Z\&#34; level=info msg=\&#34;Starting nsm-init...\&#34;\ntime=\&#34;2021-06-09T02:34:30Z\&#34; level=info msg=\&#34;Version: v1.0.1-rc.2-1-g9262b77b\&#34;\ntime=\&#34;2021-06-09T02:34:30Z\&#34; level=info msg=\&#34;All env variables:\&#34;\ntime=\&#34;2021-06-09T02:34:30Z\&#34; level=info msg=\&#34;KUBERNETES_SERVICE_PORT=443\&#34;\ntime=\&#34;2021-06-09T02:34:30Z\&#34; level=info msg=\&#34;KUBERNETES_PORT=tcp://10.96.0.1:443\&#34;\ntime=\&#34;2021-06-09T02:34:30Z\&#34; level=info msg=\&#34;GRPC_GO_LOG_VERBOSITY_LEVEL=99\&#34;\ntime=\&#34;2021-06-09T02:34:30Z\&#34; level=info msg=\&#34;HOSTNAME=nsc-1\&#34;\ntime=\&#34;2021-06-09T02:34:30Z\&#34; level=info msg=\&#34;GRPC_GO_LOG_SEVERITY_LEVEL=info\&#34;\ntime=\&#34;2021-06-09T02:34:30Z\&#34; level=info msg=\&#34;SHLVL=1\&#34;\ntime=\&#34;2021-06-09T02:34:30Z\&#34; level=info msg=\&#34;NSM_CLIENT_SOCKET=/var/lib/networkservicemesh/nsm.client.io.sock\&#34;\ntime=\&#34;2021-06-09T02:34:30Z\&#34; level=info msg=\&#34;HOME=/root\&#34;\ntime=\&#34;2021-06-09T02:34:30Z\&#34; level=info msg=\&#34;WORKSPACE=/var/lib/networkservicemesh/\&#34;\ntime=\&#34;2021-06-09T02:34:30Z\&#34; level=info msg=\&#34;KUBERNETES_PORT_443_TCP_ADDR=10.96.0.1\&#34;\ntime=\&#34;2021-06-09T02:34:30Z\&#34; level=info msg=\&#34;PATH=/usr/local/sbin:/usr/local/bin:/usr/sbin:/usr/bin:/sbin:/bin\&#34;\ntime=\&#34;2021-06-09T02:34:30Z\&#34; level=info msg=\&#34;CLIENT_LABELS=app=icmp\&#34;\ntime=\&#34;2021-06-09T02:34:30Z\&#34; level=info msg=\&#34;KUBERNETES_PORT_443_TCP_PORT=443\&#34;\ntime=\&#34;2021-06-09T02:34:30Z\&#34; level=info msg=\&#34;CLIENT_NETWORK_SERVICE=icmp-responder\&#34;\ntime=\&#34;2021-06-09T02:34:30Z\&#34; level=info msg=\&#34;KUBERNETES_PORT_443_TCP_PROTO=tcp\&#34;\ntime=\&#34;2021-06-09T02:34:30Z\&#34; level=info msg=\&#34;ENTRY=nsm-init\&#34;\ntime=\&#34;2021-06-09T02:34:30Z\&#34; level=info msg=\&#34;NSM_SERVER_SOCKET=/var/lib/networkservicemesh/nsm.server.io.sock\&#34;\ntime=\&#34;2021-06-09T02:34:30Z\&#34; level=info msg=\&#34;KUBERNETES_SERVICE_PORT_HTTPS=443\&#34;\ntime=\&#34;2021-06-09T02:34:30Z\&#34; level=info msg=\&#34;KUBERNETES_PORT_443_TCP=tcp://10.96.0.1:443\&#34;\ntime=\&#34;2021-06-09T02:34:30Z\&#34; level=info msg=\&#34;KUBERNETES_SERVICE_HOST=10.96.0.1\&#34;\ntime=\&#34;2021-06-09T02:34:30Z\&#34; level=info msg=\&#34;PWD=/\&#34;\ntime=\&#34;2021-06-09T02:34:30Z\&#34; level=info msg=\&#34;NSM_DEVICE_PLUGIN=true\&#34;\ntime=\&#34;2021-06-09T02:34:30Z\&#34; level=info msg=\&#34;nsmServerSocket: /var/lib/networkservicemesh/nsm.server.io.sock\&#34;\ntime=\&#34;2021-06-09T02:34:30Z\&#34; level=info msg=\&#34;nsmClientSocket: /var/lib/networkservicemesh/nsm.client.io.sock\&#34;\ntime=\&#34;2021-06-09T02:34:30Z\&#34; level=info msg=\&#34;workspace: /var/lib/networkservicemesh/\&#34;\ntime=\&#34;2021-06-09T02:34:30Z\&#34; level=info msg=\&#34;ENDPOINT_NETWORK_SERVICE not found.\&#34;\ntime=\&#34;2021-06-09T02:34:30Z\&#34; level=info msg=\&#34;Outgoing Network Service Name: icmp-responder\&#34;\ntime=\&#34;2021-06-09T02:34:30Z\&#34; level=info msg=\&#34;ENDPOINT_LABELS not found.\&#34;\ntime=\&#34;2021-06-09T02:34:30Z\&#34; level=info msg=\&#34;Outgoing labels: app=icmp\&#34;\ntime=\&#34;2021-06-09T02:34:30Z\&#34; level=info msg=\&#34;NSC_INTERFACE_NAME not found.\&#34;\ntime=\&#34;2021-06-09T02:34:30Z\&#34; level=info msg=\&#34;MECHANISM_TYPE not found.\&#34;\ntime=\&#34;2021-06-09T02:34:30Z\&#34; level=info msg=\&#34;IP_ADDRESS not found.\&#34;\ntime=\&#34;2021-06-09T02:34:30Z\&#34; level=info msg=\&#34;POD_NAME not found.\&#34;\ntime=\&#34;2021-06-09T02:34:30Z\&#34; level=info msg=\&#34;NSM_NAMESPACE not found.\&#34;\ntime=\&#34;2021-06-09T02:34:30Z\&#34; level=info msg=\&#34;ROUTES not found.\&#34;\ntime=\&#34;2021-06-09T02:34:30Z\&#34; level=info msg=\&#34;Creating logger from config: &amp;{nsm-init@nsc-1 false false [] 0xc000078d20 0xc000277880 &lt;nil&gt; &lt;nil&gt; &lt;nil&gt;}\&#34;\n2021/06/09 02:34:30 debug logging disabled\n2021/06/09 02:34:30 Initializing logging reporter\n2021/06/09 02:34:30 debug logging disabled\ntime=\&#34;2021-06-09T02:34:30Z\&#34; level=info msg=\&#34;==--&gt; RequestNetworkService() span:37503450fe7886e7:37503450fe7886e7:0000000000000000:1\&#34;\ntime=\&#34;2021-06-09T02:34:30Z\&#34; level=info msg=\&#34;ENDPOINT_NETWORK_SERVICE not found.\&#34;\ntime=\&#34;2021-06-09T02:34:30Z\&#34; level=info msg=\&#34;ENDPOINT_LABELS not found.\&#34;\ntime=\&#34;2021-06-09T02:34:30Z\&#34; level=info msg=\&#34;NSC_INTERFACE_NAME not found.\&#34;\ntime=\&#34;2021-06-09T02:34:30Z\&#34; level=info msg=\&#34;MECHANISM_TYPE not found.\&#34;\ntime=\&#34;2021-06-09T02:34:30Z\&#34; level=info msg=\&#34;IP_ADDRESS not found.\&#34;\ntime=\&#34;2021-06-09T02:34:30Z\&#34; level=info msg=\&#34;POD_NAME not found.\&#34;\ntime=\&#34;2021-06-09T02:34:30Z\&#34; level=info msg=\&#34;NSM_NAMESPACE not found.\&#34;\ntime=\&#34;2021-06-09T02:34:30Z\&#34; level=info msg=\&#34;ROUTES not found.\&#34;\ntime=\&#34;2021-06-09T02:34:30Z\&#34; level=info msg=\&#34;NSM_NAMESPACE not found.\&#34;\ntime=\&#34;2021-06-09T02:34:30Z\&#34; level=warning msg=\&#34;global opentracer is already initialized\&#34;\ntime=\&#34;2021-06-09T02:34:30Z\&#34; level=info msg=\&#34;Creating logger from config: &amp;{nsm-client@nsc-1 false false [] 0xc0000a22a0 0xc0000dc540 &lt;nil&gt; &lt;nil&gt; &lt;nil&gt;}\&#34;\n2021/06/09 02:34:30 debug logging disabled\n2021/06/09 02:34:30 Initializing logging reporter\n2021/06/09 02:34:30 debug logging disabled\ntime=\&#34;2021-06-09T02:34:30Z\&#34; level=info msg=\&#34;Trying to establish connection to target: /var/lib/networkservicemesh/nsm.server.io.sock\&#34;\ntime=\&#34;2021-06-09T02:34:30Z\&#34; level=info msg=\&#34;readDialConfig insecure: false\&#34;\ntime=\&#34;2021-06-09T02:34:30Z\&#34; level=info msg=\&#34;Trying to establish connection with the spire provider at address:unix:///run/spire/sockets/agent.sock\&#34;\ntime=\&#34;2021-06-09T02:34:30Z\&#34; level=info msg=\&#34;Created the todo context:unix:///run/spire/sockets/agent.sock\&#34;\nINFO: 2021/06/09 02:34:30 [core] parsed scheme: \&#34;unix\&#34;\nINFO: 2021/06/09 02:34:30 [core] ccResolverWrapper: sending update to cc: {[{/run/spire/sockets/agent.sock  0xc0000a80a8 0 &lt;nil&gt;}] &lt;nil&gt; &lt;nil&gt;}\nINFO: 2021/06/09 02:34:30 [core] ClientConn switching balancer to \&#34;pick_first\&#34;\nINFO: 2021/06/09 02:34:30 [core] Channel switches to new LB policy \&#34;pick_first\&#34;\nINFO: 2021/06/09 02:34:30 [core] Subchannel Connectivity change to CONNECTING\nINFO: 2021/06/09 02:34:30 [core] blockingPicker: the picked transport is not ready, loop back to repick\nINFO: 2021/06/09 02:34:30 [core] pickfirstBalancer: UpdateSubConnState: 0xc0000a4f50, {CONNECTING &lt;nil&gt;}\nINFO: 2021/06/09 02:34:30 [core] Channel Connectivity change to CONNECTING\nINFO: 2021/06/09 02:34:30 [core] Subchannel picks a new address \&#34;/run/spire/sockets/agent.sock\&#34; to connect\nINFO: 2021/06/09 02:34:30 [core] Subchannel Connectivity change to READY\nINFO: 2021/06/09 02:34:30 [core] pickfirstBalancer: UpdateSubConnState: 0xc0000a4f50, {READY &lt;nil&gt;}\nINFO: 2021/06/09 02:34:30 [core] Channel Connectivity change to READY\ntime=\&#34;2021-06-09T02:34:31Z\&#34; level=info msg=\&#34;Got x509:&amp;{0xc0000ba1b0 &lt;nil&gt; {{0 0} 0 0 0 0} 0xc0000a78b0 0xc0003dd420 {{0 0} 0 0 0 0} false} &lt;nil&gt;\&#34;\ntime=\&#34;2021-06-09T02:34:31Z\&#34; level=info msg=\&#34;Started goroutine\&#34;\ntime=\&#34;2021-06-09T02:34:31Z\&#34; level=info msg=\&#34;Returning provider\&#34;\ntime=\&#34;2021-06-09T02:34:31Z\&#34; level=info msg=\&#34;func insecure: false, env insecure: false\&#34;\ntime=\&#34;2021-06-09T02:34:31Z\&#34; level=info msg=\&#34;Connecting to the workload api at:unix:///run/spire/sockets/agent.sock\&#34;\nINFO: 2021/06/09 02:34:31 [core] parsed scheme: \&#34;unix\&#34;\nINFO: 2021/06/09 02:34:31 [core] ccResolverWrapper: sending update to cc: {[{/run/spire/sockets/agent.sock  0xc0000a8170 0 &lt;nil&gt;}] &lt;nil&gt; &lt;nil&gt;}\nINFO: 2021/06/09 02:34:31 [core] ClientConn switching balancer to \&#34;pick_first\&#34;\nINFO: 2021/06/09 02:34:31 [core] Channel switches to new LB policy \&#34;pick_first\&#34;\nINFO: 2021/06/09 02:34:31 [core] Subchannel Connectivity change to CONNECTING\nINFO: 2021/06/09 02:34:31 [core] blockingPicker: the picked transport is not ready, loop back to repick\nINFO: 2021/06/09 02:34:31 [core] Subchannel picks a new address \&#34;/run/spire/sockets/agent.sock\&#34; to connect\ntime=\&#34;2021-06-09T02:34:31Z\&#34; level=info msg=\&#34;Issued identity:spiffe://test.com/nsc\&#34;\nINFO: 2021/06/09 02:34:31 [core] pickfirstBalancer: UpdateSubConnState: 0xc0003d1060, {CONNECTING &lt;nil&gt;}\nINFO: 2021/06/09 02:34:31 [core] Channel Connectivity change to CONNECTING\nINFO: 2021/06/09 02:34:31 [core] Subchannel Connectivity change to READY\nINFO: 2021/06/09 02:34:31 [core] pickfirstBalancer: UpdateSubConnState: 0xc0003d1060, {READY &lt;nil&gt;}\nINFO: 2021/06/09 02:34:31 [core] Channel Connectivity change to READY\nINFO: 2021/06/09 02:34:31 [core] Channel Connectivity change to SHUTDOWN\nINFO: 2021/06/09 02:34:31 [core] Subchannel Connectivity change to SHUTDOWN\ntime=\&#34;2021-06-09T02:34:31Z\&#34; level=info msg=\&#34;Successfully retrieve bundles:&amp;{{{0 0} 0 0 0 0} map[{test.com}:0xc0004200c0]}\&#34;\nINFO: 2021/06/09 02:34:31 [transport] transport: loopyWriter.run returning. connection error: desc = \&#34;transport is closing\&#34;\ntime=\&#34;2021-06-09T02:34:31Z\&#34; level=info msg=\&#34;defaultTrustDomain:test.com\&#34;\ntime=\&#34;2021-06-09T02:34:31Z\&#34; level=info msg=\&#34;AUTHORIZING ALL CLIENTS\&#34;\ntime=\&#34;2021-06-09T02:34:31Z\&#34; level=info msg=\&#34;Fetch tlsConfig for Trust Domain: test.com\&#34;\ntime=\&#34;2021-06-09T02:34:31Z\&#34; level=info msg=\&#34;Found 1 tlsconfigs.\&#34;\nINFO: 2021/06/09 02:34:31 [core] parsed scheme: \&#34;\&#34;\nINFO: 2021/06/09 02:34:31 [core] scheme \&#34;\&#34; not registered, fallback to default scheme\nINFO: 2021/06/09 02:34:31 [core] ccResolverWrapper: sending update to cc: {[{/var/lib/networkservicemesh/nsm.server.io.sock  &lt;nil&gt; 0 &lt;nil&gt;}] &lt;nil&gt; &lt;nil&gt;}\nINFO: 2021/06/09 02:34:31 [core] ClientConn switching balancer to \&#34;pick_first\&#34;\nINFO: 2021/06/09 02:34:31 [core] Channel switches to new LB policy \&#34;pick_first\&#34;\nINFO: 2021/06/09 02:34:31 [core] Subchannel Connectivity change to CONNECTING\nINFO: 2021/06/09 02:34:31 [core] Subchannel picks a new address \&#34;/var/lib/networkservicemesh/nsm.server.io.sock\&#34; to connect\nINFO: 2021/06/09 02:34:31 [core] pickfirstBalancer: UpdateSubConnState: 0xc000422810, {CONNECTING &lt;nil&gt;}\nINFO: 2021/06/09 02:34:31 [core] Channel Connectivity change to CONNECTING\nINFO: 2021/06/09 02:34:31 [core] Subchannel Connectivity change to READY\nINFO: 2021/06/09 02:34:31 [core] pickfirstBalancer: UpdateSubConnState: 0xc000422810, {READY &lt;nil&gt;}\nINFO: 2021/06/09 02:34:31 [core] Channel Connectivity change to READY\ntime=\&#34;2021-06-09T02:34:31Z\&#34; level=info msg=\&#34;Found the right tls certificate:&amp;{&lt;nil&gt; &lt;nil&gt; [] map[] &lt;nil&gt; 0x946a40 &lt;nil&gt; 0x946ac0 &lt;nil&gt; &lt;nil&gt; []  NoClientCert &lt;nil&gt; true [] false false [0 0 0 0 0 0 0 0 0 0 0 0 0 0 0 0 0 0 0 0 0 0 0 0 0 0 0 0 0 0 0 0] &lt;nil&gt; 0 0 [] false 0 &lt;nil&gt; {{0 0} 0 0 0 0} [] []}\&#34;\nINFO: 2021/06/09 02:34:31 [core] Channel Connectivity change to SHUTDOWN\nINFO: 2021/06/09 02:34:31 [core] Subchannel Connectivity change to SHUTDOWN\nINFO: 2021/06/09 02:34:31 [transport] transport: loopyWriter.run returning. connection error: desc = \&#34;transport is closing\&#34;\ntime=\&#34;2021-06-09T02:34:31Z\&#34; level=info msg=\&#34;Trying to establish connection using tlsConfig:&amp;{&lt;nil&gt; &lt;nil&gt; [] map[] &lt;nil&gt; 0x946a40 &lt;nil&gt; 0x946ac0 &lt;nil&gt; &lt;nil&gt; []  NoClientCert &lt;nil&gt; true [] false false [0 0 0 0 0 0 0 0 0 0 0 0 0 0 0 0 0 0 0 0 0 0 0 0 0 0 0 0 0 0 0 0] &lt;nil&gt; 0 0 [] false 0 &lt;nil&gt; {{0 0} 0 0 0 0} [] []}\&#34;\nINFO: 2021/06/09 02:34:31 [core] parsed scheme: \&#34;\&#34;\nINFO: 2021/06/09 02:34:31 [core] scheme \&#34;\&#34; not registered, fallback to default scheme\nINFO: 2021/06/09 02:34:31 [core] ccResolverWrapper: sending update to cc: {[{/var/lib/networkservicemesh/nsm.server.io.sock  &lt;nil&gt; 0 &lt;nil&gt;}] &lt;nil&gt; &lt;nil&gt;}\nINFO: 2021/06/09 02:34:31 [core] ClientConn switching balancer to \&#34;pick_first\&#34;\nINFO: 2021/06/09 02:34:31 [core] Channel switches to new LB policy \&#34;pick_first\&#34;\nINFO: 2021/06/09 02:34:31 [core] Subchannel Connectivity change to CONNECTING\nINFO: 2021/06/09 02:34:31 [core] Subchannel picks a new address \&#34;/var/lib/networkservicemesh/nsm.server.io.sock\&#34; to connect\nINFO: 2021/06/09 02:34:31 [core] pickfirstBalancer: UpdateSubConnState: 0xc0003168b0, {CONNECTING &lt;nil&gt;}\nINFO: 2021/06/09 02:34:31 [core] Channel Connectivity change to CONNECTING\nINFO: 2021/06/09 02:34:31 [core] Subchannel Connectivity change to READY\nINFO: 2021/06/09 02:34:31 [core] pickfirstBalancer: UpdateSubConnState: 0xc0003168b0, {READY &lt;nil&gt;}\nINFO: 2021/06/09 02:34:31 [core] Channel Connectivity change to READY\ntime=\&#34;2021-06-09T02:34:31Z\&#34; level=info msg=\&#34;nsm: connection to nsm server on socket: /var/lib/networkservicemesh/nsm.server.io.sock succeeded.\&#34;\ntime=\&#34;2021-06-09T02:34:31Z\&#34; level=info msg=\&#34;==----&gt; nsmClient.Connect() span:37503450fe7886e7:519ac98e34692c1a:37503450fe7886e7:1\&#34;\ntime=\&#34;2021-06-09T02:34:31Z\&#34; level=info msg=\&#34;Initiating an outgoing connection.\&#34; description=\&#34;Primary interface\&#34; destEndpointManager= destEndpointName= mechanism=KERNEL_INTERFACE mechanismName=nsm0 operation=nsmClient.Connect remoteIp= span=\&#34;37503450fe7886e7:519ac98e34692c1a:37503450fe7886e7:1\&#34;\ntime=\&#34;2021-06-09T02:34:31Z\&#34; level=info msg=\&#34;Initiating an outgoing connection.\&#34; operation=nsmClient.Connect span=\&#34;37503450fe7886e7:519ac98e34692c1a:37503450fe7886e7:1\&#34;\ntime=\&#34;2021-06-09T02:34:31Z\&#34; level=info msg=\&#34;&gt;&gt;&lt;&lt;---- Selected mechanism={\\\&#34;cls\\\&#34;:\\\&#34;LOCAL\\\&#34;,\\\&#34;type\\\&#34;:\\\&#34;KERNEL_INTERFACE\\\&#34;,\\\&#34;parameters\\\&#34;:{\\\&#34;description\\\&#34;:\\\&#34;Primary interface\\\&#34;,\\\&#34;name\\\&#34;:\\\&#34;nsm0\\\&#34;,\\\&#34;netnsInode\\\&#34;:\\\&#34;4026533544\\\&#34;,\\\&#34;socketfile\\\&#34;:\\\&#34;nsm0/memif.sock\\\&#34;}} span=37503450fe7886e7:519ac98e34692c1a:37503450fe7886e7:1\&#34;\ntime=\&#34;2021-06-09T02:34:31Z\&#34; level=info msg=\&#34;==------&gt; nsmClient.Connect.attempt:0() span:37503450fe7886e7:05d3482157aaa25f:519ac98e34692c1a:1\&#34;\ntime=\&#34;2021-06-09T02:34:31Z\&#34; level=info msg=\&#34;Requesting connection:&lt;network_service:\\\&#34;icmp-responder\\\&#34; context:&lt;ip_context:&lt;src_ip_required:true dst_ip_required:true &gt; &gt; labels:&lt;key:\\\&#34;app\\\&#34; value:\\\&#34;icmp\\\&#34; &gt; labels:&lt;key:\\\&#34;namespace\\\&#34; value:\\\&#34;default\\\&#34; &gt; labels:&lt;key:\\\&#34;podName\\\&#34; value:\\\&#34;nsc-1\\\&#34; &gt; &gt; mechanism_preferences:&lt;cls:\\\&#34;LOCAL\\\&#34; type:\\\&#34;KERNEL_INTERFACE\\\&#34; parameters:&lt;key:\\\&#34;description\\\&#34; value:\\\&#34;Primary interface\\\&#34; &gt; parameters:&lt;key:\\\&#34;name\\\&#34; value:\\\&#34;nsm0\\\&#34; &gt; parameters:&lt;key:\\\&#34;netnsInode\\\&#34; value:\\\&#34;4026533544\\\&#34; &gt; parameters:&lt;key:\\\&#34;socketfile\\\&#34; value:\\\&#34;nsm0/memif.sock\\\&#34; &gt; &gt; \&#34; operation=\&#34;nsmClient.Connect.attempt:0\&#34; span=\&#34;37503450fe7886e7:05d3482157aaa25f:519ac98e34692c1a:1\&#34;\ntime=\&#34;2021-06-09T02:34:31Z\&#34; level=info msg=\&#34;&gt;&gt;&lt;&lt;-------- /networkservice.NetworkService/Request()=\\\&#34;\\\&#34; span=37503450fe7886e7:05d3482157aaa25f:519ac98e34692c1a:1\&#34;\ntime=\&#34;2021-06-09T02:34:31Z\&#34; level=info msg=\&#34;&gt;&gt;&lt;&lt;-------- request={\\\&#34;connection\\\&#34;:{\\\&#34;network_service\\\&#34;:\\\&#34;icmp-responder\\\&#34;,\\\&#34;context\\\&#34;:{\\\&#34;ip_context\\\&#34;:{\\\&#34;src_ip_required\\\&#34;:true,\\\&#34;dst_ip_required\\\&#34;:true}},\\\&#34;labels\\\&#34;:{\\\&#34;app\\\&#34;:\\\&#34;icmp\\\&#34;,\\\&#34;namespace\\\&#34;:\\\&#34;default\\\&#34;,\\\&#34;podName\\\&#34;:\\\&#34;nsc-1\\\&#34;}},\\\&#34;mechanism_preferences\\\&#34;:[{\\\&#34;cls\\\&#34;:\\\&#34;LOCAL\\\&#34;,\\\&#34;type\\\&#34;:\\\&#34;KERNEL_INTERFACE\\\&#34;,\\\&#34;parameters\\\&#34;:{\\\&#34;description\\\&#34;:\\\&#34;Primary interface\\\&#34;,\\\&#34;name\\\&#34;:\\\&#34;nsm0\\\&#34;,\\\&#34;netnsInode\\\&#34;:\\\&#34;4026533544\\\&#34;,\\\&#34;socketfile\\\&#34;:\\\&#34;nsm0/memif.sock\\\&#34;}}]} span=37503450fe7886e7:05d3482157aaa25f:519ac98e34692c1a:1\&#34;\n2021/06/09 02:35:31 Reporting span 37503450fe7886e7:09fb4b99040c5ef6:05d3482157aaa25f:1\ntime=\&#34;2021-06-09T02:35:31Z\&#34; level=info msg=\&#34;&gt;&gt;&lt;&lt;-------- response={} span=37503450fe7886e7:05d3482157aaa25f:519ac98e34692c1a:1\&#34;\ntime=\&#34;2021-06-09T02:35:31Z\&#34; level=error msg=\&#34;&gt;&gt;&lt;&lt;------ error=rpc error: code = DeadlineExceeded desc = context deadline exceeded span=37503450fe7886e7:05d3482157aaa25f:519ac98e34692c1a:1\&#34;\ntime=\&#34;2021-06-09T02:35:31Z\&#34; level=error msg=\&#34;nsm client: Failed to connect rpc error: code = DeadlineExceeded desc = context deadline exceeded. Retry attempts: 10 Delaying: 5s\&#34; operation=\&#34;nsmClient.Connect.attempt:0\&#34; span=\&#34;37503450fe7886e7:05d3482157aaa25f:519ac98e34692c1a:1\&#34;\n2021/06/09 02:35:31 Reporting span 37503450fe7886e7:05d3482157aaa25f:519ac98e34692c1a:1\ntime=\&#34;2021-06-09T02:35:36Z\&#34; level=info msg=\&#34;==------&gt; nsmClient.Connect.attempt:1() span:37503450fe7886e7:04d1c1b19670baf2:519ac98e34692c1a:1\&#34;\ntime=\&#34;2021-06-09T02:35:36Z\&#34; level=info msg=\&#34;Requesting connection:&lt;network_service:\\\&#34;icmp-responder\\\&#34; context:&lt;ip_context:&lt;src_ip_required:true dst_ip_required:true &gt; &gt; labels:&lt;key:\\\&#34;app\\\&#34; value:\\\&#34;icmp\\\&#34; &gt; labels:&lt;key:\\\&#34;namespace\\\&#34; value:\\\&#34;default\\\&#34; &gt; labels:&lt;key:\\\&#34;podName\\\&#34; value:\\\&#34;nsc-1\\\&#34; &gt; &gt; mechanism_preferences:&lt;cls:\\\&#34;LOCAL\\\&#34; type:\\\&#34;KERNEL_INTERFACE\\\&#34; parameters:&lt;key:\\\&#34;description\\\&#34; value:\\\&#34;Primary interface\\\&#34; &gt; parameters:&lt;key:\\\&#34;name\\\&#34; value:\\\&#34;nsm0\\\&#34; &gt; parameters:&lt;key:\\\&#34;netnsInode\\\&#34; value:\\\&#34;4026533544\\\&#34; &gt; parameters:&lt;key:\\\&#34;socketfile\\\&#34; value:\\\&#34;nsm0/memif.sock\\\&#34; &gt; &gt; \&#34; operation=\&#34;nsmClient.Connect.attempt:1\&#34; span=\&#34;37503450fe7886e7:04d1c1b19670baf2:519ac98e34692c1a:1\&#34;\ntime=\&#34;2021-06-09T02:35:36Z\&#34; level=info msg=\&#34;&gt;&gt;&lt;&lt;-------- /networkservice.NetworkService/Request()=\\\&#34;\\\&#34; span=37503450fe7886e7:04d1c1b19670baf2:519ac98e34692c1a:1\&#34;\ntime=\&#34;2021-06-09T02:35:36Z\&#34; level=info msg=\&#34;&gt;&gt;&lt;&lt;-------- request={\\\&#34;connection\\\&#34;:{\\\&#34;network_service\\\&#34;:\\\&#34;icmp-responder\\\&#34;,\\\&#34;context\\\&#34;:{\\\&#34;ip_context\\\&#34;:{\\\&#34;src_ip_required\\\&#34;:true,\\\&#34;dst_ip_required\\\&#34;:true}},\\\&#34;labels\\\&#34;:{\\\&#34;app\\\&#34;:\\\&#34;icmp\\\&#34;,\\\&#34;namespace\\\&#34;:\\\&#34;default\\\&#34;,\\\&#34;podName\\\&#34;:\\\&#34;nsc-1\\\&#34;}},\\\&#34;mechanism_preferences\\\&#34;:[{\\\&#34;cls\\\&#34;:\\\&#34;LOCAL\\\&#34;,\\\&#34;type\\\&#34;:\\\&#34;KERNEL_INTERFACE\\\&#34;,\\\&#34;parameters\\\&#34;:{\\\&#34;description\\\&#34;:\\\&#34;Primary interface\\\&#34;,\\\&#34;name\\\&#34;:\\\&#34;nsm0\\\&#34;,\\\&#34;netnsInode\\\&#34;:\\\&#34;4026533544\\\&#34;,\\\&#34;socketfile\\\&#34;:\\\&#34;nsm0/memif.sock\\\&#34;}}]} span=37503450fe7886e7:04d1c1b19670baf2:519ac98e34692c1a:1\&#34;\n2021/06/09 02:36:36 Reporting span 37503450fe7886e7:768e5b18979ee8b6:04d1c1b19670baf2:1\ntime=\&#34;2021-06-09T02:36:36Z\&#34; level=info msg=\&#34;&gt;&gt;&lt;&lt;-------- response={} span=37503450fe7886e7:04d1c1b19670baf2:519ac98e34692c1a:1\&#34;\ntime=\&#34;2021-06-09T02:36:36Z\&#34; level=error msg=\&#34;&gt;&gt;&lt;&lt;------ error=rpc error: code = DeadlineExceeded desc = context deadline exceeded span=37503450fe7886e7:04d1c1b19670baf2:519ac98e34692c1a:1\&#34;\ntime=\&#34;2021-06-09T02:36:36Z\&#34; level=error msg=\&#34;nsm client: Failed to connect rpc error: code = DeadlineExceeded desc = context deadline exceeded. Retry attempts: 9 Delaying: 5s\&#34; operation=\&#34;nsmClient.Connect.attempt:1\&#34; span=\&#34;37503450fe7886e7:04d1c1b19670baf2:519ac98e34692c1a:1\&#34;\n2021/06/09 02:36:36 Reporting span 37503450fe7886e7:04d1c1b19670baf2:519ac98e34692c1a:1\ntime=\&#34;2021-06-09T02:36:41Z\&#34; level=info msg=\&#34;==------&gt; nsmClient.Connect.attempt:2() span:37503450fe7886e7:2622ce443a4db51b:519ac98e34692c1a:1\&#34;\ntime=\&#34;2021-06-09T02:36:41Z\&#34; level=info msg=\&#34;Requesting connection:&lt;network_service:\\\&#34;icmp-responder\\\&#34; context:&lt;ip_context:&lt;src_ip_required:true dst_ip_required:true &gt; &gt; labels:&lt;key:\\\&#34;app\\\&#34; value:\\\&#34;icmp\\\&#34; &gt; labels:&lt;key:\\\&#34;namespace\\\&#34; value:\\\&#34;default\\\&#34; &gt; labels:&lt;key:\\\&#34;podName\\\&#34; value:\\\&#34;nsc-1\\\&#34; &gt; &gt; mechanism_preferences:&lt;cls:\\\&#34;LOCAL\\\&#34; type:\\\&#34;KERNEL_INTERFACE\\\&#34; parameters:&lt;key:\\\&#34;description\\\&#34; value:\\\&#34;Primary interface\\\&#34; &gt; parameters:&lt;key:\\\&#34;name\\\&#34; value:\\\&#34;nsm0\\\&#34; &gt; parameters:&lt;key:\\\&#34;netnsInode\\\&#34; value:\\\&#34;4026533544\\\&#34; &gt; parameters:&lt;key:\\\&#34;socketfile\\\&#34; value:\\\&#34;nsm0/memif.sock\\\&#34; &gt; &gt; \&#34; operation=\&#34;nsmClient.Connect.attempt:2\&#34; span=\&#34;37503450fe7886e7:2622ce443a4db51b:519ac98e34692c1a:1\&#34;\ntime=\&#34;2021-06-09T02:36:41Z\&#34; level=info msg=\&#34;&gt;&gt;&lt;&lt;-------- /networkservice.NetworkService/Request()=\\\&#34;\\\&#34; span=37503450fe7886e7:2622ce443a4db51b:519ac98e34692c1a:1\&#34;\ntime=\&#34;2021-06-09T02:36:41Z\&#34; level=info msg=\&#34;&gt;&gt;&lt;&lt;-------- request={\\\&#34;connection\\\&#34;:{\\\&#34;network_service\\\&#34;:\\\&#34;icmp-responder\\\&#34;,\\\&#34;context\\\&#34;:{\\\&#34;ip_context\\\&#34;:{\\\&#34;src_ip_required\\\&#34;:true,\\\&#34;dst_ip_required\\\&#34;:true}},\\\&#34;labels\\\&#34;:{\\\&#34;app\\\&#34;:\\\&#34;icmp\\\&#34;,\\\&#34;namespace\\\&#34;:\\\&#34;default\\\&#34;,\\\&#34;podName\\\&#34;:\\\&#34;nsc-1\\\&#34;}},\\\&#34;mechanism_preferences\\\&#34;:[{\\\&#34;cls\\\&#34;:\\\&#34;LOCAL\\\&#34;,\\\&#34;type\\\&#34;:\\\&#34;KERNEL_INTERFACE\\\&#34;,\\\&#34;parameters\\\&#34;:{\\\&#34;description\\\&#34;:\\\&#34;Primary interface\\\&#34;,\\\&#34;name\\\&#34;:\\\&#34;nsm0\\\&#34;,\\\&#34;netnsInode\\\&#34;:\\\&#34;4026533544\\\&#34;,\\\&#34;socketfile\\\&#34;:\\\&#34;nsm0/memif.sock\\\&#34;}}]} span=37503450fe7886e7:2622ce443a4db51b:519ac98e34692c1a:1\&#34;\n\n\n&#34;&#xA;time=&#34;2021-06-08T19:37:30-07:00&#34; level=info msg=&#34;Pod nsc-1 event: {\&#34;metadata\&#34;:{\&#34;name\&#34;:\&#34;nsc-1.1686c9523ed37c18\&#34;,\&#34;namespace\&#34;:\&#34;nsm-system\&#34;,\&#34;selfLink\&#34;:\&#34;/api/v1/namespaces/nsm-system/events/nsc-1.1686c9523ed37c18\&#34;,\&#34;uid\&#34;:\&#34;d98787c6-1c0e-4b08-84fc-a0481b34e71b\&#34;,\&#34;resourceVersion\&#34;:\&#34;6604\&#34;,\&#34;creationTimestamp\&#34;:\&#34;2021-06-09T02:34:30Z\&#34;},\&#34;involvedObject\&#34;:{\&#34;kind\&#34;:\&#34;Pod\&#34;,\&#34;namespace\&#34;:\&#34;nsm-system\&#34;,\&#34;name\&#34;:\&#34;nsc-1\&#34;,\&#34;uid\&#34;:\&#34;7cee3573-9548-4bdb-b8c4-712e527fdb5b\&#34;,\&#34;apiVersion\&#34;:\&#34;v1\&#34;,\&#34;resourceVersion\&#34;:\&#34;6595\&#34;,\&#34;fieldPath\&#34;:\&#34;spec.initContainers{nsm-init}\&#34;},\&#34;reason\&#34;:\&#34;Started\&#34;,\&#34;message\&#34;:\&#34;Started container nsm-init\&#34;,\&#34;source\&#34;:{\&#34;component\&#34;:\&#34;kubelet\&#34;,\&#34;host\&#34;:\&#34;kind-1-worker\&#34;},\&#34;firstTimestamp\&#34;:\&#34;2021-06-09T02:34:30Z\&#34;,\&#34;lastTimestamp\&#34;:\&#34;2021-06-09T02:34:30Z\&#34;,\&#34;count\&#34;:1,\&#34;type\&#34;:\&#34;Normal\&#34;,\&#34;eventTime\&#34;:null,\&#34;reportingComponent\&#34;:\&#34;\&#34;,\&#34;reportingInstance\&#34;:\&#34;\&#34;}&#34;&#xA;time=&#34;2021-06-08T19:37:30-07:00&#34; level=info msg=&#34;Pod nsc-1 event: {\&#34;metadata\&#34;:{\&#34;name\&#34;:\&#34;nsc-1.1686c95238c6df90\&#34;,\&#34;namespace\&#34;:\&#34;nsm-system\&#34;,\&#34;selfLink\&#34;:\&#34;/api/v1/namespaces/nsm-system/events/nsc-1.1686c95238c6df90\&#34;,\&#34;uid\&#34;:\&#34;2c9581a0-b248-491d-9240-7e2e064043b3\&#34;,\&#34;resourceVersion\&#34;:\&#34;6603\&#34;,\&#34;creationTimestamp\&#34;:\&#34;2021-06-09T02:34:30Z\&#34;},\&#34;involvedObject\&#34;:{\&#34;kind\&#34;:\&#34;Pod\&#34;,\&#34;namespace\&#34;:\&#34;nsm-system\&#34;,\&#34;name\&#34;:\&#34;nsc-1\&#34;,\&#34;uid\&#34;:\&#34;7cee3573-9548-4bdb-b8c4-712e527fdb5b\&#34;,\&#34;apiVersion\&#34;:\&#34;v1\&#34;,\&#34;resourceVersion\&#34;:\&#34;6595\&#34;,\&#34;fieldPath\&#34;:\&#34;spec.initContainers{nsm-init}\&#34;},\&#34;reason\&#34;:\&#34;Created\&#34;,\&#34;message\&#34;:\&#34;Created container nsm-init\&#34;,\&#34;source\&#34;:{\&#34;component\&#34;:\&#34;kubelet\&#34;,\&#34;host\&#34;:\&#34;kind-1-worker\&#34;},\&#34;firstTimestamp\&#34;:\&#34;2021-06-09T02:34:30Z\&#34;,\&#34;lastTimestamp\&#34;:\&#34;2021-06-09T02:34:30Z\&#34;,\&#34;count\&#34;:1,\&#34;type\&#34;:\&#34;Normal\&#34;,\&#34;eventTime\&#34;:null,\&#34;reportingComponent\&#34;:\&#34;\&#34;,\&#34;reportingInstance\&#34;:\&#34;\&#34;}&#34;&#xA;time=&#34;2021-06-08T19:37:30-07:00&#34; level=info msg=&#34;Pod nsc-1 event: {\&#34;metadata\&#34;:{\&#34;name\&#34;:\&#34;nsc-1.1686c95236f9f954\&#34;,\&#34;namespace\&#34;:\&#34;nsm-system\&#34;,\&#34;selfLink\&#34;:\&#34;/api/v1/namespaces/nsm-system/events/nsc-1.1686c95236f9f954\&#34;,\&#34;uid\&#34;:\&#34;68dd7cbf-c13d-428c-8388-49a4ae86347d\&#34;,\&#34;resourceVersion\&#34;:\&#34;6602\&#34;,\&#34;creationTimestamp\&#34;:\&#34;2021-06-09T02:34:30Z\&#34;},\&#34;involvedObject\&#34;:{\&#34;kind\&#34;:\&#34;Pod\&#34;,\&#34;namespace\&#34;:\&#34;nsm-system\&#34;,\&#34;name\&#34;:\&#34;nsc-1\&#34;,\&#34;uid\&#34;:\&#34;7cee3573-9548-4bdb-b8c4-712e527fdb5b\&#34;,\&#34;apiVersion\&#34;:\&#34;v1\&#34;,\&#34;resourceVersion\&#34;:\&#34;6595\&#34;,\&#34;fieldPath\&#34;:\&#34;spec.initContainers{nsm-init}\&#34;},\&#34;reason\&#34;:\&#34;Pulled\&#34;,\&#34;message\&#34;:\&#34;Container image \\\&#34;containers.cisco.com/appn/nsm-init:vl3_latest\\\&#34; already present on machine\&#34;,\&#34;source\&#34;:{\&#34;component\&#34;:\&#34;kubelet\&#34;,\&#34;host\&#34;:\&#34;kind-1-worker\&#34;},\&#34;firstTimestamp\&#34;:\&#34;2021-06-09T02:34:30Z\&#34;,\&#34;lastTimestamp\&#34;:\&#34;2021-06-09T02:34:30Z\&#34;,\&#34;count\&#34;:1,\&#34;type\&#34;:\&#34;Normal\&#34;,\&#34;eventTime\&#34;:null,\&#34;reportingComponent\&#34;:\&#34;\&#34;,\&#34;reportingInstance\&#34;:\&#34;\&#34;}&#34;&#xA;time=&#34;2021-06-08T19:37:30-07:00&#34; level=info msg=&#34;Pod nsc-1 event: {\&#34;metadata\&#34;:{\&#34;name\&#34;:\&#34;nsc-1.1686c952167e9ce8\&#34;,\&#34;namespace\&#34;:\&#34;nsm-system\&#34;,\&#34;selfLink\&#34;:\&#34;/api/v1/namespaces/nsm-system/events/nsc-1.1686c952167e9ce8\&#34;,\&#34;uid\&#34;:\&#34;c1f0b5d6-134b-403c-b115-1bcb2b22dc91\&#34;,\&#34;resourceVersion\&#34;:\&#34;6596\&#34;,\&#34;creationTimestamp\&#34;:\&#34;2021-06-09T02:34:30Z\&#34;},\&#34;involvedObject\&#34;:{\&#34;kind\&#34;:\&#34;Pod\&#34;,\&#34;namespace\&#34;:\&#34;nsm-system\&#34;,\&#34;name\&#34;:\&#34;nsc-1\&#34;,\&#34;uid\&#34;:\&#34;7cee3573-9548-4bdb-b8c4-712e527fdb5b\&#34;,\&#34;apiVersion\&#34;:\&#34;v1\&#34;,\&#34;resourceVersion\&#34;:\&#34;6594\&#34;},\&#34;reason\&#34;:\&#34;Scheduled\&#34;,\&#34;message\&#34;:\&#34;Successfully assigned nsm-system/nsc-1 to kind-1-worker\&#34;,\&#34;source\&#34;:{\&#34;component\&#34;:\&#34;default-scheduler\&#34;},\&#34;firstTimestamp\&#34;:\&#34;2021-06-09T02:34:30Z\&#34;,\&#34;lastTimestamp\&#34;:\&#34;2021-06-09T02:34:30Z\&#34;,\&#34;count\&#34;:1,\&#34;type\&#34;:\&#34;Normal\&#34;,\&#34;eventTime\&#34;:null,\&#34;reportingComponent\&#34;:\&#34;\&#34;,\&#34;reportingInstance\&#34;:\&#34;\&#34;}&#34;&#xA;time=&#34;2021-06-08T19:37:30-07:00&#34; level=error msg=&#34;Failed to get logs from nsc-1 err: container \&#34;alpine-img\&#34; in pod \&#34;nsc-1\&#34; is waiting to start: PodInitializing&#34;&#xA;time=&#34;2021-06-08T19:37:30-07:00&#34; level=info msg=&#34;Pod nsc-1: container: alpine-img status: false: Logs: &#34;&#xA;time=&#34;2021-06-08T19:37:31-07:00&#34; level=error msg=&#34;Failed to get logs from nsc-1 err: container \&#34;nsm-monitor\&#34; in pod \&#34;nsc-1\&#34; is waiting to start: PodInitializing&#34;&#xA;time=&#34;2021-06-08T19:37:31-07:00&#34; level=info msg=&#34;Pod nsc-1: container: nsm-monitor status: false: Logs: &#34;&#xA;time=&#34;2021-06-08T19:37:31-07:00&#34; level=info msg=&#34;pod nsc-1 object:\n&gt;&gt;&gt;&gt;&gt;&gt;&gt;&gt;&gt;&gt;&gt;{\&#34;metadata\&#34;:{\&#34;name\&#34;:\&#34;nsc-1\&#34;,\&#34;namespace\&#34;:\&#34;nsm-system\&#34;,\&#34;selfLink\&#34;:\&#34;/api/v1/namespaces/nsm-system/pods/nsc-1\&#34;,\&#34;uid\&#34;:\&#34;7cee3573-9548-4bdb-b8c4-712e527fdb5b\&#34;,\&#34;resourceVersion\&#34;:\&#34;6605\&#34;,\&#34;creationTimestamp\&#34;:\&#34;2021-06-09T02:34:30Z\&#34;},\&#34;spec\&#34;:{\&#34;volumes\&#34;:[{\&#34;name\&#34;:\&#34;nsc-acc-token-9kkt6\&#34;,\&#34;secret\&#34;:{\&#34;secretName\&#34;:\&#34;nsc-acc-token-9kkt6\&#34;,\&#34;defaultMode\&#34;:420}}],\&#34;initContainers\&#34;:[{\&#34;name\&#34;:\&#34;nsm-init\&#34;,\&#34;image\&#34;:\&#34;containers.cisco.com/appn/nsm-init:vl3_latest\&#34;,\&#34;env\&#34;:[{\&#34;name\&#34;:\&#34;CLIENT_NETWORK_SERVICE\&#34;,\&#34;value\&#34;:\&#34;icmp-responder\&#34;},{\&#34;name\&#34;:\&#34;CLIENT_LABELS\&#34;,\&#34;value\&#34;:\&#34;app=icmp\&#34;}],\&#34;resources\&#34;:{\&#34;limits\&#34;:{\&#34;cpu\&#34;:\&#34;200m\&#34;,\&#34;memory\&#34;:\&#34;20Mi\&#34;,\&#34;networkservicemesh.io/socket\&#34;:\&#34;1\&#34;},\&#34;requests\&#34;:{\&#34;cpu\&#34;:\&#34;200m\&#34;,\&#34;memory\&#34;:\&#34;20Mi\&#34;,\&#34;networkservicemesh.io/socket\&#34;:\&#34;1\&#34;}},\&#34;volumeMounts\&#34;:[{\&#34;name\&#34;:\&#34;nsc-acc-token-9kkt6\&#34;,\&#34;readOnly\&#34;:true,\&#34;mountPath\&#34;:\&#34;/var/run/secrets/kubernetes.io/serviceaccount\&#34;}],\&#34;terminationMessagePath\&#34;:\&#34;/dev/termination-log\&#34;,\&#34;terminationMessagePolicy\&#34;:\&#34;File\&#34;,\&#34;imagePullPolicy\&#34;:\&#34;IfNotPresent\&#34;}],\&#34;containers\&#34;:[{\&#34;name\&#34;:\&#34;alpine-img\&#34;,\&#34;image\&#34;:\&#34;alpine:latest\&#34;,\&#34;command\&#34;:[\&#34;tail\&#34;,\&#34;-f\&#34;,\&#34;/dev/null\&#34;],\&#34;resources\&#34;:{},\&#34;volumeMounts\&#34;:[{\&#34;name\&#34;:\&#34;nsc-acc-token-9kkt6\&#34;,\&#34;readOnly\&#34;:true,\&#34;mountPath\&#34;:\&#34;/var/run/secrets/kubernetes.io/serviceaccount\&#34;}],\&#34;terminationMessagePath\&#34;:\&#34;/dev/termination-log\&#34;,\&#34;terminationMessagePolicy\&#34;:\&#34;File\&#34;,\&#34;imagePullPolicy\&#34;:\&#34;IfNotPresent\&#34;},{\&#34;name\&#34;:\&#34;nsm-monitor\&#34;,\&#34;image\&#34;:\&#34;containers.cisco.com/appn/nsm-monitor:vl3_latest\&#34;,\&#34;env\&#34;:[{\&#34;name\&#34;:\&#34;CLIENT_LABELS\&#34;,\&#34;value\&#34;:\&#34;app=icmp\&#34;},{\&#34;name\&#34;:\&#34;CLIENT_NETWORK_SERVICE\&#34;,\&#34;value\&#34;:\&#34;icmp-responder\&#34;}],\&#34;resources\&#34;:{\&#34;limits\&#34;:{\&#34;cpu\&#34;:\&#34;100m\&#34;,\&#34;memory\&#34;:\&#34;15Mi\&#34;,\&#34;networkservicemesh.io/socket\&#34;:\&#34;1\&#34;},\&#34;requests\&#34;:{\&#34;cpu\&#34;:\&#34;100m\&#34;,\&#34;memory\&#34;:\&#34;15Mi\&#34;,\&#34;networkservicemesh.io/socket\&#34;:\&#34;1\&#34;}},\&#34;volumeMounts\&#34;:[{\&#34;name\&#34;:\&#34;nsc-acc-token-9kkt6\&#34;,\&#34;readOnly\&#34;:true,\&#34;mountPath\&#34;:\&#34;/var/run/secrets/kubernetes.io/serviceaccount\&#34;}],\&#34;terminationMessagePath\&#34;:\&#34;/dev/termination-log\&#34;,\&#34;terminationMessagePolicy\&#34;:\&#34;File\&#34;,\&#34;imagePullPolicy\&#34;:\&#34;IfNotPresent\&#34;}],\&#34;restartPolicy\&#34;:\&#34;Always\&#34;,\&#34;terminationGracePeriodSeconds\&#34;:0,\&#34;dnsPolicy\&#34;:\&#34;ClusterFirst\&#34;,\&#34;nodeSelector\&#34;:{\&#34;kubernetes.io/hostname\&#34;:\&#34;kind-1-worker\&#34;},\&#34;serviceAccountName\&#34;:\&#34;nsc-acc\&#34;,\&#34;serviceAccount\&#34;:\&#34;nsc-acc\&#34;,\&#34;nodeName\&#34;:\&#34;kind-1-worker\&#34;,\&#34;securityContext\&#34;:{},\&#34;schedulerName\&#34;:\&#34;default-scheduler\&#34;,\&#34;tolerations\&#34;:[{\&#34;key\&#34;:\&#34;node.kubernetes.io/not-ready\&#34;,\&#34;operator\&#34;:\&#34;Exists\&#34;,\&#34;effect\&#34;:\&#34;NoExecute\&#34;,\&#34;tolerationSeconds\&#34;:300},{\&#34;key\&#34;:\&#34;node.kubernetes.io/unreachable\&#34;,\&#34;operator\&#34;:\&#34;Exists\&#34;,\&#34;effect\&#34;:\&#34;NoExecute\&#34;,\&#34;tolerationSeconds\&#34;:300}],\&#34;priority\&#34;:0,\&#34;enableServiceLinks\&#34;:true},\&#34;status\&#34;:{\&#34;phase\&#34;:\&#34;Pending\&#34;,\&#34;conditions\&#34;:[{\&#34;type\&#34;:\&#34;Initialized\&#34;,\&#34;status\&#34;:\&#34;False\&#34;,\&#34;lastProbeTime\&#34;:null,\&#34;lastTransitionTime\&#34;:\&#34;2021-06-09T02:34:30Z\&#34;,\&#34;reason\&#34;:\&#34;ContainersNotInitialized\&#34;,\&#34;message\&#34;:\&#34;containers with incomplete status: [nsm-init]\&#34;},{\&#34;type\&#34;:\&#34;Ready\&#34;,\&#34;status\&#34;:\&#34;False\&#34;,\&#34;lastProbeTime\&#34;:null,\&#34;lastTransitionTime\&#34;:\&#34;2021-06-09T02:34:30Z\&#34;,\&#34;reason\&#34;:\&#34;ContainersNotReady\&#34;,\&#34;message\&#34;:\&#34;containers with unready status: [alpine-img nsm-monitor]\&#34;},{\&#34;type\&#34;:\&#34;ContainersReady\&#34;,\&#34;status\&#34;:\&#34;False\&#34;,\&#34;lastProbeTime\&#34;:null,\&#34;lastTransitionTime\&#34;:\&#34;2021-06-09T02:34:30Z\&#34;,\&#34;reason\&#34;:\&#34;ContainersNotReady\&#34;,\&#34;message\&#34;:\&#34;containers with unready status: [alpine-img nsm-monitor]\&#34;},{\&#34;type\&#34;:\&#34;PodScheduled\&#34;,\&#34;status\&#34;:\&#34;True\&#34;,\&#34;lastProbeTime\&#34;:null,\&#34;lastTransitionTime\&#34;:\&#34;2021-06-09T02:34:30Z\&#34;}],\&#34;hostIP\&#34;:\&#34;172.17.0.4\&#34;,\&#34;podIP\&#34;:\&#34;10.244.2.25\&#34;,\&#34;podIPs\&#34;:[{\&#34;ip\&#34;:\&#34;10.244.2.25\&#34;}],\&#34;startTime\&#34;:\&#34;2021-06-09T02:34:30Z\&#34;,\&#34;initContainerStatuses\&#34;:[{\&#34;name\&#34;:\&#34;nsm-init\&#34;,\&#34;state\&#34;:{\&#34;running\&#34;:{\&#34;startedAt\&#34;:\&#34;2021-06-09T02:34:30Z\&#34;}},\&#34;lastState\&#34;:{},\&#34;ready\&#34;:false,\&#34;restartCount\&#34;:0,\&#34;image\&#34;:\&#34;containers.cisco.com/appn/nsm-init:vl3_latest\&#34;,\&#34;imageID\&#34;:\&#34;sha256:40c167f519ed8ff354adfed9786b94f776297b51ae257f63dd9520d8c1dc37b8\&#34;,\&#34;containerID\&#34;:\&#34;containerd://e995b78da93a4b09bd30efa71d8a3815596566e4603eb3de9d3b2484207ae13c\&#34;}],\&#34;containerStatuses\&#34;:[{\&#34;name\&#34;:\&#34;alpine-img\&#34;,\&#34;state\&#34;:{\&#34;waiting\&#34;:{\&#34;reason\&#34;:\&#34;PodInitializing\&#34;}},\&#34;lastState\&#34;:{},\&#34;ready\&#34;:false,\&#34;restartCount\&#34;:0,\&#34;image\&#34;:\&#34;alpine:latest\&#34;,\&#34;imageID\&#34;:\&#34;\&#34;,\&#34;started\&#34;:false},{\&#34;name\&#34;:\&#34;nsm-monitor\&#34;,\&#34;state\&#34;:{\&#34;waiting\&#34;:{\&#34;reason\&#34;:\&#34;PodInitializing\&#34;}},\&#34;lastState\&#34;:{},\&#34;ready\&#34;:false,\&#34;restartCount\&#34;:0,\&#34;image\&#34;:\&#34;containers.cisco.com/appn/nsm-monitor:vl3_latest\&#34;,\&#34;imageID\&#34;:\&#34;\&#34;,\&#34;started\&#34;:false}],\&#34;qosClass\&#34;:\&#34;Burstable\&#34;}}\n&lt;&lt;&lt;&lt;&lt;&lt;&lt;&lt;&lt;&lt;&#34;&#xA;time=&#34;2021-06-08T19:37:31-07:00&#34; level=error msg=&#34;Error Creating Pod: nsc-1 Failed to deploy pod&#34;&#xA;k8s.go:904:&#xA;goroutine 37 [running]:&#xA;runtime/debug.Stack(0x231a3c0, 0xc000362150, 0x30b6488)&#xA;/usr/local/go/src/runtime/debug/stack.go:24 +0x9f&#xA;github.com/networkservicemesh/networkservicemesh/test/kubetest.(*K8s).CreatePodsRaw(0xc0000c2300, 0x29e8d60800, 0xc000287c01, 0xc000287c30, 0x1, 0x1, 0x0, 0x0, 0x0, 0x0, ...)&#xA;/Users/nispatil/go/src/github.com/cisco-app-networking/nsm_publish/networkservicemesh/test/kubetest/k8s.go:904 +0x8cc&#xA;github.com/networkservicemesh/networkservicemesh/test/kubetest.(*K8s).CreatePod(0xc0000c2300, 0xc000b91400, 0x24dd280)&#xA;/Users/nispatil/go/src/github.com/cisco-app-networking/nsm_publish/networkservicemesh/test/kubetest/k8s.go:920 +0x72&#xA;github.com/networkservicemesh/networkservicemesh/test/kubetest.deployNSC(0xc0000c2300, 0xc0008df700, 0xd, 0x24bfedd, 0x5, 0x24c4319, 0x8, 0x1bf08eb000, 0xc000b91400, 0xc000287d98)&#xA;/Users/nispatil/go/src/github.com/cisco-app-networking/nsm_publish/networkservicemesh/test/kubetest/utils.go:542 +0x1c5&#xA;github.com/networkservicemesh/networkservicemesh/test/kubetest.DeployNSCMonitor(0xc0000c2300, 0xc000438c00, 0x24bfedd, 0x5, 0x1bf08eb000, 0xc000b90c00)&#xA;/Users/nispatil/go/src/github.com/cisco-app-networking/nsm_publish/networkservicemesh/test/kubetest/utils.go:409 +0x1f2&#xA;github.com/networkservicemesh/networkservicemesh/test/integration.TestDeployNSMMonitor(0xc0000a2f00)&#xA;/Users/nispatil/go/src/github.com/cisco-app-networking/nsm_publish/networkservicemesh/test/integration/basic_nsm_monitor_deploy_test.go:27 +0x305&#xA;testing.tRunner(0xc0000a2f00, 0x25771e8)&#xA;/usr/local/go/src/testing/testing.go:1123 +0xef&#xA;created by testing.(*T).Run&#xA;/usr/local/go/src/testing/testing.go:1168 +0x2b3&#xA;&#xA;Expected&#xA;&lt;int&gt;: 1&#xA;to equal&#xA;&lt;int&gt;: 0&#xA;E0608 19:37:31.754547   25625 portforward.go:409] error closing listener: close tcp4 127.0.0.1:50776: use of closed network connection&#xA;E0608 19:37:31.754565   25625 portforward.go:409] error closing listener: close tcp6 [::1]:50776: use of closed network connection&#xA;time=&#34;2021-06-08T19:37:32-07:00&#34; level=error msg=&#34;Failed to get logs from nsc-1 err: container \&#34;alpine-img\&#34; in pod \&#34;nsc-1\&#34; is waiting to start: PodInitializing&#34;&#xA;time=&#34;2021-06-08T19:37:32-07:00&#34; level=warning msg=&#34;Can not get logs for container: alpine-img, Error: container \&#34;alpine-img\&#34; in pod \&#34;nsc-1\&#34; is waiting to start: PodInitializing&#34;&#xA;time=&#34;2021-06-08T19:37:32-07:00&#34; level=error msg=&#34;Failed to get logs from icmp-responder-nse-1 err: previous terminated container \&#34;icmp-responder-nse-1\&#34; in pod \&#34;icmp-responder-nse-1\&#34; not found&#34;&#xA;time=&#34;2021-06-08T19:37:32-07:00&#34; level=warning msg=&#34;Can not get logs for container: icmp-responder-nse-1, Error: previous terminated container \&#34;icmp-responder-nse-1\&#34; in pod \&#34;icmp-responder-nse-1\&#34; not found&#34;&#xA;time=&#34;2021-06-08T19:37:32-07:00&#34; level=error msg=&#34;Failed to get logs from jaeger err: previous terminated container \&#34;jaeger\&#34; in pod \&#34;jaeger\&#34; not found&#34;&#xA;time=&#34;2021-06-08T19:37:32-07:00&#34; level=warning msg=&#34;Can not get logs for container: jaeger, Error: previous terminated container \&#34;jaeger\&#34; in pod \&#34;jaeger\&#34; not found&#34;&#xA;time=&#34;2021-06-08T19:37:33-07:00&#34; level=error msg=&#34;Failed to get logs from nsmd-forwarder-kind-1-worker err: previous terminated container \&#34;vppagent-forwarder\&#34; in pod \&#34;nsmd-forwarder-kind-1-worker\&#34; not found&#34;&#xA;time=&#34;2021-06-08T19:37:33-07:00&#34; level=warning msg=&#34;Can not get logs for container: vppagent-forwarder, Error: previous terminated container \&#34;vppagent-forwarder\&#34; in pod \&#34;nsmd-forwarder-kind-1-worker\&#34; not found&#34;&#xA;time=&#34;2021-06-08T19:37:33-07:00&#34; level=error msg=&#34;Failed to get logs from nsc-1 err: previous terminated container \&#34;alpine-img\&#34; in pod \&#34;nsc-1\&#34; not found&#34;&#xA;time=&#34;2021-06-08T19:37:33-07:00&#34; level=warning msg=&#34;Can not get logs for container: alpine-img, Error: previous terminated container \&#34;alpine-img\&#34; in pod \&#34;nsc-1\&#34; not found&#34;&#xA;time=&#34;2021-06-08T19:37:34-07:00&#34; level=error msg=&#34;Failed to get logs from nsmd-forwarder-kind-1-worker2 err: previous terminated container \&#34;vppagent-forwarder\&#34; in pod \&#34;nsmd-forwarder-kind-1-worker2\&#34; not found&#34;&#xA;time=&#34;2021-06-08T19:37:34-07:00&#34; level=warning msg=&#34;Can not get logs for container: vppagent-forwarder, Error: previous terminated container \&#34;vppagent-forwarder\&#34; in pod \&#34;nsmd-forwarder-kind-1-worker2\&#34; not found&#34;&#xA;time=&#34;2021-06-08T19:37:34-07:00&#34; level=error msg=&#34;Failed to get logs from nsc-1 err: previous terminated container \&#34;nsm-init\&#34; in pod \&#34;nsc-1\&#34; not found&#34;&#xA;time=&#34;2021-06-08T19:37:34-07:00&#34; level=warning msg=&#34;Can not get logs for container: nsm-init, Error: previous terminated container \&#34;nsm-init\&#34; in pod \&#34;nsc-1\&#34; not found&#34;&#xA;time=&#34;2021-06-08T19:37:35-07:00&#34; level=error msg=&#34;Failed to get logs from prefix-service err: previous terminated container \&#34;prefix-service\&#34; in pod \&#34;prefix-service\&#34; not found&#34;&#xA;time=&#34;2021-06-08T19:37:35-07:00&#34; level=warning msg=&#34;Can not get logs for container: prefix-service, Error: previous terminated container \&#34;prefix-service\&#34; in pod \&#34;prefix-service\&#34; not found&#34;&#xA;time=&#34;2021-06-08T19:37:36-07:00&#34; level=error msg=&#34;Failed to get logs from nsmgr-kind-1-worker err: previous terminated container \&#34;nsmdp\&#34; in pod \&#34;nsmgr-kind-1-worker\&#34; not found&#34;&#xA;time=&#34;2021-06-08T19:37:36-07:00&#34; level=warning msg=&#34;Can not get logs for container: nsmdp, Error: previous terminated container \&#34;nsmdp\&#34; in pod \&#34;nsmgr-kind-1-worker\&#34; not found&#34;&#xA;time=&#34;2021-06-08T19:37:36-07:00&#34; level=error msg=&#34;Failed to get logs from spire-proxy err: previous terminated container \&#34;spire-proxy\&#34; in pod \&#34;spire-proxy\&#34; not found&#34;&#xA;time=&#34;2021-06-08T19:37:36-07:00&#34; level=warning msg=&#34;Can not get logs for container: spire-proxy, Error: previous terminated container \&#34;spire-proxy\&#34; in pod \&#34;spire-proxy\&#34; not found&#34;&#xA;time=&#34;2021-06-08T19:37:36-07:00&#34; level=error msg=&#34;Failed to get logs from nsmgr-kind-1-worker2 err: previous terminated container \&#34;nsmdp\&#34; in pod \&#34;nsmgr-kind-1-worker2\&#34; not found&#34;&#xA;time=&#34;2021-06-08T19:37:36-07:00&#34; level=warning msg=&#34;Can not get logs for container: nsmdp, Error: previous terminated container \&#34;nsmdp\&#34; in pod \&#34;nsmgr-kind-1-worker2\&#34; not found&#34;&#xA;time=&#34;2021-06-08T19:37:36-07:00&#34; level=info msg=&#34;artifacts: [0xc00085a000 0xc000c580c0 0xc00059a040 0xc00085a180 0xc00059a9c0 0xc000c58000 0xc00059a380 0xc00059ac80 0xc00085a040 0xc00085a140 0xc000c58040 0xc000c58180 0xc000c581c0]&#34;&#xA;time=&#34;2021-06-08T19:37:36-07:00&#34; level=info msg=&#34;Deleting nsc-1&#34;&#xA;time=&#34;2021-06-08T19:37:36-07:00&#34; level=info msg=&#34;Deleting jaeger&#34;&#xA;time=&#34;2021-06-08T19:37:36-07:00&#34; level=info msg=&#34;Deleting icmp-responder-nse-1&#34;&#xA;time=&#34;2021-06-08T19:37:36-07:00&#34; level=info msg=&#34;Deleting spire-proxy&#34;&#xA;time=&#34;2021-06-08T19:37:36-07:00&#34; level=info msg=&#34;Deleting nsmgr-kind-1-worker2&#34;&#xA;time=&#34;2021-06-08T19:37:36-07:00&#34; level=info msg=&#34;Deleting nsmd-forwarder-kind-1-worker2&#34;&#xA;time=&#34;2021-06-08T19:37:36-07:00&#34; level=info msg=&#34;Deleting nsmd-forwarder-kind-1-worker&#34;&#xA;time=&#34;2021-06-08T19:37:36-07:00&#34; level=info msg=&#34;Deleting nsmgr-kind-1-worker&#34;&#xA;time=&#34;2021-06-08T19:37:36-07:00&#34; level=info msg=&#34;Deleting prefix-service&#34;&#xA;E0608 19:37:36.524942   25625 portforward.go:409] error closing listener: close tcp4 127.0.0.1:50765: use of closed network connection&#xA;E0608 19:37:36.524956   25625 portforward.go:409] error closing listener: close tcp6 [::1]:50765: use of closed network connection&#xA;I0608 19:37:37.704979   25625 request.go:621] Throttling request took 1.180124928s, request: DELETE:https://127.0.0.1:55081/api/v1/namespaces/nsm-system/pods/nsmgr-kind-1-worker2&#xA;time=&#34;2021-06-08T19:37:38-07:00&#34; level=warning msg=&#34;The POD &#39;nsc-1&#39; Deleted 2.380150369s&#34;&#xA;time=&#34;2021-06-08T19:37:39-07:00&#34; level=warning msg=&#34;The POD &#39;icmp-responder-nse-1&#39; Deleted 2.780059038s&#34;&#xA;time=&#34;2021-06-08T19:37:39-07:00&#34; level=warning msg=&#34;The POD &#39;spire-proxy&#39; Deleted 3.179842611s&#34;&#xA;time=&#34;2021-06-08T19:37:40-07:00&#34; level=warning msg=&#34;The POD &#39;nsmd-forwarder-kind-1-worker2&#39; Deleted 3.781337621s&#34;&#xA;time=&#34;2021-06-08T19:37:40-07:00&#34; level=warning msg=&#34;The POD &#39;nsmd-forwarder-kind-1-worker&#39; Deleted 3.980774394s&#34;&#xA;time=&#34;2021-06-08T19:37:40-07:00&#34; level=warning msg=&#34;The POD &#39;prefix-service&#39; Deleted 4.38057119s&#34;&#xA;time=&#34;2021-06-08T19:37:46-07:00&#34; level=warning msg=&#34;The POD &#39;nsmgr-kind-1-worker&#39; Deleted 9.583097864s&#34;&#xA;time=&#34;2021-06-08T19:37:46-07:00&#34; level=warning msg=&#34;The POD &#39;jaeger&#39; Deleted 9.781700454s&#34;&#xA;time=&#34;2021-06-08T19:37:53-07:00&#34; level=info msg=&#34;The POD nsmgr-kind-1-worker2 force deleted&#34;&#xA;time=&#34;2021-06-08T19:37:53-07:00&#34; level=warning msg=&#34;The POD &#39;nsmgr-kind-1-worker2&#39; Deleted 16.78351866s&#34;&#xA;time=&#34;2021-06-08T19:37:53-07:00&#34; level=info msg=&#34;namespace nsm-system is deleted&#34;&#xA;time=&#34;2021-06-08T19:37:53-07:00&#34; level=info msg=&#34;Cleanup time: 16.984829125s&#34;&#xA;--- FAIL: TestDeployNSMMonitor (233.45s)&#xA;FAIL&#xA;FAIL&#x9;github.com/networkservicemesh/networkservicemesh/test/integration&#x9;233.951s&#xA;FAIL&#xA;TestDeployNSMMonitor: OnFail: running on fail script operations with KUBECONFIG=/Users/nispatil/go/src/github.com/cisco-app-networking/nsm_publish/networkservicemesh/.tests/cloud_test/single-cluster/shell/kind-1/config on cloud kind-1&#xA;make -i k8s-deconfig helm-delete k8s-terminating-cleanup k8s-delete-nsm-namespaces || true&#xA;helm uninstall config --namespace nsm-system || true&#xA;WARNING: Kubernetes configuration file is group-readable. This is insecure. Location: /Users/nispatil/go/src/github.com/cisco-app-networking/nsm_publish/networkservicemesh/.tests/cloud_test/single-cluster/shell/kind-1/config&#xA;WARNING: Kubernetes configuration file is world-readable. This is insecure. Location: /Users/nispatil/go/src/github.com/cisco-app-networking/nsm_publish/networkservicemesh/.tests/cloud_test/single-cluster/shell/kind-1/config&#xA;release &#34;config&#34; uninstalled&#xA;./scripts/helm-nsm-uninstall.sh --nsm_namespace nsm-system --all&#xA;&#xA;Helm version detected: v3.3.4&#xA;Cleaning up NSM&#xA;xargs: illegal option -- -&#xA;usage: xargs [-0opt] [-E eofstr] [-I replstr [-R replacements] [-S replsize]]&#xA;[-J replstr] [-L number] [-n number [-x]] [-P maxprocs]&#xA;[-s size] [utility [argument ...]]&#xA;WARNING: Kubernetes configuration file is group-readable. This is insecure. Location: /Users/nispatil/go/src/github.com/cisco-app-networking/nsm_publish/networkservicemesh/.tests/cloud_test/single-cluster/shell/kind-1/config&#xA;WARNING: Kubernetes configuration file is world-readable. This is insecure. Location: /Users/nispatil/go/src/github.com/cisco-app-networking/nsm_publish/networkservicemesh/.tests/cloud_test/single-cluster/shell/kind-1/config&#xA;make[1]: [helm-delete] Error 1 (ignored)&#xA;xargs: illegal option -- -&#xA;usage: xargs [-0opt] [-E eofstr] [-I replstr [-R replacements] [-S replsize]]&#xA;[-J replstr] [-L number] [-n number [-x]] [-P maxprocs]&#xA;[-s size] [utility [argument ...]]&#xA;No resources found in nsm-system namespace.&#xA;make[1]: [k8s-terminating-cleanup] Error 1 (ignored)&#xA;Running delete-nsm-namespaces script&#xA;NSM_NAMESPACE=nsm-system&#xA;Checking ns: default&#xA;Checking ns: kube-node-lease&#xA;Checking ns: kube-public&#xA;Checking ns: kube-system&#xA;Checking ns: local-path-storage&#xA;Checking ns: nsm-system&#xA;Deleting ns: nsm-system&#xA;warning: Immediate deletion does not wait for confirmation that the running resource has been terminated. The resource may continue to run on the cluster indefinitely.&#xA;No resources found&#xA;namespace &#34;nsm-system&#34; deleted&#xA;Checking ns: spire&#xA;make k8s-config &amp;&amp; echo &#34;Cluster reset successfull&#34;&#xA;namespace/nsm-system created&#xA;helm --namespace nsm-system install config deployments/helm/nsm/charts/config&#xA;WARNING: Kubernetes configuration file is group-readable. This is insecure. Location: /Users/nispatil/go/src/github.com/cisco-app-networking/nsm_publish/networkservicemesh/.tests/cloud_test/single-cluster/shell/kind-1/config&#xA;WARNING: Kubernetes configuration file is world-readable. This is insecure. Location: /Users/nispatil/go/src/github.com/cisco-app-networking/nsm_publish/networkservicemesh/.tests/cloud_test/single-cluster/shell/kind-1/config&#xA;NAME: config&#xA;LAST DEPLOYED: Tue Jun  8 19:38:01 2021&#xA;NAMESPACE: nsm-system&#xA;STATUS: deployed&#xA;REVISION: 1&#xA;TEST SUITE: None&#xA;Cluster reset successfull</failure>
                  </testcase>
                  <testcase classname="" name="TestSimpleMemifConnection" time="231.412655714" cluster_instance="kind-1">
                      <failure message="Test execution failed TestSimpleMemifConnection" type="ERROR">Execution attempt: 0 Output file: .tests/cloud_test/single-cluster/kind-1/044-TestSimpleMemifConnection-run.log&#xA;Starting TestSimpleMemifConnection on kind-1&#xA;Command line go test . -test.timeout 10m0s -count 1 --run &#34;^(TestSimpleMemifConnection)$\\z&#34; --tags &#34;basic&#34; --test.v&#xA;env==[KUBECONFIG=/Users/nispatil/go/src/github.com/cisco-app-networking/nsm_publish/networkservicemesh/.tests/cloud_test/single-cluster/shell/kind-1/config ARTIFACTS_DIR=/Users/nispatil/go/src/github.com/cisco-app-networking/nsm_publish/networkservicemesh/.tests/cloud_test/single-cluster/kind-1/TestSimpleMemifConnection]&#xA;&#xA;=== RUN   TestSimpleMemifConnection&#xA;time=&#34;2021-06-08T20:31:05-07:00&#34; level=info msg=&#34;Using Kubeconfig: /Users/nispatil/go/src/github.com/cisco-app-networking/nsm_publish/networkservicemesh/.tests/cloud_test/single-cluster/shell/kind-1/config&#34;&#xA;time=&#34;2021-06-08T20:31:05-07:00&#34; level=info msg=&#34;FORWARDING_PLANE not set, using default forwarder - vpp&#34;&#xA;time=&#34;2021-06-08T20:31:05-07:00&#34; level=info msg=&#34;Creating artifact manager with config: &amp;{4 false /Users/nispatil/go/src/github.com/cisco-app-networking/nsm_publish/networkservicemesh/.tests/cloud_test/single-cluster/kind-1/TestSimpleMemifConnection}&#34;&#xA;time=&#34;2021-06-08T20:31:05-07:00&#34; level=error msg=&#34;Error during create of test namespace failed to create a namespace: namespaces \&#34;nsm-system\&#34; already exists&#34;&#xA;time=&#34;2021-06-08T20:31:05-07:00&#34; level=info msg=&#34;Checking availability of API server on 127.0.0.1&#34;&#xA;time=&#34;2021-06-08T20:31:09-07:00&#34; level=info msg=&#34;PING 127.0.0.1 (127.0.0.1): 56 data bytes\n64 bytes from 127.0.0.1: icmp_seq=0 ttl=64 time=0.041 ms\n64 bytes from 127.0.0.1: icmp_seq=1 ttl=64 time=0.071 ms\n64 bytes from 127.0.0.1: icmp_seq=2 ttl=64 time=0.062 ms\n64 bytes from 127.0.0.1: icmp_seq=3 ttl=64 time=0.086 ms\n64 bytes from 127.0.0.1: icmp_seq=4 ttl=64 time=0.061 ms\n\n--- 127.0.0.1 ping statistics ---\n5 packets transmitted, 5 packets received, 0.0%!p(MISSING)acket loss\nround-trip min/avg/max/stddev = 0.041/0.064/0.086/0.015 ms\n&#34;&#xA;time=&#34;2021-06-08T20:31:09-07:00&#34; level=info msg=&#34;USE_IPV6 not set, using default false&#34;&#xA;time=&#34;2021-06-08T20:31:09-07:00&#34; level=error msg=&#34;serviceaccounts \&#34;nsc-acc\&#34; not found&#34;&#xA;time=&#34;2021-06-08T20:31:09-07:00&#34; level=error msg=&#34;serviceaccounts \&#34;nse-acc\&#34; not found&#34;&#xA;time=&#34;2021-06-08T20:31:09-07:00&#34; level=error msg=&#34;serviceaccounts \&#34;nsmgr-acc\&#34; not found&#34;&#xA;time=&#34;2021-06-08T20:31:09-07:00&#34; level=error msg=&#34;serviceaccounts \&#34;nsmrs-acc\&#34; not found&#34;&#xA;time=&#34;2021-06-08T20:31:10-07:00&#34; level=error msg=&#34;serviceaccounts \&#34;forward-plane-acc\&#34; not found&#34;&#xA;time=&#34;2021-06-08T20:31:10-07:00&#34; level=error msg=&#34;serviceaccounts \&#34;crossconnect-monitor-acc\&#34; not found&#34;&#xA;time=&#34;2021-06-08T20:31:10-07:00&#34; level=error msg=&#34;serviceaccounts \&#34;proxy-nsmgr-acc\&#34; not found&#34;&#xA;time=&#34;2021-06-08T20:31:10-07:00&#34; level=info msg=&#34;Cleanup done: 848.676905ms&#34;&#xA;time=&#34;2021-06-08T20:31:10-07:00&#34; level=info msg=&#34;&amp;ServiceAccount{ObjectMeta:{default  nsm-system /api/v1/namespaces/nsm-system/serviceaccounts/default c27597ea-b0e6-4305-a4ce-01d9dec83dea 22000 0 2021-06-08 20:30:57 -0700 PDT &lt;nil&gt; &lt;nil&gt; map[] map[] [] []  []},Secrets:[]ObjectReference{ObjectReference{Kind:,Namespace:,Name:default-token-q2b9r,UID:,APIVersion:,ResourceVersion:,FieldPath:,},},ImagePullSecrets:[]LocalObjectReference{},AutomountServiceAccountToken:nil,}&#34;&#xA;I0608 20:31:11.596309   37992 request.go:621] Throttling request took 1.153030721s, request: POST:https://127.0.0.1:55081/api/v1/namespaces/nsm-system/serviceaccounts&#xA;time=&#34;2021-06-08T20:31:12-07:00&#34; level=info msg=&#34;&amp;ServiceAccount{ObjectMeta:{nsc-acc  nsm-system /api/v1/namespaces/nsm-system/serviceaccounts/nsc-acc a00ac570-1dc8-42c3-986a-c1542fcd624d 22065 0 2021-06-08 20:31:10 -0700 PDT &lt;nil&gt; &lt;nil&gt; map[] map[] [] []  []},Secrets:[]ObjectReference{ObjectReference{Kind:,Namespace:,Name:nsc-acc-token-fx4zx,UID:,APIVersion:,ResourceVersion:,FieldPath:,},},ImagePullSecrets:[]LocalObjectReference{},AutomountServiceAccountToken:nil,}&#34;&#xA;time=&#34;2021-06-08T20:31:12-07:00&#34; level=info msg=&#34;&amp;ServiceAccount{ObjectMeta:{crossconnect-monitor-acc  nsm-system /api/v1/namespaces/nsm-system/serviceaccounts/crossconnect-monitor-acc e56481de-6fa2-4dfa-99e8-e5f5c147f43e 22068 0 2021-06-08 20:31:11 -0700 PDT &lt;nil&gt; &lt;nil&gt; map[] map[] [] []  []},Secrets:[]ObjectReference{ObjectReference{Kind:,Namespace:,Name:crossconnect-monitor-acc-token-69tnm,UID:,APIVersion:,ResourceVersion:,FieldPath:,},},ImagePullSecrets:[]LocalObjectReference{},AutomountServiceAccountToken:nil,}&#34;&#xA;time=&#34;2021-06-08T20:31:12-07:00&#34; level=info msg=&#34;&amp;ServiceAccount{ObjectMeta:{nsmrs-acc  nsm-system /api/v1/namespaces/nsm-system/serviceaccounts/nsmrs-acc ff957350-cfbb-4ed4-bd3e-d5061fc535e5 22071 0 2021-06-08 20:31:11 -0700 PDT &lt;nil&gt; &lt;nil&gt; map[] map[] [] []  []},Secrets:[]ObjectReference{ObjectReference{Kind:,Namespace:,Name:nsmrs-acc-token-mcxdl,UID:,APIVersion:,ResourceVersion:,FieldPath:,},},ImagePullSecrets:[]LocalObjectReference{},AutomountServiceAccountToken:nil,}&#34;&#xA;time=&#34;2021-06-08T20:31:12-07:00&#34; level=info msg=&#34;&amp;ServiceAccount{ObjectMeta:{nsmgr-acc  nsm-system /api/v1/namespaces/nsm-system/serviceaccounts/nsmgr-acc a7287c50-fb05-472e-bc78-8d743d63d4f9 22074 0 2021-06-08 20:31:11 -0700 PDT &lt;nil&gt; &lt;nil&gt; map[] map[] [] []  []},Secrets:[]ObjectReference{ObjectReference{Kind:,Namespace:,Name:nsmgr-acc-token-rpbfd,UID:,APIVersion:,ResourceVersion:,FieldPath:,},},ImagePullSecrets:[]LocalObjectReference{},AutomountServiceAccountToken:nil,}&#34;&#xA;time=&#34;2021-06-08T20:31:12-07:00&#34; level=info msg=&#34;&amp;ServiceAccount{ObjectMeta:{proxy-nsmgr-acc  nsm-system /api/v1/namespaces/nsm-system/serviceaccounts/proxy-nsmgr-acc d13cca08-c3c3-4567-bead-b2d7907d052e 22077 0 2021-06-08 20:31:11 -0700 PDT &lt;nil&gt; &lt;nil&gt; map[] map[] [] []  []},Secrets:[]ObjectReference{ObjectReference{Kind:,Namespace:,Name:proxy-nsmgr-acc-token-f65vp,UID:,APIVersion:,ResourceVersion:,FieldPath:,},},ImagePullSecrets:[]LocalObjectReference{},AutomountServiceAccountToken:nil,}&#34;&#xA;time=&#34;2021-06-08T20:31:13-07:00&#34; level=info msg=&#34;&amp;ServiceAccount{ObjectMeta:{forward-plane-acc  nsm-system /api/v1/namespaces/nsm-system/serviceaccounts/forward-plane-acc 0e47d4b7-b0cc-4084-b5bf-59baed6d3ffb 22080 0 2021-06-08 20:31:11 -0700 PDT &lt;nil&gt; &lt;nil&gt; map[] map[] [] []  []},Secrets:[]ObjectReference{ObjectReference{Kind:,Namespace:,Name:forward-plane-acc-token-frx2s,UID:,APIVersion:,ResourceVersion:,FieldPath:,},},ImagePullSecrets:[]LocalObjectReference{},AutomountServiceAccountToken:nil,}&#34;&#xA;time=&#34;2021-06-08T20:31:13-07:00&#34; level=info msg=&#34;&amp;ServiceAccount{ObjectMeta:{nse-acc  nsm-system /api/v1/namespaces/nsm-system/serviceaccounts/nse-acc e4756533-41d3-4822-bf06-53d97a62e4d7 22083 0 2021-06-08 20:31:12 -0700 PDT &lt;nil&gt; &lt;nil&gt; map[] map[] [] []  []},Secrets:[]ObjectReference{ObjectReference{Kind:,Namespace:,Name:nse-acc-token-bltqw,UID:,APIVersion:,ResourceVersion:,FieldPath:,},},ImagePullSecrets:[]LocalObjectReference{},AutomountServiceAccountToken:nil,}&#34;&#xA;time=&#34;2021-06-08T20:31:13-07:00&#34; level=info msg=&#34;Creating ConfigMap &#39;nsm-config&#39; in namespace&#39;nsm-system&#39;...&#34;&#xA;time=&#34;2021-06-08T20:31:13-07:00&#34; level=info msg=&#34;Using image: containers.cisco.com/appn/prefix-service:vl3_latest&#34;&#xA;time=&#34;2021-06-08T20:31:13-07:00&#34; level=info msg=&#34;Using image: containers.cisco.com/appn/test-common:vl3_latest&#34;&#xA;time=&#34;2021-06-08T20:31:13-07:00&#34; level=info msg=&#34;role is created: &amp;ClusterRoleBinding{ObjectMeta:{nsm-role-binding      0 0001-01-01 00:00:00 +0000 UTC &lt;nil&gt; &lt;nil&gt; map[] map[] [] []  []},Subjects:[]Subject{Subject{Kind:ServiceAccount,APIGroup:,Name:nsmgr-acc,Namespace:nsm-system,},Subject{Kind:ServiceAccount,APIGroup:,Name:proxy-nsmgr-acc,Namespace:nsm-system,},Subject{Kind:ServiceAccount,APIGroup:,Name:crossconnect-monitor-acc,Namespace:nsm-system,},},RoleRef:RoleRef{APIGroup:rbac.authorization.k8s.io,Kind:ClusterRole,Name:nsm-role,},}&#34;&#xA;time=&#34;2021-06-08T20:31:13-07:00&#34; level=info msg=&#34;role is created: &amp;ClusterRole{ObjectMeta:{aggregate-network-services-view  nsm-system    0 0001-01-01 00:00:00 +0000 UTC &lt;nil&gt; &lt;nil&gt; map[rbac.authorization.k8s.io/aggregate-to-view:true] map[] [] []  []},Rules:[]PolicyRule{PolicyRule{Verbs:[get list watch],APIGroups:[networkservicemesh.io],Resources:[networkservices],ResourceNames:[],NonResourceURLs:[],},},AggregationRule:nil,}&#34;&#xA;time=&#34;2021-06-08T20:31:13-07:00&#34; level=info msg=&#34;role is created: &amp;ClusterRole{ObjectMeta:{nsm-role  nsm-system    0 0001-01-01 00:00:00 +0000 UTC &lt;nil&gt; &lt;nil&gt; map[rbac.authorization.k8s.io/aggregate-to-admin:true rbac.authorization.k8s.io/aggregate-to-edit:true] map[] [] []  []},Rules:[]PolicyRule{PolicyRule{Verbs:[*],APIGroups:[networkservicemesh.io],Resources:[networkservices networkserviceendpoints networkservicemanagers],ResourceNames:[],NonResourceURLs:[],},PolicyRule{Verbs:[*],APIGroups:[apiextensions.k8s.io],Resources:[customresourcedefinitions],ResourceNames:[],NonResourceURLs:[],},PolicyRule{Verbs:[get update],APIGroups:[],Resources:[configmaps],ResourceNames:[],NonResourceURLs:[],},PolicyRule{Verbs:[get list watch],APIGroups:[],Resources:[nodes services namespaces],ResourceNames:[],NonResourceURLs:[],},},AggregationRule:nil,}&#34;&#xA;time=&#34;2021-06-08T20:31:17-07:00&#34; level=info msg=&#34;Trying to establish connection with the spire provider at address:tcp://127.0.0.1:52801&#34;&#xA;time=&#34;2021-06-08T20:31:17-07:00&#34; level=info msg=&#34;Created the todo context:tcp://127.0.0.1:52801&#34;&#xA;time=&#34;2021-06-08T20:31:17-07:00&#34; level=info msg=&#34;Got x509:&amp;{0xc000619320 &lt;nil&gt; {{0 0} 0 0 0 0} 0xc000113590 0xc0002daee0 {{0 0} 0 0 0 0} false} &lt;nil&gt;&#34;&#xA;time=&#34;2021-06-08T20:31:17-07:00&#34; level=info msg=&#34;Started goroutine&#34;&#xA;time=&#34;2021-06-08T20:31:17-07:00&#34; level=info msg=&#34;Returning provider&#34;&#xA;time=&#34;2021-06-08T20:31:17-07:00&#34; level=info msg=&#34;Issued identity:spiffe://test.com/nsmgr&#34;&#xA;time=&#34;2021-06-08T20:31:17-07:00&#34; level=info msg=&#34;Checking node: kind-1-control-plane&#34;&#xA;time=&#34;2021-06-08T20:31:17-07:00&#34; level=info msg=&#34;Checking node: kind-1-worker&#34;&#xA;time=&#34;2021-06-08T20:31:17-07:00&#34; level=info msg=&#34;Checking node: kind-1-worker2&#34;&#xA;time=&#34;2021-06-08T20:31:17-07:00&#34; level=info msg=&#34;Using image: jaegertracing/all-in-one:1.14.0&#34;&#xA;time=&#34;2021-06-08T20:31:20-07:00&#34; level=info msg=&#34;getting logs without container jaeger=none&#34;&#xA;time=&#34;2021-06-08T20:31:20-07:00&#34; level=info msg=&#34;Using image: containers.cisco.com/appn/nsmdp:vl3_latest&#34;&#xA;time=&#34;2021-06-08T20:31:20-07:00&#34; level=info msg=&#34;Using image: containers.cisco.com/appn/nsmd:vl3_latest&#34;&#xA;time=&#34;2021-06-08T20:31:20-07:00&#34; level=info msg=&#34;Using image: containers.cisco.com/appn/nsmd-k8s:vl3_latest&#34;&#xA;time=&#34;2021-06-08T20:31:20-07:00&#34; level=info msg=&#34;Using image: containers.cisco.com/appn/vppagent-forwarder:vl3_latest&#34;&#xA;time=&#34;2021-06-08T20:31:31-07:00&#34; level=info msg=&#34;Started NSMgr/Forwarder: 10.856849686s on node kind-1-worker&#34;&#xA;time=&#34;2021-06-08T20:31:31-07:00&#34; level=info msg=&#34;Using image: containers.cisco.com/appn/test-common:vl3_latest&#34;&#xA;time=&#34;2021-06-08T20:31:31-07:00&#34; level=info msg=&#34;Starting ICMP Responder NSE on node: kind-1-worker &#34;&#xA;time=&#34;2021-06-08T20:34:31-07:00&#34; level=error msg=&#34;createAndBlock with pods: icmp-responder Timeout in waitTimeout&#34;&#xA;time=&#34;2021-06-08T20:34:31-07:00&#34; level=error msg=&#34;Failed to deploy pod, trying to get any information&#34;&#xA;time=&#34;2021-06-08T20:34:31-07:00&#34; level=info msg=&#34;Pod container information: icmp-responder&#34;&#xA;time=&#34;2021-06-08T20:34:31-07:00&#34; level=info msg=&#34;Pod icmp-responder: container: icmp-responder-nse status: false: Logs: /bin/sh: /bin/test-common: not found\n\n\n\n\n\n\n\n&#34;&#xA;time=&#34;2021-06-08T20:34:31-07:00&#34; level=info msg=&#34;pod icmp-responder object:\n&gt;&gt;&gt;&gt;&gt;&gt;&gt;&gt;&gt;&gt;&gt;{\&#34;metadata\&#34;:{\&#34;name\&#34;:\&#34;icmp-responder\&#34;,\&#34;namespace\&#34;:\&#34;nsm-system\&#34;,\&#34;selfLink\&#34;:\&#34;/api/v1/namespaces/nsm-system/pods/icmp-responder\&#34;,\&#34;uid\&#34;:\&#34;df37738e-c03a-49f9-a2a5-f84dfad1b179\&#34;,\&#34;resourceVersion\&#34;:\&#34;22561\&#34;,\&#34;creationTimestamp\&#34;:\&#34;2021-06-09T03:31:31Z\&#34;},\&#34;spec\&#34;:{\&#34;volumes\&#34;:[{\&#34;name\&#34;:\&#34;nse-acc-token-bltqw\&#34;,\&#34;secret\&#34;:{\&#34;secretName\&#34;:\&#34;nse-acc-token-bltqw\&#34;,\&#34;defaultMode\&#34;:420}}],\&#34;containers\&#34;:[{\&#34;name\&#34;:\&#34;icmp-responder-nse\&#34;,\&#34;image\&#34;:\&#34;containers.cisco.com/appn/test-common:vl3_latest\&#34;,\&#34;env\&#34;:[{\&#34;name\&#34;:\&#34;TEST_APPLICATION\&#34;,\&#34;value\&#34;:\&#34;vppagent-icmp-responder-nse\&#34;},{\&#34;name\&#34;:\&#34;ENDPOINT_NETWORK_SERVICE\&#34;,\&#34;value\&#34;:\&#34;icmp-responder\&#34;},{\&#34;name\&#34;:\&#34;ENDPOINT_LABELS\&#34;,\&#34;value\&#34;:\&#34;app=icmp\&#34;},{\&#34;name\&#34;:\&#34;IP_ADDRESS\&#34;,\&#34;value\&#34;:\&#34;172.16.1.0/24\&#34;}],\&#34;resources\&#34;:{\&#34;limits\&#34;:{\&#34;networkservicemesh.io/socket\&#34;:\&#34;1\&#34;},\&#34;requests\&#34;:{\&#34;networkservicemesh.io/socket\&#34;:\&#34;1\&#34;}},\&#34;volumeMounts\&#34;:[{\&#34;name\&#34;:\&#34;nse-acc-token-bltqw\&#34;,\&#34;readOnly\&#34;:true,\&#34;mountPath\&#34;:\&#34;/var/run/secrets/kubernetes.io/serviceaccount\&#34;}],\&#34;terminationMessagePath\&#34;:\&#34;/dev/termination-log\&#34;,\&#34;terminationMessagePolicy\&#34;:\&#34;File\&#34;,\&#34;imagePullPolicy\&#34;:\&#34;IfNotPresent\&#34;}],\&#34;restartPolicy\&#34;:\&#34;Always\&#34;,\&#34;terminationGracePeriodSeconds\&#34;:0,\&#34;dnsPolicy\&#34;:\&#34;ClusterFirst\&#34;,\&#34;nodeSelector\&#34;:{\&#34;kubernetes.io/hostname\&#34;:\&#34;kind-1-worker\&#34;},\&#34;serviceAccountName\&#34;:\&#34;nse-acc\&#34;,\&#34;serviceAccount\&#34;:\&#34;nse-acc\&#34;,\&#34;nodeName\&#34;:\&#34;kind-1-worker\&#34;,\&#34;securityContext\&#34;:{},\&#34;schedulerName\&#34;:\&#34;default-scheduler\&#34;,\&#34;tolerations\&#34;:[{\&#34;key\&#34;:\&#34;node.kubernetes.io/not-ready\&#34;,\&#34;operator\&#34;:\&#34;Exists\&#34;,\&#34;effect\&#34;:\&#34;NoExecute\&#34;,\&#34;tolerationSeconds\&#34;:300},{\&#34;key\&#34;:\&#34;node.kubernetes.io/unreachable\&#34;,\&#34;operator\&#34;:\&#34;Exists\&#34;,\&#34;effect\&#34;:\&#34;NoExecute\&#34;,\&#34;tolerationSeconds\&#34;:300}],\&#34;priority\&#34;:0,\&#34;enableServiceLinks\&#34;:true},\&#34;status\&#34;:{\&#34;phase\&#34;:\&#34;Running\&#34;,\&#34;conditions\&#34;:[{\&#34;type\&#34;:\&#34;Initialized\&#34;,\&#34;status\&#34;:\&#34;True\&#34;,\&#34;lastProbeTime\&#34;:null,\&#34;lastTransitionTime\&#34;:\&#34;2021-06-09T03:31:34Z\&#34;},{\&#34;type\&#34;:\&#34;Ready\&#34;,\&#34;status\&#34;:\&#34;False\&#34;,\&#34;lastProbeTime\&#34;:null,\&#34;lastTransitionTime\&#34;:\&#34;2021-06-09T03:31:34Z\&#34;,\&#34;reason\&#34;:\&#34;ContainersNotReady\&#34;,\&#34;message\&#34;:\&#34;containers with unready status: [icmp-responder-nse]\&#34;},{\&#34;type\&#34;:\&#34;ContainersReady\&#34;,\&#34;status\&#34;:\&#34;False\&#34;,\&#34;lastProbeTime\&#34;:null,\&#34;lastTransitionTime\&#34;:\&#34;2021-06-09T03:31:34Z\&#34;,\&#34;reason\&#34;:\&#34;ContainersNotReady\&#34;,\&#34;message\&#34;:\&#34;containers with unready status: [icmp-responder-nse]\&#34;},{\&#34;type\&#34;:\&#34;PodScheduled\&#34;,\&#34;status\&#34;:\&#34;True\&#34;,\&#34;lastProbeTime\&#34;:null,\&#34;lastTransitionTime\&#34;:\&#34;2021-06-09T03:31:34Z\&#34;}],\&#34;hostIP\&#34;:\&#34;172.17.0.4\&#34;,\&#34;podIP\&#34;:\&#34;10.244.2.86\&#34;,\&#34;podIPs\&#34;:[{\&#34;ip\&#34;:\&#34;10.244.2.86\&#34;}],\&#34;startTime\&#34;:\&#34;2021-06-09T03:31:34Z\&#34;,\&#34;containerStatuses\&#34;:[{\&#34;name\&#34;:\&#34;icmp-responder-nse\&#34;,\&#34;state\&#34;:{\&#34;waiting\&#34;:{\&#34;reason\&#34;:\&#34;CrashLoopBackOff\&#34;,\&#34;message\&#34;:\&#34;back-off 1m20s restarting failed container=icmp-responder-nse pod=icmp-responder_nsm-system(df37738e-c03a-49f9-a2a5-f84dfad1b179)\&#34;}},\&#34;lastState\&#34;:{\&#34;terminated\&#34;:{\&#34;exitCode\&#34;:127,\&#34;reason\&#34;:\&#34;Error\&#34;,\&#34;startedAt\&#34;:\&#34;2021-06-09T03:33:12Z\&#34;,\&#34;finishedAt\&#34;:\&#34;2021-06-09T03:33:12Z\&#34;,\&#34;containerID\&#34;:\&#34;containerd://ebd86e489c60b9d0595689789d52bf6fe70766d19f0e1bfd518841d9eed579fc\&#34;}},\&#34;ready\&#34;:false,\&#34;restartCount\&#34;:4,\&#34;image\&#34;:\&#34;containers.cisco.com/appn/test-common:vl3_latest\&#34;,\&#34;imageID\&#34;:\&#34;sha256:a54dea95b34be00b0177934e91a9e6b62f6cee035fbb5cbfb2c6f27c03f4b110\&#34;,\&#34;containerID\&#34;:\&#34;containerd://ebd86e489c60b9d0595689789d52bf6fe70766d19f0e1bfd518841d9eed579fc\&#34;,\&#34;started\&#34;:false}],\&#34;qosClass\&#34;:\&#34;BestEffort\&#34;}}\n&lt;&lt;&lt;&lt;&lt;&lt;&lt;&lt;&lt;&lt;&#34;&#xA;time=&#34;2021-06-08T20:34:31-07:00&#34; level=error msg=&#34;Error Creating Pod: icmp-responder Failed to deploy pod&#34;&#xA;k8s.go:904:&#xA;goroutine 34 [running]:&#xA;runtime/debug.Stack(0x231a3c0, 0xc0009e6ee0, 0x30b6488)&#xA;/usr/local/go/src/runtime/debug/stack.go:24 +0x9f&#xA;github.com/networkservicemesh/networkservicemesh/test/kubetest.(*K8s).CreatePodsRaw(0xc00034e300, 0x29e8d60800, 0xc000023a01, 0xc00086bad0, 0x1, 0x1, 0x0, 0x0, 0x0, 0x0, ...)&#xA;/Users/nispatil/go/src/github.com/cisco-app-networking/nsm_publish/networkservicemesh/test/kubetest/k8s.go:904 +0x8cc&#xA;github.com/networkservicemesh/networkservicemesh/test/kubetest.(*K8s).CreatePod(0xc00034e300, 0xc000af0000, 0x24f0af3)&#xA;/Users/nispatil/go/src/github.com/cisco-app-networking/nsm_publish/networkservicemesh/test/kubetest/k8s.go:920 +0x72&#xA;github.com/networkservicemesh/networkservicemesh/test/kubetest.deployICMP(0xc00034e300, 0xc000587df0, 0xd, 0x24cbc22, 0xe, 0x1bf08eb000, 0xc000af0000, 0xc00008ac40)&#xA;/Users/nispatil/go/src/github.com/cisco-app-networking/nsm_publish/networkservicemesh/test/kubetest/utils.go:513 +0x105&#xA;github.com/networkservicemesh/networkservicemesh/test/kubetest.DeployVppAgentICMP(0xc00034e300, 0xc0008d6600, 0x24cbc22, 0xe, 0x1bf08eb000, 0x0)&#xA;/Users/nispatil/go/src/github.com/cisco-app-networking/nsm_publish/networkservicemesh/test/kubetest/vpp_utils.go:19 +0x293&#xA;github.com/networkservicemesh/networkservicemesh/test/integration.TestSimpleMemifConnection(0xc000102780)&#xA;/Users/nispatil/go/src/github.com/cisco-app-networking/nsm_publish/networkservicemesh/test/integration/basic_memif_test.go:30 +0x2ee&#xA;testing.tRunner(0xc000102780, 0x25772d8)&#xA;/usr/local/go/src/testing/testing.go:1123 +0xef&#xA;created by testing.(*T).Run&#xA;/usr/local/go/src/testing/testing.go:1168 +0x2b3&#xA;&#xA;Expected&#xA;&lt;int&gt;: 1&#xA;to equal&#xA;&lt;int&gt;: 0&#xA;E0608 20:34:31.406074   37992 portforward.go:409] error closing listener: close tcp4 127.0.0.1:52815: use of closed network connection&#xA;E0608 20:34:31.406134   37992 portforward.go:409] error closing listener: close tcp6 [::1]:52815: use of closed network connection&#xA;time=&#34;2021-06-08T20:34:31-07:00&#34; level=error msg=&#34;Failed to get logs from jaeger err: previous terminated container \&#34;jaeger\&#34; in pod \&#34;jaeger\&#34; not found&#34;&#xA;time=&#34;2021-06-08T20:34:31-07:00&#34; level=warning msg=&#34;Can not get logs for container: jaeger, Error: previous terminated container \&#34;jaeger\&#34; in pod \&#34;jaeger\&#34; not found&#34;&#xA;time=&#34;2021-06-08T20:34:31-07:00&#34; level=error msg=&#34;Failed to get logs from nsmd-forwarder-kind-1-worker err: previous terminated container \&#34;vppagent-forwarder\&#34; in pod \&#34;nsmd-forwarder-kind-1-worker\&#34; not found&#34;&#xA;time=&#34;2021-06-08T20:34:31-07:00&#34; level=warning msg=&#34;Can not get logs for container: vppagent-forwarder, Error: previous terminated container \&#34;vppagent-forwarder\&#34; in pod \&#34;nsmd-forwarder-kind-1-worker\&#34; not found&#34;&#xA;time=&#34;2021-06-08T20:34:32-07:00&#34; level=error msg=&#34;Failed to get logs from prefix-service err: previous terminated container \&#34;prefix-service\&#34; in pod \&#34;prefix-service\&#34; not found&#34;&#xA;time=&#34;2021-06-08T20:34:32-07:00&#34; level=warning msg=&#34;Can not get logs for container: prefix-service, Error: previous terminated container \&#34;prefix-service\&#34; in pod \&#34;prefix-service\&#34; not found&#34;&#xA;time=&#34;2021-06-08T20:34:32-07:00&#34; level=error msg=&#34;Failed to get logs from spire-proxy err: previous terminated container \&#34;spire-proxy\&#34; in pod \&#34;spire-proxy\&#34; not found&#34;&#xA;time=&#34;2021-06-08T20:34:32-07:00&#34; level=warning msg=&#34;Can not get logs for container: spire-proxy, Error: previous terminated container \&#34;spire-proxy\&#34; in pod \&#34;spire-proxy\&#34; not found&#34;&#xA;time=&#34;2021-06-08T20:34:33-07:00&#34; level=error msg=&#34;Failed to get logs from nsmgr-kind-1-worker err: previous terminated container \&#34;nsmdp\&#34; in pod \&#34;nsmgr-kind-1-worker\&#34; not found&#34;&#xA;time=&#34;2021-06-08T20:34:33-07:00&#34; level=warning msg=&#34;Can not get logs for container: nsmdp, Error: previous terminated container \&#34;nsmdp\&#34; in pod \&#34;nsmgr-kind-1-worker\&#34; not found&#34;&#xA;time=&#34;2021-06-08T20:34:33-07:00&#34; level=info msg=&#34;artifacts: [0xc00058cd80 0xc00058ce80 0xc000baeb00 0xc00057c640 0xc00042c080 0xc00058c640 0xc000bae0c0 0xc000bae1c0 0xc0007b01c0]&#34;&#xA;time=&#34;2021-06-08T20:34:33-07:00&#34; level=info msg=&#34;Deleting icmp-responder&#34;&#xA;time=&#34;2021-06-08T20:34:33-07:00&#34; level=info msg=&#34;Deleting spire-proxy&#34;&#xA;time=&#34;2021-06-08T20:34:33-07:00&#34; level=info msg=&#34;Deleting prefix-service&#34;&#xA;time=&#34;2021-06-08T20:34:33-07:00&#34; level=info msg=&#34;Deleting jaeger&#34;&#xA;time=&#34;2021-06-08T20:34:33-07:00&#34; level=info msg=&#34;Deleting nsmgr-kind-1-worker&#34;&#xA;E0608 20:34:33.095229   37992 portforward.go:409] error closing listener: close tcp4 127.0.0.1:52801: use of closed network connection&#xA;time=&#34;2021-06-08T20:34:33-07:00&#34; level=info msg=&#34;Deleting nsmd-forwarder-kind-1-worker&#34;&#xA;E0608 20:34:33.095243   37992 portforward.go:409] error closing listener: close tcp6 [::1]:52801: use of closed network connection&#xA;I0608 20:34:34.283617   37992 request.go:621] Throttling request took 1.188325082s, request: DELETE:https://127.0.0.1:55081/api/v1/namespaces/nsm-system/pods/jaeger&#xA;time=&#34;2021-06-08T20:34:35-07:00&#34; level=warning msg=&#34;The POD &#39;icmp-responder&#39; Deleted 2.193107836s&#34;&#xA;time=&#34;2021-06-08T20:34:35-07:00&#34; level=warning msg=&#34;The POD &#39;spire-proxy&#39; Deleted 2.592894141s&#34;&#xA;time=&#34;2021-06-08T20:34:35-07:00&#34; level=warning msg=&#34;The POD &#39;prefix-service&#39; Deleted 2.790328525s&#34;&#xA;time=&#34;2021-06-08T20:34:36-07:00&#34; level=warning msg=&#34;The POD &#39;nsmd-forwarder-kind-1-worker&#39; Deleted 3.392335375s&#34;&#xA;time=&#34;2021-06-08T20:34:42-07:00&#34; level=warning msg=&#34;The POD &#39;nsmgr-kind-1-worker&#39; Deleted 8.993716186s&#34;&#xA;time=&#34;2021-06-08T20:34:42-07:00&#34; level=warning msg=&#34;The POD &#39;jaeger&#39; Deleted 9.192497829s&#34;&#xA;time=&#34;2021-06-08T20:34:42-07:00&#34; level=info msg=&#34;namespace nsm-system is deleted&#34;&#xA;time=&#34;2021-06-08T20:34:42-07:00&#34; level=info msg=&#34;Cleanup time: 9.396708517s&#34;&#xA;--- FAIL: TestSimpleMemifConnection (216.93s)&#xA;FAIL&#xA;FAIL&#x9;github.com/networkservicemesh/networkservicemesh/test/integration&#x9;217.459s&#xA;FAIL&#xA;TestSimpleMemifConnection: OnFail: running on fail script operations with KUBECONFIG=/Users/nispatil/go/src/github.com/cisco-app-networking/nsm_publish/networkservicemesh/.tests/cloud_test/single-cluster/shell/kind-1/config on cloud kind-1&#xA;make -i k8s-deconfig helm-delete k8s-terminating-cleanup k8s-delete-nsm-namespaces || true&#xA;helm uninstall config --namespace nsm-system || true&#xA;WARNING: Kubernetes configuration file is group-readable. This is insecure. Location: /Users/nispatil/go/src/github.com/cisco-app-networking/nsm_publish/networkservicemesh/.tests/cloud_test/single-cluster/shell/kind-1/config&#xA;WARNING: Kubernetes configuration file is world-readable. This is insecure. Location: /Users/nispatil/go/src/github.com/cisco-app-networking/nsm_publish/networkservicemesh/.tests/cloud_test/single-cluster/shell/kind-1/config&#xA;release &#34;config&#34; uninstalled&#xA;./scripts/helm-nsm-uninstall.sh --nsm_namespace nsm-system --all&#xA;&#xA;Helm version detected: v3.3.4&#xA;Cleaning up NSM&#xA;xargs: illegal option -- -&#xA;usage: xargs [-0opt] [-E eofstr] [-I replstr [-R replacements] [-S replsize]]&#xA;[-J replstr] [-L number] [-n number [-x]] [-P maxprocs]&#xA;[-s size] [utility [argument ...]]&#xA;WARNING: Kubernetes configuration file is group-readable. This is insecure. Location: /Users/nispatil/go/src/github.com/cisco-app-networking/nsm_publish/networkservicemesh/.tests/cloud_test/single-cluster/shell/kind-1/config&#xA;WARNING: Kubernetes configuration file is world-readable. This is insecure. Location: /Users/nispatil/go/src/github.com/cisco-app-networking/nsm_publish/networkservicemesh/.tests/cloud_test/single-cluster/shell/kind-1/config&#xA;make[1]: [helm-delete] Error 1 (ignored)&#xA;xargs: illegal option -- -&#xA;usage: xargs [-0opt] [-E eofstr] [-I replstr [-R replacements] [-S replsize]]&#xA;[-J replstr] [-L number] [-n number [-x]] [-P maxprocs]&#xA;[-s size] [utility [argument ...]]&#xA;No resources found in nsm-system namespace.&#xA;make[1]: [k8s-terminating-cleanup] Error 1 (ignored)&#xA;Running delete-nsm-namespaces script&#xA;NSM_NAMESPACE=nsm-system&#xA;Checking ns: default&#xA;Checking ns: kube-node-lease&#xA;Checking ns: kube-public&#xA;Checking ns: kube-system&#xA;Checking ns: local-path-storage&#xA;Checking ns: nsm-system&#xA;Deleting ns: nsm-system&#xA;warning: Immediate deletion does not wait for confirmation that the running resource has been terminated. The resource may continue to run on the cluster indefinitely.&#xA;No resources found&#xA;namespace &#34;nsm-system&#34; deleted&#xA;Checking ns: spire&#xA;make k8s-config &amp;&amp; echo &#34;Cluster reset successfull&#34;&#xA;namespace/nsm-system created&#xA;helm --namespace nsm-system install config deployments/helm/nsm/charts/config&#xA;WARNING: Kubernetes configuration file is group-readable. This is insecure. Location: /Users/nispatil/go/src/github.com/cisco-app-networking/nsm_publish/networkservicemesh/.tests/cloud_test/single-cluster/shell/kind-1/config&#xA;WARNING: Kubernetes configuration file is world-readable. This is insecure. Location: /Users/nispatil/go/src/github.com/cisco-app-networking/nsm_publish/networkservicemesh/.tests/cloud_test/single-cluster/shell/kind-1/config&#xA;NAME: config&#xA;LAST DEPLOYED: Tue Jun  8 20:34:51 2021&#xA;NAMESPACE: nsm-system&#xA;STATUS: deployed&#xA;REVISION: 1&#xA;TEST SUITE: None&#xA;Cluster reset successfull</failure>
                  </testcase>
                  <testcase classname="" name="TestNSMDDRegistryNSE" time="42.826172915" cluster_instance="kind-1"></testcase>
                  <testcase classname="" name="TestRegistryConcurrentModification" time="67.743912693" cluster_instance="kind-1"></testcase>
                  <testcase classname="" name="TestForwarderCrossConnectUpdate" time="171.371101098" cluster_instance="kind-1">
                      <failure message="Test execution failed TestForwarderCrossConnectUpdate" type="ERROR">Execution attempt: 0 Output file: .tests/cloud_test/single-cluster/kind-1/012-TestForwarderCrossConnectUpdate-run.log&#xA;Starting TestForwarderCrossConnectUpdate on kind-1&#xA;Command line go test . -test.timeout 10m0s -count 1 --run &#34;^(TestForwarderCrossConnectUpdate)$\\z&#34; --tags &#34;basic&#34; --test.v&#xA;env==[KUBECONFIG=/Users/nispatil/go/src/github.com/cisco-app-networking/nsm_publish/networkservicemesh/.tests/cloud_test/single-cluster/shell/kind-1/config ARTIFACTS_DIR=/Users/nispatil/go/src/github.com/cisco-app-networking/nsm_publish/networkservicemesh/.tests/cloud_test/single-cluster/kind-1/TestForwarderCrossConnectUpdate]&#xA;&#xA;=== RUN   TestForwarderCrossConnectUpdate&#xA;time=&#34;2021-06-08T19:27:07-07:00&#34; level=info msg=&#34;Using Kubeconfig: /Users/nispatil/go/src/github.com/cisco-app-networking/nsm_publish/networkservicemesh/.tests/cloud_test/single-cluster/shell/kind-1/config&#34;&#xA;time=&#34;2021-06-08T19:27:07-07:00&#34; level=info msg=&#34;FORWARDING_PLANE not set, using default forwarder - vpp&#34;&#xA;time=&#34;2021-06-08T19:27:07-07:00&#34; level=info msg=&#34;Creating artifact manager with config: &amp;{4 false /Users/nispatil/go/src/github.com/cisco-app-networking/nsm_publish/networkservicemesh/.tests/cloud_test/single-cluster/kind-1/TestForwarderCrossConnectUpdate}&#34;&#xA;time=&#34;2021-06-08T19:27:07-07:00&#34; level=error msg=&#34;Error during create of test namespace failed to create a namespace: object is being deleted: namespaces \&#34;nsm-system\&#34; already exists&#34;&#xA;time=&#34;2021-06-08T19:27:07-07:00&#34; level=info msg=&#34;Checking availability of API server on 127.0.0.1&#34;&#xA;time=&#34;2021-06-08T19:27:11-07:00&#34; level=info msg=&#34;PING 127.0.0.1 (127.0.0.1): 56 data bytes\n64 bytes from 127.0.0.1: icmp_seq=0 ttl=64 time=0.039 ms\n64 bytes from 127.0.0.1: icmp_seq=1 ttl=64 time=0.084 ms\n64 bytes from 127.0.0.1: icmp_seq=2 ttl=64 time=0.065 ms\n64 bytes from 127.0.0.1: icmp_seq=3 ttl=64 time=0.103 ms\n64 bytes from 127.0.0.1: icmp_seq=4 ttl=64 time=0.073 ms\n\n--- 127.0.0.1 ping statistics ---\n5 packets transmitted, 5 packets received, 0.0%!p(MISSING)acket loss\nround-trip min/avg/max/stddev = 0.039/0.073/0.103/0.021 ms\n&#34;&#xA;time=&#34;2021-06-08T19:27:11-07:00&#34; level=info msg=&#34;Will try to create namespace again after 20 seconds&#34;&#xA;time=&#34;2021-06-08T19:27:31-07:00&#34; level=info msg=&#34;namespace nsm-system is created&#34;&#xA;time=&#34;2021-06-08T19:27:31-07:00&#34; level=info msg=&#34;USE_IPV6 not set, using default false&#34;&#xA;time=&#34;2021-06-08T19:27:32-07:00&#34; level=error msg=&#34;serviceaccounts \&#34;nsc-acc\&#34; not found&#34;&#xA;time=&#34;2021-06-08T19:27:32-07:00&#34; level=error msg=&#34;serviceaccounts \&#34;nse-acc\&#34; not found&#34;&#xA;time=&#34;2021-06-08T19:27:32-07:00&#34; level=error msg=&#34;serviceaccounts \&#34;nsmgr-acc\&#34; not found&#34;&#xA;time=&#34;2021-06-08T19:27:32-07:00&#34; level=error msg=&#34;serviceaccounts \&#34;nsmrs-acc\&#34; not found&#34;&#xA;time=&#34;2021-06-08T19:27:32-07:00&#34; level=error msg=&#34;serviceaccounts \&#34;forward-plane-acc\&#34; not found&#34;&#xA;time=&#34;2021-06-08T19:27:32-07:00&#34; level=error msg=&#34;serviceaccounts \&#34;crossconnect-monitor-acc\&#34; not found&#34;&#xA;time=&#34;2021-06-08T19:27:32-07:00&#34; level=error msg=&#34;serviceaccounts \&#34;proxy-nsmgr-acc\&#34; not found&#34;&#xA;time=&#34;2021-06-08T19:27:32-07:00&#34; level=info msg=&#34;Cleanup done: 813.727765ms&#34;&#xA;time=&#34;2021-06-08T19:27:32-07:00&#34; level=info msg=&#34;&amp;ServiceAccount{ObjectMeta:{default  nsm-system /api/v1/namespaces/nsm-system/serviceaccounts/default f87bfe89-b039-4da4-b9b3-949ff3a0d446 4786 0 2021-06-08 19:27:31 -0700 PDT &lt;nil&gt; &lt;nil&gt; map[] map[] [] []  []},Secrets:[]ObjectReference{ObjectReference{Kind:,Namespace:,Name:default-token-n46l7,UID:,APIVersion:,ResourceVersion:,FieldPath:,},},ImagePullSecrets:[]LocalObjectReference{},AutomountServiceAccountToken:nil,}&#34;&#xA;I0608 19:27:33.961418   23981 request.go:621] Throttling request took 1.175438891s, request: POST:https://127.0.0.1:55081/api/v1/namespaces/nsm-system/serviceaccounts&#xA;time=&#34;2021-06-08T19:27:34-07:00&#34; level=info msg=&#34;&amp;ServiceAccount{ObjectMeta:{nsmrs-acc  nsm-system /api/v1/namespaces/nsm-system/serviceaccounts/nsmrs-acc dd732b32-fb09-497e-a05d-c828138ab04c 4795 0 2021-06-08 19:27:33 -0700 PDT &lt;nil&gt; &lt;nil&gt; map[] map[] [] []  []},Secrets:[]ObjectReference{ObjectReference{Kind:,Namespace:,Name:nsmrs-acc-token-d9b2t,UID:,APIVersion:,ResourceVersion:,FieldPath:,},},ImagePullSecrets:[]LocalObjectReference{},AutomountServiceAccountToken:nil,}&#34;&#xA;time=&#34;2021-06-08T19:27:34-07:00&#34; level=info msg=&#34;&amp;ServiceAccount{ObjectMeta:{forward-plane-acc  nsm-system /api/v1/namespaces/nsm-system/serviceaccounts/forward-plane-acc fe2992f7-f364-4331-ae2d-5ff44a248675 4798 0 2021-06-08 19:27:33 -0700 PDT &lt;nil&gt; &lt;nil&gt; map[] map[] [] []  []},Secrets:[]ObjectReference{ObjectReference{Kind:,Namespace:,Name:forward-plane-acc-token-dv64r,UID:,APIVersion:,ResourceVersion:,FieldPath:,},},ImagePullSecrets:[]LocalObjectReference{},AutomountServiceAccountToken:nil,}&#34;&#xA;time=&#34;2021-06-08T19:27:34-07:00&#34; level=info msg=&#34;&amp;ServiceAccount{ObjectMeta:{nsc-acc  nsm-system /api/v1/namespaces/nsm-system/serviceaccounts/nsc-acc 7b8768f3-f62b-4d16-ac10-ba60634f6188 4801 0 2021-06-08 19:27:33 -0700 PDT &lt;nil&gt; &lt;nil&gt; map[] map[] [] []  []},Secrets:[]ObjectReference{ObjectReference{Kind:,Namespace:,Name:nsc-acc-token-j9bpf,UID:,APIVersion:,ResourceVersion:,FieldPath:,},},ImagePullSecrets:[]LocalObjectReference{},AutomountServiceAccountToken:nil,}&#34;&#xA;time=&#34;2021-06-08T19:27:35-07:00&#34; level=info msg=&#34;&amp;ServiceAccount{ObjectMeta:{crossconnect-monitor-acc  nsm-system /api/v1/namespaces/nsm-system/serviceaccounts/crossconnect-monitor-acc 45c2e069-8741-4ef4-81d1-0d810588459e 4804 0 2021-06-08 19:27:33 -0700 PDT &lt;nil&gt; &lt;nil&gt; map[] map[] [] []  []},Secrets:[]ObjectReference{ObjectReference{Kind:,Namespace:,Name:crossconnect-monitor-acc-token-4wb42,UID:,APIVersion:,ResourceVersion:,FieldPath:,},},ImagePullSecrets:[]LocalObjectReference{},AutomountServiceAccountToken:nil,}&#34;&#xA;time=&#34;2021-06-08T19:27:35-07:00&#34; level=info msg=&#34;&amp;ServiceAccount{ObjectMeta:{nse-acc  nsm-system /api/v1/namespaces/nsm-system/serviceaccounts/nse-acc a8afe968-7e5f-41a5-af7d-4dc4d3cd38df 4807 0 2021-06-08 19:27:33 -0700 PDT &lt;nil&gt; &lt;nil&gt; map[] map[] [] []  []},Secrets:[]ObjectReference{ObjectReference{Kind:,Namespace:,Name:nse-acc-token-88fjw,UID:,APIVersion:,ResourceVersion:,FieldPath:,},},ImagePullSecrets:[]LocalObjectReference{},AutomountServiceAccountToken:nil,}&#34;&#xA;time=&#34;2021-06-08T19:27:35-07:00&#34; level=info msg=&#34;&amp;ServiceAccount{ObjectMeta:{nsmgr-acc  nsm-system /api/v1/namespaces/nsm-system/serviceaccounts/nsmgr-acc 10bc17d5-b07c-4974-aa4a-15789166a0bd 4810 0 2021-06-08 19:27:34 -0700 PDT &lt;nil&gt; &lt;nil&gt; map[] map[] [] []  []},Secrets:[]ObjectReference{ObjectReference{Kind:,Namespace:,Name:nsmgr-acc-token-c78th,UID:,APIVersion:,ResourceVersion:,FieldPath:,},},ImagePullSecrets:[]LocalObjectReference{},AutomountServiceAccountToken:nil,}&#34;&#xA;time=&#34;2021-06-08T19:27:35-07:00&#34; level=info msg=&#34;&amp;ServiceAccount{ObjectMeta:{proxy-nsmgr-acc  nsm-system /api/v1/namespaces/nsm-system/serviceaccounts/proxy-nsmgr-acc 10913f8f-cdd6-440b-a037-08e4501e8341 4816 0 2021-06-08 19:27:34 -0700 PDT &lt;nil&gt; &lt;nil&gt; map[] map[] [] []  []},Secrets:[]ObjectReference{ObjectReference{Kind:,Namespace:,Name:proxy-nsmgr-acc-token-pgb7l,UID:,APIVersion:,ResourceVersion:,FieldPath:,},},ImagePullSecrets:[]LocalObjectReference{},AutomountServiceAccountToken:nil,}&#34;&#xA;time=&#34;2021-06-08T19:27:35-07:00&#34; level=info msg=&#34;Creating ConfigMap &#39;nsm-config&#39; in namespace&#39;nsm-system&#39;...&#34;&#xA;time=&#34;2021-06-08T19:27:35-07:00&#34; level=info msg=&#34;Using image: containers.cisco.com/appn/prefix-service:vl3_latest&#34;&#xA;time=&#34;2021-06-08T19:27:35-07:00&#34; level=info msg=&#34;Using image: containers.cisco.com/appn/test-common:vl3_latest&#34;&#xA;time=&#34;2021-06-08T19:27:35-07:00&#34; level=info msg=&#34;role is created: &amp;ClusterRole{ObjectMeta:{aggregate-network-services-view  nsm-system    0 0001-01-01 00:00:00 +0000 UTC &lt;nil&gt; &lt;nil&gt; map[rbac.authorization.k8s.io/aggregate-to-view:true] map[] [] []  []},Rules:[]PolicyRule{PolicyRule{Verbs:[get list watch],APIGroups:[networkservicemesh.io],Resources:[networkservices],ResourceNames:[],NonResourceURLs:[],},},AggregationRule:nil,}&#34;&#xA;time=&#34;2021-06-08T19:27:35-07:00&#34; level=info msg=&#34;role is created: &amp;ClusterRole{ObjectMeta:{nsm-role  nsm-system    0 0001-01-01 00:00:00 +0000 UTC &lt;nil&gt; &lt;nil&gt; map[rbac.authorization.k8s.io/aggregate-to-admin:true rbac.authorization.k8s.io/aggregate-to-edit:true] map[] [] []  []},Rules:[]PolicyRule{PolicyRule{Verbs:[*],APIGroups:[networkservicemesh.io],Resources:[networkservices networkserviceendpoints networkservicemanagers],ResourceNames:[],NonResourceURLs:[],},PolicyRule{Verbs:[*],APIGroups:[apiextensions.k8s.io],Resources:[customresourcedefinitions],ResourceNames:[],NonResourceURLs:[],},PolicyRule{Verbs:[get update],APIGroups:[],Resources:[configmaps],ResourceNames:[],NonResourceURLs:[],},PolicyRule{Verbs:[get list watch],APIGroups:[],Resources:[nodes services namespaces],ResourceNames:[],NonResourceURLs:[],},},AggregationRule:nil,}&#34;&#xA;time=&#34;2021-06-08T19:27:35-07:00&#34; level=info msg=&#34;role is created: &amp;ClusterRoleBinding{ObjectMeta:{nsm-role-binding      0 0001-01-01 00:00:00 +0000 UTC &lt;nil&gt; &lt;nil&gt; map[] map[] [] []  []},Subjects:[]Subject{Subject{Kind:ServiceAccount,APIGroup:,Name:nsmgr-acc,Namespace:nsm-system,},Subject{Kind:ServiceAccount,APIGroup:,Name:proxy-nsmgr-acc,Namespace:nsm-system,},Subject{Kind:ServiceAccount,APIGroup:,Name:crossconnect-monitor-acc,Namespace:nsm-system,},},RoleRef:RoleRef{APIGroup:rbac.authorization.k8s.io,Kind:ClusterRole,Name:nsm-role,},}&#34;&#xA;time=&#34;2021-06-08T19:27:38-07:00&#34; level=info msg=&#34;Trying to establish connection with the spire provider at address:tcp://127.0.0.1:50626&#34;&#xA;time=&#34;2021-06-08T19:27:38-07:00&#34; level=info msg=&#34;Created the todo context:tcp://127.0.0.1:50626&#34;&#xA;time=&#34;2021-06-08T19:27:39-07:00&#34; level=info msg=&#34;Got x509:&amp;{0xc0003ac240 &lt;nil&gt; {{0 0} 0 0 0 0} 0xc00003ddb0 0xc000377020 {{0 0} 0 0 0 0} false} &lt;nil&gt;&#34;&#xA;time=&#34;2021-06-08T19:27:39-07:00&#34; level=info msg=&#34;Started goroutine&#34;&#xA;time=&#34;2021-06-08T19:27:39-07:00&#34; level=info msg=&#34;Returning provider&#34;&#xA;time=&#34;2021-06-08T19:27:39-07:00&#34; level=info msg=&#34;Issued identity:spiffe://test.com/nsmgr&#34;&#xA;time=&#34;2021-06-08T19:27:39-07:00&#34; level=info msg=&#34;Checking node: kind-1-control-plane&#34;&#xA;time=&#34;2021-06-08T19:27:39-07:00&#34; level=info msg=&#34;Checking node: kind-1-worker&#34;&#xA;time=&#34;2021-06-08T19:27:39-07:00&#34; level=info msg=&#34;Checking node: kind-1-worker2&#34;&#xA;time=&#34;2021-06-08T19:27:39-07:00&#34; level=info msg=&#34;Using image: containers.cisco.com/appn/vppagent-forwarder:vl3_latest&#34;&#xA;time=&#34;2021-06-08T19:27:41-07:00&#34; level=info msg=&#34;getting logs without container vppagent-forwarder=none&#34;&#xA;time=&#34;2021-06-08T19:27:41-07:00&#34; level=info msg=&#34;Using image: alpine:latest&#34;&#xA;time=&#34;2021-06-08T19:27:42-07:00&#34; level=info msg=&#34;Using image: alpine:latest&#34;&#xA;time=&#34;2021-06-08T19:27:45-07:00&#34; level=info msg=&#34;Forwarded port: pod=nsmd-forwarder-kind-1-worker, remote=9500 local=50629\n&#34;&#xA;time=&#34;2021-06-08T19:27:45-07:00&#34; level=info msg=&#34;Trying to establish connection to target: localhost:50629&#34;&#xA;time=&#34;2021-06-08T19:27:45-07:00&#34; level=info msg=&#34;func insecure: false, env insecure: false&#34;&#xA;time=&#34;2021-06-08T19:27:45-07:00&#34; level=info msg=&#34;Connecting to the workload api at:tcp://127.0.0.1:50626&#34;&#xA;time=&#34;2021-06-08T19:27:45-07:00&#34; level=info msg=&#34;Successfully retrieve bundles:&amp;{{{0 0} 0 0 0 0} map[{test.com}:0xc000367000]}&#34;&#xA;time=&#34;2021-06-08T19:27:45-07:00&#34; level=info msg=&#34;defaultTrustDomain:test.com&#34;&#xA;time=&#34;2021-06-08T19:27:45-07:00&#34; level=info msg=&#34;AUTHORIZING ALL CLIENTS&#34;&#xA;time=&#34;2021-06-08T19:27:45-07:00&#34; level=info msg=&#34;Fetch tlsConfig for Trust Domain: test.com&#34;&#xA;time=&#34;2021-06-08T19:27:45-07:00&#34; level=info msg=&#34;Found 1 tlsconfigs.&#34;&#xA;time=&#34;2021-06-08T19:27:45-07:00&#34; level=info msg=&#34;Found the right tls certificate:&amp;{&lt;nil&gt; &lt;nil&gt; [] map[] &lt;nil&gt; 0x1a28f80 &lt;nil&gt; 0x1a29000 &lt;nil&gt; &lt;nil&gt; []  NoClientCert &lt;nil&gt; true [] false false [0 0 0 0 0 0 0 0 0 0 0 0 0 0 0 0 0 0 0 0 0 0 0 0 0 0 0 0 0 0 0 0] &lt;nil&gt; 0 0 [] false 0 &lt;nil&gt; {{0 0} 0 0 0 0} [] []}&#34;&#xA;time=&#34;2021-06-08T19:27:45-07:00&#34; level=info msg=&#34;Trying to establish connection using tlsConfig:&amp;{&lt;nil&gt; &lt;nil&gt; [] map[] &lt;nil&gt; 0x1a28f80 &lt;nil&gt; 0x1a29000 &lt;nil&gt; &lt;nil&gt; []  NoClientCert &lt;nil&gt; true [] false false [0 0 0 0 0 0 0 0 0 0 0 0 0 0 0 0 0 0 0 0 0 0 0 0 0 0 0 0 0 0 0 0] &lt;nil&gt; 0 0 [] false 0 &lt;nil&gt; {{0 0} 0 0 0 0} [] []}&#34;&#xA;time=&#34;2021-06-08T19:27:45-07:00&#34; level=info msg=&#34;Executing: [readlink /proc/self/ns/net] in pod source-pod-kind-1-worker:alpine-img&#34;&#xA;time=&#34;2021-06-08T19:27:45-07:00&#34; level=info msg=&#34;Executing: [readlink /proc/self/ns/net] in pod dest-pod-kind-1-worker:alpine-img&#34;&#xA;basic_forwarder_standalone_test.go:201:&#xA;Expected&#xA;&lt;*status.Error | 0xc0005f6018&gt;: {&#xA;e: {&#xA;state: {&#xA;NoUnkeyedLiterals: {},&#xA;DoNotCompare: [],&#xA;DoNotCopy: [],&#xA;atomicMessageInfo: {&#xA;GoReflectType: {size: 0x8, ptrdata: 0x8, hash: 2058361438, tflag: 9, align: 8, fieldAlign: 8, kind: 54, equal: 0x10051e0, gcdata: 1, str: 110736, ptrToThis: 0},&#xA;Desc: {&#xA;Base: {&#xA;L0: {&#xA;FullName: &#34;google.rpc.Status&#34;,&#xA;ParentFile: {&#xA;fileRaw: {&#xA;builder: {GoPackagePath: ..., RawDescriptor: ..., NumEnums: ..., NumMessages: ..., NumExtensions: ..., NumServices: ..., TypeResolver: ..., FileRegistry: ...},&#xA;allEnums: [],&#xA;allMessages: [...],&#xA;allExtensions: [],&#xA;allServices: [],&#xA;},&#xA;L1: {&#xA;Syntax: 3,&#xA;Path: &#34;google/rpc/status.proto&#34;,&#xA;Package: &#34;google.rpc&#34;,&#xA;Enums: {List: ..., once: ..., byName: ...},&#xA;Messages: {List: ..., once: ..., byName: ...},&#xA;Extensions: {List: ..., once: ..., byName: ...},&#xA;Services: {List: ..., once: ..., byName: ...},&#xA;},&#xA;once: 1,&#xA;mu: {state: 0, sema: 0},&#xA;L2: {&#xA;Options: 0x18d14e0,&#xA;Imports: [...],&#xA;Locations: {List: ...},&#xA;},&#xA;},&#xA;Parent: {&#xA;fileRaw: {&#xA;builder: {GoPackagePath: ..., RawDescriptor: ..., NumEnums: ..., NumMessages: ..., NumExtensions: ..., NumServices: ..., TypeResolver: ..., FileRegistry: ...},&#xA;allEnums: [],&#xA;allMessages: [...],&#xA;allExtensions: [],&#xA;allServices: [],&#xA;},&#xA;L1: {&#xA;Syntax: 3,&#xA;Path: &#34;google/rpc/status.proto&#34;,&#xA;Package: &#34;google.rpc&#34;,&#xA;Enums: {List: ..., once: ..., byName: ...},&#xA;Messages: {List: ..., once: ..., byName: ...},&#xA;Extensions: {List: ..., once: ..., byName: ...},&#xA;Services: {List: ..., once: ..., byName: ...},&#xA;},&#xA;once: 1,&#xA;mu: {state: 0, sema: 0},&#xA;L2: {&#xA;Options: 0x18d14e0,&#xA;Imports: [...],&#xA;Locations: {List: ...},&#xA;},&#xA;},&#xA;Index: 0,&#xA;},&#xA;},&#xA;L1: {&#xA;Enums: {&#xA;List: nil,&#xA;once: {&#xA;done: 0,&#xA;m: {state: 0, sema: 0},&#xA;},&#xA;byName: nil,&#xA;},&#xA;Messages: {&#xA;List: nil,&#xA;once: {&#xA;done: 0,&#xA;m: {state: 0, sema: 0},&#xA;},&#xA;byName: nil,&#xA;},&#xA;Extensions: {&#xA;List: nil,&#xA;once: {&#xA;done: 0,&#xA;m: {state: 0, sema: 0},&#xA;},&#xA;byName: nil,&#xA;},&#xA;IsMapEntry: false,&#xA;IsMessageSet: false,&#xA;},&#xA;L2: {&#xA;Options: nil,&#xA;Fields: {&#xA;List: [&#xA;{&#xA;Base: {L0: ...},&#xA;L1: {&#xA;Options: ...,&#xA;Number: ...,&#xA;Cardinality: ...,&#xA;Kind: ...,&#xA;JSONName: ...,&#xA;IsProto3Optional: ...,&#xA;IsWeak: ...,&#xA;HasPacked: ...,&#xA;IsPacked: ...,&#xA;HasEnforceUTF8: ...,&#xA;EnforceUTF8: ...,&#xA;Default: ...,&#xA;ContainingOneof: ...,&#xA;Enum: ...,&#xA;Message: ...,&#xA;},&#xA;},&#xA;{&#xA;Base: {L0: ...},&#xA;L1: {&#xA;Options: ...,&#xA;Number: ...,&#xA;Cardinality: ...,&#xA;Kind: ...,&#xA;JSONName: ...,&#xA;IsProto3Optional: ...,&#xA;IsWeak: ...,&#xA;HasPacked: ...,&#xA;IsPacked: ...,&#xA;HasEnforceUTF8: ...,&#xA;EnforceUTF8: ...,&#xA;Default: ...,&#xA;ContainingOneof: ...,&#xA;Enum: ...,&#xA;Message: ...,&#xA;},&#xA;},&#xA;{&#xA;Base: {L0: ...},&#xA;L1: {&#xA;Options: ...,&#xA;Number: ...,&#xA;Cardinality: ...,&#xA;Kind: ...,&#xA;JSONName: ...,&#xA;IsProto3Optional: ...,&#xA;IsWeak: ...,&#xA;HasPacked: ...,&#xA;IsPacked: ...,&#xA;HasEnforceUTF8: ...,&#xA;EnforceUTF8: ...,&#xA;Default: ...,&#xA;ContainingOneof: ...,&#xA;Enum: ...,&#xA;Message: ...,&#xA;},&#xA;},&#xA;],&#xA;once: {&#xA;done: 0,&#xA;m: {state: 0, sema: 0},&#xA;},&#xA;byName: nil,&#xA;byJSON: nil,&#xA;byNum: nil,&#xA;},&#xA;Oneofs: {&#xA;List: [],&#xA;once: {&#xA;done: 0,&#xA;m: {state: 0, sema: 0},&#xA;},&#xA;byName: nil,&#xA;},&#xA;ReservedNames: {&#xA;List: nil,&#xA;once: {&#xA;done: 0,&#xA;m: {state: 0, sema: 0},&#xA;},&#xA;has: nil,&#xA;},&#xA;ReservedRanges: {&#xA;List: nil,&#xA;once: {&#xA;done: 0,&#xA;m: {state: 0, sema: 0},&#xA;},&#xA;sorted: nil,&#xA;},&#xA;RequiredNumbers: {&#xA;List: nil,&#xA;once: {&#xA;done: 0,&#xA;m: {state: 0, sema: 0},&#xA;},&#xA;has: nil,&#xA;},&#xA;ExtensionRanges: {&#xA;List: nil,&#xA;once: {&#xA;done: 0,&#xA;m: {state: 0, sema: 0},&#xA;},&#xA;sorted: nil,&#xA;},&#xA;ExtensionRangeOptions: nil,&#xA;},&#xA;},&#xA;Exporter: nil,&#xA;OneofWrappers: nil,&#xA;initMu: {state: 0, sema: 0},&#xA;initDone: 1,&#xA;reflectMessageInfo: {&#xA;fields: {&#xA;1: {&#xA;fieldDesc: {&#xA;Base: {&#xA;L0: {FullName: ..., ParentFile: ..., Parent: ..., Index: ...},&#xA;},&#xA;L1: {&#xA;Options: nil,&#xA;Number: 1,&#xA;Cardinality: 1,&#xA;Kind: 5,&#xA;JSONName: {has: ..., once: ..., name: ...},&#xA;IsProto3Optional: false,&#xA;IsWeak: false,&#xA;HasPacked: false,&#xA;IsPacked: false,&#xA;HasEnforceUTF8: false,&#xA;EnforceUTF8: false,&#xA;Default: {has: ..., val: ..., enum: ..., bytes: ...},&#xA;ContainingOneof: nil,&#xA;Enum: nil,&#xA;Message: nil,&#xA;},&#xA;},&#xA;has: 0x1936d20,&#xA;clear: 0x1937160,&#xA;get: 0x19372a0,&#xA;set: 0x1937520,&#xA;mutable: nil,&#xA;newMessage: nil,&#xA;newField: 0x19378c0,&#xA;},&#xA;2: {&#xA;fieldDesc: {&#xA;Base: {&#xA;L0: {FullName: ..., ParentFile: ..., Parent: ..., Index: ...},&#xA;},&#xA;L1: {&#xA;Options: nil,&#xA;Number: 2,&#xA;Cardinality: 1,&#xA;Kind: 9,&#xA;JSONName: {has: ..., once: ..., name: ...},&#xA;IsProto3Optional: false,&#xA;IsWeak: false,&#xA;HasPacked: false,&#xA;IsPacked: false,&#xA;HasEnforceUTF8: false,&#xA;EnforceUTF8: false,&#xA;Default: {has: ..., val: ..., enum: ..., bytes: ...},&#xA;ContainingOneof: nil,&#xA;Enum: nil,&#xA;Message: nil,&#xA;},&#xA;},&#xA;has: 0x1936d20,&#xA;clear: 0x1937160,&#xA;get: 0x19372a0,&#xA;set: 0x1937520,&#xA;mutable: nil,&#xA;newMessage: nil,&#xA;newField: 0x19378c0,&#xA;},&#xA;3: {&#xA;fieldDesc: {&#xA;Base: {&#xA;L0: {FullName: ..., ParentFile: ..., Parent: ..., Index: ...},&#xA;},&#xA;L1: {&#xA;Options: nil,&#xA;Number: 3,&#xA;Cardinality: 3,&#xA;Kind: 11,&#xA;JSONName: {has: ..., once: ..., name: ...},&#xA;IsProto3Optional: false,&#xA;IsWeak: false,&#xA;HasPacked: false,&#xA;IsPacked: false,&#xA;HasEnforceUTF8: false,&#xA;EnforceUTF8: false,&#xA;Default: {has: ..., val: ..., enum: ..., bytes: ...},&#xA;ContainingOneof: nil,&#xA;Enum: nil,&#xA;Message: {Base: ..., L1: ..., L2: ...},&#xA;},&#xA;},&#xA;has: 0x1936500,&#xA;clear: 0x19365c0,&#xA;get: 0x1936700,&#xA;set: 0x19368c0,&#xA;mutable: 0x1936bc0,&#xA;newMessage: nil,&#xA;newField: 0x1936cc0,&#xA;},&#xA;},&#xA;oneofs: {},&#xA;denseFields: [&#xA;nil,&#xA;{&#xA;fieldDesc: {&#xA;Base: {&#xA;L0: {FullName: ..., ParentFile: ..., Parent: ..., Index: ...},&#xA;},&#xA;L1: {&#xA;Options: nil,&#xA;Number: 1,&#xA;Cardinality: 1,&#xA;Kind: 5,&#xA;JSONName: {has: ..., once: ..., name: ...},&#xA;IsProto3Optional: false,&#xA;IsWeak: false,&#xA;HasPacked: false,&#xA;IsPacked: false,&#xA;HasEnforceUTF8: false,&#xA;EnforceUTF8: false,&#xA;Default: {has: ..., val: ..., enum: ..., bytes: ...},&#xA;ContainingOneof: nil,&#xA;Enum: nil,&#xA;Message: nil,&#xA;},&#xA;},&#xA;has: 0x1936d20,&#xA;clear: 0x1937160,&#xA;get: 0x19372a0,&#xA;set: 0x1937520,&#xA;mutable: nil,&#xA;newMessage: nil,&#xA;newField: 0x19378c0,&#xA;},&#xA;{&#xA;fieldDesc: {&#xA;Base: {&#xA;L0: {FullName: ..., ParentFile: ..., Parent: ..., Index: ...},&#xA;},&#xA;L1: {&#xA;Options: nil,&#xA;Number: 2,&#xA;Cardinality: 1,&#xA;Kind: 9,&#xA;JSONName: {has: ..., once: ..., name: ...},&#xA;IsProto3Optional: false,&#xA;IsWeak: false,&#xA;HasPacked: false,&#xA;IsPacked: false,&#xA;HasEnforceUTF8: false,&#xA;EnforceUTF8: false,&#xA;Default: {has: ..., val: ..., enum: ..., bytes: ...},&#xA;ContainingOneof: nil,&#xA;Enum: nil,&#xA;Message: nil,&#xA;},&#xA;},&#xA;has: 0x1936d20,&#xA;clear: 0x1937160,&#xA;get: 0x19372a0,&#xA;set: 0x1937520,&#xA;mutable: nil,&#xA;newMessage: nil,&#xA;newField: 0x19378c0,&#xA;},&#xA;{&#xA;fieldDesc: {&#xA;Base: {&#xA;L0: {FullName: ..., ParentFile: ..., Parent: ..., Index: ...},&#xA;},&#xA;L1: {&#xA;Options: nil,&#xA;Number: 3,&#xA;Cardinality: 3,&#xA;Kind: 11,&#xA;JSONName: {has: ..., once: ..., name: ...},&#xA;IsProto3Optional: false,&#xA;IsWeak: false,&#xA;HasPacked: false,&#xA;IsPacked: false,&#xA;HasEnforceUTF8: false,&#xA;EnforceUTF8: false,&#xA;Default: {has: ..., val: ..., enum: ..., bytes: ...},&#xA;ContainingOneof: nil,&#xA;Enum: nil,&#xA;Message: {Base: ..., L1: ..., L2: ...},&#xA;},&#xA;},&#xA;has: 0x1936500,&#xA;clear: 0x19365c0,&#xA;get: 0x1936700,&#xA;set: 0x19368c0,&#xA;mutable: 0x1936bc0,&#xA;newMessage: nil,&#xA;newField: 0x1936cc0,&#xA;},&#xA;nil,&#xA;nil,&#xA;],&#xA;rangeInfos: [&#xA;{&#xA;fieldDesc: {&#xA;Base: {&#xA;L0: {FullName: ..., ParentFile: ..., Parent: ..., Index: ...},&#xA;},&#xA;L1: {&#xA;Options: nil,&#xA;Number: 1,&#xA;Cardinality: 1,&#xA;Kind: 5,&#xA;JSONName: {has: ..., once: ..., name: ...},&#xA;IsProto3Optional: false,&#xA;IsWeak: false,&#xA;HasPacked: false,&#xA;IsPacked: false,&#xA;HasEnforceUTF8: false,&#xA;EnforceUTF8: false,&#xA;Default: {has: ..., val: ..., enum: ..., bytes: ...},&#xA;ContainingOneof: nil,&#xA;Enum: nil,&#xA;Message: nil,&#xA;},&#xA;},&#xA;has: 0x1936d20,&#xA;clear: 0x1937160,&#xA;get: 0x19372a0,&#xA;set: 0x1937520,&#xA;mutable: nil,&#xA;newMessage: nil,&#xA;newField: 0x19378c0,&#xA;},&#xA;{&#xA;fieldDesc: {&#xA;Base: {&#xA;L0: {FullName: ..., ParentFile: ..., Parent: ..., Index: ...},&#xA;},&#xA;L1: {&#xA;Options: nil,&#xA;Number: 2,&#xA;Cardinality: 1,&#xA;Kind: 9,&#xA;JSONName: {has: ..., once: ..., name: ...},&#xA;IsProto3Optional: false,&#xA;IsWeak: false,&#xA;HasPacked: false,&#xA;IsPacked: false,&#xA;HasEnforceUTF8: false,&#xA;EnforceUTF8: false,&#xA;Default: {has: ..., val: ..., enum: ..., bytes: ...},&#xA;ContainingOneof: nil,&#xA;Enum: nil,&#xA;Message: nil,&#xA;},&#xA;},&#xA;has: 0x1936d20,&#xA;clear: 0x1937160,&#xA;get: 0x19372a0,&#xA;set: 0x1937520,&#xA;mutable: nil,&#xA;newMessage: nil,&#xA;newField: 0x19378c0,&#xA;},&#xA;{&#xA;fieldDesc: {&#xA;Base: {&#xA;L0: {FullName: ..., ParentFile: ..., Parent: ..., Index: ...},&#xA;},&#xA;L1: {&#xA;Options: nil,&#xA;Number: 3,&#xA;Cardinality: 3,&#xA;Kind: 11,&#xA;JSONName: {has: ..., once: ..., name: ...},&#xA;IsProto3Optional: false,&#xA;IsWeak: false,&#xA;HasPacked: false,&#xA;IsPacked: false,&#xA;HasEnforceUTF8: false,&#xA;EnforceUTF8: false,&#xA;Default: {has: ..., val: ..., enum: ..., bytes: ...},&#xA;ContainingOneof: nil,&#xA;Enum: nil,&#xA;Message: {Base: ..., L1: ..., L2: ...},&#xA;},&#xA;},&#xA;has: 0x1936500,&#xA;clear: 0x19365c0,&#xA;get: 0x1936700,&#xA;set: 0x19368c0,&#xA;mutable: 0x1936bc0,&#xA;newMessage: nil,&#xA;newField: 0x1936cc0,&#xA;},&#xA;],&#xA;getUnknown: 0x1934080,&#xA;setUnknown: 0x1934180,&#xA;extensionMap: 0x1934400,&#xA;nilMessage: {&#xA;p: (unsafe.Pointer)(nil),&#xA;},&#xA;},&#xA;coderMessageInfo: {&#xA;methods: {&#xA;NoUnkeyedLiterals: {},&#xA;Flags: 3,&#xA;Size: 0x193ee80,&#xA;Marshal: 0x193edc0,&#xA;Unmarshal: 0x193ef00,&#xA;Merge: 0x193f020,&#xA;CheckInitialized: 0x193efa0,&#xA;},&#xA;orderedCoderFields: [&#xA;{&#xA;funcs: {mi: nil, size: 0x18e4f20, marshal: 0x18e4f80, unmarshal: 0x18e4d40, isInit: nil, merge: 0x1923f20},&#xA;mi: nil,&#xA;ft: {size: 0x4, ptrdata: 0x0, hash: 3148693762, tflag: 15, align: 4, fieldAlign: 4, kind: 5, equal: 0x10051c0, gcdata: 1, str: 18959, ptrToThis: 551488},&#xA;validation: {mi: nil, typ: 7, keyType: 0, valType: 0, requiredBit: 0},&#xA;num: 1,&#xA;offset: 0x28,&#xA;wiretag: 8,&#xA;tagsize: 1,&#xA;isPointer: false,&#xA;isRequired: false,&#xA;},&#xA;{&#xA;funcs: {mi: nil, size: 0x18ffe00, marshal: 0x1900040, unmarshal: 0x18ffba0, isInit: nil, merge: 0x1924aa0},&#xA;mi: nil,&#xA;ft: {size: 0x10, ptrdata: 0x8, hash: 3774831796, tflag: 7, align: 8, fieldAlign: 8, kind: 24, equal: 0x1005340, gcdata: 1, str: 25418, ptrToThis: 625920},&#xA;validation: {mi: nil, typ: 11, keyType: 0, valType: 0, requiredBit: 0},&#xA;num: 2,&#xA;offset: 0x30,&#xA;wiretag: 18,&#xA;tagsize: 1,&#xA;isPointer: false,&#xA;isRequired: false,&#xA;},&#xA;{&#xA;funcs: {mi: nil, size: 0x18dd9a0, marshal: 0x18dda80, unmarshal: 0x18ddc80, isInit: nil, merge: 0x1923640},&#xA;mi: {&#xA;GoReflectType: {size: 0x8, ptrdata: 0x8, hash: 1943536767, tflag: 9, align: 8, fieldAlign: 8, kind: 54, equal: 0x10051e0, gcdata: 1, str: 54876, ptrToThis: 0},&#xA;Desc: {&#xA;Base: {L0: ...},&#xA;L1: {Enums: ..., Messages: ..., Extensions: ..., IsMapEntry: ..., IsMessageSet: ...},&#xA;L2: {&#xA;Options: ...,&#xA;Fields: ...,&#xA;Oneofs: ...,&#xA;ReservedNames: ...,&#xA;ReservedRanges: ...,&#xA;RequiredNumbers: ...,&#xA;ExtensionRanges: ...,&#xA;ExtensionRangeOptions: ...,&#xA;},&#xA;},&#xA;Exporter: nil,&#xA;OneofWrappers: nil,&#xA;initMu: {state: 0, sema: 0},&#xA;initDone: 0,&#xA;reflectMessageInfo: {fields: nil, oneofs: nil, denseFields: nil, rangeInfos: nil, getUnknown: nil, setUnknown: nil, extensionMap: nil, nilMessage: {p: ...}},&#xA;coderMessageInfo: {&#xA;methods: {&#xA;NoUnkeyedLiterals: ...,&#xA;Flags: ...,&#xA;Size: ...,&#xA;Marshal: ...,&#xA;Unmarshal: ...,&#xA;Merge: ...,&#xA;CheckInitialized: ...,&#xA;},&#xA;orderedCoderFields: nil,&#xA;denseCoderFields: nil,&#xA;coderFields: nil,&#xA;sizecacheOffset: 0x0,&#xA;unknownOffset: 0x0,&#xA;extensionOffset: 0x0,&#xA;needsInitCheck: false,&#xA;isMessageSet: false,&#xA;numRequiredFields: 0,&#xA;},&#xA;},&#xA;ft: {size: 0x18, ptrdata: 0x8, hash: 2850056585, tflag: 2, align: 8, fieldAlign: 8, kind: 23, equal: nil, gcdata: 1, str: 95312, ptrToThis: 0},&#xA;validation: {&#xA;mi: {&#xA;GoReflectType: {size: ..., ptrdata: ..., hash: ..., tflag: ..., align: ..., fieldAlign: ..., kind: ..., equal: ..., gcdata: ..., str: ..., ptrToThis: ...},&#xA;Desc: {Base: ..., L1: ..., L2: ...},&#xA;Exporter: nil,&#xA;OneofWrappers: nil,&#xA;initMu: {state: ..., sema: ...},&#xA;initDone: 0,&#xA;reflectMessageInfo: {fields: ..., oneofs: ..., denseFields: ..., rangeInfos: ..., getUnknown: ..., setUnknown: ..., extensionMap: ..., nilMessage: ...},&#xA;coderMessageInfo: {&#xA;methods: ...,&#xA;orderedCoderFields: ...,&#xA;denseCoderFields: ...,&#xA;coderFields: ...,&#xA;sizecacheOffset: ...,&#xA;unknownOffset: ...,&#xA;extensionOffset: ...,&#xA;needsInitCheck: ...,&#xA;isMessageSet: ...,&#xA;numRequiredFields: ...,&#xA;},&#xA;},&#xA;typ: 1,&#xA;keyType: 0,&#xA;valType: 0,&#xA;requiredBit: 0,&#xA;},&#xA;num: 3,&#xA;offset: 0x40,&#xA;wiretag: 26,&#xA;tagsize: 1,&#xA;isPointer: true,&#xA;isRequired: false,&#xA;},&#xA;],&#xA;denseCoderFields: [&#xA;nil,&#xA;{&#xA;funcs: {mi: nil, size: 0x18e4f20, marshal: 0x18e4f80, unmarshal: 0x18e4d40, isInit: nil, merge: 0x1923f20},&#xA;mi: nil,&#xA;ft: {size: 0x4, ptrdata: 0x0, hash: 3148693762, tflag: 15, align: 4, fieldAlign: 4, kind: 5, equal: 0x10051c0, gcdata: 1, str: 18959, ptrToThis: 551488},&#xA;validation: {mi: nil, typ: 7, keyType: 0, valType: 0, requiredBit: 0},&#xA;num: 1,&#xA;offset: 0x28,&#xA;wiretag: 8,&#xA;tagsize: 1,&#xA;isPointer: false,&#xA;isRequired: false,&#xA;},&#xA;{&#xA;funcs: {mi: nil, size: 0x18ffe00, marshal: 0x1900040, unmarshal: 0x18ffba0, isInit: nil, merge: 0x1924aa0},&#xA;mi: nil,&#xA;ft: {size: 0x10, ptrdata: 0x8, hash: 3774831796, tflag: 7, align: 8, fieldAlign: 8, kind: 24, equal: 0x1005340, gcdata: 1, str: 25418, ptrToThis: 625920},&#xA;validation: {mi: nil, typ: 11, keyType: 0, valType: 0, requiredBit: 0},&#xA;num: 2,&#xA;offset: 0x30,&#xA;wiretag: 18,&#xA;tagsize: 1,&#xA;isPointer: false,&#xA;isRequired: false,&#xA;},&#xA;{&#xA;funcs: {mi: nil, size: 0x18dd9a0, marshal: 0x18dda80, unmarshal: 0x18ddc80, isInit: nil, merge: 0x1923640},&#xA;mi: {&#xA;GoReflectType: {size: 0x8, ptrdata: 0x8, hash: 1943536767, tflag: 9, align: 8, fieldAlign: 8, kind: 54, equal: 0x10051e0, gcdata: 1, str: 54876, ptrToThis: 0},&#xA;Desc: {&#xA;Base: {L0: ...},&#xA;L1: {Enums: ..., Messages: ..., Extensions: ..., IsMapEntry: ..., IsMessageSet: ...},&#xA;L2: {&#xA;Options: ...,&#xA;Fields: ...,&#xA;Oneofs: ...,&#xA;ReservedNames: ...,&#xA;ReservedRanges: ...,&#xA;RequiredNumbers: ...,&#xA;ExtensionRanges: ...,&#xA;ExtensionRangeOptions: ...,&#xA;},&#xA;},&#xA;Exporter: nil,&#xA;OneofWrappers: nil,&#xA;initMu: {state: 0, sema: 0},&#xA;initDone: 0,&#xA;reflectMessageInfo: {fields: nil, oneofs: nil, denseFields: nil, rangeInfos: nil, getUnknown: nil, setUnknown: nil, extensionMap: nil, nilMessage: {p: ...}},&#xA;coderMessageInfo: {&#xA;methods: {&#xA;NoUnkeyedLiterals: ...,&#xA;Flags: ...,&#xA;Size: ...,&#xA;Marshal: ...,&#xA;Unmarshal: ...,&#xA;Merge: ...,&#xA;CheckInitialized: ...,&#xA;},&#xA;orderedCoderFields: nil,&#xA;denseCoderFields: nil,&#xA;coderFields: nil,&#xA;sizecacheOffset: 0x0,&#xA;unknownOffset: 0x0,&#xA;extensionOffset: 0x0,&#xA;needsInitCheck: false,&#xA;isMessageSet: false,&#xA;numRequiredFields: 0,&#xA;},&#xA;},&#xA;ft: {size: 0x18, ptrdata: 0x8, hash: 2850056585, tflag: 2, align: 8, fieldAlign: 8, kind: 23, equal: nil, gcdata: 1, str: 95312, ptrToThis: 0},&#xA;validation: {&#xA;mi: {&#xA;GoReflectType: {size: ..., ptrdata: ..., hash: ..., tflag: ..., align: ..., fieldAlign: ..., kind: ..., equal: ..., gcdata: ..., str: ..., ptrToThis: ...},&#xA;Desc: {Base: ..., L1: ..., L2: ...},&#xA;Exporter: nil,&#xA;OneofWrappers: nil,&#xA;initMu: {state: ..., sema: ...},&#xA;initDone: 0,&#xA;reflectMessageInfo: {fields: ..., oneofs: ..., denseFields: ..., rangeInfos: ..., getUnknown: ..., setUnknown: ..., extensionMap: ..., nilMessage: ...},&#xA;coderMessageInfo: {&#xA;methods: ...,&#xA;orderedCoderFields: ...,&#xA;denseCoderFields: ...,&#xA;coderFields: ...,&#xA;sizecacheOffset: ...,&#xA;unknownOffset: ...,&#xA;extensionOffset: ...,&#xA;needsInitCheck: ...,&#xA;isMessageSet: ...,&#xA;numRequiredFields: ...,&#xA;},&#xA;},&#xA;typ: 1,&#xA;keyType: 0,&#xA;valType: 0,&#xA;requiredBit: 0,&#xA;},&#xA;num: 3,&#xA;offset: 0x40,&#xA;wiretag: 26,&#xA;tagsize: 1,&#xA;isPointer: true,&#xA;isRequired: false,&#xA;},&#xA;],&#xA;coderFields: {&#xA;1: {&#xA;funcs: {mi: nil, size: 0x18e4f20, marshal: 0x18e4f80, unmarshal: 0x18e4d40, isInit: nil, merge: 0x1923f20},&#xA;mi: nil,&#xA;ft: {size: 0x4, ptrdata: 0x0, hash: 3148693762, tflag: 15, align: 4, fieldAlign: 4, kind: 5, equal: 0x10051c0, gcdata: 1, str: 18959, ptrToThis: 551488},&#xA;validation: {mi: nil, typ: 7, keyType: 0, valType: 0, requiredBit: 0},&#xA;num: 1,&#xA;offset: 0x28,&#xA;wiretag: 8,&#xA;tagsize: 1,&#xA;isPointer: false,&#xA;isRequired: false,&#xA;},&#xA;2: {&#xA;funcs: {mi: nil, size: 0x18ffe00, marshal: 0x1900040, unmarshal: 0x18ffba0, isInit: nil, merge: 0x1924aa0},&#xA;mi: nil,&#xA;ft: {size: 0x10, ptrdata: 0x8, hash: 3774831796, tflag: 7, align: 8, fieldAlign: 8, kind: 24, equal: 0x1005340, gcdata: 1, str: 25418, ptrToThis: 625920},&#xA;validation: {mi: nil, typ: 11, keyType: 0, valType: 0, requiredBit: 0},&#xA;num: 2,&#xA;offset: 0x30,&#xA;wiretag: 18,&#xA;tagsize: 1,&#xA;isPointer: false,&#xA;isRequired: false,&#xA;},&#xA;3: {&#xA;funcs: {mi: nil, size: 0x18dd9a0, marshal: 0x18dda80, unmarshal: 0x18ddc80, isInit: nil, merge: 0x1923640},&#xA;mi: {&#xA;GoReflectType: {size: 0x8, ptrdata: 0x8, hash: 1943536767, tflag: 9, align: 8, fieldAlign: 8, kind: 54, equal: 0x10051e0, gcdata: 1, str: 54876, ptrToThis: 0},&#xA;Desc: {&#xA;Base: {L0: ...},&#xA;L1: {Enums: ..., Messages: ..., Extensions: ..., IsMapEntry: ..., IsMessageSet: ...},&#xA;L2: {&#xA;Options: ...,&#xA;Fields: ...,&#xA;Oneofs: ...,&#xA;ReservedNames: ...,&#xA;ReservedRanges: ...,&#xA;RequiredNumbers: ...,&#xA;ExtensionRanges: ...,&#xA;ExtensionRangeOptions: ...,&#xA;},&#xA;},&#xA;Exporter: nil,&#xA;OneofWrappers: nil,&#xA;initMu: {state: 0, sema: 0},&#xA;initDone: 0,&#xA;reflectMessageInfo: {fields: nil, oneofs: nil, denseFields: nil, rangeInfos: nil, getUnknown: nil, setUnknown: nil, extensionMap: nil, nilMessage: {p: ...}},&#xA;coderMessageInfo: {&#xA;methods: {&#xA;NoUnkeyedLiterals: ...,&#xA;Flags: ...,&#xA;Size: ...,&#xA;Marshal: ...,&#xA;Unmarshal: ...,&#xA;Merge: ...,&#xA;CheckInitialized: ...,&#xA;},&#xA;orderedCoderFields: nil,&#xA;denseCoderFields: nil,&#xA;coderFields: nil,&#xA;sizecacheOffset: 0x0,&#xA;unknownOffset: 0x0,&#xA;extensionOffset: 0x0,&#xA;needsInitCheck: false,&#xA;isMessageSet: false,&#xA;numRequiredFields: 0,&#xA;},&#xA;},&#xA;ft: {size: 0x18, ptrdata: 0x8, hash: 2850056585, tflag: 2, align: 8, fieldAlign: 8, kind: 23, equal: nil, gcdata: 1, str: 95312, ptrToThis: 0},&#xA;validation: {&#xA;mi: {&#xA;GoReflectType: {size: ..., ptrdata: ..., hash: ..., tflag: ..., align: ..., fieldAlign: ..., kind: ..., equal: ..., gcdata: ..., str: ..., ptrToThis: ...},&#xA;Desc: {Base: ..., L1: ..., L2: ...},&#xA;Exporter: nil,&#xA;OneofWrappers: nil,&#xA;initMu: {state: ..., sema: ...},&#xA;initDone: 0,&#xA;reflectMessageInfo: {fields: ..., oneofs: ..., denseFields: ..., rangeInfos: ..., getUnknown: ..., setUnknown: ..., extensionMap: ..., nilMessage: ...},&#xA;coderMessageInfo: {&#xA;methods: ...,&#xA;orderedCoderFields: ...,&#xA;denseCoderFields: ...,&#xA;coderFields: ...,&#xA;sizecacheOffset: ...,&#xA;unknownOffset: ...,&#xA;extensionOffset: ...,&#xA;needsInitCheck: ...,&#xA;isMessageSet: ...,&#xA;numRequiredFields: ...,&#xA;},&#xA;},&#xA;typ: 1,&#xA;keyType: 0,&#xA;valType: 0,&#xA;requiredBit: 0,&#xA;},&#xA;num: 3,&#xA;offset: 0x40,&#xA;wiretag: 26,&#xA;tagsize: 1,&#xA;isPointer: true,&#xA;isRequired: false,&#xA;},&#xA;},&#xA;sizecacheOffset: 0x8,&#xA;unknownOffset: 0x10,&#xA;extensionOffset: 0xffffffffffffffff,&#xA;needsInitCheck: false,&#xA;isMessageSet: false,&#xA;numRequiredFields: 0,&#xA;},&#xA;},&#xA;},&#xA;sizeCache: 0,&#xA;unknownFields: nil,&#xA;Code: 4,&#xA;Message: &#34;context deadline exceeded&#34;,&#xA;Details: nil,&#xA;},&#xA;}&#xA;to be nil&#xA;E0608 19:29:45.392724   23981 portforward.go:409] error closing listener: close tcp4 127.0.0.1:50629: use of closed network connection&#xA;E0608 19:29:45.392767   23981 portforward.go:409] error closing listener: close tcp6 [::1]:50629: use of closed network connection&#xA;time=&#34;2021-06-08T19:29:45-07:00&#34; level=info msg=&#34;Deleting nsmd-forwarder-kind-1-worker&#34;&#xA;time=&#34;2021-06-08T19:29:45-07:00&#34; level=info msg=&#34;Deleting spire-proxy&#34;&#xA;time=&#34;2021-06-08T19:29:45-07:00&#34; level=info msg=&#34;Deleting prefix-service&#34;&#xA;E0608 19:29:45.463962   23981 portforward.go:409] error closing listener: close tcp4 127.0.0.1:50626: use of closed network connection&#xA;E0608 19:29:45.463975   23981 portforward.go:409] error closing listener: close tcp6 [::1]:50626: use of closed network connection&#xA;time=&#34;2021-06-08T19:29:45-07:00&#34; level=warning msg=&#34;The POD &#39;prefix-service&#39; Deleted 334.581119ms&#34;&#xA;time=&#34;2021-06-08T19:29:45-07:00&#34; level=warning msg=&#34;The POD &#39;spire-proxy&#39; Deleted 534.6126ms&#34;&#xA;time=&#34;2021-06-08T19:29:46-07:00&#34; level=warning msg=&#34;The POD &#39;nsmd-forwarder-kind-1-worker&#39; Deleted 738.900855ms&#34;&#xA;time=&#34;2021-06-08T19:29:47-07:00&#34; level=info msg=&#34;namespace nsm-system is deleted&#34;&#xA;time=&#34;2021-06-08T19:29:47-07:00&#34; level=info msg=&#34;Cleanup time: 1.941660094s&#34;&#xA;--- FAIL: TestForwarderCrossConnectUpdate (159.50s)&#xA;FAIL&#xA;FAIL&#x9;github.com/networkservicemesh/networkservicemesh/test/integration&#x9;159.968s&#xA;FAIL&#xA;TestForwarderCrossConnectUpdate: OnFail: running on fail script operations with KUBECONFIG=/Users/nispatil/go/src/github.com/cisco-app-networking/nsm_publish/networkservicemesh/.tests/cloud_test/single-cluster/shell/kind-1/config on cloud kind-1&#xA;make -i k8s-deconfig helm-delete k8s-terminating-cleanup k8s-delete-nsm-namespaces || true&#xA;helm uninstall config --namespace nsm-system || true&#xA;WARNING: Kubernetes configuration file is group-readable. This is insecure. Location: /Users/nispatil/go/src/github.com/cisco-app-networking/nsm_publish/networkservicemesh/.tests/cloud_test/single-cluster/shell/kind-1/config&#xA;WARNING: Kubernetes configuration file is world-readable. This is insecure. Location: /Users/nispatil/go/src/github.com/cisco-app-networking/nsm_publish/networkservicemesh/.tests/cloud_test/single-cluster/shell/kind-1/config&#xA;Error: uninstall: Release not loaded: config: release: not found&#xA;./scripts/helm-nsm-uninstall.sh --nsm_namespace nsm-system --all&#xA;&#xA;Helm version detected: v3.3.4&#xA;Cleaning up NSM&#xA;xargs: illegal option -- -&#xA;usage: xargs [-0opt] [-E eofstr] [-I replstr [-R replacements] [-S replsize]]&#xA;[-J replstr] [-L number] [-n number [-x]] [-P maxprocs]&#xA;[-s size] [utility [argument ...]]&#xA;WARNING: Kubernetes configuration file is group-readable. This is insecure. Location: /Users/nispatil/go/src/github.com/cisco-app-networking/nsm_publish/networkservicemesh/.tests/cloud_test/single-cluster/shell/kind-1/config&#xA;WARNING: Kubernetes configuration file is world-readable. This is insecure. Location: /Users/nispatil/go/src/github.com/cisco-app-networking/nsm_publish/networkservicemesh/.tests/cloud_test/single-cluster/shell/kind-1/config&#xA;make[1]: [helm-delete] Error 1 (ignored)&#xA;xargs: illegal option -- -&#xA;usage: xargs [-0opt] [-E eofstr] [-I replstr [-R replacements] [-S replsize]]&#xA;[-J replstr] [-L number] [-n number [-x]] [-P maxprocs]&#xA;[-s size] [utility [argument ...]]&#xA;No resources found in nsm-system namespace.&#xA;make[1]: [k8s-terminating-cleanup] Error 1 (ignored)&#xA;Running delete-nsm-namespaces script&#xA;NSM_NAMESPACE=nsm-system&#xA;Checking ns: default&#xA;Checking ns: kube-node-lease&#xA;Checking ns: kube-public&#xA;Checking ns: kube-system&#xA;Checking ns: local-path-storage&#xA;Checking ns: nsm-system&#xA;Deleting ns: nsm-system&#xA;warning: Immediate deletion does not wait for confirmation that the running resource has been terminated. The resource may continue to run on the cluster indefinitely.&#xA;No resources found&#xA;namespace &#34;nsm-system&#34; deleted&#xA;Checking ns: spire&#xA;make k8s-config &amp;&amp; echo &#34;Cluster reset successfull&#34;&#xA;namespace/nsm-system created&#xA;helm --namespace nsm-system install config deployments/helm/nsm/charts/config&#xA;WARNING: Kubernetes configuration file is group-readable. This is insecure. Location: /Users/nispatil/go/src/github.com/cisco-app-networking/nsm_publish/networkservicemesh/.tests/cloud_test/single-cluster/shell/kind-1/config&#xA;WARNING: Kubernetes configuration file is world-readable. This is insecure. Location: /Users/nispatil/go/src/github.com/cisco-app-networking/nsm_publish/networkservicemesh/.tests/cloud_test/single-cluster/shell/kind-1/config&#xA;NAME: config&#xA;LAST DEPLOYED: Tue Jun  8 19:29:55 2021&#xA;NAMESPACE: nsm-system&#xA;STATUS: deployed&#xA;REVISION: 1&#xA;TEST SUITE: None&#xA;Cluster reset successfull</failure>
                  </testcase>
                  <testcase classname="" name="TestK8sExcludedPrefixes" time="48.579999301" cluster_instance="kind-1"></testcase>
                  <testcase classname="" name="TestExec" time="19.214842271" cluster_instance="kind-1"></testcase>
                  <testcase classname="" name="TestSimpleMetrics" time="239.210798142" cluster_instance="kind-1">
                      <failure message="Test execution failed TestSimpleMetrics" type="ERROR">Execution attempt: 0 Output file: .tests/cloud_test/single-cluster/kind-1/021-TestSimpleMetrics-run.log&#xA;Starting TestSimpleMetrics on kind-1&#xA;Command line go test . -test.timeout 10m0s -count 1 --run &#34;^(TestSimpleMetrics)$\\z&#34; --tags &#34;basic&#34; --test.v&#xA;env==[KUBECONFIG=/Users/nispatil/go/src/github.com/cisco-app-networking/nsm_publish/networkservicemesh/.tests/cloud_test/single-cluster/shell/kind-1/config ARTIFACTS_DIR=/Users/nispatil/go/src/github.com/cisco-app-networking/nsm_publish/networkservicemesh/.tests/cloud_test/single-cluster/kind-1/TestSimpleMetrics]&#xA;&#xA;=== RUN   TestSimpleMetrics&#xA;time=&#34;2021-06-08T19:46:57-07:00&#34; level=info msg=&#34;Using Kubeconfig: /Users/nispatil/go/src/github.com/cisco-app-networking/nsm_publish/networkservicemesh/.tests/cloud_test/single-cluster/shell/kind-1/config&#34;&#xA;time=&#34;2021-06-08T19:46:57-07:00&#34; level=info msg=&#34;FORWARDING_PLANE not set, using default forwarder - vpp&#34;&#xA;time=&#34;2021-06-08T19:46:57-07:00&#34; level=info msg=&#34;Creating artifact manager with config: &amp;{4 false /Users/nispatil/go/src/github.com/cisco-app-networking/nsm_publish/networkservicemesh/.tests/cloud_test/single-cluster/kind-1/TestSimpleMetrics}&#34;&#xA;time=&#34;2021-06-08T19:46:57-07:00&#34; level=error msg=&#34;Error during create of test namespace failed to create a namespace: namespaces \&#34;nsm-system\&#34; already exists&#34;&#xA;time=&#34;2021-06-08T19:46:57-07:00&#34; level=info msg=&#34;Checking availability of API server on 127.0.0.1&#34;&#xA;time=&#34;2021-06-08T19:47:01-07:00&#34; level=info msg=&#34;PING 127.0.0.1 (127.0.0.1): 56 data bytes\n64 bytes from 127.0.0.1: icmp_seq=0 ttl=64 time=0.049 ms\n64 bytes from 127.0.0.1: icmp_seq=1 ttl=64 time=0.068 ms\n64 bytes from 127.0.0.1: icmp_seq=2 ttl=64 time=0.078 ms\n64 bytes from 127.0.0.1: icmp_seq=3 ttl=64 time=0.083 ms\n64 bytes from 127.0.0.1: icmp_seq=4 ttl=64 time=0.086 ms\n\n--- 127.0.0.1 ping statistics ---\n5 packets transmitted, 5 packets received, 0.0%!p(MISSING)acket loss\nround-trip min/avg/max/stddev = 0.049/0.073/0.086/0.013 ms\n&#34;&#xA;time=&#34;2021-06-08T19:47:01-07:00&#34; level=info msg=&#34;USE_IPV6 not set, using default false&#34;&#xA;time=&#34;2021-06-08T19:47:01-07:00&#34; level=error msg=&#34;serviceaccounts \&#34;nsc-acc\&#34; not found&#34;&#xA;time=&#34;2021-06-08T19:47:01-07:00&#34; level=error msg=&#34;serviceaccounts \&#34;nse-acc\&#34; not found&#34;&#xA;time=&#34;2021-06-08T19:47:01-07:00&#34; level=error msg=&#34;serviceaccounts \&#34;nsmgr-acc\&#34; not found&#34;&#xA;time=&#34;2021-06-08T19:47:02-07:00&#34; level=error msg=&#34;serviceaccounts \&#34;nsmrs-acc\&#34; not found&#34;&#xA;time=&#34;2021-06-08T19:47:02-07:00&#34; level=error msg=&#34;serviceaccounts \&#34;forward-plane-acc\&#34; not found&#34;&#xA;time=&#34;2021-06-08T19:47:02-07:00&#34; level=error msg=&#34;serviceaccounts \&#34;crossconnect-monitor-acc\&#34; not found&#34;&#xA;time=&#34;2021-06-08T19:47:02-07:00&#34; level=error msg=&#34;serviceaccounts \&#34;proxy-nsmgr-acc\&#34; not found&#34;&#xA;time=&#34;2021-06-08T19:47:02-07:00&#34; level=info msg=&#34;Cleanup done: 840.403749ms&#34;&#xA;time=&#34;2021-06-08T19:47:02-07:00&#34; level=info msg=&#34;&amp;ServiceAccount{ObjectMeta:{default  nsm-system /api/v1/namespaces/nsm-system/serviceaccounts/default 088e1501-4e94-4207-bc36-a40536b1abec 10017 0 2021-06-08 19:46:51 -0700 PDT &lt;nil&gt; &lt;nil&gt; map[] map[] [] []  []},Secrets:[]ObjectReference{ObjectReference{Kind:,Namespace:,Name:default-token-868sn,UID:,APIVersion:,ResourceVersion:,FieldPath:,},},ImagePullSecrets:[]LocalObjectReference{},AutomountServiceAccountToken:nil,}&#34;&#xA;I0608 19:47:03.854991   28341 request.go:621] Throttling request took 1.167201431s, request: POST:https://127.0.0.1:55081/api/v1/namespaces/nsm-system/serviceaccounts&#xA;time=&#34;2021-06-08T19:47:04-07:00&#34; level=info msg=&#34;&amp;ServiceAccount{ObjectMeta:{nsmgr-acc  nsm-system /api/v1/namespaces/nsm-system/serviceaccounts/nsmgr-acc dc784558-5047-412a-9880-a373ae1c0f26 10071 0 2021-06-08 19:47:03 -0700 PDT &lt;nil&gt; &lt;nil&gt; map[] map[] [] []  []},Secrets:[]ObjectReference{ObjectReference{Kind:,Namespace:,Name:nsmgr-acc-token-jwqqw,UID:,APIVersion:,ResourceVersion:,FieldPath:,},},ImagePullSecrets:[]LocalObjectReference{},AutomountServiceAccountToken:nil,}&#34;&#xA;time=&#34;2021-06-08T19:47:04-07:00&#34; level=info msg=&#34;&amp;ServiceAccount{ObjectMeta:{nse-acc  nsm-system /api/v1/namespaces/nsm-system/serviceaccounts/nse-acc f0432484-79e3-43b8-8fc1-bb44dbdc7fc9 10076 0 2021-06-08 19:47:03 -0700 PDT &lt;nil&gt; &lt;nil&gt; map[] map[] [] []  []},Secrets:[]ObjectReference{ObjectReference{Kind:,Namespace:,Name:nse-acc-token-pjrzw,UID:,APIVersion:,ResourceVersion:,FieldPath:,},},ImagePullSecrets:[]LocalObjectReference{},AutomountServiceAccountToken:nil,}&#34;&#xA;time=&#34;2021-06-08T19:47:04-07:00&#34; level=info msg=&#34;&amp;ServiceAccount{ObjectMeta:{crossconnect-monitor-acc  nsm-system /api/v1/namespaces/nsm-system/serviceaccounts/crossconnect-monitor-acc f3668cc8-ec84-47bc-b4b7-e2ab19335c9c 10079 0 2021-06-08 19:47:03 -0700 PDT &lt;nil&gt; &lt;nil&gt; map[] map[] [] []  []},Secrets:[]ObjectReference{ObjectReference{Kind:,Namespace:,Name:crossconnect-monitor-acc-token-mvztz,UID:,APIVersion:,ResourceVersion:,FieldPath:,},},ImagePullSecrets:[]LocalObjectReference{},AutomountServiceAccountToken:nil,}&#34;&#xA;time=&#34;2021-06-08T19:47:05-07:00&#34; level=info msg=&#34;&amp;ServiceAccount{ObjectMeta:{forward-plane-acc  nsm-system /api/v1/namespaces/nsm-system/serviceaccounts/forward-plane-acc e75800ec-ff98-48ff-8f7f-7e9e8e7646d5 10084 0 2021-06-08 19:47:03 -0700 PDT &lt;nil&gt; &lt;nil&gt; map[] map[] [] []  []},Secrets:[]ObjectReference{ObjectReference{Kind:,Namespace:,Name:forward-plane-acc-token-t4h4d,UID:,APIVersion:,ResourceVersion:,FieldPath:,},},ImagePullSecrets:[]LocalObjectReference{},AutomountServiceAccountToken:nil,}&#34;&#xA;time=&#34;2021-06-08T19:47:05-07:00&#34; level=info msg=&#34;&amp;ServiceAccount{ObjectMeta:{nsc-acc  nsm-system /api/v1/namespaces/nsm-system/serviceaccounts/nsc-acc 2f70c8a6-ceb8-4a64-b86d-b10269406b7f 10087 0 2021-06-08 19:47:03 -0700 PDT &lt;nil&gt; &lt;nil&gt; map[] map[] [] []  []},Secrets:[]ObjectReference{ObjectReference{Kind:,Namespace:,Name:nsc-acc-token-vd94r,UID:,APIVersion:,ResourceVersion:,FieldPath:,},},ImagePullSecrets:[]LocalObjectReference{},AutomountServiceAccountToken:nil,}&#34;&#xA;time=&#34;2021-06-08T19:47:05-07:00&#34; level=info msg=&#34;&amp;ServiceAccount{ObjectMeta:{proxy-nsmgr-acc  nsm-system /api/v1/namespaces/nsm-system/serviceaccounts/proxy-nsmgr-acc a9c38a11-43d5-47c8-96a2-9d3bd50751ed 10090 0 2021-06-08 19:47:04 -0700 PDT &lt;nil&gt; &lt;nil&gt; map[] map[] [] []  []},Secrets:[]ObjectReference{ObjectReference{Kind:,Namespace:,Name:proxy-nsmgr-acc-token-fhl4g,UID:,APIVersion:,ResourceVersion:,FieldPath:,},},ImagePullSecrets:[]LocalObjectReference{},AutomountServiceAccountToken:nil,}&#34;&#xA;time=&#34;2021-06-08T19:47:05-07:00&#34; level=info msg=&#34;&amp;ServiceAccount{ObjectMeta:{nsmrs-acc  nsm-system /api/v1/namespaces/nsm-system/serviceaccounts/nsmrs-acc 9c7cb8d6-3b2c-497f-b2df-ac23aaa2df9b 10093 0 2021-06-08 19:47:04 -0700 PDT &lt;nil&gt; &lt;nil&gt; map[] map[] [] []  []},Secrets:[]ObjectReference{ObjectReference{Kind:,Namespace:,Name:nsmrs-acc-token-pmqgm,UID:,APIVersion:,ResourceVersion:,FieldPath:,},},ImagePullSecrets:[]LocalObjectReference{},AutomountServiceAccountToken:nil,}&#34;&#xA;time=&#34;2021-06-08T19:47:05-07:00&#34; level=info msg=&#34;Creating ConfigMap &#39;nsm-config&#39; in namespace&#39;nsm-system&#39;...&#34;&#xA;time=&#34;2021-06-08T19:47:05-07:00&#34; level=info msg=&#34;Using image: containers.cisco.com/appn/prefix-service:vl3_latest&#34;&#xA;time=&#34;2021-06-08T19:47:05-07:00&#34; level=info msg=&#34;Using image: containers.cisco.com/appn/test-common:vl3_latest&#34;&#xA;time=&#34;2021-06-08T19:47:05-07:00&#34; level=info msg=&#34;role is created: &amp;ClusterRoleBinding{ObjectMeta:{nsm-role-binding      0 0001-01-01 00:00:00 +0000 UTC &lt;nil&gt; &lt;nil&gt; map[] map[] [] []  []},Subjects:[]Subject{Subject{Kind:ServiceAccount,APIGroup:,Name:nsmgr-acc,Namespace:nsm-system,},Subject{Kind:ServiceAccount,APIGroup:,Name:proxy-nsmgr-acc,Namespace:nsm-system,},Subject{Kind:ServiceAccount,APIGroup:,Name:crossconnect-monitor-acc,Namespace:nsm-system,},},RoleRef:RoleRef{APIGroup:rbac.authorization.k8s.io,Kind:ClusterRole,Name:nsm-role,},}&#34;&#xA;time=&#34;2021-06-08T19:47:05-07:00&#34; level=info msg=&#34;role is created: &amp;ClusterRole{ObjectMeta:{nsm-role  nsm-system    0 0001-01-01 00:00:00 +0000 UTC &lt;nil&gt; &lt;nil&gt; map[rbac.authorization.k8s.io/aggregate-to-admin:true rbac.authorization.k8s.io/aggregate-to-edit:true] map[] [] []  []},Rules:[]PolicyRule{PolicyRule{Verbs:[*],APIGroups:[networkservicemesh.io],Resources:[networkservices networkserviceendpoints networkservicemanagers],ResourceNames:[],NonResourceURLs:[],},PolicyRule{Verbs:[*],APIGroups:[apiextensions.k8s.io],Resources:[customresourcedefinitions],ResourceNames:[],NonResourceURLs:[],},PolicyRule{Verbs:[get update],APIGroups:[],Resources:[configmaps],ResourceNames:[],NonResourceURLs:[],},PolicyRule{Verbs:[get list watch],APIGroups:[],Resources:[nodes services namespaces],ResourceNames:[],NonResourceURLs:[],},},AggregationRule:nil,}&#34;&#xA;time=&#34;2021-06-08T19:47:05-07:00&#34; level=info msg=&#34;role is created: &amp;ClusterRole{ObjectMeta:{aggregate-network-services-view  nsm-system    0 0001-01-01 00:00:00 +0000 UTC &lt;nil&gt; &lt;nil&gt; map[rbac.authorization.k8s.io/aggregate-to-view:true] map[] [] []  []},Rules:[]PolicyRule{PolicyRule{Verbs:[get list watch],APIGroups:[networkservicemesh.io],Resources:[networkservices],ResourceNames:[],NonResourceURLs:[],},},AggregationRule:nil,}&#34;&#xA;time=&#34;2021-06-08T19:47:09-07:00&#34; level=info msg=&#34;Trying to establish connection with the spire provider at address:tcp://127.0.0.1:50996&#34;&#xA;time=&#34;2021-06-08T19:47:09-07:00&#34; level=info msg=&#34;Created the todo context:tcp://127.0.0.1:50996&#34;&#xA;time=&#34;2021-06-08T19:47:09-07:00&#34; level=info msg=&#34;Got x509:&amp;{0xc000313170 &lt;nil&gt; {{0 0} 0 0 0 0} 0xc00003ce10 0xc000589e60 {{0 0} 0 0 0 0} false} &lt;nil&gt;&#34;&#xA;time=&#34;2021-06-08T19:47:09-07:00&#34; level=info msg=&#34;Started goroutine&#34;&#xA;time=&#34;2021-06-08T19:47:09-07:00&#34; level=info msg=&#34;Returning provider&#34;&#xA;time=&#34;2021-06-08T19:47:09-07:00&#34; level=info msg=&#34;Issued identity:spiffe://test.com/nsmgr&#34;&#xA;time=&#34;2021-06-08T19:47:09-07:00&#34; level=info msg=&#34;Checking node: kind-1-control-plane&#34;&#xA;time=&#34;2021-06-08T19:47:09-07:00&#34; level=info msg=&#34;Checking node: kind-1-worker&#34;&#xA;time=&#34;2021-06-08T19:47:09-07:00&#34; level=info msg=&#34;Checking node: kind-1-worker2&#34;&#xA;time=&#34;2021-06-08T19:47:09-07:00&#34; level=info msg=&#34;Using image: jaegertracing/all-in-one:1.14.0&#34;&#xA;time=&#34;2021-06-08T19:47:11-07:00&#34; level=info msg=&#34;getting logs without container jaeger=none&#34;&#xA;time=&#34;2021-06-08T19:47:11-07:00&#34; level=info msg=&#34;Using image: containers.cisco.com/appn/nsmdp:vl3_latest&#34;&#xA;time=&#34;2021-06-08T19:47:11-07:00&#34; level=info msg=&#34;Using image: containers.cisco.com/appn/nsmd:vl3_latest&#34;&#xA;time=&#34;2021-06-08T19:47:11-07:00&#34; level=info msg=&#34;Using image: containers.cisco.com/appn/nsmd-k8s:vl3_latest&#34;&#xA;time=&#34;2021-06-08T19:47:11-07:00&#34; level=info msg=&#34;Using image: containers.cisco.com/appn/vppagent-forwarder:vl3_latest&#34;&#xA;time=&#34;2021-06-08T19:47:24-07:00&#34; level=info msg=&#34;Started NSMgr/Forwarder: 12.832891514s on node kind-1-worker&#34;&#xA;time=&#34;2021-06-08T19:47:24-07:00&#34; level=info msg=&#34;getting logs without container vppagent-forwarder=none&#34;&#xA;time=&#34;2021-06-08T19:47:24-07:00&#34; level=info msg=&#34;Using image: containers.cisco.com/appn/test-common:vl3_latest&#34;&#xA;time=&#34;2021-06-08T19:47:24-07:00&#34; level=info msg=&#34;Starting ICMP Responder NSE on node: kind-1-worker &#34;&#xA;time=&#34;2021-06-08T19:47:28-07:00&#34; level=info msg=&#34;getting logs without container icmp-responder-nse-1=none&#34;&#xA;time=&#34;2021-06-08T19:47:28-07:00&#34; level=info msg=&#34;ICMP Responder icmp-responder-nse-1 started done: 3.943776843s&#34;&#xA;time=&#34;2021-06-08T19:47:28-07:00&#34; level=info msg=&#34;Starting CrossConnections Monitor on localhost:51008&#34;&#xA;time=&#34;2021-06-08T19:47:28-07:00&#34; level=info msg=&#34;Trying to establish connection to target: localhost:51008&#34;&#xA;time=&#34;2021-06-08T19:47:28-07:00&#34; level=info msg=&#34;func insecure: false, env insecure: false&#34;&#xA;time=&#34;2021-06-08T19:47:28-07:00&#34; level=info msg=&#34;Connecting to the workload api at:tcp://127.0.0.1:50996&#34;&#xA;time=&#34;2021-06-08T19:47:28-07:00&#34; level=info msg=&#34;Successfully retrieve bundles:&amp;{{{0 0} 0 0 0 0} map[{test.com}:0xc0004051c0]}&#34;&#xA;time=&#34;2021-06-08T19:47:28-07:00&#34; level=info msg=&#34;defaultTrustDomain:test.com&#34;&#xA;time=&#34;2021-06-08T19:47:28-07:00&#34; level=info msg=&#34;AUTHORIZING ALL CLIENTS&#34;&#xA;time=&#34;2021-06-08T19:47:28-07:00&#34; level=info msg=&#34;Fetch tlsConfig for Trust Domain: test.com&#34;&#xA;time=&#34;2021-06-08T19:47:28-07:00&#34; level=info msg=&#34;Found 1 tlsconfigs.&#34;&#xA;time=&#34;2021-06-08T19:47:28-07:00&#34; level=info msg=&#34;Found the right tls certificate:&amp;{&lt;nil&gt; &lt;nil&gt; [] map[] &lt;nil&gt; 0x1a28f80 &lt;nil&gt; 0x1a29000 &lt;nil&gt; &lt;nil&gt; []  NoClientCert &lt;nil&gt; true [] false false [0 0 0 0 0 0 0 0 0 0 0 0 0 0 0 0 0 0 0 0 0 0 0 0 0 0 0 0 0 0 0 0] &lt;nil&gt; 0 0 [] false 0 &lt;nil&gt; {{0 0} 0 0 0 0} [] []}&#34;&#xA;time=&#34;2021-06-08T19:47:28-07:00&#34; level=info msg=&#34;Trying to establish connection using tlsConfig:&amp;{&lt;nil&gt; &lt;nil&gt; [] map[] &lt;nil&gt; 0x1a28f80 &lt;nil&gt; 0x1a29000 &lt;nil&gt; &lt;nil&gt; []  NoClientCert &lt;nil&gt; true [] false false [0 0 0 0 0 0 0 0 0 0 0 0 0 0 0 0 0 0 0 0 0 0 0 0 0 0 0 0 0 0 0 0] &lt;nil&gt; 0 0 [] false 0 &lt;nil&gt; {{0 0} 0 0 0 0} [] []}&#34;&#xA;time=&#34;2021-06-08T19:47:28-07:00&#34; level=info msg=&#34;Starting NSC nsc1 on node: kind-1-worker&#34;&#xA;time=&#34;2021-06-08T19:47:28-07:00&#34; level=info msg=&#34;Received event &#34;&#xA;time=&#34;2021-06-08T19:47:30-07:00&#34; level=info msg=&#34;Received event type:UPDATE metrics:&lt;key:\&#34;UNTAGGED-local0\&#34; value:&lt;metrics:&lt;key:\&#34;rx_bytes\&#34; value:\&#34;0\&#34; &gt; metrics:&lt;key:\&#34;rx_error_packets\&#34; value:\&#34;0\&#34; &gt; metrics:&lt;key:\&#34;rx_packets\&#34; value:\&#34;0\&#34; &gt; metrics:&lt;key:\&#34;tx_bytes\&#34; value:\&#34;0\&#34; &gt; metrics:&lt;key:\&#34;tx_error_packets\&#34; value:\&#34;0\&#34; &gt; metrics:&lt;key:\&#34;tx_packets\&#34; value:\&#34;0\&#34; &gt; &gt; &gt; &#34;&#xA;time=&#34;2021-06-08T19:47:30-07:00&#34; level=info msg=&#34;New statistics: UNTAGGED-local0 metrics:&lt;key:\&#34;rx_bytes\&#34; value:\&#34;0\&#34; &gt; metrics:&lt;key:\&#34;rx_error_packets\&#34; value:\&#34;0\&#34; &gt; metrics:&lt;key:\&#34;rx_packets\&#34; value:\&#34;0\&#34; &gt; metrics:&lt;key:\&#34;tx_bytes\&#34; value:\&#34;0\&#34; &gt; metrics:&lt;key:\&#34;tx_error_packets\&#34; value:\&#34;0\&#34; &gt; metrics:&lt;key:\&#34;tx_packets\&#34; value:\&#34;0\&#34; &gt; &#34;&#xA;time=&#34;2021-06-08T19:47:30-07:00&#34; level=info msg=&#34;Statistics: UNTAGGED-local0 metrics:&lt;key:\&#34;rx_bytes\&#34; value:\&#34;0\&#34; &gt; metrics:&lt;key:\&#34;rx_error_packets\&#34; value:\&#34;0\&#34; &gt; metrics:&lt;key:\&#34;rx_packets\&#34; value:\&#34;0\&#34; &gt; metrics:&lt;key:\&#34;tx_bytes\&#34; value:\&#34;0\&#34; &gt; metrics:&lt;key:\&#34;tx_error_packets\&#34; value:\&#34;0\&#34; &gt; metrics:&lt;key:\&#34;tx_packets\&#34; value:\&#34;0\&#34; &gt;  is empty&#34;&#xA;time=&#34;2021-06-08T19:47:33-07:00&#34; level=info msg=&#34;Received event type:UPDATE metrics:&lt;key:\&#34;mgmt\&#34; value:&lt;metrics:&lt;key:\&#34;rx_bytes\&#34; value:\&#34;74636\&#34; &gt; metrics:&lt;key:\&#34;rx_error_packets\&#34; value:\&#34;0\&#34; &gt; metrics:&lt;key:\&#34;rx_packets\&#34; value:\&#34;285\&#34; &gt; metrics:&lt;key:\&#34;tx_bytes\&#34; value:\&#34;0\&#34; &gt; metrics:&lt;key:\&#34;tx_error_packets\&#34; value:\&#34;0\&#34; &gt; metrics:&lt;key:\&#34;tx_packets\&#34; value:\&#34;0\&#34; &gt; &gt; &gt; &#34;&#xA;time=&#34;2021-06-08T19:47:33-07:00&#34; level=info msg=&#34;New statistics: mgmt metrics:&lt;key:\&#34;rx_bytes\&#34; value:\&#34;74636\&#34; &gt; metrics:&lt;key:\&#34;rx_error_packets\&#34; value:\&#34;0\&#34; &gt; metrics:&lt;key:\&#34;rx_packets\&#34; value:\&#34;285\&#34; &gt; metrics:&lt;key:\&#34;tx_bytes\&#34; value:\&#34;0\&#34; &gt; metrics:&lt;key:\&#34;tx_error_packets\&#34; value:\&#34;0\&#34; &gt; metrics:&lt;key:\&#34;tx_packets\&#34; value:\&#34;0\&#34; &gt; &#34;&#xA;time=&#34;2021-06-08T19:47:36-07:00&#34; level=info msg=&#34;Received event type:UPDATE metrics:&lt;key:\&#34;UNTAGGED-local0\&#34; value:&lt;metrics:&lt;key:\&#34;rx_bytes\&#34; value:\&#34;0\&#34; &gt; metrics:&lt;key:\&#34;rx_error_packets\&#34; value:\&#34;0\&#34; &gt; metrics:&lt;key:\&#34;rx_packets\&#34; value:\&#34;0\&#34; &gt; metrics:&lt;key:\&#34;tx_bytes\&#34; value:\&#34;0\&#34; &gt; metrics:&lt;key:\&#34;tx_error_packets\&#34; value:\&#34;0\&#34; &gt; metrics:&lt;key:\&#34;tx_packets\&#34; value:\&#34;0\&#34; &gt; &gt; &gt; &#34;&#xA;time=&#34;2021-06-08T19:47:36-07:00&#34; level=info msg=&#34;New statistics: UNTAGGED-local0 metrics:&lt;key:\&#34;rx_bytes\&#34; value:\&#34;0\&#34; &gt; metrics:&lt;key:\&#34;rx_error_packets\&#34; value:\&#34;0\&#34; &gt; metrics:&lt;key:\&#34;rx_packets\&#34; value:\&#34;0\&#34; &gt; metrics:&lt;key:\&#34;tx_bytes\&#34; value:\&#34;0\&#34; &gt; metrics:&lt;key:\&#34;tx_error_packets\&#34; value:\&#34;0\&#34; &gt; metrics:&lt;key:\&#34;tx_packets\&#34; value:\&#34;0\&#34; &gt; &#34;&#xA;time=&#34;2021-06-08T19:47:36-07:00&#34; level=info msg=&#34;Statistics: UNTAGGED-local0 metrics:&lt;key:\&#34;rx_bytes\&#34; value:\&#34;0\&#34; &gt; metrics:&lt;key:\&#34;rx_error_packets\&#34; value:\&#34;0\&#34; &gt; metrics:&lt;key:\&#34;rx_packets\&#34; value:\&#34;0\&#34; &gt; metrics:&lt;key:\&#34;tx_bytes\&#34; value:\&#34;0\&#34; &gt; metrics:&lt;key:\&#34;tx_error_packets\&#34; value:\&#34;0\&#34; &gt; metrics:&lt;key:\&#34;tx_packets\&#34; value:\&#34;0\&#34; &gt;  is empty&#34;&#xA;time=&#34;2021-06-08T19:47:39-07:00&#34; level=info msg=&#34;Received event type:UPDATE metrics:&lt;key:\&#34;mgmt\&#34; value:&lt;metrics:&lt;key:\&#34;rx_bytes\&#34; value:\&#34;396689\&#34; &gt; metrics:&lt;key:\&#34;rx_error_packets\&#34; value:\&#34;0\&#34; &gt; metrics:&lt;key:\&#34;rx_packets\&#34; value:\&#34;1182\&#34; &gt; metrics:&lt;key:\&#34;tx_bytes\&#34; value:\&#34;0\&#34; &gt; metrics:&lt;key:\&#34;tx_error_packets\&#34; value:\&#34;0\&#34; &gt; metrics:&lt;key:\&#34;tx_packets\&#34; value:\&#34;0\&#34; &gt; &gt; &gt; &#34;&#xA;time=&#34;2021-06-08T19:47:39-07:00&#34; level=info msg=&#34;New statistics: mgmt metrics:&lt;key:\&#34;rx_bytes\&#34; value:\&#34;396689\&#34; &gt; metrics:&lt;key:\&#34;rx_error_packets\&#34; value:\&#34;0\&#34; &gt; metrics:&lt;key:\&#34;rx_packets\&#34; value:\&#34;1182\&#34; &gt; metrics:&lt;key:\&#34;tx_bytes\&#34; value:\&#34;0\&#34; &gt; metrics:&lt;key:\&#34;tx_error_packets\&#34; value:\&#34;0\&#34; &gt; metrics:&lt;key:\&#34;tx_packets\&#34; value:\&#34;0\&#34; &gt; &#34;&#xA;time=&#34;2021-06-08T19:47:42-07:00&#34; level=info msg=&#34;Received event type:UPDATE metrics:&lt;key:\&#34;UNTAGGED-local0\&#34; value:&lt;metrics:&lt;key:\&#34;rx_bytes\&#34; value:\&#34;0\&#34; &gt; metrics:&lt;key:\&#34;rx_error_packets\&#34; value:\&#34;0\&#34; &gt; metrics:&lt;key:\&#34;rx_packets\&#34; value:\&#34;0\&#34; &gt; metrics:&lt;key:\&#34;tx_bytes\&#34; value:\&#34;0\&#34; &gt; metrics:&lt;key:\&#34;tx_error_packets\&#34; value:\&#34;0\&#34; &gt; metrics:&lt;key:\&#34;tx_packets\&#34; value:\&#34;0\&#34; &gt; &gt; &gt; &#34;&#xA;time=&#34;2021-06-08T19:47:42-07:00&#34; level=info msg=&#34;New statistics: UNTAGGED-local0 metrics:&lt;key:\&#34;rx_bytes\&#34; value:\&#34;0\&#34; &gt; metrics:&lt;key:\&#34;rx_error_packets\&#34; value:\&#34;0\&#34; &gt; metrics:&lt;key:\&#34;rx_packets\&#34; value:\&#34;0\&#34; &gt; metrics:&lt;key:\&#34;tx_bytes\&#34; value:\&#34;0\&#34; &gt; metrics:&lt;key:\&#34;tx_error_packets\&#34; value:\&#34;0\&#34; &gt; metrics:&lt;key:\&#34;tx_packets\&#34; value:\&#34;0\&#34; &gt; &#34;&#xA;time=&#34;2021-06-08T19:47:42-07:00&#34; level=info msg=&#34;Statistics: UNTAGGED-local0 metrics:&lt;key:\&#34;rx_bytes\&#34; value:\&#34;0\&#34; &gt; metrics:&lt;key:\&#34;rx_error_packets\&#34; value:\&#34;0\&#34; &gt; metrics:&lt;key:\&#34;rx_packets\&#34; value:\&#34;0\&#34; &gt; metrics:&lt;key:\&#34;tx_bytes\&#34; value:\&#34;0\&#34; &gt; metrics:&lt;key:\&#34;tx_error_packets\&#34; value:\&#34;0\&#34; &gt; metrics:&lt;key:\&#34;tx_packets\&#34; value:\&#34;0\&#34; &gt;  is empty&#34;&#xA;time=&#34;2021-06-08T19:47:45-07:00&#34; level=info msg=&#34;Received event type:UPDATE metrics:&lt;key:\&#34;mgmt\&#34; value:&lt;metrics:&lt;key:\&#34;rx_bytes\&#34; value:\&#34;455622\&#34; &gt; metrics:&lt;key:\&#34;rx_error_packets\&#34; value:\&#34;0\&#34; &gt; metrics:&lt;key:\&#34;rx_packets\&#34; value:\&#34;1415\&#34; &gt; metrics:&lt;key:\&#34;tx_bytes\&#34; value:\&#34;0\&#34; &gt; metrics:&lt;key:\&#34;tx_error_packets\&#34; value:\&#34;0\&#34; &gt; metrics:&lt;key:\&#34;tx_packets\&#34; value:\&#34;0\&#34; &gt; &gt; &gt; &#34;&#xA;time=&#34;2021-06-08T19:47:45-07:00&#34; level=info msg=&#34;New statistics: mgmt metrics:&lt;key:\&#34;rx_bytes\&#34; value:\&#34;455622\&#34; &gt; metrics:&lt;key:\&#34;rx_error_packets\&#34; value:\&#34;0\&#34; &gt; metrics:&lt;key:\&#34;rx_packets\&#34; value:\&#34;1415\&#34; &gt; metrics:&lt;key:\&#34;tx_bytes\&#34; value:\&#34;0\&#34; &gt; metrics:&lt;key:\&#34;tx_error_packets\&#34; value:\&#34;0\&#34; &gt; metrics:&lt;key:\&#34;tx_packets\&#34; value:\&#34;0\&#34; &gt; &#34;&#xA;time=&#34;2021-06-08T19:47:48-07:00&#34; level=info msg=&#34;Received event type:UPDATE metrics:&lt;key:\&#34;UNTAGGED-local0\&#34; value:&lt;metrics:&lt;key:\&#34;rx_bytes\&#34; value:\&#34;0\&#34; &gt; metrics:&lt;key:\&#34;rx_error_packets\&#34; value:\&#34;0\&#34; &gt; metrics:&lt;key:\&#34;rx_packets\&#34; value:\&#34;0\&#34; &gt; metrics:&lt;key:\&#34;tx_bytes\&#34; value:\&#34;0\&#34; &gt; metrics:&lt;key:\&#34;tx_error_packets\&#34; value:\&#34;0\&#34; &gt; metrics:&lt;key:\&#34;tx_packets\&#34; value:\&#34;0\&#34; &gt; &gt; &gt; &#34;&#xA;time=&#34;2021-06-08T19:47:48-07:00&#34; level=info msg=&#34;New statistics: UNTAGGED-local0 metrics:&lt;key:\&#34;rx_bytes\&#34; value:\&#34;0\&#34; &gt; metrics:&lt;key:\&#34;rx_error_packets\&#34; value:\&#34;0\&#34; &gt; metrics:&lt;key:\&#34;rx_packets\&#34; value:\&#34;0\&#34; &gt; metrics:&lt;key:\&#34;tx_bytes\&#34; value:\&#34;0\&#34; &gt; metrics:&lt;key:\&#34;tx_error_packets\&#34; value:\&#34;0\&#34; &gt; metrics:&lt;key:\&#34;tx_packets\&#34; value:\&#34;0\&#34; &gt; &#34;&#xA;time=&#34;2021-06-08T19:47:48-07:00&#34; level=info msg=&#34;Statistics: UNTAGGED-local0 metrics:&lt;key:\&#34;rx_bytes\&#34; value:\&#34;0\&#34; &gt; metrics:&lt;key:\&#34;rx_error_packets\&#34; value:\&#34;0\&#34; &gt; metrics:&lt;key:\&#34;rx_packets\&#34; value:\&#34;0\&#34; &gt; metrics:&lt;key:\&#34;tx_bytes\&#34; value:\&#34;0\&#34; &gt; metrics:&lt;key:\&#34;tx_error_packets\&#34; value:\&#34;0\&#34; &gt; metrics:&lt;key:\&#34;tx_packets\&#34; value:\&#34;0\&#34; &gt;  is empty&#34;&#xA;time=&#34;2021-06-08T19:47:51-07:00&#34; level=info msg=&#34;Received event type:UPDATE metrics:&lt;key:\&#34;mgmt\&#34; value:&lt;metrics:&lt;key:\&#34;rx_bytes\&#34; value:\&#34;626993\&#34; &gt; metrics:&lt;key:\&#34;rx_error_packets\&#34; value:\&#34;0\&#34; &gt; metrics:&lt;key:\&#34;rx_packets\&#34; value:\&#34;2384\&#34; &gt; metrics:&lt;key:\&#34;tx_bytes\&#34; value:\&#34;0\&#34; &gt; metrics:&lt;key:\&#34;tx_error_packets\&#34; value:\&#34;0\&#34; &gt; metrics:&lt;key:\&#34;tx_packets\&#34; value:\&#34;0\&#34; &gt; &gt; &gt; &#34;&#xA;time=&#34;2021-06-08T19:47:51-07:00&#34; level=info msg=&#34;New statistics: mgmt metrics:&lt;key:\&#34;rx_bytes\&#34; value:\&#34;626993\&#34; &gt; metrics:&lt;key:\&#34;rx_error_packets\&#34; value:\&#34;0\&#34; &gt; metrics:&lt;key:\&#34;rx_packets\&#34; value:\&#34;2384\&#34; &gt; metrics:&lt;key:\&#34;tx_bytes\&#34; value:\&#34;0\&#34; &gt; metrics:&lt;key:\&#34;tx_error_packets\&#34; value:\&#34;0\&#34; &gt; metrics:&lt;key:\&#34;tx_packets\&#34; value:\&#34;0\&#34; &gt; &#34;&#xA;time=&#34;2021-06-08T19:47:54-07:00&#34; level=info msg=&#34;Received event type:UPDATE metrics:&lt;key:\&#34;UNTAGGED-local0\&#34; value:&lt;metrics:&lt;key:\&#34;rx_bytes\&#34; value:\&#34;0\&#34; &gt; metrics:&lt;key:\&#34;rx_error_packets\&#34; value:\&#34;0\&#34; &gt; metrics:&lt;key:\&#34;rx_packets\&#34; value:\&#34;0\&#34; &gt; metrics:&lt;key:\&#34;tx_bytes\&#34; value:\&#34;0\&#34; &gt; metrics:&lt;key:\&#34;tx_error_packets\&#34; value:\&#34;0\&#34; &gt; metrics:&lt;key:\&#34;tx_packets\&#34; value:\&#34;0\&#34; &gt; &gt; &gt; &#34;&#xA;time=&#34;2021-06-08T19:47:54-07:00&#34; level=info msg=&#34;New statistics: UNTAGGED-local0 metrics:&lt;key:\&#34;rx_bytes\&#34; value:\&#34;0\&#34; &gt; metrics:&lt;key:\&#34;rx_error_packets\&#34; value:\&#34;0\&#34; &gt; metrics:&lt;key:\&#34;rx_packets\&#34; value:\&#34;0\&#34; &gt; metrics:&lt;key:\&#34;tx_bytes\&#34; value:\&#34;0\&#34; &gt; metrics:&lt;key:\&#34;tx_error_packets\&#34; value:\&#34;0\&#34; &gt; metrics:&lt;key:\&#34;tx_packets\&#34; value:\&#34;0\&#34; &gt; &#34;&#xA;time=&#34;2021-06-08T19:47:54-07:00&#34; level=info msg=&#34;Statistics: UNTAGGED-local0 metrics:&lt;key:\&#34;rx_bytes\&#34; value:\&#34;0\&#34; &gt; metrics:&lt;key:\&#34;rx_error_packets\&#34; value:\&#34;0\&#34; &gt; metrics:&lt;key:\&#34;rx_packets\&#34; value:\&#34;0\&#34; &gt; metrics:&lt;key:\&#34;tx_bytes\&#34; value:\&#34;0\&#34; &gt; metrics:&lt;key:\&#34;tx_error_packets\&#34; value:\&#34;0\&#34; &gt; metrics:&lt;key:\&#34;tx_packets\&#34; value:\&#34;0\&#34; &gt;  is empty&#34;&#xA;time=&#34;2021-06-08T19:47:57-07:00&#34; level=info msg=&#34;Received event type:UPDATE metrics:&lt;key:\&#34;mgmt\&#34; value:&lt;metrics:&lt;key:\&#34;rx_bytes\&#34; value:\&#34;687518\&#34; &gt; metrics:&lt;key:\&#34;rx_error_packets\&#34; value:\&#34;0\&#34; &gt; metrics:&lt;key:\&#34;rx_packets\&#34; value:\&#34;2868\&#34; &gt; metrics:&lt;key:\&#34;tx_bytes\&#34; value:\&#34;0\&#34; &gt; metrics:&lt;key:\&#34;tx_error_packets\&#34; value:\&#34;0\&#34; &gt; metrics:&lt;key:\&#34;tx_packets\&#34; value:\&#34;0\&#34; &gt; &gt; &gt; &#34;&#xA;time=&#34;2021-06-08T19:47:57-07:00&#34; level=info msg=&#34;New statistics: mgmt metrics:&lt;key:\&#34;rx_bytes\&#34; value:\&#34;687518\&#34; &gt; metrics:&lt;key:\&#34;rx_error_packets\&#34; value:\&#34;0\&#34; &gt; metrics:&lt;key:\&#34;rx_packets\&#34; value:\&#34;2868\&#34; &gt; metrics:&lt;key:\&#34;tx_bytes\&#34; value:\&#34;0\&#34; &gt; metrics:&lt;key:\&#34;tx_error_packets\&#34; value:\&#34;0\&#34; &gt; metrics:&lt;key:\&#34;tx_packets\&#34; value:\&#34;0\&#34; &gt; &#34;&#xA;time=&#34;2021-06-08T19:48:00-07:00&#34; level=info msg=&#34;Received event type:UPDATE metrics:&lt;key:\&#34;UNTAGGED-local0\&#34; value:&lt;metrics:&lt;key:\&#34;rx_bytes\&#34; value:\&#34;0\&#34; &gt; metrics:&lt;key:\&#34;rx_error_packets\&#34; value:\&#34;0\&#34; &gt; metrics:&lt;key:\&#34;rx_packets\&#34; value:\&#34;0\&#34; &gt; metrics:&lt;key:\&#34;tx_bytes\&#34; value:\&#34;0\&#34; &gt; metrics:&lt;key:\&#34;tx_error_packets\&#34; value:\&#34;0\&#34; &gt; metrics:&lt;key:\&#34;tx_packets\&#34; value:\&#34;0\&#34; &gt; &gt; &gt; &#34;&#xA;time=&#34;2021-06-08T19:48:00-07:00&#34; level=info msg=&#34;New statistics: UNTAGGED-local0 metrics:&lt;key:\&#34;rx_bytes\&#34; value:\&#34;0\&#34; &gt; metrics:&lt;key:\&#34;rx_error_packets\&#34; value:\&#34;0\&#34; &gt; metrics:&lt;key:\&#34;rx_packets\&#34; value:\&#34;0\&#34; &gt; metrics:&lt;key:\&#34;tx_bytes\&#34; value:\&#34;0\&#34; &gt; metrics:&lt;key:\&#34;tx_error_packets\&#34; value:\&#34;0\&#34; &gt; metrics:&lt;key:\&#34;tx_packets\&#34; value:\&#34;0\&#34; &gt; &#34;&#xA;time=&#34;2021-06-08T19:48:00-07:00&#34; level=info msg=&#34;Statistics: UNTAGGED-local0 metrics:&lt;key:\&#34;rx_bytes\&#34; value:\&#34;0\&#34; &gt; metrics:&lt;key:\&#34;rx_error_packets\&#34; value:\&#34;0\&#34; &gt; metrics:&lt;key:\&#34;rx_packets\&#34; value:\&#34;0\&#34; &gt; metrics:&lt;key:\&#34;tx_bytes\&#34; value:\&#34;0\&#34; &gt; metrics:&lt;key:\&#34;tx_error_packets\&#34; value:\&#34;0\&#34; &gt; metrics:&lt;key:\&#34;tx_packets\&#34; value:\&#34;0\&#34; &gt;  is empty&#34;&#xA;time=&#34;2021-06-08T19:48:03-07:00&#34; level=info msg=&#34;Received event type:UPDATE metrics:&lt;key:\&#34;mgmt\&#34; value:&lt;metrics:&lt;key:\&#34;rx_bytes\&#34; value:\&#34;754923\&#34; &gt; metrics:&lt;key:\&#34;rx_error_packets\&#34; value:\&#34;0\&#34; &gt; metrics:&lt;key:\&#34;rx_packets\&#34; value:\&#34;3370\&#34; &gt; metrics:&lt;key:\&#34;tx_bytes\&#34; value:\&#34;0\&#34; &gt; metrics:&lt;key:\&#34;tx_error_packets\&#34; value:\&#34;0\&#34; &gt; metrics:&lt;key:\&#34;tx_packets\&#34; value:\&#34;0\&#34; &gt; &gt; &gt; &#34;&#xA;time=&#34;2021-06-08T19:48:03-07:00&#34; level=info msg=&#34;New statistics: mgmt metrics:&lt;key:\&#34;rx_bytes\&#34; value:\&#34;754923\&#34; &gt; metrics:&lt;key:\&#34;rx_error_packets\&#34; value:\&#34;0\&#34; &gt; metrics:&lt;key:\&#34;rx_packets\&#34; value:\&#34;3370\&#34; &gt; metrics:&lt;key:\&#34;tx_bytes\&#34; value:\&#34;0\&#34; &gt; metrics:&lt;key:\&#34;tx_error_packets\&#34; value:\&#34;0\&#34; &gt; metrics:&lt;key:\&#34;tx_packets\&#34; value:\&#34;0\&#34; &gt; &#34;&#xA;time=&#34;2021-06-08T19:48:06-07:00&#34; level=info msg=&#34;Received event type:UPDATE metrics:&lt;key:\&#34;UNTAGGED-local0\&#34; value:&lt;metrics:&lt;key:\&#34;rx_bytes\&#34; value:\&#34;0\&#34; &gt; metrics:&lt;key:\&#34;rx_error_packets\&#34; value:\&#34;0\&#34; &gt; metrics:&lt;key:\&#34;rx_packets\&#34; value:\&#34;0\&#34; &gt; metrics:&lt;key:\&#34;tx_bytes\&#34; value:\&#34;0\&#34; &gt; metrics:&lt;key:\&#34;tx_error_packets\&#34; value:\&#34;0\&#34; &gt; metrics:&lt;key:\&#34;tx_packets\&#34; value:\&#34;0\&#34; &gt; &gt; &gt; &#34;&#xA;time=&#34;2021-06-08T19:48:06-07:00&#34; level=info msg=&#34;New statistics: UNTAGGED-local0 metrics:&lt;key:\&#34;rx_bytes\&#34; value:\&#34;0\&#34; &gt; metrics:&lt;key:\&#34;rx_error_packets\&#34; value:\&#34;0\&#34; &gt; metrics:&lt;key:\&#34;rx_packets\&#34; value:\&#34;0\&#34; &gt; metrics:&lt;key:\&#34;tx_bytes\&#34; value:\&#34;0\&#34; &gt; metrics:&lt;key:\&#34;tx_error_packets\&#34; value:\&#34;0\&#34; &gt; metrics:&lt;key:\&#34;tx_packets\&#34; value:\&#34;0\&#34; &gt; &#34;&#xA;time=&#34;2021-06-08T19:48:06-07:00&#34; level=info msg=&#34;Statistics: UNTAGGED-local0 metrics:&lt;key:\&#34;rx_bytes\&#34; value:\&#34;0\&#34; &gt; metrics:&lt;key:\&#34;rx_error_packets\&#34; value:\&#34;0\&#34; &gt; metrics:&lt;key:\&#34;rx_packets\&#34; value:\&#34;0\&#34; &gt; metrics:&lt;key:\&#34;tx_bytes\&#34; value:\&#34;0\&#34; &gt; metrics:&lt;key:\&#34;tx_error_packets\&#34; value:\&#34;0\&#34; &gt; metrics:&lt;key:\&#34;tx_packets\&#34; value:\&#34;0\&#34; &gt;  is empty&#34;&#xA;time=&#34;2021-06-08T19:48:09-07:00&#34; level=info msg=&#34;Received event type:UPDATE metrics:&lt;key:\&#34;mgmt\&#34; value:&lt;metrics:&lt;key:\&#34;rx_bytes\&#34; value:\&#34;832010\&#34; &gt; metrics:&lt;key:\&#34;rx_error_packets\&#34; value:\&#34;0\&#34; &gt; metrics:&lt;key:\&#34;rx_packets\&#34; value:\&#34;3861\&#34; &gt; metrics:&lt;key:\&#34;tx_bytes\&#34; value:\&#34;0\&#34; &gt; metrics:&lt;key:\&#34;tx_error_packets\&#34; value:\&#34;0\&#34; &gt; metrics:&lt;key:\&#34;tx_packets\&#34; value:\&#34;0\&#34; &gt; &gt; &gt; &#34;&#xA;time=&#34;2021-06-08T19:48:09-07:00&#34; level=info msg=&#34;New statistics: mgmt metrics:&lt;key:\&#34;rx_bytes\&#34; value:\&#34;832010\&#34; &gt; metrics:&lt;key:\&#34;rx_error_packets\&#34; value:\&#34;0\&#34; &gt; metrics:&lt;key:\&#34;rx_packets\&#34; value:\&#34;3861\&#34; &gt; metrics:&lt;key:\&#34;tx_bytes\&#34; value:\&#34;0\&#34; &gt; metrics:&lt;key:\&#34;tx_error_packets\&#34; value:\&#34;0\&#34; &gt; metrics:&lt;key:\&#34;tx_packets\&#34; value:\&#34;0\&#34; &gt; &#34;&#xA;time=&#34;2021-06-08T19:48:12-07:00&#34; level=info msg=&#34;Received event type:UPDATE metrics:&lt;key:\&#34;UNTAGGED-local0\&#34; value:&lt;metrics:&lt;key:\&#34;rx_bytes\&#34; value:\&#34;0\&#34; &gt; metrics:&lt;key:\&#34;rx_error_packets\&#34; value:\&#34;0\&#34; &gt; metrics:&lt;key:\&#34;rx_packets\&#34; value:\&#34;0\&#34; &gt; metrics:&lt;key:\&#34;tx_bytes\&#34; value:\&#34;0\&#34; &gt; metrics:&lt;key:\&#34;tx_error_packets\&#34; value:\&#34;0\&#34; &gt; metrics:&lt;key:\&#34;tx_packets\&#34; value:\&#34;0\&#34; &gt; &gt; &gt; &#34;&#xA;time=&#34;2021-06-08T19:48:12-07:00&#34; level=info msg=&#34;New statistics: UNTAGGED-local0 metrics:&lt;key:\&#34;rx_bytes\&#34; value:\&#34;0\&#34; &gt; metrics:&lt;key:\&#34;rx_error_packets\&#34; value:\&#34;0\&#34; &gt; metrics:&lt;key:\&#34;rx_packets\&#34; value:\&#34;0\&#34; &gt; metrics:&lt;key:\&#34;tx_bytes\&#34; value:\&#34;0\&#34; &gt; metrics:&lt;key:\&#34;tx_error_packets\&#34; value:\&#34;0\&#34; &gt; metrics:&lt;key:\&#34;tx_packets\&#34; value:\&#34;0\&#34; &gt; &#34;&#xA;time=&#34;2021-06-08T19:48:12-07:00&#34; level=info msg=&#34;Statistics: UNTAGGED-local0 metrics:&lt;key:\&#34;rx_bytes\&#34; value:\&#34;0\&#34; &gt; metrics:&lt;key:\&#34;rx_error_packets\&#34; value:\&#34;0\&#34; &gt; metrics:&lt;key:\&#34;rx_packets\&#34; value:\&#34;0\&#34; &gt; metrics:&lt;key:\&#34;tx_bytes\&#34; value:\&#34;0\&#34; &gt; metrics:&lt;key:\&#34;tx_error_packets\&#34; value:\&#34;0\&#34; &gt; metrics:&lt;key:\&#34;tx_packets\&#34; value:\&#34;0\&#34; &gt;  is empty&#34;&#xA;time=&#34;2021-06-08T19:48:15-07:00&#34; level=info msg=&#34;Received event type:UPDATE metrics:&lt;key:\&#34;mgmt\&#34; value:&lt;metrics:&lt;key:\&#34;rx_bytes\&#34; value:\&#34;894866\&#34; &gt; metrics:&lt;key:\&#34;rx_error_packets\&#34; value:\&#34;0\&#34; &gt; metrics:&lt;key:\&#34;rx_packets\&#34; value:\&#34;4359\&#34; &gt; metrics:&lt;key:\&#34;tx_bytes\&#34; value:\&#34;0\&#34; &gt; metrics:&lt;key:\&#34;tx_error_packets\&#34; value:\&#34;0\&#34; &gt; metrics:&lt;key:\&#34;tx_packets\&#34; value:\&#34;0\&#34; &gt; &gt; &gt; &#34;&#xA;time=&#34;2021-06-08T19:48:15-07:00&#34; level=info msg=&#34;New statistics: mgmt metrics:&lt;key:\&#34;rx_bytes\&#34; value:\&#34;894866\&#34; &gt; metrics:&lt;key:\&#34;rx_error_packets\&#34; value:\&#34;0\&#34; &gt; metrics:&lt;key:\&#34;rx_packets\&#34; value:\&#34;4359\&#34; &gt; metrics:&lt;key:\&#34;tx_bytes\&#34; value:\&#34;0\&#34; &gt; metrics:&lt;key:\&#34;tx_error_packets\&#34; value:\&#34;0\&#34; &gt; metrics:&lt;key:\&#34;tx_packets\&#34; value:\&#34;0\&#34; &gt; &#34;&#xA;time=&#34;2021-06-08T19:48:18-07:00&#34; level=info msg=&#34;Received event type:UPDATE metrics:&lt;key:\&#34;UNTAGGED-local0\&#34; value:&lt;metrics:&lt;key:\&#34;rx_bytes\&#34; value:\&#34;0\&#34; &gt; metrics:&lt;key:\&#34;rx_error_packets\&#34; value:\&#34;0\&#34; &gt; metrics:&lt;key:\&#34;rx_packets\&#34; value:\&#34;0\&#34; &gt; metrics:&lt;key:\&#34;tx_bytes\&#34; value:\&#34;0\&#34; &gt; metrics:&lt;key:\&#34;tx_error_packets\&#34; value:\&#34;0\&#34; &gt; metrics:&lt;key:\&#34;tx_packets\&#34; value:\&#34;0\&#34; &gt; &gt; &gt; &#34;&#xA;time=&#34;2021-06-08T19:48:18-07:00&#34; level=info msg=&#34;New statistics: UNTAGGED-local0 metrics:&lt;key:\&#34;rx_bytes\&#34; value:\&#34;0\&#34; &gt; metrics:&lt;key:\&#34;rx_error_packets\&#34; value:\&#34;0\&#34; &gt; metrics:&lt;key:\&#34;rx_packets\&#34; value:\&#34;0\&#34; &gt; metrics:&lt;key:\&#34;tx_bytes\&#34; value:\&#34;0\&#34; &gt; metrics:&lt;key:\&#34;tx_error_packets\&#34; value:\&#34;0\&#34; &gt; metrics:&lt;key:\&#34;tx_packets\&#34; value:\&#34;0\&#34; &gt; &#34;&#xA;time=&#34;2021-06-08T19:48:18-07:00&#34; level=info msg=&#34;Statistics: UNTAGGED-local0 metrics:&lt;key:\&#34;rx_bytes\&#34; value:\&#34;0\&#34; &gt; metrics:&lt;key:\&#34;rx_error_packets\&#34; value:\&#34;0\&#34; &gt; metrics:&lt;key:\&#34;rx_packets\&#34; value:\&#34;0\&#34; &gt; metrics:&lt;key:\&#34;tx_bytes\&#34; value:\&#34;0\&#34; &gt; metrics:&lt;key:\&#34;tx_error_packets\&#34; value:\&#34;0\&#34; &gt; metrics:&lt;key:\&#34;tx_packets\&#34; value:\&#34;0\&#34; &gt;  is empty&#34;&#xA;time=&#34;2021-06-08T19:48:21-07:00&#34; level=info msg=&#34;Received event type:UPDATE metrics:&lt;key:\&#34;mgmt\&#34; value:&lt;metrics:&lt;key:\&#34;rx_bytes\&#34; value:\&#34;961153\&#34; &gt; metrics:&lt;key:\&#34;rx_error_packets\&#34; value:\&#34;0\&#34; &gt; metrics:&lt;key:\&#34;rx_packets\&#34; value:\&#34;4871\&#34; &gt; metrics:&lt;key:\&#34;tx_bytes\&#34; value:\&#34;0\&#34; &gt; metrics:&lt;key:\&#34;tx_error_packets\&#34; value:\&#34;0\&#34; &gt; metrics:&lt;key:\&#34;tx_packets\&#34; value:\&#34;0\&#34; &gt; &gt; &gt; &#34;&#xA;time=&#34;2021-06-08T19:48:21-07:00&#34; level=info msg=&#34;New statistics: mgmt metrics:&lt;key:\&#34;rx_bytes\&#34; value:\&#34;961153\&#34; &gt; metrics:&lt;key:\&#34;rx_error_packets\&#34; value:\&#34;0\&#34; &gt; metrics:&lt;key:\&#34;rx_packets\&#34; value:\&#34;4871\&#34; &gt; metrics:&lt;key:\&#34;tx_bytes\&#34; value:\&#34;0\&#34; &gt; metrics:&lt;key:\&#34;tx_error_packets\&#34; value:\&#34;0\&#34; &gt; metrics:&lt;key:\&#34;tx_packets\&#34; value:\&#34;0\&#34; &gt; &#34;&#xA;time=&#34;2021-06-08T19:48:24-07:00&#34; level=info msg=&#34;Received event type:UPDATE metrics:&lt;key:\&#34;UNTAGGED-local0\&#34; value:&lt;metrics:&lt;key:\&#34;rx_bytes\&#34; value:\&#34;0\&#34; &gt; metrics:&lt;key:\&#34;rx_error_packets\&#34; value:\&#34;0\&#34; &gt; metrics:&lt;key:\&#34;rx_packets\&#34; value:\&#34;0\&#34; &gt; metrics:&lt;key:\&#34;tx_bytes\&#34; value:\&#34;0\&#34; &gt; metrics:&lt;key:\&#34;tx_error_packets\&#34; value:\&#34;0\&#34; &gt; metrics:&lt;key:\&#34;tx_packets\&#34; value:\&#34;0\&#34; &gt; &gt; &gt; &#34;&#xA;time=&#34;2021-06-08T19:48:24-07:00&#34; level=info msg=&#34;New statistics: UNTAGGED-local0 metrics:&lt;key:\&#34;rx_bytes\&#34; value:\&#34;0\&#34; &gt; metrics:&lt;key:\&#34;rx_error_packets\&#34; value:\&#34;0\&#34; &gt; metrics:&lt;key:\&#34;rx_packets\&#34; value:\&#34;0\&#34; &gt; metrics:&lt;key:\&#34;tx_bytes\&#34; value:\&#34;0\&#34; &gt; metrics:&lt;key:\&#34;tx_error_packets\&#34; value:\&#34;0\&#34; &gt; metrics:&lt;key:\&#34;tx_packets\&#34; value:\&#34;0\&#34; &gt; &#34;&#xA;time=&#34;2021-06-08T19:48:24-07:00&#34; level=info msg=&#34;Statistics: UNTAGGED-local0 metrics:&lt;key:\&#34;rx_bytes\&#34; value:\&#34;0\&#34; &gt; metrics:&lt;key:\&#34;rx_error_packets\&#34; value:\&#34;0\&#34; &gt; metrics:&lt;key:\&#34;rx_packets\&#34; value:\&#34;0\&#34; &gt; metrics:&lt;key:\&#34;tx_bytes\&#34; value:\&#34;0\&#34; &gt; metrics:&lt;key:\&#34;tx_error_packets\&#34; value:\&#34;0\&#34; &gt; metrics:&lt;key:\&#34;tx_packets\&#34; value:\&#34;0\&#34; &gt;  is empty&#34;&#xA;time=&#34;2021-06-08T19:48:27-07:00&#34; level=info msg=&#34;Received event type:UPDATE metrics:&lt;key:\&#34;mgmt\&#34; value:&lt;metrics:&lt;key:\&#34;rx_bytes\&#34; value:\&#34;1022316\&#34; &gt; metrics:&lt;key:\&#34;rx_error_packets\&#34; value:\&#34;0\&#34; &gt; metrics:&lt;key:\&#34;rx_packets\&#34; value:\&#34;5340\&#34; &gt; metrics:&lt;key:\&#34;tx_bytes\&#34; value:\&#34;0\&#34; &gt; metrics:&lt;key:\&#34;tx_error_packets\&#34; value:\&#34;0\&#34; &gt; metrics:&lt;key:\&#34;tx_packets\&#34; value:\&#34;0\&#34; &gt; &gt; &gt; &#34;&#xA;time=&#34;2021-06-08T19:48:27-07:00&#34; level=info msg=&#34;New statistics: mgmt metrics:&lt;key:\&#34;rx_bytes\&#34; value:\&#34;1022316\&#34; &gt; metrics:&lt;key:\&#34;rx_error_packets\&#34; value:\&#34;0\&#34; &gt; metrics:&lt;key:\&#34;rx_packets\&#34; value:\&#34;5340\&#34; &gt; metrics:&lt;key:\&#34;tx_bytes\&#34; value:\&#34;0\&#34; &gt; metrics:&lt;key:\&#34;tx_error_packets\&#34; value:\&#34;0\&#34; &gt; metrics:&lt;key:\&#34;tx_packets\&#34; value:\&#34;0\&#34; &gt; &#34;&#xA;time=&#34;2021-06-08T19:48:30-07:00&#34; level=info msg=&#34;Received event type:UPDATE metrics:&lt;key:\&#34;UNTAGGED-local0\&#34; value:&lt;metrics:&lt;key:\&#34;rx_bytes\&#34; value:\&#34;0\&#34; &gt; metrics:&lt;key:\&#34;rx_error_packets\&#34; value:\&#34;0\&#34; &gt; metrics:&lt;key:\&#34;rx_packets\&#34; value:\&#34;0\&#34; &gt; metrics:&lt;key:\&#34;tx_bytes\&#34; value:\&#34;0\&#34; &gt; metrics:&lt;key:\&#34;tx_error_packets\&#34; value:\&#34;0\&#34; &gt; metrics:&lt;key:\&#34;tx_packets\&#34; value:\&#34;0\&#34; &gt; &gt; &gt; &#34;&#xA;time=&#34;2021-06-08T19:48:30-07:00&#34; level=info msg=&#34;New statistics: UNTAGGED-local0 metrics:&lt;key:\&#34;rx_bytes\&#34; value:\&#34;0\&#34; &gt; metrics:&lt;key:\&#34;rx_error_packets\&#34; value:\&#34;0\&#34; &gt; metrics:&lt;key:\&#34;rx_packets\&#34; value:\&#34;0\&#34; &gt; metrics:&lt;key:\&#34;tx_bytes\&#34; value:\&#34;0\&#34; &gt; metrics:&lt;key:\&#34;tx_error_packets\&#34; value:\&#34;0\&#34; &gt; metrics:&lt;key:\&#34;tx_packets\&#34; value:\&#34;0\&#34; &gt; &#34;&#xA;time=&#34;2021-06-08T19:48:30-07:00&#34; level=info msg=&#34;Statistics: UNTAGGED-local0 metrics:&lt;key:\&#34;rx_bytes\&#34; value:\&#34;0\&#34; &gt; metrics:&lt;key:\&#34;rx_error_packets\&#34; value:\&#34;0\&#34; &gt; metrics:&lt;key:\&#34;rx_packets\&#34; value:\&#34;0\&#34; &gt; metrics:&lt;key:\&#34;tx_bytes\&#34; value:\&#34;0\&#34; &gt; metrics:&lt;key:\&#34;tx_error_packets\&#34; value:\&#34;0\&#34; &gt; metrics:&lt;key:\&#34;tx_packets\&#34; value:\&#34;0\&#34; &gt;  is empty&#34;&#xA;time=&#34;2021-06-08T19:48:33-07:00&#34; level=info msg=&#34;Received event type:UPDATE metrics:&lt;key:\&#34;mgmt\&#34; value:&lt;metrics:&lt;key:\&#34;rx_bytes\&#34; value:\&#34;1106915\&#34; &gt; metrics:&lt;key:\&#34;rx_error_packets\&#34; value:\&#34;0\&#34; &gt; metrics:&lt;key:\&#34;rx_packets\&#34; value:\&#34;5881\&#34; &gt; metrics:&lt;key:\&#34;tx_bytes\&#34; value:\&#34;0\&#34; &gt; metrics:&lt;key:\&#34;tx_error_packets\&#34; value:\&#34;0\&#34; &gt; metrics:&lt;key:\&#34;tx_packets\&#34; value:\&#34;0\&#34; &gt; &gt; &gt; &#34;&#xA;time=&#34;2021-06-08T19:48:33-07:00&#34; level=info msg=&#34;New statistics: mgmt metrics:&lt;key:\&#34;rx_bytes\&#34; value:\&#34;1106915\&#34; &gt; metrics:&lt;key:\&#34;rx_error_packets\&#34; value:\&#34;0\&#34; &gt; metrics:&lt;key:\&#34;rx_packets\&#34; value:\&#34;5881\&#34; &gt; metrics:&lt;key:\&#34;tx_bytes\&#34; value:\&#34;0\&#34; &gt; metrics:&lt;key:\&#34;tx_error_packets\&#34; value:\&#34;0\&#34; &gt; metrics:&lt;key:\&#34;tx_packets\&#34; value:\&#34;0\&#34; &gt; &#34;&#xA;time=&#34;2021-06-08T19:48:59-07:00&#34; level=info msg=&#34;Pod deploy half time passed: nsc1&#34;&#xA;time=&#34;2021-06-08T19:50:28-07:00&#34; level=error msg=&#34;createAndBlock with pods: nsc1 Timeout in waitTimeout&#34;&#xA;time=&#34;2021-06-08T19:50:28-07:00&#34; level=error msg=&#34;Failed to deploy pod, trying to get any information&#34;&#xA;time=&#34;2021-06-08T19:50:28-07:00&#34; level=error msg=&#34;blockUntilPodReady failed. Cause: Timeout during waiting for pod change status for pod nsc1 [{Initialized False 0001-01-01 00:00:00 +0000 UTC 2021-06-08 19:47:28 -0700 PDT ContainersNotInitialized containers with incomplete status: [nsm-init]} {Ready False 0001-01-01 00:00:00 +0000 UTC 2021-06-08 19:47:28 -0700 PDT ContainersNotReady containers with unready status: [alpine-img]} {ContainersReady False 0001-01-01 00:00:00 +0000 UTC 2021-06-08 19:47:28 -0700 PDT ContainersNotReady containers with unready status: [alpine-img]} {PodScheduled True 0001-01-01 00:00:00 +0000 UTC 2021-06-08 19:47:28 -0700 PDT  }] status:  pod: nsc1&#34;&#xA;time=&#34;2021-06-08T19:50:29-07:00&#34; level=info msg=&#34;Pod container information: nsc1&#34;&#xA;time=&#34;2021-06-08T19:50:29-07:00&#34; level=info msg=&#34;Pod nsc1 event: {\&#34;metadata\&#34;:{\&#34;name\&#34;:\&#34;nsc1.1686ca078e62cb70\&#34;,\&#34;namespace\&#34;:\&#34;nsm-system\&#34;,\&#34;selfLink\&#34;:\&#34;/api/v1/namespaces/nsm-system/events/nsc1.1686ca078e62cb70\&#34;,\&#34;uid\&#34;:\&#34;8eb80d49-887d-4ebd-b76c-ed95c4f58823\&#34;,\&#34;resourceVersion\&#34;:\&#34;10246\&#34;,\&#34;creationTimestamp\&#34;:\&#34;2021-06-09T02:47:29Z\&#34;},\&#34;involvedObject\&#34;:{\&#34;kind\&#34;:\&#34;Pod\&#34;,\&#34;namespace\&#34;:\&#34;nsm-system\&#34;,\&#34;name\&#34;:\&#34;nsc1\&#34;,\&#34;uid\&#34;:\&#34;4cc0c71e-db4f-4ed3-b5eb-665701b2a640\&#34;,\&#34;apiVersion\&#34;:\&#34;v1\&#34;,\&#34;resourceVersion\&#34;:\&#34;10238\&#34;,\&#34;fieldPath\&#34;:\&#34;spec.initContainers{nsm-init}\&#34;},\&#34;reason\&#34;:\&#34;Started\&#34;,\&#34;message\&#34;:\&#34;Started container nsm-init\&#34;,\&#34;source\&#34;:{\&#34;component\&#34;:\&#34;kubelet\&#34;,\&#34;host\&#34;:\&#34;kind-1-worker\&#34;},\&#34;firstTimestamp\&#34;:\&#34;2021-06-09T02:47:29Z\&#34;,\&#34;lastTimestamp\&#34;:\&#34;2021-06-09T02:47:29Z\&#34;,\&#34;count\&#34;:1,\&#34;type\&#34;:\&#34;Normal\&#34;,\&#34;eventTime\&#34;:null,\&#34;reportingComponent\&#34;:\&#34;\&#34;,\&#34;reportingInstance\&#34;:\&#34;\&#34;}&#34;&#xA;time=&#34;2021-06-08T19:50:29-07:00&#34; level=info msg=&#34;Pod nsc1 event: {\&#34;metadata\&#34;:{\&#34;name\&#34;:\&#34;nsc1.1686ca0789081518\&#34;,\&#34;namespace\&#34;:\&#34;nsm-system\&#34;,\&#34;selfLink\&#34;:\&#34;/api/v1/namespaces/nsm-system/events/nsc1.1686ca0789081518\&#34;,\&#34;uid\&#34;:\&#34;378eaaff-2c0b-4011-a6c3-c56f7106faab\&#34;,\&#34;resourceVersion\&#34;:\&#34;10243\&#34;,\&#34;creationTimestamp\&#34;:\&#34;2021-06-09T02:47:29Z\&#34;},\&#34;involvedObject\&#34;:{\&#34;kind\&#34;:\&#34;Pod\&#34;,\&#34;namespace\&#34;:\&#34;nsm-system\&#34;,\&#34;name\&#34;:\&#34;nsc1\&#34;,\&#34;uid\&#34;:\&#34;4cc0c71e-db4f-4ed3-b5eb-665701b2a640\&#34;,\&#34;apiVersion\&#34;:\&#34;v1\&#34;,\&#34;resourceVersion\&#34;:\&#34;10238\&#34;,\&#34;fieldPath\&#34;:\&#34;spec.initContainers{nsm-init}\&#34;},\&#34;reason\&#34;:\&#34;Created\&#34;,\&#34;message\&#34;:\&#34;Created container nsm-init\&#34;,\&#34;source\&#34;:{\&#34;component\&#34;:\&#34;kubelet\&#34;,\&#34;host\&#34;:\&#34;kind-1-worker\&#34;},\&#34;firstTimestamp\&#34;:\&#34;2021-06-09T02:47:29Z\&#34;,\&#34;lastTimestamp\&#34;:\&#34;2021-06-09T02:47:29Z\&#34;,\&#34;count\&#34;:1,\&#34;type\&#34;:\&#34;Normal\&#34;,\&#34;eventTime\&#34;:null,\&#34;reportingComponent\&#34;:\&#34;\&#34;,\&#34;reportingInstance\&#34;:\&#34;\&#34;}&#34;&#xA;time=&#34;2021-06-08T19:50:29-07:00&#34; level=info msg=&#34;Pod nsc1 event: {\&#34;metadata\&#34;:{\&#34;name\&#34;:\&#34;nsc1.1686ca0787428498\&#34;,\&#34;namespace\&#34;:\&#34;nsm-system\&#34;,\&#34;selfLink\&#34;:\&#34;/api/v1/namespaces/nsm-system/events/nsc1.1686ca0787428498\&#34;,\&#34;uid\&#34;:\&#34;926071e9-febd-4ec6-96f4-3d702513b8b6\&#34;,\&#34;resourceVersion\&#34;:\&#34;10242\&#34;,\&#34;creationTimestamp\&#34;:\&#34;2021-06-09T02:47:29Z\&#34;},\&#34;involvedObject\&#34;:{\&#34;kind\&#34;:\&#34;Pod\&#34;,\&#34;namespace\&#34;:\&#34;nsm-system\&#34;,\&#34;name\&#34;:\&#34;nsc1\&#34;,\&#34;uid\&#34;:\&#34;4cc0c71e-db4f-4ed3-b5eb-665701b2a640\&#34;,\&#34;apiVersion\&#34;:\&#34;v1\&#34;,\&#34;resourceVersion\&#34;:\&#34;10238\&#34;,\&#34;fieldPath\&#34;:\&#34;spec.initContainers{nsm-init}\&#34;},\&#34;reason\&#34;:\&#34;Pulled\&#34;,\&#34;message\&#34;:\&#34;Container image \\\&#34;containers.cisco.com/appn/nsm-init:vl3_latest\\\&#34; already present on machine\&#34;,\&#34;source\&#34;:{\&#34;component\&#34;:\&#34;kubelet\&#34;,\&#34;host\&#34;:\&#34;kind-1-worker\&#34;},\&#34;firstTimestamp\&#34;:\&#34;2021-06-09T02:47:29Z\&#34;,\&#34;lastTimestamp\&#34;:\&#34;2021-06-09T02:47:29Z\&#34;,\&#34;count\&#34;:1,\&#34;type\&#34;:\&#34;Normal\&#34;,\&#34;eventTime\&#34;:null,\&#34;reportingComponent\&#34;:\&#34;\&#34;,\&#34;reportingInstance\&#34;:\&#34;\&#34;}&#34;&#xA;time=&#34;2021-06-08T19:50:29-07:00&#34; level=info msg=&#34;Pod nsc1 event: {\&#34;metadata\&#34;:{\&#34;name\&#34;:\&#34;nsc1.1686ca0769778864\&#34;,\&#34;namespace\&#34;:\&#34;nsm-system\&#34;,\&#34;selfLink\&#34;:\&#34;/api/v1/namespaces/nsm-system/events/nsc1.1686ca0769778864\&#34;,\&#34;uid\&#34;:\&#34;6bbe4e17-4ba2-46cf-8a56-d7cd8f5696c9\&#34;,\&#34;resourceVersion\&#34;:\&#34;10239\&#34;,\&#34;creationTimestamp\&#34;:\&#34;2021-06-09T02:47:28Z\&#34;},\&#34;involvedObject\&#34;:{\&#34;kind\&#34;:\&#34;Pod\&#34;,\&#34;namespace\&#34;:\&#34;nsm-system\&#34;,\&#34;name\&#34;:\&#34;nsc1\&#34;,\&#34;uid\&#34;:\&#34;4cc0c71e-db4f-4ed3-b5eb-665701b2a640\&#34;,\&#34;apiVersion\&#34;:\&#34;v1\&#34;,\&#34;resourceVersion\&#34;:\&#34;10237\&#34;},\&#34;reason\&#34;:\&#34;Scheduled\&#34;,\&#34;message\&#34;:\&#34;Successfully assigned nsm-system/nsc1 to kind-1-worker\&#34;,\&#34;source\&#34;:{\&#34;component\&#34;:\&#34;default-scheduler\&#34;},\&#34;firstTimestamp\&#34;:\&#34;2021-06-09T02:47:28Z\&#34;,\&#34;lastTimestamp\&#34;:\&#34;2021-06-09T02:47:28Z\&#34;,\&#34;count\&#34;:1,\&#34;type\&#34;:\&#34;Normal\&#34;,\&#34;eventTime\&#34;:null,\&#34;reportingComponent\&#34;:\&#34;\&#34;,\&#34;reportingInstance\&#34;:\&#34;\&#34;}&#34;&#xA;time=&#34;2021-06-08T19:50:29-07:00&#34; level=info msg=&#34;Pod nsc1: container: nsm-init status: false: Logs: time=\&#34;2021-06-09T02:47:29Z\&#34; level=info msg=\&#34;Starting nsm-init...\&#34;\ntime=\&#34;2021-06-09T02:47:29Z\&#34; level=info msg=\&#34;Version: v1.0.1-rc.2-1-g9262b77b\&#34;\ntime=\&#34;2021-06-09T02:47:29Z\&#34; level=info msg=\&#34;All env variables:\&#34;\ntime=\&#34;2021-06-09T02:47:29Z\&#34; level=info msg=\&#34;KUBERNETES_SERVICE_PORT=443\&#34;\ntime=\&#34;2021-06-09T02:47:29Z\&#34; level=info msg=\&#34;KUBERNETES_PORT=tcp://10.96.0.1:443\&#34;\ntime=\&#34;2021-06-09T02:47:29Z\&#34; level=info msg=\&#34;GRPC_GO_LOG_VERBOSITY_LEVEL=99\&#34;\ntime=\&#34;2021-06-09T02:47:29Z\&#34; level=info msg=\&#34;HOSTNAME=nsc1\&#34;\ntime=\&#34;2021-06-09T02:47:29Z\&#34; level=info msg=\&#34;GRPC_GO_LOG_SEVERITY_LEVEL=info\&#34;\ntime=\&#34;2021-06-09T02:47:29Z\&#34; level=info msg=\&#34;SHLVL=1\&#34;\ntime=\&#34;2021-06-09T02:47:29Z\&#34; level=info msg=\&#34;NSM_CLIENT_SOCKET=/var/lib/networkservicemesh/nsm.client.io.sock\&#34;\ntime=\&#34;2021-06-09T02:47:29Z\&#34; level=info msg=\&#34;HOME=/root\&#34;\ntime=\&#34;2021-06-09T02:47:29Z\&#34; level=info msg=\&#34;WORKSPACE=/var/lib/networkservicemesh/\&#34;\ntime=\&#34;2021-06-09T02:47:29Z\&#34; level=info msg=\&#34;KUBERNETES_PORT_443_TCP_ADDR=10.96.0.1\&#34;\ntime=\&#34;2021-06-09T02:47:29Z\&#34; level=info msg=\&#34;PATH=/usr/local/sbin:/usr/local/bin:/usr/sbin:/usr/bin:/sbin:/bin\&#34;\ntime=\&#34;2021-06-09T02:47:29Z\&#34; level=info msg=\&#34;CLIENT_LABELS=app=icmp\&#34;\ntime=\&#34;2021-06-09T02:47:29Z\&#34; level=info msg=\&#34;KUBERNETES_PORT_443_TCP_PORT=443\&#34;\ntime=\&#34;2021-06-09T02:47:29Z\&#34; level=info msg=\&#34;CLIENT_NETWORK_SERVICE=icmp-responder\&#34;\ntime=\&#34;2021-06-09T02:47:29Z\&#34; level=info msg=\&#34;KUBERNETES_PORT_443_TCP_PROTO=tcp\&#34;\ntime=\&#34;2021-06-09T02:47:29Z\&#34; level=info msg=\&#34;ENTRY=nsm-init\&#34;\ntime=\&#34;2021-06-09T02:47:29Z\&#34; level=info msg=\&#34;NSM_SERVER_SOCKET=/var/lib/networkservicemesh/nsm.server.io.sock\&#34;\ntime=\&#34;2021-06-09T02:47:29Z\&#34; level=info msg=\&#34;KUBERNETES_SERVICE_PORT_HTTPS=443\&#34;\ntime=\&#34;2021-06-09T02:47:29Z\&#34; level=info msg=\&#34;KUBERNETES_PORT_443_TCP=tcp://10.96.0.1:443\&#34;\ntime=\&#34;2021-06-09T02:47:29Z\&#34; level=info msg=\&#34;KUBERNETES_SERVICE_HOST=10.96.0.1\&#34;\ntime=\&#34;2021-06-09T02:47:29Z\&#34; level=info msg=\&#34;PWD=/\&#34;\ntime=\&#34;2021-06-09T02:47:29Z\&#34; level=info msg=\&#34;NSM_DEVICE_PLUGIN=true\&#34;\ntime=\&#34;2021-06-09T02:47:29Z\&#34; level=info msg=\&#34;nsmServerSocket: /var/lib/networkservicemesh/nsm.server.io.sock\&#34;\ntime=\&#34;2021-06-09T02:47:29Z\&#34; level=info msg=\&#34;nsmClientSocket: /var/lib/networkservicemesh/nsm.client.io.sock\&#34;\ntime=\&#34;2021-06-09T02:47:29Z\&#34; level=info msg=\&#34;workspace: /var/lib/networkservicemesh/\&#34;\ntime=\&#34;2021-06-09T02:47:29Z\&#34; level=info msg=\&#34;ENDPOINT_NETWORK_SERVICE not found.\&#34;\ntime=\&#34;2021-06-09T02:47:29Z\&#34; level=info msg=\&#34;Outgoing Network Service Name: icmp-responder\&#34;\ntime=\&#34;2021-06-09T02:47:29Z\&#34; level=info msg=\&#34;ENDPOINT_LABELS not found.\&#34;\ntime=\&#34;2021-06-09T02:47:29Z\&#34; level=info msg=\&#34;Outgoing labels: app=icmp\&#34;\ntime=\&#34;2021-06-09T02:47:29Z\&#34; level=info msg=\&#34;NSC_INTERFACE_NAME not found.\&#34;\ntime=\&#34;2021-06-09T02:47:29Z\&#34; level=info msg=\&#34;MECHANISM_TYPE not found.\&#34;\ntime=\&#34;2021-06-09T02:47:29Z\&#34; level=info msg=\&#34;IP_ADDRESS not found.\&#34;\ntime=\&#34;2021-06-09T02:47:29Z\&#34; level=info msg=\&#34;POD_NAME not found.\&#34;\ntime=\&#34;2021-06-09T02:47:29Z\&#34; level=info msg=\&#34;NSM_NAMESPACE not found.\&#34;\ntime=\&#34;2021-06-09T02:47:29Z\&#34; level=info msg=\&#34;ROUTES not found.\&#34;\ntime=\&#34;2021-06-09T02:47:29Z\&#34; level=info msg=\&#34;Creating logger from config: &amp;{nsm-init@nsc1 false false [] 0xc0000bccc0 0xc00022d880 &lt;nil&gt; &lt;nil&gt; &lt;nil&gt;}\&#34;\n2021/06/09 02:47:29 debug logging disabled\n2021/06/09 02:47:29 Initializing logging reporter\n2021/06/09 02:47:29 debug logging disabled\ntime=\&#34;2021-06-09T02:47:29Z\&#34; level=info msg=\&#34;==--&gt; RequestNetworkService() span:1b87a659cdcabe1f:1b87a659cdcabe1f:0000000000000000:1\&#34;\ntime=\&#34;2021-06-09T02:47:29Z\&#34; level=info msg=\&#34;ENDPOINT_NETWORK_SERVICE not found.\&#34;\ntime=\&#34;2021-06-09T02:47:29Z\&#34; level=info msg=\&#34;ENDPOINT_LABELS not found.\&#34;\ntime=\&#34;2021-06-09T02:47:29Z\&#34; level=info msg=\&#34;NSC_INTERFACE_NAME not found.\&#34;\ntime=\&#34;2021-06-09T02:47:29Z\&#34; level=info msg=\&#34;MECHANISM_TYPE not found.\&#34;\ntime=\&#34;2021-06-09T02:47:29Z\&#34; level=info msg=\&#34;IP_ADDRESS not found.\&#34;\ntime=\&#34;2021-06-09T02:47:29Z\&#34; level=info msg=\&#34;POD_NAME not found.\&#34;\ntime=\&#34;2021-06-09T02:47:29Z\&#34; level=info msg=\&#34;NSM_NAMESPACE not found.\&#34;\ntime=\&#34;2021-06-09T02:47:29Z\&#34; level=info msg=\&#34;ROUTES not found.\&#34;\ntime=\&#34;2021-06-09T02:47:29Z\&#34; level=info msg=\&#34;NSM_NAMESPACE not found.\&#34;\ntime=\&#34;2021-06-09T02:47:29Z\&#34; level=warning msg=\&#34;global opentracer is already initialized\&#34;\ntime=\&#34;2021-06-09T02:47:29Z\&#34; level=info msg=\&#34;Creating logger from config: &amp;{nsm-client@nsc1 false false [] 0xc00030a2a0 0xc000356540 &lt;nil&gt; &lt;nil&gt; &lt;nil&gt;}\&#34;\n2021/06/09 02:47:29 debug logging disabled\n2021/06/09 02:47:29 Initializing logging reporter\n2021/06/09 02:47:29 debug logging disabled\ntime=\&#34;2021-06-09T02:47:29Z\&#34; level=info msg=\&#34;Trying to establish connection to target: /var/lib/networkservicemesh/nsm.server.io.sock\&#34;\ntime=\&#34;2021-06-09T02:47:29Z\&#34; level=info msg=\&#34;readDialConfig insecure: false\&#34;\ntime=\&#34;2021-06-09T02:47:29Z\&#34; level=info msg=\&#34;Trying to establish connection with the spire provider at address:unix:///run/spire/sockets/agent.sock\&#34;\ntime=\&#34;2021-06-09T02:47:29Z\&#34; level=info msg=\&#34;Created the todo context:unix:///run/spire/sockets/agent.sock\&#34;\nINFO: 2021/06/09 02:47:29 [core] parsed scheme: \&#34;unix\&#34;\nINFO: 2021/06/09 02:47:29 [core] ccResolverWrapper: sending update to cc: {[{/run/spire/sockets/agent.sock  0xc0000ba688 0 &lt;nil&gt;}] &lt;nil&gt; &lt;nil&gt;}\nINFO: 2021/06/09 02:47:29 [core] ClientConn switching balancer to \&#34;pick_first\&#34;\nINFO: 2021/06/09 02:47:29 [core] Channel switches to new LB policy \&#34;pick_first\&#34;\nINFO: 2021/06/09 02:47:29 [core] Subchannel Connectivity change to CONNECTING\nINFO: 2021/06/09 02:47:29 [core] blockingPicker: the picked transport is not ready, loop back to repick\nINFO: 2021/06/09 02:47:29 [core] pickfirstBalancer: UpdateSubConnState: 0xc000230b90, {CONNECTING &lt;nil&gt;}\nINFO: 2021/06/09 02:47:29 [core] Channel Connectivity change to CONNECTING\nINFO: 2021/06/09 02:47:29 [core] Subchannel picks a new address \&#34;/run/spire/sockets/agent.sock\&#34; to connect\nINFO: 2021/06/09 02:47:29 [core] Subchannel Connectivity change to READY\nINFO: 2021/06/09 02:47:29 [core] pickfirstBalancer: UpdateSubConnState: 0xc000230b90, {READY &lt;nil&gt;}\nINFO: 2021/06/09 02:47:29 [core] Channel Connectivity change to READY\ntime=\&#34;2021-06-09T02:47:30Z\&#34; level=info msg=\&#34;Got x509:&amp;{0xc00011cb40 &lt;nil&gt; {{0 0} 0 0 0 0} 0xc00007ac30 0xc00000dd00 {{0 0} 0 0 0 0} false} &lt;nil&gt;\&#34;\ntime=\&#34;2021-06-09T02:47:30Z\&#34; level=info msg=\&#34;Started goroutine\&#34;\ntime=\&#34;2021-06-09T02:47:30Z\&#34; level=info msg=\&#34;Returning provider\&#34;\ntime=\&#34;2021-06-09T02:47:30Z\&#34; level=info msg=\&#34;func insecure: false, env insecure: false\&#34;\ntime=\&#34;2021-06-09T02:47:30Z\&#34; level=info msg=\&#34;Connecting to the workload api at:unix:///run/spire/sockets/agent.sock\&#34;\nINFO: 2021/06/09 02:47:30 [core] parsed scheme: \&#34;unix\&#34;\nINFO: 2021/06/09 02:47:30 [core] ccResolverWrapper: sending update to cc: {[{/run/spire/sockets/agent.sock  0xc00000e0f8 0 &lt;nil&gt;}] &lt;nil&gt; &lt;nil&gt;}\nINFO: 2021/06/09 02:47:30 [core] ClientConn switching balancer to \&#34;pick_first\&#34;\nINFO: 2021/06/09 02:47:30 [core] Channel switches to new LB policy \&#34;pick_first\&#34;\nINFO: 2021/06/09 02:47:30 [core] Subchannel Connectivity change to CONNECTING\nINFO: 2021/06/09 02:47:30 [core] blockingPicker: the picked transport is not ready, loop back to repick\ntime=\&#34;2021-06-09T02:47:30Z\&#34; level=info msg=\&#34;Issued identity:spiffe://test.com/nsc\&#34;\nINFO: 2021/06/09 02:47:30 [core] Subchannel picks a new address \&#34;/run/spire/sockets/agent.sock\&#34; to connect\nINFO: 2021/06/09 02:47:30 [core] pickfirstBalancer: UpdateSubConnState: 0xc0002e2030, {CONNECTING &lt;nil&gt;}\nINFO: 2021/06/09 02:47:30 [core] Channel Connectivity change to CONNECTING\nINFO: 2021/06/09 02:47:30 [core] Subchannel Connectivity change to READY\nINFO: 2021/06/09 02:47:30 [core] pickfirstBalancer: UpdateSubConnState: 0xc0002e2030, {READY &lt;nil&gt;}\nINFO: 2021/06/09 02:47:30 [core] Channel Connectivity change to READY\nINFO: 2021/06/09 02:47:30 [core] Channel Connectivity change to SHUTDOWN\nINFO: 2021/06/09 02:47:30 [core] Subchannel Connectivity change to SHUTDOWN\ntime=\&#34;2021-06-09T02:47:30Z\&#34; level=info msg=\&#34;Successfully retrieve bundles:&amp;{{{0 0} 0 0 0 0} map[{test.com}:0xc000324d00]}\&#34;\ntime=\&#34;2021-06-09T02:47:30Z\&#34; level=info msg=\&#34;defaultTrustDomain:test.com\&#34;\ntime=\&#34;2021-06-09T02:47:30Z\&#34; level=info msg=\&#34;AUTHORIZING ALL CLIENTS\&#34;\ntime=\&#34;2021-06-09T02:47:30Z\&#34; level=info msg=\&#34;Fetch tlsConfig for Trust Domain: test.com\&#34;\ntime=\&#34;2021-06-09T02:47:30Z\&#34; level=info msg=\&#34;Found 1 tlsconfigs.\&#34;\nINFO: 2021/06/09 02:47:30 [core] parsed scheme: \&#34;\&#34;\nINFO: 2021/06/09 02:47:30 [core] scheme \&#34;\&#34; not registered, fallback to default scheme\nINFO: 2021/06/09 02:47:30 [core] ccResolverWrapper: sending update to cc: {[{/var/lib/networkservicemesh/nsm.server.io.sock  &lt;nil&gt; 0 &lt;nil&gt;}] &lt;nil&gt; &lt;nil&gt;}\nINFO: 2021/06/09 02:47:30 [transport] transport: loopyWriter.run returning. connection error: desc = \&#34;transport is closing\&#34;\nINFO: 2021/06/09 02:47:30 [core] ClientConn switching balancer to \&#34;pick_first\&#34;\nINFO: 2021/06/09 02:47:30 [core] Channel switches to new LB policy \&#34;pick_first\&#34;\nINFO: 2021/06/09 02:47:30 [core] Subchannel Connectivity change to CONNECTING\nINFO: 2021/06/09 02:47:30 [core] Subchannel picks a new address \&#34;/var/lib/networkservicemesh/nsm.server.io.sock\&#34; to connect\nINFO: 2021/06/09 02:47:30 [core] pickfirstBalancer: UpdateSubConnState: 0xc00030d5d0, {CONNECTING &lt;nil&gt;}\nINFO: 2021/06/09 02:47:30 [core] Channel Connectivity change to CONNECTING\nINFO: 2021/06/09 02:47:30 [core] Subchannel Connectivity change to READY\nINFO: 2021/06/09 02:47:30 [core] pickfirstBalancer: UpdateSubConnState: 0xc00030d5d0, {READY &lt;nil&gt;}\nINFO: 2021/06/09 02:47:30 [core] Channel Connectivity change to READY\ntime=\&#34;2021-06-09T02:47:30Z\&#34; level=info msg=\&#34;Found the right tls certificate:&amp;{&lt;nil&gt; &lt;nil&gt; [] map[] &lt;nil&gt; 0x946a40 &lt;nil&gt; 0x946ac0 &lt;nil&gt; &lt;nil&gt; []  NoClientCert &lt;nil&gt; true [] false false [0 0 0 0 0 0 0 0 0 0 0 0 0 0 0 0 0 0 0 0 0 0 0 0 0 0 0 0 0 0 0 0] &lt;nil&gt; 0 0 [] false 0 &lt;nil&gt; {{0 0} 0 0 0 0} [] []}\&#34;\nINFO: 2021/06/09 02:47:30 [core] Channel Connectivity change to SHUTDOWN\nINFO: 2021/06/09 02:47:30 [core] Subchannel Connectivity change to SHUTDOWN\ntime=\&#34;2021-06-09T02:47:30Z\&#34; level=info msg=\&#34;Trying to establish connection using tlsConfig:&amp;{&lt;nil&gt; &lt;nil&gt; [] map[] &lt;nil&gt; 0x946a40 &lt;nil&gt; 0x946ac0 &lt;nil&gt; &lt;nil&gt; []  NoClientCert &lt;nil&gt; true [] false false [0 0 0 0 0 0 0 0 0 0 0 0 0 0 0 0 0 0 0 0 0 0 0 0 0 0 0 0 0 0 0 0] &lt;nil&gt; 0 0 [] false 0 &lt;nil&gt; {{0 0} 0 0 0 0} [] []}\&#34;\nINFO: 2021/06/09 02:47:30 [core] parsed scheme: \&#34;\&#34;\nINFO: 2021/06/09 02:47:30 [core] scheme \&#34;\&#34; not registered, fallback to default scheme\nINFO: 2021/06/09 02:47:30 [core] ccResolverWrapper: sending update to cc: {[{/var/lib/networkservicemesh/nsm.server.io.sock  &lt;nil&gt; 0 &lt;nil&gt;}] &lt;nil&gt; &lt;nil&gt;}\nINFO: 2021/06/09 02:47:30 [core] ClientConn switching balancer to \&#34;pick_first\&#34;\nINFO: 2021/06/09 02:47:30 [core] Channel switches to new LB policy \&#34;pick_first\&#34;\nINFO: 2021/06/09 02:47:30 [core] Subchannel Connectivity change to CONNECTING\nINFO: 2021/06/09 02:47:30 [core] Subchannel picks a new address \&#34;/var/lib/networkservicemesh/nsm.server.io.sock\&#34; to connect\nINFO: 2021/06/09 02:47:30 [transport] transport: loopyWriter.run returning. connection error: desc = \&#34;transport is closing\&#34;\nINFO: 2021/06/09 02:47:30 [core] pickfirstBalancer: UpdateSubConnState: 0xc000231260, {CONNECTING &lt;nil&gt;}\nINFO: 2021/06/09 02:47:30 [core] Channel Connectivity change to CONNECTING\nINFO: 2021/06/09 02:47:30 [core] Subchannel Connectivity change to READY\nINFO: 2021/06/09 02:47:30 [core] pickfirstBalancer: UpdateSubConnState: 0xc000231260, {READY &lt;nil&gt;}\nINFO: 2021/06/09 02:47:30 [core] Channel Connectivity change to READY\ntime=\&#34;2021-06-09T02:47:30Z\&#34; level=info msg=\&#34;nsm: connection to nsm server on socket: /var/lib/networkservicemesh/nsm.server.io.sock succeeded.\&#34;\ntime=\&#34;2021-06-09T02:47:30Z\&#34; level=info msg=\&#34;==----&gt; nsmClient.Connect() span:1b87a659cdcabe1f:02d3dc277126df9b:1b87a659cdcabe1f:1\&#34;\ntime=\&#34;2021-06-09T02:47:30Z\&#34; level=info msg=\&#34;Initiating an outgoing connection.\&#34; description=\&#34;Primary interface\&#34; destEndpointManager= destEndpointName= mechanism=KERNEL_INTERFACE mechanismName=nsm0 operation=nsmClient.Connect remoteIp= span=\&#34;1b87a659cdcabe1f:02d3dc277126df9b:1b87a659cdcabe1f:1\&#34;\ntime=\&#34;2021-06-09T02:47:30Z\&#34; level=info msg=\&#34;Initiating an outgoing connection.\&#34; operation=nsmClient.Connect span=\&#34;1b87a659cdcabe1f:02d3dc277126df9b:1b87a659cdcabe1f:1\&#34;\ntime=\&#34;2021-06-09T02:47:30Z\&#34; level=info msg=\&#34;&gt;&gt;&lt;&lt;---- Selected mechanism={\\\&#34;cls\\\&#34;:\\\&#34;LOCAL\\\&#34;,\\\&#34;type\\\&#34;:\\\&#34;KERNEL_INTERFACE\\\&#34;,\\\&#34;parameters\\\&#34;:{\\\&#34;description\\\&#34;:\\\&#34;Primary interface\\\&#34;,\\\&#34;name\\\&#34;:\\\&#34;nsm0\\\&#34;,\\\&#34;netnsInode\\\&#34;:\\\&#34;4026533452\\\&#34;,\\\&#34;socketfile\\\&#34;:\\\&#34;nsm0/memif.sock\\\&#34;}} span=1b87a659cdcabe1f:02d3dc277126df9b:1b87a659cdcabe1f:1\&#34;\ntime=\&#34;2021-06-09T02:47:30Z\&#34; level=info msg=\&#34;==------&gt; nsmClient.Connect.attempt:0() span:1b87a659cdcabe1f:064d4871d1be57de:02d3dc277126df9b:1\&#34;\ntime=\&#34;2021-06-09T02:47:30Z\&#34; level=info msg=\&#34;Requesting connection:&lt;network_service:\\\&#34;icmp-responder\\\&#34; context:&lt;ip_context:&lt;src_ip_required:true dst_ip_required:true &gt; &gt; labels:&lt;key:\\\&#34;app\\\&#34; value:\\\&#34;icmp\\\&#34; &gt; labels:&lt;key:\\\&#34;namespace\\\&#34; value:\\\&#34;default\\\&#34; &gt; labels:&lt;key:\\\&#34;podName\\\&#34; value:\\\&#34;nsc1\\\&#34; &gt; &gt; mechanism_preferences:&lt;cls:\\\&#34;LOCAL\\\&#34; type:\\\&#34;KERNEL_INTERFACE\\\&#34; parameters:&lt;key:\\\&#34;description\\\&#34; value:\\\&#34;Primary interface\\\&#34; &gt; parameters:&lt;key:\\\&#34;name\\\&#34; value:\\\&#34;nsm0\\\&#34; &gt; parameters:&lt;key:\\\&#34;netnsInode\\\&#34; value:\\\&#34;4026533452\\\&#34; &gt; parameters:&lt;key:\\\&#34;socketfile\\\&#34; value:\\\&#34;nsm0/memif.sock\\\&#34; &gt; &gt; \&#34; operation=\&#34;nsmClient.Connect.attempt:0\&#34; span=\&#34;1b87a659cdcabe1f:064d4871d1be57de:02d3dc277126df9b:1\&#34;\ntime=\&#34;2021-06-09T02:47:30Z\&#34; level=info msg=\&#34;&gt;&gt;&lt;&lt;-------- /networkservice.NetworkService/Request()=\\\&#34;\\\&#34; span=1b87a659cdcabe1f:064d4871d1be57de:02d3dc277126df9b:1\&#34;\ntime=\&#34;2021-06-09T02:47:30Z\&#34; level=info msg=\&#34;&gt;&gt;&lt;&lt;-------- request={\\\&#34;connection\\\&#34;:{\\\&#34;network_service\\\&#34;:\\\&#34;icmp-responder\\\&#34;,\\\&#34;context\\\&#34;:{\\\&#34;ip_context\\\&#34;:{\\\&#34;src_ip_required\\\&#34;:true,\\\&#34;dst_ip_required\\\&#34;:true}},\\\&#34;labels\\\&#34;:{\\\&#34;app\\\&#34;:\\\&#34;icmp\\\&#34;,\\\&#34;namespace\\\&#34;:\\\&#34;default\\\&#34;,\\\&#34;podName\\\&#34;:\\\&#34;nsc1\\\&#34;}},\\\&#34;mechanism_preferences\\\&#34;:[{\\\&#34;cls\\\&#34;:\\\&#34;LOCAL\\\&#34;,\\\&#34;type\\\&#34;:\\\&#34;KERNEL_INTERFACE\\\&#34;,\\\&#34;parameters\\\&#34;:{\\\&#34;description\\\&#34;:\\\&#34;Primary interface\\\&#34;,\\\&#34;name\\\&#34;:\\\&#34;nsm0\\\&#34;,\\\&#34;netnsInode\\\&#34;:\\\&#34;4026533452\\\&#34;,\\\&#34;socketfile\\\&#34;:\\\&#34;nsm0/memif.sock\\\&#34;}}]} span=1b87a659cdcabe1f:064d4871d1be57de:02d3dc277126df9b:1\&#34;\n2021/06/09 02:48:30 Reporting span 1b87a659cdcabe1f:01d67a436930d977:064d4871d1be57de:1\ntime=\&#34;2021-06-09T02:48:30Z\&#34; level=info msg=\&#34;&gt;&gt;&lt;&lt;-------- response={} span=1b87a659cdcabe1f:064d4871d1be57de:02d3dc277126df9b:1\&#34;\ntime=\&#34;2021-06-09T02:48:30Z\&#34; level=error msg=\&#34;&gt;&gt;&lt;&lt;------ error=rpc error: code = DeadlineExceeded desc = context deadline exceeded span=1b87a659cdcabe1f:064d4871d1be57de:02d3dc277126df9b:1\&#34;\ntime=\&#34;2021-06-09T02:48:30Z\&#34; level=error msg=\&#34;nsm client: Failed to connect rpc error: code = DeadlineExceeded desc = context deadline exceeded. Retry attempts: 10 Delaying: 5s\&#34; operation=\&#34;nsmClient.Connect.attempt:0\&#34; span=\&#34;1b87a659cdcabe1f:064d4871d1be57de:02d3dc277126df9b:1\&#34;\n2021/06/09 02:48:30 Reporting span 1b87a659cdcabe1f:064d4871d1be57de:02d3dc277126df9b:1\ntime=\&#34;2021-06-09T02:48:35Z\&#34; level=info msg=\&#34;==------&gt; nsmClient.Connect.attempt:1() span:1b87a659cdcabe1f:743c1be62632d8ef:02d3dc277126df9b:1\&#34;\ntime=\&#34;2021-06-09T02:48:35Z\&#34; level=info msg=\&#34;Requesting connection:&lt;network_service:\\\&#34;icmp-responder\\\&#34; context:&lt;ip_context:&lt;src_ip_required:true dst_ip_required:true &gt; &gt; labels:&lt;key:\\\&#34;app\\\&#34; value:\\\&#34;icmp\\\&#34; &gt; labels:&lt;key:\\\&#34;namespace\\\&#34; value:\\\&#34;default\\\&#34; &gt; labels:&lt;key:\\\&#34;podName\\\&#34; value:\\\&#34;nsc1\\\&#34; &gt; &gt; mechanism_preferences:&lt;cls:\\\&#34;LOCAL\\\&#34; type:\\\&#34;KERNEL_INTERFACE\\\&#34; parameters:&lt;key:\\\&#34;description\\\&#34; value:\\\&#34;Primary interface\\\&#34; &gt; parameters:&lt;key:\\\&#34;name\\\&#34; value:\\\&#34;nsm0\\\&#34; &gt; parameters:&lt;key:\\\&#34;netnsInode\\\&#34; value:\\\&#34;4026533452\\\&#34; &gt; parameters:&lt;key:\\\&#34;socketfile\\\&#34; value:\\\&#34;nsm0/memif.sock\\\&#34; &gt; &gt; \&#34; operation=\&#34;nsmClient.Connect.attempt:1\&#34; span=\&#34;1b87a659cdcabe1f:743c1be62632d8ef:02d3dc277126df9b:1\&#34;\ntime=\&#34;2021-06-09T02:48:35Z\&#34; level=info msg=\&#34;&gt;&gt;&lt;&lt;-------- /networkservice.NetworkService/Request()=\\\&#34;\\\&#34; span=1b87a659cdcabe1f:743c1be62632d8ef:02d3dc277126df9b:1\&#34;\ntime=\&#34;2021-06-09T02:48:35Z\&#34; level=info msg=\&#34;&gt;&gt;&lt;&lt;-------- request={\\\&#34;connection\\\&#34;:{\\\&#34;network_service\\\&#34;:\\\&#34;icmp-responder\\\&#34;,\\\&#34;context\\\&#34;:{\\\&#34;ip_context\\\&#34;:{\\\&#34;src_ip_required\\\&#34;:true,\\\&#34;dst_ip_required\\\&#34;:true}},\\\&#34;labels\\\&#34;:{\\\&#34;app\\\&#34;:\\\&#34;icmp\\\&#34;,\\\&#34;namespace\\\&#34;:\\\&#34;default\\\&#34;,\\\&#34;podName\\\&#34;:\\\&#34;nsc1\\\&#34;}},\\\&#34;mechanism_preferences\\\&#34;:[{\\\&#34;cls\\\&#34;:\\\&#34;LOCAL\\\&#34;,\\\&#34;type\\\&#34;:\\\&#34;KERNEL_INTERFACE\\\&#34;,\\\&#34;parameters\\\&#34;:{\\\&#34;description\\\&#34;:\\\&#34;Primary interface\\\&#34;,\\\&#34;name\\\&#34;:\\\&#34;nsm0\\\&#34;,\\\&#34;netnsInode\\\&#34;:\\\&#34;4026533452\\\&#34;,\\\&#34;socketfile\\\&#34;:\\\&#34;nsm0/memif.sock\\\&#34;}}]} span=1b87a659cdcabe1f:743c1be62632d8ef:02d3dc277126df9b:1\&#34;\n2021/06/09 02:49:35 Reporting span 1b87a659cdcabe1f:34e93acd6587dac9:743c1be62632d8ef:1\ntime=\&#34;2021-06-09T02:49:35Z\&#34; level=info msg=\&#34;&gt;&gt;&lt;&lt;-------- response={} span=1b87a659cdcabe1f:743c1be62632d8ef:02d3dc277126df9b:1\&#34;\ntime=\&#34;2021-06-09T02:49:35Z\&#34; level=error msg=\&#34;&gt;&gt;&lt;&lt;------ error=rpc error: code = DeadlineExceeded desc = context deadline exceeded span=1b87a659cdcabe1f:743c1be62632d8ef:02d3dc277126df9b:1\&#34;\ntime=\&#34;2021-06-09T02:49:35Z\&#34; level=error msg=\&#34;nsm client: Failed to connect rpc error: code = DeadlineExceeded desc = context deadline exceeded. Retry attempts: 9 Delaying: 5s\&#34; operation=\&#34;nsmClient.Connect.attempt:1\&#34; span=\&#34;1b87a659cdcabe1f:743c1be62632d8ef:02d3dc277126df9b:1\&#34;\n2021/06/09 02:49:35 Reporting span 1b87a659cdcabe1f:743c1be62632d8ef:02d3dc277126df9b:1\ntime=\&#34;2021-06-09T02:49:40Z\&#34; level=info msg=\&#34;==------&gt; nsmClient.Connect.attempt:2() span:1b87a659cdcabe1f:750a19cf27fc064b:02d3dc277126df9b:1\&#34;\ntime=\&#34;2021-06-09T02:49:40Z\&#34; level=info msg=\&#34;Requesting connection:&lt;network_service:\\\&#34;icmp-responder\\\&#34; context:&lt;ip_context:&lt;src_ip_required:true dst_ip_required:true &gt; &gt; labels:&lt;key:\\\&#34;app\\\&#34; value:\\\&#34;icmp\\\&#34; &gt; labels:&lt;key:\\\&#34;namespace\\\&#34; value:\\\&#34;default\\\&#34; &gt; labels:&lt;key:\\\&#34;podName\\\&#34; value:\\\&#34;nsc1\\\&#34; &gt; &gt; mechanism_preferences:&lt;cls:\\\&#34;LOCAL\\\&#34; type:\\\&#34;KERNEL_INTERFACE\\\&#34; parameters:&lt;key:\\\&#34;description\\\&#34; value:\\\&#34;Primary interface\\\&#34; &gt; parameters:&lt;key:\\\&#34;name\\\&#34; value:\\\&#34;nsm0\\\&#34; &gt; parameters:&lt;key:\\\&#34;netnsInode\\\&#34; value:\\\&#34;4026533452\\\&#34; &gt; parameters:&lt;key:\\\&#34;socketfile\\\&#34; value:\\\&#34;nsm0/memif.sock\\\&#34; &gt; &gt; \&#34; operation=\&#34;nsmClient.Connect.attempt:2\&#34; span=\&#34;1b87a659cdcabe1f:750a19cf27fc064b:02d3dc277126df9b:1\&#34;\ntime=\&#34;2021-06-09T02:49:40Z\&#34; level=info msg=\&#34;&gt;&gt;&lt;&lt;-------- /networkservice.NetworkService/Request()=\\\&#34;\\\&#34; span=1b87a659cdcabe1f:750a19cf27fc064b:02d3dc277126df9b:1\&#34;\ntime=\&#34;2021-06-09T02:49:40Z\&#34; level=info msg=\&#34;&gt;&gt;&lt;&lt;-------- request={\\\&#34;connection\\\&#34;:{\\\&#34;network_service\\\&#34;:\\\&#34;icmp-responder\\\&#34;,\\\&#34;context\\\&#34;:{\\\&#34;ip_context\\\&#34;:{\\\&#34;src_ip_required\\\&#34;:true,\\\&#34;dst_ip_required\\\&#34;:true}},\\\&#34;labels\\\&#34;:{\\\&#34;app\\\&#34;:\\\&#34;icmp\\\&#34;,\\\&#34;namespace\\\&#34;:\\\&#34;default\\\&#34;,\\\&#34;podName\\\&#34;:\\\&#34;nsc1\\\&#34;}},\\\&#34;mechanism_preferences\\\&#34;:[{\\\&#34;cls\\\&#34;:\\\&#34;LOCAL\\\&#34;,\\\&#34;type\\\&#34;:\\\&#34;KERNEL_INTERFACE\\\&#34;,\\\&#34;parameters\\\&#34;:{\\\&#34;description\\\&#34;:\\\&#34;Primary interface\\\&#34;,\\\&#34;name\\\&#34;:\\\&#34;nsm0\\\&#34;,\\\&#34;netnsInode\\\&#34;:\\\&#34;4026533452\\\&#34;,\\\&#34;socketfile\\\&#34;:\\\&#34;nsm0/memif.sock\\\&#34;}}]} span=1b87a659cdcabe1f:750a19cf27fc064b:02d3dc277126df9b:1\&#34;\n\n&#34;&#xA;time=&#34;2021-06-08T19:50:29-07:00&#34; level=error msg=&#34;Failed to get logs from nsc1 err: container \&#34;alpine-img\&#34; in pod \&#34;nsc1\&#34; is waiting to start: PodInitializing&#34;&#xA;time=&#34;2021-06-08T19:50:29-07:00&#34; level=info msg=&#34;Pod nsc1: container: alpine-img status: false: Logs: &#34;&#xA;time=&#34;2021-06-08T19:50:29-07:00&#34; level=info msg=&#34;pod nsc1 object:\n&gt;&gt;&gt;&gt;&gt;&gt;&gt;&gt;&gt;&gt;&gt;{\&#34;metadata\&#34;:{\&#34;name\&#34;:\&#34;nsc1\&#34;,\&#34;namespace\&#34;:\&#34;nsm-system\&#34;,\&#34;selfLink\&#34;:\&#34;/api/v1/namespaces/nsm-system/pods/nsc1\&#34;,\&#34;uid\&#34;:\&#34;4cc0c71e-db4f-4ed3-b5eb-665701b2a640\&#34;,\&#34;resourceVersion\&#34;:\&#34;10249\&#34;,\&#34;creationTimestamp\&#34;:\&#34;2021-06-09T02:47:28Z\&#34;},\&#34;spec\&#34;:{\&#34;volumes\&#34;:[{\&#34;name\&#34;:\&#34;nsc-acc-token-vd94r\&#34;,\&#34;secret\&#34;:{\&#34;secretName\&#34;:\&#34;nsc-acc-token-vd94r\&#34;,\&#34;defaultMode\&#34;:420}}],\&#34;initContainers\&#34;:[{\&#34;name\&#34;:\&#34;nsm-init\&#34;,\&#34;image\&#34;:\&#34;containers.cisco.com/appn/nsm-init:vl3_latest\&#34;,\&#34;env\&#34;:[{\&#34;name\&#34;:\&#34;CLIENT_LABELS\&#34;,\&#34;value\&#34;:\&#34;app=icmp\&#34;},{\&#34;name\&#34;:\&#34;CLIENT_NETWORK_SERVICE\&#34;,\&#34;value\&#34;:\&#34;icmp-responder\&#34;}],\&#34;resources\&#34;:{\&#34;limits\&#34;:{\&#34;cpu\&#34;:\&#34;200m\&#34;,\&#34;memory\&#34;:\&#34;20Mi\&#34;,\&#34;networkservicemesh.io/socket\&#34;:\&#34;1\&#34;},\&#34;requests\&#34;:{\&#34;cpu\&#34;:\&#34;200m\&#34;,\&#34;memory\&#34;:\&#34;20Mi\&#34;,\&#34;networkservicemesh.io/socket\&#34;:\&#34;1\&#34;}},\&#34;volumeMounts\&#34;:[{\&#34;name\&#34;:\&#34;nsc-acc-token-vd94r\&#34;,\&#34;readOnly\&#34;:true,\&#34;mountPath\&#34;:\&#34;/var/run/secrets/kubernetes.io/serviceaccount\&#34;}],\&#34;terminationMessagePath\&#34;:\&#34;/dev/termination-log\&#34;,\&#34;terminationMessagePolicy\&#34;:\&#34;File\&#34;,\&#34;imagePullPolicy\&#34;:\&#34;IfNotPresent\&#34;}],\&#34;containers\&#34;:[{\&#34;name\&#34;:\&#34;alpine-img\&#34;,\&#34;image\&#34;:\&#34;alpine:latest\&#34;,\&#34;command\&#34;:[\&#34;tail\&#34;,\&#34;-f\&#34;,\&#34;/dev/null\&#34;],\&#34;resources\&#34;:{},\&#34;volumeMounts\&#34;:[{\&#34;name\&#34;:\&#34;nsc-acc-token-vd94r\&#34;,\&#34;readOnly\&#34;:true,\&#34;mountPath\&#34;:\&#34;/var/run/secrets/kubernetes.io/serviceaccount\&#34;}],\&#34;terminationMessagePath\&#34;:\&#34;/dev/termination-log\&#34;,\&#34;terminationMessagePolicy\&#34;:\&#34;File\&#34;,\&#34;imagePullPolicy\&#34;:\&#34;IfNotPresent\&#34;}],\&#34;restartPolicy\&#34;:\&#34;Always\&#34;,\&#34;terminationGracePeriodSeconds\&#34;:0,\&#34;dnsPolicy\&#34;:\&#34;ClusterFirst\&#34;,\&#34;nodeSelector\&#34;:{\&#34;kubernetes.io/hostname\&#34;:\&#34;kind-1-worker\&#34;},\&#34;serviceAccountName\&#34;:\&#34;nsc-acc\&#34;,\&#34;serviceAccount\&#34;:\&#34;nsc-acc\&#34;,\&#34;nodeName\&#34;:\&#34;kind-1-worker\&#34;,\&#34;securityContext\&#34;:{},\&#34;schedulerName\&#34;:\&#34;default-scheduler\&#34;,\&#34;tolerations\&#34;:[{\&#34;key\&#34;:\&#34;node.kubernetes.io/not-ready\&#34;,\&#34;operator\&#34;:\&#34;Exists\&#34;,\&#34;effect\&#34;:\&#34;NoExecute\&#34;,\&#34;tolerationSeconds\&#34;:300},{\&#34;key\&#34;:\&#34;node.kubernetes.io/unreachable\&#34;,\&#34;operator\&#34;:\&#34;Exists\&#34;,\&#34;effect\&#34;:\&#34;NoExecute\&#34;,\&#34;tolerationSeconds\&#34;:300}],\&#34;priority\&#34;:0,\&#34;enableServiceLinks\&#34;:true},\&#34;status\&#34;:{\&#34;phase\&#34;:\&#34;Pending\&#34;,\&#34;conditions\&#34;:[{\&#34;type\&#34;:\&#34;Initialized\&#34;,\&#34;status\&#34;:\&#34;False\&#34;,\&#34;lastProbeTime\&#34;:null,\&#34;lastTransitionTime\&#34;:\&#34;2021-06-09T02:47:28Z\&#34;,\&#34;reason\&#34;:\&#34;ContainersNotInitialized\&#34;,\&#34;message\&#34;:\&#34;containers with incomplete status: [nsm-init]\&#34;},{\&#34;type\&#34;:\&#34;Ready\&#34;,\&#34;status\&#34;:\&#34;False\&#34;,\&#34;lastProbeTime\&#34;:null,\&#34;lastTransitionTime\&#34;:\&#34;2021-06-09T02:47:28Z\&#34;,\&#34;reason\&#34;:\&#34;ContainersNotReady\&#34;,\&#34;message\&#34;:\&#34;containers with unready status: [alpine-img]\&#34;},{\&#34;type\&#34;:\&#34;ContainersReady\&#34;,\&#34;status\&#34;:\&#34;False\&#34;,\&#34;lastProbeTime\&#34;:null,\&#34;lastTransitionTime\&#34;:\&#34;2021-06-09T02:47:28Z\&#34;,\&#34;reason\&#34;:\&#34;ContainersNotReady\&#34;,\&#34;message\&#34;:\&#34;containers with unready status: [alpine-img]\&#34;},{\&#34;type\&#34;:\&#34;PodScheduled\&#34;,\&#34;status\&#34;:\&#34;True\&#34;,\&#34;lastProbeTime\&#34;:null,\&#34;lastTransitionTime\&#34;:\&#34;2021-06-09T02:47:28Z\&#34;}],\&#34;hostIP\&#34;:\&#34;172.17.0.4\&#34;,\&#34;podIP\&#34;:\&#34;10.244.2.41\&#34;,\&#34;podIPs\&#34;:[{\&#34;ip\&#34;:\&#34;10.244.2.41\&#34;}],\&#34;startTime\&#34;:\&#34;2021-06-09T02:47:28Z\&#34;,\&#34;initContainerStatuses\&#34;:[{\&#34;name\&#34;:\&#34;nsm-init\&#34;,\&#34;state\&#34;:{\&#34;running\&#34;:{\&#34;startedAt\&#34;:\&#34;2021-06-09T02:47:29Z\&#34;}},\&#34;lastState\&#34;:{},\&#34;ready\&#34;:false,\&#34;restartCount\&#34;:0,\&#34;image\&#34;:\&#34;containers.cisco.com/appn/nsm-init:vl3_latest\&#34;,\&#34;imageID\&#34;:\&#34;sha256:40c167f519ed8ff354adfed9786b94f776297b51ae257f63dd9520d8c1dc37b8\&#34;,\&#34;containerID\&#34;:\&#34;containerd://ede64ab8f90973a2e13ee9cd0f85a3688f2f25216275a851a17b3ea5a27184f6\&#34;}],\&#34;containerStatuses\&#34;:[{\&#34;name\&#34;:\&#34;alpine-img\&#34;,\&#34;state\&#34;:{\&#34;waiting\&#34;:{\&#34;reason\&#34;:\&#34;PodInitializing\&#34;}},\&#34;lastState\&#34;:{},\&#34;ready\&#34;:false,\&#34;restartCount\&#34;:0,\&#34;image\&#34;:\&#34;alpine:latest\&#34;,\&#34;imageID\&#34;:\&#34;\&#34;,\&#34;started\&#34;:false}],\&#34;qosClass\&#34;:\&#34;Burstable\&#34;}}\n&lt;&lt;&lt;&lt;&lt;&lt;&lt;&lt;&lt;&lt;&#34;&#xA;time=&#34;2021-06-08T19:50:29-07:00&#34; level=error msg=&#34;Error Creating Pod: nsc1 Failed to deploy pod&#34;&#xA;k8s.go:904:&#xA;goroutine 51 [running]:&#xA;runtime/debug.Stack(0x231a3c0, 0xc000269110, 0x30b6488)&#xA;/usr/local/go/src/runtime/debug/stack.go:24 +0x9f&#xA;github.com/networkservicemesh/networkservicemesh/test/kubetest.(*K8s).CreatePodsRaw(0xc00035c500, 0x29e8d60800, 0xc0004fbb01, 0xc0004fbb48, 0x1, 0x1, 0x0, 0x0, 0x0, 0x0, ...)&#xA;/Users/nispatil/go/src/github.com/cisco-app-networking/nsm_publish/networkservicemesh/test/kubetest/k8s.go:904 +0x8cc&#xA;github.com/networkservicemesh/networkservicemesh/test/kubetest.(*K8s).CreatePod(0xc00035c500, 0xc000284400, 0x24dd280)&#xA;/Users/nispatil/go/src/github.com/cisco-app-networking/nsm_publish/networkservicemesh/test/kubetest/k8s.go:920 +0x72&#xA;github.com/networkservicemesh/networkservicemesh/test/kubetest.deployNSC(0xc00035c500, 0xc000731570, 0xd, 0x24bf093, 0x4, 0x24c4319, 0x8, 0x1bf08eb000, 0xc000284400, 0x203000)&#xA;/Users/nispatil/go/src/github.com/cisco-app-networking/nsm_publish/networkservicemesh/test/kubetest/utils.go:542 +0x1c5&#xA;github.com/networkservicemesh/networkservicemesh/test/kubetest.DeployNSC(0xc00035c500, 0xc000684c00, 0x24bf093, 0x4, 0x1bf08eb000, 0xc000ac6c00)&#xA;/Users/nispatil/go/src/github.com/cisco-app-networking/nsm_publish/networkservicemesh/test/kubetest/utils.go:402 +0x1f2&#xA;github.com/networkservicemesh/networkservicemesh/test/integration.TestSimpleMetrics(0xc000102a80)&#xA;/Users/nispatil/go/src/github.com/cisco-app-networking/nsm_publish/networkservicemesh/test/integration/basic_monitor_crossconnect_metrics_test.go:65 +0x631&#xA;testing.tRunner(0xc000102a80, 0x25772e0)&#xA;/usr/local/go/src/testing/testing.go:1123 +0xef&#xA;created by testing.(*T).Run&#xA;/usr/local/go/src/testing/testing.go:1168 +0x2b3&#xA;&#xA;Expected&#xA;&lt;int&gt;: 1&#xA;to equal&#xA;&lt;int&gt;: 0&#xA;time=&#34;2021-06-08T19:50:29-07:00&#34; level=info msg=CLOSE&#xA;E0608 19:50:29.856903   28341 portforward.go:409] error closing listener: close tcp4 127.0.0.1:51008: use of closed network connection&#xA;E0608 19:50:29.856917   28341 portforward.go:409] error closing listener: close tcp6 [::1]:51008: use of closed network connection&#xA;E0608 19:50:30.103455   28341 portforward.go:409] error closing listener: close tcp4 127.0.0.1:51033: use of closed network connection&#xA;E0608 19:50:30.103477   28341 portforward.go:409] error closing listener: close tcp6 [::1]:51033: use of closed network connection&#xA;time=&#34;2021-06-08T19:50:30-07:00&#34; level=error msg=&#34;Failed to get logs from nsc1 err: container \&#34;alpine-img\&#34; in pod \&#34;nsc1\&#34; is waiting to start: PodInitializing&#34;&#xA;time=&#34;2021-06-08T19:50:30-07:00&#34; level=warning msg=&#34;Can not get logs for container: alpine-img, Error: container \&#34;alpine-img\&#34; in pod \&#34;nsc1\&#34; is waiting to start: PodInitializing&#34;&#xA;time=&#34;2021-06-08T19:50:31-07:00&#34; level=error msg=&#34;Failed to get logs from icmp-responder-nse-1 err: previous terminated container \&#34;icmp-responder-nse-1\&#34; in pod \&#34;icmp-responder-nse-1\&#34; not found&#34;&#xA;time=&#34;2021-06-08T19:50:31-07:00&#34; level=warning msg=&#34;Can not get logs for container: icmp-responder-nse-1, Error: previous terminated container \&#34;icmp-responder-nse-1\&#34; in pod \&#34;icmp-responder-nse-1\&#34; not found&#34;&#xA;time=&#34;2021-06-08T19:50:31-07:00&#34; level=error msg=&#34;Failed to get logs from nsmd-forwarder-kind-1-worker err: previous terminated container \&#34;vppagent-forwarder\&#34; in pod \&#34;nsmd-forwarder-kind-1-worker\&#34; not found&#34;&#xA;time=&#34;2021-06-08T19:50:31-07:00&#34; level=warning msg=&#34;Can not get logs for container: vppagent-forwarder, Error: previous terminated container \&#34;vppagent-forwarder\&#34; in pod \&#34;nsmd-forwarder-kind-1-worker\&#34; not found&#34;&#xA;time=&#34;2021-06-08T19:50:31-07:00&#34; level=error msg=&#34;Failed to get logs from jaeger err: previous terminated container \&#34;jaeger\&#34; in pod \&#34;jaeger\&#34; not found&#34;&#xA;time=&#34;2021-06-08T19:50:31-07:00&#34; level=warning msg=&#34;Can not get logs for container: jaeger, Error: previous terminated container \&#34;jaeger\&#34; in pod \&#34;jaeger\&#34; not found&#34;&#xA;time=&#34;2021-06-08T19:50:32-07:00&#34; level=error msg=&#34;Failed to get logs from nsc1 err: previous terminated container \&#34;alpine-img\&#34; in pod \&#34;nsc1\&#34; not found&#34;&#xA;time=&#34;2021-06-08T19:50:32-07:00&#34; level=warning msg=&#34;Can not get logs for container: alpine-img, Error: previous terminated container \&#34;alpine-img\&#34; in pod \&#34;nsc1\&#34; not found&#34;&#xA;time=&#34;2021-06-08T19:50:32-07:00&#34; level=error msg=&#34;Failed to get logs from nsc1 err: previous terminated container \&#34;nsm-init\&#34; in pod \&#34;nsc1\&#34; not found&#34;&#xA;time=&#34;2021-06-08T19:50:32-07:00&#34; level=warning msg=&#34;Can not get logs for container: nsm-init, Error: previous terminated container \&#34;nsm-init\&#34; in pod \&#34;nsc1\&#34; not found&#34;&#xA;time=&#34;2021-06-08T19:50:33-07:00&#34; level=error msg=&#34;Failed to get logs from prefix-service err: previous terminated container \&#34;prefix-service\&#34; in pod \&#34;prefix-service\&#34; not found&#34;&#xA;time=&#34;2021-06-08T19:50:33-07:00&#34; level=warning msg=&#34;Can not get logs for container: prefix-service, Error: previous terminated container \&#34;prefix-service\&#34; in pod \&#34;prefix-service\&#34; not found&#34;&#xA;time=&#34;2021-06-08T19:50:33-07:00&#34; level=error msg=&#34;Failed to get logs from spire-proxy err: previous terminated container \&#34;spire-proxy\&#34; in pod \&#34;spire-proxy\&#34; not found&#34;&#xA;time=&#34;2021-06-08T19:50:33-07:00&#34; level=warning msg=&#34;Can not get logs for container: spire-proxy, Error: previous terminated container \&#34;spire-proxy\&#34; in pod \&#34;spire-proxy\&#34; not found&#34;&#xA;time=&#34;2021-06-08T19:50:33-07:00&#34; level=error msg=&#34;Failed to get logs from nsmgr-kind-1-worker err: previous terminated container \&#34;nsmdp\&#34; in pod \&#34;nsmgr-kind-1-worker\&#34; not found&#34;&#xA;time=&#34;2021-06-08T19:50:33-07:00&#34; level=warning msg=&#34;Can not get logs for container: nsmdp, Error: previous terminated container \&#34;nsmdp\&#34; in pod \&#34;nsmgr-kind-1-worker\&#34; not found&#34;&#xA;time=&#34;2021-06-08T19:50:33-07:00&#34; level=info msg=&#34;artifacts: [0xc000c0c000 0xc00027c440 0xc00027c480 0xc0004f2500 0xc0004f2580 0xc00027d680 0xc000c0c180 0xc000c0c040 0xc00027cc00]&#34;&#xA;time=&#34;2021-06-08T19:50:33-07:00&#34; level=info msg=&#34;Deleting nsc1&#34;&#xA;time=&#34;2021-06-08T19:50:33-07:00&#34; level=info msg=&#34;Deleting prefix-service&#34;&#xA;time=&#34;2021-06-08T19:50:33-07:00&#34; level=info msg=&#34;Deleting spire-proxy&#34;&#xA;time=&#34;2021-06-08T19:50:33-07:00&#34; level=info msg=&#34;Deleting jaeger&#34;&#xA;time=&#34;2021-06-08T19:50:33-07:00&#34; level=info msg=&#34;Deleting nsmd-forwarder-kind-1-worker&#34;&#xA;time=&#34;2021-06-08T19:50:33-07:00&#34; level=info msg=&#34;Deleting nsmgr-kind-1-worker&#34;&#xA;time=&#34;2021-06-08T19:50:33-07:00&#34; level=info msg=&#34;Deleting icmp-responder-nse-1&#34;&#xA;E0608 19:50:33.870166   28341 portforward.go:409] error closing listener: close tcp4 127.0.0.1:50996: use of closed network connection&#xA;E0608 19:50:33.870195   28341 portforward.go:409] error closing listener: close tcp6 [::1]:50996: use of closed network connection&#xA;I0608 19:50:35.054484   28341 request.go:621] Throttling request took 1.184340108s, request: DELETE:https://127.0.0.1:55081/api/v1/namespaces/nsm-system/serviceaccounts/nsc-acc&#xA;time=&#34;2021-06-08T19:50:35-07:00&#34; level=warning msg=&#34;The POD &#39;nsc1&#39; Deleted 1.987786226s&#34;&#xA;time=&#34;2021-06-08T19:50:36-07:00&#34; level=warning msg=&#34;The POD &#39;prefix-service&#39; Deleted 2.189999951s&#34;&#xA;time=&#34;2021-06-08T19:50:36-07:00&#34; level=warning msg=&#34;The POD &#39;spire-proxy&#39; Deleted 2.59078602s&#34;&#xA;time=&#34;2021-06-08T19:50:37-07:00&#34; level=warning msg=&#34;The POD &#39;nsmd-forwarder-kind-1-worker&#39; Deleted 3.187541861s&#34;&#xA;time=&#34;2021-06-08T19:50:37-07:00&#34; level=warning msg=&#34;The POD &#39;icmp-responder-nse-1&#39; Deleted 3.591658913s&#34;&#xA;time=&#34;2021-06-08T19:50:45-07:00&#34; level=warning msg=&#34;The POD &#39;jaeger&#39; Deleted 11.190200012s&#34;&#xA;time=&#34;2021-06-08T19:50:45-07:00&#34; level=warning msg=&#34;The POD &#39;nsmgr-kind-1-worker&#39; Deleted 11.393142726s&#34;&#xA;time=&#34;2021-06-08T19:50:45-07:00&#34; level=info msg=&#34;namespace nsm-system is deleted&#34;&#xA;time=&#34;2021-06-08T19:50:45-07:00&#34; level=info msg=&#34;Cleanup time: 11.598123318s&#34;&#xA;--- FAIL: TestSimpleMetrics (227.64s)&#xA;FAIL&#xA;FAIL&#x9;github.com/networkservicemesh/networkservicemesh/test/integration&#x9;228.106s&#xA;FAIL&#xA;TestSimpleMetrics: OnFail: running on fail script operations with KUBECONFIG=/Users/nispatil/go/src/github.com/cisco-app-networking/nsm_publish/networkservicemesh/.tests/cloud_test/single-cluster/shell/kind-1/config on cloud kind-1&#xA;make -i k8s-deconfig helm-delete k8s-terminating-cleanup k8s-delete-nsm-namespaces || true&#xA;helm uninstall config --namespace nsm-system || true&#xA;WARNING: Kubernetes configuration file is group-readable. This is insecure. Location: /Users/nispatil/go/src/github.com/cisco-app-networking/nsm_publish/networkservicemesh/.tests/cloud_test/single-cluster/shell/kind-1/config&#xA;WARNING: Kubernetes configuration file is world-readable. This is insecure. Location: /Users/nispatil/go/src/github.com/cisco-app-networking/nsm_publish/networkservicemesh/.tests/cloud_test/single-cluster/shell/kind-1/config&#xA;release &#34;config&#34; uninstalled&#xA;./scripts/helm-nsm-uninstall.sh --nsm_namespace nsm-system --all&#xA;&#xA;Helm version detected: v3.3.4&#xA;Cleaning up NSM&#xA;xargs: illegal option -- -&#xA;usage: xargs [-0opt] [-E eofstr] [-I replstr [-R replacements] [-S replsize]]&#xA;[-J replstr] [-L number] [-n number [-x]] [-P maxprocs]&#xA;[-s size] [utility [argument ...]]&#xA;WARNING: Kubernetes configuration file is group-readable. This is insecure. Location: /Users/nispatil/go/src/github.com/cisco-app-networking/nsm_publish/networkservicemesh/.tests/cloud_test/single-cluster/shell/kind-1/config&#xA;WARNING: Kubernetes configuration file is world-readable. This is insecure. Location: /Users/nispatil/go/src/github.com/cisco-app-networking/nsm_publish/networkservicemesh/.tests/cloud_test/single-cluster/shell/kind-1/config&#xA;make[1]: [helm-delete] Error 1 (ignored)&#xA;xargs: illegal option -- -&#xA;usage: xargs [-0opt] [-E eofstr] [-I replstr [-R replacements] [-S replsize]]&#xA;[-J replstr] [-L number] [-n number [-x]] [-P maxprocs]&#xA;[-s size] [utility [argument ...]]&#xA;No resources found in nsm-system namespace.&#xA;make[1]: [k8s-terminating-cleanup] Error 1 (ignored)&#xA;Running delete-nsm-namespaces script&#xA;NSM_NAMESPACE=nsm-system&#xA;Checking ns: default&#xA;Checking ns: kube-node-lease&#xA;Checking ns: kube-public&#xA;Checking ns: kube-system&#xA;Checking ns: local-path-storage&#xA;Checking ns: nsm-system&#xA;Deleting ns: nsm-system&#xA;warning: Immediate deletion does not wait for confirmation that the running resource has been terminated. The resource may continue to run on the cluster indefinitely.&#xA;No resources found&#xA;namespace &#34;nsm-system&#34; deleted&#xA;Checking ns: spire&#xA;make k8s-config &amp;&amp; echo &#34;Cluster reset successfull&#34;&#xA;namespace/nsm-system created&#xA;helm --namespace nsm-system install config deployments/helm/nsm/charts/config&#xA;WARNING: Kubernetes configuration file is group-readable. This is insecure. Location: /Users/nispatil/go/src/github.com/cisco-app-networking/nsm_publish/networkservicemesh/.tests/cloud_test/single-cluster/shell/kind-1/config&#xA;WARNING: Kubernetes configuration file is world-readable. This is insecure. Location: /Users/nispatil/go/src/github.com/cisco-app-networking/nsm_publish/networkservicemesh/.tests/cloud_test/single-cluster/shell/kind-1/config&#xA;NAME: config&#xA;LAST DEPLOYED: Tue Jun  8 19:50:53 2021&#xA;NAMESPACE: nsm-system&#xA;STATUS: deployed&#xA;REVISION: 1&#xA;TEST SUITE: None&#xA;Cluster reset successfull</failure>
                  </testcase>
                  <testcase classname="" name="TestKubernetesAreOk" time="21.522770533" cluster_instance="kind-1">
                      <failure message="Test execution failed TestKubernetesAreOk" type="ERROR">Execution attempt: 0 Output file: .tests/cloud_test/single-cluster/kind-1/029-TestKubernetesAreOk-run.log&#xA;Starting TestKubernetesAreOk on kind-1&#xA;Command line go test . -test.timeout 10m0s -count 1 --run &#34;^(TestKubernetesAreOk)$\\z&#34; --tags &#34;basic&#34; --test.v&#xA;env==[KUBECONFIG=/Users/nispatil/go/src/github.com/cisco-app-networking/nsm_publish/networkservicemesh/.tests/cloud_test/single-cluster/shell/kind-1/config ARTIFACTS_DIR=/Users/nispatil/go/src/github.com/cisco-app-networking/nsm_publish/networkservicemesh/.tests/cloud_test/single-cluster/kind-1/TestKubernetesAreOk]&#xA;&#xA;=== RUN   TestKubernetesAreOk&#xA;time=&#34;2021-06-08T20:06:57-07:00&#34; level=info msg=&#34;Using Kubeconfig: /Users/nispatil/go/src/github.com/cisco-app-networking/nsm_publish/networkservicemesh/.tests/cloud_test/single-cluster/shell/kind-1/config&#34;&#xA;time=&#34;2021-06-08T20:06:57-07:00&#34; level=info msg=&#34;FORWARDING_PLANE not set, using default forwarder - vpp&#34;&#xA;time=&#34;2021-06-08T20:06:57-07:00&#34; level=info msg=&#34;Creating artifact manager with config: &amp;{4 false /Users/nispatil/go/src/github.com/cisco-app-networking/nsm_publish/networkservicemesh/.tests/cloud_test/single-cluster/kind-1/TestKubernetesAreOk}&#34;&#xA;time=&#34;2021-06-08T20:06:57-07:00&#34; level=error msg=&#34;Error during create of test namespace failed to create a namespace: namespaces \&#34;nsm-system\&#34; already exists&#34;&#xA;time=&#34;2021-06-08T20:06:57-07:00&#34; level=info msg=&#34;Checking availability of API server on 127.0.0.1&#34;&#xA;time=&#34;2021-06-08T20:07:01-07:00&#34; level=info msg=&#34;PING 127.0.0.1 (127.0.0.1): 56 data bytes\n64 bytes from 127.0.0.1: icmp_seq=0 ttl=64 time=0.042 ms\n64 bytes from 127.0.0.1: icmp_seq=1 ttl=64 time=0.075 ms\n64 bytes from 127.0.0.1: icmp_seq=2 ttl=64 time=0.086 ms\n64 bytes from 127.0.0.1: icmp_seq=3 ttl=64 time=0.056 ms\n64 bytes from 127.0.0.1: icmp_seq=4 ttl=64 time=0.161 ms\n\n--- 127.0.0.1 ping statistics ---\n5 packets transmitted, 5 packets received, 0.0%!p(MISSING)acket loss\nround-trip min/avg/max/stddev = 0.042/0.084/0.161/0.041 ms\n&#34;&#xA;time=&#34;2021-06-08T20:07:01-07:00&#34; level=info msg=&#34;USE_IPV6 not set, using default false&#34;&#xA;time=&#34;2021-06-08T20:07:01-07:00&#34; level=info msg=&#34;&amp;ServiceAccount{ObjectMeta:{default  nsm-system /api/v1/namespaces/nsm-system/serviceaccounts/default 0211fdad-1fdd-449e-88b6-cdf4e5d74e9a 15322 0 2021-06-08 20:06:50 -0700 PDT &lt;nil&gt; &lt;nil&gt; map[] map[] [] []  []},Secrets:[]ObjectReference{ObjectReference{Kind:,Namespace:,Name:default-token-59lpw,UID:,APIVersion:,ResourceVersion:,FieldPath:,},},ImagePullSecrets:[]LocalObjectReference{},AutomountServiceAccountToken:nil,}&#34;&#xA;time=&#34;2021-06-08T20:07:01-07:00&#34; level=info msg=&#34;&amp;ServiceAccount{ObjectMeta:{forward-plane-acc  nsm-system /api/v1/namespaces/nsm-system/serviceaccounts/forward-plane-acc 9c40bcfd-526a-4cdd-ad47-7b963711e662 15374 0 2021-06-08 20:07:01 -0700 PDT &lt;nil&gt; &lt;nil&gt; map[] map[] [] []  []},Secrets:[]ObjectReference{},ImagePullSecrets:[]LocalObjectReference{},AutomountServiceAccountToken:nil,}&#34;&#xA;time=&#34;2021-06-08T20:07:01-07:00&#34; level=info msg=&#34;&amp;ServiceAccount{ObjectMeta:{nse-acc  nsm-system /api/v1/namespaces/nsm-system/serviceaccounts/nse-acc 449e592c-f2ac-4601-a80f-6567692546d3 15376 0 2021-06-08 20:07:01 -0700 PDT &lt;nil&gt; &lt;nil&gt; map[] map[] [] []  []},Secrets:[]ObjectReference{},ImagePullSecrets:[]LocalObjectReference{},AutomountServiceAccountToken:nil,}&#34;&#xA;time=&#34;2021-06-08T20:07:01-07:00&#34; level=info msg=&#34;&amp;ServiceAccount{ObjectMeta:{nsmrs-acc  nsm-system /api/v1/namespaces/nsm-system/serviceaccounts/nsmrs-acc 2fe20761-9024-4659-91a7-082082c8fd1f 15386 0 2021-06-08 20:07:01 -0700 PDT &lt;nil&gt; &lt;nil&gt; map[] map[] [] []  []},Secrets:[]ObjectReference{ObjectReference{Kind:,Namespace:,Name:nsmrs-acc-token-8c6f2,UID:,APIVersion:,ResourceVersion:,FieldPath:,},},ImagePullSecrets:[]LocalObjectReference{},AutomountServiceAccountToken:nil,}&#34;&#xA;time=&#34;2021-06-08T20:07:01-07:00&#34; level=info msg=&#34;&amp;ServiceAccount{ObjectMeta:{proxy-nsmgr-acc  nsm-system /api/v1/namespaces/nsm-system/serviceaccounts/proxy-nsmgr-acc 06eeb534-a26d-4f5f-bee3-c0197199b984 15388 0 2021-06-08 20:07:01 -0700 PDT &lt;nil&gt; &lt;nil&gt; map[] map[] [] []  []},Secrets:[]ObjectReference{ObjectReference{Kind:,Namespace:,Name:proxy-nsmgr-acc-token-4wvdq,UID:,APIVersion:,ResourceVersion:,FieldPath:,},},ImagePullSecrets:[]LocalObjectReference{},AutomountServiceAccountToken:nil,}&#34;&#xA;time=&#34;2021-06-08T20:07:01-07:00&#34; level=info msg=&#34;&amp;ServiceAccount{ObjectMeta:{crossconnect-monitor-acc  nsm-system /api/v1/namespaces/nsm-system/serviceaccounts/crossconnect-monitor-acc f4fad3f0-8af0-42ab-9974-1e22559c63b2 15389 0 2021-06-08 20:07:01 -0700 PDT &lt;nil&gt; &lt;nil&gt; map[] map[] [] []  []},Secrets:[]ObjectReference{ObjectReference{Kind:,Namespace:,Name:crossconnect-monitor-acc-token-5h546,UID:,APIVersion:,ResourceVersion:,FieldPath:,},},ImagePullSecrets:[]LocalObjectReference{},AutomountServiceAccountToken:nil,}&#34;&#xA;time=&#34;2021-06-08T20:07:01-07:00&#34; level=info msg=&#34;&amp;ServiceAccount{ObjectMeta:{nsc-acc  nsm-system /api/v1/namespaces/nsm-system/serviceaccounts/nsc-acc 611a3210-875e-45fa-818b-5a740b9a2899 15393 0 2021-06-08 20:07:01 -0700 PDT &lt;nil&gt; &lt;nil&gt; map[] map[] [] []  []},Secrets:[]ObjectReference{ObjectReference{Kind:,Namespace:,Name:nsc-acc-token-6kkhr,UID:,APIVersion:,ResourceVersion:,FieldPath:,},},ImagePullSecrets:[]LocalObjectReference{},AutomountServiceAccountToken:nil,}&#34;&#xA;time=&#34;2021-06-08T20:07:02-07:00&#34; level=info msg=&#34;&amp;ServiceAccount{ObjectMeta:{nsmgr-acc  nsm-system /api/v1/namespaces/nsm-system/serviceaccounts/nsmgr-acc ff4c1e6a-9648-41a6-91bd-97b24075a1f3 15394 0 2021-06-08 20:07:01 -0700 PDT &lt;nil&gt; &lt;nil&gt; map[] map[] [] []  []},Secrets:[]ObjectReference{ObjectReference{Kind:,Namespace:,Name:nsmgr-acc-token-pscl9,UID:,APIVersion:,ResourceVersion:,FieldPath:,},},ImagePullSecrets:[]LocalObjectReference{},AutomountServiceAccountToken:nil,}&#34;&#xA;I0608 20:07:02.300704   32487 request.go:621] Throttling request took 1.073435406s, request: GET:https://127.0.0.1:55081/api/v1/namespaces/nsm-system/serviceaccounts/forward-plane-acc&#xA;time=&#34;2021-06-08T20:07:02-07:00&#34; level=info msg=&#34;&amp;ServiceAccount{ObjectMeta:{forward-plane-acc  nsm-system /api/v1/namespaces/nsm-system/serviceaccounts/forward-plane-acc 9c40bcfd-526a-4cdd-ad47-7b963711e662 15387 0 2021-06-08 20:07:01 -0700 PDT &lt;nil&gt; &lt;nil&gt; map[] map[] [] []  []},Secrets:[]ObjectReference{ObjectReference{Kind:,Namespace:,Name:forward-plane-acc-token-hqf5z,UID:,APIVersion:,ResourceVersion:,FieldPath:,},},ImagePullSecrets:[]LocalObjectReference{},AutomountServiceAccountToken:nil,}&#34;&#xA;time=&#34;2021-06-08T20:07:02-07:00&#34; level=info msg=&#34;&amp;ServiceAccount{ObjectMeta:{nse-acc  nsm-system /api/v1/namespaces/nsm-system/serviceaccounts/nse-acc 449e592c-f2ac-4601-a80f-6567692546d3 15390 0 2021-06-08 20:07:01 -0700 PDT &lt;nil&gt; &lt;nil&gt; map[] map[] [] []  []},Secrets:[]ObjectReference{ObjectReference{Kind:,Namespace:,Name:nse-acc-token-5n72j,UID:,APIVersion:,ResourceVersion:,FieldPath:,},},ImagePullSecrets:[]LocalObjectReference{},AutomountServiceAccountToken:nil,}&#34;&#xA;time=&#34;2021-06-08T20:07:02-07:00&#34; level=info msg=&#34;Creating ConfigMap &#39;nsm-config&#39; in namespace&#39;nsm-system&#39;...&#34;&#xA;k8s.go:484:&#xA;Expected&#xA;&lt;*errors.StatusError | 0xc0003a2280&gt;: {&#xA;ErrStatus: {&#xA;TypeMeta: {Kind: &#34;&#34;, APIVersion: &#34;&#34;},&#xA;ListMeta: {&#xA;SelfLink: &#34;&#34;,&#xA;ResourceVersion: &#34;&#34;,&#xA;Continue: &#34;&#34;,&#xA;RemainingItemCount: nil,&#xA;},&#xA;Status: &#34;Failure&#34;,&#xA;Message: &#34;configmaps \&#34;nsm-config\&#34; already exists&#34;,&#xA;Reason: &#34;AlreadyExists&#34;,&#xA;Details: {Name: &#34;nsm-config&#34;, Group: &#34;&#34;, Kind: &#34;configmaps&#34;, UID: &#34;&#34;, Causes: nil, RetryAfterSeconds: 0},&#xA;Code: 409,&#xA;},&#xA;}&#xA;to be nil&#xA;--- FAIL: TestKubernetesAreOk (5.64s)&#xA;FAIL&#xA;FAIL&#x9;github.com/networkservicemesh/networkservicemesh/test/integration&#x9;6.095s&#xA;FAIL&#xA;TestKubernetesAreOk: OnFail: running on fail script operations with KUBECONFIG=/Users/nispatil/go/src/github.com/cisco-app-networking/nsm_publish/networkservicemesh/.tests/cloud_test/single-cluster/shell/kind-1/config on cloud kind-1&#xA;make -i k8s-deconfig helm-delete k8s-terminating-cleanup k8s-delete-nsm-namespaces || true&#xA;helm uninstall config --namespace nsm-system || true&#xA;WARNING: Kubernetes configuration file is group-readable. This is insecure. Location: /Users/nispatil/go/src/github.com/cisco-app-networking/nsm_publish/networkservicemesh/.tests/cloud_test/single-cluster/shell/kind-1/config&#xA;WARNING: Kubernetes configuration file is world-readable. This is insecure. Location: /Users/nispatil/go/src/github.com/cisco-app-networking/nsm_publish/networkservicemesh/.tests/cloud_test/single-cluster/shell/kind-1/config&#xA;release &#34;config&#34; uninstalled&#xA;./scripts/helm-nsm-uninstall.sh --nsm_namespace nsm-system --all&#xA;&#xA;Helm version detected: v3.3.4&#xA;Cleaning up NSM&#xA;xargs: illegal option -- -&#xA;usage: xargs [-0opt] [-E eofstr] [-I replstr [-R replacements] [-S replsize]]&#xA;[-J replstr] [-L number] [-n number [-x]] [-P maxprocs]&#xA;[-s size] [utility [argument ...]]&#xA;WARNING: Kubernetes configuration file is group-readable. This is insecure. Location: /Users/nispatil/go/src/github.com/cisco-app-networking/nsm_publish/networkservicemesh/.tests/cloud_test/single-cluster/shell/kind-1/config&#xA;WARNING: Kubernetes configuration file is world-readable. This is insecure. Location: /Users/nispatil/go/src/github.com/cisco-app-networking/nsm_publish/networkservicemesh/.tests/cloud_test/single-cluster/shell/kind-1/config&#xA;make[1]: [helm-delete] Error 1 (ignored)&#xA;xargs: illegal option -- -&#xA;usage: xargs [-0opt] [-E eofstr] [-I replstr [-R replacements] [-S replsize]]&#xA;[-J replstr] [-L number] [-n number [-x]] [-P maxprocs]&#xA;[-s size] [utility [argument ...]]&#xA;No resources found in nsm-system namespace.&#xA;make[1]: [k8s-terminating-cleanup] Error 1 (ignored)&#xA;Running delete-nsm-namespaces script&#xA;NSM_NAMESPACE=nsm-system&#xA;Checking ns: default&#xA;Checking ns: kube-node-lease&#xA;Checking ns: kube-public&#xA;Checking ns: kube-system&#xA;Checking ns: local-path-storage&#xA;Checking ns: nsm-system&#xA;Deleting ns: nsm-system&#xA;warning: Immediate deletion does not wait for confirmation that the running resource has been terminated. The resource may continue to run on the cluster indefinitely.&#xA;No resources found&#xA;namespace &#34;nsm-system&#34; deleted&#xA;Checking ns: spire&#xA;make k8s-config &amp;&amp; echo &#34;Cluster reset successfull&#34;&#xA;namespace/nsm-system created&#xA;helm --namespace nsm-system install config deployments/helm/nsm/charts/config&#xA;WARNING: Kubernetes configuration file is group-readable. This is insecure. Location: /Users/nispatil/go/src/github.com/cisco-app-networking/nsm_publish/networkservicemesh/.tests/cloud_test/single-cluster/shell/kind-1/config&#xA;WARNING: Kubernetes configuration file is world-readable. This is insecure. Location: /Users/nispatil/go/src/github.com/cisco-app-networking/nsm_publish/networkservicemesh/.tests/cloud_test/single-cluster/shell/kind-1/config&#xA;NAME: config&#xA;LAST DEPLOYED: Tue Jun  8 20:07:14 2021&#xA;NAMESPACE: nsm-system&#xA;STATUS: deployed&#xA;REVISION: 1&#xA;TEST SUITE: None&#xA;Cluster reset successfull</failure>
                  </testcase>
                  <testcase classname="" name="TestSingleCrossConnect" time="248.46887496" cluster_instance="kind-1">
                      <failure message="Test execution failed TestSingleCrossConnect" type="ERROR">Execution attempt: 0 Output file: .tests/cloud_test/single-cluster/kind-1/039-TestSingleCrossConnect-run.log&#xA;Starting TestSingleCrossConnect on kind-1&#xA;Command line go test . -test.timeout 10m0s -count 1 --run &#34;^(TestSingleCrossConnect)$\\z&#34; --tags &#34;basic&#34; --test.v&#xA;env==[KUBECONFIG=/Users/nispatil/go/src/github.com/cisco-app-networking/nsm_publish/networkservicemesh/.tests/cloud_test/single-cluster/shell/kind-1/config ARTIFACTS_DIR=/Users/nispatil/go/src/github.com/cisco-app-networking/nsm_publish/networkservicemesh/.tests/cloud_test/single-cluster/kind-1/TestSingleCrossConnect]&#xA;&#xA;=== RUN   TestSingleCrossConnect&#xA;time=&#34;2021-06-08T20:19:25-07:00&#34; level=info msg=&#34;Using Kubeconfig: /Users/nispatil/go/src/github.com/cisco-app-networking/nsm_publish/networkservicemesh/.tests/cloud_test/single-cluster/shell/kind-1/config&#34;&#xA;time=&#34;2021-06-08T20:19:25-07:00&#34; level=info msg=&#34;FORWARDING_PLANE not set, using default forwarder - vpp&#34;&#xA;time=&#34;2021-06-08T20:19:25-07:00&#34; level=info msg=&#34;Creating artifact manager with config: &amp;{4 false /Users/nispatil/go/src/github.com/cisco-app-networking/nsm_publish/networkservicemesh/.tests/cloud_test/single-cluster/kind-1/TestSingleCrossConnect}&#34;&#xA;time=&#34;2021-06-08T20:19:25-07:00&#34; level=error msg=&#34;Error during create of test namespace failed to create a namespace: namespaces \&#34;nsm-system\&#34; already exists&#34;&#xA;time=&#34;2021-06-08T20:19:25-07:00&#34; level=info msg=&#34;Checking availability of API server on 127.0.0.1&#34;&#xA;time=&#34;2021-06-08T20:19:29-07:00&#34; level=info msg=&#34;PING 127.0.0.1 (127.0.0.1): 56 data bytes\n64 bytes from 127.0.0.1: icmp_seq=0 ttl=64 time=0.031 ms\n64 bytes from 127.0.0.1: icmp_seq=1 ttl=64 time=0.049 ms\n64 bytes from 127.0.0.1: icmp_seq=2 ttl=64 time=0.045 ms\n64 bytes from 127.0.0.1: icmp_seq=3 ttl=64 time=0.046 ms\n64 bytes from 127.0.0.1: icmp_seq=4 ttl=64 time=0.042 ms\n\n--- 127.0.0.1 ping statistics ---\n5 packets transmitted, 5 packets received, 0.0%!p(MISSING)acket loss\nround-trip min/avg/max/stddev = 0.031/0.043/0.049/0.006 ms\n&#34;&#xA;time=&#34;2021-06-08T20:19:29-07:00&#34; level=info msg=&#34;USE_IPV6 not set, using default false&#34;&#xA;time=&#34;2021-06-08T20:19:29-07:00&#34; level=error msg=&#34;serviceaccounts \&#34;nsc-acc\&#34; not found&#34;&#xA;time=&#34;2021-06-08T20:19:29-07:00&#34; level=error msg=&#34;serviceaccounts \&#34;nse-acc\&#34; not found&#34;&#xA;time=&#34;2021-06-08T20:19:29-07:00&#34; level=error msg=&#34;serviceaccounts \&#34;nsmgr-acc\&#34; not found&#34;&#xA;time=&#34;2021-06-08T20:19:29-07:00&#34; level=error msg=&#34;serviceaccounts \&#34;nsmrs-acc\&#34; not found&#34;&#xA;time=&#34;2021-06-08T20:19:29-07:00&#34; level=error msg=&#34;serviceaccounts \&#34;forward-plane-acc\&#34; not found&#34;&#xA;time=&#34;2021-06-08T20:19:29-07:00&#34; level=error msg=&#34;serviceaccounts \&#34;crossconnect-monitor-acc\&#34; not found&#34;&#xA;time=&#34;2021-06-08T20:19:29-07:00&#34; level=error msg=&#34;serviceaccounts \&#34;proxy-nsmgr-acc\&#34; not found&#34;&#xA;time=&#34;2021-06-08T20:19:29-07:00&#34; level=info msg=&#34;Cleanup done: 855.237215ms&#34;&#xA;time=&#34;2021-06-08T20:19:30-07:00&#34; level=info msg=&#34;&amp;ServiceAccount{ObjectMeta:{default  nsm-system /api/v1/namespaces/nsm-system/serviceaccounts/default bb5c699d-5619-42e2-8004-f5a3c406f0bf 18926 0 2021-06-08 20:19:00 -0700 PDT &lt;nil&gt; &lt;nil&gt; map[] map[] [] []  []},Secrets:[]ObjectReference{ObjectReference{Kind:,Namespace:,Name:default-token-mc25g,UID:,APIVersion:,ResourceVersion:,FieldPath:,},},ImagePullSecrets:[]LocalObjectReference{},AutomountServiceAccountToken:nil,}&#34;&#xA;I0608 20:19:31.087372   35662 request.go:621] Throttling request took 1.146519332s, request: POST:https://127.0.0.1:55081/api/v1/namespaces/nsm-system/serviceaccounts&#xA;time=&#34;2021-06-08T20:19:31-07:00&#34; level=info msg=&#34;&amp;ServiceAccount{ObjectMeta:{nsc-acc  nsm-system /api/v1/namespaces/nsm-system/serviceaccounts/nsc-acc 773926f6-0af2-44cc-a118-257cc5f0f3ee 19035 0 2021-06-08 20:19:30 -0700 PDT &lt;nil&gt; &lt;nil&gt; map[] map[] [] []  []},Secrets:[]ObjectReference{ObjectReference{Kind:,Namespace:,Name:nsc-acc-token-tsjlj,UID:,APIVersion:,ResourceVersion:,FieldPath:,},},ImagePullSecrets:[]LocalObjectReference{},AutomountServiceAccountToken:nil,}&#34;&#xA;time=&#34;2021-06-08T20:19:31-07:00&#34; level=info msg=&#34;&amp;ServiceAccount{ObjectMeta:{forward-plane-acc  nsm-system /api/v1/namespaces/nsm-system/serviceaccounts/forward-plane-acc 1a77c0b3-512f-4b70-ac65-2c98421d340c 19040 0 2021-06-08 20:19:30 -0700 PDT &lt;nil&gt; &lt;nil&gt; map[] map[] [] []  []},Secrets:[]ObjectReference{ObjectReference{Kind:,Namespace:,Name:forward-plane-acc-token-lbjqb,UID:,APIVersion:,ResourceVersion:,FieldPath:,},},ImagePullSecrets:[]LocalObjectReference{},AutomountServiceAccountToken:nil,}&#34;&#xA;time=&#34;2021-06-08T20:19:32-07:00&#34; level=info msg=&#34;&amp;ServiceAccount{ObjectMeta:{nsmrs-acc  nsm-system /api/v1/namespaces/nsm-system/serviceaccounts/nsmrs-acc eacc918b-7ee4-4a3d-9514-0ac24a987a7e 19043 0 2021-06-08 20:19:30 -0700 PDT &lt;nil&gt; &lt;nil&gt; map[] map[] [] []  []},Secrets:[]ObjectReference{ObjectReference{Kind:,Namespace:,Name:nsmrs-acc-token-mgkhd,UID:,APIVersion:,ResourceVersion:,FieldPath:,},},ImagePullSecrets:[]LocalObjectReference{},AutomountServiceAccountToken:nil,}&#34;&#xA;time=&#34;2021-06-08T20:19:32-07:00&#34; level=info msg=&#34;&amp;ServiceAccount{ObjectMeta:{nse-acc  nsm-system /api/v1/namespaces/nsm-system/serviceaccounts/nse-acc 42fc2c77-f568-4707-a0d6-3686b3f82e2a 19047 0 2021-06-08 20:19:30 -0700 PDT &lt;nil&gt; &lt;nil&gt; map[] map[] [] []  []},Secrets:[]ObjectReference{ObjectReference{Kind:,Namespace:,Name:nse-acc-token-5d29w,UID:,APIVersion:,ResourceVersion:,FieldPath:,},},ImagePullSecrets:[]LocalObjectReference{},AutomountServiceAccountToken:nil,}&#34;&#xA;time=&#34;2021-06-08T20:19:32-07:00&#34; level=info msg=&#34;&amp;ServiceAccount{ObjectMeta:{proxy-nsmgr-acc  nsm-system /api/v1/namespaces/nsm-system/serviceaccounts/proxy-nsmgr-acc 577c8f56-30c0-4b65-ac09-4dc6f41d57cf 19050 0 2021-06-08 20:19:31 -0700 PDT &lt;nil&gt; &lt;nil&gt; map[] map[] [] []  []},Secrets:[]ObjectReference{ObjectReference{Kind:,Namespace:,Name:proxy-nsmgr-acc-token-hjt8f,UID:,APIVersion:,ResourceVersion:,FieldPath:,},},ImagePullSecrets:[]LocalObjectReference{},AutomountServiceAccountToken:nil,}&#34;&#xA;time=&#34;2021-06-08T20:19:32-07:00&#34; level=info msg=&#34;&amp;ServiceAccount{ObjectMeta:{nsmgr-acc  nsm-system /api/v1/namespaces/nsm-system/serviceaccounts/nsmgr-acc d21db6a3-b4ec-44c8-a664-94f68086ce89 19053 0 2021-06-08 20:19:31 -0700 PDT &lt;nil&gt; &lt;nil&gt; map[] map[] [] []  []},Secrets:[]ObjectReference{ObjectReference{Kind:,Namespace:,Name:nsmgr-acc-token-4rxzb,UID:,APIVersion:,ResourceVersion:,FieldPath:,},},ImagePullSecrets:[]LocalObjectReference{},AutomountServiceAccountToken:nil,}&#34;&#xA;time=&#34;2021-06-08T20:19:32-07:00&#34; level=info msg=&#34;&amp;ServiceAccount{ObjectMeta:{crossconnect-monitor-acc  nsm-system /api/v1/namespaces/nsm-system/serviceaccounts/crossconnect-monitor-acc 5974b251-f8df-4a57-8c21-21d343ca9c47 19056 0 2021-06-08 20:19:31 -0700 PDT &lt;nil&gt; &lt;nil&gt; map[] map[] [] []  []},Secrets:[]ObjectReference{ObjectReference{Kind:,Namespace:,Name:crossconnect-monitor-acc-token-qxt78,UID:,APIVersion:,ResourceVersion:,FieldPath:,},},ImagePullSecrets:[]LocalObjectReference{},AutomountServiceAccountToken:nil,}&#34;&#xA;time=&#34;2021-06-08T20:19:32-07:00&#34; level=info msg=&#34;Creating ConfigMap &#39;nsm-config&#39; in namespace&#39;nsm-system&#39;...&#34;&#xA;time=&#34;2021-06-08T20:19:33-07:00&#34; level=info msg=&#34;Using image: containers.cisco.com/appn/prefix-service:vl3_latest&#34;&#xA;time=&#34;2021-06-08T20:19:33-07:00&#34; level=info msg=&#34;Using image: containers.cisco.com/appn/test-common:vl3_latest&#34;&#xA;time=&#34;2021-06-08T20:19:33-07:00&#34; level=info msg=&#34;role is created: &amp;ClusterRoleBinding{ObjectMeta:{nsm-role-binding      0 0001-01-01 00:00:00 +0000 UTC &lt;nil&gt; &lt;nil&gt; map[] map[] [] []  []},Subjects:[]Subject{Subject{Kind:ServiceAccount,APIGroup:,Name:nsmgr-acc,Namespace:nsm-system,},Subject{Kind:ServiceAccount,APIGroup:,Name:proxy-nsmgr-acc,Namespace:nsm-system,},Subject{Kind:ServiceAccount,APIGroup:,Name:crossconnect-monitor-acc,Namespace:nsm-system,},},RoleRef:RoleRef{APIGroup:rbac.authorization.k8s.io,Kind:ClusterRole,Name:nsm-role,},}&#34;&#xA;time=&#34;2021-06-08T20:19:33-07:00&#34; level=info msg=&#34;role is created: &amp;ClusterRole{ObjectMeta:{nsm-role  nsm-system    0 0001-01-01 00:00:00 +0000 UTC &lt;nil&gt; &lt;nil&gt; map[rbac.authorization.k8s.io/aggregate-to-admin:true rbac.authorization.k8s.io/aggregate-to-edit:true] map[] [] []  []},Rules:[]PolicyRule{PolicyRule{Verbs:[*],APIGroups:[networkservicemesh.io],Resources:[networkservices networkserviceendpoints networkservicemanagers],ResourceNames:[],NonResourceURLs:[],},PolicyRule{Verbs:[*],APIGroups:[apiextensions.k8s.io],Resources:[customresourcedefinitions],ResourceNames:[],NonResourceURLs:[],},PolicyRule{Verbs:[get update],APIGroups:[],Resources:[configmaps],ResourceNames:[],NonResourceURLs:[],},PolicyRule{Verbs:[get list watch],APIGroups:[],Resources:[nodes services namespaces],ResourceNames:[],NonResourceURLs:[],},},AggregationRule:nil,}&#34;&#xA;time=&#34;2021-06-08T20:19:33-07:00&#34; level=info msg=&#34;role is created: &amp;ClusterRole{ObjectMeta:{aggregate-network-services-view  nsm-system    0 0001-01-01 00:00:00 +0000 UTC &lt;nil&gt; &lt;nil&gt; map[rbac.authorization.k8s.io/aggregate-to-view:true] map[] [] []  []},Rules:[]PolicyRule{PolicyRule{Verbs:[get list watch],APIGroups:[networkservicemesh.io],Resources:[networkservices],ResourceNames:[],NonResourceURLs:[],},},AggregationRule:nil,}&#34;&#xA;time=&#34;2021-06-08T20:19:36-07:00&#34; level=info msg=&#34;Trying to establish connection with the spire provider at address:tcp://127.0.0.1:52568&#34;&#xA;time=&#34;2021-06-08T20:19:36-07:00&#34; level=info msg=&#34;Created the todo context:tcp://127.0.0.1:52568&#34;&#xA;time=&#34;2021-06-08T20:19:36-07:00&#34; level=info msg=&#34;Got x509:&amp;{0xc0006a6090 &lt;nil&gt; {{0 0} 0 0 0 0} 0xc000434b40 0xc000258280 {{0 0} 0 0 0 0} false} &lt;nil&gt;&#34;&#xA;time=&#34;2021-06-08T20:19:36-07:00&#34; level=info msg=&#34;Started goroutine&#34;&#xA;time=&#34;2021-06-08T20:19:36-07:00&#34; level=info msg=&#34;Returning provider&#34;&#xA;time=&#34;2021-06-08T20:19:36-07:00&#34; level=info msg=&#34;Issued identity:spiffe://test.com/nsmgr&#34;&#xA;time=&#34;2021-06-08T20:19:36-07:00&#34; level=info msg=&#34;Checking node: kind-1-control-plane&#34;&#xA;time=&#34;2021-06-08T20:19:36-07:00&#34; level=info msg=&#34;Checking node: kind-1-worker&#34;&#xA;time=&#34;2021-06-08T20:19:36-07:00&#34; level=info msg=&#34;Checking node: kind-1-worker2&#34;&#xA;time=&#34;2021-06-08T20:19:36-07:00&#34; level=info msg=&#34;Using image: jaegertracing/all-in-one:1.14.0&#34;&#xA;time=&#34;2021-06-08T20:19:39-07:00&#34; level=info msg=&#34;getting logs without container jaeger=none&#34;&#xA;time=&#34;2021-06-08T20:19:39-07:00&#34; level=info msg=&#34;Using image: containers.cisco.com/appn/nsmdp:vl3_latest&#34;&#xA;time=&#34;2021-06-08T20:19:39-07:00&#34; level=info msg=&#34;Using image: containers.cisco.com/appn/nsmd:vl3_latest&#34;&#xA;time=&#34;2021-06-08T20:19:39-07:00&#34; level=info msg=&#34;Using image: containers.cisco.com/appn/nsmd-k8s:vl3_latest&#34;&#xA;time=&#34;2021-06-08T20:19:39-07:00&#34; level=info msg=&#34;Using image: containers.cisco.com/appn/nsmdp:vl3_latest&#34;&#xA;time=&#34;2021-06-08T20:19:39-07:00&#34; level=info msg=&#34;Using image: containers.cisco.com/appn/nsmd:vl3_latest&#34;&#xA;time=&#34;2021-06-08T20:19:39-07:00&#34; level=info msg=&#34;Using image: containers.cisco.com/appn/nsmd-k8s:vl3_latest&#34;&#xA;time=&#34;2021-06-08T20:19:39-07:00&#34; level=info msg=&#34;Using image: containers.cisco.com/appn/vppagent-forwarder:vl3_latest&#34;&#xA;time=&#34;2021-06-08T20:19:39-07:00&#34; level=info msg=&#34;Using image: containers.cisco.com/appn/vppagent-forwarder:vl3_latest&#34;&#xA;I0608 20:19:48.089800   35662 request.go:621] Throttling request took 1.193858561s, request: GET:https://127.0.0.1:55081/api/v1/namespaces/nsm-system/pods/nsmgr-kind-1-worker2&#xA;time=&#34;2021-06-08T20:19:48-07:00&#34; level=info msg=&#34;Started NSMgr/Forwarder: 9.288282403s on node kind-1-worker&#34;&#xA;time=&#34;2021-06-08T20:19:49-07:00&#34; level=info msg=&#34;Started NSMgr/Forwarder: 9.873050811s on node kind-1-worker2&#34;&#xA;time=&#34;2021-06-08T20:19:49-07:00&#34; level=info msg=&#34;Using image: containers.cisco.com/appn/test-common:vl3_latest&#34;&#xA;time=&#34;2021-06-08T20:19:49-07:00&#34; level=info msg=&#34;Starting ICMP Responder NSE on node: kind-1-worker2 &#34;&#xA;time=&#34;2021-06-08T20:19:56-07:00&#34; level=info msg=&#34;getting logs without container icmp-responder-nse-1=none&#34;&#xA;time=&#34;2021-06-08T20:19:56-07:00&#34; level=info msg=&#34;ICMP Responder icmp-responder-nse-1 started done: 7.551185803s&#34;&#xA;time=&#34;2021-06-08T20:19:56-07:00&#34; level=info msg=&#34;Starting NSC nsc-1 on node: kind-1-worker&#34;&#xA;time=&#34;2021-06-08T20:21:27-07:00&#34; level=info msg=&#34;Pod deploy half time passed: nsc-1&#34;&#xA;time=&#34;2021-06-08T20:22:56-07:00&#34; level=error msg=&#34;createAndBlock with pods: nsc-1 Timeout in waitTimeout&#34;&#xA;time=&#34;2021-06-08T20:22:56-07:00&#34; level=error msg=&#34;Failed to deploy pod, trying to get any information&#34;&#xA;time=&#34;2021-06-08T20:22:57-07:00&#34; level=info msg=&#34;Pod container information: nsc-1&#34;&#xA;time=&#34;2021-06-08T20:22:57-07:00&#34; level=info msg=&#34;Pod nsc-1: container: nsm-init status: false: Logs: time=\&#34;2021-06-09T03:19:57Z\&#34; level=info msg=\&#34;Starting nsm-init...\&#34;\ntime=\&#34;2021-06-09T03:19:57Z\&#34; level=info msg=\&#34;Version: v1.0.1-rc.2-1-g9262b77b\&#34;\ntime=\&#34;2021-06-09T03:19:57Z\&#34; level=info msg=\&#34;All env variables:\&#34;\ntime=\&#34;2021-06-09T03:19:57Z\&#34; level=info msg=\&#34;KUBERNETES_PORT=tcp://10.96.0.1:443\&#34;\ntime=\&#34;2021-06-09T03:19:57Z\&#34; level=info msg=\&#34;KUBERNETES_SERVICE_PORT=443\&#34;\ntime=\&#34;2021-06-09T03:19:57Z\&#34; level=info msg=\&#34;GRPC_GO_LOG_VERBOSITY_LEVEL=99\&#34;\ntime=\&#34;2021-06-09T03:19:57Z\&#34; level=info msg=\&#34;HOSTNAME=nsc-1\&#34;\ntime=\&#34;2021-06-09T03:19:57Z\&#34; level=info msg=\&#34;GRPC_GO_LOG_SEVERITY_LEVEL=info\&#34;\ntime=\&#34;2021-06-09T03:19:57Z\&#34; level=info msg=\&#34;SHLVL=1\&#34;\ntime=\&#34;2021-06-09T03:19:57Z\&#34; level=info msg=\&#34;NSM_CLIENT_SOCKET=/var/lib/networkservicemesh/nsm.client.io.sock\&#34;\ntime=\&#34;2021-06-09T03:19:57Z\&#34; level=info msg=\&#34;HOME=/root\&#34;\ntime=\&#34;2021-06-09T03:19:57Z\&#34; level=info msg=\&#34;WORKSPACE=/var/lib/networkservicemesh/\&#34;\ntime=\&#34;2021-06-09T03:19:57Z\&#34; level=info msg=\&#34;KUBERNETES_PORT_443_TCP_ADDR=10.96.0.1\&#34;\ntime=\&#34;2021-06-09T03:19:57Z\&#34; level=info msg=\&#34;PATH=/usr/local/sbin:/usr/local/bin:/usr/sbin:/usr/bin:/sbin:/bin\&#34;\ntime=\&#34;2021-06-09T03:19:57Z\&#34; level=info msg=\&#34;CLIENT_LABELS=app=icmp\&#34;\ntime=\&#34;2021-06-09T03:19:57Z\&#34; level=info msg=\&#34;KUBERNETES_PORT_443_TCP_PORT=443\&#34;\ntime=\&#34;2021-06-09T03:19:57Z\&#34; level=info msg=\&#34;CLIENT_NETWORK_SERVICE=icmp-responder\&#34;\ntime=\&#34;2021-06-09T03:19:57Z\&#34; level=info msg=\&#34;KUBERNETES_PORT_443_TCP_PROTO=tcp\&#34;\ntime=\&#34;2021-06-09T03:19:57Z\&#34; level=info msg=\&#34;ENTRY=nsm-init\&#34;\ntime=\&#34;2021-06-09T03:19:57Z\&#34; level=info msg=\&#34;NSM_SERVER_SOCKET=/var/lib/networkservicemesh/nsm.server.io.sock\&#34;\ntime=\&#34;2021-06-09T03:19:57Z\&#34; level=info msg=\&#34;KUBERNETES_PORT_443_TCP=tcp://10.96.0.1:443\&#34;\ntime=\&#34;2021-06-09T03:19:57Z\&#34; level=info msg=\&#34;KUBERNETES_SERVICE_PORT_HTTPS=443\&#34;\ntime=\&#34;2021-06-09T03:19:57Z\&#34; level=info msg=\&#34;KUBERNETES_SERVICE_HOST=10.96.0.1\&#34;\ntime=\&#34;2021-06-09T03:19:57Z\&#34; level=info msg=\&#34;PWD=/\&#34;\ntime=\&#34;2021-06-09T03:19:57Z\&#34; level=info msg=\&#34;NSM_DEVICE_PLUGIN=true\&#34;\ntime=\&#34;2021-06-09T03:19:57Z\&#34; level=info msg=\&#34;nsmServerSocket: /var/lib/networkservicemesh/nsm.server.io.sock\&#34;\ntime=\&#34;2021-06-09T03:19:57Z\&#34; level=info msg=\&#34;nsmClientSocket: /var/lib/networkservicemesh/nsm.client.io.sock\&#34;\ntime=\&#34;2021-06-09T03:19:57Z\&#34; level=info msg=\&#34;workspace: /var/lib/networkservicemesh/\&#34;\ntime=\&#34;2021-06-09T03:19:57Z\&#34; level=info msg=\&#34;ENDPOINT_NETWORK_SERVICE not found.\&#34;\ntime=\&#34;2021-06-09T03:19:57Z\&#34; level=info msg=\&#34;Outgoing Network Service Name: icmp-responder\&#34;\ntime=\&#34;2021-06-09T03:19:57Z\&#34; level=info msg=\&#34;ENDPOINT_LABELS not found.\&#34;\ntime=\&#34;2021-06-09T03:19:57Z\&#34; level=info msg=\&#34;Outgoing labels: app=icmp\&#34;\ntime=\&#34;2021-06-09T03:19:57Z\&#34; level=info msg=\&#34;NSC_INTERFACE_NAME not found.\&#34;\ntime=\&#34;2021-06-09T03:19:57Z\&#34; level=info msg=\&#34;MECHANISM_TYPE not found.\&#34;\ntime=\&#34;2021-06-09T03:19:57Z\&#34; level=info msg=\&#34;IP_ADDRESS not found.\&#34;\ntime=\&#34;2021-06-09T03:19:57Z\&#34; level=info msg=\&#34;POD_NAME not found.\&#34;\ntime=\&#34;2021-06-09T03:19:57Z\&#34; level=info msg=\&#34;NSM_NAMESPACE not found.\&#34;\ntime=\&#34;2021-06-09T03:19:57Z\&#34; level=info msg=\&#34;ROUTES not found.\&#34;\ntime=\&#34;2021-06-09T03:19:57Z\&#34; level=info msg=\&#34;Creating logger from config: &amp;{nsm-init@nsc-1 false false [] 0xc000080d20 0xc000277880 &lt;nil&gt; &lt;nil&gt; &lt;nil&gt;}\&#34;\n2021/06/09 03:19:58 debug logging disabled\n2021/06/09 03:19:58 Initializing logging reporter\n2021/06/09 03:19:58 debug logging disabled\ntime=\&#34;2021-06-09T03:19:58Z\&#34; level=info msg=\&#34;==--&gt; RequestNetworkService() span:27a19dc0b7660840:27a19dc0b7660840:0000000000000000:1\&#34;\ntime=\&#34;2021-06-09T03:19:58Z\&#34; level=info msg=\&#34;ENDPOINT_NETWORK_SERVICE not found.\&#34;\ntime=\&#34;2021-06-09T03:19:58Z\&#34; level=info msg=\&#34;ENDPOINT_LABELS not found.\&#34;\ntime=\&#34;2021-06-09T03:19:58Z\&#34; level=info msg=\&#34;NSC_INTERFACE_NAME not found.\&#34;\ntime=\&#34;2021-06-09T03:19:58Z\&#34; level=info msg=\&#34;MECHANISM_TYPE not found.\&#34;\ntime=\&#34;2021-06-09T03:19:58Z\&#34; level=info msg=\&#34;IP_ADDRESS not found.\&#34;\ntime=\&#34;2021-06-09T03:19:58Z\&#34; level=info msg=\&#34;POD_NAME not found.\&#34;\ntime=\&#34;2021-06-09T03:19:58Z\&#34; level=info msg=\&#34;NSM_NAMESPACE not found.\&#34;\ntime=\&#34;2021-06-09T03:19:58Z\&#34; level=info msg=\&#34;ROUTES not found.\&#34;\ntime=\&#34;2021-06-09T03:19:58Z\&#34; level=info msg=\&#34;NSM_NAMESPACE not found.\&#34;\ntime=\&#34;2021-06-09T03:19:58Z\&#34; level=warning msg=\&#34;global opentracer is already initialized\&#34;\ntime=\&#34;2021-06-09T03:19:58Z\&#34; level=info msg=\&#34;Creating logger from config: &amp;{nsm-client@nsc-1 false false [] 0xc000122360 0xc00015c540 &lt;nil&gt; &lt;nil&gt; &lt;nil&gt;}\&#34;\n2021/06/09 03:19:58 debug logging disabled\n2021/06/09 03:19:58 Initializing logging reporter\n2021/06/09 03:19:58 debug logging disabled\ntime=\&#34;2021-06-09T03:19:58Z\&#34; level=info msg=\&#34;Trying to establish connection to target: /var/lib/networkservicemesh/nsm.server.io.sock\&#34;\ntime=\&#34;2021-06-09T03:19:58Z\&#34; level=info msg=\&#34;readDialConfig insecure: false\&#34;\ntime=\&#34;2021-06-09T03:19:58Z\&#34; level=info msg=\&#34;Trying to establish connection with the spire provider at address:unix:///run/spire/sockets/agent.sock\&#34;\ntime=\&#34;2021-06-09T03:19:58Z\&#34; level=info msg=\&#34;Created the todo context:unix:///run/spire/sockets/agent.sock\&#34;\nINFO: 2021/06/09 03:19:58 [core] parsed scheme: \&#34;unix\&#34;\nINFO: 2021/06/09 03:19:58 [core] ccResolverWrapper: sending update to cc: {[{/run/spire/sockets/agent.sock  0xc000398060 0 &lt;nil&gt;}] &lt;nil&gt; &lt;nil&gt;}\nINFO: 2021/06/09 03:19:58 [core] ClientConn switching balancer to \&#34;pick_first\&#34;\nINFO: 2021/06/09 03:19:58 [core] Channel switches to new LB policy \&#34;pick_first\&#34;\nINFO: 2021/06/09 03:19:58 [core] Subchannel Connectivity change to CONNECTING\nINFO: 2021/06/09 03:19:58 [core] blockingPicker: the picked transport is not ready, loop back to repick\nINFO: 2021/06/09 03:19:58 [core] Subchannel picks a new address \&#34;/run/spire/sockets/agent.sock\&#34; to connect\nINFO: 2021/06/09 03:19:58 [core] pickfirstBalancer: UpdateSubConnState: 0xc0003945f0, {CONNECTING &lt;nil&gt;}\nINFO: 2021/06/09 03:19:58 [core] Channel Connectivity change to CONNECTING\nINFO: 2021/06/09 03:19:58 [core] Subchannel Connectivity change to READY\nINFO: 2021/06/09 03:19:58 [core] pickfirstBalancer: UpdateSubConnState: 0xc0003945f0, {READY &lt;nil&gt;}\nINFO: 2021/06/09 03:19:58 [core] Channel Connectivity change to READY\ntime=\&#34;2021-06-09T03:19:58Z\&#34; level=info msg=\&#34;Got x509:&amp;{0xc0003b2090 &lt;nil&gt; {{0 0} 0 0 0 0} 0xc00030ee10 0xc0004581c0 {{0 0} 0 0 0 0} false} &lt;nil&gt;\&#34;\ntime=\&#34;2021-06-09T03:19:58Z\&#34; level=info msg=\&#34;Started goroutine\&#34;\ntime=\&#34;2021-06-09T03:19:58Z\&#34; level=info msg=\&#34;Returning provider\&#34;\ntime=\&#34;2021-06-09T03:19:58Z\&#34; level=info msg=\&#34;func insecure: false, env insecure: false\&#34;\ntime=\&#34;2021-06-09T03:19:58Z\&#34; level=info msg=\&#34;Connecting to the workload api at:unix:///run/spire/sockets/agent.sock\&#34;\nINFO: 2021/06/09 03:19:58 [core] parsed scheme: \&#34;unix\&#34;\nINFO: 2021/06/09 03:19:58 [core] ccResolverWrapper: sending update to cc: {[{/run/spire/sockets/agent.sock  0xc000310108 0 &lt;nil&gt;}] &lt;nil&gt; &lt;nil&gt;}\nINFO: 2021/06/09 03:19:58 [core] ClientConn switching balancer to \&#34;pick_first\&#34;\nINFO: 2021/06/09 03:19:58 [core] Channel switches to new LB policy \&#34;pick_first\&#34;\nINFO: 2021/06/09 03:19:58 [core] Subchannel Connectivity change to CONNECTING\nINFO: 2021/06/09 03:19:58 [core] blockingPicker: the picked transport is not ready, loop back to repick\nINFO: 2021/06/09 03:19:58 [core] Subchannel picks a new address \&#34;/run/spire/sockets/agent.sock\&#34; to connect\ntime=\&#34;2021-06-09T03:19:58Z\&#34; level=info msg=\&#34;Issued identity:spiffe://test.com/nsc\&#34;\nINFO: 2021/06/09 03:19:58 [core] pickfirstBalancer: UpdateSubConnState: 0xc00045a3c0, {CONNECTING &lt;nil&gt;}\nINFO: 2021/06/09 03:19:58 [core] Channel Connectivity change to CONNECTING\nINFO: 2021/06/09 03:19:58 [core] Subchannel Connectivity change to READY\nINFO: 2021/06/09 03:19:58 [core] pickfirstBalancer: UpdateSubConnState: 0xc00045a3c0, {READY &lt;nil&gt;}\nINFO: 2021/06/09 03:19:58 [core] Channel Connectivity change to READY\nINFO: 2021/06/09 03:19:58 [core] Channel Connectivity change to SHUTDOWN\nINFO: 2021/06/09 03:19:58 [core] Subchannel Connectivity change to SHUTDOWN\ntime=\&#34;2021-06-09T03:19:58Z\&#34; level=info msg=\&#34;Successfully retrieve bundles:&amp;{{{0 0} 0 0 0 0} map[{test.com}:0xc0002c4000]}\&#34;\ntime=\&#34;2021-06-09T03:19:58Z\&#34; level=info msg=\&#34;defaultTrustDomain:test.com\&#34;\ntime=\&#34;2021-06-09T03:19:58Z\&#34; level=info msg=\&#34;AUTHORIZING ALL CLIENTS\&#34;\ntime=\&#34;2021-06-09T03:19:58Z\&#34; level=info msg=\&#34;Fetch tlsConfig for Trust Domain: test.com\&#34;\ntime=\&#34;2021-06-09T03:19:58Z\&#34; level=info msg=\&#34;Found 1 tlsconfigs.\&#34;\nINFO: 2021/06/09 03:19:58 [transport] transport: loopyWriter.run returning. connection error: desc = \&#34;transport is closing\&#34;\nINFO: 2021/06/09 03:19:58 [core] parsed scheme: \&#34;\&#34;\nINFO: 2021/06/09 03:19:58 [core] scheme \&#34;\&#34; not registered, fallback to default scheme\nINFO: 2021/06/09 03:19:58 [core] ccResolverWrapper: sending update to cc: {[{/var/lib/networkservicemesh/nsm.server.io.sock  &lt;nil&gt; 0 &lt;nil&gt;}] &lt;nil&gt; &lt;nil&gt;}\nINFO: 2021/06/09 03:19:58 [core] ClientConn switching balancer to \&#34;pick_first\&#34;\nINFO: 2021/06/09 03:19:58 [core] Channel switches to new LB policy \&#34;pick_first\&#34;\nINFO: 2021/06/09 03:19:58 [core] Subchannel Connectivity change to CONNECTING\nINFO: 2021/06/09 03:19:58 [core] pickfirstBalancer: UpdateSubConnState: 0xc00027afb0, {CONNECTING &lt;nil&gt;}\nINFO: 2021/06/09 03:19:58 [core] Channel Connectivity change to CONNECTING\nINFO: 2021/06/09 03:19:58 [core] Subchannel picks a new address \&#34;/var/lib/networkservicemesh/nsm.server.io.sock\&#34; to connect\nINFO: 2021/06/09 03:19:58 [core] Subchannel Connectivity change to READY\nINFO: 2021/06/09 03:19:58 [core] pickfirstBalancer: UpdateSubConnState: 0xc00027afb0, {READY &lt;nil&gt;}\nINFO: 2021/06/09 03:19:58 [core] Channel Connectivity change to READY\ntime=\&#34;2021-06-09T03:19:58Z\&#34; level=info msg=\&#34;Found the right tls certificate:&amp;{&lt;nil&gt; &lt;nil&gt; [] map[] &lt;nil&gt; 0x946a40 &lt;nil&gt; 0x946ac0 &lt;nil&gt; &lt;nil&gt; []  NoClientCert &lt;nil&gt; true [] false false [0 0 0 0 0 0 0 0 0 0 0 0 0 0 0 0 0 0 0 0 0 0 0 0 0 0 0 0 0 0 0 0] &lt;nil&gt; 0 0 [] false 0 &lt;nil&gt; {{0 0} 0 0 0 0} [] []}\&#34;\nINFO: 2021/06/09 03:19:58 [core] Channel Connectivity change to SHUTDOWN\nINFO: 2021/06/09 03:19:58 [core] Subchannel Connectivity change to SHUTDOWN\nINFO: 2021/06/09 03:19:58 [transport] transport: loopyWriter.run returning. connection error: desc = \&#34;transport is closing\&#34;\ntime=\&#34;2021-06-09T03:19:58Z\&#34; level=info msg=\&#34;Trying to establish connection using tlsConfig:&amp;{&lt;nil&gt; &lt;nil&gt; [] map[] &lt;nil&gt; 0x946a40 &lt;nil&gt; 0x946ac0 &lt;nil&gt; &lt;nil&gt; []  NoClientCert &lt;nil&gt; true [] false false [0 0 0 0 0 0 0 0 0 0 0 0 0 0 0 0 0 0 0 0 0 0 0 0 0 0 0 0 0 0 0 0] &lt;nil&gt; 0 0 [] false 0 &lt;nil&gt; {{0 0} 0 0 0 0} [] []}\&#34;\nINFO: 2021/06/09 03:19:58 [core] parsed scheme: \&#34;\&#34;\nINFO: 2021/06/09 03:19:58 [core] scheme \&#34;\&#34; not registered, fallback to default scheme\nINFO: 2021/06/09 03:19:58 [core] ccResolverWrapper: sending update to cc: {[{/var/lib/networkservicemesh/nsm.server.io.sock  &lt;nil&gt; 0 &lt;nil&gt;}] &lt;nil&gt; &lt;nil&gt;}\nINFO: 2021/06/09 03:19:58 [core] ClientConn switching balancer to \&#34;pick_first\&#34;\nINFO: 2021/06/09 03:19:58 [core] Channel switches to new LB policy \&#34;pick_first\&#34;\nINFO: 2021/06/09 03:19:58 [core] Subchannel Connectivity change to CONNECTING\nINFO: 2021/06/09 03:19:58 [core] pickfirstBalancer: UpdateSubConnState: 0xc00045a850, {CONNECTING &lt;nil&gt;}\nINFO: 2021/06/09 03:19:58 [core] Channel Connectivity change to CONNECTING\nINFO: 2021/06/09 03:19:58 [core] Subchannel picks a new address \&#34;/var/lib/networkservicemesh/nsm.server.io.sock\&#34; to connect\nINFO: 2021/06/09 03:19:58 [core] Subchannel Connectivity change to READY\nINFO: 2021/06/09 03:19:58 [core] pickfirstBalancer: UpdateSubConnState: 0xc00045a850, {READY &lt;nil&gt;}\nINFO: 2021/06/09 03:19:58 [core] Channel Connectivity change to READY\ntime=\&#34;2021-06-09T03:19:58Z\&#34; level=info msg=\&#34;nsm: connection to nsm server on socket: /var/lib/networkservicemesh/nsm.server.io.sock succeeded.\&#34;\ntime=\&#34;2021-06-09T03:19:58Z\&#34; level=info msg=\&#34;==----&gt; nsmClient.Connect() span:27a19dc0b7660840:13fee77889bb3456:27a19dc0b7660840:1\&#34;\ntime=\&#34;2021-06-09T03:19:58Z\&#34; level=info msg=\&#34;Initiating an outgoing connection.\&#34; description=\&#34;Primary interface\&#34; destEndpointManager= destEndpointName= mechanism=KERNEL_INTERFACE mechanismName=nsm0 operation=nsmClient.Connect remoteIp= span=\&#34;27a19dc0b7660840:13fee77889bb3456:27a19dc0b7660840:1\&#34;\ntime=\&#34;2021-06-09T03:19:58Z\&#34; level=info msg=\&#34;Initiating an outgoing connection.\&#34; operation=nsmClient.Connect span=\&#34;27a19dc0b7660840:13fee77889bb3456:27a19dc0b7660840:1\&#34;\ntime=\&#34;2021-06-09T03:19:58Z\&#34; level=info msg=\&#34;&gt;&gt;&lt;&lt;---- Selected mechanism={\\\&#34;cls\\\&#34;:\\\&#34;LOCAL\\\&#34;,\\\&#34;type\\\&#34;:\\\&#34;KERNEL_INTERFACE\\\&#34;,\\\&#34;parameters\\\&#34;:{\\\&#34;description\\\&#34;:\\\&#34;Primary interface\\\&#34;,\\\&#34;name\\\&#34;:\\\&#34;nsm0\\\&#34;,\\\&#34;netnsInode\\\&#34;:\\\&#34;4026533544\\\&#34;,\\\&#34;socketfile\\\&#34;:\\\&#34;nsm0/memif.sock\\\&#34;}} span=27a19dc0b7660840:13fee77889bb3456:27a19dc0b7660840:1\&#34;\ntime=\&#34;2021-06-09T03:19:58Z\&#34; level=info msg=\&#34;==------&gt; nsmClient.Connect.attempt:0() span:27a19dc0b7660840:5344392563d38c38:13fee77889bb3456:1\&#34;\ntime=\&#34;2021-06-09T03:19:58Z\&#34; level=info msg=\&#34;Requesting connection:&lt;network_service:\\\&#34;icmp-responder\\\&#34; context:&lt;ip_context:&lt;src_ip_required:true dst_ip_required:true &gt; &gt; labels:&lt;key:\\\&#34;app\\\&#34; value:\\\&#34;icmp\\\&#34; &gt; labels:&lt;key:\\\&#34;namespace\\\&#34; value:\\\&#34;default\\\&#34; &gt; labels:&lt;key:\\\&#34;podName\\\&#34; value:\\\&#34;nsc-1\\\&#34; &gt; &gt; mechanism_preferences:&lt;cls:\\\&#34;LOCAL\\\&#34; type:\\\&#34;KERNEL_INTERFACE\\\&#34; parameters:&lt;key:\\\&#34;description\\\&#34; value:\\\&#34;Primary interface\\\&#34; &gt; parameters:&lt;key:\\\&#34;name\\\&#34; value:\\\&#34;nsm0\\\&#34; &gt; parameters:&lt;key:\\\&#34;netnsInode\\\&#34; value:\\\&#34;4026533544\\\&#34; &gt; parameters:&lt;key:\\\&#34;socketfile\\\&#34; value:\\\&#34;nsm0/memif.sock\\\&#34; &gt; &gt; \&#34; operation=\&#34;nsmClient.Connect.attempt:0\&#34; span=\&#34;27a19dc0b7660840:5344392563d38c38:13fee77889bb3456:1\&#34;\ntime=\&#34;2021-06-09T03:19:58Z\&#34; level=info msg=\&#34;&gt;&gt;&lt;&lt;-------- /networkservice.NetworkService/Request()=\\\&#34;\\\&#34; span=27a19dc0b7660840:5344392563d38c38:13fee77889bb3456:1\&#34;\ntime=\&#34;2021-06-09T03:19:58Z\&#34; level=info msg=\&#34;&gt;&gt;&lt;&lt;-------- request={\\\&#34;connection\\\&#34;:{\\\&#34;network_service\\\&#34;:\\\&#34;icmp-responder\\\&#34;,\\\&#34;context\\\&#34;:{\\\&#34;ip_context\\\&#34;:{\\\&#34;src_ip_required\\\&#34;:true,\\\&#34;dst_ip_required\\\&#34;:true}},\\\&#34;labels\\\&#34;:{\\\&#34;app\\\&#34;:\\\&#34;icmp\\\&#34;,\\\&#34;namespace\\\&#34;:\\\&#34;default\\\&#34;,\\\&#34;podName\\\&#34;:\\\&#34;nsc-1\\\&#34;}},\\\&#34;mechanism_preferences\\\&#34;:[{\\\&#34;cls\\\&#34;:\\\&#34;LOCAL\\\&#34;,\\\&#34;type\\\&#34;:\\\&#34;KERNEL_INTERFACE\\\&#34;,\\\&#34;parameters\\\&#34;:{\\\&#34;description\\\&#34;:\\\&#34;Primary interface\\\&#34;,\\\&#34;name\\\&#34;:\\\&#34;nsm0\\\&#34;,\\\&#34;netnsInode\\\&#34;:\\\&#34;4026533544\\\&#34;,\\\&#34;socketfile\\\&#34;:\\\&#34;nsm0/memif.sock\\\&#34;}}]} span=27a19dc0b7660840:5344392563d38c38:13fee77889bb3456:1\&#34;\n2021/06/09 03:20:58 Reporting span 27a19dc0b7660840:5c67f4a0a99d2447:5344392563d38c38:1\ntime=\&#34;2021-06-09T03:20:58Z\&#34; level=info msg=\&#34;&gt;&gt;&lt;&lt;-------- response={} span=27a19dc0b7660840:5344392563d38c38:13fee77889bb3456:1\&#34;\ntime=\&#34;2021-06-09T03:20:58Z\&#34; level=error msg=\&#34;&gt;&gt;&lt;&lt;------ error=rpc error: code = DeadlineExceeded desc = context deadline exceeded span=27a19dc0b7660840:5344392563d38c38:13fee77889bb3456:1\&#34;\ntime=\&#34;2021-06-09T03:20:58Z\&#34; level=error msg=\&#34;nsm client: Failed to connect rpc error: code = DeadlineExceeded desc = context deadline exceeded. Retry attempts: 10 Delaying: 5s\&#34; operation=\&#34;nsmClient.Connect.attempt:0\&#34; span=\&#34;27a19dc0b7660840:5344392563d38c38:13fee77889bb3456:1\&#34;\n2021/06/09 03:20:58 Reporting span 27a19dc0b7660840:5344392563d38c38:13fee77889bb3456:1\ntime=\&#34;2021-06-09T03:21:03Z\&#34; level=info msg=\&#34;==------&gt; nsmClient.Connect.attempt:1() span:27a19dc0b7660840:0d2cbf4ce245e3f4:13fee77889bb3456:1\&#34;\ntime=\&#34;2021-06-09T03:21:03Z\&#34; level=info msg=\&#34;Requesting connection:&lt;network_service:\\\&#34;icmp-responder\\\&#34; context:&lt;ip_context:&lt;src_ip_required:true dst_ip_required:true &gt; &gt; labels:&lt;key:\\\&#34;app\\\&#34; value:\\\&#34;icmp\\\&#34; &gt; labels:&lt;key:\\\&#34;namespace\\\&#34; value:\\\&#34;default\\\&#34; &gt; labels:&lt;key:\\\&#34;podName\\\&#34; value:\\\&#34;nsc-1\\\&#34; &gt; &gt; mechanism_preferences:&lt;cls:\\\&#34;LOCAL\\\&#34; type:\\\&#34;KERNEL_INTERFACE\\\&#34; parameters:&lt;key:\\\&#34;description\\\&#34; value:\\\&#34;Primary interface\\\&#34; &gt; parameters:&lt;key:\\\&#34;name\\\&#34; value:\\\&#34;nsm0\\\&#34; &gt; parameters:&lt;key:\\\&#34;netnsInode\\\&#34; value:\\\&#34;4026533544\\\&#34; &gt; parameters:&lt;key:\\\&#34;socketfile\\\&#34; value:\\\&#34;nsm0/memif.sock\\\&#34; &gt; &gt; \&#34; operation=\&#34;nsmClient.Connect.attempt:1\&#34; span=\&#34;27a19dc0b7660840:0d2cbf4ce245e3f4:13fee77889bb3456:1\&#34;\ntime=\&#34;2021-06-09T03:21:03Z\&#34; level=info msg=\&#34;&gt;&gt;&lt;&lt;-------- /networkservice.NetworkService/Request()=\\\&#34;\\\&#34; span=27a19dc0b7660840:0d2cbf4ce245e3f4:13fee77889bb3456:1\&#34;\ntime=\&#34;2021-06-09T03:21:03Z\&#34; level=info msg=\&#34;&gt;&gt;&lt;&lt;-------- request={\\\&#34;connection\\\&#34;:{\\\&#34;network_service\\\&#34;:\\\&#34;icmp-responder\\\&#34;,\\\&#34;context\\\&#34;:{\\\&#34;ip_context\\\&#34;:{\\\&#34;src_ip_required\\\&#34;:true,\\\&#34;dst_ip_required\\\&#34;:true}},\\\&#34;labels\\\&#34;:{\\\&#34;app\\\&#34;:\\\&#34;icmp\\\&#34;,\\\&#34;namespace\\\&#34;:\\\&#34;default\\\&#34;,\\\&#34;podName\\\&#34;:\\\&#34;nsc-1\\\&#34;}},\\\&#34;mechanism_preferences\\\&#34;:[{\\\&#34;cls\\\&#34;:\\\&#34;LOCAL\\\&#34;,\\\&#34;type\\\&#34;:\\\&#34;KERNEL_INTERFACE\\\&#34;,\\\&#34;parameters\\\&#34;:{\\\&#34;description\\\&#34;:\\\&#34;Primary interface\\\&#34;,\\\&#34;name\\\&#34;:\\\&#34;nsm0\\\&#34;,\\\&#34;netnsInode\\\&#34;:\\\&#34;4026533544\\\&#34;,\\\&#34;socketfile\\\&#34;:\\\&#34;nsm0/memif.sock\\\&#34;}}]} span=27a19dc0b7660840:0d2cbf4ce245e3f4:13fee77889bb3456:1\&#34;\n2021/06/09 03:22:03 Reporting span 27a19dc0b7660840:7f9746f108eb2c11:0d2cbf4ce245e3f4:1\ntime=\&#34;2021-06-09T03:22:03Z\&#34; level=info msg=\&#34;&gt;&gt;&lt;&lt;-------- response={} span=27a19dc0b7660840:0d2cbf4ce245e3f4:13fee77889bb3456:1\&#34;\ntime=\&#34;2021-06-09T03:22:03Z\&#34; level=error msg=\&#34;&gt;&gt;&lt;&lt;------ error=rpc error: code = DeadlineExceeded desc = context deadline exceeded span=27a19dc0b7660840:0d2cbf4ce245e3f4:13fee77889bb3456:1\&#34;\ntime=\&#34;2021-06-09T03:22:03Z\&#34; level=error msg=\&#34;nsm client: Failed to connect rpc error: code = DeadlineExceeded desc = context deadline exceeded. Retry attempts: 9 Delaying: 5s\&#34; operation=\&#34;nsmClient.Connect.attempt:1\&#34; span=\&#34;27a19dc0b7660840:0d2cbf4ce245e3f4:13fee77889bb3456:1\&#34;\n2021/06/09 03:22:03 Reporting span 27a19dc0b7660840:0d2cbf4ce245e3f4:13fee77889bb3456:1\ntime=\&#34;2021-06-09T03:22:08Z\&#34; level=info msg=\&#34;==------&gt; nsmClient.Connect.attempt:2() span:27a19dc0b7660840:41aeb0ebb94398ac:13fee77889bb3456:1\&#34;\ntime=\&#34;2021-06-09T03:22:08Z\&#34; level=info msg=\&#34;Requesting connection:&lt;network_service:\\\&#34;icmp-responder\\\&#34; context:&lt;ip_context:&lt;src_ip_required:true dst_ip_required:true &gt; &gt; labels:&lt;key:\\\&#34;app\\\&#34; value:\\\&#34;icmp\\\&#34; &gt; labels:&lt;key:\\\&#34;namespace\\\&#34; value:\\\&#34;default\\\&#34; &gt; labels:&lt;key:\\\&#34;podName\\\&#34; value:\\\&#34;nsc-1\\\&#34; &gt; &gt; mechanism_preferences:&lt;cls:\\\&#34;LOCAL\\\&#34; type:\\\&#34;KERNEL_INTERFACE\\\&#34; parameters:&lt;key:\\\&#34;description\\\&#34; value:\\\&#34;Primary interface\\\&#34; &gt; parameters:&lt;key:\\\&#34;name\\\&#34; value:\\\&#34;nsm0\\\&#34; &gt; parameters:&lt;key:\\\&#34;netnsInode\\\&#34; value:\\\&#34;4026533544\\\&#34; &gt; parameters:&lt;key:\\\&#34;socketfile\\\&#34; value:\\\&#34;nsm0/memif.sock\\\&#34; &gt; &gt; \&#34; operation=\&#34;nsmClient.Connect.attempt:2\&#34; span=\&#34;27a19dc0b7660840:41aeb0ebb94398ac:13fee77889bb3456:1\&#34;\ntime=\&#34;2021-06-09T03:22:08Z\&#34; level=info msg=\&#34;&gt;&gt;&lt;&lt;-------- /networkservice.NetworkService/Request()=\\\&#34;\\\&#34; span=27a19dc0b7660840:41aeb0ebb94398ac:13fee77889bb3456:1\&#34;\ntime=\&#34;2021-06-09T03:22:08Z\&#34; level=info msg=\&#34;&gt;&gt;&lt;&lt;-------- request={\\\&#34;connection\\\&#34;:{\\\&#34;network_service\\\&#34;:\\\&#34;icmp-responder\\\&#34;,\\\&#34;context\\\&#34;:{\\\&#34;ip_context\\\&#34;:{\\\&#34;src_ip_required\\\&#34;:true,\\\&#34;dst_ip_required\\\&#34;:true}},\\\&#34;labels\\\&#34;:{\\\&#34;app\\\&#34;:\\\&#34;icmp\\\&#34;,\\\&#34;namespace\\\&#34;:\\\&#34;default\\\&#34;,\\\&#34;podName\\\&#34;:\\\&#34;nsc-1\\\&#34;}},\\\&#34;mechanism_preferences\\\&#34;:[{\\\&#34;cls\\\&#34;:\\\&#34;LOCAL\\\&#34;,\\\&#34;type\\\&#34;:\\\&#34;KERNEL_INTERFACE\\\&#34;,\\\&#34;parameters\\\&#34;:{\\\&#34;description\\\&#34;:\\\&#34;Primary interface\\\&#34;,\\\&#34;name\\\&#34;:\\\&#34;nsm0\\\&#34;,\\\&#34;netnsInode\\\&#34;:\\\&#34;4026533544\\\&#34;,\\\&#34;socketfile\\\&#34;:\\\&#34;nsm0/memif.sock\\\&#34;}}]} span=27a19dc0b7660840:41aeb0ebb94398ac:13fee77889bb3456:1\&#34;\n&#34;&#xA;time=&#34;2021-06-08T20:22:57-07:00&#34; level=error msg=&#34;blockUntilPodReady failed. Cause: Timeout during waiting for pod change status for pod nsc-1 [{Initialized False 0001-01-01 00:00:00 +0000 UTC 2021-06-08 20:19:57 -0700 PDT ContainersNotInitialized containers with incomplete status: [nsm-init]} {Ready False 0001-01-01 00:00:00 +0000 UTC 2021-06-08 20:19:57 -0700 PDT ContainersNotReady containers with unready status: [alpine-img]} {ContainersReady False 0001-01-01 00:00:00 +0000 UTC 2021-06-08 20:19:57 -0700 PDT ContainersNotReady containers with unready status: [alpine-img]} {PodScheduled True 0001-01-01 00:00:00 +0000 UTC 2021-06-08 20:19:57 -0700 PDT  }] status:  pod: nsc-1&#34;&#xA;time=&#34;2021-06-08T20:22:57-07:00&#34; level=error msg=&#34;Failed to get logs from nsc-1 err: container \&#34;alpine-img\&#34; in pod \&#34;nsc-1\&#34; is waiting to start: PodInitializing&#34;&#xA;time=&#34;2021-06-08T20:22:57-07:00&#34; level=info msg=&#34;Pod nsc-1: container: alpine-img status: false: Logs: &#34;&#xA;time=&#34;2021-06-08T20:22:57-07:00&#34; level=info msg=&#34;pod nsc-1 object:\n&gt;&gt;&gt;&gt;&gt;&gt;&gt;&gt;&gt;&gt;&gt;{\&#34;metadata\&#34;:{\&#34;name\&#34;:\&#34;nsc-1\&#34;,\&#34;namespace\&#34;:\&#34;nsm-system\&#34;,\&#34;selfLink\&#34;:\&#34;/api/v1/namespaces/nsm-system/pods/nsc-1\&#34;,\&#34;uid\&#34;:\&#34;05321e1b-e840-4718-a682-35855e28ad1d\&#34;,\&#34;resourceVersion\&#34;:\&#34;19238\&#34;,\&#34;creationTimestamp\&#34;:\&#34;2021-06-09T03:19:57Z\&#34;},\&#34;spec\&#34;:{\&#34;volumes\&#34;:[{\&#34;name\&#34;:\&#34;nsc-acc-token-tsjlj\&#34;,\&#34;secret\&#34;:{\&#34;secretName\&#34;:\&#34;nsc-acc-token-tsjlj\&#34;,\&#34;defaultMode\&#34;:420}}],\&#34;initContainers\&#34;:[{\&#34;name\&#34;:\&#34;nsm-init\&#34;,\&#34;image\&#34;:\&#34;containers.cisco.com/appn/nsm-init:vl3_latest\&#34;,\&#34;env\&#34;:[{\&#34;name\&#34;:\&#34;CLIENT_NETWORK_SERVICE\&#34;,\&#34;value\&#34;:\&#34;icmp-responder\&#34;},{\&#34;name\&#34;:\&#34;CLIENT_LABELS\&#34;,\&#34;value\&#34;:\&#34;app=icmp\&#34;}],\&#34;resources\&#34;:{\&#34;limits\&#34;:{\&#34;cpu\&#34;:\&#34;200m\&#34;,\&#34;memory\&#34;:\&#34;20Mi\&#34;,\&#34;networkservicemesh.io/socket\&#34;:\&#34;1\&#34;},\&#34;requests\&#34;:{\&#34;cpu\&#34;:\&#34;200m\&#34;,\&#34;memory\&#34;:\&#34;20Mi\&#34;,\&#34;networkservicemesh.io/socket\&#34;:\&#34;1\&#34;}},\&#34;volumeMounts\&#34;:[{\&#34;name\&#34;:\&#34;nsc-acc-token-tsjlj\&#34;,\&#34;readOnly\&#34;:true,\&#34;mountPath\&#34;:\&#34;/var/run/secrets/kubernetes.io/serviceaccount\&#34;}],\&#34;terminationMessagePath\&#34;:\&#34;/dev/termination-log\&#34;,\&#34;terminationMessagePolicy\&#34;:\&#34;File\&#34;,\&#34;imagePullPolicy\&#34;:\&#34;IfNotPresent\&#34;}],\&#34;containers\&#34;:[{\&#34;name\&#34;:\&#34;alpine-img\&#34;,\&#34;image\&#34;:\&#34;alpine:latest\&#34;,\&#34;command\&#34;:[\&#34;tail\&#34;,\&#34;-f\&#34;,\&#34;/dev/null\&#34;],\&#34;resources\&#34;:{},\&#34;volumeMounts\&#34;:[{\&#34;name\&#34;:\&#34;nsc-acc-token-tsjlj\&#34;,\&#34;readOnly\&#34;:true,\&#34;mountPath\&#34;:\&#34;/var/run/secrets/kubernetes.io/serviceaccount\&#34;}],\&#34;terminationMessagePath\&#34;:\&#34;/dev/termination-log\&#34;,\&#34;terminationMessagePolicy\&#34;:\&#34;File\&#34;,\&#34;imagePullPolicy\&#34;:\&#34;IfNotPresent\&#34;}],\&#34;restartPolicy\&#34;:\&#34;Always\&#34;,\&#34;terminationGracePeriodSeconds\&#34;:0,\&#34;dnsPolicy\&#34;:\&#34;ClusterFirst\&#34;,\&#34;nodeSelector\&#34;:{\&#34;kubernetes.io/hostname\&#34;:\&#34;kind-1-worker\&#34;},\&#34;serviceAccountName\&#34;:\&#34;nsc-acc\&#34;,\&#34;serviceAccount\&#34;:\&#34;nsc-acc\&#34;,\&#34;nodeName\&#34;:\&#34;kind-1-worker\&#34;,\&#34;securityContext\&#34;:{},\&#34;schedulerName\&#34;:\&#34;default-scheduler\&#34;,\&#34;tolerations\&#34;:[{\&#34;key\&#34;:\&#34;node.kubernetes.io/not-ready\&#34;,\&#34;operator\&#34;:\&#34;Exists\&#34;,\&#34;effect\&#34;:\&#34;NoExecute\&#34;,\&#34;tolerationSeconds\&#34;:300},{\&#34;key\&#34;:\&#34;node.kubernetes.io/unreachable\&#34;,\&#34;operator\&#34;:\&#34;Exists\&#34;,\&#34;effect\&#34;:\&#34;NoExecute\&#34;,\&#34;tolerationSeconds\&#34;:300}],\&#34;priority\&#34;:0,\&#34;enableServiceLinks\&#34;:true},\&#34;status\&#34;:{\&#34;phase\&#34;:\&#34;Pending\&#34;,\&#34;conditions\&#34;:[{\&#34;type\&#34;:\&#34;Initialized\&#34;,\&#34;status\&#34;:\&#34;False\&#34;,\&#34;lastProbeTime\&#34;:null,\&#34;lastTransitionTime\&#34;:\&#34;2021-06-09T03:19:57Z\&#34;,\&#34;reason\&#34;:\&#34;ContainersNotInitialized\&#34;,\&#34;message\&#34;:\&#34;containers with incomplete status: [nsm-init]\&#34;},{\&#34;type\&#34;:\&#34;Ready\&#34;,\&#34;status\&#34;:\&#34;False\&#34;,\&#34;lastProbeTime\&#34;:null,\&#34;lastTransitionTime\&#34;:\&#34;2021-06-09T03:19:57Z\&#34;,\&#34;reason\&#34;:\&#34;ContainersNotReady\&#34;,\&#34;message\&#34;:\&#34;containers with unready status: [alpine-img]\&#34;},{\&#34;type\&#34;:\&#34;ContainersReady\&#34;,\&#34;status\&#34;:\&#34;False\&#34;,\&#34;lastProbeTime\&#34;:null,\&#34;lastTransitionTime\&#34;:\&#34;2021-06-09T03:19:57Z\&#34;,\&#34;reason\&#34;:\&#34;ContainersNotReady\&#34;,\&#34;message\&#34;:\&#34;containers with unready status: [alpine-img]\&#34;},{\&#34;type\&#34;:\&#34;PodScheduled\&#34;,\&#34;status\&#34;:\&#34;True\&#34;,\&#34;lastProbeTime\&#34;:null,\&#34;lastTransitionTime\&#34;:\&#34;2021-06-09T03:19:57Z\&#34;}],\&#34;hostIP\&#34;:\&#34;172.17.0.4\&#34;,\&#34;podIP\&#34;:\&#34;10.244.2.78\&#34;,\&#34;podIPs\&#34;:[{\&#34;ip\&#34;:\&#34;10.244.2.78\&#34;}],\&#34;startTime\&#34;:\&#34;2021-06-09T03:19:57Z\&#34;,\&#34;initContainerStatuses\&#34;:[{\&#34;name\&#34;:\&#34;nsm-init\&#34;,\&#34;state\&#34;:{\&#34;running\&#34;:{\&#34;startedAt\&#34;:\&#34;2021-06-09T03:19:57Z\&#34;}},\&#34;lastState\&#34;:{},\&#34;ready\&#34;:false,\&#34;restartCount\&#34;:0,\&#34;image\&#34;:\&#34;containers.cisco.com/appn/nsm-init:vl3_latest\&#34;,\&#34;imageID\&#34;:\&#34;sha256:40c167f519ed8ff354adfed9786b94f776297b51ae257f63dd9520d8c1dc37b8\&#34;,\&#34;containerID\&#34;:\&#34;containerd://1a81f25b04e8095cbcce1931e08b3ddf69c0be52068c140b554fcc68b24d7caa\&#34;}],\&#34;containerStatuses\&#34;:[{\&#34;name\&#34;:\&#34;alpine-img\&#34;,\&#34;state\&#34;:{\&#34;waiting\&#34;:{\&#34;reason\&#34;:\&#34;PodInitializing\&#34;}},\&#34;lastState\&#34;:{},\&#34;ready\&#34;:false,\&#34;restartCount\&#34;:0,\&#34;image\&#34;:\&#34;alpine:latest\&#34;,\&#34;imageID\&#34;:\&#34;\&#34;,\&#34;started\&#34;:false}],\&#34;qosClass\&#34;:\&#34;Burstable\&#34;}}\n&lt;&lt;&lt;&lt;&lt;&lt;&lt;&lt;&lt;&lt;&#34;&#xA;time=&#34;2021-06-08T20:22:58-07:00&#34; level=info msg=&#34;Pod nsc-1 event: {\&#34;metadata\&#34;:{\&#34;name\&#34;:\&#34;nsc-1.1686cbcd2fec65c0\&#34;,\&#34;namespace\&#34;:\&#34;nsm-system\&#34;,\&#34;selfLink\&#34;:\&#34;/api/v1/namespaces/nsm-system/events/nsc-1.1686cbcd2fec65c0\&#34;,\&#34;uid\&#34;:\&#34;9d4a31f0-1d63-49ed-889d-badbe8fc896d\&#34;,\&#34;resourceVersion\&#34;:\&#34;19235\&#34;,\&#34;creationTimestamp\&#34;:\&#34;2021-06-09T03:19:57Z\&#34;},\&#34;involvedObject\&#34;:{\&#34;kind\&#34;:\&#34;Pod\&#34;,\&#34;namespace\&#34;:\&#34;nsm-system\&#34;,\&#34;name\&#34;:\&#34;nsc-1\&#34;,\&#34;uid\&#34;:\&#34;05321e1b-e840-4718-a682-35855e28ad1d\&#34;,\&#34;apiVersion\&#34;:\&#34;v1\&#34;,\&#34;resourceVersion\&#34;:\&#34;19230\&#34;,\&#34;fieldPath\&#34;:\&#34;spec.initContainers{nsm-init}\&#34;},\&#34;reason\&#34;:\&#34;Started\&#34;,\&#34;message\&#34;:\&#34;Started container nsm-init\&#34;,\&#34;source\&#34;:{\&#34;component\&#34;:\&#34;kubelet\&#34;,\&#34;host\&#34;:\&#34;kind-1-worker\&#34;},\&#34;firstTimestamp\&#34;:\&#34;2021-06-09T03:19:57Z\&#34;,\&#34;lastTimestamp\&#34;:\&#34;2021-06-09T03:19:57Z\&#34;,\&#34;count\&#34;:1,\&#34;type\&#34;:\&#34;Normal\&#34;,\&#34;eventTime\&#34;:null,\&#34;reportingComponent\&#34;:\&#34;\&#34;,\&#34;reportingInstance\&#34;:\&#34;\&#34;}&#34;&#xA;time=&#34;2021-06-08T20:22:58-07:00&#34; level=info msg=&#34;Pod nsc-1 event: {\&#34;metadata\&#34;:{\&#34;name\&#34;:\&#34;nsc-1.1686cbcd2a5187f8\&#34;,\&#34;namespace\&#34;:\&#34;nsm-system\&#34;,\&#34;selfLink\&#34;:\&#34;/api/v1/namespaces/nsm-system/events/nsc-1.1686cbcd2a5187f8\&#34;,\&#34;uid\&#34;:\&#34;13af13c7-c6e4-4909-b571-00dc30e03191\&#34;,\&#34;resourceVersion\&#34;:\&#34;19234\&#34;,\&#34;creationTimestamp\&#34;:\&#34;2021-06-09T03:19:57Z\&#34;},\&#34;involvedObject\&#34;:{\&#34;kind\&#34;:\&#34;Pod\&#34;,\&#34;namespace\&#34;:\&#34;nsm-system\&#34;,\&#34;name\&#34;:\&#34;nsc-1\&#34;,\&#34;uid\&#34;:\&#34;05321e1b-e840-4718-a682-35855e28ad1d\&#34;,\&#34;apiVersion\&#34;:\&#34;v1\&#34;,\&#34;resourceVersion\&#34;:\&#34;19230\&#34;,\&#34;fieldPath\&#34;:\&#34;spec.initContainers{nsm-init}\&#34;},\&#34;reason\&#34;:\&#34;Created\&#34;,\&#34;message\&#34;:\&#34;Created container nsm-init\&#34;,\&#34;source\&#34;:{\&#34;component\&#34;:\&#34;kubelet\&#34;,\&#34;host\&#34;:\&#34;kind-1-worker\&#34;},\&#34;firstTimestamp\&#34;:\&#34;2021-06-09T03:19:57Z\&#34;,\&#34;lastTimestamp\&#34;:\&#34;2021-06-09T03:19:57Z\&#34;,\&#34;count\&#34;:1,\&#34;type\&#34;:\&#34;Normal\&#34;,\&#34;eventTime\&#34;:null,\&#34;reportingComponent\&#34;:\&#34;\&#34;,\&#34;reportingInstance\&#34;:\&#34;\&#34;}&#34;&#xA;time=&#34;2021-06-08T20:22:58-07:00&#34; level=info msg=&#34;Pod nsc-1 event: {\&#34;metadata\&#34;:{\&#34;name\&#34;:\&#34;nsc-1.1686cbcd285e0ebc\&#34;,\&#34;namespace\&#34;:\&#34;nsm-system\&#34;,\&#34;selfLink\&#34;:\&#34;/api/v1/namespaces/nsm-system/events/nsc-1.1686cbcd285e0ebc\&#34;,\&#34;uid\&#34;:\&#34;a6b7420b-8a6e-44c4-a381-9e2cf4204606\&#34;,\&#34;resourceVersion\&#34;:\&#34;19233\&#34;,\&#34;creationTimestamp\&#34;:\&#34;2021-06-09T03:19:57Z\&#34;},\&#34;involvedObject\&#34;:{\&#34;kind\&#34;:\&#34;Pod\&#34;,\&#34;namespace\&#34;:\&#34;nsm-system\&#34;,\&#34;name\&#34;:\&#34;nsc-1\&#34;,\&#34;uid\&#34;:\&#34;05321e1b-e840-4718-a682-35855e28ad1d\&#34;,\&#34;apiVersion\&#34;:\&#34;v1\&#34;,\&#34;resourceVersion\&#34;:\&#34;19230\&#34;,\&#34;fieldPath\&#34;:\&#34;spec.initContainers{nsm-init}\&#34;},\&#34;reason\&#34;:\&#34;Pulled\&#34;,\&#34;message\&#34;:\&#34;Container image \\\&#34;containers.cisco.com/appn/nsm-init:vl3_latest\\\&#34; already present on machine\&#34;,\&#34;source\&#34;:{\&#34;component\&#34;:\&#34;kubelet\&#34;,\&#34;host\&#34;:\&#34;kind-1-worker\&#34;},\&#34;firstTimestamp\&#34;:\&#34;2021-06-09T03:19:57Z\&#34;,\&#34;lastTimestamp\&#34;:\&#34;2021-06-09T03:19:57Z\&#34;,\&#34;count\&#34;:1,\&#34;type\&#34;:\&#34;Normal\&#34;,\&#34;eventTime\&#34;:null,\&#34;reportingComponent\&#34;:\&#34;\&#34;,\&#34;reportingInstance\&#34;:\&#34;\&#34;}&#34;&#xA;time=&#34;2021-06-08T20:22:58-07:00&#34; level=info msg=&#34;Pod nsc-1 event: {\&#34;metadata\&#34;:{\&#34;name\&#34;:\&#34;nsc-1.1686cbcd040bb9b0\&#34;,\&#34;namespace\&#34;:\&#34;nsm-system\&#34;,\&#34;selfLink\&#34;:\&#34;/api/v1/namespaces/nsm-system/events/nsc-1.1686cbcd040bb9b0\&#34;,\&#34;uid\&#34;:\&#34;206b593d-b035-4707-b219-d74e35cce325\&#34;,\&#34;resourceVersion\&#34;:\&#34;19231\&#34;,\&#34;creationTimestamp\&#34;:\&#34;2021-06-09T03:19:57Z\&#34;},\&#34;involvedObject\&#34;:{\&#34;kind\&#34;:\&#34;Pod\&#34;,\&#34;namespace\&#34;:\&#34;nsm-system\&#34;,\&#34;name\&#34;:\&#34;nsc-1\&#34;,\&#34;uid\&#34;:\&#34;05321e1b-e840-4718-a682-35855e28ad1d\&#34;,\&#34;apiVersion\&#34;:\&#34;v1\&#34;,\&#34;resourceVersion\&#34;:\&#34;19229\&#34;},\&#34;reason\&#34;:\&#34;Scheduled\&#34;,\&#34;message\&#34;:\&#34;Successfully assigned nsm-system/nsc-1 to kind-1-worker\&#34;,\&#34;source\&#34;:{\&#34;component\&#34;:\&#34;default-scheduler\&#34;},\&#34;firstTimestamp\&#34;:\&#34;2021-06-09T03:19:57Z\&#34;,\&#34;lastTimestamp\&#34;:\&#34;2021-06-09T03:19:57Z\&#34;,\&#34;count\&#34;:1,\&#34;type\&#34;:\&#34;Normal\&#34;,\&#34;eventTime\&#34;:null,\&#34;reportingComponent\&#34;:\&#34;\&#34;,\&#34;reportingInstance\&#34;:\&#34;\&#34;}&#34;&#xA;time=&#34;2021-06-08T20:22:58-07:00&#34; level=error msg=&#34;Error Creating Pod: nsc-1 Failed to deploy pod&#34;&#xA;k8s.go:904:&#xA;goroutine 9 [running]:&#xA;runtime/debug.Stack(0x231a3c0, 0xc0002ed9d0, 0x30b6488)&#xA;/usr/local/go/src/runtime/debug/stack.go:24 +0x9f&#xA;github.com/networkservicemesh/networkservicemesh/test/kubetest.(*K8s).CreatePodsRaw(0xc00036c500, 0x29e8d60800, 0xc0004c7b01, 0xc0004c7be8, 0x1, 0x1, 0x0, 0x0, 0x0, 0x0, ...)&#xA;/Users/nispatil/go/src/github.com/cisco-app-networking/nsm_publish/networkservicemesh/test/kubetest/k8s.go:904 +0x8cc&#xA;github.com/networkservicemesh/networkservicemesh/test/kubetest.(*K8s).CreatePod(0xc00036c500, 0xc000862000, 0x24dd280)&#xA;/Users/nispatil/go/src/github.com/cisco-app-networking/nsm_publish/networkservicemesh/test/kubetest/k8s.go:920 +0x72&#xA;github.com/networkservicemesh/networkservicemesh/test/kubetest.deployNSC(0xc00036c500, 0xc0007190b0, 0xd, 0x24bfedd, 0x5, 0x24c4319, 0x8, 0x1bf08eb000, 0xc000862000, 0xc0004c7d50)&#xA;/Users/nispatil/go/src/github.com/cisco-app-networking/nsm_publish/networkservicemesh/test/kubetest/utils.go:542 +0x1c5&#xA;github.com/networkservicemesh/networkservicemesh/test/kubetest.DeployNSC(0xc00036c500, 0xc0001d0600, 0x24bfedd, 0x5, 0x1bf08eb000, 0xc000768c00)&#xA;/Users/nispatil/go/src/github.com/cisco-app-networking/nsm_publish/networkservicemesh/test/kubetest/utils.go:402 +0x1f2&#xA;github.com/networkservicemesh/networkservicemesh/test/integration.TestSingleCrossConnect(0xc00035e300)&#xA;/Users/nispatil/go/src/github.com/cisco-app-networking/nsm_publish/networkservicemesh/test/integration/basic_monitor_crossconnect_test.go:33 +0x339&#xA;testing.tRunner(0xc00035e300, 0x25772f0)&#xA;/usr/local/go/src/testing/testing.go:1123 +0xef&#xA;created by testing.(*T).Run&#xA;/usr/local/go/src/testing/testing.go:1168 +0x2b3&#xA;&#xA;Expected&#xA;&lt;int&gt;: 1&#xA;to equal&#xA;&lt;int&gt;: 0&#xA;E0608 20:22:58.757137   35662 portforward.go:409] error closing listener: close tcp4 127.0.0.1:52577: use of closed network connection&#xA;E0608 20:22:58.757155   35662 portforward.go:409] error closing listener: close tcp6 [::1]:52577: use of closed network connection&#xA;time=&#34;2021-06-08T20:22:59-07:00&#34; level=error msg=&#34;Failed to get logs from nsc-1 err: container \&#34;alpine-img\&#34; in pod \&#34;nsc-1\&#34; is waiting to start: PodInitializing&#34;&#xA;time=&#34;2021-06-08T20:22:59-07:00&#34; level=warning msg=&#34;Can not get logs for container: alpine-img, Error: container \&#34;alpine-img\&#34; in pod \&#34;nsc-1\&#34; is waiting to start: PodInitializing&#34;&#xA;time=&#34;2021-06-08T20:22:59-07:00&#34; level=error msg=&#34;Failed to get logs from nsmd-forwarder-kind-1-worker err: previous terminated container \&#34;vppagent-forwarder\&#34; in pod \&#34;nsmd-forwarder-kind-1-worker\&#34; not found&#34;&#xA;time=&#34;2021-06-08T20:22:59-07:00&#34; level=warning msg=&#34;Can not get logs for container: vppagent-forwarder, Error: previous terminated container \&#34;vppagent-forwarder\&#34; in pod \&#34;nsmd-forwarder-kind-1-worker\&#34; not found&#34;&#xA;time=&#34;2021-06-08T20:23:00-07:00&#34; level=error msg=&#34;Failed to get logs from jaeger err: previous terminated container \&#34;jaeger\&#34; in pod \&#34;jaeger\&#34; not found&#34;&#xA;time=&#34;2021-06-08T20:23:00-07:00&#34; level=warning msg=&#34;Can not get logs for container: jaeger, Error: previous terminated container \&#34;jaeger\&#34; in pod \&#34;jaeger\&#34; not found&#34;&#xA;time=&#34;2021-06-08T20:23:00-07:00&#34; level=error msg=&#34;Failed to get logs from icmp-responder-nse-1 err: previous terminated container \&#34;icmp-responder-nse-1\&#34; in pod \&#34;icmp-responder-nse-1\&#34; not found&#34;&#xA;time=&#34;2021-06-08T20:23:00-07:00&#34; level=warning msg=&#34;Can not get logs for container: icmp-responder-nse-1, Error: previous terminated container \&#34;icmp-responder-nse-1\&#34; in pod \&#34;icmp-responder-nse-1\&#34; not found&#34;&#xA;time=&#34;2021-06-08T20:23:00-07:00&#34; level=error msg=&#34;Failed to get logs from nsc-1 err: previous terminated container \&#34;alpine-img\&#34; in pod \&#34;nsc-1\&#34; not found&#34;&#xA;time=&#34;2021-06-08T20:23:00-07:00&#34; level=warning msg=&#34;Can not get logs for container: alpine-img, Error: previous terminated container \&#34;alpine-img\&#34; in pod \&#34;nsc-1\&#34; not found&#34;&#xA;time=&#34;2021-06-08T20:23:01-07:00&#34; level=error msg=&#34;Failed to get logs from nsmd-forwarder-kind-1-worker2 err: previous terminated container \&#34;vppagent-forwarder\&#34; in pod \&#34;nsmd-forwarder-kind-1-worker2\&#34; not found&#34;&#xA;time=&#34;2021-06-08T20:23:01-07:00&#34; level=warning msg=&#34;Can not get logs for container: vppagent-forwarder, Error: previous terminated container \&#34;vppagent-forwarder\&#34; in pod \&#34;nsmd-forwarder-kind-1-worker2\&#34; not found&#34;&#xA;time=&#34;2021-06-08T20:23:01-07:00&#34; level=error msg=&#34;Failed to get logs from nsc-1 err: previous terminated container \&#34;nsm-init\&#34; in pod \&#34;nsc-1\&#34; not found&#34;&#xA;time=&#34;2021-06-08T20:23:01-07:00&#34; level=warning msg=&#34;Can not get logs for container: nsm-init, Error: previous terminated container \&#34;nsm-init\&#34; in pod \&#34;nsc-1\&#34; not found&#34;&#xA;time=&#34;2021-06-08T20:23:02-07:00&#34; level=error msg=&#34;Failed to get logs from prefix-service err: previous terminated container \&#34;prefix-service\&#34; in pod \&#34;prefix-service\&#34; not found&#34;&#xA;time=&#34;2021-06-08T20:23:02-07:00&#34; level=warning msg=&#34;Can not get logs for container: prefix-service, Error: previous terminated container \&#34;prefix-service\&#34; in pod \&#34;prefix-service\&#34; not found&#34;&#xA;time=&#34;2021-06-08T20:23:03-07:00&#34; level=error msg=&#34;Failed to get logs from spire-proxy err: previous terminated container \&#34;spire-proxy\&#34; in pod \&#34;spire-proxy\&#34; not found&#34;&#xA;time=&#34;2021-06-08T20:23:03-07:00&#34; level=warning msg=&#34;Can not get logs for container: spire-proxy, Error: previous terminated container \&#34;spire-proxy\&#34; in pod \&#34;spire-proxy\&#34; not found&#34;&#xA;time=&#34;2021-06-08T20:23:03-07:00&#34; level=error msg=&#34;Failed to get logs from nsmgr-kind-1-worker err: previous terminated container \&#34;nsmdp\&#34; in pod \&#34;nsmgr-kind-1-worker\&#34; not found&#34;&#xA;time=&#34;2021-06-08T20:23:03-07:00&#34; level=warning msg=&#34;Can not get logs for container: nsmdp, Error: previous terminated container \&#34;nsmdp\&#34; in pod \&#34;nsmgr-kind-1-worker\&#34; not found&#34;&#xA;time=&#34;2021-06-08T20:23:03-07:00&#34; level=error msg=&#34;Failed to get logs from nsmgr-kind-1-worker2 err: previous terminated container \&#34;nsmdp\&#34; in pod \&#34;nsmgr-kind-1-worker2\&#34; not found&#34;&#xA;time=&#34;2021-06-08T20:23:03-07:00&#34; level=warning msg=&#34;Can not get logs for container: nsmdp, Error: previous terminated container \&#34;nsmdp\&#34; in pod \&#34;nsmgr-kind-1-worker2\&#34; not found&#34;&#xA;time=&#34;2021-06-08T20:23:03-07:00&#34; level=info msg=&#34;artifacts: [0xc0000a0080 0xc0000a09c0 0xc00037a000 0xc0000a1b00 0xc000570000 0xc00042f000 0xc00037a100 0xc0005701c0 0xc00083a000 0xc00083a100 0xc00037a040 0xc00083a140 0xc00037a1c0]&#34;&#xA;time=&#34;2021-06-08T20:23:03-07:00&#34; level=info msg=&#34;Deleting nsc-1&#34;&#xA;time=&#34;2021-06-08T20:23:03-07:00&#34; level=info msg=&#34;Deleting spire-proxy&#34;&#xA;time=&#34;2021-06-08T20:23:03-07:00&#34; level=info msg=&#34;Deleting jaeger&#34;&#xA;time=&#34;2021-06-08T20:23:03-07:00&#34; level=info msg=&#34;Deleting nsmd-forwarder-kind-1-worker&#34;&#xA;time=&#34;2021-06-08T20:23:03-07:00&#34; level=info msg=&#34;Deleting icmp-responder-nse-1&#34;&#xA;time=&#34;2021-06-08T20:23:03-07:00&#34; level=info msg=&#34;Deleting prefix-service&#34;&#xA;time=&#34;2021-06-08T20:23:03-07:00&#34; level=info msg=&#34;Deleting nsmd-forwarder-kind-1-worker2&#34;&#xA;time=&#34;2021-06-08T20:23:03-07:00&#34; level=info msg=&#34;Deleting nsmgr-kind-1-worker2&#34;&#xA;time=&#34;2021-06-08T20:23:03-07:00&#34; level=info msg=&#34;Deleting nsmgr-kind-1-worker&#34;&#xA;E0608 20:23:03.518907   35662 portforward.go:409] error closing listener: close tcp4 127.0.0.1:52568: use of closed network connection&#xA;E0608 20:23:03.518927   35662 portforward.go:409] error closing listener: close tcp6 [::1]:52568: use of closed network connection&#xA;I0608 20:23:04.693936   35662 request.go:621] Throttling request took 1.175162482s, request: DELETE:https://127.0.0.1:55081/api/v1/namespaces/nsm-system/serviceaccounts/nsc-acc&#xA;time=&#34;2021-06-08T20:23:05-07:00&#34; level=warning msg=&#34;The POD &#39;nsc-1&#39; Deleted 2.38007826s&#34;&#xA;time=&#34;2021-06-08T20:23:06-07:00&#34; level=warning msg=&#34;The POD &#39;spire-proxy&#39; Deleted 2.579996554s&#34;&#xA;time=&#34;2021-06-08T20:23:06-07:00&#34; level=warning msg=&#34;The POD &#39;nsmd-forwarder-kind-1-worker&#39; Deleted 3.180954629s&#34;&#xA;time=&#34;2021-06-08T20:23:07-07:00&#34; level=warning msg=&#34;The POD &#39;icmp-responder-nse-1&#39; Deleted 3.58057861s&#34;&#xA;time=&#34;2021-06-08T20:23:07-07:00&#34; level=warning msg=&#34;The POD &#39;prefix-service&#39; Deleted 3.781720837s&#34;&#xA;time=&#34;2021-06-08T20:23:07-07:00&#34; level=warning msg=&#34;The POD &#39;nsmd-forwarder-kind-1-worker2&#39; Deleted 3.980062676s&#34;&#xA;time=&#34;2021-06-08T20:23:12-07:00&#34; level=warning msg=&#34;The POD &#39;jaeger&#39; Deleted 9.180924273s&#34;&#xA;time=&#34;2021-06-08T20:23:13-07:00&#34; level=warning msg=&#34;The POD &#39;nsmgr-kind-1-worker&#39; Deleted 9.582915936s&#34;&#xA;time=&#34;2021-06-08T20:23:21-07:00&#34; level=info msg=&#34;The POD nsmgr-kind-1-worker2 force deleted&#34;&#xA;time=&#34;2021-06-08T20:23:21-07:00&#34; level=warning msg=&#34;The POD &#39;nsmgr-kind-1-worker2&#39; Deleted 17.581160994s&#34;&#xA;time=&#34;2021-06-08T20:23:21-07:00&#34; level=info msg=&#34;namespace nsm-system is deleted&#34;&#xA;time=&#34;2021-06-08T20:23:21-07:00&#34; level=info msg=&#34;Cleanup time: 17.783545286s&#34;&#xA;--- FAIL: TestSingleCrossConnect (236.25s)&#xA;FAIL&#xA;FAIL&#x9;github.com/networkservicemesh/networkservicemesh/test/integration&#x9;236.732s&#xA;FAIL&#xA;TestSingleCrossConnect: OnFail: running on fail script operations with KUBECONFIG=/Users/nispatil/go/src/github.com/cisco-app-networking/nsm_publish/networkservicemesh/.tests/cloud_test/single-cluster/shell/kind-1/config on cloud kind-1&#xA;make -i k8s-deconfig helm-delete k8s-terminating-cleanup k8s-delete-nsm-namespaces || true&#xA;helm uninstall config --namespace nsm-system || true&#xA;WARNING: Kubernetes configuration file is group-readable. This is insecure. Location: /Users/nispatil/go/src/github.com/cisco-app-networking/nsm_publish/networkservicemesh/.tests/cloud_test/single-cluster/shell/kind-1/config&#xA;WARNING: Kubernetes configuration file is world-readable. This is insecure. Location: /Users/nispatil/go/src/github.com/cisco-app-networking/nsm_publish/networkservicemesh/.tests/cloud_test/single-cluster/shell/kind-1/config&#xA;release &#34;config&#34; uninstalled&#xA;./scripts/helm-nsm-uninstall.sh --nsm_namespace nsm-system --all&#xA;&#xA;Helm version detected: v3.3.4&#xA;Cleaning up NSM&#xA;xargs: illegal option -- -&#xA;usage: xargs [-0opt] [-E eofstr] [-I replstr [-R replacements] [-S replsize]]&#xA;[-J replstr] [-L number] [-n number [-x]] [-P maxprocs]&#xA;[-s size] [utility [argument ...]]&#xA;WARNING: Kubernetes configuration file is group-readable. This is insecure. Location: /Users/nispatil/go/src/github.com/cisco-app-networking/nsm_publish/networkservicemesh/.tests/cloud_test/single-cluster/shell/kind-1/config&#xA;WARNING: Kubernetes configuration file is world-readable. This is insecure. Location: /Users/nispatil/go/src/github.com/cisco-app-networking/nsm_publish/networkservicemesh/.tests/cloud_test/single-cluster/shell/kind-1/config&#xA;make[1]: [helm-delete] Error 1 (ignored)&#xA;xargs: illegal option -- -&#xA;usage: xargs [-0opt] [-E eofstr] [-I replstr [-R replacements] [-S replsize]]&#xA;[-J replstr] [-L number] [-n number [-x]] [-P maxprocs]&#xA;[-s size] [utility [argument ...]]&#xA;No resources found in nsm-system namespace.&#xA;make[1]: [k8s-terminating-cleanup] Error 1 (ignored)&#xA;Running delete-nsm-namespaces script&#xA;NSM_NAMESPACE=nsm-system&#xA;Checking ns: default&#xA;Checking ns: kube-node-lease&#xA;Checking ns: kube-public&#xA;Checking ns: kube-system&#xA;Checking ns: local-path-storage&#xA;Checking ns: nsm-system&#xA;Deleting ns: nsm-system&#xA;warning: Immediate deletion does not wait for confirmation that the running resource has been terminated. The resource may continue to run on the cluster indefinitely.&#xA;No resources found&#xA;namespace &#34;nsm-system&#34; deleted&#xA;Checking ns: spire&#xA;make k8s-config &amp;&amp; echo &#34;Cluster reset successfull&#34;&#xA;namespace/nsm-system created&#xA;helm --namespace nsm-system install config deployments/helm/nsm/charts/config&#xA;WARNING: Kubernetes configuration file is group-readable. This is insecure. Location: /Users/nispatil/go/src/github.com/cisco-app-networking/nsm_publish/networkservicemesh/.tests/cloud_test/single-cluster/shell/kind-1/config&#xA;WARNING: Kubernetes configuration file is world-readable. This is insecure. Location: /Users/nispatil/go/src/github.com/cisco-app-networking/nsm_publish/networkservicemesh/.tests/cloud_test/single-cluster/shell/kind-1/config&#xA;NAME: config&#xA;LAST DEPLOYED: Tue Jun  8 20:23:30 2021&#xA;NAMESPACE: nsm-system&#xA;STATUS: deployed&#xA;REVISION: 1&#xA;TEST SUITE: None&#xA;Cluster reset successfull</failure>
                  </testcase>
                  <testcase classname="" name="TestBasicDns" time="270.588440599" cluster_instance="kind-1">
                      <failure message="Test execution failed TestBasicDns" type="ERROR">Execution attempt: 0 Output file: .tests/cloud_test/single-cluster/kind-1/043-TestBasicDns-run.log&#xA;Starting TestBasicDns on kind-1&#xA;Command line go test . -test.timeout 10m0s -count 1 --run &#34;^(TestBasicDns)$\\z&#34; --tags &#34;basic&#34; --test.v&#xA;env==[KUBECONFIG=/Users/nispatil/go/src/github.com/cisco-app-networking/nsm_publish/networkservicemesh/.tests/cloud_test/single-cluster/shell/kind-1/config ARTIFACTS_DIR=/Users/nispatil/go/src/github.com/cisco-app-networking/nsm_publish/networkservicemesh/.tests/cloud_test/single-cluster/kind-1/TestBasicDns]&#xA;&#xA;=== RUN   TestBasicDns&#xA;time=&#34;2021-06-08T20:26:33-07:00&#34; level=info msg=&#34;Using Kubeconfig: /Users/nispatil/go/src/github.com/cisco-app-networking/nsm_publish/networkservicemesh/.tests/cloud_test/single-cluster/shell/kind-1/config&#34;&#xA;time=&#34;2021-06-08T20:26:33-07:00&#34; level=info msg=&#34;FORWARDING_PLANE not set, using default forwarder - vpp&#34;&#xA;time=&#34;2021-06-08T20:26:33-07:00&#34; level=info msg=&#34;Creating artifact manager with config: &amp;{4 false /Users/nispatil/go/src/github.com/cisco-app-networking/nsm_publish/networkservicemesh/.tests/cloud_test/single-cluster/kind-1/TestBasicDns}&#34;&#xA;time=&#34;2021-06-08T20:26:33-07:00&#34; level=error msg=&#34;Error during create of test namespace failed to create a namespace: object is being deleted: namespaces \&#34;nsm-system\&#34; already exists&#34;&#xA;time=&#34;2021-06-08T20:26:33-07:00&#34; level=info msg=&#34;Checking availability of API server on 127.0.0.1&#34;&#xA;time=&#34;2021-06-08T20:26:37-07:00&#34; level=info msg=&#34;PING 127.0.0.1 (127.0.0.1): 56 data bytes\n64 bytes from 127.0.0.1: icmp_seq=0 ttl=64 time=0.051 ms\n64 bytes from 127.0.0.1: icmp_seq=1 ttl=64 time=0.062 ms\n64 bytes from 127.0.0.1: icmp_seq=2 ttl=64 time=0.119 ms\n64 bytes from 127.0.0.1: icmp_seq=3 ttl=64 time=0.096 ms\n64 bytes from 127.0.0.1: icmp_seq=4 ttl=64 time=0.060 ms\n\n--- 127.0.0.1 ping statistics ---\n5 packets transmitted, 5 packets received, 0.0%!p(MISSING)acket loss\nround-trip min/avg/max/stddev = 0.051/0.078/0.119/0.026 ms\n&#34;&#xA;time=&#34;2021-06-08T20:26:37-07:00&#34; level=info msg=&#34;Will try to create namespace again after 20 seconds&#34;&#xA;time=&#34;2021-06-08T20:26:57-07:00&#34; level=info msg=&#34;namespace nsm-system is created&#34;&#xA;time=&#34;2021-06-08T20:26:57-07:00&#34; level=info msg=&#34;USE_IPV6 not set, using default false&#34;&#xA;time=&#34;2021-06-08T20:26:57-07:00&#34; level=error msg=&#34;serviceaccounts \&#34;nsc-acc\&#34; not found&#34;&#xA;time=&#34;2021-06-08T20:26:57-07:00&#34; level=error msg=&#34;serviceaccounts \&#34;nse-acc\&#34; not found&#34;&#xA;time=&#34;2021-06-08T20:26:57-07:00&#34; level=error msg=&#34;serviceaccounts \&#34;nsmgr-acc\&#34; not found&#34;&#xA;time=&#34;2021-06-08T20:26:57-07:00&#34; level=error msg=&#34;serviceaccounts \&#34;nsmrs-acc\&#34; not found&#34;&#xA;time=&#34;2021-06-08T20:26:57-07:00&#34; level=error msg=&#34;serviceaccounts \&#34;forward-plane-acc\&#34; not found&#34;&#xA;time=&#34;2021-06-08T20:26:57-07:00&#34; level=error msg=&#34;serviceaccounts \&#34;crossconnect-monitor-acc\&#34; not found&#34;&#xA;time=&#34;2021-06-08T20:26:57-07:00&#34; level=error msg=&#34;serviceaccounts \&#34;proxy-nsmgr-acc\&#34; not found&#34;&#xA;time=&#34;2021-06-08T20:26:57-07:00&#34; level=info msg=&#34;Cleanup done: 817.786075ms&#34;&#xA;time=&#34;2021-06-08T20:26:58-07:00&#34; level=info msg=&#34;&amp;ServiceAccount{ObjectMeta:{default  nsm-system /api/v1/namespaces/nsm-system/serviceaccounts/default b3d0ff1e-85bb-4ccb-8774-42d7515d3690 21092 0 2021-06-08 20:26:57 -0700 PDT &lt;nil&gt; &lt;nil&gt; map[] map[] [] []  []},Secrets:[]ObjectReference{ObjectReference{Kind:,Namespace:,Name:default-token-bd2f2,UID:,APIVersion:,ResourceVersion:,FieldPath:,},},ImagePullSecrets:[]LocalObjectReference{},AutomountServiceAccountToken:nil,}&#34;&#xA;I0608 20:26:59.157764   37070 request.go:621] Throttling request took 1.17784042s, request: POST:https://127.0.0.1:55081/api/v1/namespaces/nsm-system/serviceaccounts&#xA;time=&#34;2021-06-08T20:26:59-07:00&#34; level=info msg=&#34;&amp;ServiceAccount{ObjectMeta:{nsmrs-acc  nsm-system /api/v1/namespaces/nsm-system/serviceaccounts/nsmrs-acc ee01827e-2568-457f-9ab0-e7661e3e73f1 21097 0 2021-06-08 20:26:58 -0700 PDT &lt;nil&gt; &lt;nil&gt; map[] map[] [] []  []},Secrets:[]ObjectReference{ObjectReference{Kind:,Namespace:,Name:nsmrs-acc-token-g57hj,UID:,APIVersion:,ResourceVersion:,FieldPath:,},},ImagePullSecrets:[]LocalObjectReference{},AutomountServiceAccountToken:nil,}&#34;&#xA;time=&#34;2021-06-08T20:26:59-07:00&#34; level=info msg=&#34;&amp;ServiceAccount{ObjectMeta:{crossconnect-monitor-acc  nsm-system /api/v1/namespaces/nsm-system/serviceaccounts/crossconnect-monitor-acc a400f647-056d-4d2c-aaf7-2d4ae4c6126d 21101 0 2021-06-08 20:26:58 -0700 PDT &lt;nil&gt; &lt;nil&gt; map[] map[] [] []  []},Secrets:[]ObjectReference{ObjectReference{Kind:,Namespace:,Name:crossconnect-monitor-acc-token-l4rwj,UID:,APIVersion:,ResourceVersion:,FieldPath:,},},ImagePullSecrets:[]LocalObjectReference{},AutomountServiceAccountToken:nil,}&#34;&#xA;time=&#34;2021-06-08T20:27:00-07:00&#34; level=info msg=&#34;&amp;ServiceAccount{ObjectMeta:{proxy-nsmgr-acc  nsm-system /api/v1/namespaces/nsm-system/serviceaccounts/proxy-nsmgr-acc 0745ba84-903c-456b-ac31-99aec423d443 21104 0 2021-06-08 20:26:58 -0700 PDT &lt;nil&gt; &lt;nil&gt; map[] map[] [] []  []},Secrets:[]ObjectReference{ObjectReference{Kind:,Namespace:,Name:proxy-nsmgr-acc-token-vfxbx,UID:,APIVersion:,ResourceVersion:,FieldPath:,},},ImagePullSecrets:[]LocalObjectReference{},AutomountServiceAccountToken:nil,}&#34;&#xA;time=&#34;2021-06-08T20:27:00-07:00&#34; level=info msg=&#34;&amp;ServiceAccount{ObjectMeta:{nse-acc  nsm-system /api/v1/namespaces/nsm-system/serviceaccounts/nse-acc 7564d608-3243-48db-a7df-044f52a219ac 21109 0 2021-06-08 20:26:58 -0700 PDT &lt;nil&gt; &lt;nil&gt; map[] map[] [] []  []},Secrets:[]ObjectReference{ObjectReference{Kind:,Namespace:,Name:nse-acc-token-j69st,UID:,APIVersion:,ResourceVersion:,FieldPath:,},},ImagePullSecrets:[]LocalObjectReference{},AutomountServiceAccountToken:nil,}&#34;&#xA;time=&#34;2021-06-08T20:27:00-07:00&#34; level=info msg=&#34;&amp;ServiceAccount{ObjectMeta:{nsc-acc  nsm-system /api/v1/namespaces/nsm-system/serviceaccounts/nsc-acc 48487530-cf9d-4316-a959-10e219219cda 21112 0 2021-06-08 20:26:59 -0700 PDT &lt;nil&gt; &lt;nil&gt; map[] map[] [] []  []},Secrets:[]ObjectReference{ObjectReference{Kind:,Namespace:,Name:nsc-acc-token-hkcxv,UID:,APIVersion:,ResourceVersion:,FieldPath:,},},ImagePullSecrets:[]LocalObjectReference{},AutomountServiceAccountToken:nil,}&#34;&#xA;time=&#34;2021-06-08T20:27:00-07:00&#34; level=info msg=&#34;&amp;ServiceAccount{ObjectMeta:{nsmgr-acc  nsm-system /api/v1/namespaces/nsm-system/serviceaccounts/nsmgr-acc 89567e39-29a2-4be0-aa3f-34ab32bf6482 21116 0 2021-06-08 20:26:59 -0700 PDT &lt;nil&gt; &lt;nil&gt; map[] map[] [] []  []},Secrets:[]ObjectReference{ObjectReference{Kind:,Namespace:,Name:nsmgr-acc-token-9zdxc,UID:,APIVersion:,ResourceVersion:,FieldPath:,},},ImagePullSecrets:[]LocalObjectReference{},AutomountServiceAccountToken:nil,}&#34;&#xA;time=&#34;2021-06-08T20:27:00-07:00&#34; level=info msg=&#34;&amp;ServiceAccount{ObjectMeta:{forward-plane-acc  nsm-system /api/v1/namespaces/nsm-system/serviceaccounts/forward-plane-acc 4ff94a96-390d-4a29-b6f5-aea5dc923d5e 21119 0 2021-06-08 20:26:59 -0700 PDT &lt;nil&gt; &lt;nil&gt; map[] map[] [] []  []},Secrets:[]ObjectReference{ObjectReference{Kind:,Namespace:,Name:forward-plane-acc-token-lpm8c,UID:,APIVersion:,ResourceVersion:,FieldPath:,},},ImagePullSecrets:[]LocalObjectReference{},AutomountServiceAccountToken:nil,}&#34;&#xA;time=&#34;2021-06-08T20:27:00-07:00&#34; level=info msg=&#34;Creating ConfigMap &#39;nsm-config&#39; in namespace&#39;nsm-system&#39;...&#34;&#xA;time=&#34;2021-06-08T20:27:01-07:00&#34; level=info msg=&#34;Using image: containers.cisco.com/appn/prefix-service:vl3_latest&#34;&#xA;time=&#34;2021-06-08T20:27:01-07:00&#34; level=info msg=&#34;Using image: containers.cisco.com/appn/test-common:vl3_latest&#34;&#xA;time=&#34;2021-06-08T20:27:01-07:00&#34; level=info msg=&#34;role is created: &amp;ClusterRole{ObjectMeta:{aggregate-network-services-view  nsm-system    0 0001-01-01 00:00:00 +0000 UTC &lt;nil&gt; &lt;nil&gt; map[rbac.authorization.k8s.io/aggregate-to-view:true] map[] [] []  []},Rules:[]PolicyRule{PolicyRule{Verbs:[get list watch],APIGroups:[networkservicemesh.io],Resources:[networkservices],ResourceNames:[],NonResourceURLs:[],},},AggregationRule:nil,}&#34;&#xA;time=&#34;2021-06-08T20:27:01-07:00&#34; level=info msg=&#34;role is created: &amp;ClusterRole{ObjectMeta:{nsm-role  nsm-system    0 0001-01-01 00:00:00 +0000 UTC &lt;nil&gt; &lt;nil&gt; map[rbac.authorization.k8s.io/aggregate-to-admin:true rbac.authorization.k8s.io/aggregate-to-edit:true] map[] [] []  []},Rules:[]PolicyRule{PolicyRule{Verbs:[*],APIGroups:[networkservicemesh.io],Resources:[networkservices networkserviceendpoints networkservicemanagers],ResourceNames:[],NonResourceURLs:[],},PolicyRule{Verbs:[*],APIGroups:[apiextensions.k8s.io],Resources:[customresourcedefinitions],ResourceNames:[],NonResourceURLs:[],},PolicyRule{Verbs:[get update],APIGroups:[],Resources:[configmaps],ResourceNames:[],NonResourceURLs:[],},PolicyRule{Verbs:[get list watch],APIGroups:[],Resources:[nodes services namespaces],ResourceNames:[],NonResourceURLs:[],},},AggregationRule:nil,}&#34;&#xA;time=&#34;2021-06-08T20:27:01-07:00&#34; level=info msg=&#34;role is created: &amp;ClusterRoleBinding{ObjectMeta:{nsm-role-binding      0 0001-01-01 00:00:00 +0000 UTC &lt;nil&gt; &lt;nil&gt; map[] map[] [] []  []},Subjects:[]Subject{Subject{Kind:ServiceAccount,APIGroup:,Name:nsmgr-acc,Namespace:nsm-system,},Subject{Kind:ServiceAccount,APIGroup:,Name:proxy-nsmgr-acc,Namespace:nsm-system,},Subject{Kind:ServiceAccount,APIGroup:,Name:crossconnect-monitor-acc,Namespace:nsm-system,},},RoleRef:RoleRef{APIGroup:rbac.authorization.k8s.io,Kind:ClusterRole,Name:nsm-role,},}&#34;&#xA;time=&#34;2021-06-08T20:27:04-07:00&#34; level=info msg=&#34;Trying to establish connection with the spire provider at address:tcp://127.0.0.1:52704&#34;&#xA;time=&#34;2021-06-08T20:27:04-07:00&#34; level=info msg=&#34;Created the todo context:tcp://127.0.0.1:52704&#34;&#xA;time=&#34;2021-06-08T20:27:04-07:00&#34; level=info msg=&#34;Got x509:&amp;{0xc0005ef8c0 &lt;nil&gt; {{0 0} 0 0 0 0} 0xc00030b090 0xc0005b6e00 {{0 0} 0 0 0 0} false} &lt;nil&gt;&#34;&#xA;time=&#34;2021-06-08T20:27:04-07:00&#34; level=info msg=&#34;Started goroutine&#34;&#xA;time=&#34;2021-06-08T20:27:04-07:00&#34; level=info msg=&#34;Returning provider&#34;&#xA;time=&#34;2021-06-08T20:27:04-07:00&#34; level=info msg=&#34;Issued identity:spiffe://test.com/nsmgr&#34;&#xA;time=&#34;2021-06-08T20:27:04-07:00&#34; level=info msg=&#34;Checking node: kind-1-control-plane&#34;&#xA;time=&#34;2021-06-08T20:27:04-07:00&#34; level=info msg=&#34;Checking node: kind-1-worker&#34;&#xA;time=&#34;2021-06-08T20:27:04-07:00&#34; level=info msg=&#34;Checking node: kind-1-worker2&#34;&#xA;time=&#34;2021-06-08T20:27:04-07:00&#34; level=info msg=&#34;Using image: jaegertracing/all-in-one:1.14.0&#34;&#xA;time=&#34;2021-06-08T20:27:07-07:00&#34; level=info msg=&#34;getting logs without container jaeger=none&#34;&#xA;time=&#34;2021-06-08T20:27:07-07:00&#34; level=info msg=&#34;Using image: containers.cisco.com/appn/nsmdp:vl3_latest&#34;&#xA;time=&#34;2021-06-08T20:27:07-07:00&#34; level=info msg=&#34;Using image: containers.cisco.com/appn/nsmd:vl3_latest&#34;&#xA;time=&#34;2021-06-08T20:27:07-07:00&#34; level=info msg=&#34;Using image: containers.cisco.com/appn/nsmd-k8s:vl3_latest&#34;&#xA;time=&#34;2021-06-08T20:27:07-07:00&#34; level=info msg=&#34;Using image: containers.cisco.com/appn/vppagent-forwarder:vl3_latest&#34;&#xA;time=&#34;2021-06-08T20:27:19-07:00&#34; level=info msg=&#34;Started NSMgr/Forwarder: 11.877114612s on node kind-1-worker&#34;&#xA;time=&#34;2021-06-08T20:27:19-07:00&#34; level=info msg=&#34;Creating ConfigMap &#39;basic-corefile&#39; in namespace&#39;nsm-system&#39;...&#34;&#xA;time=&#34;2021-06-08T20:27:19-07:00&#34; level=info msg=&#34;Using image: containers.cisco.com/appn/test-common:vl3_latest&#34;&#xA;time=&#34;2021-06-08T20:27:19-07:00&#34; level=info msg=&#34;Starting ICMP Responder NSE on node: kind-1-worker &#34;&#xA;time=&#34;2021-06-08T20:27:26-07:00&#34; level=info msg=&#34;getting logs without container icmp-responder-nse=none&#34;&#xA;time=&#34;2021-06-08T20:27:27-07:00&#34; level=info msg=&#34;ICMP Responder icmp-responder-nse started done: 7.829380893s&#34;&#xA;time=&#34;2021-06-08T20:27:27-07:00&#34; level=info msg=&#34;Using image: networkservicemesh/coredns:master&#34;&#xA;time=&#34;2021-06-08T20:27:27-07:00&#34; level=info msg=&#34;Starting NSC nsc on node: kind-1-worker&#34;&#xA;time=&#34;2021-06-08T20:28:57-07:00&#34; level=info msg=&#34;Pod deploy half time passed: nsc&#34;&#xA;time=&#34;2021-06-08T20:30:27-07:00&#34; level=error msg=&#34;createAndBlock with pods: nsc Timeout in waitTimeout&#34;&#xA;time=&#34;2021-06-08T20:30:27-07:00&#34; level=error msg=&#34;Failed to deploy pod, trying to get any information&#34;&#xA;time=&#34;2021-06-08T20:30:27-07:00&#34; level=info msg=&#34;Pod container information: nsc&#34;&#xA;time=&#34;2021-06-08T20:30:27-07:00&#34; level=error msg=&#34;blockUntilPodReady failed. Cause: Timeout during waiting for pod change status for pod nsc [{Initialized False 0001-01-01 00:00:00 +0000 UTC 2021-06-08 20:27:27 -0700 PDT ContainersNotInitialized containers with incomplete status: [nsm-init]} {Ready False 0001-01-01 00:00:00 +0000 UTC 2021-06-08 20:27:27 -0700 PDT ContainersNotReady containers with unready status: [alpine-img coredns]} {ContainersReady False 0001-01-01 00:00:00 +0000 UTC 2021-06-08 20:27:27 -0700 PDT ContainersNotReady containers with unready status: [alpine-img coredns]} {PodScheduled True 0001-01-01 00:00:00 +0000 UTC 2021-06-08 20:27:27 -0700 PDT  }] status:  pod: nsc&#34;&#xA;time=&#34;2021-06-08T20:30:27-07:00&#34; level=info msg=&#34;Pod nsc: container: nsm-init status: false: Logs: time=\&#34;2021-06-09T03:27:28Z\&#34; level=info msg=\&#34;Starting nsm-init...\&#34;\ntime=\&#34;2021-06-09T03:27:28Z\&#34; level=info msg=\&#34;Version: v1.0.1-rc.2-1-g9262b77b\&#34;\ntime=\&#34;2021-06-09T03:27:28Z\&#34; level=info msg=\&#34;All env variables:\&#34;\ntime=\&#34;2021-06-09T03:27:28Z\&#34; level=info msg=\&#34;KUBERNETES_SERVICE_PORT=443\&#34;\ntime=\&#34;2021-06-09T03:27:28Z\&#34; level=info msg=\&#34;KUBERNETES_PORT=tcp://10.96.0.1:443\&#34;\ntime=\&#34;2021-06-09T03:27:28Z\&#34; level=info msg=\&#34;GRPC_GO_LOG_VERBOSITY_LEVEL=99\&#34;\ntime=\&#34;2021-06-09T03:27:28Z\&#34; level=info msg=\&#34;HOSTNAME=nsc\&#34;\ntime=\&#34;2021-06-09T03:27:28Z\&#34; level=info msg=\&#34;GRPC_GO_LOG_SEVERITY_LEVEL=info\&#34;\ntime=\&#34;2021-06-09T03:27:28Z\&#34; level=info msg=\&#34;SHLVL=1\&#34;\ntime=\&#34;2021-06-09T03:27:28Z\&#34; level=info msg=\&#34;NSM_CLIENT_SOCKET=/var/lib/networkservicemesh/nsm.client.io.sock\&#34;\ntime=\&#34;2021-06-09T03:27:28Z\&#34; level=info msg=\&#34;HOME=/root\&#34;\ntime=\&#34;2021-06-09T03:27:28Z\&#34; level=info msg=\&#34;WORKSPACE=/var/lib/networkservicemesh/\&#34;\ntime=\&#34;2021-06-09T03:27:28Z\&#34; level=info msg=\&#34;KUBERNETES_PORT_443_TCP_ADDR=10.96.0.1\&#34;\ntime=\&#34;2021-06-09T03:27:28Z\&#34; level=info msg=\&#34;PATH=/usr/local/sbin:/usr/local/bin:/usr/sbin:/usr/bin:/sbin:/bin\&#34;\ntime=\&#34;2021-06-09T03:27:28Z\&#34; level=info msg=\&#34;CLIENT_LABELS=app=icmp\&#34;\ntime=\&#34;2021-06-09T03:27:28Z\&#34; level=info msg=\&#34;KUBERNETES_PORT_443_TCP_PORT=443\&#34;\ntime=\&#34;2021-06-09T03:27:28Z\&#34; level=info msg=\&#34;CLIENT_NETWORK_SERVICE=icmp-responder\&#34;\ntime=\&#34;2021-06-09T03:27:28Z\&#34; level=info msg=\&#34;KUBERNETES_PORT_443_TCP_PROTO=tcp\&#34;\ntime=\&#34;2021-06-09T03:27:28Z\&#34; level=info msg=\&#34;ENTRY=nsm-init\&#34;\ntime=\&#34;2021-06-09T03:27:28Z\&#34; level=info msg=\&#34;NSM_SERVER_SOCKET=/var/lib/networkservicemesh/nsm.server.io.sock\&#34;\ntime=\&#34;2021-06-09T03:27:28Z\&#34; level=info msg=\&#34;KUBERNETES_SERVICE_PORT_HTTPS=443\&#34;\ntime=\&#34;2021-06-09T03:27:28Z\&#34; level=info msg=\&#34;KUBERNETES_PORT_443_TCP=tcp://10.96.0.1:443\&#34;\ntime=\&#34;2021-06-09T03:27:28Z\&#34; level=info msg=\&#34;KUBERNETES_SERVICE_HOST=10.96.0.1\&#34;\ntime=\&#34;2021-06-09T03:27:28Z\&#34; level=info msg=\&#34;PWD=/\&#34;\ntime=\&#34;2021-06-09T03:27:28Z\&#34; level=info msg=\&#34;NSM_DEVICE_PLUGIN=true\&#34;\ntime=\&#34;2021-06-09T03:27:28Z\&#34; level=info msg=\&#34;nsmServerSocket: /var/lib/networkservicemesh/nsm.server.io.sock\&#34;\ntime=\&#34;2021-06-09T03:27:28Z\&#34; level=info msg=\&#34;nsmClientSocket: /var/lib/networkservicemesh/nsm.client.io.sock\&#34;\ntime=\&#34;2021-06-09T03:27:28Z\&#34; level=info msg=\&#34;workspace: /var/lib/networkservicemesh/\&#34;\ntime=\&#34;2021-06-09T03:27:28Z\&#34; level=info msg=\&#34;ENDPOINT_NETWORK_SERVICE not found.\&#34;\ntime=\&#34;2021-06-09T03:27:28Z\&#34; level=info msg=\&#34;Outgoing Network Service Name: icmp-responder\&#34;\ntime=\&#34;2021-06-09T03:27:28Z\&#34; level=info msg=\&#34;ENDPOINT_LABELS not found.\&#34;\ntime=\&#34;2021-06-09T03:27:28Z\&#34; level=info msg=\&#34;Outgoing labels: app=icmp\&#34;\ntime=\&#34;2021-06-09T03:27:28Z\&#34; level=info msg=\&#34;NSC_INTERFACE_NAME not found.\&#34;\ntime=\&#34;2021-06-09T03:27:28Z\&#34; level=info msg=\&#34;MECHANISM_TYPE not found.\&#34;\ntime=\&#34;2021-06-09T03:27:28Z\&#34; level=info msg=\&#34;IP_ADDRESS not found.\&#34;\ntime=\&#34;2021-06-09T03:27:28Z\&#34; level=info msg=\&#34;POD_NAME not found.\&#34;\ntime=\&#34;2021-06-09T03:27:28Z\&#34; level=info msg=\&#34;NSM_NAMESPACE not found.\&#34;\ntime=\&#34;2021-06-09T03:27:28Z\&#34; level=info msg=\&#34;ROUTES not found.\&#34;\ntime=\&#34;2021-06-09T03:27:28Z\&#34; level=info msg=\&#34;Creating logger from config: &amp;{nsm-init@nsc false false [] 0xc0000bccc0 0xc00022b880 &lt;nil&gt; &lt;nil&gt; &lt;nil&gt;}\&#34;\n2021/06/09 03:27:28 debug logging disabled\n2021/06/09 03:27:28 Initializing logging reporter\n2021/06/09 03:27:28 debug logging disabled\ntime=\&#34;2021-06-09T03:27:28Z\&#34; level=info msg=\&#34;==--&gt; RequestNetworkService() span:4ea74c4b08cddc4b:4ea74c4b08cddc4b:0000000000000000:1\&#34;\ntime=\&#34;2021-06-09T03:27:28Z\&#34; level=info msg=\&#34;ENDPOINT_NETWORK_SERVICE not found.\&#34;\ntime=\&#34;2021-06-09T03:27:28Z\&#34; level=info msg=\&#34;ENDPOINT_LABELS not found.\&#34;\ntime=\&#34;2021-06-09T03:27:28Z\&#34; level=info msg=\&#34;NSC_INTERFACE_NAME not found.\&#34;\ntime=\&#34;2021-06-09T03:27:28Z\&#34; level=info msg=\&#34;MECHANISM_TYPE not found.\&#34;\ntime=\&#34;2021-06-09T03:27:28Z\&#34; level=info msg=\&#34;IP_ADDRESS not found.\&#34;\ntime=\&#34;2021-06-09T03:27:28Z\&#34; level=info msg=\&#34;POD_NAME not found.\&#34;\ntime=\&#34;2021-06-09T03:27:28Z\&#34; level=info msg=\&#34;NSM_NAMESPACE not found.\&#34;\ntime=\&#34;2021-06-09T03:27:28Z\&#34; level=info msg=\&#34;ROUTES not found.\&#34;\ntime=\&#34;2021-06-09T03:27:28Z\&#34; level=info msg=\&#34;NSM_NAMESPACE not found.\&#34;\ntime=\&#34;2021-06-09T03:27:28Z\&#34; level=warning msg=\&#34;global opentracer is already initialized\&#34;\ntime=\&#34;2021-06-09T03:27:28Z\&#34; level=info msg=\&#34;Creating logger from config: &amp;{nsm-client@nsc false false [] 0xc0000bd260 0xc00022bea0 &lt;nil&gt; &lt;nil&gt; &lt;nil&gt;}\&#34;\n2021/06/09 03:27:28 debug logging disabled\n2021/06/09 03:27:28 Initializing logging reporter\n2021/06/09 03:27:28 debug logging disabled\ntime=\&#34;2021-06-09T03:27:28Z\&#34; level=info msg=\&#34;Trying to establish connection to target: /var/lib/networkservicemesh/nsm.server.io.sock\&#34;\ntime=\&#34;2021-06-09T03:27:28Z\&#34; level=info msg=\&#34;readDialConfig insecure: false\&#34;\ntime=\&#34;2021-06-09T03:27:28Z\&#34; level=info msg=\&#34;Trying to establish connection with the spire provider at address:unix:///run/spire/sockets/agent.sock\&#34;\ntime=\&#34;2021-06-09T03:27:28Z\&#34; level=info msg=\&#34;Created the todo context:unix:///run/spire/sockets/agent.sock\&#34;\nINFO: 2021/06/09 03:27:28 [core] parsed scheme: \&#34;unix\&#34;\nINFO: 2021/06/09 03:27:28 [core] ccResolverWrapper: sending update to cc: {[{/run/spire/sockets/agent.sock  0xc00000e0a0 0 &lt;nil&gt;}] &lt;nil&gt; &lt;nil&gt;}\nINFO: 2021/06/09 03:27:28 [core] ClientConn switching balancer to \&#34;pick_first\&#34;\nINFO: 2021/06/09 03:27:28 [core] Channel switches to new LB policy \&#34;pick_first\&#34;\nINFO: 2021/06/09 03:27:28 [core] Subchannel Connectivity change to CONNECTING\nINFO: 2021/06/09 03:27:28 [core] blockingPicker: the picked transport is not ready, loop back to repick\nINFO: 2021/06/09 03:27:28 [core] pickfirstBalancer: UpdateSubConnState: 0xc000030730, {CONNECTING &lt;nil&gt;}\nINFO: 2021/06/09 03:27:28 [core] Subchannel picks a new address \&#34;/run/spire/sockets/agent.sock\&#34; to connect\nINFO: 2021/06/09 03:27:28 [core] Channel Connectivity change to CONNECTING\nINFO: 2021/06/09 03:27:28 [core] Subchannel Connectivity change to READY\nINFO: 2021/06/09 03:27:28 [core] pickfirstBalancer: UpdateSubConnState: 0xc000030730, {READY &lt;nil&gt;}\nINFO: 2021/06/09 03:27:28 [core] Channel Connectivity change to READY\ntime=\&#34;2021-06-09T03:27:28Z\&#34; level=info msg=\&#34;Got x509:&amp;{0xc00028e090 &lt;nil&gt; {{0 0} 0 0 0 0} 0xc000306a50 0xc000305ca0 {{0 0} 0 0 0 0} false} &lt;nil&gt;\&#34;\ntime=\&#34;2021-06-09T03:27:28Z\&#34; level=info msg=\&#34;Started goroutine\&#34;\ntime=\&#34;2021-06-09T03:27:28Z\&#34; level=info msg=\&#34;Returning provider\&#34;\ntime=\&#34;2021-06-09T03:27:28Z\&#34; level=info msg=\&#34;func insecure: false, env insecure: false\&#34;\ntime=\&#34;2021-06-09T03:27:28Z\&#34; level=info msg=\&#34;Connecting to the workload api at:unix:///run/spire/sockets/agent.sock\&#34;\nINFO: 2021/06/09 03:27:28 [core] parsed scheme: \&#34;unix\&#34;\nINFO: 2021/06/09 03:27:28 [core] ccResolverWrapper: sending update to cc: {[{/run/spire/sockets/agent.sock  0xc0003080c0 0 &lt;nil&gt;}] &lt;nil&gt; &lt;nil&gt;}\nINFO: 2021/06/09 03:27:28 [core] ClientConn switching balancer to \&#34;pick_first\&#34;\nINFO: 2021/06/09 03:27:28 [core] Channel switches to new LB policy \&#34;pick_first\&#34;\nINFO: 2021/06/09 03:27:28 [core] Subchannel Connectivity change to CONNECTING\nINFO: 2021/06/09 03:27:28 [core] blockingPicker: the picked transport is not ready, loop back to repick\ntime=\&#34;2021-06-09T03:27:28Z\&#34; level=info msg=\&#34;Issued identity:spiffe://test.com/nsc\&#34;\nINFO: 2021/06/09 03:27:28 [core] Subchannel picks a new address \&#34;/run/spire/sockets/agent.sock\&#34; to connect\nINFO: 2021/06/09 03:27:28 [core] pickfirstBalancer: UpdateSubConnState: 0xc00033ff10, {CONNECTING &lt;nil&gt;}\nINFO: 2021/06/09 03:27:28 [core] Channel Connectivity change to CONNECTING\nINFO: 2021/06/09 03:27:28 [core] Subchannel Connectivity change to READY\nINFO: 2021/06/09 03:27:28 [core] pickfirstBalancer: UpdateSubConnState: 0xc00033ff10, {READY &lt;nil&gt;}\nINFO: 2021/06/09 03:27:28 [core] Channel Connectivity change to READY\nINFO: 2021/06/09 03:27:28 [core] Channel Connectivity change to SHUTDOWN\nINFO: 2021/06/09 03:27:28 [core] Subchannel Connectivity change to SHUTDOWN\ntime=\&#34;2021-06-09T03:27:28Z\&#34; level=info msg=\&#34;Successfully retrieve bundles:&amp;{{{0 0} 0 0 0 0} map[{test.com}:0xc00028ccc0]}\&#34;\ntime=\&#34;2021-06-09T03:27:28Z\&#34; level=info msg=\&#34;defaultTrustDomain:test.com\&#34;\ntime=\&#34;2021-06-09T03:27:28Z\&#34; level=info msg=\&#34;AUTHORIZING ALL CLIENTS\&#34;\ntime=\&#34;2021-06-09T03:27:28Z\&#34; level=info msg=\&#34;Fetch tlsConfig for Trust Domain: test.com\&#34;\ntime=\&#34;2021-06-09T03:27:28Z\&#34; level=info msg=\&#34;Found 1 tlsconfigs.\&#34;\nINFO: 2021/06/09 03:27:28 [core] parsed scheme: \&#34;\&#34;\nINFO: 2021/06/09 03:27:28 [transport] transport: loopyWriter.run returning. connection error: desc = \&#34;transport is closing\&#34;\nINFO: 2021/06/09 03:27:28 [core] scheme \&#34;\&#34; not registered, fallback to default scheme\nINFO: 2021/06/09 03:27:28 [core] ccResolverWrapper: sending update to cc: {[{/var/lib/networkservicemesh/nsm.server.io.sock  &lt;nil&gt; 0 &lt;nil&gt;}] &lt;nil&gt; &lt;nil&gt;}\nINFO: 2021/06/09 03:27:28 [core] ClientConn switching balancer to \&#34;pick_first\&#34;\nINFO: 2021/06/09 03:27:28 [core] Channel switches to new LB policy \&#34;pick_first\&#34;\nINFO: 2021/06/09 03:27:28 [core] Subchannel Connectivity change to CONNECTING\nINFO: 2021/06/09 03:27:28 [core] pickfirstBalancer: UpdateSubConnState: 0xc000031530, {CONNECTING &lt;nil&gt;}\nINFO: 2021/06/09 03:27:28 [core] Subchannel picks a new address \&#34;/var/lib/networkservicemesh/nsm.server.io.sock\&#34; to connect\nINFO: 2021/06/09 03:27:28 [core] Channel Connectivity change to CONNECTING\nINFO: 2021/06/09 03:27:28 [core] Subchannel Connectivity change to READY\nINFO: 2021/06/09 03:27:28 [core] pickfirstBalancer: UpdateSubConnState: 0xc000031530, {READY &lt;nil&gt;}\nINFO: 2021/06/09 03:27:28 [core] Channel Connectivity change to READY\ntime=\&#34;2021-06-09T03:27:28Z\&#34; level=info msg=\&#34;Found the right tls certificate:&amp;{&lt;nil&gt; &lt;nil&gt; [] map[] &lt;nil&gt; 0x946a40 &lt;nil&gt; 0x946ac0 &lt;nil&gt; &lt;nil&gt; []  NoClientCert &lt;nil&gt; true [] false false [0 0 0 0 0 0 0 0 0 0 0 0 0 0 0 0 0 0 0 0 0 0 0 0 0 0 0 0 0 0 0 0] &lt;nil&gt; 0 0 [] false 0 &lt;nil&gt; {{0 0} 0 0 0 0} [] []}\&#34;\nINFO: 2021/06/09 03:27:28 [core] Channel Connectivity change to SHUTDOWN\nINFO: 2021/06/09 03:27:28 [core] Subchannel Connectivity change to SHUTDOWN\nINFO: 2021/06/09 03:27:28 [transport] transport: loopyWriter.run returning. connection error: desc = \&#34;transport is closing\&#34;\ntime=\&#34;2021-06-09T03:27:28Z\&#34; level=info msg=\&#34;Trying to establish connection using tlsConfig:&amp;{&lt;nil&gt; &lt;nil&gt; [] map[] &lt;nil&gt; 0x946a40 &lt;nil&gt; 0x946ac0 &lt;nil&gt; &lt;nil&gt; []  NoClientCert &lt;nil&gt; true [] false false [0 0 0 0 0 0 0 0 0 0 0 0 0 0 0 0 0 0 0 0 0 0 0 0 0 0 0 0 0 0 0 0] &lt;nil&gt; 0 0 [] false 0 &lt;nil&gt; {{0 0} 0 0 0 0} [] []}\&#34;\nINFO: 2021/06/09 03:27:28 [core] parsed scheme: \&#34;\&#34;\nINFO: 2021/06/09 03:27:28 [core] scheme \&#34;\&#34; not registered, fallback to default scheme\nINFO: 2021/06/09 03:27:28 [core] ccResolverWrapper: sending update to cc: {[{/var/lib/networkservicemesh/nsm.server.io.sock  &lt;nil&gt; 0 &lt;nil&gt;}] &lt;nil&gt; &lt;nil&gt;}\nINFO: 2021/06/09 03:27:28 [core] ClientConn switching balancer to \&#34;pick_first\&#34;\nINFO: 2021/06/09 03:27:28 [core] Channel switches to new LB policy \&#34;pick_first\&#34;\nINFO: 2021/06/09 03:27:28 [core] Subchannel Connectivity change to CONNECTING\nINFO: 2021/06/09 03:27:28 [core] Subchannel picks a new address \&#34;/var/lib/networkservicemesh/nsm.server.io.sock\&#34; to connect\nINFO: 2021/06/09 03:27:28 [core] pickfirstBalancer: UpdateSubConnState: 0xc0004964c0, {CONNECTING &lt;nil&gt;}\nINFO: 2021/06/09 03:27:28 [core] Channel Connectivity change to CONNECTING\nINFO: 2021/06/09 03:27:28 [core] Subchannel Connectivity change to READY\nINFO: 2021/06/09 03:27:28 [core] pickfirstBalancer: UpdateSubConnState: 0xc0004964c0, {READY &lt;nil&gt;}\nINFO: 2021/06/09 03:27:28 [core] Channel Connectivity change to READY\ntime=\&#34;2021-06-09T03:27:28Z\&#34; level=info msg=\&#34;nsm: connection to nsm server on socket: /var/lib/networkservicemesh/nsm.server.io.sock succeeded.\&#34;\ntime=\&#34;2021-06-09T03:27:28Z\&#34; level=info msg=\&#34;==----&gt; nsmClient.Connect() span:4ea74c4b08cddc4b:2bfae9ba1918b582:4ea74c4b08cddc4b:1\&#34;\ntime=\&#34;2021-06-09T03:27:28Z\&#34; level=info msg=\&#34;Initiating an outgoing connection.\&#34; description=\&#34;Primary interface\&#34; destEndpointManager= destEndpointName= mechanism=KERNEL_INTERFACE mechanismName=nsm0 operation=nsmClient.Connect remoteIp= span=\&#34;4ea74c4b08cddc4b:2bfae9ba1918b582:4ea74c4b08cddc4b:1\&#34;\ntime=\&#34;2021-06-09T03:27:28Z\&#34; level=info msg=\&#34;Initiating an outgoing connection.\&#34; operation=nsmClient.Connect span=\&#34;4ea74c4b08cddc4b:2bfae9ba1918b582:4ea74c4b08cddc4b:1\&#34;\ntime=\&#34;2021-06-09T03:27:28Z\&#34; level=info msg=\&#34;&gt;&gt;&lt;&lt;---- Selected mechanism={\\\&#34;cls\\\&#34;:\\\&#34;LOCAL\\\&#34;,\\\&#34;type\\\&#34;:\\\&#34;KERNEL_INTERFACE\\\&#34;,\\\&#34;parameters\\\&#34;:{\\\&#34;description\\\&#34;:\\\&#34;Primary interface\\\&#34;,\\\&#34;name\\\&#34;:\\\&#34;nsm0\\\&#34;,\\\&#34;netnsInode\\\&#34;:\\\&#34;4026533452\\\&#34;,\\\&#34;socketfile\\\&#34;:\\\&#34;nsm0/memif.sock\\\&#34;}} span=4ea74c4b08cddc4b:2bfae9ba1918b582:4ea74c4b08cddc4b:1\&#34;\ntime=\&#34;2021-06-09T03:27:28Z\&#34; level=info msg=\&#34;==------&gt; nsmClient.Connect.attempt:0() span:4ea74c4b08cddc4b:1687c10bda8ff2fb:2bfae9ba1918b582:1\&#34;\ntime=\&#34;2021-06-09T03:27:28Z\&#34; level=info msg=\&#34;Requesting connection:&lt;network_service:\\\&#34;icmp-responder\\\&#34; context:&lt;ip_context:&lt;src_ip_required:true dst_ip_required:true &gt; &gt; labels:&lt;key:\\\&#34;app\\\&#34; value:\\\&#34;icmp\\\&#34; &gt; labels:&lt;key:\\\&#34;namespace\\\&#34; value:\\\&#34;default\\\&#34; &gt; labels:&lt;key:\\\&#34;podName\\\&#34; value:\\\&#34;nsc\\\&#34; &gt; &gt; mechanism_preferences:&lt;cls:\\\&#34;LOCAL\\\&#34; type:\\\&#34;KERNEL_INTERFACE\\\&#34; parameters:&lt;key:\\\&#34;description\\\&#34; value:\\\&#34;Primary interface\\\&#34; &gt; parameters:&lt;key:\\\&#34;name\\\&#34; value:\\\&#34;nsm0\\\&#34; &gt; parameters:&lt;key:\\\&#34;netnsInode\\\&#34; value:\\\&#34;4026533452\\\&#34; &gt; parameters:&lt;key:\\\&#34;socketfile\\\&#34; value:\\\&#34;nsm0/memif.sock\\\&#34; &gt; &gt; \&#34; operation=\&#34;nsmClient.Connect.attempt:0\&#34; span=\&#34;4ea74c4b08cddc4b:1687c10bda8ff2fb:2bfae9ba1918b582:1\&#34;\ntime=\&#34;2021-06-09T03:27:28Z\&#34; level=info msg=\&#34;&gt;&gt;&lt;&lt;-------- /networkservice.NetworkService/Request()=\\\&#34;\\\&#34; span=4ea74c4b08cddc4b:1687c10bda8ff2fb:2bfae9ba1918b582:1\&#34;\ntime=\&#34;2021-06-09T03:27:28Z\&#34; level=info msg=\&#34;&gt;&gt;&lt;&lt;-------- request={\\\&#34;connection\\\&#34;:{\\\&#34;network_service\\\&#34;:\\\&#34;icmp-responder\\\&#34;,\\\&#34;context\\\&#34;:{\\\&#34;ip_context\\\&#34;:{\\\&#34;src_ip_required\\\&#34;:true,\\\&#34;dst_ip_required\\\&#34;:true}},\\\&#34;labels\\\&#34;:{\\\&#34;app\\\&#34;:\\\&#34;icmp\\\&#34;,\\\&#34;namespace\\\&#34;:\\\&#34;default\\\&#34;,\\\&#34;podName\\\&#34;:\\\&#34;nsc\\\&#34;}},\\\&#34;mechanism_preferences\\\&#34;:[{\\\&#34;cls\\\&#34;:\\\&#34;LOCAL\\\&#34;,\\\&#34;type\\\&#34;:\\\&#34;KERNEL_INTERFACE\\\&#34;,\\\&#34;parameters\\\&#34;:{\\\&#34;description\\\&#34;:\\\&#34;Primary interface\\\&#34;,\\\&#34;name\\\&#34;:\\\&#34;nsm0\\\&#34;,\\\&#34;netnsInode\\\&#34;:\\\&#34;4026533452\\\&#34;,\\\&#34;socketfile\\\&#34;:\\\&#34;nsm0/memif.sock\\\&#34;}}]} span=4ea74c4b08cddc4b:1687c10bda8ff2fb:2bfae9ba1918b582:1\&#34;\n2021/06/09 03:28:28 Reporting span 4ea74c4b08cddc4b:1e2ba84a48d3d1c7:1687c10bda8ff2fb:1\ntime=\&#34;2021-06-09T03:28:28Z\&#34; level=info msg=\&#34;&gt;&gt;&lt;&lt;-------- response={} span=4ea74c4b08cddc4b:1687c10bda8ff2fb:2bfae9ba1918b582:1\&#34;\ntime=\&#34;2021-06-09T03:28:28Z\&#34; level=error msg=\&#34;&gt;&gt;&lt;&lt;------ error=rpc error: code = DeadlineExceeded desc = context deadline exceeded span=4ea74c4b08cddc4b:1687c10bda8ff2fb:2bfae9ba1918b582:1\&#34;\ntime=\&#34;2021-06-09T03:28:28Z\&#34; level=error msg=\&#34;nsm client: Failed to connect rpc error: code = DeadlineExceeded desc = context deadline exceeded. Retry attempts: 10 Delaying: 5s\&#34; operation=\&#34;nsmClient.Connect.attempt:0\&#34; span=\&#34;4ea74c4b08cddc4b:1687c10bda8ff2fb:2bfae9ba1918b582:1\&#34;\n2021/06/09 03:28:28 Reporting span 4ea74c4b08cddc4b:1687c10bda8ff2fb:2bfae9ba1918b582:1\ntime=\&#34;2021-06-09T03:28:33Z\&#34; level=info msg=\&#34;==------&gt; nsmClient.Connect.attempt:1() span:4ea74c4b08cddc4b:5ea9531d5a2f567d:2bfae9ba1918b582:1\&#34;\ntime=\&#34;2021-06-09T03:28:33Z\&#34; level=info msg=\&#34;Requesting connection:&lt;network_service:\\\&#34;icmp-responder\\\&#34; context:&lt;ip_context:&lt;src_ip_required:true dst_ip_required:true &gt; &gt; labels:&lt;key:\\\&#34;app\\\&#34; value:\\\&#34;icmp\\\&#34; &gt; labels:&lt;key:\\\&#34;namespace\\\&#34; value:\\\&#34;default\\\&#34; &gt; labels:&lt;key:\\\&#34;podName\\\&#34; value:\\\&#34;nsc\\\&#34; &gt; &gt; mechanism_preferences:&lt;cls:\\\&#34;LOCAL\\\&#34; type:\\\&#34;KERNEL_INTERFACE\\\&#34; parameters:&lt;key:\\\&#34;description\\\&#34; value:\\\&#34;Primary interface\\\&#34; &gt; parameters:&lt;key:\\\&#34;name\\\&#34; value:\\\&#34;nsm0\\\&#34; &gt; parameters:&lt;key:\\\&#34;netnsInode\\\&#34; value:\\\&#34;4026533452\\\&#34; &gt; parameters:&lt;key:\\\&#34;socketfile\\\&#34; value:\\\&#34;nsm0/memif.sock\\\&#34; &gt; &gt; \&#34; operation=\&#34;nsmClient.Connect.attempt:1\&#34; span=\&#34;4ea74c4b08cddc4b:5ea9531d5a2f567d:2bfae9ba1918b582:1\&#34;\ntime=\&#34;2021-06-09T03:28:33Z\&#34; level=info msg=\&#34;&gt;&gt;&lt;&lt;-------- /networkservice.NetworkService/Request()=\\\&#34;\\\&#34; span=4ea74c4b08cddc4b:5ea9531d5a2f567d:2bfae9ba1918b582:1\&#34;\ntime=\&#34;2021-06-09T03:28:33Z\&#34; level=info msg=\&#34;&gt;&gt;&lt;&lt;-------- request={\\\&#34;connection\\\&#34;:{\\\&#34;network_service\\\&#34;:\\\&#34;icmp-responder\\\&#34;,\\\&#34;context\\\&#34;:{\\\&#34;ip_context\\\&#34;:{\\\&#34;src_ip_required\\\&#34;:true,\\\&#34;dst_ip_required\\\&#34;:true}},\\\&#34;labels\\\&#34;:{\\\&#34;app\\\&#34;:\\\&#34;icmp\\\&#34;,\\\&#34;namespace\\\&#34;:\\\&#34;default\\\&#34;,\\\&#34;podName\\\&#34;:\\\&#34;nsc\\\&#34;}},\\\&#34;mechanism_preferences\\\&#34;:[{\\\&#34;cls\\\&#34;:\\\&#34;LOCAL\\\&#34;,\\\&#34;type\\\&#34;:\\\&#34;KERNEL_INTERFACE\\\&#34;,\\\&#34;parameters\\\&#34;:{\\\&#34;description\\\&#34;:\\\&#34;Primary interface\\\&#34;,\\\&#34;name\\\&#34;:\\\&#34;nsm0\\\&#34;,\\\&#34;netnsInode\\\&#34;:\\\&#34;4026533452\\\&#34;,\\\&#34;socketfile\\\&#34;:\\\&#34;nsm0/memif.sock\\\&#34;}}]} span=4ea74c4b08cddc4b:5ea9531d5a2f567d:2bfae9ba1918b582:1\&#34;\n2021/06/09 03:29:33 Reporting span 4ea74c4b08cddc4b:32c02eb26914b35d:5ea9531d5a2f567d:1\ntime=\&#34;2021-06-09T03:29:33Z\&#34; level=info msg=\&#34;&gt;&gt;&lt;&lt;-------- response={} span=4ea74c4b08cddc4b:5ea9531d5a2f567d:2bfae9ba1918b582:1\&#34;\ntime=\&#34;2021-06-09T03:29:33Z\&#34; level=error msg=\&#34;&gt;&gt;&lt;&lt;------ error=rpc error: code = DeadlineExceeded desc = context deadline exceeded span=4ea74c4b08cddc4b:5ea9531d5a2f567d:2bfae9ba1918b582:1\&#34;\ntime=\&#34;2021-06-09T03:29:33Z\&#34; level=error msg=\&#34;nsm client: Failed to connect rpc error: code = DeadlineExceeded desc = context deadline exceeded. Retry attempts: 9 Delaying: 5s\&#34; operation=\&#34;nsmClient.Connect.attempt:1\&#34; span=\&#34;4ea74c4b08cddc4b:5ea9531d5a2f567d:2bfae9ba1918b582:1\&#34;\n2021/06/09 03:29:33 Reporting span 4ea74c4b08cddc4b:5ea9531d5a2f567d:2bfae9ba1918b582:1\ntime=\&#34;2021-06-09T03:29:38Z\&#34; level=info msg=\&#34;==------&gt; nsmClient.Connect.attempt:2() span:4ea74c4b08cddc4b:3ac141a6824ce7f5:2bfae9ba1918b582:1\&#34;\ntime=\&#34;2021-06-09T03:29:38Z\&#34; level=info msg=\&#34;Requesting connection:&lt;network_service:\\\&#34;icmp-responder\\\&#34; context:&lt;ip_context:&lt;src_ip_required:true dst_ip_required:true &gt; &gt; labels:&lt;key:\\\&#34;app\\\&#34; value:\\\&#34;icmp\\\&#34; &gt; labels:&lt;key:\\\&#34;namespace\\\&#34; value:\\\&#34;default\\\&#34; &gt; labels:&lt;key:\\\&#34;podName\\\&#34; value:\\\&#34;nsc\\\&#34; &gt; &gt; mechanism_preferences:&lt;cls:\\\&#34;LOCAL\\\&#34; type:\\\&#34;KERNEL_INTERFACE\\\&#34; parameters:&lt;key:\\\&#34;description\\\&#34; value:\\\&#34;Primary interface\\\&#34; &gt; parameters:&lt;key:\\\&#34;name\\\&#34; value:\\\&#34;nsm0\\\&#34; &gt; parameters:&lt;key:\\\&#34;netnsInode\\\&#34; value:\\\&#34;4026533452\\\&#34; &gt; parameters:&lt;key:\\\&#34;socketfile\\\&#34; value:\\\&#34;nsm0/memif.sock\\\&#34; &gt; &gt; \&#34; operation=\&#34;nsmClient.Connect.attempt:2\&#34; span=\&#34;4ea74c4b08cddc4b:3ac141a6824ce7f5:2bfae9ba1918b582:1\&#34;\ntime=\&#34;2021-06-09T03:29:38Z\&#34; level=info msg=\&#34;&gt;&gt;&lt;&lt;-------- /networkservice.NetworkService/Request()=\\\&#34;\\\&#34; span=4ea74c4b08cddc4b:3ac141a6824ce7f5:2bfae9ba1918b582:1\&#34;\n&#34;&#xA;time=&#34;2021-06-08T20:30:27-07:00&#34; level=info msg=&#34;Pod nsc event: {\&#34;metadata\&#34;:{\&#34;name\&#34;:\&#34;nsc.1686cc3604f11ec4\&#34;,\&#34;namespace\&#34;:\&#34;nsm-system\&#34;,\&#34;selfLink\&#34;:\&#34;/api/v1/namespaces/nsm-system/events/nsc.1686cc3604f11ec4\&#34;,\&#34;uid\&#34;:\&#34;5e6b83ae-f1d6-4e24-99e2-9bd349a21333\&#34;,\&#34;resourceVersion\&#34;:\&#34;21279\&#34;,\&#34;creationTimestamp\&#34;:\&#34;2021-06-09T03:27:28Z\&#34;},\&#34;involvedObject\&#34;:{\&#34;kind\&#34;:\&#34;Pod\&#34;,\&#34;namespace\&#34;:\&#34;nsm-system\&#34;,\&#34;name\&#34;:\&#34;nsc\&#34;,\&#34;uid\&#34;:\&#34;dc66f435-c2bb-44bb-b4f9-673fc63d4f42\&#34;,\&#34;apiVersion\&#34;:\&#34;v1\&#34;,\&#34;resourceVersion\&#34;:\&#34;21274\&#34;,\&#34;fieldPath\&#34;:\&#34;spec.initContainers{nsm-init}\&#34;},\&#34;reason\&#34;:\&#34;Started\&#34;,\&#34;message\&#34;:\&#34;Started container nsm-init\&#34;,\&#34;source\&#34;:{\&#34;component\&#34;:\&#34;kubelet\&#34;,\&#34;host\&#34;:\&#34;kind-1-worker\&#34;},\&#34;firstTimestamp\&#34;:\&#34;2021-06-09T03:27:28Z\&#34;,\&#34;lastTimestamp\&#34;:\&#34;2021-06-09T03:27:28Z\&#34;,\&#34;count\&#34;:1,\&#34;type\&#34;:\&#34;Normal\&#34;,\&#34;eventTime\&#34;:null,\&#34;reportingComponent\&#34;:\&#34;\&#34;,\&#34;reportingInstance\&#34;:\&#34;\&#34;}&#34;&#xA;time=&#34;2021-06-08T20:30:27-07:00&#34; level=info msg=&#34;Pod nsc event: {\&#34;metadata\&#34;:{\&#34;name\&#34;:\&#34;nsc.1686cc35feeaa428\&#34;,\&#34;namespace\&#34;:\&#34;nsm-system\&#34;,\&#34;selfLink\&#34;:\&#34;/api/v1/namespaces/nsm-system/events/nsc.1686cc35feeaa428\&#34;,\&#34;uid\&#34;:\&#34;73f4620d-2a4a-4fca-8acd-a6fa925bb954\&#34;,\&#34;resourceVersion\&#34;:\&#34;21278\&#34;,\&#34;creationTimestamp\&#34;:\&#34;2021-06-09T03:27:27Z\&#34;},\&#34;involvedObject\&#34;:{\&#34;kind\&#34;:\&#34;Pod\&#34;,\&#34;namespace\&#34;:\&#34;nsm-system\&#34;,\&#34;name\&#34;:\&#34;nsc\&#34;,\&#34;uid\&#34;:\&#34;dc66f435-c2bb-44bb-b4f9-673fc63d4f42\&#34;,\&#34;apiVersion\&#34;:\&#34;v1\&#34;,\&#34;resourceVersion\&#34;:\&#34;21274\&#34;,\&#34;fieldPath\&#34;:\&#34;spec.initContainers{nsm-init}\&#34;},\&#34;reason\&#34;:\&#34;Created\&#34;,\&#34;message\&#34;:\&#34;Created container nsm-init\&#34;,\&#34;source\&#34;:{\&#34;component\&#34;:\&#34;kubelet\&#34;,\&#34;host\&#34;:\&#34;kind-1-worker\&#34;},\&#34;firstTimestamp\&#34;:\&#34;2021-06-09T03:27:27Z\&#34;,\&#34;lastTimestamp\&#34;:\&#34;2021-06-09T03:27:27Z\&#34;,\&#34;count\&#34;:1,\&#34;type\&#34;:\&#34;Normal\&#34;,\&#34;eventTime\&#34;:null,\&#34;reportingComponent\&#34;:\&#34;\&#34;,\&#34;reportingInstance\&#34;:\&#34;\&#34;}&#34;&#xA;time=&#34;2021-06-08T20:30:27-07:00&#34; level=info msg=&#34;Pod nsc event: {\&#34;metadata\&#34;:{\&#34;name\&#34;:\&#34;nsc.1686cc35fcd8d290\&#34;,\&#34;namespace\&#34;:\&#34;nsm-system\&#34;,\&#34;selfLink\&#34;:\&#34;/api/v1/namespaces/nsm-system/events/nsc.1686cc35fcd8d290\&#34;,\&#34;uid\&#34;:\&#34;ee63afe2-26b6-4926-bed7-ef9b9d0f2ae5\&#34;,\&#34;resourceVersion\&#34;:\&#34;21277\&#34;,\&#34;creationTimestamp\&#34;:\&#34;2021-06-09T03:27:27Z\&#34;},\&#34;involvedObject\&#34;:{\&#34;kind\&#34;:\&#34;Pod\&#34;,\&#34;namespace\&#34;:\&#34;nsm-system\&#34;,\&#34;name\&#34;:\&#34;nsc\&#34;,\&#34;uid\&#34;:\&#34;dc66f435-c2bb-44bb-b4f9-673fc63d4f42\&#34;,\&#34;apiVersion\&#34;:\&#34;v1\&#34;,\&#34;resourceVersion\&#34;:\&#34;21274\&#34;,\&#34;fieldPath\&#34;:\&#34;spec.initContainers{nsm-init}\&#34;},\&#34;reason\&#34;:\&#34;Pulled\&#34;,\&#34;message\&#34;:\&#34;Container image \\\&#34;containers.cisco.com/appn/nsm-init:vl3_latest\\\&#34; already present on machine\&#34;,\&#34;source\&#34;:{\&#34;component\&#34;:\&#34;kubelet\&#34;,\&#34;host\&#34;:\&#34;kind-1-worker\&#34;},\&#34;firstTimestamp\&#34;:\&#34;2021-06-09T03:27:27Z\&#34;,\&#34;lastTimestamp\&#34;:\&#34;2021-06-09T03:27:27Z\&#34;,\&#34;count\&#34;:1,\&#34;type\&#34;:\&#34;Normal\&#34;,\&#34;eventTime\&#34;:null,\&#34;reportingComponent\&#34;:\&#34;\&#34;,\&#34;reportingInstance\&#34;:\&#34;\&#34;}&#34;&#xA;time=&#34;2021-06-08T20:30:27-07:00&#34; level=info msg=&#34;Pod nsc event: {\&#34;metadata\&#34;:{\&#34;name\&#34;:\&#34;nsc.1686cc35d9cd5500\&#34;,\&#34;namespace\&#34;:\&#34;nsm-system\&#34;,\&#34;selfLink\&#34;:\&#34;/api/v1/namespaces/nsm-system/events/nsc.1686cc35d9cd5500\&#34;,\&#34;uid\&#34;:\&#34;09a734d0-566a-473b-a260-f43a9085bbfa\&#34;,\&#34;resourceVersion\&#34;:\&#34;21275\&#34;,\&#34;creationTimestamp\&#34;:\&#34;2021-06-09T03:27:27Z\&#34;},\&#34;involvedObject\&#34;:{\&#34;kind\&#34;:\&#34;Pod\&#34;,\&#34;namespace\&#34;:\&#34;nsm-system\&#34;,\&#34;name\&#34;:\&#34;nsc\&#34;,\&#34;uid\&#34;:\&#34;dc66f435-c2bb-44bb-b4f9-673fc63d4f42\&#34;,\&#34;apiVersion\&#34;:\&#34;v1\&#34;,\&#34;resourceVersion\&#34;:\&#34;21273\&#34;},\&#34;reason\&#34;:\&#34;Scheduled\&#34;,\&#34;message\&#34;:\&#34;Successfully assigned nsm-system/nsc to kind-1-worker\&#34;,\&#34;source\&#34;:{\&#34;component\&#34;:\&#34;default-scheduler\&#34;},\&#34;firstTimestamp\&#34;:\&#34;2021-06-09T03:27:27Z\&#34;,\&#34;lastTimestamp\&#34;:\&#34;2021-06-09T03:27:27Z\&#34;,\&#34;count\&#34;:1,\&#34;type\&#34;:\&#34;Normal\&#34;,\&#34;eventTime\&#34;:null,\&#34;reportingComponent\&#34;:\&#34;\&#34;,\&#34;reportingInstance\&#34;:\&#34;\&#34;}&#34;&#xA;time=&#34;2021-06-08T20:30:28-07:00&#34; level=error msg=&#34;Failed to get logs from nsc err: container \&#34;alpine-img\&#34; in pod \&#34;nsc\&#34; is waiting to start: PodInitializing&#34;&#xA;time=&#34;2021-06-08T20:30:28-07:00&#34; level=info msg=&#34;Pod nsc: container: alpine-img status: false: Logs: &#34;&#xA;time=&#34;2021-06-08T20:30:28-07:00&#34; level=error msg=&#34;Failed to get logs from nsc err: container \&#34;coredns\&#34; in pod \&#34;nsc\&#34; is waiting to start: PodInitializing&#34;&#xA;time=&#34;2021-06-08T20:30:28-07:00&#34; level=info msg=&#34;Pod nsc: container: coredns status: false: Logs: &#34;&#xA;time=&#34;2021-06-08T20:30:28-07:00&#34; level=info msg=&#34;pod nsc object:\n&gt;&gt;&gt;&gt;&gt;&gt;&gt;&gt;&gt;&gt;&gt;{\&#34;metadata\&#34;:{\&#34;name\&#34;:\&#34;nsc\&#34;,\&#34;namespace\&#34;:\&#34;nsm-system\&#34;,\&#34;selfLink\&#34;:\&#34;/api/v1/namespaces/nsm-system/pods/nsc\&#34;,\&#34;uid\&#34;:\&#34;dc66f435-c2bb-44bb-b4f9-673fc63d4f42\&#34;,\&#34;resourceVersion\&#34;:\&#34;21280\&#34;,\&#34;creationTimestamp\&#34;:\&#34;2021-06-09T03:27:27Z\&#34;},\&#34;spec\&#34;:{\&#34;volumes\&#34;:[{\&#34;name\&#34;:\&#34;config-volume\&#34;,\&#34;configMap\&#34;:{\&#34;name\&#34;:\&#34;basic-corefile\&#34;,\&#34;items\&#34;:[{\&#34;key\&#34;:\&#34;Corefile\&#34;,\&#34;path\&#34;:\&#34;Corefile\&#34;}],\&#34;defaultMode\&#34;:420}},{\&#34;name\&#34;:\&#34;nsc-acc-token-hkcxv\&#34;,\&#34;secret\&#34;:{\&#34;secretName\&#34;:\&#34;nsc-acc-token-hkcxv\&#34;,\&#34;defaultMode\&#34;:420}}],\&#34;initContainers\&#34;:[{\&#34;name\&#34;:\&#34;nsm-init\&#34;,\&#34;image\&#34;:\&#34;containers.cisco.com/appn/nsm-init:vl3_latest\&#34;,\&#34;env\&#34;:[{\&#34;name\&#34;:\&#34;CLIENT_LABELS\&#34;,\&#34;value\&#34;:\&#34;app=icmp\&#34;},{\&#34;name\&#34;:\&#34;CLIENT_NETWORK_SERVICE\&#34;,\&#34;value\&#34;:\&#34;icmp-responder\&#34;}],\&#34;resources\&#34;:{\&#34;limits\&#34;:{\&#34;cpu\&#34;:\&#34;200m\&#34;,\&#34;memory\&#34;:\&#34;20Mi\&#34;,\&#34;networkservicemesh.io/socket\&#34;:\&#34;1\&#34;},\&#34;requests\&#34;:{\&#34;cpu\&#34;:\&#34;200m\&#34;,\&#34;memory\&#34;:\&#34;20Mi\&#34;,\&#34;networkservicemesh.io/socket\&#34;:\&#34;1\&#34;}},\&#34;volumeMounts\&#34;:[{\&#34;name\&#34;:\&#34;nsc-acc-token-hkcxv\&#34;,\&#34;readOnly\&#34;:true,\&#34;mountPath\&#34;:\&#34;/var/run/secrets/kubernetes.io/serviceaccount\&#34;}],\&#34;terminationMessagePath\&#34;:\&#34;/dev/termination-log\&#34;,\&#34;terminationMessagePolicy\&#34;:\&#34;File\&#34;,\&#34;imagePullPolicy\&#34;:\&#34;IfNotPresent\&#34;}],\&#34;containers\&#34;:[{\&#34;name\&#34;:\&#34;alpine-img\&#34;,\&#34;image\&#34;:\&#34;alpine:latest\&#34;,\&#34;command\&#34;:[\&#34;tail\&#34;,\&#34;-f\&#34;,\&#34;/dev/null\&#34;],\&#34;resources\&#34;:{},\&#34;volumeMounts\&#34;:[{\&#34;name\&#34;:\&#34;nsc-acc-token-hkcxv\&#34;,\&#34;readOnly\&#34;:true,\&#34;mountPath\&#34;:\&#34;/var/run/secrets/kubernetes.io/serviceaccount\&#34;}],\&#34;terminationMessagePath\&#34;:\&#34;/dev/termination-log\&#34;,\&#34;terminationMessagePolicy\&#34;:\&#34;File\&#34;,\&#34;imagePullPolicy\&#34;:\&#34;IfNotPresent\&#34;},{\&#34;name\&#34;:\&#34;coredns\&#34;,\&#34;image\&#34;:\&#34;networkservicemesh/coredns:master\&#34;,\&#34;args\&#34;:[\&#34;-conf\&#34;,\&#34;/etc/coredns/Corefile\&#34;],\&#34;resources\&#34;:{\&#34;limits\&#34;:{\&#34;cpu\&#34;:\&#34;100m\&#34;,\&#34;memory\&#34;:\&#34;15Mi\&#34;,\&#34;networkservicemesh.io/socket\&#34;:\&#34;1\&#34;},\&#34;requests\&#34;:{\&#34;cpu\&#34;:\&#34;100m\&#34;,\&#34;memory\&#34;:\&#34;15Mi\&#34;,\&#34;networkservicemesh.io/socket\&#34;:\&#34;1\&#34;}},\&#34;volumeMounts\&#34;:[{\&#34;name\&#34;:\&#34;config-volume\&#34;,\&#34;mountPath\&#34;:\&#34;/etc/coredns\&#34;},{\&#34;name\&#34;:\&#34;nsc-acc-token-hkcxv\&#34;,\&#34;readOnly\&#34;:true,\&#34;mountPath\&#34;:\&#34;/var/run/secrets/kubernetes.io/serviceaccount\&#34;}],\&#34;terminationMessagePath\&#34;:\&#34;/dev/termination-log\&#34;,\&#34;terminationMessagePolicy\&#34;:\&#34;File\&#34;,\&#34;imagePullPolicy\&#34;:\&#34;IfNotPresent\&#34;}],\&#34;restartPolicy\&#34;:\&#34;Always\&#34;,\&#34;terminationGracePeriodSeconds\&#34;:0,\&#34;dnsPolicy\&#34;:\&#34;ClusterFirst\&#34;,\&#34;nodeSelector\&#34;:{\&#34;kubernetes.io/hostname\&#34;:\&#34;kind-1-worker\&#34;},\&#34;serviceAccountName\&#34;:\&#34;nsc-acc\&#34;,\&#34;serviceAccount\&#34;:\&#34;nsc-acc\&#34;,\&#34;nodeName\&#34;:\&#34;kind-1-worker\&#34;,\&#34;securityContext\&#34;:{},\&#34;schedulerName\&#34;:\&#34;default-scheduler\&#34;,\&#34;tolerations\&#34;:[{\&#34;key\&#34;:\&#34;node.kubernetes.io/not-ready\&#34;,\&#34;operator\&#34;:\&#34;Exists\&#34;,\&#34;effect\&#34;:\&#34;NoExecute\&#34;,\&#34;tolerationSeconds\&#34;:300},{\&#34;key\&#34;:\&#34;node.kubernetes.io/unreachable\&#34;,\&#34;operator\&#34;:\&#34;Exists\&#34;,\&#34;effect\&#34;:\&#34;NoExecute\&#34;,\&#34;tolerationSeconds\&#34;:300}],\&#34;priority\&#34;:0,\&#34;enableServiceLinks\&#34;:true},\&#34;status\&#34;:{\&#34;phase\&#34;:\&#34;Pending\&#34;,\&#34;conditions\&#34;:[{\&#34;type\&#34;:\&#34;Initialized\&#34;,\&#34;status\&#34;:\&#34;False\&#34;,\&#34;lastProbeTime\&#34;:null,\&#34;lastTransitionTime\&#34;:\&#34;2021-06-09T03:27:27Z\&#34;,\&#34;reason\&#34;:\&#34;ContainersNotInitialized\&#34;,\&#34;message\&#34;:\&#34;containers with incomplete status: [nsm-init]\&#34;},{\&#34;type\&#34;:\&#34;Ready\&#34;,\&#34;status\&#34;:\&#34;False\&#34;,\&#34;lastProbeTime\&#34;:null,\&#34;lastTransitionTime\&#34;:\&#34;2021-06-09T03:27:27Z\&#34;,\&#34;reason\&#34;:\&#34;ContainersNotReady\&#34;,\&#34;message\&#34;:\&#34;containers with unready status: [alpine-img coredns]\&#34;},{\&#34;type\&#34;:\&#34;ContainersReady\&#34;,\&#34;status\&#34;:\&#34;False\&#34;,\&#34;lastProbeTime\&#34;:null,\&#34;lastTransitionTime\&#34;:\&#34;2021-06-09T03:27:27Z\&#34;,\&#34;reason\&#34;:\&#34;ContainersNotReady\&#34;,\&#34;message\&#34;:\&#34;containers with unready status: [alpine-img coredns]\&#34;},{\&#34;type\&#34;:\&#34;PodScheduled\&#34;,\&#34;status\&#34;:\&#34;True\&#34;,\&#34;lastProbeTime\&#34;:null,\&#34;lastTransitionTime\&#34;:\&#34;2021-06-09T03:27:27Z\&#34;}],\&#34;hostIP\&#34;:\&#34;172.17.0.4\&#34;,\&#34;podIP\&#34;:\&#34;10.244.2.84\&#34;,\&#34;podIPs\&#34;:[{\&#34;ip\&#34;:\&#34;10.244.2.84\&#34;}],\&#34;startTime\&#34;:\&#34;2021-06-09T03:27:27Z\&#34;,\&#34;initContainerStatuses\&#34;:[{\&#34;name\&#34;:\&#34;nsm-init\&#34;,\&#34;state\&#34;:{\&#34;running\&#34;:{\&#34;startedAt\&#34;:\&#34;2021-06-09T03:27:28Z\&#34;}},\&#34;lastState\&#34;:{},\&#34;ready\&#34;:false,\&#34;restartCount\&#34;:0,\&#34;image\&#34;:\&#34;containers.cisco.com/appn/nsm-init:vl3_latest\&#34;,\&#34;imageID\&#34;:\&#34;sha256:40c167f519ed8ff354adfed9786b94f776297b51ae257f63dd9520d8c1dc37b8\&#34;,\&#34;containerID\&#34;:\&#34;containerd://994d80e124d1a921b0788c156ab0f173903b46d9c02964c78e7b19fda3f19a5d\&#34;}],\&#34;containerStatuses\&#34;:[{\&#34;name\&#34;:\&#34;alpine-img\&#34;,\&#34;state\&#34;:{\&#34;waiting\&#34;:{\&#34;reason\&#34;:\&#34;PodInitializing\&#34;}},\&#34;lastState\&#34;:{},\&#34;ready\&#34;:false,\&#34;restartCount\&#34;:0,\&#34;image\&#34;:\&#34;alpine:latest\&#34;,\&#34;imageID\&#34;:\&#34;\&#34;,\&#34;started\&#34;:false},{\&#34;name\&#34;:\&#34;coredns\&#34;,\&#34;state\&#34;:{\&#34;waiting\&#34;:{\&#34;reason\&#34;:\&#34;PodInitializing\&#34;}},\&#34;lastState\&#34;:{},\&#34;ready\&#34;:false,\&#34;restartCount\&#34;:0,\&#34;image\&#34;:\&#34;networkservicemesh/coredns:master\&#34;,\&#34;imageID\&#34;:\&#34;\&#34;,\&#34;started\&#34;:false}],\&#34;qosClass\&#34;:\&#34;Burstable\&#34;}}\n&lt;&lt;&lt;&lt;&lt;&lt;&lt;&lt;&lt;&lt;&#34;&#xA;time=&#34;2021-06-08T20:30:28-07:00&#34; level=error msg=&#34;Error Creating Pod: nsc Failed to deploy pod&#34;&#xA;k8s.go:904:&#xA;goroutine 23 [running]:&#xA;runtime/debug.Stack(0x231a3c0, 0xc000593f70, 0x30b6488)&#xA;/usr/local/go/src/runtime/debug/stack.go:24 +0x9f&#xA;github.com/networkservicemesh/networkservicemesh/test/kubetest.(*K8s).CreatePodsRaw(0xc00033a400, 0x29e8d60800, 0xc000c67a01, 0xc000c67ae8, 0x1, 0x1, 0x0, 0x0, 0x0, 0x0, ...)&#xA;/Users/nispatil/go/src/github.com/cisco-app-networking/nsm_publish/networkservicemesh/test/kubetest/k8s.go:904 +0x8cc&#xA;github.com/networkservicemesh/networkservicemesh/test/kubetest.(*K8s).CreatePod(0xc00033a400, 0xc000641c00, 0x24dd280)&#xA;/Users/nispatil/go/src/github.com/cisco-app-networking/nsm_publish/networkservicemesh/test/kubetest/k8s.go:920 +0x72&#xA;github.com/networkservicemesh/networkservicemesh/test/kubetest.deployNSC(0xc00033a400, 0xc000331780, 0xd, 0x24be6bc, 0x3, 0x24c4319, 0x8, 0x1bf08eb000, 0xc000641c00, 0x0)&#xA;/Users/nispatil/go/src/github.com/cisco-app-networking/nsm_publish/networkservicemesh/test/kubetest/utils.go:542 +0x1c5&#xA;github.com/networkservicemesh/networkservicemesh/test/kubetest.DeployNscAndNsmCoredns(0xc00033a400, 0xc000014c00, 0x24be6bc, 0x3, 0x24cba2a, 0xe, 0x1bf08eb000, 0xc000318c00)&#xA;/Users/nispatil/go/src/github.com/cisco-app-networking/nsm_publish/networkservicemesh/test/kubetest/utils.go:395 +0x37a&#xA;github.com/networkservicemesh/networkservicemesh/test/integration.TestBasicDns(0xc00041e300)&#xA;/Users/nispatil/go/src/github.com/cisco-app-networking/nsm_publish/networkservicemesh/test/integration/basic_dns_test.go:40 +0x405&#xA;testing.tRunner(0xc00041e300, 0x25771b0)&#xA;/usr/local/go/src/testing/testing.go:1123 +0xef&#xA;created by testing.(*T).Run&#xA;/usr/local/go/src/testing/testing.go:1168 +0x2b3&#xA;&#xA;Expected&#xA;&lt;int&gt;: 1&#xA;to equal&#xA;&lt;int&gt;: 0&#xA;E0608 20:30:29.008471   37070 portforward.go:409] error closing listener: close tcp4 127.0.0.1:52757: use of closed network connection&#xA;E0608 20:30:29.008485   37070 portforward.go:409] error closing listener: close tcp6 [::1]:52757: use of closed network connection&#xA;time=&#34;2021-06-08T20:30:29-07:00&#34; level=error msg=&#34;Failed to get logs from nsc err: container \&#34;alpine-img\&#34; in pod \&#34;nsc\&#34; is waiting to start: PodInitializing&#34;&#xA;time=&#34;2021-06-08T20:30:29-07:00&#34; level=warning msg=&#34;Can not get logs for container: alpine-img, Error: container \&#34;alpine-img\&#34; in pod \&#34;nsc\&#34; is waiting to start: PodInitializing&#34;&#xA;time=&#34;2021-06-08T20:30:29-07:00&#34; level=error msg=&#34;Failed to get logs from nsmd-forwarder-kind-1-worker err: previous terminated container \&#34;vppagent-forwarder\&#34; in pod \&#34;nsmd-forwarder-kind-1-worker\&#34; not found&#34;&#xA;time=&#34;2021-06-08T20:30:29-07:00&#34; level=warning msg=&#34;Can not get logs for container: vppagent-forwarder, Error: previous terminated container \&#34;vppagent-forwarder\&#34; in pod \&#34;nsmd-forwarder-kind-1-worker\&#34; not found&#34;&#xA;time=&#34;2021-06-08T20:30:30-07:00&#34; level=error msg=&#34;Failed to get logs from jaeger err: previous terminated container \&#34;jaeger\&#34; in pod \&#34;jaeger\&#34; not found&#34;&#xA;time=&#34;2021-06-08T20:30:30-07:00&#34; level=warning msg=&#34;Can not get logs for container: jaeger, Error: previous terminated container \&#34;jaeger\&#34; in pod \&#34;jaeger\&#34; not found&#34;&#xA;time=&#34;2021-06-08T20:30:30-07:00&#34; level=error msg=&#34;Failed to get logs from icmp-responder-nse err: previous terminated container \&#34;icmp-responder-nse\&#34; in pod \&#34;icmp-responder-nse\&#34; not found&#34;&#xA;time=&#34;2021-06-08T20:30:30-07:00&#34; level=warning msg=&#34;Can not get logs for container: icmp-responder-nse, Error: previous terminated container \&#34;icmp-responder-nse\&#34; in pod \&#34;icmp-responder-nse\&#34; not found&#34;&#xA;time=&#34;2021-06-08T20:30:31-07:00&#34; level=error msg=&#34;Failed to get logs from nsc err: previous terminated container \&#34;alpine-img\&#34; in pod \&#34;nsc\&#34; not found&#34;&#xA;time=&#34;2021-06-08T20:30:31-07:00&#34; level=warning msg=&#34;Can not get logs for container: alpine-img, Error: previous terminated container \&#34;alpine-img\&#34; in pod \&#34;nsc\&#34; not found&#34;&#xA;time=&#34;2021-06-08T20:30:31-07:00&#34; level=error msg=&#34;Failed to get logs from prefix-service err: previous terminated container \&#34;prefix-service\&#34; in pod \&#34;prefix-service\&#34; not found&#34;&#xA;time=&#34;2021-06-08T20:30:31-07:00&#34; level=warning msg=&#34;Can not get logs for container: prefix-service, Error: previous terminated container \&#34;prefix-service\&#34; in pod \&#34;prefix-service\&#34; not found&#34;&#xA;time=&#34;2021-06-08T20:30:31-07:00&#34; level=error msg=&#34;Failed to get logs from spire-proxy err: previous terminated container \&#34;spire-proxy\&#34; in pod \&#34;spire-proxy\&#34; not found&#34;&#xA;time=&#34;2021-06-08T20:30:31-07:00&#34; level=warning msg=&#34;Can not get logs for container: spire-proxy, Error: previous terminated container \&#34;spire-proxy\&#34; in pod \&#34;spire-proxy\&#34; not found&#34;&#xA;time=&#34;2021-06-08T20:30:32-07:00&#34; level=error msg=&#34;Failed to get logs from nsc err: previous terminated container \&#34;nsm-init\&#34; in pod \&#34;nsc\&#34; not found&#34;&#xA;time=&#34;2021-06-08T20:30:32-07:00&#34; level=warning msg=&#34;Can not get logs for container: nsm-init, Error: previous terminated container \&#34;nsm-init\&#34; in pod \&#34;nsc\&#34; not found&#34;&#xA;time=&#34;2021-06-08T20:30:32-07:00&#34; level=error msg=&#34;Failed to get logs from nsmgr-kind-1-worker err: previous terminated container \&#34;nsmdp\&#34; in pod \&#34;nsmgr-kind-1-worker\&#34; not found&#34;&#xA;time=&#34;2021-06-08T20:30:32-07:00&#34; level=warning msg=&#34;Can not get logs for container: nsmdp, Error: previous terminated container \&#34;nsmdp\&#34; in pod \&#34;nsmgr-kind-1-worker\&#34; not found&#34;&#xA;time=&#34;2021-06-08T20:30:32-07:00&#34; level=info msg=&#34;artifacts: [0xc000b56040 0xc000cbc140 0xc000bcc1c0 0xc000bcc4c0 0xc000b561c0 0xc000b56200 0xc000b56240 0xc000b56000 0xc000b56140]&#34;&#xA;time=&#34;2021-06-08T20:30:32-07:00&#34; level=info msg=&#34;Deleting nsc&#34;&#xA;time=&#34;2021-06-08T20:30:32-07:00&#34; level=info msg=&#34;Deleting spire-proxy&#34;&#xA;time=&#34;2021-06-08T20:30:32-07:00&#34; level=info msg=&#34;Deleting prefix-service&#34;&#xA;time=&#34;2021-06-08T20:30:32-07:00&#34; level=info msg=&#34;Deleting nsmd-forwarder-kind-1-worker&#34;&#xA;time=&#34;2021-06-08T20:30:32-07:00&#34; level=info msg=&#34;Deleting nsmgr-kind-1-worker&#34;&#xA;time=&#34;2021-06-08T20:30:32-07:00&#34; level=info msg=&#34;Deleting jaeger&#34;&#xA;time=&#34;2021-06-08T20:30:32-07:00&#34; level=info msg=&#34;Deleting icmp-responder-nse&#34;&#xA;E0608 20:30:32.575865   37070 portforward.go:409] error closing listener: close tcp4 127.0.0.1:52704: use of closed network connection&#xA;E0608 20:30:32.575876   37070 portforward.go:409] error closing listener: close tcp6 [::1]:52704: use of closed network connection&#xA;I0608 20:30:33.763613   37070 request.go:621] Throttling request took 1.187810386s, request: DELETE:https://127.0.0.1:55081/api/v1/namespaces/nsm-system/pods/nsmd-forwarder-kind-1-worker&#xA;time=&#34;2021-06-08T20:30:34-07:00&#34; level=warning msg=&#34;The POD &#39;spire-proxy&#39; Deleted 2.388078727s&#34;&#xA;time=&#34;2021-06-08T20:30:35-07:00&#34; level=warning msg=&#34;The POD &#39;nsc&#39; Deleted 2.593730046s&#34;&#xA;time=&#34;2021-06-08T20:30:35-07:00&#34; level=warning msg=&#34;The POD &#39;prefix-service&#39; Deleted 2.794556316s&#34;&#xA;time=&#34;2021-06-08T20:30:35-07:00&#34; level=warning msg=&#34;The POD &#39;nsmd-forwarder-kind-1-worker&#39; Deleted 2.991280167s&#34;&#xA;time=&#34;2021-06-08T20:30:35-07:00&#34; level=warning msg=&#34;The POD &#39;icmp-responder-nse&#39; Deleted 3.392545884s&#34;&#xA;time=&#34;2021-06-08T20:30:50-07:00&#34; level=info msg=&#34;The POD nsmgr-kind-1-worker force deleted&#34;&#xA;time=&#34;2021-06-08T20:30:50-07:00&#34; level=warning msg=&#34;The POD &#39;nsmgr-kind-1-worker&#39; Deleted 17.593079029s&#34;&#xA;time=&#34;2021-06-08T20:30:50-07:00&#34; level=info msg=&#34;The POD jaeger force deleted&#34;&#xA;time=&#34;2021-06-08T20:30:50-07:00&#34; level=warning msg=&#34;The POD &#39;jaeger&#39; Deleted 17.991861389s&#34;&#xA;time=&#34;2021-06-08T20:30:50-07:00&#34; level=info msg=&#34;namespace nsm-system is deleted&#34;&#xA;time=&#34;2021-06-08T20:30:50-07:00&#34; level=info msg=&#34;Cleanup time: 18.198968836s&#34;&#xA;--- FAIL: TestBasicDns (257.66s)&#xA;FAIL&#xA;FAIL&#x9;github.com/networkservicemesh/networkservicemesh/test/integration&#x9;258.104s&#xA;FAIL&#xA;TestBasicDns: OnFail: running on fail script operations with KUBECONFIG=/Users/nispatil/go/src/github.com/cisco-app-networking/nsm_publish/networkservicemesh/.tests/cloud_test/single-cluster/shell/kind-1/config on cloud kind-1&#xA;make -i k8s-deconfig helm-delete k8s-terminating-cleanup k8s-delete-nsm-namespaces || true&#xA;helm uninstall config --namespace nsm-system || true&#xA;WARNING: Kubernetes configuration file is group-readable. This is insecure. Location: /Users/nispatil/go/src/github.com/cisco-app-networking/nsm_publish/networkservicemesh/.tests/cloud_test/single-cluster/shell/kind-1/config&#xA;WARNING: Kubernetes configuration file is world-readable. This is insecure. Location: /Users/nispatil/go/src/github.com/cisco-app-networking/nsm_publish/networkservicemesh/.tests/cloud_test/single-cluster/shell/kind-1/config&#xA;Error: uninstall: Release not loaded: config: release: not found&#xA;./scripts/helm-nsm-uninstall.sh --nsm_namespace nsm-system --all&#xA;&#xA;Helm version detected: v3.3.4&#xA;Cleaning up NSM&#xA;xargs: illegal option -- -&#xA;usage: xargs [-0opt] [-E eofstr] [-I replstr [-R replacements] [-S replsize]]&#xA;[-J replstr] [-L number] [-n number [-x]] [-P maxprocs]&#xA;[-s size] [utility [argument ...]]&#xA;WARNING: Kubernetes configuration file is group-readable. This is insecure. Location: /Users/nispatil/go/src/github.com/cisco-app-networking/nsm_publish/networkservicemesh/.tests/cloud_test/single-cluster/shell/kind-1/config&#xA;WARNING: Kubernetes configuration file is world-readable. This is insecure. Location: /Users/nispatil/go/src/github.com/cisco-app-networking/nsm_publish/networkservicemesh/.tests/cloud_test/single-cluster/shell/kind-1/config&#xA;make[1]: [helm-delete] Error 1 (ignored)&#xA;xargs: illegal option -- -&#xA;usage: xargs [-0opt] [-E eofstr] [-I replstr [-R replacements] [-S replsize]]&#xA;[-J replstr] [-L number] [-n number [-x]] [-P maxprocs]&#xA;[-s size] [utility [argument ...]]&#xA;No resources found in nsm-system namespace.&#xA;make[1]: [k8s-terminating-cleanup] Error 1 (ignored)&#xA;Running delete-nsm-namespaces script&#xA;NSM_NAMESPACE=nsm-system&#xA;Checking ns: default&#xA;Checking ns: kube-node-lease&#xA;Checking ns: kube-public&#xA;Checking ns: kube-system&#xA;Checking ns: local-path-storage&#xA;Checking ns: nsm-system&#xA;Deleting ns: nsm-system&#xA;warning: Immediate deletion does not wait for confirmation that the running resource has been terminated. The resource may continue to run on the cluster indefinitely.&#xA;No resources found&#xA;namespace &#34;nsm-system&#34; deleted&#xA;Checking ns: spire&#xA;make k8s-config &amp;&amp; echo &#34;Cluster reset successfull&#34;&#xA;namespace/nsm-system created&#xA;helm --namespace nsm-system install config deployments/helm/nsm/charts/config&#xA;WARNING: Kubernetes configuration file is group-readable. This is insecure. Location: /Users/nispatil/go/src/github.com/cisco-app-networking/nsm_publish/networkservicemesh/.tests/cloud_test/single-cluster/shell/kind-1/config&#xA;WARNING: Kubernetes configuration file is world-readable. This is insecure. Location: /Users/nispatil/go/src/github.com/cisco-app-networking/nsm_publish/networkservicemesh/.tests/cloud_test/single-cluster/shell/kind-1/config&#xA;NAME: config&#xA;LAST DEPLOYED: Tue Jun  8 20:30:59 2021&#xA;NAMESPACE: nsm-system&#xA;STATUS: deployed&#xA;REVISION: 1&#xA;TEST SUITE: None&#xA;Cluster reset successfull</failure>
                  </testcase>
                  <testcase classname="" name="TestForwarderCrossConnectBasic" time="155.923676413" cluster_instance="kind-1">
                      <failure message="Test execution failed TestForwarderCrossConnectBasic" type="ERROR">Execution attempt: 0 Output file: .tests/cloud_test/single-cluster/kind-1/008-TestForwarderCrossConnectBasic-run.log&#xA;Starting TestForwarderCrossConnectBasic on kind-1&#xA;Command line go test . -test.timeout 10m0s -count 1 --run &#34;^(TestForwarderCrossConnectBasic)$\\z&#34; --tags &#34;basic&#34; --test.v&#xA;env==[KUBECONFIG=/Users/nispatil/go/src/github.com/cisco-app-networking/nsm_publish/networkservicemesh/.tests/cloud_test/single-cluster/shell/kind-1/config ARTIFACTS_DIR=/Users/nispatil/go/src/github.com/cisco-app-networking/nsm_publish/networkservicemesh/.tests/cloud_test/single-cluster/kind-1/TestForwarderCrossConnectBasic]&#xA;&#xA;=== RUN   TestForwarderCrossConnectBasic&#xA;time=&#34;2021-06-08T19:19:11-07:00&#34; level=info msg=&#34;Using Kubeconfig: /Users/nispatil/go/src/github.com/cisco-app-networking/nsm_publish/networkservicemesh/.tests/cloud_test/single-cluster/shell/kind-1/config&#34;&#xA;time=&#34;2021-06-08T19:19:11-07:00&#34; level=info msg=&#34;FORWARDING_PLANE not set, using default forwarder - vpp&#34;&#xA;time=&#34;2021-06-08T19:19:11-07:00&#34; level=info msg=&#34;Creating artifact manager with config: &amp;{4 false /Users/nispatil/go/src/github.com/cisco-app-networking/nsm_publish/networkservicemesh/.tests/cloud_test/single-cluster/kind-1/TestForwarderCrossConnectBasic}&#34;&#xA;time=&#34;2021-06-08T19:19:11-07:00&#34; level=error msg=&#34;Error during create of test namespace failed to create a namespace: namespaces \&#34;nsm-system\&#34; already exists&#34;&#xA;time=&#34;2021-06-08T19:19:11-07:00&#34; level=info msg=&#34;Checking availability of API server on 127.0.0.1&#34;&#xA;time=&#34;2021-06-08T19:19:15-07:00&#34; level=info msg=&#34;PING 127.0.0.1 (127.0.0.1): 56 data bytes\n64 bytes from 127.0.0.1: icmp_seq=0 ttl=64 time=0.040 ms\n64 bytes from 127.0.0.1: icmp_seq=1 ttl=64 time=0.193 ms\n64 bytes from 127.0.0.1: icmp_seq=2 ttl=64 time=0.131 ms\n64 bytes from 127.0.0.1: icmp_seq=3 ttl=64 time=0.162 ms\n64 bytes from 127.0.0.1: icmp_seq=4 ttl=64 time=0.167 ms\n\n--- 127.0.0.1 ping statistics ---\n5 packets transmitted, 5 packets received, 0.0%!p(MISSING)acket loss\nround-trip min/avg/max/stddev = 0.040/0.139/0.193/0.053 ms\n&#34;&#xA;time=&#34;2021-06-08T19:19:15-07:00&#34; level=info msg=&#34;USE_IPV6 not set, using default false&#34;&#xA;time=&#34;2021-06-08T19:19:15-07:00&#34; level=error msg=&#34;serviceaccounts \&#34;nsc-acc\&#34; not found&#34;&#xA;time=&#34;2021-06-08T19:19:15-07:00&#34; level=error msg=&#34;serviceaccounts \&#34;nse-acc\&#34; not found&#34;&#xA;time=&#34;2021-06-08T19:19:15-07:00&#34; level=error msg=&#34;serviceaccounts \&#34;nsmgr-acc\&#34; not found&#34;&#xA;time=&#34;2021-06-08T19:19:15-07:00&#34; level=error msg=&#34;serviceaccounts \&#34;nsmrs-acc\&#34; not found&#34;&#xA;time=&#34;2021-06-08T19:19:15-07:00&#34; level=error msg=&#34;serviceaccounts \&#34;forward-plane-acc\&#34; not found&#34;&#xA;time=&#34;2021-06-08T19:19:15-07:00&#34; level=error msg=&#34;serviceaccounts \&#34;crossconnect-monitor-acc\&#34; not found&#34;&#xA;time=&#34;2021-06-08T19:19:16-07:00&#34; level=error msg=&#34;serviceaccounts \&#34;proxy-nsmgr-acc\&#34; not found&#34;&#xA;time=&#34;2021-06-08T19:19:16-07:00&#34; level=info msg=&#34;Cleanup done: 845.415514ms&#34;&#xA;time=&#34;2021-06-08T19:19:16-07:00&#34; level=info msg=&#34;&amp;ServiceAccount{ObjectMeta:{default  nsm-system /api/v1/namespaces/nsm-system/serviceaccounts/default aaa7a7f2-69bf-4309-a32f-9b130f562b14 2424 0 2021-06-08 19:19:03 -0700 PDT &lt;nil&gt; &lt;nil&gt; map[] map[] [] []  []},Secrets:[]ObjectReference{ObjectReference{Kind:,Namespace:,Name:default-token-hsfm8,UID:,APIVersion:,ResourceVersion:,FieldPath:,},},ImagePullSecrets:[]LocalObjectReference{},AutomountServiceAccountToken:nil,}&#34;&#xA;I0608 19:19:17.393458   22332 request.go:621] Throttling request took 1.155419401s, request: POST:https://127.0.0.1:55081/api/v1/namespaces/nsm-system/serviceaccounts&#xA;time=&#34;2021-06-08T19:19:17-07:00&#34; level=info msg=&#34;&amp;ServiceAccount{ObjectMeta:{nse-acc  nsm-system /api/v1/namespaces/nsm-system/serviceaccounts/nse-acc 8e68560a-c9b6-4ec3-9ae6-368aa27f0d81 2487 0 2021-06-08 19:19:16 -0700 PDT &lt;nil&gt; &lt;nil&gt; map[] map[] [] []  []},Secrets:[]ObjectReference{ObjectReference{Kind:,Namespace:,Name:nse-acc-token-96wj2,UID:,APIVersion:,ResourceVersion:,FieldPath:,},},ImagePullSecrets:[]LocalObjectReference{},AutomountServiceAccountToken:nil,}&#34;&#xA;time=&#34;2021-06-08T19:19:18-07:00&#34; level=info msg=&#34;&amp;ServiceAccount{ObjectMeta:{nsmgr-acc  nsm-system /api/v1/namespaces/nsm-system/serviceaccounts/nsmgr-acc 401ca336-0170-4817-8954-eb41ce85507c 2490 0 2021-06-08 19:19:16 -0700 PDT &lt;nil&gt; &lt;nil&gt; map[] map[] [] []  []},Secrets:[]ObjectReference{ObjectReference{Kind:,Namespace:,Name:nsmgr-acc-token-zwqfq,UID:,APIVersion:,ResourceVersion:,FieldPath:,},},ImagePullSecrets:[]LocalObjectReference{},AutomountServiceAccountToken:nil,}&#34;&#xA;time=&#34;2021-06-08T19:19:18-07:00&#34; level=info msg=&#34;&amp;ServiceAccount{ObjectMeta:{nsc-acc  nsm-system /api/v1/namespaces/nsm-system/serviceaccounts/nsc-acc 077fc31e-1c6b-4c70-9050-778698ea5191 2494 0 2021-06-08 19:19:17 -0700 PDT &lt;nil&gt; &lt;nil&gt; map[] map[] [] []  []},Secrets:[]ObjectReference{ObjectReference{Kind:,Namespace:,Name:nsc-acc-token-v2zmg,UID:,APIVersion:,ResourceVersion:,FieldPath:,},},ImagePullSecrets:[]LocalObjectReference{},AutomountServiceAccountToken:nil,}&#34;&#xA;time=&#34;2021-06-08T19:19:18-07:00&#34; level=info msg=&#34;&amp;ServiceAccount{ObjectMeta:{forward-plane-acc  nsm-system /api/v1/namespaces/nsm-system/serviceaccounts/forward-plane-acc 843dc65e-62bf-48c9-832c-fec5f5316b36 2497 0 2021-06-08 19:19:17 -0700 PDT &lt;nil&gt; &lt;nil&gt; map[] map[] [] []  []},Secrets:[]ObjectReference{ObjectReference{Kind:,Namespace:,Name:forward-plane-acc-token-w8tk5,UID:,APIVersion:,ResourceVersion:,FieldPath:,},},ImagePullSecrets:[]LocalObjectReference{},AutomountServiceAccountToken:nil,}&#34;&#xA;time=&#34;2021-06-08T19:19:18-07:00&#34; level=info msg=&#34;&amp;ServiceAccount{ObjectMeta:{nsmrs-acc  nsm-system /api/v1/namespaces/nsm-system/serviceaccounts/nsmrs-acc 0478ac6e-524b-4d96-a517-efd8b08b7853 2500 0 2021-06-08 19:19:17 -0700 PDT &lt;nil&gt; &lt;nil&gt; map[] map[] [] []  []},Secrets:[]ObjectReference{ObjectReference{Kind:,Namespace:,Name:nsmrs-acc-token-xkbcw,UID:,APIVersion:,ResourceVersion:,FieldPath:,},},ImagePullSecrets:[]LocalObjectReference{},AutomountServiceAccountToken:nil,}&#34;&#xA;time=&#34;2021-06-08T19:19:19-07:00&#34; level=info msg=&#34;&amp;ServiceAccount{ObjectMeta:{proxy-nsmgr-acc  nsm-system /api/v1/namespaces/nsm-system/serviceaccounts/proxy-nsmgr-acc a27edfd2-3779-4bba-9fb4-e62f998574f5 2503 0 2021-06-08 19:19:17 -0700 PDT &lt;nil&gt; &lt;nil&gt; map[] map[] [] []  []},Secrets:[]ObjectReference{ObjectReference{Kind:,Namespace:,Name:proxy-nsmgr-acc-token-m7hzk,UID:,APIVersion:,ResourceVersion:,FieldPath:,},},ImagePullSecrets:[]LocalObjectReference{},AutomountServiceAccountToken:nil,}&#34;&#xA;time=&#34;2021-06-08T19:19:19-07:00&#34; level=info msg=&#34;&amp;ServiceAccount{ObjectMeta:{crossconnect-monitor-acc  nsm-system /api/v1/namespaces/nsm-system/serviceaccounts/crossconnect-monitor-acc 688312f4-ebfb-4888-abb9-3e201d7cd0a8 2506 0 2021-06-08 19:19:17 -0700 PDT &lt;nil&gt; &lt;nil&gt; map[] map[] [] []  []},Secrets:[]ObjectReference{ObjectReference{Kind:,Namespace:,Name:crossconnect-monitor-acc-token-kphp5,UID:,APIVersion:,ResourceVersion:,FieldPath:,},},ImagePullSecrets:[]LocalObjectReference{},AutomountServiceAccountToken:nil,}&#34;&#xA;time=&#34;2021-06-08T19:19:19-07:00&#34; level=info msg=&#34;Creating ConfigMap &#39;nsm-config&#39; in namespace&#39;nsm-system&#39;...&#34;&#xA;time=&#34;2021-06-08T19:19:19-07:00&#34; level=info msg=&#34;Using image: containers.cisco.com/appn/prefix-service:vl3_latest&#34;&#xA;time=&#34;2021-06-08T19:19:19-07:00&#34; level=info msg=&#34;Using image: containers.cisco.com/appn/test-common:vl3_latest&#34;&#xA;time=&#34;2021-06-08T19:19:19-07:00&#34; level=info msg=&#34;role is created: &amp;ClusterRole{ObjectMeta:{aggregate-network-services-view  nsm-system    0 0001-01-01 00:00:00 +0000 UTC &lt;nil&gt; &lt;nil&gt; map[rbac.authorization.k8s.io/aggregate-to-view:true] map[] [] []  []},Rules:[]PolicyRule{PolicyRule{Verbs:[get list watch],APIGroups:[networkservicemesh.io],Resources:[networkservices],ResourceNames:[],NonResourceURLs:[],},},AggregationRule:nil,}&#34;&#xA;time=&#34;2021-06-08T19:19:19-07:00&#34; level=info msg=&#34;role is created: &amp;ClusterRole{ObjectMeta:{nsm-role  nsm-system    0 0001-01-01 00:00:00 +0000 UTC &lt;nil&gt; &lt;nil&gt; map[rbac.authorization.k8s.io/aggregate-to-admin:true rbac.authorization.k8s.io/aggregate-to-edit:true] map[] [] []  []},Rules:[]PolicyRule{PolicyRule{Verbs:[*],APIGroups:[networkservicemesh.io],Resources:[networkservices networkserviceendpoints networkservicemanagers],ResourceNames:[],NonResourceURLs:[],},PolicyRule{Verbs:[*],APIGroups:[apiextensions.k8s.io],Resources:[customresourcedefinitions],ResourceNames:[],NonResourceURLs:[],},PolicyRule{Verbs:[get update],APIGroups:[],Resources:[configmaps],ResourceNames:[],NonResourceURLs:[],},PolicyRule{Verbs:[get list watch],APIGroups:[],Resources:[nodes services namespaces],ResourceNames:[],NonResourceURLs:[],},},AggregationRule:nil,}&#34;&#xA;time=&#34;2021-06-08T19:19:19-07:00&#34; level=info msg=&#34;role is created: &amp;ClusterRoleBinding{ObjectMeta:{nsm-role-binding      0 0001-01-01 00:00:00 +0000 UTC &lt;nil&gt; &lt;nil&gt; map[] map[] [] []  []},Subjects:[]Subject{Subject{Kind:ServiceAccount,APIGroup:,Name:nsmgr-acc,Namespace:nsm-system,},Subject{Kind:ServiceAccount,APIGroup:,Name:proxy-nsmgr-acc,Namespace:nsm-system,},Subject{Kind:ServiceAccount,APIGroup:,Name:crossconnect-monitor-acc,Namespace:nsm-system,},},RoleRef:RoleRef{APIGroup:rbac.authorization.k8s.io,Kind:ClusterRole,Name:nsm-role,},}&#34;&#xA;time=&#34;2021-06-08T19:19:22-07:00&#34; level=info msg=&#34;Trying to establish connection with the spire provider at address:tcp://127.0.0.1:50466&#34;&#xA;time=&#34;2021-06-08T19:19:22-07:00&#34; level=info msg=&#34;Created the todo context:tcp://127.0.0.1:50466&#34;&#xA;time=&#34;2021-06-08T19:19:22-07:00&#34; level=info msg=&#34;Got x509:&amp;{0xc0007fea20 &lt;nil&gt; {{0 0} 0 0 0 0} 0xc00063a8c0 0xc000110fa0 {{0 0} 0 0 0 0} false} &lt;nil&gt;&#34;&#xA;time=&#34;2021-06-08T19:19:22-07:00&#34; level=info msg=&#34;Started goroutine&#34;&#xA;time=&#34;2021-06-08T19:19:22-07:00&#34; level=info msg=&#34;Returning provider&#34;&#xA;time=&#34;2021-06-08T19:19:22-07:00&#34; level=info msg=&#34;Issued identity:spiffe://test.com/nsmgr&#34;&#xA;time=&#34;2021-06-08T19:19:23-07:00&#34; level=info msg=&#34;Checking node: kind-1-control-plane&#34;&#xA;time=&#34;2021-06-08T19:19:23-07:00&#34; level=info msg=&#34;Checking node: kind-1-worker&#34;&#xA;time=&#34;2021-06-08T19:19:23-07:00&#34; level=info msg=&#34;Checking node: kind-1-worker2&#34;&#xA;time=&#34;2021-06-08T19:19:23-07:00&#34; level=info msg=&#34;Using image: containers.cisco.com/appn/vppagent-forwarder:vl3_latest&#34;&#xA;time=&#34;2021-06-08T19:19:24-07:00&#34; level=info msg=&#34;getting logs without container vppagent-forwarder=none&#34;&#xA;time=&#34;2021-06-08T19:19:25-07:00&#34; level=info msg=&#34;Using image: alpine:latest&#34;&#xA;time=&#34;2021-06-08T19:19:29-07:00&#34; level=info msg=&#34;Using image: alpine:latest&#34;&#xA;time=&#34;2021-06-08T19:19:31-07:00&#34; level=info msg=&#34;Forwarded port: pod=nsmd-forwarder-kind-1-worker, remote=9500 local=50477\n&#34;&#xA;time=&#34;2021-06-08T19:19:31-07:00&#34; level=info msg=&#34;Trying to establish connection to target: localhost:50477&#34;&#xA;time=&#34;2021-06-08T19:19:31-07:00&#34; level=info msg=&#34;func insecure: false, env insecure: false&#34;&#xA;time=&#34;2021-06-08T19:19:31-07:00&#34; level=info msg=&#34;Connecting to the workload api at:tcp://127.0.0.1:50466&#34;&#xA;time=&#34;2021-06-08T19:19:31-07:00&#34; level=info msg=&#34;Successfully retrieve bundles:&amp;{{{0 0} 0 0 0 0} map[{test.com}:0xc0007c63c0]}&#34;&#xA;time=&#34;2021-06-08T19:19:31-07:00&#34; level=info msg=&#34;defaultTrustDomain:test.com&#34;&#xA;time=&#34;2021-06-08T19:19:31-07:00&#34; level=info msg=&#34;AUTHORIZING ALL CLIENTS&#34;&#xA;time=&#34;2021-06-08T19:19:31-07:00&#34; level=info msg=&#34;Fetch tlsConfig for Trust Domain: test.com&#34;&#xA;time=&#34;2021-06-08T19:19:31-07:00&#34; level=info msg=&#34;Found 1 tlsconfigs.&#34;&#xA;time=&#34;2021-06-08T19:19:31-07:00&#34; level=info msg=&#34;Found the right tls certificate:&amp;{&lt;nil&gt; &lt;nil&gt; [] map[] &lt;nil&gt; 0x1a28f80 &lt;nil&gt; 0x1a29000 &lt;nil&gt; &lt;nil&gt; []  NoClientCert &lt;nil&gt; true [] false false [0 0 0 0 0 0 0 0 0 0 0 0 0 0 0 0 0 0 0 0 0 0 0 0 0 0 0 0 0 0 0 0] &lt;nil&gt; 0 0 [] false 0 &lt;nil&gt; {{0 0} 0 0 0 0} [] []}&#34;&#xA;time=&#34;2021-06-08T19:19:31-07:00&#34; level=info msg=&#34;Trying to establish connection using tlsConfig:&amp;{&lt;nil&gt; &lt;nil&gt; [] map[] &lt;nil&gt; 0x1a28f80 &lt;nil&gt; 0x1a29000 &lt;nil&gt; &lt;nil&gt; []  NoClientCert &lt;nil&gt; true [] false false [0 0 0 0 0 0 0 0 0 0 0 0 0 0 0 0 0 0 0 0 0 0 0 0 0 0 0 0 0 0 0 0] &lt;nil&gt; 0 0 [] false 0 &lt;nil&gt; {{0 0} 0 0 0 0} [] []}&#34;&#xA;E0608 19:19:31.872045   22332 portforward.go:385] error copying from local connection to remote stream: read tcp6 [::1]:50477-&gt;[::1]:50480: read: connection reset by peer&#xA;time=&#34;2021-06-08T19:19:31-07:00&#34; level=info msg=&#34;Executing: [readlink /proc/self/ns/net] in pod source-pod-kind-1-worker:alpine-img&#34;&#xA;time=&#34;2021-06-08T19:19:31-07:00&#34; level=info msg=&#34;Executing: [readlink /proc/self/ns/net] in pod dest-pod-kind-1-worker:alpine-img&#34;&#xA;basic_forwarder_standalone_test.go:201:&#xA;Expected&#xA;&lt;*status.Error | 0xc0006ee068&gt;: {&#xA;e: {&#xA;state: {&#xA;NoUnkeyedLiterals: {},&#xA;DoNotCompare: [],&#xA;DoNotCopy: [],&#xA;atomicMessageInfo: {&#xA;GoReflectType: {size: 0x8, ptrdata: 0x8, hash: 2058361438, tflag: 9, align: 8, fieldAlign: 8, kind: 54, equal: 0x10051e0, gcdata: 1, str: 110736, ptrToThis: 0},&#xA;Desc: {&#xA;Base: {&#xA;L0: {&#xA;FullName: &#34;google.rpc.Status&#34;,&#xA;ParentFile: {&#xA;fileRaw: {&#xA;builder: {GoPackagePath: ..., RawDescriptor: ..., NumEnums: ..., NumMessages: ..., NumExtensions: ..., NumServices: ..., TypeResolver: ..., FileRegistry: ...},&#xA;allEnums: [],&#xA;allMessages: [...],&#xA;allExtensions: [],&#xA;allServices: [],&#xA;},&#xA;L1: {&#xA;Syntax: 3,&#xA;Path: &#34;google/rpc/status.proto&#34;,&#xA;Package: &#34;google.rpc&#34;,&#xA;Enums: {List: ..., once: ..., byName: ...},&#xA;Messages: {List: ..., once: ..., byName: ...},&#xA;Extensions: {List: ..., once: ..., byName: ...},&#xA;Services: {List: ..., once: ..., byName: ...},&#xA;},&#xA;once: 1,&#xA;mu: {state: 0, sema: 0},&#xA;L2: {&#xA;Options: 0x18d14e0,&#xA;Imports: [...],&#xA;Locations: {List: ...},&#xA;},&#xA;},&#xA;Parent: {&#xA;fileRaw: {&#xA;builder: {GoPackagePath: ..., RawDescriptor: ..., NumEnums: ..., NumMessages: ..., NumExtensions: ..., NumServices: ..., TypeResolver: ..., FileRegistry: ...},&#xA;allEnums: [],&#xA;allMessages: [...],&#xA;allExtensions: [],&#xA;allServices: [],&#xA;},&#xA;L1: {&#xA;Syntax: 3,&#xA;Path: &#34;google/rpc/status.proto&#34;,&#xA;Package: &#34;google.rpc&#34;,&#xA;Enums: {List: ..., once: ..., byName: ...},&#xA;Messages: {List: ..., once: ..., byName: ...},&#xA;Extensions: {List: ..., once: ..., byName: ...},&#xA;Services: {List: ..., once: ..., byName: ...},&#xA;},&#xA;once: 1,&#xA;mu: {state: 0, sema: 0},&#xA;L2: {&#xA;Options: 0x18d14e0,&#xA;Imports: [...],&#xA;Locations: {List: ...},&#xA;},&#xA;},&#xA;Index: 0,&#xA;},&#xA;},&#xA;L1: {&#xA;Enums: {&#xA;List: nil,&#xA;once: {&#xA;done: 0,&#xA;m: {state: 0, sema: 0},&#xA;},&#xA;byName: nil,&#xA;},&#xA;Messages: {&#xA;List: nil,&#xA;once: {&#xA;done: 0,&#xA;m: {state: 0, sema: 0},&#xA;},&#xA;byName: nil,&#xA;},&#xA;Extensions: {&#xA;List: nil,&#xA;once: {&#xA;done: 0,&#xA;m: {state: 0, sema: 0},&#xA;},&#xA;byName: nil,&#xA;},&#xA;IsMapEntry: false,&#xA;IsMessageSet: false,&#xA;},&#xA;L2: {&#xA;Options: nil,&#xA;Fields: {&#xA;List: [&#xA;{&#xA;Base: {L0: ...},&#xA;L1: {&#xA;Options: ...,&#xA;Number: ...,&#xA;Cardinality: ...,&#xA;Kind: ...,&#xA;JSONName: ...,&#xA;IsProto3Optional: ...,&#xA;IsWeak: ...,&#xA;HasPacked: ...,&#xA;IsPacked: ...,&#xA;HasEnforceUTF8: ...,&#xA;EnforceUTF8: ...,&#xA;Default: ...,&#xA;ContainingOneof: ...,&#xA;Enum: ...,&#xA;Message: ...,&#xA;},&#xA;},&#xA;{&#xA;Base: {L0: ...},&#xA;L1: {&#xA;Options: ...,&#xA;Number: ...,&#xA;Cardinality: ...,&#xA;Kind: ...,&#xA;JSONName: ...,&#xA;IsProto3Optional: ...,&#xA;IsWeak: ...,&#xA;HasPacked: ...,&#xA;IsPacked: ...,&#xA;HasEnforceUTF8: ...,&#xA;EnforceUTF8: ...,&#xA;Default: ...,&#xA;ContainingOneof: ...,&#xA;Enum: ...,&#xA;Message: ...,&#xA;},&#xA;},&#xA;{&#xA;Base: {L0: ...},&#xA;L1: {&#xA;Options: ...,&#xA;Number: ...,&#xA;Cardinality: ...,&#xA;Kind: ...,&#xA;JSONName: ...,&#xA;IsProto3Optional: ...,&#xA;IsWeak: ...,&#xA;HasPacked: ...,&#xA;IsPacked: ...,&#xA;HasEnforceUTF8: ...,&#xA;EnforceUTF8: ...,&#xA;Default: ...,&#xA;ContainingOneof: ...,&#xA;Enum: ...,&#xA;Message: ...,&#xA;},&#xA;},&#xA;],&#xA;once: {&#xA;done: 0,&#xA;m: {state: 0, sema: 0},&#xA;},&#xA;byName: nil,&#xA;byJSON: nil,&#xA;byNum: nil,&#xA;},&#xA;Oneofs: {&#xA;List: [],&#xA;once: {&#xA;done: 0,&#xA;m: {state: 0, sema: 0},&#xA;},&#xA;byName: nil,&#xA;},&#xA;ReservedNames: {&#xA;List: nil,&#xA;once: {&#xA;done: 0,&#xA;m: {state: 0, sema: 0},&#xA;},&#xA;has: nil,&#xA;},&#xA;ReservedRanges: {&#xA;List: nil,&#xA;once: {&#xA;done: 0,&#xA;m: {state: 0, sema: 0},&#xA;},&#xA;sorted: nil,&#xA;},&#xA;RequiredNumbers: {&#xA;List: nil,&#xA;once: {&#xA;done: 0,&#xA;m: {state: 0, sema: 0},&#xA;},&#xA;has: nil,&#xA;},&#xA;ExtensionRanges: {&#xA;List: nil,&#xA;once: {&#xA;done: 0,&#xA;m: {state: 0, sema: 0},&#xA;},&#xA;sorted: nil,&#xA;},&#xA;ExtensionRangeOptions: nil,&#xA;},&#xA;},&#xA;Exporter: nil,&#xA;OneofWrappers: nil,&#xA;initMu: {state: 0, sema: 0},&#xA;initDone: 1,&#xA;reflectMessageInfo: {&#xA;fields: {&#xA;1: {&#xA;fieldDesc: {&#xA;Base: {&#xA;L0: {FullName: ..., ParentFile: ..., Parent: ..., Index: ...},&#xA;},&#xA;L1: {&#xA;Options: nil,&#xA;Number: 1,&#xA;Cardinality: 1,&#xA;Kind: 5,&#xA;JSONName: {has: ..., once: ..., name: ...},&#xA;IsProto3Optional: false,&#xA;IsWeak: false,&#xA;HasPacked: false,&#xA;IsPacked: false,&#xA;HasEnforceUTF8: false,&#xA;EnforceUTF8: false,&#xA;Default: {has: ..., val: ..., enum: ..., bytes: ...},&#xA;ContainingOneof: nil,&#xA;Enum: nil,&#xA;Message: nil,&#xA;},&#xA;},&#xA;has: 0x1936d20,&#xA;clear: 0x1937160,&#xA;get: 0x19372a0,&#xA;set: 0x1937520,&#xA;mutable: nil,&#xA;newMessage: nil,&#xA;newField: 0x19378c0,&#xA;},&#xA;2: {&#xA;fieldDesc: {&#xA;Base: {&#xA;L0: {FullName: ..., ParentFile: ..., Parent: ..., Index: ...},&#xA;},&#xA;L1: {&#xA;Options: nil,&#xA;Number: 2,&#xA;Cardinality: 1,&#xA;Kind: 9,&#xA;JSONName: {has: ..., once: ..., name: ...},&#xA;IsProto3Optional: false,&#xA;IsWeak: false,&#xA;HasPacked: false,&#xA;IsPacked: false,&#xA;HasEnforceUTF8: false,&#xA;EnforceUTF8: false,&#xA;Default: {has: ..., val: ..., enum: ..., bytes: ...},&#xA;ContainingOneof: nil,&#xA;Enum: nil,&#xA;Message: nil,&#xA;},&#xA;},&#xA;has: 0x1936d20,&#xA;clear: 0x1937160,&#xA;get: 0x19372a0,&#xA;set: 0x1937520,&#xA;mutable: nil,&#xA;newMessage: nil,&#xA;newField: 0x19378c0,&#xA;},&#xA;3: {&#xA;fieldDesc: {&#xA;Base: {&#xA;L0: {FullName: ..., ParentFile: ..., Parent: ..., Index: ...},&#xA;},&#xA;L1: {&#xA;Options: nil,&#xA;Number: 3,&#xA;Cardinality: 3,&#xA;Kind: 11,&#xA;JSONName: {has: ..., once: ..., name: ...},&#xA;IsProto3Optional: false,&#xA;IsWeak: false,&#xA;HasPacked: false,&#xA;IsPacked: false,&#xA;HasEnforceUTF8: false,&#xA;EnforceUTF8: false,&#xA;Default: {has: ..., val: ..., enum: ..., bytes: ...},&#xA;ContainingOneof: nil,&#xA;Enum: nil,&#xA;Message: {Base: ..., L1: ..., L2: ...},&#xA;},&#xA;},&#xA;has: 0x1936500,&#xA;clear: 0x19365c0,&#xA;get: 0x1936700,&#xA;set: 0x19368c0,&#xA;mutable: 0x1936bc0,&#xA;newMessage: nil,&#xA;newField: 0x1936cc0,&#xA;},&#xA;},&#xA;oneofs: {},&#xA;denseFields: [&#xA;nil,&#xA;{&#xA;fieldDesc: {&#xA;Base: {&#xA;L0: {FullName: ..., ParentFile: ..., Parent: ..., Index: ...},&#xA;},&#xA;L1: {&#xA;Options: nil,&#xA;Number: 1,&#xA;Cardinality: 1,&#xA;Kind: 5,&#xA;JSONName: {has: ..., once: ..., name: ...},&#xA;IsProto3Optional: false,&#xA;IsWeak: false,&#xA;HasPacked: false,&#xA;IsPacked: false,&#xA;HasEnforceUTF8: false,&#xA;EnforceUTF8: false,&#xA;Default: {has: ..., val: ..., enum: ..., bytes: ...},&#xA;ContainingOneof: nil,&#xA;Enum: nil,&#xA;Message: nil,&#xA;},&#xA;},&#xA;has: 0x1936d20,&#xA;clear: 0x1937160,&#xA;get: 0x19372a0,&#xA;set: 0x1937520,&#xA;mutable: nil,&#xA;newMessage: nil,&#xA;newField: 0x19378c0,&#xA;},&#xA;{&#xA;fieldDesc: {&#xA;Base: {&#xA;L0: {FullName: ..., ParentFile: ..., Parent: ..., Index: ...},&#xA;},&#xA;L1: {&#xA;Options: nil,&#xA;Number: 2,&#xA;Cardinality: 1,&#xA;Kind: 9,&#xA;JSONName: {has: ..., once: ..., name: ...},&#xA;IsProto3Optional: false,&#xA;IsWeak: false,&#xA;HasPacked: false,&#xA;IsPacked: false,&#xA;HasEnforceUTF8: false,&#xA;EnforceUTF8: false,&#xA;Default: {has: ..., val: ..., enum: ..., bytes: ...},&#xA;ContainingOneof: nil,&#xA;Enum: nil,&#xA;Message: nil,&#xA;},&#xA;},&#xA;has: 0x1936d20,&#xA;clear: 0x1937160,&#xA;get: 0x19372a0,&#xA;set: 0x1937520,&#xA;mutable: nil,&#xA;newMessage: nil,&#xA;newField: 0x19378c0,&#xA;},&#xA;{&#xA;fieldDesc: {&#xA;Base: {&#xA;L0: {FullName: ..., ParentFile: ..., Parent: ..., Index: ...},&#xA;},&#xA;L1: {&#xA;Options: nil,&#xA;Number: 3,&#xA;Cardinality: 3,&#xA;Kind: 11,&#xA;JSONName: {has: ..., once: ..., name: ...},&#xA;IsProto3Optional: false,&#xA;IsWeak: false,&#xA;HasPacked: false,&#xA;IsPacked: false,&#xA;HasEnforceUTF8: false,&#xA;EnforceUTF8: false,&#xA;Default: {has: ..., val: ..., enum: ..., bytes: ...},&#xA;ContainingOneof: nil,&#xA;Enum: nil,&#xA;Message: {Base: ..., L1: ..., L2: ...},&#xA;},&#xA;},&#xA;has: 0x1936500,&#xA;clear: 0x19365c0,&#xA;get: 0x1936700,&#xA;set: 0x19368c0,&#xA;mutable: 0x1936bc0,&#xA;newMessage: nil,&#xA;newField: 0x1936cc0,&#xA;},&#xA;nil,&#xA;nil,&#xA;],&#xA;rangeInfos: [&#xA;{&#xA;fieldDesc: {&#xA;Base: {&#xA;L0: {FullName: ..., ParentFile: ..., Parent: ..., Index: ...},&#xA;},&#xA;L1: {&#xA;Options: nil,&#xA;Number: 1,&#xA;Cardinality: 1,&#xA;Kind: 5,&#xA;JSONName: {has: ..., once: ..., name: ...},&#xA;IsProto3Optional: false,&#xA;IsWeak: false,&#xA;HasPacked: false,&#xA;IsPacked: false,&#xA;HasEnforceUTF8: false,&#xA;EnforceUTF8: false,&#xA;Default: {has: ..., val: ..., enum: ..., bytes: ...},&#xA;ContainingOneof: nil,&#xA;Enum: nil,&#xA;Message: nil,&#xA;},&#xA;},&#xA;has: 0x1936d20,&#xA;clear: 0x1937160,&#xA;get: 0x19372a0,&#xA;set: 0x1937520,&#xA;mutable: nil,&#xA;newMessage: nil,&#xA;newField: 0x19378c0,&#xA;},&#xA;{&#xA;fieldDesc: {&#xA;Base: {&#xA;L0: {FullName: ..., ParentFile: ..., Parent: ..., Index: ...},&#xA;},&#xA;L1: {&#xA;Options: nil,&#xA;Number: 2,&#xA;Cardinality: 1,&#xA;Kind: 9,&#xA;JSONName: {has: ..., once: ..., name: ...},&#xA;IsProto3Optional: false,&#xA;IsWeak: false,&#xA;HasPacked: false,&#xA;IsPacked: false,&#xA;HasEnforceUTF8: false,&#xA;EnforceUTF8: false,&#xA;Default: {has: ..., val: ..., enum: ..., bytes: ...},&#xA;ContainingOneof: nil,&#xA;Enum: nil,&#xA;Message: nil,&#xA;},&#xA;},&#xA;has: 0x1936d20,&#xA;clear: 0x1937160,&#xA;get: 0x19372a0,&#xA;set: 0x1937520,&#xA;mutable: nil,&#xA;newMessage: nil,&#xA;newField: 0x19378c0,&#xA;},&#xA;{&#xA;fieldDesc: {&#xA;Base: {&#xA;L0: {FullName: ..., ParentFile: ..., Parent: ..., Index: ...},&#xA;},&#xA;L1: {&#xA;Options: nil,&#xA;Number: 3,&#xA;Cardinality: 3,&#xA;Kind: 11,&#xA;JSONName: {has: ..., once: ..., name: ...},&#xA;IsProto3Optional: false,&#xA;IsWeak: false,&#xA;HasPacked: false,&#xA;IsPacked: false,&#xA;HasEnforceUTF8: false,&#xA;EnforceUTF8: false,&#xA;Default: {has: ..., val: ..., enum: ..., bytes: ...},&#xA;ContainingOneof: nil,&#xA;Enum: nil,&#xA;Message: {Base: ..., L1: ..., L2: ...},&#xA;},&#xA;},&#xA;has: 0x1936500,&#xA;clear: 0x19365c0,&#xA;get: 0x1936700,&#xA;set: 0x19368c0,&#xA;mutable: 0x1936bc0,&#xA;newMessage: nil,&#xA;newField: 0x1936cc0,&#xA;},&#xA;],&#xA;getUnknown: 0x1934080,&#xA;setUnknown: 0x1934180,&#xA;extensionMap: 0x1934400,&#xA;nilMessage: {&#xA;p: (unsafe.Pointer)(nil),&#xA;},&#xA;},&#xA;coderMessageInfo: {&#xA;methods: {&#xA;NoUnkeyedLiterals: {},&#xA;Flags: 3,&#xA;Size: 0x193ee80,&#xA;Marshal: 0x193edc0,&#xA;Unmarshal: 0x193ef00,&#xA;Merge: 0x193f020,&#xA;CheckInitialized: 0x193efa0,&#xA;},&#xA;orderedCoderFields: [&#xA;{&#xA;funcs: {mi: nil, size: 0x18e4f20, marshal: 0x18e4f80, unmarshal: 0x18e4d40, isInit: nil, merge: 0x1923f20},&#xA;mi: nil,&#xA;ft: {size: 0x4, ptrdata: 0x0, hash: 3148693762, tflag: 15, align: 4, fieldAlign: 4, kind: 5, equal: 0x10051c0, gcdata: 1, str: 18959, ptrToThis: 551488},&#xA;validation: {mi: nil, typ: 7, keyType: 0, valType: 0, requiredBit: 0},&#xA;num: 1,&#xA;offset: 0x28,&#xA;wiretag: 8,&#xA;tagsize: 1,&#xA;isPointer: false,&#xA;isRequired: false,&#xA;},&#xA;{&#xA;funcs: {mi: nil, size: 0x18ffe00, marshal: 0x1900040, unmarshal: 0x18ffba0, isInit: nil, merge: 0x1924aa0},&#xA;mi: nil,&#xA;ft: {size: 0x10, ptrdata: 0x8, hash: 3774831796, tflag: 7, align: 8, fieldAlign: 8, kind: 24, equal: 0x1005340, gcdata: 1, str: 25418, ptrToThis: 625920},&#xA;validation: {mi: nil, typ: 11, keyType: 0, valType: 0, requiredBit: 0},&#xA;num: 2,&#xA;offset: 0x30,&#xA;wiretag: 18,&#xA;tagsize: 1,&#xA;isPointer: false,&#xA;isRequired: false,&#xA;},&#xA;{&#xA;funcs: {mi: nil, size: 0x18dd9a0, marshal: 0x18dda80, unmarshal: 0x18ddc80, isInit: nil, merge: 0x1923640},&#xA;mi: {&#xA;GoReflectType: {size: 0x8, ptrdata: 0x8, hash: 1943536767, tflag: 9, align: 8, fieldAlign: 8, kind: 54, equal: 0x10051e0, gcdata: 1, str: 54876, ptrToThis: 0},&#xA;Desc: {&#xA;Base: {L0: ...},&#xA;L1: {Enums: ..., Messages: ..., Extensions: ..., IsMapEntry: ..., IsMessageSet: ...},&#xA;L2: {&#xA;Options: ...,&#xA;Fields: ...,&#xA;Oneofs: ...,&#xA;ReservedNames: ...,&#xA;ReservedRanges: ...,&#xA;RequiredNumbers: ...,&#xA;ExtensionRanges: ...,&#xA;ExtensionRangeOptions: ...,&#xA;},&#xA;},&#xA;Exporter: nil,&#xA;OneofWrappers: nil,&#xA;initMu: {state: 0, sema: 0},&#xA;initDone: 0,&#xA;reflectMessageInfo: {fields: nil, oneofs: nil, denseFields: nil, rangeInfos: nil, getUnknown: nil, setUnknown: nil, extensionMap: nil, nilMessage: {p: ...}},&#xA;coderMessageInfo: {&#xA;methods: {&#xA;NoUnkeyedLiterals: ...,&#xA;Flags: ...,&#xA;Size: ...,&#xA;Marshal: ...,&#xA;Unmarshal: ...,&#xA;Merge: ...,&#xA;CheckInitialized: ...,&#xA;},&#xA;orderedCoderFields: nil,&#xA;denseCoderFields: nil,&#xA;coderFields: nil,&#xA;sizecacheOffset: 0x0,&#xA;unknownOffset: 0x0,&#xA;extensionOffset: 0x0,&#xA;needsInitCheck: false,&#xA;isMessageSet: false,&#xA;numRequiredFields: 0,&#xA;},&#xA;},&#xA;ft: {size: 0x18, ptrdata: 0x8, hash: 2850056585, tflag: 2, align: 8, fieldAlign: 8, kind: 23, equal: nil, gcdata: 1, str: 95312, ptrToThis: 0},&#xA;validation: {&#xA;mi: {&#xA;GoReflectType: {size: ..., ptrdata: ..., hash: ..., tflag: ..., align: ..., fieldAlign: ..., kind: ..., equal: ..., gcdata: ..., str: ..., ptrToThis: ...},&#xA;Desc: {Base: ..., L1: ..., L2: ...},&#xA;Exporter: nil,&#xA;OneofWrappers: nil,&#xA;initMu: {state: ..., sema: ...},&#xA;initDone: 0,&#xA;reflectMessageInfo: {fields: ..., oneofs: ..., denseFields: ..., rangeInfos: ..., getUnknown: ..., setUnknown: ..., extensionMap: ..., nilMessage: ...},&#xA;coderMessageInfo: {&#xA;methods: ...,&#xA;orderedCoderFields: ...,&#xA;denseCoderFields: ...,&#xA;coderFields: ...,&#xA;sizecacheOffset: ...,&#xA;unknownOffset: ...,&#xA;extensionOffset: ...,&#xA;needsInitCheck: ...,&#xA;isMessageSet: ...,&#xA;numRequiredFields: ...,&#xA;},&#xA;},&#xA;typ: 1,&#xA;keyType: 0,&#xA;valType: 0,&#xA;requiredBit: 0,&#xA;},&#xA;num: 3,&#xA;offset: 0x40,&#xA;wiretag: 26,&#xA;tagsize: 1,&#xA;isPointer: true,&#xA;isRequired: false,&#xA;},&#xA;],&#xA;denseCoderFields: [&#xA;nil,&#xA;{&#xA;funcs: {mi: nil, size: 0x18e4f20, marshal: 0x18e4f80, unmarshal: 0x18e4d40, isInit: nil, merge: 0x1923f20},&#xA;mi: nil,&#xA;ft: {size: 0x4, ptrdata: 0x0, hash: 3148693762, tflag: 15, align: 4, fieldAlign: 4, kind: 5, equal: 0x10051c0, gcdata: 1, str: 18959, ptrToThis: 551488},&#xA;validation: {mi: nil, typ: 7, keyType: 0, valType: 0, requiredBit: 0},&#xA;num: 1,&#xA;offset: 0x28,&#xA;wiretag: 8,&#xA;tagsize: 1,&#xA;isPointer: false,&#xA;isRequired: false,&#xA;},&#xA;{&#xA;funcs: {mi: nil, size: 0x18ffe00, marshal: 0x1900040, unmarshal: 0x18ffba0, isInit: nil, merge: 0x1924aa0},&#xA;mi: nil,&#xA;ft: {size: 0x10, ptrdata: 0x8, hash: 3774831796, tflag: 7, align: 8, fieldAlign: 8, kind: 24, equal: 0x1005340, gcdata: 1, str: 25418, ptrToThis: 625920},&#xA;validation: {mi: nil, typ: 11, keyType: 0, valType: 0, requiredBit: 0},&#xA;num: 2,&#xA;offset: 0x30,&#xA;wiretag: 18,&#xA;tagsize: 1,&#xA;isPointer: false,&#xA;isRequired: false,&#xA;},&#xA;{&#xA;funcs: {mi: nil, size: 0x18dd9a0, marshal: 0x18dda80, unmarshal: 0x18ddc80, isInit: nil, merge: 0x1923640},&#xA;mi: {&#xA;GoReflectType: {size: 0x8, ptrdata: 0x8, hash: 1943536767, tflag: 9, align: 8, fieldAlign: 8, kind: 54, equal: 0x10051e0, gcdata: 1, str: 54876, ptrToThis: 0},&#xA;Desc: {&#xA;Base: {L0: ...},&#xA;L1: {Enums: ..., Messages: ..., Extensions: ..., IsMapEntry: ..., IsMessageSet: ...},&#xA;L2: {&#xA;Options: ...,&#xA;Fields: ...,&#xA;Oneofs: ...,&#xA;ReservedNames: ...,&#xA;ReservedRanges: ...,&#xA;RequiredNumbers: ...,&#xA;ExtensionRanges: ...,&#xA;ExtensionRangeOptions: ...,&#xA;},&#xA;},&#xA;Exporter: nil,&#xA;OneofWrappers: nil,&#xA;initMu: {state: 0, sema: 0},&#xA;initDone: 0,&#xA;reflectMessageInfo: {fields: nil, oneofs: nil, denseFields: nil, rangeInfos: nil, getUnknown: nil, setUnknown: nil, extensionMap: nil, nilMessage: {p: ...}},&#xA;coderMessageInfo: {&#xA;methods: {&#xA;NoUnkeyedLiterals: ...,&#xA;Flags: ...,&#xA;Size: ...,&#xA;Marshal: ...,&#xA;Unmarshal: ...,&#xA;Merge: ...,&#xA;CheckInitialized: ...,&#xA;},&#xA;orderedCoderFields: nil,&#xA;denseCoderFields: nil,&#xA;coderFields: nil,&#xA;sizecacheOffset: 0x0,&#xA;unknownOffset: 0x0,&#xA;extensionOffset: 0x0,&#xA;needsInitCheck: false,&#xA;isMessageSet: false,&#xA;numRequiredFields: 0,&#xA;},&#xA;},&#xA;ft: {size: 0x18, ptrdata: 0x8, hash: 2850056585, tflag: 2, align: 8, fieldAlign: 8, kind: 23, equal: nil, gcdata: 1, str: 95312, ptrToThis: 0},&#xA;validation: {&#xA;mi: {&#xA;GoReflectType: {size: ..., ptrdata: ..., hash: ..., tflag: ..., align: ..., fieldAlign: ..., kind: ..., equal: ..., gcdata: ..., str: ..., ptrToThis: ...},&#xA;Desc: {Base: ..., L1: ..., L2: ...},&#xA;Exporter: nil,&#xA;OneofWrappers: nil,&#xA;initMu: {state: ..., sema: ...},&#xA;initDone: 0,&#xA;reflectMessageInfo: {fields: ..., oneofs: ..., denseFields: ..., rangeInfos: ..., getUnknown: ..., setUnknown: ..., extensionMap: ..., nilMessage: ...},&#xA;coderMessageInfo: {&#xA;methods: ...,&#xA;orderedCoderFields: ...,&#xA;denseCoderFields: ...,&#xA;coderFields: ...,&#xA;sizecacheOffset: ...,&#xA;unknownOffset: ...,&#xA;extensionOffset: ...,&#xA;needsInitCheck: ...,&#xA;isMessageSet: ...,&#xA;numRequiredFields: ...,&#xA;},&#xA;},&#xA;typ: 1,&#xA;keyType: 0,&#xA;valType: 0,&#xA;requiredBit: 0,&#xA;},&#xA;num: 3,&#xA;offset: 0x40,&#xA;wiretag: 26,&#xA;tagsize: 1,&#xA;isPointer: true,&#xA;isRequired: false,&#xA;},&#xA;],&#xA;coderFields: {&#xA;1: {&#xA;funcs: {mi: nil, size: 0x18e4f20, marshal: 0x18e4f80, unmarshal: 0x18e4d40, isInit: nil, merge: 0x1923f20},&#xA;mi: nil,&#xA;ft: {size: 0x4, ptrdata: 0x0, hash: 3148693762, tflag: 15, align: 4, fieldAlign: 4, kind: 5, equal: 0x10051c0, gcdata: 1, str: 18959, ptrToThis: 551488},&#xA;validation: {mi: nil, typ: 7, keyType: 0, valType: 0, requiredBit: 0},&#xA;num: 1,&#xA;offset: 0x28,&#xA;wiretag: 8,&#xA;tagsize: 1,&#xA;isPointer: false,&#xA;isRequired: false,&#xA;},&#xA;2: {&#xA;funcs: {mi: nil, size: 0x18ffe00, marshal: 0x1900040, unmarshal: 0x18ffba0, isInit: nil, merge: 0x1924aa0},&#xA;mi: nil,&#xA;ft: {size: 0x10, ptrdata: 0x8, hash: 3774831796, tflag: 7, align: 8, fieldAlign: 8, kind: 24, equal: 0x1005340, gcdata: 1, str: 25418, ptrToThis: 625920},&#xA;validation: {mi: nil, typ: 11, keyType: 0, valType: 0, requiredBit: 0},&#xA;num: 2,&#xA;offset: 0x30,&#xA;wiretag: 18,&#xA;tagsize: 1,&#xA;isPointer: false,&#xA;isRequired: false,&#xA;},&#xA;3: {&#xA;funcs: {mi: nil, size: 0x18dd9a0, marshal: 0x18dda80, unmarshal: 0x18ddc80, isInit: nil, merge: 0x1923640},&#xA;mi: {&#xA;GoReflectType: {size: 0x8, ptrdata: 0x8, hash: 1943536767, tflag: 9, align: 8, fieldAlign: 8, kind: 54, equal: 0x10051e0, gcdata: 1, str: 54876, ptrToThis: 0},&#xA;Desc: {&#xA;Base: {L0: ...},&#xA;L1: {Enums: ..., Messages: ..., Extensions: ..., IsMapEntry: ..., IsMessageSet: ...},&#xA;L2: {&#xA;Options: ...,&#xA;Fields: ...,&#xA;Oneofs: ...,&#xA;ReservedNames: ...,&#xA;ReservedRanges: ...,&#xA;RequiredNumbers: ...,&#xA;ExtensionRanges: ...,&#xA;ExtensionRangeOptions: ...,&#xA;},&#xA;},&#xA;Exporter: nil,&#xA;OneofWrappers: nil,&#xA;initMu: {state: 0, sema: 0},&#xA;initDone: 0,&#xA;reflectMessageInfo: {fields: nil, oneofs: nil, denseFields: nil, rangeInfos: nil, getUnknown: nil, setUnknown: nil, extensionMap: nil, nilMessage: {p: ...}},&#xA;coderMessageInfo: {&#xA;methods: {&#xA;NoUnkeyedLiterals: ...,&#xA;Flags: ...,&#xA;Size: ...,&#xA;Marshal: ...,&#xA;Unmarshal: ...,&#xA;Merge: ...,&#xA;CheckInitialized: ...,&#xA;},&#xA;orderedCoderFields: nil,&#xA;denseCoderFields: nil,&#xA;coderFields: nil,&#xA;sizecacheOffset: 0x0,&#xA;unknownOffset: 0x0,&#xA;extensionOffset: 0x0,&#xA;needsInitCheck: false,&#xA;isMessageSet: false,&#xA;numRequiredFields: 0,&#xA;},&#xA;},&#xA;ft: {size: 0x18, ptrdata: 0x8, hash: 2850056585, tflag: 2, align: 8, fieldAlign: 8, kind: 23, equal: nil, gcdata: 1, str: 95312, ptrToThis: 0},&#xA;validation: {&#xA;mi: {&#xA;GoReflectType: {size: ..., ptrdata: ..., hash: ..., tflag: ..., align: ..., fieldAlign: ..., kind: ..., equal: ..., gcdata: ..., str: ..., ptrToThis: ...},&#xA;Desc: {Base: ..., L1: ..., L2: ...},&#xA;Exporter: nil,&#xA;OneofWrappers: nil,&#xA;initMu: {state: ..., sema: ...},&#xA;initDone: 0,&#xA;reflectMessageInfo: {fields: ..., oneofs: ..., denseFields: ..., rangeInfos: ..., getUnknown: ..., setUnknown: ..., extensionMap: ..., nilMessage: ...},&#xA;coderMessageInfo: {&#xA;methods: ...,&#xA;orderedCoderFields: ...,&#xA;denseCoderFields: ...,&#xA;coderFields: ...,&#xA;sizecacheOffset: ...,&#xA;unknownOffset: ...,&#xA;extensionOffset: ...,&#xA;needsInitCheck: ...,&#xA;isMessageSet: ...,&#xA;numRequiredFields: ...,&#xA;},&#xA;},&#xA;typ: 1,&#xA;keyType: 0,&#xA;valType: 0,&#xA;requiredBit: 0,&#xA;},&#xA;num: 3,&#xA;offset: 0x40,&#xA;wiretag: 26,&#xA;tagsize: 1,&#xA;isPointer: true,&#xA;isRequired: false,&#xA;},&#xA;},&#xA;sizecacheOffset: 0x8,&#xA;unknownOffset: 0x10,&#xA;extensionOffset: 0xffffffffffffffff,&#xA;needsInitCheck: false,&#xA;isMessageSet: false,&#xA;numRequiredFields: 0,&#xA;},&#xA;},&#xA;},&#xA;sizeCache: 0,&#xA;unknownFields: nil,&#xA;Code: 4,&#xA;Message: &#34;context deadline exceeded&#34;,&#xA;Details: nil,&#xA;},&#xA;}&#xA;to be nil&#xA;E0608 19:21:32.052803   22332 portforward.go:409] error closing listener: close tcp4 127.0.0.1:50477: use of closed network connection&#xA;E0608 19:21:32.052827   22332 portforward.go:409] error closing listener: close tcp6 [::1]:50477: use of closed network connection&#xA;time=&#34;2021-06-08T19:21:32-07:00&#34; level=info msg=&#34;Deleting nsmd-forwarder-kind-1-worker&#34;&#xA;time=&#34;2021-06-08T19:21:32-07:00&#34; level=info msg=&#34;Deleting spire-proxy&#34;&#xA;time=&#34;2021-06-08T19:21:32-07:00&#34; level=info msg=&#34;Deleting prefix-service&#34;&#xA;E0608 19:21:32.109531   22332 portforward.go:409] error closing listener: close tcp4 127.0.0.1:50466: use of closed network connection&#xA;E0608 19:21:32.109546   22332 portforward.go:409] error closing listener: close tcp6 [::1]:50466: use of closed network connection&#xA;time=&#34;2021-06-08T19:21:32-07:00&#34; level=warning msg=&#34;The POD &#39;nsmd-forwarder-kind-1-worker&#39; Deleted 351.945326ms&#34;&#xA;time=&#34;2021-06-08T19:21:32-07:00&#34; level=warning msg=&#34;The POD &#39;spire-proxy&#39; Deleted 552.470335ms&#34;&#xA;time=&#34;2021-06-08T19:21:32-07:00&#34; level=warning msg=&#34;The POD &#39;prefix-service&#39; Deleted 747.465557ms&#34;&#xA;time=&#34;2021-06-08T19:21:34-07:00&#34; level=info msg=&#34;namespace nsm-system is deleted&#34;&#xA;time=&#34;2021-06-08T19:21:34-07:00&#34; level=info msg=&#34;Cleanup time: 1.95536559s&#34;&#xA;--- FAIL: TestForwarderCrossConnectBasic (142.71s)&#xA;FAIL&#xA;FAIL&#x9;github.com/networkservicemesh/networkservicemesh/test/integration&#x9;143.154s&#xA;FAIL&#xA;TestForwarderCrossConnectBasic: OnFail: running on fail script operations with KUBECONFIG=/Users/nispatil/go/src/github.com/cisco-app-networking/nsm_publish/networkservicemesh/.tests/cloud_test/single-cluster/shell/kind-1/config on cloud kind-1&#xA;make -i k8s-deconfig helm-delete k8s-terminating-cleanup k8s-delete-nsm-namespaces || true&#xA;helm uninstall config --namespace nsm-system || true&#xA;WARNING: Kubernetes configuration file is group-readable. This is insecure. Location: /Users/nispatil/go/src/github.com/cisco-app-networking/nsm_publish/networkservicemesh/.tests/cloud_test/single-cluster/shell/kind-1/config&#xA;WARNING: Kubernetes configuration file is world-readable. This is insecure. Location: /Users/nispatil/go/src/github.com/cisco-app-networking/nsm_publish/networkservicemesh/.tests/cloud_test/single-cluster/shell/kind-1/config&#xA;release &#34;config&#34; uninstalled&#xA;./scripts/helm-nsm-uninstall.sh --nsm_namespace nsm-system --all&#xA;&#xA;Helm version detected: v3.3.4&#xA;Cleaning up NSM&#xA;xargs: illegal option -- -&#xA;usage: xargs [-0opt] [-E eofstr] [-I replstr [-R replacements] [-S replsize]]&#xA;[-J replstr] [-L number] [-n number [-x]] [-P maxprocs]&#xA;[-s size] [utility [argument ...]]&#xA;WARNING: Kubernetes configuration file is group-readable. This is insecure. Location: /Users/nispatil/go/src/github.com/cisco-app-networking/nsm_publish/networkservicemesh/.tests/cloud_test/single-cluster/shell/kind-1/config&#xA;WARNING: Kubernetes configuration file is world-readable. This is insecure. Location: /Users/nispatil/go/src/github.com/cisco-app-networking/nsm_publish/networkservicemesh/.tests/cloud_test/single-cluster/shell/kind-1/config&#xA;make[1]: [helm-delete] Error 1 (ignored)&#xA;xargs: illegal option -- -&#xA;usage: xargs [-0opt] [-E eofstr] [-I replstr [-R replacements] [-S replsize]]&#xA;[-J replstr] [-L number] [-n number [-x]] [-P maxprocs]&#xA;[-s size] [utility [argument ...]]&#xA;No resources found in nsm-system namespace.&#xA;make[1]: [k8s-terminating-cleanup] Error 1 (ignored)&#xA;Running delete-nsm-namespaces script&#xA;NSM_NAMESPACE=nsm-system&#xA;Checking ns: default&#xA;Checking ns: kube-node-lease&#xA;Checking ns: kube-public&#xA;Checking ns: kube-system&#xA;Checking ns: local-path-storage&#xA;Checking ns: nsm-system&#xA;Deleting ns: nsm-system&#xA;warning: Immediate deletion does not wait for confirmation that the running resource has been terminated. The resource may continue to run on the cluster indefinitely.&#xA;No resources found&#xA;namespace &#34;nsm-system&#34; deleted&#xA;Checking ns: spire&#xA;make k8s-config &amp;&amp; echo &#34;Cluster reset successfull&#34;&#xA;namespace/nsm-system created&#xA;helm --namespace nsm-system install config deployments/helm/nsm/charts/config&#xA;WARNING: Kubernetes configuration file is group-readable. This is insecure. Location: /Users/nispatil/go/src/github.com/cisco-app-networking/nsm_publish/networkservicemesh/.tests/cloud_test/single-cluster/shell/kind-1/config&#xA;WARNING: Kubernetes configuration file is world-readable. This is insecure. Location: /Users/nispatil/go/src/github.com/cisco-app-networking/nsm_publish/networkservicemesh/.tests/cloud_test/single-cluster/shell/kind-1/config&#xA;NAME: config&#xA;LAST DEPLOYED: Tue Jun  8 19:21:42 2021&#xA;NAMESPACE: nsm-system&#xA;STATUS: deployed&#xA;REVISION: 1&#xA;TEST SUITE: None&#xA;Cluster reset successfull</failure>
                  </testcase>
                  <testcase classname="" name="TestNSMgrForwarderDeployLiveCheck" time="36.073924996" cluster_instance="kind-1"></testcase>
                  <testcase classname="" name="TestForwarderVersion" time="46.463691811" cluster_instance="kind-1"></testcase>
                  <testcase classname="" name="TestInterdomainSingleNode" time="100.485106202" cluster_instance="kind-1">
                      <failure message="Test execution failed TestInterdomainSingleNode" type="ERROR">Execution attempt: 0 Output file: .tests/cloud_test/single-cluster/kind-1/036-TestInterdomainSingleNode-run.log&#xA;Starting TestInterdomainSingleNode on kind-1&#xA;Command line go test . -test.timeout 10m0s -count 1 --run &#34;^(TestInterdomainSingleNode)$\\z&#34; --tags &#34;basic&#34; --test.v&#xA;env==[KUBECONFIG=/Users/nispatil/go/src/github.com/cisco-app-networking/nsm_publish/networkservicemesh/.tests/cloud_test/single-cluster/shell/kind-1/config ARTIFACTS_DIR=/Users/nispatil/go/src/github.com/cisco-app-networking/nsm_publish/networkservicemesh/.tests/cloud_test/single-cluster/kind-1/TestInterdomainSingleNode]&#xA;&#xA;=== RUN   TestInterdomainSingleNode&#xA;time=&#34;2021-06-08T20:17:26-07:00&#34; level=info msg=&#34;Using Kubeconfig: /Users/nispatil/go/src/github.com/cisco-app-networking/nsm_publish/networkservicemesh/.tests/cloud_test/single-cluster/shell/kind-1/config&#34;&#xA;time=&#34;2021-06-08T20:17:26-07:00&#34; level=info msg=&#34;FORWARDING_PLANE not set, using default forwarder - vpp&#34;&#xA;time=&#34;2021-06-08T20:17:26-07:00&#34; level=info msg=&#34;Creating artifact manager with config: &amp;{4 false /Users/nispatil/go/src/github.com/cisco-app-networking/nsm_publish/networkservicemesh/.tests/cloud_test/single-cluster/kind-1/TestInterdomainSingleNode}&#34;&#xA;time=&#34;2021-06-08T20:17:26-07:00&#34; level=error msg=&#34;Error during create of test namespace failed to create a namespace: object is being deleted: namespaces \&#34;nsm-system\&#34; already exists&#34;&#xA;time=&#34;2021-06-08T20:17:26-07:00&#34; level=info msg=&#34;Checking availability of API server on 127.0.0.1&#34;&#xA;time=&#34;2021-06-08T20:17:30-07:00&#34; level=info msg=&#34;PING 127.0.0.1 (127.0.0.1): 56 data bytes\n64 bytes from 127.0.0.1: icmp_seq=0 ttl=64 time=0.086 ms\n64 bytes from 127.0.0.1: icmp_seq=1 ttl=64 time=0.051 ms\n64 bytes from 127.0.0.1: icmp_seq=2 ttl=64 time=0.059 ms\n64 bytes from 127.0.0.1: icmp_seq=3 ttl=64 time=0.068 ms\n64 bytes from 127.0.0.1: icmp_seq=4 ttl=64 time=0.061 ms\n\n--- 127.0.0.1 ping statistics ---\n5 packets transmitted, 5 packets received, 0.0%!p(MISSING)acket loss\nround-trip min/avg/max/stddev = 0.051/0.065/0.086/0.012 ms\n&#34;&#xA;time=&#34;2021-06-08T20:17:30-07:00&#34; level=info msg=&#34;Will try to create namespace again after 20 seconds&#34;&#xA;time=&#34;2021-06-08T20:17:50-07:00&#34; level=info msg=&#34;namespace nsm-system is created&#34;&#xA;time=&#34;2021-06-08T20:17:50-07:00&#34; level=info msg=&#34;USE_IPV6 not set, using default false&#34;&#xA;time=&#34;2021-06-08T20:17:50-07:00&#34; level=error msg=&#34;serviceaccounts \&#34;nsc-acc\&#34; not found&#34;&#xA;time=&#34;2021-06-08T20:17:50-07:00&#34; level=error msg=&#34;serviceaccounts \&#34;nse-acc\&#34; not found&#34;&#xA;time=&#34;2021-06-08T20:17:50-07:00&#34; level=error msg=&#34;serviceaccounts \&#34;nsmgr-acc\&#34; not found&#34;&#xA;time=&#34;2021-06-08T20:17:50-07:00&#34; level=error msg=&#34;serviceaccounts \&#34;nsmrs-acc\&#34; not found&#34;&#xA;time=&#34;2021-06-08T20:17:50-07:00&#34; level=error msg=&#34;serviceaccounts \&#34;forward-plane-acc\&#34; not found&#34;&#xA;time=&#34;2021-06-08T20:17:51-07:00&#34; level=error msg=&#34;serviceaccounts \&#34;crossconnect-monitor-acc\&#34; not found&#34;&#xA;time=&#34;2021-06-08T20:17:51-07:00&#34; level=error msg=&#34;serviceaccounts \&#34;proxy-nsmgr-acc\&#34; not found&#34;&#xA;time=&#34;2021-06-08T20:17:51-07:00&#34; level=info msg=&#34;Cleanup done: 820.983859ms&#34;&#xA;time=&#34;2021-06-08T20:17:51-07:00&#34; level=info msg=&#34;&amp;ServiceAccount{ObjectMeta:{default  nsm-system /api/v1/namespaces/nsm-system/serviceaccounts/default d218a5b7-7903-4170-af1f-46e6faff43e8 18506 0 2021-06-08 20:17:50 -0700 PDT &lt;nil&gt; &lt;nil&gt; map[] map[] [] []  []},Secrets:[]ObjectReference{ObjectReference{Kind:,Namespace:,Name:default-token-ht8vs,UID:,APIVersion:,ResourceVersion:,FieldPath:,},},ImagePullSecrets:[]LocalObjectReference{},AutomountServiceAccountToken:nil,}&#34;&#xA;I0608 20:17:52.522092   35092 request.go:621] Throttling request took 1.175267257s, request: POST:https://127.0.0.1:55081/api/v1/namespaces/nsm-system/serviceaccounts&#xA;time=&#34;2021-06-08T20:17:53-07:00&#34; level=info msg=&#34;&amp;ServiceAccount{ObjectMeta:{nsmrs-acc  nsm-system /api/v1/namespaces/nsm-system/serviceaccounts/nsmrs-acc 35f81c2e-cfc7-4d74-823e-7c6ce16ea219 18513 0 2021-06-08 20:17:51 -0700 PDT &lt;nil&gt; &lt;nil&gt; map[] map[] [] []  []},Secrets:[]ObjectReference{ObjectReference{Kind:,Namespace:,Name:nsmrs-acc-token-zpr4g,UID:,APIVersion:,ResourceVersion:,FieldPath:,},},ImagePullSecrets:[]LocalObjectReference{},AutomountServiceAccountToken:nil,}&#34;&#xA;time=&#34;2021-06-08T20:17:53-07:00&#34; level=info msg=&#34;&amp;ServiceAccount{ObjectMeta:{nsmgr-acc  nsm-system /api/v1/namespaces/nsm-system/serviceaccounts/nsmgr-acc 845a4e8c-92af-46bc-a982-a01db960a0a6 18516 0 2021-06-08 20:17:51 -0700 PDT &lt;nil&gt; &lt;nil&gt; map[] map[] [] []  []},Secrets:[]ObjectReference{ObjectReference{Kind:,Namespace:,Name:nsmgr-acc-token-sx2jw,UID:,APIVersion:,ResourceVersion:,FieldPath:,},},ImagePullSecrets:[]LocalObjectReference{},AutomountServiceAccountToken:nil,}&#34;&#xA;time=&#34;2021-06-08T20:17:53-07:00&#34; level=info msg=&#34;&amp;ServiceAccount{ObjectMeta:{nsc-acc  nsm-system /api/v1/namespaces/nsm-system/serviceaccounts/nsc-acc 706fe1c7-483d-4c13-a9f2-9075edbda15c 18519 0 2021-06-08 20:17:52 -0700 PDT &lt;nil&gt; &lt;nil&gt; map[] map[] [] []  []},Secrets:[]ObjectReference{ObjectReference{Kind:,Namespace:,Name:nsc-acc-token-srppm,UID:,APIVersion:,ResourceVersion:,FieldPath:,},},ImagePullSecrets:[]LocalObjectReference{},AutomountServiceAccountToken:nil,}&#34;&#xA;time=&#34;2021-06-08T20:17:53-07:00&#34; level=info msg=&#34;&amp;ServiceAccount{ObjectMeta:{proxy-nsmgr-acc  nsm-system /api/v1/namespaces/nsm-system/serviceaccounts/proxy-nsmgr-acc 72c893fa-c98f-459b-b617-7cbae1c6ca53 18522 0 2021-06-08 20:17:52 -0700 PDT &lt;nil&gt; &lt;nil&gt; map[] map[] [] []  []},Secrets:[]ObjectReference{ObjectReference{Kind:,Namespace:,Name:proxy-nsmgr-acc-token-9vhl4,UID:,APIVersion:,ResourceVersion:,FieldPath:,},},ImagePullSecrets:[]LocalObjectReference{},AutomountServiceAccountToken:nil,}&#34;&#xA;time=&#34;2021-06-08T20:17:53-07:00&#34; level=info msg=&#34;&amp;ServiceAccount{ObjectMeta:{crossconnect-monitor-acc  nsm-system /api/v1/namespaces/nsm-system/serviceaccounts/crossconnect-monitor-acc 2e69221d-7b38-44ce-8a19-13a7c101beb3 18526 0 2021-06-08 20:17:52 -0700 PDT &lt;nil&gt; &lt;nil&gt; map[] map[] [] []  []},Secrets:[]ObjectReference{ObjectReference{Kind:,Namespace:,Name:crossconnect-monitor-acc-token-6l9k4,UID:,APIVersion:,ResourceVersion:,FieldPath:,},},ImagePullSecrets:[]LocalObjectReference{},AutomountServiceAccountToken:nil,}&#34;&#xA;time=&#34;2021-06-08T20:17:54-07:00&#34; level=info msg=&#34;&amp;ServiceAccount{ObjectMeta:{forward-plane-acc  nsm-system /api/v1/namespaces/nsm-system/serviceaccounts/forward-plane-acc 44ffa4b5-a539-4674-bc30-60240dbd2ac8 18529 0 2021-06-08 20:17:52 -0700 PDT &lt;nil&gt; &lt;nil&gt; map[] map[] [] []  []},Secrets:[]ObjectReference{ObjectReference{Kind:,Namespace:,Name:forward-plane-acc-token-2wrgk,UID:,APIVersion:,ResourceVersion:,FieldPath:,},},ImagePullSecrets:[]LocalObjectReference{},AutomountServiceAccountToken:nil,}&#34;&#xA;time=&#34;2021-06-08T20:17:54-07:00&#34; level=info msg=&#34;&amp;ServiceAccount{ObjectMeta:{nse-acc  nsm-system /api/v1/namespaces/nsm-system/serviceaccounts/nse-acc 97c53135-28bf-4bc7-a2ff-2cfd21a2e9bb 18534 0 2021-06-08 20:17:52 -0700 PDT &lt;nil&gt; &lt;nil&gt; map[] map[] [] []  []},Secrets:[]ObjectReference{ObjectReference{Kind:,Namespace:,Name:nse-acc-token-vhhl2,UID:,APIVersion:,ResourceVersion:,FieldPath:,},},ImagePullSecrets:[]LocalObjectReference{},AutomountServiceAccountToken:nil,}&#34;&#xA;time=&#34;2021-06-08T20:17:54-07:00&#34; level=info msg=&#34;Creating ConfigMap &#39;nsm-config&#39; in namespace&#39;nsm-system&#39;...&#34;&#xA;time=&#34;2021-06-08T20:17:54-07:00&#34; level=info msg=&#34;Using image: containers.cisco.com/appn/prefix-service:vl3_latest&#34;&#xA;time=&#34;2021-06-08T20:17:54-07:00&#34; level=info msg=&#34;Using image: containers.cisco.com/appn/test-common:vl3_latest&#34;&#xA;time=&#34;2021-06-08T20:17:54-07:00&#34; level=info msg=&#34;role is created: &amp;ClusterRoleBinding{ObjectMeta:{nsm-role-binding      0 0001-01-01 00:00:00 +0000 UTC &lt;nil&gt; &lt;nil&gt; map[] map[] [] []  []},Subjects:[]Subject{Subject{Kind:ServiceAccount,APIGroup:,Name:nsmgr-acc,Namespace:nsm-system,},Subject{Kind:ServiceAccount,APIGroup:,Name:proxy-nsmgr-acc,Namespace:nsm-system,},Subject{Kind:ServiceAccount,APIGroup:,Name:crossconnect-monitor-acc,Namespace:nsm-system,},},RoleRef:RoleRef{APIGroup:rbac.authorization.k8s.io,Kind:ClusterRole,Name:nsm-role,},}&#34;&#xA;time=&#34;2021-06-08T20:17:54-07:00&#34; level=info msg=&#34;role is created: &amp;ClusterRole{ObjectMeta:{nsm-role  nsm-system    0 0001-01-01 00:00:00 +0000 UTC &lt;nil&gt; &lt;nil&gt; map[rbac.authorization.k8s.io/aggregate-to-admin:true rbac.authorization.k8s.io/aggregate-to-edit:true] map[] [] []  []},Rules:[]PolicyRule{PolicyRule{Verbs:[*],APIGroups:[networkservicemesh.io],Resources:[networkservices networkserviceendpoints networkservicemanagers],ResourceNames:[],NonResourceURLs:[],},PolicyRule{Verbs:[*],APIGroups:[apiextensions.k8s.io],Resources:[customresourcedefinitions],ResourceNames:[],NonResourceURLs:[],},PolicyRule{Verbs:[get update],APIGroups:[],Resources:[configmaps],ResourceNames:[],NonResourceURLs:[],},PolicyRule{Verbs:[get list watch],APIGroups:[],Resources:[nodes services namespaces],ResourceNames:[],NonResourceURLs:[],},},AggregationRule:nil,}&#34;&#xA;time=&#34;2021-06-08T20:17:54-07:00&#34; level=info msg=&#34;role is created: &amp;ClusterRole{ObjectMeta:{aggregate-network-services-view  nsm-system    0 0001-01-01 00:00:00 +0000 UTC &lt;nil&gt; &lt;nil&gt; map[rbac.authorization.k8s.io/aggregate-to-view:true] map[] [] []  []},Rules:[]PolicyRule{PolicyRule{Verbs:[get list watch],APIGroups:[networkservicemesh.io],Resources:[networkservices],ResourceNames:[],NonResourceURLs:[],},},AggregationRule:nil,}&#34;&#xA;time=&#34;2021-06-08T20:17:57-07:00&#34; level=info msg=&#34;Trying to establish connection with the spire provider at address:tcp://127.0.0.1:52444&#34;&#xA;time=&#34;2021-06-08T20:17:57-07:00&#34; level=info msg=&#34;Created the todo context:tcp://127.0.0.1:52444&#34;&#xA;time=&#34;2021-06-08T20:17:58-07:00&#34; level=info msg=&#34;Got x509:&amp;{0xc0004fe090 &lt;nil&gt; {{0 0} 0 0 0 0} 0xc00003d540 0xc000892560 {{0 0} 0 0 0 0} false} &lt;nil&gt;&#34;&#xA;time=&#34;2021-06-08T20:17:58-07:00&#34; level=info msg=&#34;Started goroutine&#34;&#xA;time=&#34;2021-06-08T20:17:58-07:00&#34; level=info msg=&#34;Returning provider&#34;&#xA;time=&#34;2021-06-08T20:17:58-07:00&#34; level=info msg=&#34;Issued identity:spiffe://test.com/nsmgr&#34;&#xA;time=&#34;2021-06-08T20:17:58-07:00&#34; level=info msg=&#34;Checking node: kind-1-control-plane&#34;&#xA;time=&#34;2021-06-08T20:17:58-07:00&#34; level=info msg=&#34;Checking node: kind-1-worker&#34;&#xA;time=&#34;2021-06-08T20:17:58-07:00&#34; level=info msg=&#34;Checking node: kind-1-worker2&#34;&#xA;time=&#34;2021-06-08T20:17:58-07:00&#34; level=info msg=&#34;Using image: containers.cisco.com/appn/nsmrs:vl3_latest&#34;&#xA;time=&#34;2021-06-08T20:17:58-07:00&#34; level=info msg=&#34;Starting NSM Service Registry Server on node: kind-1-worker2&#34;&#xA;time=&#34;2021-06-08T20:18:08-07:00&#34; level=info msg=&#34;getting logs without container nsmrs=none&#34;&#xA;time=&#34;2021-06-08T20:18:08-07:00&#34; level=info msg=&#34;NSM Service Registry Server nsmrs started done: 10.628021632s&#34;&#xA;time=&#34;2021-06-08T20:18:08-07:00&#34; level=info msg=&#34;Checking node: kind-1-control-plane&#34;&#xA;time=&#34;2021-06-08T20:18:08-07:00&#34; level=info msg=&#34;Checking node: kind-1-worker&#34;&#xA;time=&#34;2021-06-08T20:18:08-07:00&#34; level=info msg=&#34;Checking node: kind-1-worker2&#34;&#xA;time=&#34;2021-06-08T20:18:08-07:00&#34; level=info msg=&#34;Using image: jaegertracing/all-in-one:1.14.0&#34;&#xA;time=&#34;2021-06-08T20:18:10-07:00&#34; level=info msg=&#34;getting logs without container jaeger=none&#34;&#xA;time=&#34;2021-06-08T20:18:11-07:00&#34; level=info msg=&#34;Using image: containers.cisco.com/appn/nsmdp:vl3_latest&#34;&#xA;time=&#34;2021-06-08T20:18:11-07:00&#34; level=info msg=&#34;Using image: containers.cisco.com/appn/nsmd:vl3_latest&#34;&#xA;time=&#34;2021-06-08T20:18:11-07:00&#34; level=info msg=&#34;Using image: containers.cisco.com/appn/nsmd-k8s:vl3_latest&#34;&#xA;time=&#34;2021-06-08T20:18:11-07:00&#34; level=info msg=&#34;Using image: containers.cisco.com/appn/vppagent-forwarder:vl3_latest&#34;&#xA;time=&#34;2021-06-08T20:18:25-07:00&#34; level=info msg=&#34;Started NSMgr/Forwarder: 13.893813446s on node kind-1-worker&#34;&#xA;time=&#34;2021-06-08T20:18:25-07:00&#34; level=info msg=&#34;Config (pnsmgr-kind-1-worker kind-1-worker): &amp;{0 0 0 map[NSMRS_ADDRESS:172.17.0.2:80] map[] &lt;nil&gt; &lt;nil&gt; nsm-system}&#34;&#xA;time=&#34;2021-06-08T20:18:25-07:00&#34; level=info msg=&#34;Using image: containers.cisco.com/appn/proxy-nsmd:vl3_latest&#34;&#xA;time=&#34;2021-06-08T20:18:25-07:00&#34; level=info msg=&#34;Using image: containers.cisco.com/appn/proxy-nsmd-k8s:vl3_latest&#34;&#xA;time=&#34;2021-06-08T20:18:25-07:00&#34; level=info msg=&#34;Starting Proxy NSMgr pnsmgr-kind-1-worker on node: kind-1-worker&#34;&#xA;time=&#34;2021-06-08T20:18:35-07:00&#34; level=info msg=&#34;Proxy NSMgr started done: 10.917350629s&#34;&#xA;time=&#34;2021-06-08T20:18:36-07:00&#34; level=error msg=&#34;Error creating service: &amp;Service{ObjectMeta:{      0 0001-01-01 00:00:00 +0000 UTC &lt;nil&gt; &lt;nil&gt; map[] map[] [] []  []},Spec:ServiceSpec{Ports:[]ServicePort{},Selector:map[string]string{},ClusterIP:,Type:,ExternalIPs:[],SessionAffinity:,LoadBalancerIP:,LoadBalancerSourceRanges:[],ExternalName:,ExternalTrafficPolicy:,HealthCheckNodePort:0,PublishNotReadyAddresses:false,SessionAffinityConfig:nil,IPFamily:nil,TopologyKeys:[],},Status:ServiceStatus{LoadBalancer:LoadBalancerStatus{Ingress:[]LoadBalancerIngress{},},},} Service \&#34;pnsmgr-svc\&#34; is invalid: [spec.ports[0].nodePort: Forbidden: may not be used when `type` is &#39;ClusterIP&#39;, spec.ports[1].nodePort: Forbidden: may not be used when `type` is &#39;ClusterIP&#39;]&#34;&#xA;time=&#34;2021-06-08T20:18:36-07:00&#34; level=info msg=&#34;Service is created: &amp;Service{ObjectMeta:{      0 0001-01-01 00:00:00 +0000 UTC &lt;nil&gt; &lt;nil&gt; map[] map[] [] []  []},Spec:ServiceSpec{Ports:[]ServicePort{},Selector:map[string]string{},ClusterIP:,Type:,ExternalIPs:[],SessionAffinity:,LoadBalancerIP:,LoadBalancerSourceRanges:[],ExternalName:,ExternalTrafficPolicy:,HealthCheckNodePort:0,PublishNotReadyAddresses:false,SessionAffinityConfig:nil,IPFamily:nil,TopologyKeys:[],},Status:ServiceStatus{LoadBalancer:LoadBalancerStatus{Ingress:[]LoadBalancerIngress{},},},}&#34;&#xA;utils.go:286:&#xA;Expected&#xA;&lt;*errors.StatusError | 0xc0008686e0&gt;: {&#xA;ErrStatus: {&#xA;TypeMeta: {Kind: &#34;&#34;, APIVersion: &#34;&#34;},&#xA;ListMeta: {&#xA;SelfLink: &#34;&#34;,&#xA;ResourceVersion: &#34;&#34;,&#xA;Continue: &#34;&#34;,&#xA;RemainingItemCount: nil,&#xA;},&#xA;Status: &#34;Failure&#34;,&#xA;Message: &#34;Service \&#34;pnsmgr-svc\&#34; is invalid: [spec.ports[0].nodePort: Forbidden: may not be used when `type` is &#39;ClusterIP&#39;, spec.ports[1].nodePort: Forbidden: may not be used when `type` is &#39;ClusterIP&#39;]&#34;,&#xA;Reason: &#34;Invalid&#34;,&#xA;Details: {&#xA;Name: &#34;pnsmgr-svc&#34;,&#xA;Group: &#34;&#34;,&#xA;Kind: &#34;Service&#34;,&#xA;UID: &#34;&#34;,&#xA;Causes: [&#xA;{&#xA;Type: &#34;FieldValueForbidden&#34;,&#xA;Message: &#34;Forbidden: may not be used when `type` is &#39;ClusterIP&#39;&#34;,&#xA;Field: &#34;spec.ports[0].nodePort&#34;,&#xA;},&#xA;{&#xA;Type: &#34;FieldValueForbidden&#34;,&#xA;Message: &#34;Forbidden: may not be used when `type` is &#39;ClusterIP&#39;&#34;,&#xA;Field: &#34;spec.ports[1].nodePort&#34;,&#xA;},&#xA;],&#xA;RetryAfterSeconds: 0,&#xA;},&#xA;Code: 422,&#xA;},&#xA;}&#xA;to be nil&#xA;E0608 20:18:36.794155   35092 portforward.go:409] error closing listener: close tcp4 127.0.0.1:52488: use of closed network connection&#xA;E0608 20:18:36.794176   35092 portforward.go:409] error closing listener: close tcp6 [::1]:52488: use of closed network connection&#xA;time=&#34;2021-06-08T20:18:37-07:00&#34; level=error msg=&#34;Failed to get logs from nsmrs err: previous terminated container \&#34;nsmrs\&#34; in pod \&#34;nsmrs\&#34; not found&#34;&#xA;time=&#34;2021-06-08T20:18:37-07:00&#34; level=warning msg=&#34;Can not get logs for container: nsmrs, Error: previous terminated container \&#34;nsmrs\&#34; in pod \&#34;nsmrs\&#34; not found&#34;&#xA;time=&#34;2021-06-08T20:18:38-07:00&#34; level=error msg=&#34;Failed to get logs from jaeger err: previous terminated container \&#34;jaeger\&#34; in pod \&#34;jaeger\&#34; not found&#34;&#xA;time=&#34;2021-06-08T20:18:38-07:00&#34; level=warning msg=&#34;Can not get logs for container: jaeger, Error: previous terminated container \&#34;jaeger\&#34; in pod \&#34;jaeger\&#34; not found&#34;&#xA;time=&#34;2021-06-08T20:18:38-07:00&#34; level=error msg=&#34;Failed to get logs from nsmd-forwarder-kind-1-worker err: previous terminated container \&#34;vppagent-forwarder\&#34; in pod \&#34;nsmd-forwarder-kind-1-worker\&#34; not found&#34;&#xA;time=&#34;2021-06-08T20:18:38-07:00&#34; level=warning msg=&#34;Can not get logs for container: vppagent-forwarder, Error: previous terminated container \&#34;vppagent-forwarder\&#34; in pod \&#34;nsmd-forwarder-kind-1-worker\&#34; not found&#34;&#xA;time=&#34;2021-06-08T20:18:39-07:00&#34; level=error msg=&#34;Failed to get logs from nsmgr-kind-1-worker err: previous terminated container \&#34;nsmdp\&#34; in pod \&#34;nsmgr-kind-1-worker\&#34; not found&#34;&#xA;time=&#34;2021-06-08T20:18:39-07:00&#34; level=warning msg=&#34;Can not get logs for container: nsmdp, Error: previous terminated container \&#34;nsmdp\&#34; in pod \&#34;nsmgr-kind-1-worker\&#34; not found&#34;&#xA;time=&#34;2021-06-08T20:18:39-07:00&#34; level=error msg=&#34;Failed to get logs from prefix-service err: previous terminated container \&#34;prefix-service\&#34; in pod \&#34;prefix-service\&#34; not found&#34;&#xA;time=&#34;2021-06-08T20:18:39-07:00&#34; level=warning msg=&#34;Can not get logs for container: prefix-service, Error: previous terminated container \&#34;prefix-service\&#34; in pod \&#34;prefix-service\&#34; not found&#34;&#xA;time=&#34;2021-06-08T20:18:39-07:00&#34; level=error msg=&#34;Failed to get logs from spire-proxy err: previous terminated container \&#34;spire-proxy\&#34; in pod \&#34;spire-proxy\&#34; not found&#34;&#xA;time=&#34;2021-06-08T20:18:39-07:00&#34; level=warning msg=&#34;Can not get logs for container: spire-proxy, Error: previous terminated container \&#34;spire-proxy\&#34; in pod \&#34;spire-proxy\&#34; not found&#34;&#xA;time=&#34;2021-06-08T20:18:40-07:00&#34; level=error msg=&#34;Failed to get logs from pnsmgr-kind-1-worker err: previous terminated container \&#34;proxy-nsmd\&#34; in pod \&#34;pnsmgr-kind-1-worker\&#34; not found&#34;&#xA;time=&#34;2021-06-08T20:18:40-07:00&#34; level=warning msg=&#34;Can not get logs for container: proxy-nsmd, Error: previous terminated container \&#34;proxy-nsmd\&#34; in pod \&#34;pnsmgr-kind-1-worker\&#34; not found&#34;&#xA;time=&#34;2021-06-08T20:18:40-07:00&#34; level=info msg=&#34;artifacts: [0xc000722180 0xc000722400 0xc0002c3880 0xc000ca6000 0xc000ca6040 0xc000406e00 0xc000722040 0xc000ca66c0 0xc000722080 0xc000722900]&#34;&#xA;time=&#34;2021-06-08T20:18:40-07:00&#34; level=error msg=&#34;An error during delete service: , err: resource name may not be empty&#34;&#xA;time=&#34;2021-06-08T20:18:40-07:00&#34; level=info msg=&#34;Deleting pnsmgr-kind-1-worker&#34;&#xA;time=&#34;2021-06-08T20:18:40-07:00&#34; level=info msg=&#34;Deleting prefix-service&#34;&#xA;time=&#34;2021-06-08T20:18:40-07:00&#34; level=info msg=&#34;Deleting nsmgr-kind-1-worker&#34;&#xA;time=&#34;2021-06-08T20:18:40-07:00&#34; level=info msg=&#34;Deleting jaeger&#34;&#xA;time=&#34;2021-06-08T20:18:40-07:00&#34; level=info msg=&#34;Deleting nsmd-forwarder-kind-1-worker&#34;&#xA;time=&#34;2021-06-08T20:18:40-07:00&#34; level=info msg=&#34;Deleting nsmrs&#34;&#xA;time=&#34;2021-06-08T20:18:40-07:00&#34; level=info msg=&#34;Deleting spire-proxy&#34;&#xA;E0608 20:18:40.139449   35092 portforward.go:409] error closing listener: close tcp4 127.0.0.1:52444: use of closed network connection&#xA;E0608 20:18:40.139470   35092 portforward.go:409] error closing listener: close tcp6 [::1]:52444: use of closed network connection&#xA;I0608 20:18:41.324343   35092 request.go:621] Throttling request took 1.184915955s, request: DELETE:https://127.0.0.1:55081/api/v1/namespaces/nsm-system/pods/nsmd-forwarder-kind-1-worker&#xA;time=&#34;2021-06-08T20:18:42-07:00&#34; level=warning msg=&#34;The POD &#39;prefix-service&#39; Deleted 2.59278046s&#34;&#xA;time=&#34;2021-06-08T20:18:43-07:00&#34; level=warning msg=&#34;The POD &#39;nsmd-forwarder-kind-1-worker&#39; Deleted 2.990673272s&#34;&#xA;time=&#34;2021-06-08T20:18:43-07:00&#34; level=warning msg=&#34;The POD &#39;spire-proxy&#39; Deleted 3.59248545s&#34;&#xA;time=&#34;2021-06-08T20:18:53-07:00&#34; level=warning msg=&#34;The POD &#39;nsmgr-kind-1-worker&#39; Deleted 12.989833316s&#34;&#xA;time=&#34;2021-06-08T20:18:53-07:00&#34; level=warning msg=&#34;The POD &#39;jaeger&#39; Deleted 13.189704399s&#34;&#xA;time=&#34;2021-06-08T20:18:53-07:00&#34; level=warning msg=&#34;The POD &#39;nsmrs&#39; Deleted 13.392347795s&#34;&#xA;time=&#34;2021-06-08T20:18:53-07:00&#34; level=warning msg=&#34;The POD &#39;pnsmgr-kind-1-worker&#39; Deleted 13.590024574s&#34;&#xA;time=&#34;2021-06-08T20:18:53-07:00&#34; level=info msg=&#34;namespace nsm-system is deleted&#34;&#xA;time=&#34;2021-06-08T20:18:53-07:00&#34; level=info msg=&#34;Cleanup time: 13.795426548s&#34;&#xA;--- FAIL: TestInterdomainSingleNode (87.47s)&#xA;FAIL&#xA;FAIL&#x9;github.com/networkservicemesh/networkservicemesh/test/integration&#x9;88.011s&#xA;FAIL&#xA;TestInterdomainSingleNode: OnFail: running on fail script operations with KUBECONFIG=/Users/nispatil/go/src/github.com/cisco-app-networking/nsm_publish/networkservicemesh/.tests/cloud_test/single-cluster/shell/kind-1/config on cloud kind-1&#xA;make -i k8s-deconfig helm-delete k8s-terminating-cleanup k8s-delete-nsm-namespaces || true&#xA;helm uninstall config --namespace nsm-system || true&#xA;WARNING: Kubernetes configuration file is group-readable. This is insecure. Location: /Users/nispatil/go/src/github.com/cisco-app-networking/nsm_publish/networkservicemesh/.tests/cloud_test/single-cluster/shell/kind-1/config&#xA;WARNING: Kubernetes configuration file is world-readable. This is insecure. Location: /Users/nispatil/go/src/github.com/cisco-app-networking/nsm_publish/networkservicemesh/.tests/cloud_test/single-cluster/shell/kind-1/config&#xA;Error: uninstall: Release not loaded: config: release: not found&#xA;./scripts/helm-nsm-uninstall.sh --nsm_namespace nsm-system --all&#xA;&#xA;Helm version detected: v3.3.4&#xA;Cleaning up NSM&#xA;xargs: illegal option -- -&#xA;usage: xargs [-0opt] [-E eofstr] [-I replstr [-R replacements] [-S replsize]]&#xA;[-J replstr] [-L number] [-n number [-x]] [-P maxprocs]&#xA;[-s size] [utility [argument ...]]&#xA;WARNING: Kubernetes configuration file is group-readable. This is insecure. Location: /Users/nispatil/go/src/github.com/cisco-app-networking/nsm_publish/networkservicemesh/.tests/cloud_test/single-cluster/shell/kind-1/config&#xA;WARNING: Kubernetes configuration file is world-readable. This is insecure. Location: /Users/nispatil/go/src/github.com/cisco-app-networking/nsm_publish/networkservicemesh/.tests/cloud_test/single-cluster/shell/kind-1/config&#xA;make[1]: [helm-delete] Error 1 (ignored)&#xA;xargs: illegal option -- -&#xA;usage: xargs [-0opt] [-E eofstr] [-I replstr [-R replacements] [-S replsize]]&#xA;[-J replstr] [-L number] [-n number [-x]] [-P maxprocs]&#xA;[-s size] [utility [argument ...]]&#xA;No resources found in nsm-system namespace.&#xA;make[1]: [k8s-terminating-cleanup] Error 1 (ignored)&#xA;Running delete-nsm-namespaces script&#xA;NSM_NAMESPACE=nsm-system&#xA;Checking ns: default&#xA;Checking ns: kube-node-lease&#xA;Checking ns: kube-public&#xA;Checking ns: kube-system&#xA;Checking ns: local-path-storage&#xA;Checking ns: nsm-system&#xA;Deleting ns: nsm-system&#xA;warning: Immediate deletion does not wait for confirmation that the running resource has been terminated. The resource may continue to run on the cluster indefinitely.&#xA;No resources found&#xA;namespace &#34;nsm-system&#34; deleted&#xA;Checking ns: spire&#xA;make k8s-config &amp;&amp; echo &#34;Cluster reset successfull&#34;&#xA;namespace/nsm-system created&#xA;helm --namespace nsm-system install config deployments/helm/nsm/charts/config&#xA;WARNING: Kubernetes configuration file is group-readable. This is insecure. Location: /Users/nispatil/go/src/github.com/cisco-app-networking/nsm_publish/networkservicemesh/.tests/cloud_test/single-cluster/shell/kind-1/config&#xA;WARNING: Kubernetes configuration file is world-readable. This is insecure. Location: /Users/nispatil/go/src/github.com/cisco-app-networking/nsm_publish/networkservicemesh/.tests/cloud_test/single-cluster/shell/kind-1/config&#xA;NAME: config&#xA;LAST DEPLOYED: Tue Jun  8 20:19:02 2021&#xA;NAMESPACE: nsm-system&#xA;STATUS: deployed&#xA;REVISION: 1&#xA;TEST SUITE: None&#xA;Cluster reset successfull</failure>
                  </testcase>
                  <testcase classname="" name="TestDeleteNSMCr" time="74.388572483" cluster_instance="kind-1"></testcase>
                  <testcase classname="" name="TestSeveralCrossConnects" time="247.798418678" cluster_instance="kind-1">
                      <failure message="Test execution failed TestSeveralCrossConnects" type="ERROR">Execution attempt: 0 Output file: .tests/cloud_test/single-cluster/kind-1/045-TestSeveralCrossConnects-run.log&#xA;Starting TestSeveralCrossConnects on kind-1&#xA;Command line go test . -test.timeout 10m0s -count 1 --run &#34;^(TestSeveralCrossConnects)$\\z&#34; --tags &#34;basic&#34; --test.v&#xA;env==[KUBECONFIG=/Users/nispatil/go/src/github.com/cisco-app-networking/nsm_publish/networkservicemesh/.tests/cloud_test/single-cluster/shell/kind-1/config ARTIFACTS_DIR=/Users/nispatil/go/src/github.com/cisco-app-networking/nsm_publish/networkservicemesh/.tests/cloud_test/single-cluster/kind-1/TestSeveralCrossConnects]&#xA;&#xA;=== RUN   TestSeveralCrossConnects&#xA;time=&#34;2021-06-08T20:34:57-07:00&#34; level=info msg=&#34;Using Kubeconfig: /Users/nispatil/go/src/github.com/cisco-app-networking/nsm_publish/networkservicemesh/.tests/cloud_test/single-cluster/shell/kind-1/config&#34;&#xA;time=&#34;2021-06-08T20:34:57-07:00&#34; level=info msg=&#34;FORWARDING_PLANE not set, using default forwarder - vpp&#34;&#xA;time=&#34;2021-06-08T20:34:57-07:00&#34; level=info msg=&#34;Creating artifact manager with config: &amp;{4 false /Users/nispatil/go/src/github.com/cisco-app-networking/nsm_publish/networkservicemesh/.tests/cloud_test/single-cluster/kind-1/TestSeveralCrossConnects}&#34;&#xA;time=&#34;2021-06-08T20:34:57-07:00&#34; level=error msg=&#34;Error during create of test namespace failed to create a namespace: namespaces \&#34;nsm-system\&#34; already exists&#34;&#xA;time=&#34;2021-06-08T20:34:57-07:00&#34; level=info msg=&#34;Checking availability of API server on 127.0.0.1&#34;&#xA;time=&#34;2021-06-08T20:35:01-07:00&#34; level=info msg=&#34;PING 127.0.0.1 (127.0.0.1): 56 data bytes\n64 bytes from 127.0.0.1: icmp_seq=0 ttl=64 time=0.039 ms\n64 bytes from 127.0.0.1: icmp_seq=1 ttl=64 time=0.046 ms\n64 bytes from 127.0.0.1: icmp_seq=2 ttl=64 time=0.069 ms\n64 bytes from 127.0.0.1: icmp_seq=3 ttl=64 time=0.070 ms\n64 bytes from 127.0.0.1: icmp_seq=4 ttl=64 time=0.048 ms\n\n--- 127.0.0.1 ping statistics ---\n5 packets transmitted, 5 packets received, 0.0%!p(MISSING)acket loss\nround-trip min/avg/max/stddev = 0.039/0.054/0.070/0.013 ms\n&#34;&#xA;time=&#34;2021-06-08T20:35:01-07:00&#34; level=info msg=&#34;USE_IPV6 not set, using default false&#34;&#xA;time=&#34;2021-06-08T20:35:01-07:00&#34; level=error msg=&#34;serviceaccounts \&#34;nsc-acc\&#34; not found&#34;&#xA;time=&#34;2021-06-08T20:35:01-07:00&#34; level=error msg=&#34;serviceaccounts \&#34;nse-acc\&#34; not found&#34;&#xA;time=&#34;2021-06-08T20:35:01-07:00&#34; level=error msg=&#34;serviceaccounts \&#34;nsmgr-acc\&#34; not found&#34;&#xA;time=&#34;2021-06-08T20:35:01-07:00&#34; level=error msg=&#34;serviceaccounts \&#34;nsmrs-acc\&#34; not found&#34;&#xA;time=&#34;2021-06-08T20:35:01-07:00&#34; level=error msg=&#34;serviceaccounts \&#34;forward-plane-acc\&#34; not found&#34;&#xA;time=&#34;2021-06-08T20:35:01-07:00&#34; level=error msg=&#34;serviceaccounts \&#34;crossconnect-monitor-acc\&#34; not found&#34;&#xA;time=&#34;2021-06-08T20:35:02-07:00&#34; level=error msg=&#34;serviceaccounts \&#34;proxy-nsmgr-acc\&#34; not found&#34;&#xA;time=&#34;2021-06-08T20:35:02-07:00&#34; level=info msg=&#34;Cleanup done: 845.223622ms&#34;&#xA;time=&#34;2021-06-08T20:35:02-07:00&#34; level=info msg=&#34;&amp;ServiceAccount{ObjectMeta:{default  nsm-system /api/v1/namespaces/nsm-system/serviceaccounts/default dcb26720-959a-4fd6-9aa9-7a1495a7bf9e 22925 0 2021-06-08 20:34:49 -0700 PDT &lt;nil&gt; &lt;nil&gt; map[] map[] [] []  []},Secrets:[]ObjectReference{ObjectReference{Kind:,Namespace:,Name:default-token-pjsjf,UID:,APIVersion:,ResourceVersion:,FieldPath:,},},ImagePullSecrets:[]LocalObjectReference{},AutomountServiceAccountToken:nil,}&#34;&#xA;I0608 20:35:03.255284   38939 request.go:621] Throttling request took 1.156880887s, request: POST:https://127.0.0.1:55081/api/v1/namespaces/nsm-system/serviceaccounts&#xA;time=&#34;2021-06-08T20:35:03-07:00&#34; level=info msg=&#34;&amp;ServiceAccount{ObjectMeta:{nsmrs-acc  nsm-system /api/v1/namespaces/nsm-system/serviceaccounts/nsmrs-acc 8e451eed-f378-4e48-b512-a1ec00c4cb47 22993 0 2021-06-08 20:35:02 -0700 PDT &lt;nil&gt; &lt;nil&gt; map[] map[] [] []  []},Secrets:[]ObjectReference{ObjectReference{Kind:,Namespace:,Name:nsmrs-acc-token-z8vrh,UID:,APIVersion:,ResourceVersion:,FieldPath:,},},ImagePullSecrets:[]LocalObjectReference{},AutomountServiceAccountToken:nil,}&#34;&#xA;time=&#34;2021-06-08T20:35:04-07:00&#34; level=info msg=&#34;&amp;ServiceAccount{ObjectMeta:{forward-plane-acc  nsm-system /api/v1/namespaces/nsm-system/serviceaccounts/forward-plane-acc 0930d23c-21cf-4286-849a-a85555d8c92b 22998 0 2021-06-08 20:35:02 -0700 PDT &lt;nil&gt; &lt;nil&gt; map[] map[] [] []  []},Secrets:[]ObjectReference{ObjectReference{Kind:,Namespace:,Name:forward-plane-acc-token-9fbbs,UID:,APIVersion:,ResourceVersion:,FieldPath:,},},ImagePullSecrets:[]LocalObjectReference{},AutomountServiceAccountToken:nil,}&#34;&#xA;time=&#34;2021-06-08T20:35:04-07:00&#34; level=info msg=&#34;&amp;ServiceAccount{ObjectMeta:{crossconnect-monitor-acc  nsm-system /api/v1/namespaces/nsm-system/serviceaccounts/crossconnect-monitor-acc af63ce32-8fc6-499e-9c9d-14a381d147fd 23004 0 2021-06-08 20:35:02 -0700 PDT &lt;nil&gt; &lt;nil&gt; map[] map[] [] []  []},Secrets:[]ObjectReference{ObjectReference{Kind:,Namespace:,Name:crossconnect-monitor-acc-token-shk5g,UID:,APIVersion:,ResourceVersion:,FieldPath:,},},ImagePullSecrets:[]LocalObjectReference{},AutomountServiceAccountToken:nil,}&#34;&#xA;time=&#34;2021-06-08T20:35:04-07:00&#34; level=info msg=&#34;&amp;ServiceAccount{ObjectMeta:{nse-acc  nsm-system /api/v1/namespaces/nsm-system/serviceaccounts/nse-acc b9b25d40-ddf1-487b-94dd-f3ab2c6463f8 23007 0 2021-06-08 20:35:03 -0700 PDT &lt;nil&gt; &lt;nil&gt; map[] map[] [] []  []},Secrets:[]ObjectReference{ObjectReference{Kind:,Namespace:,Name:nse-acc-token-v4bpg,UID:,APIVersion:,ResourceVersion:,FieldPath:,},},ImagePullSecrets:[]LocalObjectReference{},AutomountServiceAccountToken:nil,}&#34;&#xA;time=&#34;2021-06-08T20:35:04-07:00&#34; level=info msg=&#34;&amp;ServiceAccount{ObjectMeta:{nsc-acc  nsm-system /api/v1/namespaces/nsm-system/serviceaccounts/nsc-acc 20f437f8-c6c3-4693-aed1-3daca4a63402 23010 0 2021-06-08 20:35:03 -0700 PDT &lt;nil&gt; &lt;nil&gt; map[] map[] [] []  []},Secrets:[]ObjectReference{ObjectReference{Kind:,Namespace:,Name:nsc-acc-token-snk7m,UID:,APIVersion:,ResourceVersion:,FieldPath:,},},ImagePullSecrets:[]LocalObjectReference{},AutomountServiceAccountToken:nil,}&#34;&#xA;time=&#34;2021-06-08T20:35:04-07:00&#34; level=info msg=&#34;&amp;ServiceAccount{ObjectMeta:{proxy-nsmgr-acc  nsm-system /api/v1/namespaces/nsm-system/serviceaccounts/proxy-nsmgr-acc 36e64612-b349-46ba-b243-b8567db20e51 23013 0 2021-06-08 20:35:03 -0700 PDT &lt;nil&gt; &lt;nil&gt; map[] map[] [] []  []},Secrets:[]ObjectReference{ObjectReference{Kind:,Namespace:,Name:proxy-nsmgr-acc-token-mdf8j,UID:,APIVersion:,ResourceVersion:,FieldPath:,},},ImagePullSecrets:[]LocalObjectReference{},AutomountServiceAccountToken:nil,}&#34;&#xA;time=&#34;2021-06-08T20:35:05-07:00&#34; level=info msg=&#34;&amp;ServiceAccount{ObjectMeta:{nsmgr-acc  nsm-system /api/v1/namespaces/nsm-system/serviceaccounts/nsmgr-acc d5890562-16bf-4f5b-a32a-da912bbe1063 23016 0 2021-06-08 20:35:03 -0700 PDT &lt;nil&gt; &lt;nil&gt; map[] map[] [] []  []},Secrets:[]ObjectReference{ObjectReference{Kind:,Namespace:,Name:nsmgr-acc-token-wzt5w,UID:,APIVersion:,ResourceVersion:,FieldPath:,},},ImagePullSecrets:[]LocalObjectReference{},AutomountServiceAccountToken:nil,}&#34;&#xA;time=&#34;2021-06-08T20:35:05-07:00&#34; level=info msg=&#34;Creating ConfigMap &#39;nsm-config&#39; in namespace&#39;nsm-system&#39;...&#34;&#xA;time=&#34;2021-06-08T20:35:05-07:00&#34; level=info msg=&#34;Using image: containers.cisco.com/appn/prefix-service:vl3_latest&#34;&#xA;time=&#34;2021-06-08T20:35:05-07:00&#34; level=info msg=&#34;Using image: containers.cisco.com/appn/test-common:vl3_latest&#34;&#xA;time=&#34;2021-06-08T20:35:05-07:00&#34; level=info msg=&#34;role is created: &amp;ClusterRole{ObjectMeta:{aggregate-network-services-view  nsm-system    0 0001-01-01 00:00:00 +0000 UTC &lt;nil&gt; &lt;nil&gt; map[rbac.authorization.k8s.io/aggregate-to-view:true] map[] [] []  []},Rules:[]PolicyRule{PolicyRule{Verbs:[get list watch],APIGroups:[networkservicemesh.io],Resources:[networkservices],ResourceNames:[],NonResourceURLs:[],},},AggregationRule:nil,}&#34;&#xA;time=&#34;2021-06-08T20:35:05-07:00&#34; level=info msg=&#34;role is created: &amp;ClusterRole{ObjectMeta:{nsm-role  nsm-system    0 0001-01-01 00:00:00 +0000 UTC &lt;nil&gt; &lt;nil&gt; map[rbac.authorization.k8s.io/aggregate-to-admin:true rbac.authorization.k8s.io/aggregate-to-edit:true] map[] [] []  []},Rules:[]PolicyRule{PolicyRule{Verbs:[*],APIGroups:[networkservicemesh.io],Resources:[networkservices networkserviceendpoints networkservicemanagers],ResourceNames:[],NonResourceURLs:[],},PolicyRule{Verbs:[*],APIGroups:[apiextensions.k8s.io],Resources:[customresourcedefinitions],ResourceNames:[],NonResourceURLs:[],},PolicyRule{Verbs:[get update],APIGroups:[],Resources:[configmaps],ResourceNames:[],NonResourceURLs:[],},PolicyRule{Verbs:[get list watch],APIGroups:[],Resources:[nodes services namespaces],ResourceNames:[],NonResourceURLs:[],},},AggregationRule:nil,}&#34;&#xA;time=&#34;2021-06-08T20:35:05-07:00&#34; level=info msg=&#34;role is created: &amp;ClusterRoleBinding{ObjectMeta:{nsm-role-binding      0 0001-01-01 00:00:00 +0000 UTC &lt;nil&gt; &lt;nil&gt; map[] map[] [] []  []},Subjects:[]Subject{Subject{Kind:ServiceAccount,APIGroup:,Name:nsmgr-acc,Namespace:nsm-system,},Subject{Kind:ServiceAccount,APIGroup:,Name:proxy-nsmgr-acc,Namespace:nsm-system,},Subject{Kind:ServiceAccount,APIGroup:,Name:crossconnect-monitor-acc,Namespace:nsm-system,},},RoleRef:RoleRef{APIGroup:rbac.authorization.k8s.io,Kind:ClusterRole,Name:nsm-role,},}&#34;&#xA;time=&#34;2021-06-08T20:35:07-07:00&#34; level=info msg=&#34;Trying to establish connection with the spire provider at address:tcp://127.0.0.1:52862&#34;&#xA;time=&#34;2021-06-08T20:35:07-07:00&#34; level=info msg=&#34;Created the todo context:tcp://127.0.0.1:52862&#34;&#xA;time=&#34;2021-06-08T20:35:07-07:00&#34; level=info msg=&#34;Got x509:&amp;{0xc00069c510 &lt;nil&gt; {{0 0} 0 0 0 0} 0xc0004ad5e0 0xc00053c1e0 {{0 0} 0 0 0 0} false} &lt;nil&gt;&#34;&#xA;time=&#34;2021-06-08T20:35:07-07:00&#34; level=info msg=&#34;Started goroutine&#34;&#xA;time=&#34;2021-06-08T20:35:07-07:00&#34; level=info msg=&#34;Returning provider&#34;&#xA;time=&#34;2021-06-08T20:35:07-07:00&#34; level=info msg=&#34;Issued identity:spiffe://test.com/nsmgr&#34;&#xA;time=&#34;2021-06-08T20:35:08-07:00&#34; level=info msg=&#34;Checking node: kind-1-control-plane&#34;&#xA;time=&#34;2021-06-08T20:35:08-07:00&#34; level=info msg=&#34;Checking node: kind-1-worker&#34;&#xA;time=&#34;2021-06-08T20:35:08-07:00&#34; level=info msg=&#34;Checking node: kind-1-worker2&#34;&#xA;time=&#34;2021-06-08T20:35:08-07:00&#34; level=info msg=&#34;Using image: jaegertracing/all-in-one:1.14.0&#34;&#xA;time=&#34;2021-06-08T20:35:10-07:00&#34; level=info msg=&#34;getting logs without container jaeger=none&#34;&#xA;time=&#34;2021-06-08T20:35:10-07:00&#34; level=info msg=&#34;Using image: containers.cisco.com/appn/nsmdp:vl3_latest&#34;&#xA;time=&#34;2021-06-08T20:35:10-07:00&#34; level=info msg=&#34;Using image: containers.cisco.com/appn/nsmd:vl3_latest&#34;&#xA;time=&#34;2021-06-08T20:35:10-07:00&#34; level=info msg=&#34;Using image: containers.cisco.com/appn/nsmd-k8s:vl3_latest&#34;&#xA;time=&#34;2021-06-08T20:35:10-07:00&#34; level=info msg=&#34;Using image: containers.cisco.com/appn/nsmdp:vl3_latest&#34;&#xA;time=&#34;2021-06-08T20:35:10-07:00&#34; level=info msg=&#34;Using image: containers.cisco.com/appn/nsmd:vl3_latest&#34;&#xA;time=&#34;2021-06-08T20:35:10-07:00&#34; level=info msg=&#34;Using image: containers.cisco.com/appn/vppagent-forwarder:vl3_latest&#34;&#xA;time=&#34;2021-06-08T20:35:10-07:00&#34; level=info msg=&#34;Using image: containers.cisco.com/appn/nsmd-k8s:vl3_latest&#34;&#xA;time=&#34;2021-06-08T20:35:10-07:00&#34; level=info msg=&#34;Using image: containers.cisco.com/appn/vppagent-forwarder:vl3_latest&#34;&#xA;time=&#34;2021-06-08T20:35:18-07:00&#34; level=info msg=&#34;Started NSMgr/Forwarder: 7.870905942s on node kind-1-worker&#34;&#xA;time=&#34;2021-06-08T20:35:19-07:00&#34; level=info msg=&#34;Started NSMgr/Forwarder: 9.280249088s on node kind-1-worker2&#34;&#xA;time=&#34;2021-06-08T20:35:19-07:00&#34; level=info msg=&#34;Using image: containers.cisco.com/appn/test-common:vl3_latest&#34;&#xA;time=&#34;2021-06-08T20:35:19-07:00&#34; level=info msg=&#34;Starting ICMP Responder NSE on node: kind-1-worker2 &#34;&#xA;time=&#34;2021-06-08T20:35:26-07:00&#34; level=info msg=&#34;getting logs without container icmp-responder-nse-1=none&#34;&#xA;time=&#34;2021-06-08T20:35:26-07:00&#34; level=info msg=&#34;ICMP Responder icmp-responder-nse-1 started done: 6.742213635s&#34;&#xA;time=&#34;2021-06-08T20:35:26-07:00&#34; level=info msg=&#34;Starting NSC nsc-1 on node: kind-1-worker&#34;&#xA;time=&#34;2021-06-08T20:36:56-07:00&#34; level=info msg=&#34;Pod deploy half time passed: nsc-1&#34;&#xA;time=&#34;2021-06-08T20:38:26-07:00&#34; level=error msg=&#34;createAndBlock with pods: nsc-1 Timeout in waitTimeout&#34;&#xA;time=&#34;2021-06-08T20:38:26-07:00&#34; level=error msg=&#34;Failed to deploy pod, trying to get any information&#34;&#xA;time=&#34;2021-06-08T20:38:26-07:00&#34; level=error msg=&#34;blockUntilPodReady failed. Cause: Timeout during waiting for pod change status for pod nsc-1 [{Initialized False 0001-01-01 00:00:00 +0000 UTC 2021-06-08 20:35:26 -0700 PDT ContainersNotInitialized containers with incomplete status: [nsm-init]} {Ready False 0001-01-01 00:00:00 +0000 UTC 2021-06-08 20:35:26 -0700 PDT ContainersNotReady containers with unready status: [alpine-img]} {ContainersReady False 0001-01-01 00:00:00 +0000 UTC 2021-06-08 20:35:26 -0700 PDT ContainersNotReady containers with unready status: [alpine-img]} {PodScheduled True 0001-01-01 00:00:00 +0000 UTC 2021-06-08 20:35:26 -0700 PDT  }] status:  pod: nsc-1&#34;&#xA;time=&#34;2021-06-08T20:38:26-07:00&#34; level=info msg=&#34;Pod container information: nsc-1&#34;&#xA;time=&#34;2021-06-08T20:38:27-07:00&#34; level=info msg=&#34;Pod nsc-1 event: {\&#34;metadata\&#34;:{\&#34;name\&#34;:\&#34;nsc-1.1686cca5d3c5d1bc\&#34;,\&#34;namespace\&#34;:\&#34;nsm-system\&#34;,\&#34;selfLink\&#34;:\&#34;/api/v1/namespaces/nsm-system/events/nsc-1.1686cca5d3c5d1bc\&#34;,\&#34;uid\&#34;:\&#34;7eec0e71-f63b-4ab7-95a8-f314a2322cfa\&#34;,\&#34;resourceVersion\&#34;:\&#34;23189\&#34;,\&#34;creationTimestamp\&#34;:\&#34;2021-06-09T03:35:28Z\&#34;},\&#34;involvedObject\&#34;:{\&#34;kind\&#34;:\&#34;Pod\&#34;,\&#34;namespace\&#34;:\&#34;nsm-system\&#34;,\&#34;name\&#34;:\&#34;nsc-1\&#34;,\&#34;uid\&#34;:\&#34;c0c3a727-9989-43f3-b316-48596d397b69\&#34;,\&#34;apiVersion\&#34;:\&#34;v1\&#34;,\&#34;resourceVersion\&#34;:\&#34;23179\&#34;,\&#34;fieldPath\&#34;:\&#34;spec.initContainers{nsm-init}\&#34;},\&#34;reason\&#34;:\&#34;Started\&#34;,\&#34;message\&#34;:\&#34;Started container nsm-init\&#34;,\&#34;source\&#34;:{\&#34;component\&#34;:\&#34;kubelet\&#34;,\&#34;host\&#34;:\&#34;kind-1-worker\&#34;},\&#34;firstTimestamp\&#34;:\&#34;2021-06-09T03:35:28Z\&#34;,\&#34;lastTimestamp\&#34;:\&#34;2021-06-09T03:35:28Z\&#34;,\&#34;count\&#34;:1,\&#34;type\&#34;:\&#34;Normal\&#34;,\&#34;eventTime\&#34;:null,\&#34;reportingComponent\&#34;:\&#34;\&#34;,\&#34;reportingInstance\&#34;:\&#34;\&#34;}&#34;&#xA;time=&#34;2021-06-08T20:38:27-07:00&#34; level=info msg=&#34;Pod nsc-1 event: {\&#34;metadata\&#34;:{\&#34;name\&#34;:\&#34;nsc-1.1686cca5cd2dcc88\&#34;,\&#34;namespace\&#34;:\&#34;nsm-system\&#34;,\&#34;selfLink\&#34;:\&#34;/api/v1/namespaces/nsm-system/events/nsc-1.1686cca5cd2dcc88\&#34;,\&#34;uid\&#34;:\&#34;1b80ff7a-2a2d-4a51-893f-27dc08e7af53\&#34;,\&#34;resourceVersion\&#34;:\&#34;23188\&#34;,\&#34;creationTimestamp\&#34;:\&#34;2021-06-09T03:35:28Z\&#34;},\&#34;involvedObject\&#34;:{\&#34;kind\&#34;:\&#34;Pod\&#34;,\&#34;namespace\&#34;:\&#34;nsm-system\&#34;,\&#34;name\&#34;:\&#34;nsc-1\&#34;,\&#34;uid\&#34;:\&#34;c0c3a727-9989-43f3-b316-48596d397b69\&#34;,\&#34;apiVersion\&#34;:\&#34;v1\&#34;,\&#34;resourceVersion\&#34;:\&#34;23179\&#34;,\&#34;fieldPath\&#34;:\&#34;spec.initContainers{nsm-init}\&#34;},\&#34;reason\&#34;:\&#34;Created\&#34;,\&#34;message\&#34;:\&#34;Created container nsm-init\&#34;,\&#34;source\&#34;:{\&#34;component\&#34;:\&#34;kubelet\&#34;,\&#34;host\&#34;:\&#34;kind-1-worker\&#34;},\&#34;firstTimestamp\&#34;:\&#34;2021-06-09T03:35:28Z\&#34;,\&#34;lastTimestamp\&#34;:\&#34;2021-06-09T03:35:28Z\&#34;,\&#34;count\&#34;:1,\&#34;type\&#34;:\&#34;Normal\&#34;,\&#34;eventTime\&#34;:null,\&#34;reportingComponent\&#34;:\&#34;\&#34;,\&#34;reportingInstance\&#34;:\&#34;\&#34;}&#34;&#xA;time=&#34;2021-06-08T20:38:27-07:00&#34; level=info msg=&#34;Pod nsc-1 event: {\&#34;metadata\&#34;:{\&#34;name\&#34;:\&#34;nsc-1.1686cca5ca448e80\&#34;,\&#34;namespace\&#34;:\&#34;nsm-system\&#34;,\&#34;selfLink\&#34;:\&#34;/api/v1/namespaces/nsm-system/events/nsc-1.1686cca5ca448e80\&#34;,\&#34;uid\&#34;:\&#34;96ae04af-51ab-4287-889d-39cc3a197c68\&#34;,\&#34;resourceVersion\&#34;:\&#34;23187\&#34;,\&#34;creationTimestamp\&#34;:\&#34;2021-06-09T03:35:28Z\&#34;},\&#34;involvedObject\&#34;:{\&#34;kind\&#34;:\&#34;Pod\&#34;,\&#34;namespace\&#34;:\&#34;nsm-system\&#34;,\&#34;name\&#34;:\&#34;nsc-1\&#34;,\&#34;uid\&#34;:\&#34;c0c3a727-9989-43f3-b316-48596d397b69\&#34;,\&#34;apiVersion\&#34;:\&#34;v1\&#34;,\&#34;resourceVersion\&#34;:\&#34;23179\&#34;,\&#34;fieldPath\&#34;:\&#34;spec.initContainers{nsm-init}\&#34;},\&#34;reason\&#34;:\&#34;Pulled\&#34;,\&#34;message\&#34;:\&#34;Container image \\\&#34;containers.cisco.com/appn/nsm-init:vl3_latest\\\&#34; already present on machine\&#34;,\&#34;source\&#34;:{\&#34;component\&#34;:\&#34;kubelet\&#34;,\&#34;host\&#34;:\&#34;kind-1-worker\&#34;},\&#34;firstTimestamp\&#34;:\&#34;2021-06-09T03:35:28Z\&#34;,\&#34;lastTimestamp\&#34;:\&#34;2021-06-09T03:35:28Z\&#34;,\&#34;count\&#34;:1,\&#34;type\&#34;:\&#34;Normal\&#34;,\&#34;eventTime\&#34;:null,\&#34;reportingComponent\&#34;:\&#34;\&#34;,\&#34;reportingInstance\&#34;:\&#34;\&#34;}&#34;&#xA;time=&#34;2021-06-08T20:38:27-07:00&#34; level=info msg=&#34;Pod nsc-1 event: {\&#34;metadata\&#34;:{\&#34;name\&#34;:\&#34;nsc-1.1686cca57235cb3c\&#34;,\&#34;namespace\&#34;:\&#34;nsm-system\&#34;,\&#34;selfLink\&#34;:\&#34;/api/v1/namespaces/nsm-system/events/nsc-1.1686cca57235cb3c\&#34;,\&#34;uid\&#34;:\&#34;78df5c43-2e60-4711-b90d-b1b133c40716\&#34;,\&#34;resourceVersion\&#34;:\&#34;23180\&#34;,\&#34;creationTimestamp\&#34;:\&#34;2021-06-09T03:35:26Z\&#34;},\&#34;involvedObject\&#34;:{\&#34;kind\&#34;:\&#34;Pod\&#34;,\&#34;namespace\&#34;:\&#34;nsm-system\&#34;,\&#34;name\&#34;:\&#34;nsc-1\&#34;,\&#34;uid\&#34;:\&#34;c0c3a727-9989-43f3-b316-48596d397b69\&#34;,\&#34;apiVersion\&#34;:\&#34;v1\&#34;,\&#34;resourceVersion\&#34;:\&#34;23178\&#34;},\&#34;reason\&#34;:\&#34;Scheduled\&#34;,\&#34;message\&#34;:\&#34;Successfully assigned nsm-system/nsc-1 to kind-1-worker\&#34;,\&#34;source\&#34;:{\&#34;component\&#34;:\&#34;default-scheduler\&#34;},\&#34;firstTimestamp\&#34;:\&#34;2021-06-09T03:35:26Z\&#34;,\&#34;lastTimestamp\&#34;:\&#34;2021-06-09T03:35:26Z\&#34;,\&#34;count\&#34;:1,\&#34;type\&#34;:\&#34;Normal\&#34;,\&#34;eventTime\&#34;:null,\&#34;reportingComponent\&#34;:\&#34;\&#34;,\&#34;reportingInstance\&#34;:\&#34;\&#34;}&#34;&#xA;time=&#34;2021-06-08T20:38:27-07:00&#34; level=info msg=&#34;Pod nsc-1: container: nsm-init status: false: Logs: time=\&#34;2021-06-09T03:35:28Z\&#34; level=info msg=\&#34;Starting nsm-init...\&#34;\ntime=\&#34;2021-06-09T03:35:28Z\&#34; level=info msg=\&#34;Version: v1.0.1-rc.2-1-g9262b77b\&#34;\ntime=\&#34;2021-06-09T03:35:28Z\&#34; level=info msg=\&#34;All env variables:\&#34;\ntime=\&#34;2021-06-09T03:35:28Z\&#34; level=info msg=\&#34;KUBERNETES_PORT=tcp://10.96.0.1:443\&#34;\ntime=\&#34;2021-06-09T03:35:28Z\&#34; level=info msg=\&#34;KUBERNETES_SERVICE_PORT=443\&#34;\ntime=\&#34;2021-06-09T03:35:28Z\&#34; level=info msg=\&#34;GRPC_GO_LOG_VERBOSITY_LEVEL=99\&#34;\ntime=\&#34;2021-06-09T03:35:28Z\&#34; level=info msg=\&#34;HOSTNAME=nsc-1\&#34;\ntime=\&#34;2021-06-09T03:35:28Z\&#34; level=info msg=\&#34;GRPC_GO_LOG_SEVERITY_LEVEL=info\&#34;\ntime=\&#34;2021-06-09T03:35:28Z\&#34; level=info msg=\&#34;SHLVL=1\&#34;\ntime=\&#34;2021-06-09T03:35:28Z\&#34; level=info msg=\&#34;NSM_CLIENT_SOCKET=/var/lib/networkservicemesh/nsm.client.io.sock\&#34;\ntime=\&#34;2021-06-09T03:35:28Z\&#34; level=info msg=\&#34;HOME=/root\&#34;\ntime=\&#34;2021-06-09T03:35:28Z\&#34; level=info msg=\&#34;WORKSPACE=/var/lib/networkservicemesh/\&#34;\ntime=\&#34;2021-06-09T03:35:28Z\&#34; level=info msg=\&#34;KUBERNETES_PORT_443_TCP_ADDR=10.96.0.1\&#34;\ntime=\&#34;2021-06-09T03:35:28Z\&#34; level=info msg=\&#34;PATH=/usr/local/sbin:/usr/local/bin:/usr/sbin:/usr/bin:/sbin:/bin\&#34;\ntime=\&#34;2021-06-09T03:35:28Z\&#34; level=info msg=\&#34;CLIENT_LABELS=app=icmp\&#34;\ntime=\&#34;2021-06-09T03:35:28Z\&#34; level=info msg=\&#34;KUBERNETES_PORT_443_TCP_PORT=443\&#34;\ntime=\&#34;2021-06-09T03:35:28Z\&#34; level=info msg=\&#34;CLIENT_NETWORK_SERVICE=icmp-responder\&#34;\ntime=\&#34;2021-06-09T03:35:28Z\&#34; level=info msg=\&#34;KUBERNETES_PORT_443_TCP_PROTO=tcp\&#34;\ntime=\&#34;2021-06-09T03:35:28Z\&#34; level=info msg=\&#34;ENTRY=nsm-init\&#34;\ntime=\&#34;2021-06-09T03:35:28Z\&#34; level=info msg=\&#34;NSM_SERVER_SOCKET=/var/lib/networkservicemesh/nsm.server.io.sock\&#34;\ntime=\&#34;2021-06-09T03:35:28Z\&#34; level=info msg=\&#34;KUBERNETES_SERVICE_PORT_HTTPS=443\&#34;\ntime=\&#34;2021-06-09T03:35:28Z\&#34; level=info msg=\&#34;KUBERNETES_PORT_443_TCP=tcp://10.96.0.1:443\&#34;\ntime=\&#34;2021-06-09T03:35:28Z\&#34; level=info msg=\&#34;KUBERNETES_SERVICE_HOST=10.96.0.1\&#34;\ntime=\&#34;2021-06-09T03:35:28Z\&#34; level=info msg=\&#34;PWD=/\&#34;\ntime=\&#34;2021-06-09T03:35:28Z\&#34; level=info msg=\&#34;NSM_DEVICE_PLUGIN=true\&#34;\ntime=\&#34;2021-06-09T03:35:28Z\&#34; level=info msg=\&#34;nsmServerSocket: /var/lib/networkservicemesh/nsm.server.io.sock\&#34;\ntime=\&#34;2021-06-09T03:35:28Z\&#34; level=info msg=\&#34;nsmClientSocket: /var/lib/networkservicemesh/nsm.client.io.sock\&#34;\ntime=\&#34;2021-06-09T03:35:28Z\&#34; level=info msg=\&#34;workspace: /var/lib/networkservicemesh/\&#34;\ntime=\&#34;2021-06-09T03:35:28Z\&#34; level=info msg=\&#34;ENDPOINT_NETWORK_SERVICE not found.\&#34;\ntime=\&#34;2021-06-09T03:35:28Z\&#34; level=info msg=\&#34;Outgoing Network Service Name: icmp-responder\&#34;\ntime=\&#34;2021-06-09T03:35:28Z\&#34; level=info msg=\&#34;ENDPOINT_LABELS not found.\&#34;\ntime=\&#34;2021-06-09T03:35:28Z\&#34; level=info msg=\&#34;Outgoing labels: app=icmp\&#34;\ntime=\&#34;2021-06-09T03:35:28Z\&#34; level=info msg=\&#34;NSC_INTERFACE_NAME not found.\&#34;\ntime=\&#34;2021-06-09T03:35:28Z\&#34; level=info msg=\&#34;MECHANISM_TYPE not found.\&#34;\ntime=\&#34;2021-06-09T03:35:28Z\&#34; level=info msg=\&#34;IP_ADDRESS not found.\&#34;\ntime=\&#34;2021-06-09T03:35:28Z\&#34; level=info msg=\&#34;POD_NAME not found.\&#34;\ntime=\&#34;2021-06-09T03:35:28Z\&#34; level=info msg=\&#34;NSM_NAMESPACE not found.\&#34;\ntime=\&#34;2021-06-09T03:35:28Z\&#34; level=info msg=\&#34;ROUTES not found.\&#34;\ntime=\&#34;2021-06-09T03:35:28Z\&#34; level=info msg=\&#34;Creating logger from config: &amp;{nsm-init@nsc-1 false false [] 0xc0000c4cc0 0xc000233880 &lt;nil&gt; &lt;nil&gt; &lt;nil&gt;}\&#34;\n2021/06/09 03:35:28 debug logging disabled\n2021/06/09 03:35:28 Initializing logging reporter\n2021/06/09 03:35:28 debug logging disabled\ntime=\&#34;2021-06-09T03:35:28Z\&#34; level=info msg=\&#34;==--&gt; RequestNetworkService() span:17d76906b5e1d8ce:17d76906b5e1d8ce:0000000000000000:1\&#34;\ntime=\&#34;2021-06-09T03:35:28Z\&#34; level=info msg=\&#34;ENDPOINT_NETWORK_SERVICE not found.\&#34;\ntime=\&#34;2021-06-09T03:35:28Z\&#34; level=info msg=\&#34;ENDPOINT_LABELS not found.\&#34;\ntime=\&#34;2021-06-09T03:35:28Z\&#34; level=info msg=\&#34;NSC_INTERFACE_NAME not found.\&#34;\ntime=\&#34;2021-06-09T03:35:28Z\&#34; level=info msg=\&#34;MECHANISM_TYPE not found.\&#34;\ntime=\&#34;2021-06-09T03:35:28Z\&#34; level=info msg=\&#34;IP_ADDRESS not found.\&#34;\ntime=\&#34;2021-06-09T03:35:28Z\&#34; level=info msg=\&#34;POD_NAME not found.\&#34;\ntime=\&#34;2021-06-09T03:35:28Z\&#34; level=info msg=\&#34;NSM_NAMESPACE not found.\&#34;\ntime=\&#34;2021-06-09T03:35:28Z\&#34; level=info msg=\&#34;ROUTES not found.\&#34;\ntime=\&#34;2021-06-09T03:35:28Z\&#34; level=info msg=\&#34;NSM_NAMESPACE not found.\&#34;\ntime=\&#34;2021-06-09T03:35:28Z\&#34; level=warning msg=\&#34;global opentracer is already initialized\&#34;\ntime=\&#34;2021-06-09T03:35:28Z\&#34; level=info msg=\&#34;Creating logger from config: &amp;{nsm-client@nsc-1 false false [] 0xc000078360 0xc000334540 &lt;nil&gt; &lt;nil&gt; &lt;nil&gt;}\&#34;\n2021/06/09 03:35:28 debug logging disabled\n2021/06/09 03:35:28 Initializing logging reporter\n2021/06/09 03:35:28 debug logging disabled\ntime=\&#34;2021-06-09T03:35:28Z\&#34; level=info msg=\&#34;Trying to establish connection to target: /var/lib/networkservicemesh/nsm.server.io.sock\&#34;\ntime=\&#34;2021-06-09T03:35:28Z\&#34; level=info msg=\&#34;readDialConfig insecure: false\&#34;\ntime=\&#34;2021-06-09T03:35:28Z\&#34; level=info msg=\&#34;Trying to establish connection with the spire provider at address:unix:///run/spire/sockets/agent.sock\&#34;\ntime=\&#34;2021-06-09T03:35:28Z\&#34; level=info msg=\&#34;Created the todo context:unix:///run/spire/sockets/agent.sock\&#34;\nINFO: 2021/06/09 03:35:28 [core] parsed scheme: \&#34;unix\&#34;\nINFO: 2021/06/09 03:35:28 [core] ccResolverWrapper: sending update to cc: {[{/run/spire/sockets/agent.sock  0xc00000e0d0 0 &lt;nil&gt;}] &lt;nil&gt; &lt;nil&gt;}\nINFO: 2021/06/09 03:35:28 [core] ClientConn switching balancer to \&#34;pick_first\&#34;\nINFO: 2021/06/09 03:35:28 [core] Channel switches to new LB policy \&#34;pick_first\&#34;\nINFO: 2021/06/09 03:35:28 [core] Subchannel Connectivity change to CONNECTING\nINFO: 2021/06/09 03:35:28 [core] Subchannel picks a new address \&#34;/run/spire/sockets/agent.sock\&#34; to connect\nINFO: 2021/06/09 03:35:28 [core] blockingPicker: the picked transport is not ready, loop back to repick\nINFO: 2021/06/09 03:35:28 [core] Subchannel Connectivity change to READY\nINFO: 2021/06/09 03:35:28 [core] pickfirstBalancer: UpdateSubConnState: 0xc000031000, {CONNECTING &lt;nil&gt;}\nINFO: 2021/06/09 03:35:28 [core] Channel Connectivity change to CONNECTING\nINFO: 2021/06/09 03:35:28 [core] pickfirstBalancer: UpdateSubConnState: 0xc000031000, {READY &lt;nil&gt;}\nINFO: 2021/06/09 03:35:28 [core] Channel Connectivity change to READY\ntime=\&#34;2021-06-09T03:35:28Z\&#34; level=info msg=\&#34;Got x509:&amp;{0xc0003141b0 &lt;nil&gt; {{0 0} 0 0 0 0} 0xc0003a0870 0xc000387ca0 {{0 0} 0 0 0 0} false} &lt;nil&gt;\&#34;\ntime=\&#34;2021-06-09T03:35:28Z\&#34; level=info msg=\&#34;Started goroutine\&#34;\ntime=\&#34;2021-06-09T03:35:28Z\&#34; level=info msg=\&#34;Returning provider\&#34;\ntime=\&#34;2021-06-09T03:35:28Z\&#34; level=info msg=\&#34;func insecure: false, env insecure: false\&#34;\ntime=\&#34;2021-06-09T03:35:28Z\&#34; level=info msg=\&#34;Connecting to the workload api at:unix:///run/spire/sockets/agent.sock\&#34;\nINFO: 2021/06/09 03:35:28 [core] parsed scheme: \&#34;unix\&#34;\ntime=\&#34;2021-06-09T03:35:28Z\&#34; level=info msg=\&#34;Issued identity:spiffe://test.com/nsc\&#34;\nINFO: 2021/06/09 03:35:28 [core] ccResolverWrapper: sending update to cc: {[{/run/spire/sockets/agent.sock  0xc0003840c0 0 &lt;nil&gt;}] &lt;nil&gt; &lt;nil&gt;}\nINFO: 2021/06/09 03:35:28 [core] ClientConn switching balancer to \&#34;pick_first\&#34;\nINFO: 2021/06/09 03:35:28 [core] Channel switches to new LB policy \&#34;pick_first\&#34;\nINFO: 2021/06/09 03:35:28 [core] Subchannel Connectivity change to CONNECTING\nINFO: 2021/06/09 03:35:28 [core] blockingPicker: the picked transport is not ready, loop back to repick\nINFO: 2021/06/09 03:35:28 [core] Subchannel picks a new address \&#34;/run/spire/sockets/agent.sock\&#34; to connect\nINFO: 2021/06/09 03:35:28 [core] pickfirstBalancer: UpdateSubConnState: 0xc000392f10, {CONNECTING &lt;nil&gt;}\nINFO: 2021/06/09 03:35:28 [core] Channel Connectivity change to CONNECTING\nINFO: 2021/06/09 03:35:28 [core] Subchannel Connectivity change to READY\nINFO: 2021/06/09 03:35:28 [core] pickfirstBalancer: UpdateSubConnState: 0xc000392f10, {READY &lt;nil&gt;}\nINFO: 2021/06/09 03:35:28 [core] Channel Connectivity change to READY\nINFO: 2021/06/09 03:35:28 [core] Channel Connectivity change to SHUTDOWN\nINFO: 2021/06/09 03:35:28 [core] Subchannel Connectivity change to SHUTDOWN\ntime=\&#34;2021-06-09T03:35:28Z\&#34; level=info msg=\&#34;Successfully retrieve bundles:&amp;{{{0 0} 0 0 0 0} map[{test.com}:0xc00027a2c0]}\&#34;\ntime=\&#34;2021-06-09T03:35:28Z\&#34; level=info msg=\&#34;defaultTrustDomain:test.com\&#34;\ntime=\&#34;2021-06-09T03:35:28Z\&#34; level=info msg=\&#34;AUTHORIZING ALL CLIENTS\&#34;\ntime=\&#34;2021-06-09T03:35:28Z\&#34; level=info msg=\&#34;Fetch tlsConfig for Trust Domain: test.com\&#34;\ntime=\&#34;2021-06-09T03:35:28Z\&#34; level=info msg=\&#34;Found 1 tlsconfigs.\&#34;\nINFO: 2021/06/09 03:35:28 [transport] transport: loopyWriter.run returning. connection error: desc = \&#34;transport is closing\&#34;\nINFO: 2021/06/09 03:35:28 [core] parsed scheme: \&#34;\&#34;\nINFO: 2021/06/09 03:35:28 [core] scheme \&#34;\&#34; not registered, fallback to default scheme\nINFO: 2021/06/09 03:35:28 [core] ccResolverWrapper: sending update to cc: {[{/var/lib/networkservicemesh/nsm.server.io.sock  &lt;nil&gt; 0 &lt;nil&gt;}] &lt;nil&gt; &lt;nil&gt;}\nINFO: 2021/06/09 03:35:28 [core] ClientConn switching balancer to \&#34;pick_first\&#34;\nINFO: 2021/06/09 03:35:28 [core] Channel switches to new LB policy \&#34;pick_first\&#34;\nINFO: 2021/06/09 03:35:28 [core] Subchannel Connectivity change to CONNECTING\nINFO: 2021/06/09 03:35:28 [core] Subchannel picks a new address \&#34;/var/lib/networkservicemesh/nsm.server.io.sock\&#34; to connect\nINFO: 2021/06/09 03:35:28 [core] pickfirstBalancer: UpdateSubConnState: 0xc000420350, {CONNECTING &lt;nil&gt;}\nINFO: 2021/06/09 03:35:28 [core] Channel Connectivity change to CONNECTING\nINFO: 2021/06/09 03:35:29 [core] Subchannel Connectivity change to READY\nINFO: 2021/06/09 03:35:29 [core] pickfirstBalancer: UpdateSubConnState: 0xc000420350, {READY &lt;nil&gt;}\nINFO: 2021/06/09 03:35:29 [core] Channel Connectivity change to READY\ntime=\&#34;2021-06-09T03:35:29Z\&#34; level=info msg=\&#34;Found the right tls certificate:&amp;{&lt;nil&gt; &lt;nil&gt; [] map[] &lt;nil&gt; 0x946a40 &lt;nil&gt; 0x946ac0 &lt;nil&gt; &lt;nil&gt; []  NoClientCert &lt;nil&gt; true [] false false [0 0 0 0 0 0 0 0 0 0 0 0 0 0 0 0 0 0 0 0 0 0 0 0 0 0 0 0 0 0 0 0] &lt;nil&gt; 0 0 [] false 0 &lt;nil&gt; {{0 0} 0 0 0 0} [] []}\&#34;\nINFO: 2021/06/09 03:35:29 [core] Channel Connectivity change to SHUTDOWN\nINFO: 2021/06/09 03:35:29 [core] Subchannel Connectivity change to SHUTDOWN\nINFO: 2021/06/09 03:35:29 [transport] transport: loopyWriter.run returning. connection error: desc = \&#34;transport is closing\&#34;\ntime=\&#34;2021-06-09T03:35:29Z\&#34; level=info msg=\&#34;Trying to establish connection using tlsConfig:&amp;{&lt;nil&gt; &lt;nil&gt; [] map[] &lt;nil&gt; 0x946a40 &lt;nil&gt; 0x946ac0 &lt;nil&gt; &lt;nil&gt; []  NoClientCert &lt;nil&gt; true [] false false [0 0 0 0 0 0 0 0 0 0 0 0 0 0 0 0 0 0 0 0 0 0 0 0 0 0 0 0 0 0 0 0] &lt;nil&gt; 0 0 [] false 0 &lt;nil&gt; {{0 0} 0 0 0 0} [] []}\&#34;\nINFO: 2021/06/09 03:35:29 [core] parsed scheme: \&#34;\&#34;\nINFO: 2021/06/09 03:35:29 [core] scheme \&#34;\&#34; not registered, fallback to default scheme\nINFO: 2021/06/09 03:35:29 [core] ccResolverWrapper: sending update to cc: {[{/var/lib/networkservicemesh/nsm.server.io.sock  &lt;nil&gt; 0 &lt;nil&gt;}] &lt;nil&gt; &lt;nil&gt;}\nINFO: 2021/06/09 03:35:29 [core] ClientConn switching balancer to \&#34;pick_first\&#34;\nINFO: 2021/06/09 03:35:29 [core] Channel switches to new LB policy \&#34;pick_first\&#34;\nINFO: 2021/06/09 03:35:29 [core] Subchannel Connectivity change to CONNECTING\nINFO: 2021/06/09 03:35:29 [core] Subchannel picks a new address \&#34;/var/lib/networkservicemesh/nsm.server.io.sock\&#34; to connect\nINFO: 2021/06/09 03:35:29 [core] pickfirstBalancer: UpdateSubConnState: 0xc0004208a0, {CONNECTING &lt;nil&gt;}\nINFO: 2021/06/09 03:35:29 [core] Channel Connectivity change to CONNECTING\nINFO: 2021/06/09 03:35:29 [core] Subchannel Connectivity change to READY\nINFO: 2021/06/09 03:35:29 [core] pickfirstBalancer: UpdateSubConnState: 0xc0004208a0, {READY &lt;nil&gt;}\nINFO: 2021/06/09 03:35:29 [core] Channel Connectivity change to READY\ntime=\&#34;2021-06-09T03:35:29Z\&#34; level=info msg=\&#34;nsm: connection to nsm server on socket: /var/lib/networkservicemesh/nsm.server.io.sock succeeded.\&#34;\ntime=\&#34;2021-06-09T03:35:29Z\&#34; level=info msg=\&#34;==----&gt; nsmClient.Connect() span:17d76906b5e1d8ce:78ec1bd22ac6f6d8:17d76906b5e1d8ce:1\&#34;\ntime=\&#34;2021-06-09T03:35:29Z\&#34; level=info msg=\&#34;Initiating an outgoing connection.\&#34; description=\&#34;Primary interface\&#34; destEndpointManager= destEndpointName= mechanism=KERNEL_INTERFACE mechanismName=nsm0 operation=nsmClient.Connect remoteIp= span=\&#34;17d76906b5e1d8ce:78ec1bd22ac6f6d8:17d76906b5e1d8ce:1\&#34;\ntime=\&#34;2021-06-09T03:35:29Z\&#34; level=info msg=\&#34;Initiating an outgoing connection.\&#34; operation=nsmClient.Connect span=\&#34;17d76906b5e1d8ce:78ec1bd22ac6f6d8:17d76906b5e1d8ce:1\&#34;\ntime=\&#34;2021-06-09T03:35:29Z\&#34; level=info msg=\&#34;&gt;&gt;&lt;&lt;---- Selected mechanism={\\\&#34;cls\\\&#34;:\\\&#34;LOCAL\\\&#34;,\\\&#34;type\\\&#34;:\\\&#34;KERNEL_INTERFACE\\\&#34;,\\\&#34;parameters\\\&#34;:{\\\&#34;description\\\&#34;:\\\&#34;Primary interface\\\&#34;,\\\&#34;name\\\&#34;:\\\&#34;nsm0\\\&#34;,\\\&#34;netnsInode\\\&#34;:\\\&#34;4026533544\\\&#34;,\\\&#34;socketfile\\\&#34;:\\\&#34;nsm0/memif.sock\\\&#34;}} span=17d76906b5e1d8ce:78ec1bd22ac6f6d8:17d76906b5e1d8ce:1\&#34;\ntime=\&#34;2021-06-09T03:35:29Z\&#34; level=info msg=\&#34;==------&gt; nsmClient.Connect.attempt:0() span:17d76906b5e1d8ce:585f81447222e865:78ec1bd22ac6f6d8:1\&#34;\ntime=\&#34;2021-06-09T03:35:29Z\&#34; level=info msg=\&#34;Requesting connection:&lt;network_service:\\\&#34;icmp-responder\\\&#34; context:&lt;ip_context:&lt;src_ip_required:true dst_ip_required:true &gt; &gt; labels:&lt;key:\\\&#34;app\\\&#34; value:\\\&#34;icmp\\\&#34; &gt; labels:&lt;key:\\\&#34;namespace\\\&#34; value:\\\&#34;default\\\&#34; &gt; labels:&lt;key:\\\&#34;podName\\\&#34; value:\\\&#34;nsc-1\\\&#34; &gt; &gt; mechanism_preferences:&lt;cls:\\\&#34;LOCAL\\\&#34; type:\\\&#34;KERNEL_INTERFACE\\\&#34; parameters:&lt;key:\\\&#34;description\\\&#34; value:\\\&#34;Primary interface\\\&#34; &gt; parameters:&lt;key:\\\&#34;name\\\&#34; value:\\\&#34;nsm0\\\&#34; &gt; parameters:&lt;key:\\\&#34;netnsInode\\\&#34; value:\\\&#34;4026533544\\\&#34; &gt; parameters:&lt;key:\\\&#34;socketfile\\\&#34; value:\\\&#34;nsm0/memif.sock\\\&#34; &gt; &gt; \&#34; operation=\&#34;nsmClient.Connect.attempt:0\&#34; span=\&#34;17d76906b5e1d8ce:585f81447222e865:78ec1bd22ac6f6d8:1\&#34;\ntime=\&#34;2021-06-09T03:35:29Z\&#34; level=info msg=\&#34;&gt;&gt;&lt;&lt;-------- /networkservice.NetworkService/Request()=\\\&#34;\\\&#34; span=17d76906b5e1d8ce:585f81447222e865:78ec1bd22ac6f6d8:1\&#34;\ntime=\&#34;2021-06-09T03:35:29Z\&#34; level=info msg=\&#34;&gt;&gt;&lt;&lt;-------- request={\\\&#34;connection\\\&#34;:{\\\&#34;network_service\\\&#34;:\\\&#34;icmp-responder\\\&#34;,\\\&#34;context\\\&#34;:{\\\&#34;ip_context\\\&#34;:{\\\&#34;src_ip_required\\\&#34;:true,\\\&#34;dst_ip_required\\\&#34;:true}},\\\&#34;labels\\\&#34;:{\\\&#34;app\\\&#34;:\\\&#34;icmp\\\&#34;,\\\&#34;namespace\\\&#34;:\\\&#34;default\\\&#34;,\\\&#34;podName\\\&#34;:\\\&#34;nsc-1\\\&#34;}},\\\&#34;mechanism_preferences\\\&#34;:[{\\\&#34;cls\\\&#34;:\\\&#34;LOCAL\\\&#34;,\\\&#34;type\\\&#34;:\\\&#34;KERNEL_INTERFACE\\\&#34;,\\\&#34;parameters\\\&#34;:{\\\&#34;description\\\&#34;:\\\&#34;Primary interface\\\&#34;,\\\&#34;name\\\&#34;:\\\&#34;nsm0\\\&#34;,\\\&#34;netnsInode\\\&#34;:\\\&#34;4026533544\\\&#34;,\\\&#34;socketfile\\\&#34;:\\\&#34;nsm0/memif.sock\\\&#34;}}]} span=17d76906b5e1d8ce:585f81447222e865:78ec1bd22ac6f6d8:1\&#34;\n2021/06/09 03:36:28 Reporting span 17d76906b5e1d8ce:0d2998dd93b4c1c3:585f81447222e865:1\ntime=\&#34;2021-06-09T03:36:28Z\&#34; level=info msg=\&#34;&gt;&gt;&lt;&lt;-------- response={} span=17d76906b5e1d8ce:585f81447222e865:78ec1bd22ac6f6d8:1\&#34;\ntime=\&#34;2021-06-09T03:36:28Z\&#34; level=error msg=\&#34;&gt;&gt;&lt;&lt;------ error=rpc error: code = DeadlineExceeded desc = context deadline exceeded span=17d76906b5e1d8ce:585f81447222e865:78ec1bd22ac6f6d8:1\&#34;\ntime=\&#34;2021-06-09T03:36:28Z\&#34; level=error msg=\&#34;nsm client: Failed to connect rpc error: code = DeadlineExceeded desc = context deadline exceeded. Retry attempts: 10 Delaying: 5s\&#34; operation=\&#34;nsmClient.Connect.attempt:0\&#34; span=\&#34;17d76906b5e1d8ce:585f81447222e865:78ec1bd22ac6f6d8:1\&#34;\n2021/06/09 03:36:28 Reporting span 17d76906b5e1d8ce:585f81447222e865:78ec1bd22ac6f6d8:1\ntime=\&#34;2021-06-09T03:36:33Z\&#34; level=info msg=\&#34;==------&gt; nsmClient.Connect.attempt:1() span:17d76906b5e1d8ce:477eae8889cba514:78ec1bd22ac6f6d8:1\&#34;\ntime=\&#34;2021-06-09T03:36:33Z\&#34; level=info msg=\&#34;Requesting connection:&lt;network_service:\\\&#34;icmp-responder\\\&#34; context:&lt;ip_context:&lt;src_ip_required:true dst_ip_required:true &gt; &gt; labels:&lt;key:\\\&#34;app\\\&#34; value:\\\&#34;icmp\\\&#34; &gt; labels:&lt;key:\\\&#34;namespace\\\&#34; value:\\\&#34;default\\\&#34; &gt; labels:&lt;key:\\\&#34;podName\\\&#34; value:\\\&#34;nsc-1\\\&#34; &gt; &gt; mechanism_preferences:&lt;cls:\\\&#34;LOCAL\\\&#34; type:\\\&#34;KERNEL_INTERFACE\\\&#34; parameters:&lt;key:\\\&#34;description\\\&#34; value:\\\&#34;Primary interface\\\&#34; &gt; parameters:&lt;key:\\\&#34;name\\\&#34; value:\\\&#34;nsm0\\\&#34; &gt; parameters:&lt;key:\\\&#34;netnsInode\\\&#34; value:\\\&#34;4026533544\\\&#34; &gt; parameters:&lt;key:\\\&#34;socketfile\\\&#34; value:\\\&#34;nsm0/memif.sock\\\&#34; &gt; &gt; \&#34; operation=\&#34;nsmClient.Connect.attempt:1\&#34; span=\&#34;17d76906b5e1d8ce:477eae8889cba514:78ec1bd22ac6f6d8:1\&#34;\ntime=\&#34;2021-06-09T03:36:33Z\&#34; level=info msg=\&#34;&gt;&gt;&lt;&lt;-------- /networkservice.NetworkService/Request()=\\\&#34;\\\&#34; span=17d76906b5e1d8ce:477eae8889cba514:78ec1bd22ac6f6d8:1\&#34;\ntime=\&#34;2021-06-09T03:36:33Z\&#34; level=info msg=\&#34;&gt;&gt;&lt;&lt;-------- request={\\\&#34;connection\\\&#34;:{\\\&#34;network_service\\\&#34;:\\\&#34;icmp-responder\\\&#34;,\\\&#34;context\\\&#34;:{\\\&#34;ip_context\\\&#34;:{\\\&#34;src_ip_required\\\&#34;:true,\\\&#34;dst_ip_required\\\&#34;:true}},\\\&#34;labels\\\&#34;:{\\\&#34;app\\\&#34;:\\\&#34;icmp\\\&#34;,\\\&#34;namespace\\\&#34;:\\\&#34;default\\\&#34;,\\\&#34;podName\\\&#34;:\\\&#34;nsc-1\\\&#34;}},\\\&#34;mechanism_preferences\\\&#34;:[{\\\&#34;cls\\\&#34;:\\\&#34;LOCAL\\\&#34;,\\\&#34;type\\\&#34;:\\\&#34;KERNEL_INTERFACE\\\&#34;,\\\&#34;parameters\\\&#34;:{\\\&#34;description\\\&#34;:\\\&#34;Primary interface\\\&#34;,\\\&#34;name\\\&#34;:\\\&#34;nsm0\\\&#34;,\\\&#34;netnsInode\\\&#34;:\\\&#34;4026533544\\\&#34;,\\\&#34;socketfile\\\&#34;:\\\&#34;nsm0/memif.sock\\\&#34;}}]} span=17d76906b5e1d8ce:477eae8889cba514:78ec1bd22ac6f6d8:1\&#34;\n2021/06/09 03:37:33 Reporting span 17d76906b5e1d8ce:0cb1ab3b58e42129:477eae8889cba514:1\ntime=\&#34;2021-06-09T03:37:33Z\&#34; level=info msg=\&#34;&gt;&gt;&lt;&lt;-------- response={} span=17d76906b5e1d8ce:477eae8889cba514:78ec1bd22ac6f6d8:1\&#34;\ntime=\&#34;2021-06-09T03:37:33Z\&#34; level=error msg=\&#34;&gt;&gt;&lt;&lt;------ error=rpc error: code = DeadlineExceeded desc = context deadline exceeded span=17d76906b5e1d8ce:477eae8889cba514:78ec1bd22ac6f6d8:1\&#34;\ntime=\&#34;2021-06-09T03:37:33Z\&#34; level=error msg=\&#34;nsm client: Failed to connect rpc error: code = DeadlineExceeded desc = context deadline exceeded. Retry attempts: 9 Delaying: 5s\&#34; operation=\&#34;nsmClient.Connect.attempt:1\&#34; span=\&#34;17d76906b5e1d8ce:477eae8889cba514:78ec1bd22ac6f6d8:1\&#34;\n2021/06/09 03:37:33 Reporting span 17d76906b5e1d8ce:477eae8889cba514:78ec1bd22ac6f6d8:1\ntime=\&#34;2021-06-09T03:37:38Z\&#34; level=info msg=\&#34;==------&gt; nsmClient.Connect.attempt:2() span:17d76906b5e1d8ce:39b432d3c96bd3ed:78ec1bd22ac6f6d8:1\&#34;\ntime=\&#34;2021-06-09T03:37:38Z\&#34; level=info msg=\&#34;Requesting connection:&lt;network_service:\\\&#34;icmp-responder\\\&#34; context:&lt;ip_context:&lt;src_ip_required:true dst_ip_required:true &gt; &gt; labels:&lt;key:\\\&#34;app\\\&#34; value:\\\&#34;icmp\\\&#34; &gt; labels:&lt;key:\\\&#34;namespace\\\&#34; value:\\\&#34;default\\\&#34; &gt; labels:&lt;key:\\\&#34;podName\\\&#34; value:\\\&#34;nsc-1\\\&#34; &gt; &gt; mechanism_preferences:&lt;cls:\\\&#34;LOCAL\\\&#34; type:\\\&#34;KERNEL_INTERFACE\\\&#34; parameters:&lt;key:\\\&#34;description\\\&#34; value:\\\&#34;Primary interface\\\&#34; &gt; parameters:&lt;key:\\\&#34;name\\\&#34; value:\\\&#34;nsm0\\\&#34; &gt; parameters:&lt;key:\\\&#34;netnsInode\\\&#34; value:\\\&#34;4026533544\\\&#34; &gt; parameters:&lt;key:\\\&#34;socketfile\\\&#34; value:\\\&#34;nsm0/memif.sock\\\&#34; &gt; &gt; \&#34; operation=\&#34;nsmClient.Connect.attempt:2\&#34; span=\&#34;17d76906b5e1d8ce:39b432d3c96bd3ed:78ec1bd22ac6f6d8:1\&#34;\ntime=\&#34;2021-06-09T03:37:38Z\&#34; level=info msg=\&#34;&gt;&gt;&lt;&lt;-------- /networkservice.NetworkService/Request()=\\\&#34;\\\&#34; span=17d76906b5e1d8ce:39b432d3c96bd3ed:78ec1bd22ac6f6d8:1\&#34;\ntime=\&#34;2021-06-09T03:37:38Z\&#34; level=info msg=\&#34;&gt;&gt;&lt;&lt;-------- request={\\\&#34;connection\\\&#34;:{\\\&#34;network_service\\\&#34;:\\\&#34;icmp-responder\\\&#34;,\\\&#34;context\\\&#34;:{\\\&#34;ip_context\\\&#34;:{\\\&#34;src_ip_required\\\&#34;:true,\\\&#34;dst_ip_required\\\&#34;:true}},\\\&#34;labels\\\&#34;:{\\\&#34;app\\\&#34;:\\\&#34;icmp\\\&#34;,\\\&#34;namespace\\\&#34;:\\\&#34;default\\\&#34;,\\\&#34;podName\\\&#34;:\\\&#34;nsc-1\\\&#34;}},\\\&#34;mechanism_preferences\\\&#34;:[{\\\&#34;cls\\\&#34;:\\\&#34;LOCAL\\\&#34;,\\\&#34;type\\\&#34;:\\\&#34;KERNEL_INTERFACE\\\&#34;,\\\&#34;parameters\\\&#34;:{\\\&#34;description\\\&#34;:\\\&#34;Primary interface\\\&#34;,\\\&#34;name\\\&#34;:\\\&#34;nsm0\\\&#34;,\\\&#34;netnsInode\\\&#34;:\\\&#34;4026533544\\\&#34;,\\\&#34;socketfile\\\&#34;:\\\&#34;nsm0/memif.sock\\\&#34;}}]} span=17d76906b5e1d8ce:39b432d3c96bd3ed:78ec1bd22ac6f6d8:1\&#34;\n&#34;&#xA;time=&#34;2021-06-08T20:38:27-07:00&#34; level=error msg=&#34;Failed to get logs from nsc-1 err: container \&#34;alpine-img\&#34; in pod \&#34;nsc-1\&#34; is waiting to start: PodInitializing&#34;&#xA;time=&#34;2021-06-08T20:38:27-07:00&#34; level=info msg=&#34;Pod nsc-1: container: alpine-img status: false: Logs: &#34;&#xA;time=&#34;2021-06-08T20:38:27-07:00&#34; level=info msg=&#34;pod nsc-1 object:\n&gt;&gt;&gt;&gt;&gt;&gt;&gt;&gt;&gt;&gt;&gt;{\&#34;metadata\&#34;:{\&#34;name\&#34;:\&#34;nsc-1\&#34;,\&#34;namespace\&#34;:\&#34;nsm-system\&#34;,\&#34;selfLink\&#34;:\&#34;/api/v1/namespaces/nsm-system/pods/nsc-1\&#34;,\&#34;uid\&#34;:\&#34;c0c3a727-9989-43f3-b316-48596d397b69\&#34;,\&#34;resourceVersion\&#34;:\&#34;23190\&#34;,\&#34;creationTimestamp\&#34;:\&#34;2021-06-09T03:35:26Z\&#34;},\&#34;spec\&#34;:{\&#34;volumes\&#34;:[{\&#34;name\&#34;:\&#34;nsc-acc-token-snk7m\&#34;,\&#34;secret\&#34;:{\&#34;secretName\&#34;:\&#34;nsc-acc-token-snk7m\&#34;,\&#34;defaultMode\&#34;:420}}],\&#34;initContainers\&#34;:[{\&#34;name\&#34;:\&#34;nsm-init\&#34;,\&#34;image\&#34;:\&#34;containers.cisco.com/appn/nsm-init:vl3_latest\&#34;,\&#34;env\&#34;:[{\&#34;name\&#34;:\&#34;CLIENT_LABELS\&#34;,\&#34;value\&#34;:\&#34;app=icmp\&#34;},{\&#34;name\&#34;:\&#34;CLIENT_NETWORK_SERVICE\&#34;,\&#34;value\&#34;:\&#34;icmp-responder\&#34;}],\&#34;resources\&#34;:{\&#34;limits\&#34;:{\&#34;cpu\&#34;:\&#34;200m\&#34;,\&#34;memory\&#34;:\&#34;20Mi\&#34;,\&#34;networkservicemesh.io/socket\&#34;:\&#34;1\&#34;},\&#34;requests\&#34;:{\&#34;cpu\&#34;:\&#34;200m\&#34;,\&#34;memory\&#34;:\&#34;20Mi\&#34;,\&#34;networkservicemesh.io/socket\&#34;:\&#34;1\&#34;}},\&#34;volumeMounts\&#34;:[{\&#34;name\&#34;:\&#34;nsc-acc-token-snk7m\&#34;,\&#34;readOnly\&#34;:true,\&#34;mountPath\&#34;:\&#34;/var/run/secrets/kubernetes.io/serviceaccount\&#34;}],\&#34;terminationMessagePath\&#34;:\&#34;/dev/termination-log\&#34;,\&#34;terminationMessagePolicy\&#34;:\&#34;File\&#34;,\&#34;imagePullPolicy\&#34;:\&#34;IfNotPresent\&#34;}],\&#34;containers\&#34;:[{\&#34;name\&#34;:\&#34;alpine-img\&#34;,\&#34;image\&#34;:\&#34;alpine:latest\&#34;,\&#34;command\&#34;:[\&#34;tail\&#34;,\&#34;-f\&#34;,\&#34;/dev/null\&#34;],\&#34;resources\&#34;:{},\&#34;volumeMounts\&#34;:[{\&#34;name\&#34;:\&#34;nsc-acc-token-snk7m\&#34;,\&#34;readOnly\&#34;:true,\&#34;mountPath\&#34;:\&#34;/var/run/secrets/kubernetes.io/serviceaccount\&#34;}],\&#34;terminationMessagePath\&#34;:\&#34;/dev/termination-log\&#34;,\&#34;terminationMessagePolicy\&#34;:\&#34;File\&#34;,\&#34;imagePullPolicy\&#34;:\&#34;IfNotPresent\&#34;}],\&#34;restartPolicy\&#34;:\&#34;Always\&#34;,\&#34;terminationGracePeriodSeconds\&#34;:0,\&#34;dnsPolicy\&#34;:\&#34;ClusterFirst\&#34;,\&#34;nodeSelector\&#34;:{\&#34;kubernetes.io/hostname\&#34;:\&#34;kind-1-worker\&#34;},\&#34;serviceAccountName\&#34;:\&#34;nsc-acc\&#34;,\&#34;serviceAccount\&#34;:\&#34;nsc-acc\&#34;,\&#34;nodeName\&#34;:\&#34;kind-1-worker\&#34;,\&#34;securityContext\&#34;:{},\&#34;schedulerName\&#34;:\&#34;default-scheduler\&#34;,\&#34;tolerations\&#34;:[{\&#34;key\&#34;:\&#34;node.kubernetes.io/not-ready\&#34;,\&#34;operator\&#34;:\&#34;Exists\&#34;,\&#34;effect\&#34;:\&#34;NoExecute\&#34;,\&#34;tolerationSeconds\&#34;:300},{\&#34;key\&#34;:\&#34;node.kubernetes.io/unreachable\&#34;,\&#34;operator\&#34;:\&#34;Exists\&#34;,\&#34;effect\&#34;:\&#34;NoExecute\&#34;,\&#34;tolerationSeconds\&#34;:300}],\&#34;priority\&#34;:0,\&#34;enableServiceLinks\&#34;:true},\&#34;status\&#34;:{\&#34;phase\&#34;:\&#34;Pending\&#34;,\&#34;conditions\&#34;:[{\&#34;type\&#34;:\&#34;Initialized\&#34;,\&#34;status\&#34;:\&#34;False\&#34;,\&#34;lastProbeTime\&#34;:null,\&#34;lastTransitionTime\&#34;:\&#34;2021-06-09T03:35:26Z\&#34;,\&#34;reason\&#34;:\&#34;ContainersNotInitialized\&#34;,\&#34;message\&#34;:\&#34;containers with incomplete status: [nsm-init]\&#34;},{\&#34;type\&#34;:\&#34;Ready\&#34;,\&#34;status\&#34;:\&#34;False\&#34;,\&#34;lastProbeTime\&#34;:null,\&#34;lastTransitionTime\&#34;:\&#34;2021-06-09T03:35:26Z\&#34;,\&#34;reason\&#34;:\&#34;ContainersNotReady\&#34;,\&#34;message\&#34;:\&#34;containers with unready status: [alpine-img]\&#34;},{\&#34;type\&#34;:\&#34;ContainersReady\&#34;,\&#34;status\&#34;:\&#34;False\&#34;,\&#34;lastProbeTime\&#34;:null,\&#34;lastTransitionTime\&#34;:\&#34;2021-06-09T03:35:26Z\&#34;,\&#34;reason\&#34;:\&#34;ContainersNotReady\&#34;,\&#34;message\&#34;:\&#34;containers with unready status: [alpine-img]\&#34;},{\&#34;type\&#34;:\&#34;PodScheduled\&#34;,\&#34;status\&#34;:\&#34;True\&#34;,\&#34;lastProbeTime\&#34;:null,\&#34;lastTransitionTime\&#34;:\&#34;2021-06-09T03:35:26Z\&#34;}],\&#34;hostIP\&#34;:\&#34;172.17.0.4\&#34;,\&#34;podIP\&#34;:\&#34;10.244.2.89\&#34;,\&#34;podIPs\&#34;:[{\&#34;ip\&#34;:\&#34;10.244.2.89\&#34;}],\&#34;startTime\&#34;:\&#34;2021-06-09T03:35:26Z\&#34;,\&#34;initContainerStatuses\&#34;:[{\&#34;name\&#34;:\&#34;nsm-init\&#34;,\&#34;state\&#34;:{\&#34;running\&#34;:{\&#34;startedAt\&#34;:\&#34;2021-06-09T03:35:28Z\&#34;}},\&#34;lastState\&#34;:{},\&#34;ready\&#34;:false,\&#34;restartCount\&#34;:0,\&#34;image\&#34;:\&#34;containers.cisco.com/appn/nsm-init:vl3_latest\&#34;,\&#34;imageID\&#34;:\&#34;sha256:40c167f519ed8ff354adfed9786b94f776297b51ae257f63dd9520d8c1dc37b8\&#34;,\&#34;containerID\&#34;:\&#34;containerd://8fcf3c594adf5182ce212bc4dc80aad56dbe204522edd61a29612e722d288ea3\&#34;}],\&#34;containerStatuses\&#34;:[{\&#34;name\&#34;:\&#34;alpine-img\&#34;,\&#34;state\&#34;:{\&#34;waiting\&#34;:{\&#34;reason\&#34;:\&#34;PodInitializing\&#34;}},\&#34;lastState\&#34;:{},\&#34;ready\&#34;:false,\&#34;restartCount\&#34;:0,\&#34;image\&#34;:\&#34;alpine:latest\&#34;,\&#34;imageID\&#34;:\&#34;\&#34;,\&#34;started\&#34;:false}],\&#34;qosClass\&#34;:\&#34;Burstable\&#34;}}\n&lt;&lt;&lt;&lt;&lt;&lt;&lt;&lt;&lt;&lt;&#34;&#xA;time=&#34;2021-06-08T20:38:27-07:00&#34; level=error msg=&#34;Error Creating Pod: nsc-1 Failed to deploy pod&#34;&#xA;k8s.go:904:&#xA;goroutine 24 [running]:&#xA;runtime/debug.Stack(0x231a3c0, 0xc00048d460, 0x30b6488)&#xA;/usr/local/go/src/runtime/debug/stack.go:24 +0x9f&#xA;github.com/networkservicemesh/networkservicemesh/test/kubetest.(*K8s).CreatePodsRaw(0xc0000b2300, 0x29e8d60800, 0xc0007e1c01, 0xc0007e1c08, 0x1, 0x1, 0x0, 0x0, 0x0, 0x0, ...)&#xA;/Users/nispatil/go/src/github.com/cisco-app-networking/nsm_publish/networkservicemesh/test/kubetest/k8s.go:904 +0x8cc&#xA;github.com/networkservicemesh/networkservicemesh/test/kubetest.(*K8s).CreatePod(0xc0000b2300, 0xc000350800, 0x24dd280)&#xA;/Users/nispatil/go/src/github.com/cisco-app-networking/nsm_publish/networkservicemesh/test/kubetest/k8s.go:920 +0x72&#xA;github.com/networkservicemesh/networkservicemesh/test/kubetest.deployNSC(0xc0000b2300, 0xc00089b840, 0xd, 0x24bfedd, 0x5, 0x24c4319, 0x8, 0x1bf08eb000, 0xc000350800, 0xc0007e1d70)&#xA;/Users/nispatil/go/src/github.com/cisco-app-networking/nsm_publish/networkservicemesh/test/kubetest/utils.go:542 +0x1c5&#xA;github.com/networkservicemesh/networkservicemesh/test/kubetest.DeployNSC(0xc0000b2300, 0xc0008d4600, 0x24bfedd, 0x5, 0x1bf08eb000, 0xc000a83400)&#xA;/Users/nispatil/go/src/github.com/cisco-app-networking/nsm_publish/networkservicemesh/test/kubetest/utils.go:402 +0x1f2&#xA;github.com/networkservicemesh/networkservicemesh/test/integration.TestSeveralCrossConnects(0xc0004a8180)&#xA;/Users/nispatil/go/src/github.com/cisco-app-networking/nsm_publish/networkservicemesh/test/integration/basic_monitor_crossconnect_test.go:119 +0x330&#xA;testing.tRunner(0xc0004a8180, 0x25772d0)&#xA;/usr/local/go/src/testing/testing.go:1123 +0xef&#xA;created by testing.(*T).Run&#xA;/usr/local/go/src/testing/testing.go:1168 +0x2b3&#xA;&#xA;Expected&#xA;&lt;int&gt;: 1&#xA;to equal&#xA;&lt;int&gt;: 0&#xA;E0608 20:38:28.106144   38939 portforward.go:409] error closing listener: close tcp4 127.0.0.1:52870: use of closed network connection&#xA;E0608 20:38:28.106159   38939 portforward.go:409] error closing listener: close tcp6 [::1]:52870: use of closed network connection&#xA;time=&#34;2021-06-08T20:38:28-07:00&#34; level=error msg=&#34;Failed to get logs from nsc-1 err: container \&#34;alpine-img\&#34; in pod \&#34;nsc-1\&#34; is waiting to start: PodInitializing&#34;&#xA;time=&#34;2021-06-08T20:38:28-07:00&#34; level=warning msg=&#34;Can not get logs for container: alpine-img, Error: container \&#34;alpine-img\&#34; in pod \&#34;nsc-1\&#34; is waiting to start: PodInitializing&#34;&#xA;time=&#34;2021-06-08T20:38:29-07:00&#34; level=error msg=&#34;Failed to get logs from icmp-responder-nse-1 err: previous terminated container \&#34;icmp-responder-nse-1\&#34; in pod \&#34;icmp-responder-nse-1\&#34; not found&#34;&#xA;time=&#34;2021-06-08T20:38:29-07:00&#34; level=warning msg=&#34;Can not get logs for container: icmp-responder-nse-1, Error: previous terminated container \&#34;icmp-responder-nse-1\&#34; in pod \&#34;icmp-responder-nse-1\&#34; not found&#34;&#xA;time=&#34;2021-06-08T20:38:29-07:00&#34; level=error msg=&#34;Failed to get logs from jaeger err: previous terminated container \&#34;jaeger\&#34; in pod \&#34;jaeger\&#34; not found&#34;&#xA;time=&#34;2021-06-08T20:38:29-07:00&#34; level=warning msg=&#34;Can not get logs for container: jaeger, Error: previous terminated container \&#34;jaeger\&#34; in pod \&#34;jaeger\&#34; not found&#34;&#xA;time=&#34;2021-06-08T20:38:29-07:00&#34; level=error msg=&#34;Failed to get logs from nsmd-forwarder-kind-1-worker err: previous terminated container \&#34;vppagent-forwarder\&#34; in pod \&#34;nsmd-forwarder-kind-1-worker\&#34; not found&#34;&#xA;time=&#34;2021-06-08T20:38:29-07:00&#34; level=warning msg=&#34;Can not get logs for container: vppagent-forwarder, Error: previous terminated container \&#34;vppagent-forwarder\&#34; in pod \&#34;nsmd-forwarder-kind-1-worker\&#34; not found&#34;&#xA;time=&#34;2021-06-08T20:38:30-07:00&#34; level=error msg=&#34;Failed to get logs from nsc-1 err: previous terminated container \&#34;alpine-img\&#34; in pod \&#34;nsc-1\&#34; not found&#34;&#xA;time=&#34;2021-06-08T20:38:30-07:00&#34; level=warning msg=&#34;Can not get logs for container: alpine-img, Error: previous terminated container \&#34;alpine-img\&#34; in pod \&#34;nsc-1\&#34; not found&#34;&#xA;time=&#34;2021-06-08T20:38:30-07:00&#34; level=error msg=&#34;Failed to get logs from nsmd-forwarder-kind-1-worker2 err: previous terminated container \&#34;vppagent-forwarder\&#34; in pod \&#34;nsmd-forwarder-kind-1-worker2\&#34; not found&#34;&#xA;time=&#34;2021-06-08T20:38:30-07:00&#34; level=warning msg=&#34;Can not get logs for container: vppagent-forwarder, Error: previous terminated container \&#34;vppagent-forwarder\&#34; in pod \&#34;nsmd-forwarder-kind-1-worker2\&#34; not found&#34;&#xA;time=&#34;2021-06-08T20:38:31-07:00&#34; level=error msg=&#34;Failed to get logs from nsc-1 err: previous terminated container \&#34;nsm-init\&#34; in pod \&#34;nsc-1\&#34; not found&#34;&#xA;time=&#34;2021-06-08T20:38:31-07:00&#34; level=warning msg=&#34;Can not get logs for container: nsm-init, Error: previous terminated container \&#34;nsm-init\&#34; in pod \&#34;nsc-1\&#34; not found&#34;&#xA;time=&#34;2021-06-08T20:38:32-07:00&#34; level=error msg=&#34;Failed to get logs from prefix-service err: previous terminated container \&#34;prefix-service\&#34; in pod \&#34;prefix-service\&#34; not found&#34;&#xA;time=&#34;2021-06-08T20:38:32-07:00&#34; level=warning msg=&#34;Can not get logs for container: prefix-service, Error: previous terminated container \&#34;prefix-service\&#34; in pod \&#34;prefix-service\&#34; not found&#34;&#xA;time=&#34;2021-06-08T20:38:32-07:00&#34; level=error msg=&#34;Failed to get logs from nsmgr-kind-1-worker err: previous terminated container \&#34;nsmdp\&#34; in pod \&#34;nsmgr-kind-1-worker\&#34; not found&#34;&#xA;time=&#34;2021-06-08T20:38:32-07:00&#34; level=warning msg=&#34;Can not get logs for container: nsmdp, Error: previous terminated container \&#34;nsmdp\&#34; in pod \&#34;nsmgr-kind-1-worker\&#34; not found&#34;&#xA;time=&#34;2021-06-08T20:38:32-07:00&#34; level=error msg=&#34;Failed to get logs from spire-proxy err: previous terminated container \&#34;spire-proxy\&#34; in pod \&#34;spire-proxy\&#34; not found&#34;&#xA;time=&#34;2021-06-08T20:38:32-07:00&#34; level=warning msg=&#34;Can not get logs for container: spire-proxy, Error: previous terminated container \&#34;spire-proxy\&#34; in pod \&#34;spire-proxy\&#34; not found&#34;&#xA;time=&#34;2021-06-08T20:38:32-07:00&#34; level=error msg=&#34;Failed to get logs from nsmgr-kind-1-worker2 err: previous terminated container \&#34;nsmdp\&#34; in pod \&#34;nsmgr-kind-1-worker2\&#34; not found&#34;&#xA;time=&#34;2021-06-08T20:38:32-07:00&#34; level=warning msg=&#34;Can not get logs for container: nsmdp, Error: previous terminated container \&#34;nsmdp\&#34; in pod \&#34;nsmgr-kind-1-worker2\&#34; not found&#34;&#xA;time=&#34;2021-06-08T20:38:32-07:00&#34; level=info msg=&#34;artifacts: [0xc000514700 0xc0007c20c0 0xc000514d80 0xc0007c2540 0xc0007c2040 0xc000514c80 0xc000514ec0 0xc000514880 0xc000824000 0xc0007c2080 0xc000824140 0xc000514840 0xc0007c2240]&#34;&#xA;time=&#34;2021-06-08T20:38:32-07:00&#34; level=info msg=&#34;Deleting nsc-1&#34;&#xA;time=&#34;2021-06-08T20:38:32-07:00&#34; level=info msg=&#34;Deleting prefix-service&#34;&#xA;time=&#34;2021-06-08T20:38:32-07:00&#34; level=info msg=&#34;Deleting jaeger&#34;&#xA;time=&#34;2021-06-08T20:38:32-07:00&#34; level=info msg=&#34;Deleting nsmgr-kind-1-worker&#34;&#xA;time=&#34;2021-06-08T20:38:32-07:00&#34; level=info msg=&#34;Deleting spire-proxy&#34;&#xA;time=&#34;2021-06-08T20:38:32-07:00&#34; level=info msg=&#34;Deleting nsmd-forwarder-kind-1-worker&#34;&#xA;time=&#34;2021-06-08T20:38:32-07:00&#34; level=info msg=&#34;Deleting nsmd-forwarder-kind-1-worker2&#34;&#xA;time=&#34;2021-06-08T20:38:32-07:00&#34; level=info msg=&#34;Deleting nsmgr-kind-1-worker2&#34;&#xA;E0608 20:38:32.875528   38939 portforward.go:409] error closing listener: close tcp4 127.0.0.1:52862: use of closed network connection&#xA;E0608 20:38:32.875595   38939 portforward.go:409] error closing listener: close tcp6 [::1]:52862: use of closed network connection&#xA;time=&#34;2021-06-08T20:38:32-07:00&#34; level=info msg=&#34;Deleting icmp-responder-nse-1&#34;&#xA;I0608 20:38:34.052745   38939 request.go:621] Throttling request took 1.177319185s, request: DELETE:https://127.0.0.1:55081/api/v1/namespaces/nsm-system/pods/nsmgr-kind-1-worker&#xA;time=&#34;2021-06-08T20:38:35-07:00&#34; level=warning msg=&#34;The POD &#39;nsc-1&#39; Deleted 2.384438167s&#34;&#xA;time=&#34;2021-06-08T20:38:35-07:00&#34; level=warning msg=&#34;The POD &#39;prefix-service&#39; Deleted 2.586992824s&#34;&#xA;time=&#34;2021-06-08T20:38:36-07:00&#34; level=warning msg=&#34;The POD &#39;nsmd-forwarder-kind-1-worker&#39; Deleted 3.583012678s&#34;&#xA;time=&#34;2021-06-08T20:38:36-07:00&#34; level=warning msg=&#34;The POD &#39;spire-proxy&#39; Deleted 3.785440947s&#34;&#xA;time=&#34;2021-06-08T20:38:36-07:00&#34; level=warning msg=&#34;The POD &#39;nsmd-forwarder-kind-1-worker2&#39; Deleted 3.985275081s&#34;&#xA;time=&#34;2021-06-08T20:38:37-07:00&#34; level=warning msg=&#34;The POD &#39;icmp-responder-nse-1&#39; Deleted 4.384478618s&#34;&#xA;time=&#34;2021-06-08T20:38:41-07:00&#34; level=warning msg=&#34;The POD &#39;nsmgr-kind-1-worker&#39; Deleted 8.786604315s&#34;&#xA;time=&#34;2021-06-08T20:38:42-07:00&#34; level=warning msg=&#34;The POD &#39;jaeger&#39; Deleted 9.185160037s&#34;&#xA;time=&#34;2021-06-08T20:38:50-07:00&#34; level=info msg=&#34;The POD nsmgr-kind-1-worker2 force deleted&#34;&#xA;time=&#34;2021-06-08T20:38:50-07:00&#34; level=warning msg=&#34;The POD &#39;nsmgr-kind-1-worker2&#39; Deleted 17.582564375s&#34;&#xA;time=&#34;2021-06-08T20:38:50-07:00&#34; level=info msg=&#34;namespace nsm-system is deleted&#34;&#xA;time=&#34;2021-06-08T20:38:50-07:00&#34; level=info msg=&#34;Cleanup time: 17.786430497s&#34;&#xA;--- FAIL: TestSeveralCrossConnects (233.45s)&#xA;FAIL&#xA;FAIL&#x9;github.com/networkservicemesh/networkservicemesh/test/integration&#x9;233.954s&#xA;FAIL&#xA;TestSeveralCrossConnects: OnFail: running on fail script operations with KUBECONFIG=/Users/nispatil/go/src/github.com/cisco-app-networking/nsm_publish/networkservicemesh/.tests/cloud_test/single-cluster/shell/kind-1/config on cloud kind-1&#xA;make -i k8s-deconfig helm-delete k8s-terminating-cleanup k8s-delete-nsm-namespaces || true&#xA;helm uninstall config --namespace nsm-system || true&#xA;WARNING: Kubernetes configuration file is group-readable. This is insecure. Location: /Users/nispatil/go/src/github.com/cisco-app-networking/nsm_publish/networkservicemesh/.tests/cloud_test/single-cluster/shell/kind-1/config&#xA;WARNING: Kubernetes configuration file is world-readable. This is insecure. Location: /Users/nispatil/go/src/github.com/cisco-app-networking/nsm_publish/networkservicemesh/.tests/cloud_test/single-cluster/shell/kind-1/config&#xA;release &#34;config&#34; uninstalled&#xA;./scripts/helm-nsm-uninstall.sh --nsm_namespace nsm-system --all&#xA;&#xA;Helm version detected: v3.3.4&#xA;Cleaning up NSM&#xA;xargs: illegal option -- -&#xA;usage: xargs [-0opt] [-E eofstr] [-I replstr [-R replacements] [-S replsize]]&#xA;[-J replstr] [-L number] [-n number [-x]] [-P maxprocs]&#xA;[-s size] [utility [argument ...]]&#xA;WARNING: Kubernetes configuration file is group-readable. This is insecure. Location: /Users/nispatil/go/src/github.com/cisco-app-networking/nsm_publish/networkservicemesh/.tests/cloud_test/single-cluster/shell/kind-1/config&#xA;WARNING: Kubernetes configuration file is world-readable. This is insecure. Location: /Users/nispatil/go/src/github.com/cisco-app-networking/nsm_publish/networkservicemesh/.tests/cloud_test/single-cluster/shell/kind-1/config&#xA;make[1]: [helm-delete] Error 1 (ignored)&#xA;xargs: illegal option -- -&#xA;usage: xargs [-0opt] [-E eofstr] [-I replstr [-R replacements] [-S replsize]]&#xA;[-J replstr] [-L number] [-n number [-x]] [-P maxprocs]&#xA;[-s size] [utility [argument ...]]&#xA;No resources found in nsm-system namespace.&#xA;make[1]: [k8s-terminating-cleanup] Error 1 (ignored)&#xA;Running delete-nsm-namespaces script&#xA;NSM_NAMESPACE=nsm-system&#xA;Checking ns: default&#xA;Checking ns: kube-node-lease&#xA;Checking ns: kube-public&#xA;Checking ns: kube-system&#xA;Checking ns: local-path-storage&#xA;Checking ns: nsm-system&#xA;Deleting ns: nsm-system&#xA;warning: Immediate deletion does not wait for confirmation that the running resource has been terminated. The resource may continue to run on the cluster indefinitely.&#xA;No resources found&#xA;namespace &#34;nsm-system&#34; deleted&#xA;Checking ns: spire&#xA;make k8s-config &amp;&amp; echo &#34;Cluster reset successfull&#34;&#xA;namespace/nsm-system created&#xA;helm --namespace nsm-system install config deployments/helm/nsm/charts/config&#xA;WARNING: Kubernetes configuration file is group-readable. This is insecure. Location: /Users/nispatil/go/src/github.com/cisco-app-networking/nsm_publish/networkservicemesh/.tests/cloud_test/single-cluster/shell/kind-1/config&#xA;WARNING: Kubernetes configuration file is world-readable. This is insecure. Location: /Users/nispatil/go/src/github.com/cisco-app-networking/nsm_publish/networkservicemesh/.tests/cloud_test/single-cluster/shell/kind-1/config&#xA;NAME: config&#xA;LAST DEPLOYED: Tue Jun  8 20:38:58 2021&#xA;NAMESPACE: nsm-system&#xA;STATUS: deployed&#xA;REVISION: 1&#xA;TEST SUITE: None&#xA;Cluster reset successfull</failure>
                  </testcase>
                  <testcase classname="" name="TestDeleteDirtyNSE" time="60.745645248" cluster_instance="kind-1"></testcase>
                  <testcase classname="" name="TestSingleCrossConnectMonitorBeforeXcons" time="239.100443455" cluster_instance="kind-1">
                      <failure message="Test execution failed TestSingleCrossConnectMonitorBeforeXcons" type="ERROR">Execution attempt: 0 Output file: .tests/cloud_test/single-cluster/kind-1/013-TestSingleCrossConnectMonitorBeforeXcons-run.log&#xA;Starting TestSingleCrossConnectMonitorBeforeXcons on kind-1&#xA;Command line go test . -test.timeout 10m0s -count 1 --run &#34;^(TestSingleCrossConnectMonitorBeforeXcons)$\\z&#34; --tags &#34;basic&#34; --test.v&#xA;env==[KUBECONFIG=/Users/nispatil/go/src/github.com/cisco-app-networking/nsm_publish/networkservicemesh/.tests/cloud_test/single-cluster/shell/kind-1/config ARTIFACTS_DIR=/Users/nispatil/go/src/github.com/cisco-app-networking/nsm_publish/networkservicemesh/.tests/cloud_test/single-cluster/kind-1/TestSingleCrossConnectMonitorBeforeXcons]&#xA;&#xA;=== RUN   TestSingleCrossConnectMonitorBeforeXcons&#xA;time=&#34;2021-06-08T19:30:00-07:00&#34; level=info msg=&#34;Using Kubeconfig: /Users/nispatil/go/src/github.com/cisco-app-networking/nsm_publish/networkservicemesh/.tests/cloud_test/single-cluster/shell/kind-1/config&#34;&#xA;time=&#34;2021-06-08T19:30:00-07:00&#34; level=info msg=&#34;FORWARDING_PLANE not set, using default forwarder - vpp&#34;&#xA;time=&#34;2021-06-08T19:30:00-07:00&#34; level=info msg=&#34;Creating artifact manager with config: &amp;{4 false /Users/nispatil/go/src/github.com/cisco-app-networking/nsm_publish/networkservicemesh/.tests/cloud_test/single-cluster/kind-1/TestSingleCrossConnectMonitorBeforeXcons}&#34;&#xA;time=&#34;2021-06-08T19:30:00-07:00&#34; level=error msg=&#34;Error during create of test namespace failed to create a namespace: namespaces \&#34;nsm-system\&#34; already exists&#34;&#xA;time=&#34;2021-06-08T19:30:00-07:00&#34; level=info msg=&#34;Checking availability of API server on 127.0.0.1&#34;&#xA;time=&#34;2021-06-08T19:30:04-07:00&#34; level=info msg=&#34;PING 127.0.0.1 (127.0.0.1): 56 data bytes\n64 bytes from 127.0.0.1: icmp_seq=0 ttl=64 time=0.055 ms\n64 bytes from 127.0.0.1: icmp_seq=1 ttl=64 time=0.061 ms\n64 bytes from 127.0.0.1: icmp_seq=2 ttl=64 time=0.062 ms\n64 bytes from 127.0.0.1: icmp_seq=3 ttl=64 time=0.048 ms\n64 bytes from 127.0.0.1: icmp_seq=4 ttl=64 time=0.089 ms\n\n--- 127.0.0.1 ping statistics ---\n5 packets transmitted, 5 packets received, 0.0%!p(MISSING)acket loss\nround-trip min/avg/max/stddev = 0.048/0.063/0.089/0.014 ms\n&#34;&#xA;time=&#34;2021-06-08T19:30:04-07:00&#34; level=info msg=&#34;USE_IPV6 not set, using default false&#34;&#xA;time=&#34;2021-06-08T19:30:04-07:00&#34; level=error msg=&#34;serviceaccounts \&#34;nsc-acc\&#34; not found&#34;&#xA;time=&#34;2021-06-08T19:30:04-07:00&#34; level=error msg=&#34;serviceaccounts \&#34;nse-acc\&#34; not found&#34;&#xA;time=&#34;2021-06-08T19:30:04-07:00&#34; level=error msg=&#34;serviceaccounts \&#34;nsmgr-acc\&#34; not found&#34;&#xA;time=&#34;2021-06-08T19:30:04-07:00&#34; level=error msg=&#34;serviceaccounts \&#34;nsmrs-acc\&#34; not found&#34;&#xA;time=&#34;2021-06-08T19:30:04-07:00&#34; level=error msg=&#34;serviceaccounts \&#34;forward-plane-acc\&#34; not found&#34;&#xA;time=&#34;2021-06-08T19:30:04-07:00&#34; level=error msg=&#34;serviceaccounts \&#34;crossconnect-monitor-acc\&#34; not found&#34;&#xA;time=&#34;2021-06-08T19:30:05-07:00&#34; level=error msg=&#34;serviceaccounts \&#34;proxy-nsmgr-acc\&#34; not found&#34;&#xA;time=&#34;2021-06-08T19:30:05-07:00&#34; level=info msg=&#34;Cleanup done: 834.318969ms&#34;&#xA;time=&#34;2021-06-08T19:30:05-07:00&#34; level=info msg=&#34;&amp;ServiceAccount{ObjectMeta:{default  nsm-system /api/v1/namespaces/nsm-system/serviceaccounts/default 058f0dc4-1d56-4f82-ae4a-1731ade4d04e 5344 0 2021-06-08 19:29:53 -0700 PDT &lt;nil&gt; &lt;nil&gt; map[] map[] [] []  []},Secrets:[]ObjectReference{ObjectReference{Kind:,Namespace:,Name:default-token-fwd4d,UID:,APIVersion:,ResourceVersion:,FieldPath:,},},ImagePullSecrets:[]LocalObjectReference{},AutomountServiceAccountToken:nil,}&#34;&#xA;I0608 19:30:06.388767   24620 request.go:621] Throttling request took 1.170297729s, request: POST:https://127.0.0.1:55081/api/v1/namespaces/nsm-system/serviceaccounts&#xA;time=&#34;2021-06-08T19:30:06-07:00&#34; level=info msg=&#34;&amp;ServiceAccount{ObjectMeta:{nsc-acc  nsm-system /api/v1/namespaces/nsm-system/serviceaccounts/nsc-acc 526c2f27-07f1-4f1a-aaa5-f77d78166882 5402 0 2021-06-08 19:30:05 -0700 PDT &lt;nil&gt; &lt;nil&gt; map[] map[] [] []  []},Secrets:[]ObjectReference{ObjectReference{Kind:,Namespace:,Name:nsc-acc-token-pdlk4,UID:,APIVersion:,ResourceVersion:,FieldPath:,},},ImagePullSecrets:[]LocalObjectReference{},AutomountServiceAccountToken:nil,}&#34;&#xA;time=&#34;2021-06-08T19:30:07-07:00&#34; level=info msg=&#34;&amp;ServiceAccount{ObjectMeta:{proxy-nsmgr-acc  nsm-system /api/v1/namespaces/nsm-system/serviceaccounts/proxy-nsmgr-acc 573f19af-90ae-416f-b99a-3f6cc6ff96ff 5407 0 2021-06-08 19:30:05 -0700 PDT &lt;nil&gt; &lt;nil&gt; map[] map[] [] []  []},Secrets:[]ObjectReference{ObjectReference{Kind:,Namespace:,Name:proxy-nsmgr-acc-token-t2zkl,UID:,APIVersion:,ResourceVersion:,FieldPath:,},},ImagePullSecrets:[]LocalObjectReference{},AutomountServiceAccountToken:nil,}&#34;&#xA;time=&#34;2021-06-08T19:30:07-07:00&#34; level=info msg=&#34;&amp;ServiceAccount{ObjectMeta:{nse-acc  nsm-system /api/v1/namespaces/nsm-system/serviceaccounts/nse-acc ff2bff52-8e14-4064-bd69-8b8c3e47926e 5412 0 2021-06-08 19:30:06 -0700 PDT &lt;nil&gt; &lt;nil&gt; map[] map[] [] []  []},Secrets:[]ObjectReference{ObjectReference{Kind:,Namespace:,Name:nse-acc-token-9fwct,UID:,APIVersion:,ResourceVersion:,FieldPath:,},},ImagePullSecrets:[]LocalObjectReference{},AutomountServiceAccountToken:nil,}&#34;&#xA;time=&#34;2021-06-08T19:30:07-07:00&#34; level=info msg=&#34;&amp;ServiceAccount{ObjectMeta:{forward-plane-acc  nsm-system /api/v1/namespaces/nsm-system/serviceaccounts/forward-plane-acc 51a9cd83-674c-4c6a-8fbf-fc5f8e60620f 5417 0 2021-06-08 19:30:06 -0700 PDT &lt;nil&gt; &lt;nil&gt; map[] map[] [] []  []},Secrets:[]ObjectReference{ObjectReference{Kind:,Namespace:,Name:forward-plane-acc-token-hqq4b,UID:,APIVersion:,ResourceVersion:,FieldPath:,},},ImagePullSecrets:[]LocalObjectReference{},AutomountServiceAccountToken:nil,}&#34;&#xA;time=&#34;2021-06-08T19:30:07-07:00&#34; level=info msg=&#34;&amp;ServiceAccount{ObjectMeta:{nsmgr-acc  nsm-system /api/v1/namespaces/nsm-system/serviceaccounts/nsmgr-acc e05cbac9-bbe3-4f92-ae76-d2d36cd02b91 5420 0 2021-06-08 19:30:06 -0700 PDT &lt;nil&gt; &lt;nil&gt; map[] map[] [] []  []},Secrets:[]ObjectReference{ObjectReference{Kind:,Namespace:,Name:nsmgr-acc-token-vb2xg,UID:,APIVersion:,ResourceVersion:,FieldPath:,},},ImagePullSecrets:[]LocalObjectReference{},AutomountServiceAccountToken:nil,}&#34;&#xA;time=&#34;2021-06-08T19:30:07-07:00&#34; level=info msg=&#34;&amp;ServiceAccount{ObjectMeta:{crossconnect-monitor-acc  nsm-system /api/v1/namespaces/nsm-system/serviceaccounts/crossconnect-monitor-acc e84c5a33-1850-468a-8736-d48612cc85c1 5424 0 2021-06-08 19:30:06 -0700 PDT &lt;nil&gt; &lt;nil&gt; map[] map[] [] []  []},Secrets:[]ObjectReference{ObjectReference{Kind:,Namespace:,Name:crossconnect-monitor-acc-token-6d8tt,UID:,APIVersion:,ResourceVersion:,FieldPath:,},},ImagePullSecrets:[]LocalObjectReference{},AutomountServiceAccountToken:nil,}&#34;&#xA;time=&#34;2021-06-08T19:30:08-07:00&#34; level=info msg=&#34;&amp;ServiceAccount{ObjectMeta:{nsmrs-acc  nsm-system /api/v1/namespaces/nsm-system/serviceaccounts/nsmrs-acc 4d67ede5-d2fb-4a13-a68b-c6f869e691f4 5427 0 2021-06-08 19:30:06 -0700 PDT &lt;nil&gt; &lt;nil&gt; map[] map[] [] []  []},Secrets:[]ObjectReference{ObjectReference{Kind:,Namespace:,Name:nsmrs-acc-token-5cd2d,UID:,APIVersion:,ResourceVersion:,FieldPath:,},},ImagePullSecrets:[]LocalObjectReference{},AutomountServiceAccountToken:nil,}&#34;&#xA;time=&#34;2021-06-08T19:30:08-07:00&#34; level=info msg=&#34;Creating ConfigMap &#39;nsm-config&#39; in namespace&#39;nsm-system&#39;...&#34;&#xA;time=&#34;2021-06-08T19:30:08-07:00&#34; level=info msg=&#34;Using image: containers.cisco.com/appn/prefix-service:vl3_latest&#34;&#xA;time=&#34;2021-06-08T19:30:08-07:00&#34; level=info msg=&#34;Using image: containers.cisco.com/appn/test-common:vl3_latest&#34;&#xA;time=&#34;2021-06-08T19:30:08-07:00&#34; level=info msg=&#34;role is created: &amp;ClusterRoleBinding{ObjectMeta:{nsm-role-binding      0 0001-01-01 00:00:00 +0000 UTC &lt;nil&gt; &lt;nil&gt; map[] map[] [] []  []},Subjects:[]Subject{Subject{Kind:ServiceAccount,APIGroup:,Name:nsmgr-acc,Namespace:nsm-system,},Subject{Kind:ServiceAccount,APIGroup:,Name:proxy-nsmgr-acc,Namespace:nsm-system,},Subject{Kind:ServiceAccount,APIGroup:,Name:crossconnect-monitor-acc,Namespace:nsm-system,},},RoleRef:RoleRef{APIGroup:rbac.authorization.k8s.io,Kind:ClusterRole,Name:nsm-role,},}&#34;&#xA;time=&#34;2021-06-08T19:30:08-07:00&#34; level=info msg=&#34;role is created: &amp;ClusterRole{ObjectMeta:{nsm-role  nsm-system    0 0001-01-01 00:00:00 +0000 UTC &lt;nil&gt; &lt;nil&gt; map[rbac.authorization.k8s.io/aggregate-to-admin:true rbac.authorization.k8s.io/aggregate-to-edit:true] map[] [] []  []},Rules:[]PolicyRule{PolicyRule{Verbs:[*],APIGroups:[networkservicemesh.io],Resources:[networkservices networkserviceendpoints networkservicemanagers],ResourceNames:[],NonResourceURLs:[],},PolicyRule{Verbs:[*],APIGroups:[apiextensions.k8s.io],Resources:[customresourcedefinitions],ResourceNames:[],NonResourceURLs:[],},PolicyRule{Verbs:[get update],APIGroups:[],Resources:[configmaps],ResourceNames:[],NonResourceURLs:[],},PolicyRule{Verbs:[get list watch],APIGroups:[],Resources:[nodes services namespaces],ResourceNames:[],NonResourceURLs:[],},},AggregationRule:nil,}&#34;&#xA;time=&#34;2021-06-08T19:30:08-07:00&#34; level=info msg=&#34;role is created: &amp;ClusterRole{ObjectMeta:{aggregate-network-services-view  nsm-system    0 0001-01-01 00:00:00 +0000 UTC &lt;nil&gt; &lt;nil&gt; map[rbac.authorization.k8s.io/aggregate-to-view:true] map[] [] []  []},Rules:[]PolicyRule{PolicyRule{Verbs:[get list watch],APIGroups:[networkservicemesh.io],Resources:[networkservices],ResourceNames:[],NonResourceURLs:[],},},AggregationRule:nil,}&#34;&#xA;time=&#34;2021-06-08T19:30:10-07:00&#34; level=info msg=&#34;Trying to establish connection with the spire provider at address:tcp://127.0.0.1:50686&#34;&#xA;time=&#34;2021-06-08T19:30:10-07:00&#34; level=info msg=&#34;Created the todo context:tcp://127.0.0.1:50686&#34;&#xA;time=&#34;2021-06-08T19:30:10-07:00&#34; level=info msg=&#34;Got x509:&amp;{0xc0005c19e0 &lt;nil&gt; {{0 0} 0 0 0 0} 0xc000432b90 0xc000637080 {{0 0} 0 0 0 0} false} &lt;nil&gt;&#34;&#xA;time=&#34;2021-06-08T19:30:10-07:00&#34; level=info msg=&#34;Started goroutine&#34;&#xA;time=&#34;2021-06-08T19:30:10-07:00&#34; level=info msg=&#34;Returning provider&#34;&#xA;time=&#34;2021-06-08T19:30:10-07:00&#34; level=info msg=&#34;Issued identity:spiffe://test.com/nsmgr&#34;&#xA;time=&#34;2021-06-08T19:30:11-07:00&#34; level=info msg=&#34;Checking node: kind-1-control-plane&#34;&#xA;time=&#34;2021-06-08T19:30:11-07:00&#34; level=info msg=&#34;Checking node: kind-1-worker&#34;&#xA;time=&#34;2021-06-08T19:30:11-07:00&#34; level=info msg=&#34;Checking node: kind-1-worker2&#34;&#xA;time=&#34;2021-06-08T19:30:11-07:00&#34; level=info msg=&#34;Using image: jaegertracing/all-in-one:1.14.0&#34;&#xA;time=&#34;2021-06-08T19:30:13-07:00&#34; level=info msg=&#34;getting logs without container jaeger=none&#34;&#xA;time=&#34;2021-06-08T19:30:13-07:00&#34; level=info msg=&#34;Using image: containers.cisco.com/appn/nsmdp:vl3_latest&#34;&#xA;time=&#34;2021-06-08T19:30:13-07:00&#34; level=info msg=&#34;Using image: containers.cisco.com/appn/nsmd:vl3_latest&#34;&#xA;time=&#34;2021-06-08T19:30:13-07:00&#34; level=info msg=&#34;Using image: containers.cisco.com/appn/nsmd-k8s:vl3_latest&#34;&#xA;time=&#34;2021-06-08T19:30:13-07:00&#34; level=info msg=&#34;Using image: containers.cisco.com/appn/nsmdp:vl3_latest&#34;&#xA;time=&#34;2021-06-08T19:30:13-07:00&#34; level=info msg=&#34;Using image: containers.cisco.com/appn/nsmd:vl3_latest&#34;&#xA;time=&#34;2021-06-08T19:30:13-07:00&#34; level=info msg=&#34;Using image: containers.cisco.com/appn/nsmd-k8s:vl3_latest&#34;&#xA;time=&#34;2021-06-08T19:30:13-07:00&#34; level=info msg=&#34;Using image: containers.cisco.com/appn/vppagent-forwarder:vl3_latest&#34;&#xA;time=&#34;2021-06-08T19:30:13-07:00&#34; level=info msg=&#34;Using image: containers.cisco.com/appn/vppagent-forwarder:vl3_latest&#34;&#xA;time=&#34;2021-06-08T19:30:21-07:00&#34; level=info msg=&#34;Started NSMgr/Forwarder: 7.216575433s on node kind-1-worker&#34;&#xA;time=&#34;2021-06-08T19:30:23-07:00&#34; level=info msg=&#34;Started NSMgr/Forwarder: 9.820918663s on node kind-1-worker2&#34;&#xA;time=&#34;2021-06-08T19:30:23-07:00&#34; level=info msg=&#34;Starting CrossConnections Monitor on localhost:50689&#34;&#xA;time=&#34;2021-06-08T19:30:23-07:00&#34; level=info msg=&#34;Trying to establish connection to target: localhost:50689&#34;&#xA;time=&#34;2021-06-08T19:30:23-07:00&#34; level=info msg=&#34;func insecure: false, env insecure: false&#34;&#xA;time=&#34;2021-06-08T19:30:23-07:00&#34; level=info msg=&#34;Connecting to the workload api at:tcp://127.0.0.1:50686&#34;&#xA;time=&#34;2021-06-08T19:30:23-07:00&#34; level=info msg=&#34;Successfully retrieve bundles:&amp;{{{0 0} 0 0 0 0} map[{test.com}:0xc000c1e940]}&#34;&#xA;time=&#34;2021-06-08T19:30:23-07:00&#34; level=info msg=&#34;defaultTrustDomain:test.com&#34;&#xA;time=&#34;2021-06-08T19:30:23-07:00&#34; level=info msg=&#34;AUTHORIZING ALL CLIENTS&#34;&#xA;time=&#34;2021-06-08T19:30:23-07:00&#34; level=info msg=&#34;Fetch tlsConfig for Trust Domain: test.com&#34;&#xA;time=&#34;2021-06-08T19:30:23-07:00&#34; level=info msg=&#34;Found 1 tlsconfigs.&#34;&#xA;time=&#34;2021-06-08T19:30:23-07:00&#34; level=info msg=&#34;Found the right tls certificate:&amp;{&lt;nil&gt; &lt;nil&gt; [] map[] &lt;nil&gt; 0x1a28f80 &lt;nil&gt; 0x1a29000 &lt;nil&gt; &lt;nil&gt; []  NoClientCert &lt;nil&gt; true [] false false [0 0 0 0 0 0 0 0 0 0 0 0 0 0 0 0 0 0 0 0 0 0 0 0 0 0 0 0 0 0 0 0] &lt;nil&gt; 0 0 [] false 0 &lt;nil&gt; {{0 0} 0 0 0 0} [] []}&#34;&#xA;time=&#34;2021-06-08T19:30:23-07:00&#34; level=info msg=&#34;Trying to establish connection using tlsConfig:&amp;{&lt;nil&gt; &lt;nil&gt; [] map[] &lt;nil&gt; 0x1a28f80 &lt;nil&gt; 0x1a29000 &lt;nil&gt; &lt;nil&gt; []  NoClientCert &lt;nil&gt; true [] false false [0 0 0 0 0 0 0 0 0 0 0 0 0 0 0 0 0 0 0 0 0 0 0 0 0 0 0 0 0 0 0 0] &lt;nil&gt; 0 0 [] false 0 &lt;nil&gt; {{0 0} 0 0 0 0} [] []}&#34;&#xA;time=&#34;2021-06-08T19:30:23-07:00&#34; level=info msg=&#34;Starting CrossConnections Monitor on localhost:50694&#34;&#xA;time=&#34;2021-06-08T19:30:23-07:00&#34; level=info msg=&#34;Trying to establish connection to target: localhost:50694&#34;&#xA;time=&#34;2021-06-08T19:30:23-07:00&#34; level=info msg=&#34;func insecure: false, env insecure: false&#34;&#xA;time=&#34;2021-06-08T19:30:23-07:00&#34; level=info msg=&#34;Connecting to the workload api at:tcp://127.0.0.1:50686&#34;&#xA;time=&#34;2021-06-08T19:30:23-07:00&#34; level=info msg=&#34;Successfully retrieve bundles:&amp;{{{0 0} 0 0 0 0} map[{test.com}:0xc000c1e5c0]}&#34;&#xA;time=&#34;2021-06-08T19:30:23-07:00&#34; level=info msg=&#34;defaultTrustDomain:test.com&#34;&#xA;time=&#34;2021-06-08T19:30:23-07:00&#34; level=info msg=&#34;AUTHORIZING ALL CLIENTS&#34;&#xA;time=&#34;2021-06-08T19:30:23-07:00&#34; level=info msg=&#34;Fetch tlsConfig for Trust Domain: test.com&#34;&#xA;time=&#34;2021-06-08T19:30:23-07:00&#34; level=info msg=&#34;Found 1 tlsconfigs.&#34;&#xA;time=&#34;2021-06-08T19:30:23-07:00&#34; level=info msg=&#34;Found the right tls certificate:&amp;{&lt;nil&gt; &lt;nil&gt; [] map[] &lt;nil&gt; 0x1a28f80 &lt;nil&gt; 0x1a29000 &lt;nil&gt; &lt;nil&gt; []  NoClientCert &lt;nil&gt; true [] false false [0 0 0 0 0 0 0 0 0 0 0 0 0 0 0 0 0 0 0 0 0 0 0 0 0 0 0 0 0 0 0 0] &lt;nil&gt; 0 0 [] false 0 &lt;nil&gt; {{0 0} 0 0 0 0} [] []}&#34;&#xA;time=&#34;2021-06-08T19:30:23-07:00&#34; level=info msg=&#34;Trying to establish connection using tlsConfig:&amp;{&lt;nil&gt; &lt;nil&gt; [] map[] &lt;nil&gt; 0x1a28f80 &lt;nil&gt; 0x1a29000 &lt;nil&gt; &lt;nil&gt; []  NoClientCert &lt;nil&gt; true [] false false [0 0 0 0 0 0 0 0 0 0 0 0 0 0 0 0 0 0 0 0 0 0 0 0 0 0 0 0 0 0 0 0] &lt;nil&gt; 0 0 [] false 0 &lt;nil&gt; {{0 0} 0 0 0 0} [] []}&#34;&#xA;E0608 19:30:23.777196   24620 portforward.go:372] error copying from remote stream to local connection: readfrom tcp6 [::1]:50694-&gt;[::1]:50697: write tcp6 [::1]:50694-&gt;[::1]:50697: write: broken pipe&#xA;time=&#34;2021-06-08T19:30:23-07:00&#34; level=info msg=&#34;Using image: containers.cisco.com/appn/test-common:vl3_latest&#34;&#xA;time=&#34;2021-06-08T19:30:23-07:00&#34; level=info msg=&#34;Starting ICMP Responder NSE on node: kind-1-worker2 &#34;&#xA;time=&#34;2021-06-08T19:30:27-07:00&#34; level=info msg=&#34;getting logs without container icmp-responder-nse-1=none&#34;&#xA;time=&#34;2021-06-08T19:30:27-07:00&#34; level=info msg=&#34;ICMP Responder icmp-responder-nse-1 started done: 4.035589637s&#34;&#xA;time=&#34;2021-06-08T19:30:27-07:00&#34; level=info msg=&#34;Starting NSC nsc-1 on node: kind-1-worker&#34;&#xA;time=&#34;2021-06-08T19:31:58-07:00&#34; level=info msg=&#34;Pod deploy half time passed: nsc-1&#34;&#xA;time=&#34;2021-06-08T19:33:27-07:00&#34; level=error msg=&#34;createAndBlock with pods: nsc-1 Timeout in waitTimeout&#34;&#xA;time=&#34;2021-06-08T19:33:27-07:00&#34; level=error msg=&#34;Failed to deploy pod, trying to get any information&#34;&#xA;time=&#34;2021-06-08T19:33:27-07:00&#34; level=info msg=&#34;Pod container information: nsc-1&#34;&#xA;time=&#34;2021-06-08T19:33:28-07:00&#34; level=error msg=&#34;blockUntilPodReady failed. Cause: Timeout during waiting for pod change status for pod nsc-1 [{Initialized False 0001-01-01 00:00:00 +0000 UTC 2021-06-08 19:30:28 -0700 PDT ContainersNotInitialized containers with incomplete status: [nsm-init]} {Ready False 0001-01-01 00:00:00 +0000 UTC 2021-06-08 19:30:28 -0700 PDT ContainersNotReady containers with unready status: [alpine-img]} {ContainersReady False 0001-01-01 00:00:00 +0000 UTC 2021-06-08 19:30:28 -0700 PDT ContainersNotReady containers with unready status: [alpine-img]} {PodScheduled True 0001-01-01 00:00:00 +0000 UTC 2021-06-08 19:30:28 -0700 PDT  }] status:  pod: nsc-1&#34;&#xA;time=&#34;2021-06-08T19:33:28-07:00&#34; level=info msg=&#34;Pod nsc-1: container: nsm-init status: false: Logs: time=\&#34;2021-06-09T02:30:28Z\&#34; level=info msg=\&#34;Starting nsm-init...\&#34;\ntime=\&#34;2021-06-09T02:30:28Z\&#34; level=info msg=\&#34;Version: v1.0.1-rc.2-1-g9262b77b\&#34;\ntime=\&#34;2021-06-09T02:30:28Z\&#34; level=info msg=\&#34;All env variables:\&#34;\ntime=\&#34;2021-06-09T02:30:28Z\&#34; level=info msg=\&#34;KUBERNETES_SERVICE_PORT=443\&#34;\ntime=\&#34;2021-06-09T02:30:28Z\&#34; level=info msg=\&#34;KUBERNETES_PORT=tcp://10.96.0.1:443\&#34;\ntime=\&#34;2021-06-09T02:30:28Z\&#34; level=info msg=\&#34;GRPC_GO_LOG_VERBOSITY_LEVEL=99\&#34;\ntime=\&#34;2021-06-09T02:30:28Z\&#34; level=info msg=\&#34;HOSTNAME=nsc-1\&#34;\ntime=\&#34;2021-06-09T02:30:28Z\&#34; level=info msg=\&#34;GRPC_GO_LOG_SEVERITY_LEVEL=info\&#34;\ntime=\&#34;2021-06-09T02:30:28Z\&#34; level=info msg=\&#34;SHLVL=1\&#34;\ntime=\&#34;2021-06-09T02:30:28Z\&#34; level=info msg=\&#34;NSM_CLIENT_SOCKET=/var/lib/networkservicemesh/nsm.client.io.sock\&#34;\ntime=\&#34;2021-06-09T02:30:28Z\&#34; level=info msg=\&#34;HOME=/root\&#34;\ntime=\&#34;2021-06-09T02:30:28Z\&#34; level=info msg=\&#34;WORKSPACE=/var/lib/networkservicemesh/\&#34;\ntime=\&#34;2021-06-09T02:30:28Z\&#34; level=info msg=\&#34;KUBERNETES_PORT_443_TCP_ADDR=10.96.0.1\&#34;\ntime=\&#34;2021-06-09T02:30:28Z\&#34; level=info msg=\&#34;PATH=/usr/local/sbin:/usr/local/bin:/usr/sbin:/usr/bin:/sbin:/bin\&#34;\ntime=\&#34;2021-06-09T02:30:28Z\&#34; level=info msg=\&#34;CLIENT_LABELS=app=icmp\&#34;\ntime=\&#34;2021-06-09T02:30:28Z\&#34; level=info msg=\&#34;KUBERNETES_PORT_443_TCP_PORT=443\&#34;\ntime=\&#34;2021-06-09T02:30:28Z\&#34; level=info msg=\&#34;CLIENT_NETWORK_SERVICE=icmp-responder\&#34;\ntime=\&#34;2021-06-09T02:30:28Z\&#34; level=info msg=\&#34;KUBERNETES_PORT_443_TCP_PROTO=tcp\&#34;\ntime=\&#34;2021-06-09T02:30:28Z\&#34; level=info msg=\&#34;ENTRY=nsm-init\&#34;\ntime=\&#34;2021-06-09T02:30:28Z\&#34; level=info msg=\&#34;NSM_SERVER_SOCKET=/var/lib/networkservicemesh/nsm.server.io.sock\&#34;\ntime=\&#34;2021-06-09T02:30:28Z\&#34; level=info msg=\&#34;KUBERNETES_SERVICE_PORT_HTTPS=443\&#34;\ntime=\&#34;2021-06-09T02:30:28Z\&#34; level=info msg=\&#34;KUBERNETES_PORT_443_TCP=tcp://10.96.0.1:443\&#34;\ntime=\&#34;2021-06-09T02:30:28Z\&#34; level=info msg=\&#34;KUBERNETES_SERVICE_HOST=10.96.0.1\&#34;\ntime=\&#34;2021-06-09T02:30:28Z\&#34; level=info msg=\&#34;PWD=/\&#34;\ntime=\&#34;2021-06-09T02:30:28Z\&#34; level=info msg=\&#34;NSM_DEVICE_PLUGIN=true\&#34;\ntime=\&#34;2021-06-09T02:30:28Z\&#34; level=info msg=\&#34;nsmServerSocket: /var/lib/networkservicemesh/nsm.server.io.sock\&#34;\ntime=\&#34;2021-06-09T02:30:28Z\&#34; level=info msg=\&#34;nsmClientSocket: /var/lib/networkservicemesh/nsm.client.io.sock\&#34;\ntime=\&#34;2021-06-09T02:30:28Z\&#34; level=info msg=\&#34;workspace: /var/lib/networkservicemesh/\&#34;\ntime=\&#34;2021-06-09T02:30:28Z\&#34; level=info msg=\&#34;ENDPOINT_NETWORK_SERVICE not found.\&#34;\ntime=\&#34;2021-06-09T02:30:28Z\&#34; level=info msg=\&#34;Outgoing Network Service Name: icmp-responder\&#34;\ntime=\&#34;2021-06-09T02:30:28Z\&#34; level=info msg=\&#34;ENDPOINT_LABELS not found.\&#34;\ntime=\&#34;2021-06-09T02:30:28Z\&#34; level=info msg=\&#34;Outgoing labels: app=icmp\&#34;\ntime=\&#34;2021-06-09T02:30:28Z\&#34; level=info msg=\&#34;NSC_INTERFACE_NAME not found.\&#34;\ntime=\&#34;2021-06-09T02:30:28Z\&#34; level=info msg=\&#34;MECHANISM_TYPE not found.\&#34;\ntime=\&#34;2021-06-09T02:30:28Z\&#34; level=info msg=\&#34;IP_ADDRESS not found.\&#34;\ntime=\&#34;2021-06-09T02:30:28Z\&#34; level=info msg=\&#34;POD_NAME not found.\&#34;\ntime=\&#34;2021-06-09T02:30:28Z\&#34; level=info msg=\&#34;NSM_NAMESPACE not found.\&#34;\ntime=\&#34;2021-06-09T02:30:28Z\&#34; level=info msg=\&#34;ROUTES not found.\&#34;\ntime=\&#34;2021-06-09T02:30:28Z\&#34; level=info msg=\&#34;Creating logger from config: &amp;{nsm-init@nsc-1 false false [] 0xc000100d20 0xc000277880 &lt;nil&gt; &lt;nil&gt; &lt;nil&gt;}\&#34;\n2021/06/09 02:30:28 debug logging disabled\n2021/06/09 02:30:28 Initializing logging reporter\n2021/06/09 02:30:28 debug logging disabled\ntime=\&#34;2021-06-09T02:30:28Z\&#34; level=info msg=\&#34;==--&gt; RequestNetworkService() span:3473cd2ee907de2a:3473cd2ee907de2a:0000000000000000:1\&#34;\ntime=\&#34;2021-06-09T02:30:28Z\&#34; level=info msg=\&#34;ENDPOINT_NETWORK_SERVICE not found.\&#34;\ntime=\&#34;2021-06-09T02:30:28Z\&#34; level=info msg=\&#34;ENDPOINT_LABELS not found.\&#34;\ntime=\&#34;2021-06-09T02:30:28Z\&#34; level=info msg=\&#34;NSC_INTERFACE_NAME not found.\&#34;\ntime=\&#34;2021-06-09T02:30:28Z\&#34; level=info msg=\&#34;MECHANISM_TYPE not found.\&#34;\ntime=\&#34;2021-06-09T02:30:28Z\&#34; level=info msg=\&#34;IP_ADDRESS not found.\&#34;\ntime=\&#34;2021-06-09T02:30:28Z\&#34; level=info msg=\&#34;POD_NAME not found.\&#34;\ntime=\&#34;2021-06-09T02:30:28Z\&#34; level=info msg=\&#34;NSM_NAMESPACE not found.\&#34;\ntime=\&#34;2021-06-09T02:30:28Z\&#34; level=info msg=\&#34;ROUTES not found.\&#34;\ntime=\&#34;2021-06-09T02:30:28Z\&#34; level=info msg=\&#34;NSM_NAMESPACE not found.\&#34;\ntime=\&#34;2021-06-09T02:30:28Z\&#34; level=warning msg=\&#34;global opentracer is already initialized\&#34;\ntime=\&#34;2021-06-09T02:30:28Z\&#34; level=info msg=\&#34;Creating logger from config: &amp;{nsm-client@nsc-1 false false [] 0xc0001012c0 0xc000277ea0 &lt;nil&gt; &lt;nil&gt; &lt;nil&gt;}\&#34;\n2021/06/09 02:30:28 debug logging disabled\n2021/06/09 02:30:28 Initializing logging reporter\n2021/06/09 02:30:28 debug logging disabled\ntime=\&#34;2021-06-09T02:30:28Z\&#34; level=info msg=\&#34;Trying to establish connection to target: /var/lib/networkservicemesh/nsm.server.io.sock\&#34;\ntime=\&#34;2021-06-09T02:30:28Z\&#34; level=info msg=\&#34;readDialConfig insecure: false\&#34;\ntime=\&#34;2021-06-09T02:30:28Z\&#34; level=info msg=\&#34;Trying to establish connection with the spire provider at address:unix:///run/spire/sockets/agent.sock\&#34;\ntime=\&#34;2021-06-09T02:30:28Z\&#34; level=info msg=\&#34;Created the todo context:unix:///run/spire/sockets/agent.sock\&#34;\nINFO: 2021/06/09 02:30:28 [core] parsed scheme: \&#34;unix\&#34;\nINFO: 2021/06/09 02:30:28 [core] ccResolverWrapper: sending update to cc: {[{/run/spire/sockets/agent.sock  0xc0000a8078 0 &lt;nil&gt;}] &lt;nil&gt; &lt;nil&gt;}\nINFO: 2021/06/09 02:30:28 [core] ClientConn switching balancer to \&#34;pick_first\&#34;\nINFO: 2021/06/09 02:30:28 [core] Channel switches to new LB policy \&#34;pick_first\&#34;\nINFO: 2021/06/09 02:30:28 [core] Subchannel Connectivity change to CONNECTING\nINFO: 2021/06/09 02:30:28 [core] Subchannel picks a new address \&#34;/run/spire/sockets/agent.sock\&#34; to connect\nINFO: 2021/06/09 02:30:28 [core] blockingPicker: the picked transport is not ready, loop back to repick\nINFO: 2021/06/09 02:30:28 [core] pickfirstBalancer: UpdateSubConnState: 0xc0000a4680, {CONNECTING &lt;nil&gt;}\nINFO: 2021/06/09 02:30:28 [core] Channel Connectivity change to CONNECTING\nINFO: 2021/06/09 02:30:28 [core] Subchannel Connectivity change to READY\nINFO: 2021/06/09 02:30:28 [core] pickfirstBalancer: UpdateSubConnState: 0xc0000a4680, {READY &lt;nil&gt;}\nINFO: 2021/06/09 02:30:28 [core] Channel Connectivity change to READY\ntime=\&#34;2021-06-09T02:30:28Z\&#34; level=info msg=\&#34;Got x509:&amp;{0xc0000ba090 &lt;nil&gt; {{0 0} 0 0 0 0} 0xc000103f90 0xc000522780 {{0 0} 0 0 0 0} false} &lt;nil&gt;\&#34;\ntime=\&#34;2021-06-09T02:30:28Z\&#34; level=info msg=\&#34;Started goroutine\&#34;\ntime=\&#34;2021-06-09T02:30:28Z\&#34; level=info msg=\&#34;Returning provider\&#34;\ntime=\&#34;2021-06-09T02:30:28Z\&#34; level=info msg=\&#34;func insecure: false, env insecure: false\&#34;\ntime=\&#34;2021-06-09T02:30:28Z\&#34; level=info msg=\&#34;Connecting to the workload api at:unix:///run/spire/sockets/agent.sock\&#34;\nINFO: 2021/06/09 02:30:28 [core] parsed scheme: \&#34;unix\&#34;\nINFO: 2021/06/09 02:30:28 [core] ccResolverWrapper: sending update to cc: {[{/run/spire/sockets/agent.sock  0xc00000e750 0 &lt;nil&gt;}] &lt;nil&gt; &lt;nil&gt;}\nINFO: 2021/06/09 02:30:28 [core] ClientConn switching balancer to \&#34;pick_first\&#34;\nINFO: 2021/06/09 02:30:28 [core] Channel switches to new LB policy \&#34;pick_first\&#34;\nINFO: 2021/06/09 02:30:28 [core] Subchannel Connectivity change to CONNECTING\nINFO: 2021/06/09 02:30:28 [core] pickfirstBalancer: UpdateSubConnState: 0xc00027bee0, {CONNECTING &lt;nil&gt;}\nINFO: 2021/06/09 02:30:28 [core] Channel Connectivity change to CONNECTING\nINFO: 2021/06/09 02:30:28 [core] blockingPicker: the picked transport is not ready, loop back to repick\ntime=\&#34;2021-06-09T02:30:28Z\&#34; level=info msg=\&#34;Issued identity:spiffe://test.com/nsc\&#34;\nINFO: 2021/06/09 02:30:28 [core] Subchannel picks a new address \&#34;/run/spire/sockets/agent.sock\&#34; to connect\nINFO: 2021/06/09 02:30:28 [core] Subchannel Connectivity change to READY\nINFO: 2021/06/09 02:30:28 [core] pickfirstBalancer: UpdateSubConnState: 0xc00027bee0, {READY &lt;nil&gt;}\nINFO: 2021/06/09 02:30:28 [core] Channel Connectivity change to READY\nINFO: 2021/06/09 02:30:28 [core] Channel Connectivity change to SHUTDOWN\nINFO: 2021/06/09 02:30:28 [core] Subchannel Connectivity change to SHUTDOWN\ntime=\&#34;2021-06-09T02:30:28Z\&#34; level=info msg=\&#34;Successfully retrieve bundles:&amp;{{{0 0} 0 0 0 0} map[{test.com}:0xc0002d1040]}\&#34;\ntime=\&#34;2021-06-09T02:30:28Z\&#34; level=info msg=\&#34;defaultTrustDomain:test.com\&#34;\ntime=\&#34;2021-06-09T02:30:28Z\&#34; level=info msg=\&#34;AUTHORIZING ALL CLIENTS\&#34;\ntime=\&#34;2021-06-09T02:30:28Z\&#34; level=info msg=\&#34;Fetch tlsConfig for Trust Domain: test.com\&#34;\ntime=\&#34;2021-06-09T02:30:28Z\&#34; level=info msg=\&#34;Found 1 tlsconfigs.\&#34;\nINFO: 2021/06/09 02:30:28 [transport] transport: loopyWriter.run returning. connection error: desc = \&#34;transport is closing\&#34;\nINFO: 2021/06/09 02:30:28 [core] parsed scheme: \&#34;\&#34;\nINFO: 2021/06/09 02:30:28 [core] scheme \&#34;\&#34; not registered, fallback to default scheme\nINFO: 2021/06/09 02:30:28 [core] ccResolverWrapper: sending update to cc: {[{/var/lib/networkservicemesh/nsm.server.io.sock  &lt;nil&gt; 0 &lt;nil&gt;}] &lt;nil&gt; &lt;nil&gt;}\nINFO: 2021/06/09 02:30:28 [core] ClientConn switching balancer to \&#34;pick_first\&#34;\nINFO: 2021/06/09 02:30:28 [core] Channel switches to new LB policy \&#34;pick_first\&#34;\nINFO: 2021/06/09 02:30:28 [core] Subchannel Connectivity change to CONNECTING\nINFO: 2021/06/09 02:30:28 [core] Subchannel picks a new address \&#34;/var/lib/networkservicemesh/nsm.server.io.sock\&#34; to connect\nINFO: 2021/06/09 02:30:28 [core] pickfirstBalancer: UpdateSubConnState: 0xc0005268e0, {CONNECTING &lt;nil&gt;}\nINFO: 2021/06/09 02:30:28 [core] Channel Connectivity change to CONNECTING\nINFO: 2021/06/09 02:30:28 [core] Subchannel Connectivity change to READY\nINFO: 2021/06/09 02:30:28 [core] pickfirstBalancer: UpdateSubConnState: 0xc0005268e0, {READY &lt;nil&gt;}\nINFO: 2021/06/09 02:30:28 [core] Channel Connectivity change to READY\ntime=\&#34;2021-06-09T02:30:28Z\&#34; level=info msg=\&#34;Found the right tls certificate:&amp;{&lt;nil&gt; &lt;nil&gt; [] map[] &lt;nil&gt; 0x946a40 &lt;nil&gt; 0x946ac0 &lt;nil&gt; &lt;nil&gt; []  NoClientCert &lt;nil&gt; true [] false false [0 0 0 0 0 0 0 0 0 0 0 0 0 0 0 0 0 0 0 0 0 0 0 0 0 0 0 0 0 0 0 0] &lt;nil&gt; 0 0 [] false 0 &lt;nil&gt; {{0 0} 0 0 0 0} [] []}\&#34;\nINFO: 2021/06/09 02:30:28 [core] Channel Connectivity change to SHUTDOWN\nINFO: 2021/06/09 02:30:28 [core] Subchannel Connectivity change to SHUTDOWN\nINFO: 2021/06/09 02:30:28 [transport] transport: loopyWriter.run returning. connection error: desc = \&#34;transport is closing\&#34;\ntime=\&#34;2021-06-09T02:30:28Z\&#34; level=info msg=\&#34;Trying to establish connection using tlsConfig:&amp;{&lt;nil&gt; &lt;nil&gt; [] map[] &lt;nil&gt; 0x946a40 &lt;nil&gt; 0x946ac0 &lt;nil&gt; &lt;nil&gt; []  NoClientCert &lt;nil&gt; true [] false false [0 0 0 0 0 0 0 0 0 0 0 0 0 0 0 0 0 0 0 0 0 0 0 0 0 0 0 0 0 0 0 0] &lt;nil&gt; 0 0 [] false 0 &lt;nil&gt; {{0 0} 0 0 0 0} [] []}\&#34;\nINFO: 2021/06/09 02:30:28 [core] parsed scheme: \&#34;\&#34;\nINFO: 2021/06/09 02:30:28 [core] scheme \&#34;\&#34; not registered, fallback to default scheme\nINFO: 2021/06/09 02:30:28 [core] ccResolverWrapper: sending update to cc: {[{/var/lib/networkservicemesh/nsm.server.io.sock  &lt;nil&gt; 0 &lt;nil&gt;}] &lt;nil&gt; &lt;nil&gt;}\nINFO: 2021/06/09 02:30:28 [core] ClientConn switching balancer to \&#34;pick_first\&#34;\nINFO: 2021/06/09 02:30:28 [core] Channel switches to new LB policy \&#34;pick_first\&#34;\nINFO: 2021/06/09 02:30:28 [core] Subchannel Connectivity change to CONNECTING\nINFO: 2021/06/09 02:30:28 [core] Subchannel picks a new address \&#34;/var/lib/networkservicemesh/nsm.server.io.sock\&#34; to connect\nINFO: 2021/06/09 02:30:28 [core] pickfirstBalancer: UpdateSubConnState: 0xc0000a4df0, {CONNECTING &lt;nil&gt;}\nINFO: 2021/06/09 02:30:28 [core] Channel Connectivity change to CONNECTING\nINFO: 2021/06/09 02:30:28 [core] Subchannel Connectivity change to READY\nINFO: 2021/06/09 02:30:28 [core] pickfirstBalancer: UpdateSubConnState: 0xc0000a4df0, {READY &lt;nil&gt;}\nINFO: 2021/06/09 02:30:28 [core] Channel Connectivity change to READY\ntime=\&#34;2021-06-09T02:30:28Z\&#34; level=info msg=\&#34;nsm: connection to nsm server on socket: /var/lib/networkservicemesh/nsm.server.io.sock succeeded.\&#34;\ntime=\&#34;2021-06-09T02:30:28Z\&#34; level=info msg=\&#34;==----&gt; nsmClient.Connect() span:3473cd2ee907de2a:4094e24c4195f035:3473cd2ee907de2a:1\&#34;\ntime=\&#34;2021-06-09T02:30:28Z\&#34; level=info msg=\&#34;Initiating an outgoing connection.\&#34; description=\&#34;Primary interface\&#34; destEndpointManager= destEndpointName= mechanism=KERNEL_INTERFACE mechanismName=nsm0 operation=nsmClient.Connect remoteIp= span=\&#34;3473cd2ee907de2a:4094e24c4195f035:3473cd2ee907de2a:1\&#34;\ntime=\&#34;2021-06-09T02:30:28Z\&#34; level=info msg=\&#34;Initiating an outgoing connection.\&#34; operation=nsmClient.Connect span=\&#34;3473cd2ee907de2a:4094e24c4195f035:3473cd2ee907de2a:1\&#34;\ntime=\&#34;2021-06-09T02:30:28Z\&#34; level=info msg=\&#34;&gt;&gt;&lt;&lt;---- Selected mechanism={\\\&#34;cls\\\&#34;:\\\&#34;LOCAL\\\&#34;,\\\&#34;type\\\&#34;:\\\&#34;KERNEL_INTERFACE\\\&#34;,\\\&#34;parameters\\\&#34;:{\\\&#34;description\\\&#34;:\\\&#34;Primary interface\\\&#34;,\\\&#34;name\\\&#34;:\\\&#34;nsm0\\\&#34;,\\\&#34;netnsInode\\\&#34;:\\\&#34;4026533544\\\&#34;,\\\&#34;socketfile\\\&#34;:\\\&#34;nsm0/memif.sock\\\&#34;}} span=3473cd2ee907de2a:4094e24c4195f035:3473cd2ee907de2a:1\&#34;\ntime=\&#34;2021-06-09T02:30:28Z\&#34; level=info msg=\&#34;==------&gt; nsmClient.Connect.attempt:0() span:3473cd2ee907de2a:3ad15ce6f947a5e9:4094e24c4195f035:1\&#34;\ntime=\&#34;2021-06-09T02:30:28Z\&#34; level=info msg=\&#34;Requesting connection:&lt;network_service:\\\&#34;icmp-responder\\\&#34; context:&lt;ip_context:&lt;src_ip_required:true dst_ip_required:true &gt; &gt; labels:&lt;key:\\\&#34;app\\\&#34; value:\\\&#34;icmp\\\&#34; &gt; labels:&lt;key:\\\&#34;namespace\\\&#34; value:\\\&#34;default\\\&#34; &gt; labels:&lt;key:\\\&#34;podName\\\&#34; value:\\\&#34;nsc-1\\\&#34; &gt; &gt; mechanism_preferences:&lt;cls:\\\&#34;LOCAL\\\&#34; type:\\\&#34;KERNEL_INTERFACE\\\&#34; parameters:&lt;key:\\\&#34;description\\\&#34; value:\\\&#34;Primary interface\\\&#34; &gt; parameters:&lt;key:\\\&#34;name\\\&#34; value:\\\&#34;nsm0\\\&#34; &gt; parameters:&lt;key:\\\&#34;netnsInode\\\&#34; value:\\\&#34;4026533544\\\&#34; &gt; parameters:&lt;key:\\\&#34;socketfile\\\&#34; value:\\\&#34;nsm0/memif.sock\\\&#34; &gt; &gt; \&#34; operation=\&#34;nsmClient.Connect.attempt:0\&#34; span=\&#34;3473cd2ee907de2a:3ad15ce6f947a5e9:4094e24c4195f035:1\&#34;\ntime=\&#34;2021-06-09T02:30:28Z\&#34; level=info msg=\&#34;&gt;&gt;&lt;&lt;-------- /networkservice.NetworkService/Request()=\\\&#34;\\\&#34; span=3473cd2ee907de2a:3ad15ce6f947a5e9:4094e24c4195f035:1\&#34;\ntime=\&#34;2021-06-09T02:30:28Z\&#34; level=info msg=\&#34;&gt;&gt;&lt;&lt;-------- request={\\\&#34;connection\\\&#34;:{\\\&#34;network_service\\\&#34;:\\\&#34;icmp-responder\\\&#34;,\\\&#34;context\\\&#34;:{\\\&#34;ip_context\\\&#34;:{\\\&#34;src_ip_required\\\&#34;:true,\\\&#34;dst_ip_required\\\&#34;:true}},\\\&#34;labels\\\&#34;:{\\\&#34;app\\\&#34;:\\\&#34;icmp\\\&#34;,\\\&#34;namespace\\\&#34;:\\\&#34;default\\\&#34;,\\\&#34;podName\\\&#34;:\\\&#34;nsc-1\\\&#34;}},\\\&#34;mechanism_preferences\\\&#34;:[{\\\&#34;cls\\\&#34;:\\\&#34;LOCAL\\\&#34;,\\\&#34;type\\\&#34;:\\\&#34;KERNEL_INTERFACE\\\&#34;,\\\&#34;parameters\\\&#34;:{\\\&#34;description\\\&#34;:\\\&#34;Primary interface\\\&#34;,\\\&#34;name\\\&#34;:\\\&#34;nsm0\\\&#34;,\\\&#34;netnsInode\\\&#34;:\\\&#34;4026533544\\\&#34;,\\\&#34;socketfile\\\&#34;:\\\&#34;nsm0/memif.sock\\\&#34;}}]} span=3473cd2ee907de2a:3ad15ce6f947a5e9:4094e24c4195f035:1\&#34;\n2021/06/09 02:31:28 Reporting span 3473cd2ee907de2a:263dfec4f5fd4da7:3ad15ce6f947a5e9:1\ntime=\&#34;2021-06-09T02:31:28Z\&#34; level=info msg=\&#34;&gt;&gt;&lt;&lt;-------- response={} span=3473cd2ee907de2a:3ad15ce6f947a5e9:4094e24c4195f035:1\&#34;\ntime=\&#34;2021-06-09T02:31:28Z\&#34; level=error msg=\&#34;&gt;&gt;&lt;&lt;------ error=rpc error: code = DeadlineExceeded desc = context deadline exceeded span=3473cd2ee907de2a:3ad15ce6f947a5e9:4094e24c4195f035:1\&#34;\ntime=\&#34;2021-06-09T02:31:28Z\&#34; level=error msg=\&#34;nsm client: Failed to connect rpc error: code = DeadlineExceeded desc = context deadline exceeded. Retry attempts: 10 Delaying: 5s\&#34; operation=\&#34;nsmClient.Connect.attempt:0\&#34; span=\&#34;3473cd2ee907de2a:3ad15ce6f947a5e9:4094e24c4195f035:1\&#34;\n2021/06/09 02:31:28 Reporting span 3473cd2ee907de2a:3ad15ce6f947a5e9:4094e24c4195f035:1\ntime=\&#34;2021-06-09T02:31:33Z\&#34; level=info msg=\&#34;==------&gt; nsmClient.Connect.attempt:1() span:3473cd2ee907de2a:424e2cfe44e06c51:4094e24c4195f035:1\&#34;\ntime=\&#34;2021-06-09T02:31:33Z\&#34; level=info msg=\&#34;Requesting connection:&lt;network_service:\\\&#34;icmp-responder\\\&#34; context:&lt;ip_context:&lt;src_ip_required:true dst_ip_required:true &gt; &gt; labels:&lt;key:\\\&#34;app\\\&#34; value:\\\&#34;icmp\\\&#34; &gt; labels:&lt;key:\\\&#34;namespace\\\&#34; value:\\\&#34;default\\\&#34; &gt; labels:&lt;key:\\\&#34;podName\\\&#34; value:\\\&#34;nsc-1\\\&#34; &gt; &gt; mechanism_preferences:&lt;cls:\\\&#34;LOCAL\\\&#34; type:\\\&#34;KERNEL_INTERFACE\\\&#34; parameters:&lt;key:\\\&#34;description\\\&#34; value:\\\&#34;Primary interface\\\&#34; &gt; parameters:&lt;key:\\\&#34;name\\\&#34; value:\\\&#34;nsm0\\\&#34; &gt; parameters:&lt;key:\\\&#34;netnsInode\\\&#34; value:\\\&#34;4026533544\\\&#34; &gt; parameters:&lt;key:\\\&#34;socketfile\\\&#34; value:\\\&#34;nsm0/memif.sock\\\&#34; &gt; &gt; \&#34; operation=\&#34;nsmClient.Connect.attempt:1\&#34; span=\&#34;3473cd2ee907de2a:424e2cfe44e06c51:4094e24c4195f035:1\&#34;\ntime=\&#34;2021-06-09T02:31:33Z\&#34; level=info msg=\&#34;&gt;&gt;&lt;&lt;-------- /networkservice.NetworkService/Request()=\\\&#34;\\\&#34; span=3473cd2ee907de2a:424e2cfe44e06c51:4094e24c4195f035:1\&#34;\ntime=\&#34;2021-06-09T02:31:33Z\&#34; level=info msg=\&#34;&gt;&gt;&lt;&lt;-------- request={\\\&#34;connection\\\&#34;:{\\\&#34;network_service\\\&#34;:\\\&#34;icmp-responder\\\&#34;,\\\&#34;context\\\&#34;:{\\\&#34;ip_context\\\&#34;:{\\\&#34;src_ip_required\\\&#34;:true,\\\&#34;dst_ip_required\\\&#34;:true}},\\\&#34;labels\\\&#34;:{\\\&#34;app\\\&#34;:\\\&#34;icmp\\\&#34;,\\\&#34;namespace\\\&#34;:\\\&#34;default\\\&#34;,\\\&#34;podName\\\&#34;:\\\&#34;nsc-1\\\&#34;}},\\\&#34;mechanism_preferences\\\&#34;:[{\\\&#34;cls\\\&#34;:\\\&#34;LOCAL\\\&#34;,\\\&#34;type\\\&#34;:\\\&#34;KERNEL_INTERFACE\\\&#34;,\\\&#34;parameters\\\&#34;:{\\\&#34;description\\\&#34;:\\\&#34;Primary interface\\\&#34;,\\\&#34;name\\\&#34;:\\\&#34;nsm0\\\&#34;,\\\&#34;netnsInode\\\&#34;:\\\&#34;4026533544\\\&#34;,\\\&#34;socketfile\\\&#34;:\\\&#34;nsm0/memif.sock\\\&#34;}}]} span=3473cd2ee907de2a:424e2cfe44e06c51:4094e24c4195f035:1\&#34;\n2021/06/09 02:32:33 Reporting span 3473cd2ee907de2a:098b7dbe92244a3a:424e2cfe44e06c51:1\ntime=\&#34;2021-06-09T02:32:33Z\&#34; level=info msg=\&#34;&gt;&gt;&lt;&lt;-------- response={} span=3473cd2ee907de2a:424e2cfe44e06c51:4094e24c4195f035:1\&#34;\ntime=\&#34;2021-06-09T02:32:33Z\&#34; level=error msg=\&#34;&gt;&gt;&lt;&lt;------ error=rpc error: code = DeadlineExceeded desc = context deadline exceeded span=3473cd2ee907de2a:424e2cfe44e06c51:4094e24c4195f035:1\&#34;\ntime=\&#34;2021-06-09T02:32:33Z\&#34; level=error msg=\&#34;nsm client: Failed to connect rpc error: code = DeadlineExceeded desc = context deadline exceeded. Retry attempts: 9 Delaying: 5s\&#34; operation=\&#34;nsmClient.Connect.attempt:1\&#34; span=\&#34;3473cd2ee907de2a:424e2cfe44e06c51:4094e24c4195f035:1\&#34;\n2021/06/09 02:32:33 Reporting span 3473cd2ee907de2a:424e2cfe44e06c51:4094e24c4195f035:1\ntime=\&#34;2021-06-09T02:32:38Z\&#34; level=info msg=\&#34;==------&gt; nsmClient.Connect.attempt:2() span:3473cd2ee907de2a:350167d61540e8e3:4094e24c4195f035:1\&#34;\ntime=\&#34;2021-06-09T02:32:38Z\&#34; level=info msg=\&#34;Requesting connection:&lt;network_service:\\\&#34;icmp-responder\\\&#34; context:&lt;ip_context:&lt;src_ip_required:true dst_ip_required:true &gt; &gt; labels:&lt;key:\\\&#34;app\\\&#34; value:\\\&#34;icmp\\\&#34; &gt; labels:&lt;key:\\\&#34;namespace\\\&#34; value:\\\&#34;default\\\&#34; &gt; labels:&lt;key:\\\&#34;podName\\\&#34; value:\\\&#34;nsc-1\\\&#34; &gt; &gt; mechanism_preferences:&lt;cls:\\\&#34;LOCAL\\\&#34; type:\\\&#34;KERNEL_INTERFACE\\\&#34; parameters:&lt;key:\\\&#34;description\\\&#34; value:\\\&#34;Primary interface\\\&#34; &gt; parameters:&lt;key:\\\&#34;name\\\&#34; value:\\\&#34;nsm0\\\&#34; &gt; parameters:&lt;key:\\\&#34;netnsInode\\\&#34; value:\\\&#34;4026533544\\\&#34; &gt; parameters:&lt;key:\\\&#34;socketfile\\\&#34; value:\\\&#34;nsm0/memif.sock\\\&#34; &gt; &gt; \&#34; operation=\&#34;nsmClient.Connect.attempt:2\&#34; span=\&#34;3473cd2ee907de2a:350167d61540e8e3:4094e24c4195f035:1\&#34;\ntime=\&#34;2021-06-09T02:32:38Z\&#34; level=info msg=\&#34;&gt;&gt;&lt;&lt;-------- /networkservice.NetworkService/Request()=\\\&#34;\\\&#34; span=3473cd2ee907de2a:350167d61540e8e3:4094e24c4195f035:1\&#34;\n&#34;&#xA;time=&#34;2021-06-08T19:33:28-07:00&#34; level=info msg=&#34;Pod nsc-1 event: {\&#34;metadata\&#34;:{\&#34;name\&#34;:\&#34;nsc-1.1686c919e00f62d8\&#34;,\&#34;namespace\&#34;:\&#34;nsm-system\&#34;,\&#34;selfLink\&#34;:\&#34;/api/v1/namespaces/nsm-system/events/nsc-1.1686c919e00f62d8\&#34;,\&#34;uid\&#34;:\&#34;9ff5a4b7-39df-4052-b1d7-b1d6f9c87385\&#34;,\&#34;resourceVersion\&#34;:\&#34;5593\&#34;,\&#34;creationTimestamp\&#34;:\&#34;2021-06-09T02:30:28Z\&#34;},\&#34;involvedObject\&#34;:{\&#34;kind\&#34;:\&#34;Pod\&#34;,\&#34;namespace\&#34;:\&#34;nsm-system\&#34;,\&#34;name\&#34;:\&#34;nsc-1\&#34;,\&#34;uid\&#34;:\&#34;38f4b14c-98b2-4673-badd-f20079762336\&#34;,\&#34;apiVersion\&#34;:\&#34;v1\&#34;,\&#34;resourceVersion\&#34;:\&#34;5586\&#34;,\&#34;fieldPath\&#34;:\&#34;spec.initContainers{nsm-init}\&#34;},\&#34;reason\&#34;:\&#34;Started\&#34;,\&#34;message\&#34;:\&#34;Started container nsm-init\&#34;,\&#34;source\&#34;:{\&#34;component\&#34;:\&#34;kubelet\&#34;,\&#34;host\&#34;:\&#34;kind-1-worker\&#34;},\&#34;firstTimestamp\&#34;:\&#34;2021-06-09T02:30:28Z\&#34;,\&#34;lastTimestamp\&#34;:\&#34;2021-06-09T02:30:28Z\&#34;,\&#34;count\&#34;:1,\&#34;type\&#34;:\&#34;Normal\&#34;,\&#34;eventTime\&#34;:null,\&#34;reportingComponent\&#34;:\&#34;\&#34;,\&#34;reportingInstance\&#34;:\&#34;\&#34;}&#34;&#xA;time=&#34;2021-06-08T19:33:28-07:00&#34; level=info msg=&#34;Pod nsc-1 event: {\&#34;metadata\&#34;:{\&#34;name\&#34;:\&#34;nsc-1.1686c919dacd8444\&#34;,\&#34;namespace\&#34;:\&#34;nsm-system\&#34;,\&#34;selfLink\&#34;:\&#34;/api/v1/namespaces/nsm-system/events/nsc-1.1686c919dacd8444\&#34;,\&#34;uid\&#34;:\&#34;af7c198e-53c0-438c-9bb8-f3ef14b8d52a\&#34;,\&#34;resourceVersion\&#34;:\&#34;5592\&#34;,\&#34;creationTimestamp\&#34;:\&#34;2021-06-09T02:30:28Z\&#34;},\&#34;involvedObject\&#34;:{\&#34;kind\&#34;:\&#34;Pod\&#34;,\&#34;namespace\&#34;:\&#34;nsm-system\&#34;,\&#34;name\&#34;:\&#34;nsc-1\&#34;,\&#34;uid\&#34;:\&#34;38f4b14c-98b2-4673-badd-f20079762336\&#34;,\&#34;apiVersion\&#34;:\&#34;v1\&#34;,\&#34;resourceVersion\&#34;:\&#34;5586\&#34;,\&#34;fieldPath\&#34;:\&#34;spec.initContainers{nsm-init}\&#34;},\&#34;reason\&#34;:\&#34;Created\&#34;,\&#34;message\&#34;:\&#34;Created container nsm-init\&#34;,\&#34;source\&#34;:{\&#34;component\&#34;:\&#34;kubelet\&#34;,\&#34;host\&#34;:\&#34;kind-1-worker\&#34;},\&#34;firstTimestamp\&#34;:\&#34;2021-06-09T02:30:28Z\&#34;,\&#34;lastTimestamp\&#34;:\&#34;2021-06-09T02:30:28Z\&#34;,\&#34;count\&#34;:1,\&#34;type\&#34;:\&#34;Normal\&#34;,\&#34;eventTime\&#34;:null,\&#34;reportingComponent\&#34;:\&#34;\&#34;,\&#34;reportingInstance\&#34;:\&#34;\&#34;}&#34;&#xA;time=&#34;2021-06-08T19:33:28-07:00&#34; level=info msg=&#34;Pod nsc-1 event: {\&#34;metadata\&#34;:{\&#34;name\&#34;:\&#34;nsc-1.1686c919d8f5a2b4\&#34;,\&#34;namespace\&#34;:\&#34;nsm-system\&#34;,\&#34;selfLink\&#34;:\&#34;/api/v1/namespaces/nsm-system/events/nsc-1.1686c919d8f5a2b4\&#34;,\&#34;uid\&#34;:\&#34;21022591-2add-4fa6-ac61-5c9d0ad26ba5\&#34;,\&#34;resourceVersion\&#34;:\&#34;5591\&#34;,\&#34;creationTimestamp\&#34;:\&#34;2021-06-09T02:30:28Z\&#34;},\&#34;involvedObject\&#34;:{\&#34;kind\&#34;:\&#34;Pod\&#34;,\&#34;namespace\&#34;:\&#34;nsm-system\&#34;,\&#34;name\&#34;:\&#34;nsc-1\&#34;,\&#34;uid\&#34;:\&#34;38f4b14c-98b2-4673-badd-f20079762336\&#34;,\&#34;apiVersion\&#34;:\&#34;v1\&#34;,\&#34;resourceVersion\&#34;:\&#34;5586\&#34;,\&#34;fieldPath\&#34;:\&#34;spec.initContainers{nsm-init}\&#34;},\&#34;reason\&#34;:\&#34;Pulled\&#34;,\&#34;message\&#34;:\&#34;Container image \\\&#34;containers.cisco.com/appn/nsm-init:vl3_latest\\\&#34; already present on machine\&#34;,\&#34;source\&#34;:{\&#34;component\&#34;:\&#34;kubelet\&#34;,\&#34;host\&#34;:\&#34;kind-1-worker\&#34;},\&#34;firstTimestamp\&#34;:\&#34;2021-06-09T02:30:28Z\&#34;,\&#34;lastTimestamp\&#34;:\&#34;2021-06-09T02:30:28Z\&#34;,\&#34;count\&#34;:1,\&#34;type\&#34;:\&#34;Normal\&#34;,\&#34;eventTime\&#34;:null,\&#34;reportingComponent\&#34;:\&#34;\&#34;,\&#34;reportingInstance\&#34;:\&#34;\&#34;}&#34;&#xA;time=&#34;2021-06-08T19:33:28-07:00&#34; level=info msg=&#34;Pod nsc-1 event: {\&#34;metadata\&#34;:{\&#34;name\&#34;:\&#34;nsc-1.1686c919b9852da0\&#34;,\&#34;namespace\&#34;:\&#34;nsm-system\&#34;,\&#34;selfLink\&#34;:\&#34;/api/v1/namespaces/nsm-system/events/nsc-1.1686c919b9852da0\&#34;,\&#34;uid\&#34;:\&#34;2feca186-97e9-425c-a5a4-a487b0aed277\&#34;,\&#34;resourceVersion\&#34;:\&#34;5587\&#34;,\&#34;creationTimestamp\&#34;:\&#34;2021-06-09T02:30:28Z\&#34;},\&#34;involvedObject\&#34;:{\&#34;kind\&#34;:\&#34;Pod\&#34;,\&#34;namespace\&#34;:\&#34;nsm-system\&#34;,\&#34;name\&#34;:\&#34;nsc-1\&#34;,\&#34;uid\&#34;:\&#34;38f4b14c-98b2-4673-badd-f20079762336\&#34;,\&#34;apiVersion\&#34;:\&#34;v1\&#34;,\&#34;resourceVersion\&#34;:\&#34;5585\&#34;},\&#34;reason\&#34;:\&#34;Scheduled\&#34;,\&#34;message\&#34;:\&#34;Successfully assigned nsm-system/nsc-1 to kind-1-worker\&#34;,\&#34;source\&#34;:{\&#34;component\&#34;:\&#34;default-scheduler\&#34;},\&#34;firstTimestamp\&#34;:\&#34;2021-06-09T02:30:28Z\&#34;,\&#34;lastTimestamp\&#34;:\&#34;2021-06-09T02:30:28Z\&#34;,\&#34;count\&#34;:1,\&#34;type\&#34;:\&#34;Normal\&#34;,\&#34;eventTime\&#34;:null,\&#34;reportingComponent\&#34;:\&#34;\&#34;,\&#34;reportingInstance\&#34;:\&#34;\&#34;}&#34;&#xA;time=&#34;2021-06-08T19:33:28-07:00&#34; level=error msg=&#34;Failed to get logs from nsc-1 err: container \&#34;alpine-img\&#34; in pod \&#34;nsc-1\&#34; is waiting to start: PodInitializing&#34;&#xA;time=&#34;2021-06-08T19:33:28-07:00&#34; level=info msg=&#34;Pod nsc-1: container: alpine-img status: false: Logs: &#34;&#xA;time=&#34;2021-06-08T19:33:28-07:00&#34; level=info msg=&#34;pod nsc-1 object:\n&gt;&gt;&gt;&gt;&gt;&gt;&gt;&gt;&gt;&gt;&gt;{\&#34;metadata\&#34;:{\&#34;name\&#34;:\&#34;nsc-1\&#34;,\&#34;namespace\&#34;:\&#34;nsm-system\&#34;,\&#34;selfLink\&#34;:\&#34;/api/v1/namespaces/nsm-system/pods/nsc-1\&#34;,\&#34;uid\&#34;:\&#34;38f4b14c-98b2-4673-badd-f20079762336\&#34;,\&#34;resourceVersion\&#34;:\&#34;5594\&#34;,\&#34;creationTimestamp\&#34;:\&#34;2021-06-09T02:30:28Z\&#34;},\&#34;spec\&#34;:{\&#34;volumes\&#34;:[{\&#34;name\&#34;:\&#34;nsc-acc-token-pdlk4\&#34;,\&#34;secret\&#34;:{\&#34;secretName\&#34;:\&#34;nsc-acc-token-pdlk4\&#34;,\&#34;defaultMode\&#34;:420}}],\&#34;initContainers\&#34;:[{\&#34;name\&#34;:\&#34;nsm-init\&#34;,\&#34;image\&#34;:\&#34;containers.cisco.com/appn/nsm-init:vl3_latest\&#34;,\&#34;env\&#34;:[{\&#34;name\&#34;:\&#34;CLIENT_NETWORK_SERVICE\&#34;,\&#34;value\&#34;:\&#34;icmp-responder\&#34;},{\&#34;name\&#34;:\&#34;CLIENT_LABELS\&#34;,\&#34;value\&#34;:\&#34;app=icmp\&#34;}],\&#34;resources\&#34;:{\&#34;limits\&#34;:{\&#34;cpu\&#34;:\&#34;200m\&#34;,\&#34;memory\&#34;:\&#34;20Mi\&#34;,\&#34;networkservicemesh.io/socket\&#34;:\&#34;1\&#34;},\&#34;requests\&#34;:{\&#34;cpu\&#34;:\&#34;200m\&#34;,\&#34;memory\&#34;:\&#34;20Mi\&#34;,\&#34;networkservicemesh.io/socket\&#34;:\&#34;1\&#34;}},\&#34;volumeMounts\&#34;:[{\&#34;name\&#34;:\&#34;nsc-acc-token-pdlk4\&#34;,\&#34;readOnly\&#34;:true,\&#34;mountPath\&#34;:\&#34;/var/run/secrets/kubernetes.io/serviceaccount\&#34;}],\&#34;terminationMessagePath\&#34;:\&#34;/dev/termination-log\&#34;,\&#34;terminationMessagePolicy\&#34;:\&#34;File\&#34;,\&#34;imagePullPolicy\&#34;:\&#34;IfNotPresent\&#34;}],\&#34;containers\&#34;:[{\&#34;name\&#34;:\&#34;alpine-img\&#34;,\&#34;image\&#34;:\&#34;alpine:latest\&#34;,\&#34;command\&#34;:[\&#34;tail\&#34;,\&#34;-f\&#34;,\&#34;/dev/null\&#34;],\&#34;resources\&#34;:{},\&#34;volumeMounts\&#34;:[{\&#34;name\&#34;:\&#34;nsc-acc-token-pdlk4\&#34;,\&#34;readOnly\&#34;:true,\&#34;mountPath\&#34;:\&#34;/var/run/secrets/kubernetes.io/serviceaccount\&#34;}],\&#34;terminationMessagePath\&#34;:\&#34;/dev/termination-log\&#34;,\&#34;terminationMessagePolicy\&#34;:\&#34;File\&#34;,\&#34;imagePullPolicy\&#34;:\&#34;IfNotPresent\&#34;}],\&#34;restartPolicy\&#34;:\&#34;Always\&#34;,\&#34;terminationGracePeriodSeconds\&#34;:0,\&#34;dnsPolicy\&#34;:\&#34;ClusterFirst\&#34;,\&#34;nodeSelector\&#34;:{\&#34;kubernetes.io/hostname\&#34;:\&#34;kind-1-worker\&#34;},\&#34;serviceAccountName\&#34;:\&#34;nsc-acc\&#34;,\&#34;serviceAccount\&#34;:\&#34;nsc-acc\&#34;,\&#34;nodeName\&#34;:\&#34;kind-1-worker\&#34;,\&#34;securityContext\&#34;:{},\&#34;schedulerName\&#34;:\&#34;default-scheduler\&#34;,\&#34;tolerations\&#34;:[{\&#34;key\&#34;:\&#34;node.kubernetes.io/not-ready\&#34;,\&#34;operator\&#34;:\&#34;Exists\&#34;,\&#34;effect\&#34;:\&#34;NoExecute\&#34;,\&#34;tolerationSeconds\&#34;:300},{\&#34;key\&#34;:\&#34;node.kubernetes.io/unreachable\&#34;,\&#34;operator\&#34;:\&#34;Exists\&#34;,\&#34;effect\&#34;:\&#34;NoExecute\&#34;,\&#34;tolerationSeconds\&#34;:300}],\&#34;priority\&#34;:0,\&#34;enableServiceLinks\&#34;:true},\&#34;status\&#34;:{\&#34;phase\&#34;:\&#34;Pending\&#34;,\&#34;conditions\&#34;:[{\&#34;type\&#34;:\&#34;Initialized\&#34;,\&#34;status\&#34;:\&#34;False\&#34;,\&#34;lastProbeTime\&#34;:null,\&#34;lastTransitionTime\&#34;:\&#34;2021-06-09T02:30:28Z\&#34;,\&#34;reason\&#34;:\&#34;ContainersNotInitialized\&#34;,\&#34;message\&#34;:\&#34;containers with incomplete status: [nsm-init]\&#34;},{\&#34;type\&#34;:\&#34;Ready\&#34;,\&#34;status\&#34;:\&#34;False\&#34;,\&#34;lastProbeTime\&#34;:null,\&#34;lastTransitionTime\&#34;:\&#34;2021-06-09T02:30:28Z\&#34;,\&#34;reason\&#34;:\&#34;ContainersNotReady\&#34;,\&#34;message\&#34;:\&#34;containers with unready status: [alpine-img]\&#34;},{\&#34;type\&#34;:\&#34;ContainersReady\&#34;,\&#34;status\&#34;:\&#34;False\&#34;,\&#34;lastProbeTime\&#34;:null,\&#34;lastTransitionTime\&#34;:\&#34;2021-06-09T02:30:28Z\&#34;,\&#34;reason\&#34;:\&#34;ContainersNotReady\&#34;,\&#34;message\&#34;:\&#34;containers with unready status: [alpine-img]\&#34;},{\&#34;type\&#34;:\&#34;PodScheduled\&#34;,\&#34;status\&#34;:\&#34;True\&#34;,\&#34;lastProbeTime\&#34;:null,\&#34;lastTransitionTime\&#34;:\&#34;2021-06-09T02:30:28Z\&#34;}],\&#34;hostIP\&#34;:\&#34;172.17.0.4\&#34;,\&#34;podIP\&#34;:\&#34;10.244.2.22\&#34;,\&#34;podIPs\&#34;:[{\&#34;ip\&#34;:\&#34;10.244.2.22\&#34;}],\&#34;startTime\&#34;:\&#34;2021-06-09T02:30:28Z\&#34;,\&#34;initContainerStatuses\&#34;:[{\&#34;name\&#34;:\&#34;nsm-init\&#34;,\&#34;state\&#34;:{\&#34;running\&#34;:{\&#34;startedAt\&#34;:\&#34;2021-06-09T02:30:28Z\&#34;}},\&#34;lastState\&#34;:{},\&#34;ready\&#34;:false,\&#34;restartCount\&#34;:0,\&#34;image\&#34;:\&#34;containers.cisco.com/appn/nsm-init:vl3_latest\&#34;,\&#34;imageID\&#34;:\&#34;sha256:40c167f519ed8ff354adfed9786b94f776297b51ae257f63dd9520d8c1dc37b8\&#34;,\&#34;containerID\&#34;:\&#34;containerd://3b88c94ebe2e131e8f79c20efa0d589c7fcc9815304eba5ca6cb6ba38f9a1511\&#34;}],\&#34;containerStatuses\&#34;:[{\&#34;name\&#34;:\&#34;alpine-img\&#34;,\&#34;state\&#34;:{\&#34;waiting\&#34;:{\&#34;reason\&#34;:\&#34;PodInitializing\&#34;}},\&#34;lastState\&#34;:{},\&#34;ready\&#34;:false,\&#34;restartCount\&#34;:0,\&#34;image\&#34;:\&#34;alpine:latest\&#34;,\&#34;imageID\&#34;:\&#34;\&#34;,\&#34;started\&#34;:false}],\&#34;qosClass\&#34;:\&#34;Burstable\&#34;}}\n&lt;&lt;&lt;&lt;&lt;&lt;&lt;&lt;&lt;&lt;&#34;&#xA;time=&#34;2021-06-08T19:33:28-07:00&#34; level=error msg=&#34;Error Creating Pod: nsc-1 Failed to deploy pod&#34;&#xA;k8s.go:904:&#xA;goroutine 42 [running]:&#xA;runtime/debug.Stack(0x231a3c0, 0xc00064cb80, 0x30b6488)&#xA;/usr/local/go/src/runtime/debug/stack.go:24 +0x9f&#xA;github.com/networkservicemesh/networkservicemesh/test/kubetest.(*K8s).CreatePodsRaw(0xc000368300, 0x29e8d60800, 0xc0009e3c01, 0xc0009e3c08, 0x1, 0x1, 0x0, 0x0, 0x0, 0x0, ...)&#xA;/Users/nispatil/go/src/github.com/cisco-app-networking/nsm_publish/networkservicemesh/test/kubetest/k8s.go:904 +0x8cc&#xA;github.com/networkservicemesh/networkservicemesh/test/kubetest.(*K8s).CreatePod(0xc000368300, 0xc000b5bc00, 0x24dd280)&#xA;/Users/nispatil/go/src/github.com/cisco-app-networking/nsm_publish/networkservicemesh/test/kubetest/k8s.go:920 +0x72&#xA;github.com/networkservicemesh/networkservicemesh/test/kubetest.deployNSC(0xc000368300, 0xc000993ef0, 0xd, 0x24bfedd, 0x5, 0x24c4319, 0x8, 0x1bf08eb000, 0xc000b5bc00, 0xc0002a2ca0)&#xA;/Users/nispatil/go/src/github.com/cisco-app-networking/nsm_publish/networkservicemesh/test/kubetest/utils.go:542 +0x1c5&#xA;github.com/networkservicemesh/networkservicemesh/test/kubetest.DeployNSC(0xc000368300, 0xc0000b2600, 0x24bfedd, 0x5, 0x1bf08eb000, 0xc000325000)&#xA;/Users/nispatil/go/src/github.com/cisco-app-networking/nsm_publish/networkservicemesh/test/kubetest/utils.go:402 +0x1f2&#xA;github.com/networkservicemesh/networkservicemesh/test/integration.TestSingleCrossConnectMonitorBeforeXcons(0xc000001e00)&#xA;/Users/nispatil/go/src/github.com/cisco-app-networking/nsm_publish/networkservicemesh/test/integration/basic_monitor_crossconnect_test.go:92 +0x3c5&#xA;testing.tRunner(0xc000001e00, 0x25772e8)&#xA;/usr/local/go/src/testing/testing.go:1123 +0xef&#xA;created by testing.(*T).Run&#xA;/usr/local/go/src/testing/testing.go:1168 +0x2b3&#xA;&#xA;Expected&#xA;&lt;int&gt;: 1&#xA;to equal&#xA;&lt;int&gt;: 0&#xA;time=&#34;2021-06-08T19:33:28-07:00&#34; level=info msg=CLOSE&#xA;time=&#34;2021-06-08T19:33:28-07:00&#34; level=info msg=CLOSE&#xA;E0608 19:33:28.996559   24620 portforward.go:409] error closing listener: close tcp4 127.0.0.1:50694: use of closed network connection&#xA;E0608 19:33:28.996577   24620 portforward.go:409] error closing listener: close tcp6 [::1]:50694: use of closed network connection&#xA;E0608 19:33:28.996684   24620 portforward.go:409] error closing listener: close tcp4 127.0.0.1:50689: use of closed network connection&#xA;E0608 19:33:28.998892   24620 portforward.go:409] error closing listener: close tcp6 [::1]:50689: use of closed network connection&#xA;E0608 19:33:29.445685   24620 portforward.go:409] error closing listener: close tcp4 127.0.0.1:50722: use of closed network connection&#xA;E0608 19:33:29.445700   24620 portforward.go:409] error closing listener: close tcp6 [::1]:50722: use of closed network connection&#xA;time=&#34;2021-06-08T19:33:29-07:00&#34; level=error msg=&#34;Failed to get logs from nsc-1 err: container \&#34;alpine-img\&#34; in pod \&#34;nsc-1\&#34; is waiting to start: PodInitializing&#34;&#xA;time=&#34;2021-06-08T19:33:29-07:00&#34; level=warning msg=&#34;Can not get logs for container: alpine-img, Error: container \&#34;alpine-img\&#34; in pod \&#34;nsc-1\&#34; is waiting to start: PodInitializing&#34;&#xA;time=&#34;2021-06-08T19:33:30-07:00&#34; level=error msg=&#34;Failed to get logs from icmp-responder-nse-1 err: previous terminated container \&#34;icmp-responder-nse-1\&#34; in pod \&#34;icmp-responder-nse-1\&#34; not found&#34;&#xA;time=&#34;2021-06-08T19:33:30-07:00&#34; level=warning msg=&#34;Can not get logs for container: icmp-responder-nse-1, Error: previous terminated container \&#34;icmp-responder-nse-1\&#34; in pod \&#34;icmp-responder-nse-1\&#34; not found&#34;&#xA;time=&#34;2021-06-08T19:33:30-07:00&#34; level=error msg=&#34;Failed to get logs from jaeger err: previous terminated container \&#34;jaeger\&#34; in pod \&#34;jaeger\&#34; not found&#34;&#xA;time=&#34;2021-06-08T19:33:30-07:00&#34; level=warning msg=&#34;Can not get logs for container: jaeger, Error: previous terminated container \&#34;jaeger\&#34; in pod \&#34;jaeger\&#34; not found&#34;&#xA;time=&#34;2021-06-08T19:33:30-07:00&#34; level=error msg=&#34;Failed to get logs from nsmd-forwarder-kind-1-worker err: previous terminated container \&#34;vppagent-forwarder\&#34; in pod \&#34;nsmd-forwarder-kind-1-worker\&#34; not found&#34;&#xA;time=&#34;2021-06-08T19:33:30-07:00&#34; level=warning msg=&#34;Can not get logs for container: vppagent-forwarder, Error: previous terminated container \&#34;vppagent-forwarder\&#34; in pod \&#34;nsmd-forwarder-kind-1-worker\&#34; not found&#34;&#xA;time=&#34;2021-06-08T19:33:31-07:00&#34; level=error msg=&#34;Failed to get logs from nsc-1 err: previous terminated container \&#34;alpine-img\&#34; in pod \&#34;nsc-1\&#34; not found&#34;&#xA;time=&#34;2021-06-08T19:33:31-07:00&#34; level=warning msg=&#34;Can not get logs for container: alpine-img, Error: previous terminated container \&#34;alpine-img\&#34; in pod \&#34;nsc-1\&#34; not found&#34;&#xA;time=&#34;2021-06-08T19:33:31-07:00&#34; level=error msg=&#34;Failed to get logs from nsmd-forwarder-kind-1-worker2 err: previous terminated container \&#34;vppagent-forwarder\&#34; in pod \&#34;nsmd-forwarder-kind-1-worker2\&#34; not found&#34;&#xA;time=&#34;2021-06-08T19:33:31-07:00&#34; level=warning msg=&#34;Can not get logs for container: vppagent-forwarder, Error: previous terminated container \&#34;vppagent-forwarder\&#34; in pod \&#34;nsmd-forwarder-kind-1-worker2\&#34; not found&#34;&#xA;time=&#34;2021-06-08T19:33:32-07:00&#34; level=error msg=&#34;Failed to get logs from nsc-1 err: previous terminated container \&#34;nsm-init\&#34; in pod \&#34;nsc-1\&#34; not found&#34;&#xA;time=&#34;2021-06-08T19:33:32-07:00&#34; level=warning msg=&#34;Can not get logs for container: nsm-init, Error: previous terminated container \&#34;nsm-init\&#34; in pod \&#34;nsc-1\&#34; not found&#34;&#xA;time=&#34;2021-06-08T19:33:33-07:00&#34; level=error msg=&#34;Failed to get logs from prefix-service err: previous terminated container \&#34;prefix-service\&#34; in pod \&#34;prefix-service\&#34; not found&#34;&#xA;time=&#34;2021-06-08T19:33:33-07:00&#34; level=warning msg=&#34;Can not get logs for container: prefix-service, Error: previous terminated container \&#34;prefix-service\&#34; in pod \&#34;prefix-service\&#34; not found&#34;&#xA;time=&#34;2021-06-08T19:33:33-07:00&#34; level=error msg=&#34;Failed to get logs from nsmgr-kind-1-worker err: previous terminated container \&#34;nsmdp\&#34; in pod \&#34;nsmgr-kind-1-worker\&#34; not found&#34;&#xA;time=&#34;2021-06-08T19:33:33-07:00&#34; level=warning msg=&#34;Can not get logs for container: nsmdp, Error: previous terminated container \&#34;nsmdp\&#34; in pod \&#34;nsmgr-kind-1-worker\&#34; not found&#34;&#xA;time=&#34;2021-06-08T19:33:33-07:00&#34; level=error msg=&#34;Failed to get logs from spire-proxy err: previous terminated container \&#34;spire-proxy\&#34; in pod \&#34;spire-proxy\&#34; not found&#34;&#xA;time=&#34;2021-06-08T19:33:33-07:00&#34; level=warning msg=&#34;Can not get logs for container: spire-proxy, Error: previous terminated container \&#34;spire-proxy\&#34; in pod \&#34;spire-proxy\&#34; not found&#34;&#xA;time=&#34;2021-06-08T19:33:34-07:00&#34; level=error msg=&#34;Failed to get logs from nsmgr-kind-1-worker2 err: previous terminated container \&#34;nsmdp\&#34; in pod \&#34;nsmgr-kind-1-worker2\&#34; not found&#34;&#xA;time=&#34;2021-06-08T19:33:34-07:00&#34; level=warning msg=&#34;Can not get logs for container: nsmdp, Error: previous terminated container \&#34;nsmdp\&#34; in pod \&#34;nsmgr-kind-1-worker2\&#34; not found&#34;&#xA;time=&#34;2021-06-08T19:33:34-07:00&#34; level=info msg=&#34;artifacts: [0xc0011c4100 0xc0010ce0c0 0xc0010ce1c0 0xc000978640 0xc0011c4140 0xc0007de080 0xc000978b40 0xc0011c4040 0xc0011c4080 0xc0011c4200 0xc0011c4300 0xc000978000 0xc0007de000]&#34;&#xA;time=&#34;2021-06-08T19:33:34-07:00&#34; level=info msg=&#34;Deleting nsc-1&#34;&#xA;time=&#34;2021-06-08T19:33:34-07:00&#34; level=info msg=&#34;Deleting prefix-service&#34;&#xA;time=&#34;2021-06-08T19:33:34-07:00&#34; level=info msg=&#34;Deleting nsmgr-kind-1-worker2&#34;&#xA;time=&#34;2021-06-08T19:33:34-07:00&#34; level=info msg=&#34;Deleting jaeger&#34;&#xA;time=&#34;2021-06-08T19:33:34-07:00&#34; level=info msg=&#34;Deleting icmp-responder-nse-1&#34;&#xA;time=&#34;2021-06-08T19:33:34-07:00&#34; level=info msg=&#34;Deleting nsmd-forwarder-kind-1-worker&#34;&#xA;time=&#34;2021-06-08T19:33:34-07:00&#34; level=info msg=&#34;Deleting nsmgr-kind-1-worker&#34;&#xA;time=&#34;2021-06-08T19:33:34-07:00&#34; level=info msg=&#34;Deleting nsmd-forwarder-kind-1-worker2&#34;&#xA;time=&#34;2021-06-08T19:33:34-07:00&#34; level=info msg=&#34;Deleting spire-proxy&#34;&#xA;E0608 19:33:34.217233   24620 portforward.go:409] error closing listener: close tcp4 127.0.0.1:50686: use of closed network connection&#xA;E0608 19:33:34.217248   24620 portforward.go:409] error closing listener: close tcp6 [::1]:50686: use of closed network connection&#xA;I0608 19:33:35.387809   24620 request.go:621] Throttling request took 1.170669671s, request: DELETE:https://127.0.0.1:55081/api/v1/namespaces/nsm-system/pods/icmp-responder-nse-1&#xA;time=&#34;2021-06-08T19:33:36-07:00&#34; level=warning msg=&#34;The POD &#39;nsc-1&#39; Deleted 2.376430161s&#34;&#xA;time=&#34;2021-06-08T19:33:36-07:00&#34; level=warning msg=&#34;The POD &#39;prefix-service&#39; Deleted 2.579628089s&#34;&#xA;time=&#34;2021-06-08T19:33:37-07:00&#34; level=warning msg=&#34;The POD &#39;icmp-responder-nse-1&#39; Deleted 3.380200845s&#34;&#xA;time=&#34;2021-06-08T19:33:37-07:00&#34; level=warning msg=&#34;The POD &#39;nsmd-forwarder-kind-1-worker&#39; Deleted 3.78275836s&#34;&#xA;time=&#34;2021-06-08T19:33:38-07:00&#34; level=warning msg=&#34;The POD &#39;nsmd-forwarder-kind-1-worker2&#39; Deleted 4.181628947s&#34;&#xA;time=&#34;2021-06-08T19:33:38-07:00&#34; level=warning msg=&#34;The POD &#39;spire-proxy&#39; Deleted 4.381637421s&#34;&#xA;time=&#34;2021-06-08T19:33:46-07:00&#34; level=warning msg=&#34;The POD &#39;nsmgr-kind-1-worker&#39; Deleted 11.974166317s&#34;&#xA;time=&#34;2021-06-08T19:33:46-07:00&#34; level=warning msg=&#34;The POD &#39;nsmgr-kind-1-worker2&#39; Deleted 12.184092996s&#34;&#xA;time=&#34;2021-06-08T19:33:46-07:00&#34; level=warning msg=&#34;The POD &#39;jaeger&#39; Deleted 12.376585946s&#34;&#xA;time=&#34;2021-06-08T19:33:46-07:00&#34; level=info msg=&#34;namespace nsm-system is deleted&#34;&#xA;time=&#34;2021-06-08T19:33:46-07:00&#34; level=info msg=&#34;Cleanup time: 12.579775587s&#34;&#xA;--- FAIL: TestSingleCrossConnectMonitorBeforeXcons (226.44s)&#xA;FAIL&#xA;FAIL&#x9;github.com/networkservicemesh/networkservicemesh/test/integration&#x9;226.933s&#xA;FAIL&#xA;TestSingleCrossConnectMonitorBeforeXcons: OnFail: running on fail script operations with KUBECONFIG=/Users/nispatil/go/src/github.com/cisco-app-networking/nsm_publish/networkservicemesh/.tests/cloud_test/single-cluster/shell/kind-1/config on cloud kind-1&#xA;make -i k8s-deconfig helm-delete k8s-terminating-cleanup k8s-delete-nsm-namespaces || true&#xA;helm uninstall config --namespace nsm-system || true&#xA;WARNING: Kubernetes configuration file is group-readable. This is insecure. Location: /Users/nispatil/go/src/github.com/cisco-app-networking/nsm_publish/networkservicemesh/.tests/cloud_test/single-cluster/shell/kind-1/config&#xA;WARNING: Kubernetes configuration file is world-readable. This is insecure. Location: /Users/nispatil/go/src/github.com/cisco-app-networking/nsm_publish/networkservicemesh/.tests/cloud_test/single-cluster/shell/kind-1/config&#xA;release &#34;config&#34; uninstalled&#xA;./scripts/helm-nsm-uninstall.sh --nsm_namespace nsm-system --all&#xA;&#xA;Helm version detected: v3.3.4&#xA;Cleaning up NSM&#xA;xargs: illegal option -- -&#xA;usage: xargs [-0opt] [-E eofstr] [-I replstr [-R replacements] [-S replsize]]&#xA;[-J replstr] [-L number] [-n number [-x]] [-P maxprocs]&#xA;[-s size] [utility [argument ...]]&#xA;WARNING: Kubernetes configuration file is group-readable. This is insecure. Location: /Users/nispatil/go/src/github.com/cisco-app-networking/nsm_publish/networkservicemesh/.tests/cloud_test/single-cluster/shell/kind-1/config&#xA;WARNING: Kubernetes configuration file is world-readable. This is insecure. Location: /Users/nispatil/go/src/github.com/cisco-app-networking/nsm_publish/networkservicemesh/.tests/cloud_test/single-cluster/shell/kind-1/config&#xA;make[1]: [helm-delete] Error 1 (ignored)&#xA;xargs: illegal option -- -&#xA;usage: xargs [-0opt] [-E eofstr] [-I replstr [-R replacements] [-S replsize]]&#xA;[-J replstr] [-L number] [-n number [-x]] [-P maxprocs]&#xA;[-s size] [utility [argument ...]]&#xA;No resources found in nsm-system namespace.&#xA;make[1]: [k8s-terminating-cleanup] Error 1 (ignored)&#xA;Running delete-nsm-namespaces script&#xA;NSM_NAMESPACE=nsm-system&#xA;Checking ns: default&#xA;Checking ns: kube-node-lease&#xA;Checking ns: kube-public&#xA;Checking ns: kube-system&#xA;Checking ns: local-path-storage&#xA;Checking ns: nsm-system&#xA;Deleting ns: nsm-system&#xA;warning: Immediate deletion does not wait for confirmation that the running resource has been terminated. The resource may continue to run on the cluster indefinitely.&#xA;No resources found&#xA;namespace &#34;nsm-system&#34; deleted&#xA;Checking ns: spire&#xA;make k8s-config &amp;&amp; echo &#34;Cluster reset successfull&#34;&#xA;namespace/nsm-system created&#xA;helm --namespace nsm-system install config deployments/helm/nsm/charts/config&#xA;WARNING: Kubernetes configuration file is group-readable. This is insecure. Location: /Users/nispatil/go/src/github.com/cisco-app-networking/nsm_publish/networkservicemesh/.tests/cloud_test/single-cluster/shell/kind-1/config&#xA;WARNING: Kubernetes configuration file is world-readable. This is insecure. Location: /Users/nispatil/go/src/github.com/cisco-app-networking/nsm_publish/networkservicemesh/.tests/cloud_test/single-cluster/shell/kind-1/config&#xA;NAME: config&#xA;LAST DEPLOYED: Tue Jun  8 19:33:55 2021&#xA;NAMESPACE: nsm-system&#xA;STATUS: deployed&#xA;REVISION: 1&#xA;TEST SUITE: None&#xA;Cluster reset successfull</failure>
                  </testcase>
                  <testcase classname="" name="TestNSMDRecoverNSE" time="225.428966623" cluster_instance="kind-1">
                      <failure message="Test execution failed TestNSMDRecoverNSE" type="ERROR">Execution attempt: 0 Output file: .tests/cloud_test/single-cluster/kind-1/023-TestNSMDRecoverNSE-run.log&#xA;Starting TestNSMDRecoverNSE on kind-1&#xA;Command line go test . -test.timeout 10m0s -count 1 --run &#34;^(TestNSMDRecoverNSE)$\\z&#34; --tags &#34;basic&#34; --test.v&#xA;env==[KUBECONFIG=/Users/nispatil/go/src/github.com/cisco-app-networking/nsm_publish/networkservicemesh/.tests/cloud_test/single-cluster/shell/kind-1/config ARTIFACTS_DIR=/Users/nispatil/go/src/github.com/cisco-app-networking/nsm_publish/networkservicemesh/.tests/cloud_test/single-cluster/kind-1/TestNSMDRecoverNSE]&#xA;&#xA;=== RUN   TestNSMDRecoverNSE&#xA;time=&#34;2021-06-08T19:51:30-07:00&#34; level=info msg=&#34;Using Kubeconfig: /Users/nispatil/go/src/github.com/cisco-app-networking/nsm_publish/networkservicemesh/.tests/cloud_test/single-cluster/shell/kind-1/config&#34;&#xA;time=&#34;2021-06-08T19:51:30-07:00&#34; level=info msg=&#34;FORWARDING_PLANE not set, using default forwarder - vpp&#34;&#xA;time=&#34;2021-06-08T19:51:30-07:00&#34; level=info msg=&#34;Creating artifact manager with config: &amp;{4 false /Users/nispatil/go/src/github.com/cisco-app-networking/nsm_publish/networkservicemesh/.tests/cloud_test/single-cluster/kind-1/TestNSMDRecoverNSE}&#34;&#xA;time=&#34;2021-06-08T19:51:30-07:00&#34; level=error msg=&#34;Error during create of test namespace failed to create a namespace: object is being deleted: namespaces \&#34;nsm-system\&#34; already exists&#34;&#xA;time=&#34;2021-06-08T19:51:30-07:00&#34; level=info msg=&#34;Checking availability of API server on 127.0.0.1&#34;&#xA;time=&#34;2021-06-08T19:51:34-07:00&#34; level=info msg=&#34;PING 127.0.0.1 (127.0.0.1): 56 data bytes\n64 bytes from 127.0.0.1: icmp_seq=0 ttl=64 time=0.047 ms\n64 bytes from 127.0.0.1: icmp_seq=1 ttl=64 time=0.109 ms\n64 bytes from 127.0.0.1: icmp_seq=2 ttl=64 time=0.110 ms\n64 bytes from 127.0.0.1: icmp_seq=3 ttl=64 time=0.090 ms\n64 bytes from 127.0.0.1: icmp_seq=4 ttl=64 time=0.075 ms\n\n--- 127.0.0.1 ping statistics ---\n5 packets transmitted, 5 packets received, 0.0%!p(MISSING)acket loss\nround-trip min/avg/max/stddev = 0.047/0.086/0.110/0.024 ms\n&#34;&#xA;time=&#34;2021-06-08T19:51:34-07:00&#34; level=info msg=&#34;Will try to create namespace again after 20 seconds&#34;&#xA;time=&#34;2021-06-08T19:51:54-07:00&#34; level=info msg=&#34;namespace nsm-system is created&#34;&#xA;time=&#34;2021-06-08T19:51:54-07:00&#34; level=info msg=&#34;USE_IPV6 not set, using default false&#34;&#xA;time=&#34;2021-06-08T19:51:54-07:00&#34; level=error msg=&#34;serviceaccounts \&#34;nsc-acc\&#34; not found&#34;&#xA;time=&#34;2021-06-08T19:51:54-07:00&#34; level=error msg=&#34;serviceaccounts \&#34;nse-acc\&#34; not found&#34;&#xA;time=&#34;2021-06-08T19:51:54-07:00&#34; level=error msg=&#34;serviceaccounts \&#34;nsmgr-acc\&#34; not found&#34;&#xA;time=&#34;2021-06-08T19:51:54-07:00&#34; level=error msg=&#34;serviceaccounts \&#34;nsmrs-acc\&#34; not found&#34;&#xA;time=&#34;2021-06-08T19:51:54-07:00&#34; level=error msg=&#34;serviceaccounts \&#34;forward-plane-acc\&#34; not found&#34;&#xA;time=&#34;2021-06-08T19:51:54-07:00&#34; level=error msg=&#34;serviceaccounts \&#34;crossconnect-monitor-acc\&#34; not found&#34;&#xA;time=&#34;2021-06-08T19:51:54-07:00&#34; level=error msg=&#34;serviceaccounts \&#34;proxy-nsmgr-acc\&#34; not found&#34;&#xA;time=&#34;2021-06-08T19:51:54-07:00&#34; level=info msg=&#34;Cleanup done: 818.81066ms&#34;&#xA;time=&#34;2021-06-08T19:51:55-07:00&#34; level=info msg=&#34;&amp;ServiceAccount{ObjectMeta:{default  nsm-system /api/v1/namespaces/nsm-system/serviceaccounts/default d1e9000f-6f3c-493d-a8e5-6ba010f630b3 11326 0 2021-06-08 19:51:54 -0700 PDT &lt;nil&gt; &lt;nil&gt; map[] map[] [] []  []},Secrets:[]ObjectReference{ObjectReference{Kind:,Namespace:,Name:default-token-mjzsd,UID:,APIVersion:,ResourceVersion:,FieldPath:,},},ImagePullSecrets:[]LocalObjectReference{},AutomountServiceAccountToken:nil,}&#34;&#xA;I0608 19:51:56.068676   29353 request.go:621] Throttling request took 1.174519773s, request: POST:https://127.0.0.1:55081/api/v1/namespaces/nsm-system/serviceaccounts&#xA;time=&#34;2021-06-08T19:51:56-07:00&#34; level=info msg=&#34;&amp;ServiceAccount{ObjectMeta:{nsmgr-acc  nsm-system /api/v1/namespaces/nsm-system/serviceaccounts/nsmgr-acc df77547c-1be9-48c1-91b0-95f96ff29ef4 11331 0 2021-06-08 19:51:55 -0700 PDT &lt;nil&gt; &lt;nil&gt; map[] map[] [] []  []},Secrets:[]ObjectReference{ObjectReference{Kind:,Namespace:,Name:nsmgr-acc-token-vpl2g,UID:,APIVersion:,ResourceVersion:,FieldPath:,},},ImagePullSecrets:[]LocalObjectReference{},AutomountServiceAccountToken:nil,}&#34;&#xA;time=&#34;2021-06-08T19:51:56-07:00&#34; level=info msg=&#34;&amp;ServiceAccount{ObjectMeta:{crossconnect-monitor-acc  nsm-system /api/v1/namespaces/nsm-system/serviceaccounts/crossconnect-monitor-acc be219bf6-d675-487d-8fa0-d93d6a1ad5be 11336 0 2021-06-08 19:51:55 -0700 PDT &lt;nil&gt; &lt;nil&gt; map[] map[] [] []  []},Secrets:[]ObjectReference{ObjectReference{Kind:,Namespace:,Name:crossconnect-monitor-acc-token-n4m2t,UID:,APIVersion:,ResourceVersion:,FieldPath:,},},ImagePullSecrets:[]LocalObjectReference{},AutomountServiceAccountToken:nil,}&#34;&#xA;time=&#34;2021-06-08T19:51:57-07:00&#34; level=info msg=&#34;&amp;ServiceAccount{ObjectMeta:{forward-plane-acc  nsm-system /api/v1/namespaces/nsm-system/serviceaccounts/forward-plane-acc 9c6f5da6-76d2-49dc-bf71-48821fbfb91d 11339 0 2021-06-08 19:51:55 -0700 PDT &lt;nil&gt; &lt;nil&gt; map[] map[] [] []  []},Secrets:[]ObjectReference{ObjectReference{Kind:,Namespace:,Name:forward-plane-acc-token-59h4m,UID:,APIVersion:,ResourceVersion:,FieldPath:,},},ImagePullSecrets:[]LocalObjectReference{},AutomountServiceAccountToken:nil,}&#34;&#xA;time=&#34;2021-06-08T19:51:57-07:00&#34; level=info msg=&#34;&amp;ServiceAccount{ObjectMeta:{nse-acc  nsm-system /api/v1/namespaces/nsm-system/serviceaccounts/nse-acc 107a8495-4c53-42f5-ba79-792c12f9d9d9 11343 0 2021-06-08 19:51:55 -0700 PDT &lt;nil&gt; &lt;nil&gt; map[] map[] [] []  []},Secrets:[]ObjectReference{ObjectReference{Kind:,Namespace:,Name:nse-acc-token-z6sn6,UID:,APIVersion:,ResourceVersion:,FieldPath:,},},ImagePullSecrets:[]LocalObjectReference{},AutomountServiceAccountToken:nil,}&#34;&#xA;time=&#34;2021-06-08T19:51:57-07:00&#34; level=info msg=&#34;&amp;ServiceAccount{ObjectMeta:{proxy-nsmgr-acc  nsm-system /api/v1/namespaces/nsm-system/serviceaccounts/proxy-nsmgr-acc c259a212-c905-4919-bf09-f31dda350c58 11349 0 2021-06-08 19:51:56 -0700 PDT &lt;nil&gt; &lt;nil&gt; map[] map[] [] []  []},Secrets:[]ObjectReference{ObjectReference{Kind:,Namespace:,Name:proxy-nsmgr-acc-token-5njtr,UID:,APIVersion:,ResourceVersion:,FieldPath:,},},ImagePullSecrets:[]LocalObjectReference{},AutomountServiceAccountToken:nil,}&#34;&#xA;time=&#34;2021-06-08T19:51:57-07:00&#34; level=info msg=&#34;&amp;ServiceAccount{ObjectMeta:{nsc-acc  nsm-system /api/v1/namespaces/nsm-system/serviceaccounts/nsc-acc d0ce8c77-9d4f-47b2-bd59-78e325dbac4e 11354 0 2021-06-08 19:51:56 -0700 PDT &lt;nil&gt; &lt;nil&gt; map[] map[] [] []  []},Secrets:[]ObjectReference{ObjectReference{Kind:,Namespace:,Name:nsc-acc-token-4ggx7,UID:,APIVersion:,ResourceVersion:,FieldPath:,},},ImagePullSecrets:[]LocalObjectReference{},AutomountServiceAccountToken:nil,}&#34;&#xA;time=&#34;2021-06-08T19:51:57-07:00&#34; level=info msg=&#34;&amp;ServiceAccount{ObjectMeta:{nsmrs-acc  nsm-system /api/v1/namespaces/nsm-system/serviceaccounts/nsmrs-acc 075a6f31-b9ff-48ff-bf9d-c41c45345a6d 11357 0 2021-06-08 19:51:56 -0700 PDT &lt;nil&gt; &lt;nil&gt; map[] map[] [] []  []},Secrets:[]ObjectReference{ObjectReference{Kind:,Namespace:,Name:nsmrs-acc-token-l98p6,UID:,APIVersion:,ResourceVersion:,FieldPath:,},},ImagePullSecrets:[]LocalObjectReference{},AutomountServiceAccountToken:nil,}&#34;&#xA;time=&#34;2021-06-08T19:51:57-07:00&#34; level=info msg=&#34;Creating ConfigMap &#39;nsm-config&#39; in namespace&#39;nsm-system&#39;...&#34;&#xA;time=&#34;2021-06-08T19:51:58-07:00&#34; level=info msg=&#34;Using image: containers.cisco.com/appn/prefix-service:vl3_latest&#34;&#xA;time=&#34;2021-06-08T19:51:58-07:00&#34; level=info msg=&#34;Using image: containers.cisco.com/appn/test-common:vl3_latest&#34;&#xA;time=&#34;2021-06-08T19:51:58-07:00&#34; level=info msg=&#34;role is created: &amp;ClusterRole{ObjectMeta:{nsm-role  nsm-system    0 0001-01-01 00:00:00 +0000 UTC &lt;nil&gt; &lt;nil&gt; map[rbac.authorization.k8s.io/aggregate-to-admin:true rbac.authorization.k8s.io/aggregate-to-edit:true] map[] [] []  []},Rules:[]PolicyRule{PolicyRule{Verbs:[*],APIGroups:[networkservicemesh.io],Resources:[networkservices networkserviceendpoints networkservicemanagers],ResourceNames:[],NonResourceURLs:[],},PolicyRule{Verbs:[*],APIGroups:[apiextensions.k8s.io],Resources:[customresourcedefinitions],ResourceNames:[],NonResourceURLs:[],},PolicyRule{Verbs:[get update],APIGroups:[],Resources:[configmaps],ResourceNames:[],NonResourceURLs:[],},PolicyRule{Verbs:[get list watch],APIGroups:[],Resources:[nodes services namespaces],ResourceNames:[],NonResourceURLs:[],},},AggregationRule:nil,}&#34;&#xA;time=&#34;2021-06-08T19:51:58-07:00&#34; level=info msg=&#34;role is created: &amp;ClusterRoleBinding{ObjectMeta:{nsm-role-binding      0 0001-01-01 00:00:00 +0000 UTC &lt;nil&gt; &lt;nil&gt; map[] map[] [] []  []},Subjects:[]Subject{Subject{Kind:ServiceAccount,APIGroup:,Name:nsmgr-acc,Namespace:nsm-system,},Subject{Kind:ServiceAccount,APIGroup:,Name:proxy-nsmgr-acc,Namespace:nsm-system,},Subject{Kind:ServiceAccount,APIGroup:,Name:crossconnect-monitor-acc,Namespace:nsm-system,},},RoleRef:RoleRef{APIGroup:rbac.authorization.k8s.io,Kind:ClusterRole,Name:nsm-role,},}&#34;&#xA;time=&#34;2021-06-08T19:51:58-07:00&#34; level=info msg=&#34;role is created: &amp;ClusterRole{ObjectMeta:{aggregate-network-services-view  nsm-system    0 0001-01-01 00:00:00 +0000 UTC &lt;nil&gt; &lt;nil&gt; map[rbac.authorization.k8s.io/aggregate-to-view:true] map[] [] []  []},Rules:[]PolicyRule{PolicyRule{Verbs:[get list watch],APIGroups:[networkservicemesh.io],Resources:[networkservices],ResourceNames:[],NonResourceURLs:[],},},AggregationRule:nil,}&#34;&#xA;time=&#34;2021-06-08T19:52:01-07:00&#34; level=info msg=&#34;Trying to establish connection with the spire provider at address:tcp://127.0.0.1:51084&#34;&#xA;time=&#34;2021-06-08T19:52:01-07:00&#34; level=info msg=&#34;Created the todo context:tcp://127.0.0.1:51084&#34;&#xA;time=&#34;2021-06-08T19:52:01-07:00&#34; level=info msg=&#34;Got x509:&amp;{0xc00042b830 &lt;nil&gt; {{0 0} 0 0 0 0} 0xc000420c80 0xc0004a06e0 {{0 0} 0 0 0 0} false} &lt;nil&gt;&#34;&#xA;time=&#34;2021-06-08T19:52:01-07:00&#34; level=info msg=&#34;Started goroutine&#34;&#xA;time=&#34;2021-06-08T19:52:01-07:00&#34; level=info msg=&#34;Returning provider&#34;&#xA;time=&#34;2021-06-08T19:52:01-07:00&#34; level=info msg=&#34;Issued identity:spiffe://test.com/nsmgr&#34;&#xA;time=&#34;2021-06-08T19:52:01-07:00&#34; level=info msg=&#34;Checking node: kind-1-control-plane&#34;&#xA;time=&#34;2021-06-08T19:52:01-07:00&#34; level=info msg=&#34;Checking node: kind-1-worker&#34;&#xA;time=&#34;2021-06-08T19:52:01-07:00&#34; level=info msg=&#34;Checking node: kind-1-worker2&#34;&#xA;time=&#34;2021-06-08T19:52:01-07:00&#34; level=info msg=&#34;Using image: jaegertracing/all-in-one:1.14.0&#34;&#xA;time=&#34;2021-06-08T19:52:03-07:00&#34; level=info msg=&#34;getting logs without container jaeger=none&#34;&#xA;time=&#34;2021-06-08T19:52:04-07:00&#34; level=info msg=&#34;Using image: containers.cisco.com/appn/nsmdp:vl3_latest&#34;&#xA;time=&#34;2021-06-08T19:52:04-07:00&#34; level=info msg=&#34;Using image: containers.cisco.com/appn/nsmd:vl3_latest&#34;&#xA;time=&#34;2021-06-08T19:52:04-07:00&#34; level=info msg=&#34;Using image: containers.cisco.com/appn/nsmd-k8s:vl3_latest&#34;&#xA;time=&#34;2021-06-08T19:52:04-07:00&#34; level=info msg=&#34;Using image: containers.cisco.com/appn/vppagent-forwarder:vl3_latest&#34;&#xA;time=&#34;2021-06-08T19:52:16-07:00&#34; level=info msg=&#34;Started NSMgr/Forwarder: 12.047566379s on node kind-1-worker&#34;&#xA;time=&#34;2021-06-08T19:52:16-07:00&#34; level=info msg=&#34;Using image: containers.cisco.com/appn/test-common:vl3_latest&#34;&#xA;time=&#34;2021-06-08T19:52:16-07:00&#34; level=info msg=&#34;Starting ICMP Responder NSE on node: kind-1-worker &#34;&#xA;time=&#34;2021-06-08T19:52:17-07:00&#34; level=info msg=&#34;getting logs without container icmp-responder-nse-1=none&#34;&#xA;time=&#34;2021-06-08T19:52:18-07:00&#34; level=info msg=&#34;ICMP Responder icmp-responder-nse-1 started done: 1.967163045s&#34;&#xA;time=&#34;2021-06-08T19:52:18-07:00&#34; level=info msg=&#34;Deleting icmp-responder-nse-1&#34;&#xA;time=&#34;2021-06-08T19:52:18-07:00&#34; level=info msg=&#34;Deleting nsmgr-kind-1-worker&#34;&#xA;time=&#34;2021-06-08T19:52:18-07:00&#34; level=warning msg=&#34;The POD &#39;icmp-responder-nse-1&#39; Deleted 566.321179ms&#34;&#xA;time=&#34;2021-06-08T19:52:34-07:00&#34; level=info msg=&#34;The POD nsmgr-kind-1-worker force deleted&#34;&#xA;time=&#34;2021-06-08T19:52:34-07:00&#34; level=warning msg=&#34;The POD &#39;nsmgr-kind-1-worker&#39; Deleted 15.970593726s&#34;&#xA;time=&#34;2021-06-08T19:52:34-07:00&#34; level=info msg=&#34;Using image: containers.cisco.com/appn/nsmdp:vl3_latest&#34;&#xA;time=&#34;2021-06-08T19:52:34-07:00&#34; level=info msg=&#34;Using image: containers.cisco.com/appn/nsmd:vl3_latest&#34;&#xA;time=&#34;2021-06-08T19:52:34-07:00&#34; level=info msg=&#34;Using image: containers.cisco.com/appn/nsmd-k8s:vl3_latest&#34;&#xA;time=&#34;2021-06-08T19:54:43-07:00&#34; level=info msg=&#34;pod info: nsmgr-kind-1-worker {\&#34;metadata\&#34;:{\&#34;name\&#34;:\&#34;nsmgr-kind-1-worker\&#34;,\&#34;namespace\&#34;:\&#34;nsm-system\&#34;,\&#34;selfLink\&#34;:\&#34;/api/v1/namespaces/nsm-system/pods/nsmgr-kind-1-worker\&#34;,\&#34;uid\&#34;:\&#34;c9ccf358-6524-410a-bdc0-9789f3003b18\&#34;,\&#34;resourceVersion\&#34;:\&#34;11586\&#34;,\&#34;creationTimestamp\&#34;:\&#34;2021-06-09T02:52:34Z\&#34;},\&#34;spec\&#34;:{\&#34;volumes\&#34;:[{\&#34;name\&#34;:\&#34;kubelet-socket\&#34;,\&#34;hostPath\&#34;:{\&#34;path\&#34;:\&#34;/var/lib/kubelet/device-plugins\&#34;,\&#34;type\&#34;:\&#34;DirectoryOrCreate\&#34;}},{\&#34;name\&#34;:\&#34;nsm-socket\&#34;,\&#34;hostPath\&#34;:{\&#34;path\&#34;:\&#34;/var/lib/networkservicemesh\&#34;,\&#34;type\&#34;:\&#34;DirectoryOrCreate\&#34;}},{\&#34;name\&#34;:\&#34;nsm-config-volume\&#34;,\&#34;configMap\&#34;:{\&#34;name\&#34;:\&#34;nsm-config\&#34;,\&#34;defaultMode\&#34;:420}},{\&#34;name\&#34;:\&#34;spire-agent-socket\&#34;,\&#34;hostPath\&#34;:{\&#34;path\&#34;:\&#34;/run/spire/sockets\&#34;,\&#34;type\&#34;:\&#34;DirectoryOrCreate\&#34;}},{\&#34;name\&#34;:\&#34;nsmgr-acc-token-vpl2g\&#34;,\&#34;secret\&#34;:{\&#34;secretName\&#34;:\&#34;nsmgr-acc-token-vpl2g\&#34;,\&#34;defaultMode\&#34;:420}}],\&#34;containers\&#34;:[{\&#34;name\&#34;:\&#34;nsmdp\&#34;,\&#34;image\&#34;:\&#34;containers.cisco.com/appn/nsmdp:vl3_latest\&#34;,\&#34;ports\&#34;:[{\&#34;hostPort\&#34;:5001,\&#34;containerPort\&#34;:5001,\&#34;protocol\&#34;:\&#34;TCP\&#34;}],\&#34;resources\&#34;:{\&#34;limits\&#34;:{\&#34;cpu\&#34;:\&#34;1\&#34;},\&#34;requests\&#34;:{\&#34;cpu\&#34;:\&#34;1m\&#34;}},\&#34;volumeMounts\&#34;:[{\&#34;name\&#34;:\&#34;kubelet-socket\&#34;,\&#34;mountPath\&#34;:\&#34;/var/lib/kubelet/device-plugins\&#34;},{\&#34;name\&#34;:\&#34;nsm-socket\&#34;,\&#34;mountPath\&#34;:\&#34;/var/lib/networkservicemesh\&#34;},{\&#34;name\&#34;:\&#34;spire-agent-socket\&#34;,\&#34;readOnly\&#34;:true,\&#34;mountPath\&#34;:\&#34;/run/spire/sockets\&#34;},{\&#34;name\&#34;:\&#34;nsmgr-acc-token-vpl2g\&#34;,\&#34;readOnly\&#34;:true,\&#34;mountPath\&#34;:\&#34;/var/run/secrets/kubernetes.io/serviceaccount\&#34;}],\&#34;terminationMessagePath\&#34;:\&#34;/dev/termination-log\&#34;,\&#34;terminationMessagePolicy\&#34;:\&#34;File\&#34;,\&#34;imagePullPolicy\&#34;:\&#34;IfNotPresent\&#34;},{\&#34;name\&#34;:\&#34;nsmd\&#34;,\&#34;image\&#34;:\&#34;containers.cisco.com/appn/nsmd:vl3_latest\&#34;,\&#34;resources\&#34;:{\&#34;limits\&#34;:{\&#34;cpu\&#34;:\&#34;1\&#34;},\&#34;requests\&#34;:{\&#34;cpu\&#34;:\&#34;1m\&#34;}},\&#34;volumeMounts\&#34;:[{\&#34;name\&#34;:\&#34;nsm-socket\&#34;,\&#34;mountPath\&#34;:\&#34;/var/lib/networkservicemesh\&#34;},{\&#34;name\&#34;:\&#34;nsm-config-volume\&#34;,\&#34;mountPath\&#34;:\&#34;/var/lib/networkservicemesh/config\&#34;},{\&#34;name\&#34;:\&#34;spire-agent-socket\&#34;,\&#34;readOnly\&#34;:true,\&#34;mountPath\&#34;:\&#34;/run/spire/sockets\&#34;},{\&#34;name\&#34;:\&#34;nsmgr-acc-token-vpl2g\&#34;,\&#34;readOnly\&#34;:true,\&#34;mountPath\&#34;:\&#34;/var/run/secrets/kubernetes.io/serviceaccount\&#34;}],\&#34;terminationMessagePath\&#34;:\&#34;/dev/termination-log\&#34;,\&#34;terminationMessagePolicy\&#34;:\&#34;File\&#34;,\&#34;imagePullPolicy\&#34;:\&#34;IfNotPresent\&#34;},{\&#34;name\&#34;:\&#34;nsmd-k8s\&#34;,\&#34;image\&#34;:\&#34;containers.cisco.com/appn/nsmd-k8s:vl3_latest\&#34;,\&#34;env\&#34;:[{\&#34;name\&#34;:\&#34;POD_UID\&#34;,\&#34;valueFrom\&#34;:{\&#34;fieldRef\&#34;:{\&#34;apiVersion\&#34;:\&#34;v1\&#34;,\&#34;fieldPath\&#34;:\&#34;metadata.uid\&#34;}}},{\&#34;name\&#34;:\&#34;POD_NAME\&#34;,\&#34;value\&#34;:\&#34;nsmgr-kind-1-worker\&#34;},{\&#34;name\&#34;:\&#34;NODE_NAME\&#34;,\&#34;value\&#34;:\&#34;kind-1-worker\&#34;},{\&#34;name\&#34;:\&#34;NSM_NAMESPACE\&#34;,\&#34;value\&#34;:\&#34;nsm-system\&#34;}],\&#34;resources\&#34;:{\&#34;limits\&#34;:{\&#34;cpu\&#34;:\&#34;1\&#34;},\&#34;requests\&#34;:{\&#34;cpu\&#34;:\&#34;1m\&#34;}},\&#34;volumeMounts\&#34;:[{\&#34;name\&#34;:\&#34;spire-agent-socket\&#34;,\&#34;readOnly\&#34;:true,\&#34;mountPath\&#34;:\&#34;/run/spire/sockets\&#34;},{\&#34;name\&#34;:\&#34;nsmgr-acc-token-vpl2g\&#34;,\&#34;readOnly\&#34;:true,\&#34;mountPath\&#34;:\&#34;/var/run/secrets/kubernetes.io/serviceaccount\&#34;}],\&#34;terminationMessagePath\&#34;:\&#34;/dev/termination-log\&#34;,\&#34;terminationMessagePolicy\&#34;:\&#34;File\&#34;,\&#34;imagePullPolicy\&#34;:\&#34;IfNotPresent\&#34;}],\&#34;restartPolicy\&#34;:\&#34;Always\&#34;,\&#34;terminationGracePeriodSeconds\&#34;:30,\&#34;dnsPolicy\&#34;:\&#34;ClusterFirst\&#34;,\&#34;nodeSelector\&#34;:{\&#34;kubernetes.io/hostname\&#34;:\&#34;kind-1-worker\&#34;},\&#34;serviceAccountName\&#34;:\&#34;nsmgr-acc\&#34;,\&#34;serviceAccount\&#34;:\&#34;nsmgr-acc\&#34;,\&#34;nodeName\&#34;:\&#34;kind-1-worker\&#34;,\&#34;securityContext\&#34;:{},\&#34;schedulerName\&#34;:\&#34;default-scheduler\&#34;,\&#34;tolerations\&#34;:[{\&#34;key\&#34;:\&#34;node.kubernetes.io/not-ready\&#34;,\&#34;operator\&#34;:\&#34;Exists\&#34;,\&#34;effect\&#34;:\&#34;NoExecute\&#34;,\&#34;tolerationSeconds\&#34;:300},{\&#34;key\&#34;:\&#34;node.kubernetes.io/unreachable\&#34;,\&#34;operator\&#34;:\&#34;Exists\&#34;,\&#34;effect\&#34;:\&#34;NoExecute\&#34;,\&#34;tolerationSeconds\&#34;:300}],\&#34;priority\&#34;:0,\&#34;enableServiceLinks\&#34;:true},\&#34;status\&#34;:{\&#34;phase\&#34;:\&#34;Running\&#34;,\&#34;conditions\&#34;:[{\&#34;type\&#34;:\&#34;Initialized\&#34;,\&#34;status\&#34;:\&#34;True\&#34;,\&#34;lastProbeTime\&#34;:null,\&#34;lastTransitionTime\&#34;:\&#34;2021-06-09T02:52:34Z\&#34;},{\&#34;type\&#34;:\&#34;Ready\&#34;,\&#34;status\&#34;:\&#34;True\&#34;,\&#34;lastProbeTime\&#34;:null,\&#34;lastTransitionTime\&#34;:\&#34;2021-06-09T02:52:42Z\&#34;},{\&#34;type\&#34;:\&#34;ContainersReady\&#34;,\&#34;status\&#34;:\&#34;True\&#34;,\&#34;lastProbeTime\&#34;:null,\&#34;lastTransitionTime\&#34;:\&#34;2021-06-09T02:52:42Z\&#34;},{\&#34;type\&#34;:\&#34;PodScheduled\&#34;,\&#34;status\&#34;:\&#34;True\&#34;,\&#34;lastProbeTime\&#34;:null,\&#34;lastTransitionTime\&#34;:\&#34;2021-06-09T02:52:34Z\&#34;}],\&#34;hostIP\&#34;:\&#34;172.17.0.4\&#34;,\&#34;podIP\&#34;:\&#34;10.244.2.46\&#34;,\&#34;podIPs\&#34;:[{\&#34;ip\&#34;:\&#34;10.244.2.46\&#34;}],\&#34;startTime\&#34;:\&#34;2021-06-09T02:52:34Z\&#34;,\&#34;containerStatuses\&#34;:[{\&#34;name\&#34;:\&#34;nsmd\&#34;,\&#34;state\&#34;:{\&#34;running\&#34;:{\&#34;startedAt\&#34;:\&#34;2021-06-09T02:52:42Z\&#34;}},\&#34;lastState\&#34;:{},\&#34;ready\&#34;:true,\&#34;restartCount\&#34;:0,\&#34;image\&#34;:\&#34;containers.cisco.com/appn/nsmd:vl3_latest\&#34;,\&#34;imageID\&#34;:\&#34;sha256:a906454672cfea8f945d8013ca1ff0b639efa0e20a25bfc18079825494ee6ceb\&#34;,\&#34;containerID\&#34;:\&#34;containerd://6a80799afe28b9d7d8827038bac717509cca81c6f29af68788a0025afa816393\&#34;,\&#34;started\&#34;:true},{\&#34;name\&#34;:\&#34;nsmd-k8s\&#34;,\&#34;state\&#34;:{\&#34;running\&#34;:{\&#34;startedAt\&#34;:\&#34;2021-06-09T02:52:42Z\&#34;}},\&#34;lastState\&#34;:{},\&#34;ready\&#34;:true,\&#34;restartCount\&#34;:0,\&#34;image\&#34;:\&#34;containers.cisco.com/appn/nsmd-k8s:vl3_latest\&#34;,\&#34;imageID\&#34;:\&#34;sha256:245d60f997ce1f392911fdf5c7abb760e8f6dba32d6e7e138bf1ca247bb862f5\&#34;,\&#34;containerID\&#34;:\&#34;containerd://6ceaa4ff25138ff11996a6b197141bd1eb17b2a56c907d63057069231d739813\&#34;,\&#34;started\&#34;:true},{\&#34;name\&#34;:\&#34;nsmdp\&#34;,\&#34;state\&#34;:{\&#34;running\&#34;:{\&#34;startedAt\&#34;:\&#34;2021-06-09T02:52:42Z\&#34;}},\&#34;lastState\&#34;:{},\&#34;ready\&#34;:true,\&#34;restartCount\&#34;:0,\&#34;image\&#34;:\&#34;containers.cisco.com/appn/nsmdp:vl3_latest\&#34;,\&#34;imageID\&#34;:\&#34;sha256:91cef188072369448551d8a0ddbf6ccbab7193a727ab85c75ad6590997cf31cb\&#34;,\&#34;containerID\&#34;:\&#34;containerd://51b7b6fa0964615b2023432071c5d4a9560efff17356b4ce0346ca755801cf4b\&#34;,\&#34;started\&#34;:true}],\&#34;qosClass\&#34;:\&#34;Burstable\&#34;}}&#34;&#xA;time=&#34;2021-06-08T19:54:43-07:00&#34; level=info msg=&#34;Pod nsmgr-kind-1-worker event: {\&#34;metadata\&#34;:{\&#34;name\&#34;:\&#34;nsmgr-kind-1-worker.1686ca50801e7b38\&#34;,\&#34;namespace\&#34;:\&#34;nsm-system\&#34;,\&#34;selfLink\&#34;:\&#34;/api/v1/namespaces/nsm-system/events/nsmgr-kind-1-worker.1686ca50801e7b38\&#34;,\&#34;uid\&#34;:\&#34;b3d8e17a-293c-4ea8-9549-5a4c1f05e197\&#34;,\&#34;resourceVersion\&#34;:\&#34;11585\&#34;,\&#34;creationTimestamp\&#34;:\&#34;2021-06-09T02:52:42Z\&#34;},\&#34;involvedObject\&#34;:{\&#34;kind\&#34;:\&#34;Pod\&#34;,\&#34;namespace\&#34;:\&#34;nsm-system\&#34;,\&#34;name\&#34;:\&#34;nsmgr-kind-1-worker\&#34;,\&#34;uid\&#34;:\&#34;c9ccf358-6524-410a-bdc0-9789f3003b18\&#34;,\&#34;apiVersion\&#34;:\&#34;v1\&#34;,\&#34;resourceVersion\&#34;:\&#34;11546\&#34;,\&#34;fieldPath\&#34;:\&#34;spec.containers{nsmd-k8s}\&#34;},\&#34;reason\&#34;:\&#34;Started\&#34;,\&#34;message\&#34;:\&#34;Started container nsmd-k8s\&#34;,\&#34;source\&#34;:{\&#34;component\&#34;:\&#34;kubelet\&#34;,\&#34;host\&#34;:\&#34;kind-1-worker\&#34;},\&#34;firstTimestamp\&#34;:\&#34;2021-06-09T02:52:42Z\&#34;,\&#34;lastTimestamp\&#34;:\&#34;2021-06-09T02:52:42Z\&#34;,\&#34;count\&#34;:1,\&#34;type\&#34;:\&#34;Normal\&#34;,\&#34;eventTime\&#34;:null,\&#34;reportingComponent\&#34;:\&#34;\&#34;,\&#34;reportingInstance\&#34;:\&#34;\&#34;}&#34;&#xA;time=&#34;2021-06-08T19:54:43-07:00&#34; level=info msg=&#34;Pod nsmgr-kind-1-worker event: {\&#34;metadata\&#34;:{\&#34;name\&#34;:\&#34;nsmgr-kind-1-worker.1686ca507b136a54\&#34;,\&#34;namespace\&#34;:\&#34;nsm-system\&#34;,\&#34;selfLink\&#34;:\&#34;/api/v1/namespaces/nsm-system/events/nsmgr-kind-1-worker.1686ca507b136a54\&#34;,\&#34;uid\&#34;:\&#34;7c95782d-3952-4ea2-9f79-fcdee40e02ba\&#34;,\&#34;resourceVersion\&#34;:\&#34;11584\&#34;,\&#34;creationTimestamp\&#34;:\&#34;2021-06-09T02:52:42Z\&#34;},\&#34;involvedObject\&#34;:{\&#34;kind\&#34;:\&#34;Pod\&#34;,\&#34;namespace\&#34;:\&#34;nsm-system\&#34;,\&#34;name\&#34;:\&#34;nsmgr-kind-1-worker\&#34;,\&#34;uid\&#34;:\&#34;c9ccf358-6524-410a-bdc0-9789f3003b18\&#34;,\&#34;apiVersion\&#34;:\&#34;v1\&#34;,\&#34;resourceVersion\&#34;:\&#34;11546\&#34;,\&#34;fieldPath\&#34;:\&#34;spec.containers{nsmd-k8s}\&#34;},\&#34;reason\&#34;:\&#34;Created\&#34;,\&#34;message\&#34;:\&#34;Created container nsmd-k8s\&#34;,\&#34;source\&#34;:{\&#34;component\&#34;:\&#34;kubelet\&#34;,\&#34;host\&#34;:\&#34;kind-1-worker\&#34;},\&#34;firstTimestamp\&#34;:\&#34;2021-06-09T02:52:42Z\&#34;,\&#34;lastTimestamp\&#34;:\&#34;2021-06-09T02:52:42Z\&#34;,\&#34;count\&#34;:1,\&#34;type\&#34;:\&#34;Normal\&#34;,\&#34;eventTime\&#34;:null,\&#34;reportingComponent\&#34;:\&#34;\&#34;,\&#34;reportingInstance\&#34;:\&#34;\&#34;}&#34;&#xA;time=&#34;2021-06-08T19:54:43-07:00&#34; level=info msg=&#34;Pod nsmgr-kind-1-worker event: {\&#34;metadata\&#34;:{\&#34;name\&#34;:\&#34;nsmgr-kind-1-worker.1686ca5078c85fe8\&#34;,\&#34;namespace\&#34;:\&#34;nsm-system\&#34;,\&#34;selfLink\&#34;:\&#34;/api/v1/namespaces/nsm-system/events/nsmgr-kind-1-worker.1686ca5078c85fe8\&#34;,\&#34;uid\&#34;:\&#34;16e6193b-a34c-4a65-a80e-b13a4835120f\&#34;,\&#34;resourceVersion\&#34;:\&#34;11583\&#34;,\&#34;creationTimestamp\&#34;:\&#34;2021-06-09T02:52:42Z\&#34;},\&#34;involvedObject\&#34;:{\&#34;kind\&#34;:\&#34;Pod\&#34;,\&#34;namespace\&#34;:\&#34;nsm-system\&#34;,\&#34;name\&#34;:\&#34;nsmgr-kind-1-worker\&#34;,\&#34;uid\&#34;:\&#34;c9ccf358-6524-410a-bdc0-9789f3003b18\&#34;,\&#34;apiVersion\&#34;:\&#34;v1\&#34;,\&#34;resourceVersion\&#34;:\&#34;11546\&#34;,\&#34;fieldPath\&#34;:\&#34;spec.containers{nsmd-k8s}\&#34;},\&#34;reason\&#34;:\&#34;Pulled\&#34;,\&#34;message\&#34;:\&#34;Container image \\\&#34;containers.cisco.com/appn/nsmd-k8s:vl3_latest\\\&#34; already present on machine\&#34;,\&#34;source\&#34;:{\&#34;component\&#34;:\&#34;kubelet\&#34;,\&#34;host\&#34;:\&#34;kind-1-worker\&#34;},\&#34;firstTimestamp\&#34;:\&#34;2021-06-09T02:52:42Z\&#34;,\&#34;lastTimestamp\&#34;:\&#34;2021-06-09T02:52:42Z\&#34;,\&#34;count\&#34;:1,\&#34;type\&#34;:\&#34;Normal\&#34;,\&#34;eventTime\&#34;:null,\&#34;reportingComponent\&#34;:\&#34;\&#34;,\&#34;reportingInstance\&#34;:\&#34;\&#34;}&#34;&#xA;time=&#34;2021-06-08T19:54:43-07:00&#34; level=info msg=&#34;Pod nsmgr-kind-1-worker event: {\&#34;metadata\&#34;:{\&#34;name\&#34;:\&#34;nsmgr-kind-1-worker.1686ca50789e737c\&#34;,\&#34;namespace\&#34;:\&#34;nsm-system\&#34;,\&#34;selfLink\&#34;:\&#34;/api/v1/namespaces/nsm-system/events/nsmgr-kind-1-worker.1686ca50789e737c\&#34;,\&#34;uid\&#34;:\&#34;772a9278-7288-4601-b882-8cc2b62451c6\&#34;,\&#34;resourceVersion\&#34;:\&#34;11582\&#34;,\&#34;creationTimestamp\&#34;:\&#34;2021-06-09T02:52:42Z\&#34;},\&#34;involvedObject\&#34;:{\&#34;kind\&#34;:\&#34;Pod\&#34;,\&#34;namespace\&#34;:\&#34;nsm-system\&#34;,\&#34;name\&#34;:\&#34;nsmgr-kind-1-worker\&#34;,\&#34;uid\&#34;:\&#34;c9ccf358-6524-410a-bdc0-9789f3003b18\&#34;,\&#34;apiVersion\&#34;:\&#34;v1\&#34;,\&#34;resourceVersion\&#34;:\&#34;11546\&#34;,\&#34;fieldPath\&#34;:\&#34;spec.containers{nsmd}\&#34;},\&#34;reason\&#34;:\&#34;Started\&#34;,\&#34;message\&#34;:\&#34;Started container nsmd\&#34;,\&#34;source\&#34;:{\&#34;component\&#34;:\&#34;kubelet\&#34;,\&#34;host\&#34;:\&#34;kind-1-worker\&#34;},\&#34;firstTimestamp\&#34;:\&#34;2021-06-09T02:52:42Z\&#34;,\&#34;lastTimestamp\&#34;:\&#34;2021-06-09T02:52:42Z\&#34;,\&#34;count\&#34;:1,\&#34;type\&#34;:\&#34;Normal\&#34;,\&#34;eventTime\&#34;:null,\&#34;reportingComponent\&#34;:\&#34;\&#34;,\&#34;reportingInstance\&#34;:\&#34;\&#34;}&#34;&#xA;time=&#34;2021-06-08T19:54:43-07:00&#34; level=info msg=&#34;Pod nsmgr-kind-1-worker event: {\&#34;metadata\&#34;:{\&#34;name\&#34;:\&#34;nsmgr-kind-1-worker.1686ca507397e994\&#34;,\&#34;namespace\&#34;:\&#34;nsm-system\&#34;,\&#34;selfLink\&#34;:\&#34;/api/v1/namespaces/nsm-system/events/nsmgr-kind-1-worker.1686ca507397e994\&#34;,\&#34;uid\&#34;:\&#34;34c09ab1-53c7-4720-a14c-c92c7fa8a936\&#34;,\&#34;resourceVersion\&#34;:\&#34;11579\&#34;,\&#34;creationTimestamp\&#34;:\&#34;2021-06-09T02:52:42Z\&#34;},\&#34;involvedObject\&#34;:{\&#34;kind\&#34;:\&#34;Pod\&#34;,\&#34;namespace\&#34;:\&#34;nsm-system\&#34;,\&#34;name\&#34;:\&#34;nsmgr-kind-1-worker\&#34;,\&#34;uid\&#34;:\&#34;c9ccf358-6524-410a-bdc0-9789f3003b18\&#34;,\&#34;apiVersion\&#34;:\&#34;v1\&#34;,\&#34;resourceVersion\&#34;:\&#34;11546\&#34;,\&#34;fieldPath\&#34;:\&#34;spec.containers{nsmd}\&#34;},\&#34;reason\&#34;:\&#34;Created\&#34;,\&#34;message\&#34;:\&#34;Created container nsmd\&#34;,\&#34;source\&#34;:{\&#34;component\&#34;:\&#34;kubelet\&#34;,\&#34;host\&#34;:\&#34;kind-1-worker\&#34;},\&#34;firstTimestamp\&#34;:\&#34;2021-06-09T02:52:42Z\&#34;,\&#34;lastTimestamp\&#34;:\&#34;2021-06-09T02:52:42Z\&#34;,\&#34;count\&#34;:1,\&#34;type\&#34;:\&#34;Normal\&#34;,\&#34;eventTime\&#34;:null,\&#34;reportingComponent\&#34;:\&#34;\&#34;,\&#34;reportingInstance\&#34;:\&#34;\&#34;}&#34;&#xA;time=&#34;2021-06-08T19:54:43-07:00&#34; level=info msg=&#34;Pod nsmgr-kind-1-worker event: {\&#34;metadata\&#34;:{\&#34;name\&#34;:\&#34;nsmgr-kind-1-worker.1686ca5071ed6f74\&#34;,\&#34;namespace\&#34;:\&#34;nsm-system\&#34;,\&#34;selfLink\&#34;:\&#34;/api/v1/namespaces/nsm-system/events/nsmgr-kind-1-worker.1686ca5071ed6f74\&#34;,\&#34;uid\&#34;:\&#34;8ff647ec-829a-46f5-8cf0-ba3f66cb00cd\&#34;,\&#34;resourceVersion\&#34;:\&#34;11578\&#34;,\&#34;creationTimestamp\&#34;:\&#34;2021-06-09T02:52:42Z\&#34;},\&#34;involvedObject\&#34;:{\&#34;kind\&#34;:\&#34;Pod\&#34;,\&#34;namespace\&#34;:\&#34;nsm-system\&#34;,\&#34;name\&#34;:\&#34;nsmgr-kind-1-worker\&#34;,\&#34;uid\&#34;:\&#34;c9ccf358-6524-410a-bdc0-9789f3003b18\&#34;,\&#34;apiVersion\&#34;:\&#34;v1\&#34;,\&#34;resourceVersion\&#34;:\&#34;11546\&#34;,\&#34;fieldPath\&#34;:\&#34;spec.containers{nsmd}\&#34;},\&#34;reason\&#34;:\&#34;Pulled\&#34;,\&#34;message\&#34;:\&#34;Container image \\\&#34;containers.cisco.com/appn/nsmd:vl3_latest\\\&#34; already present on machine\&#34;,\&#34;source\&#34;:{\&#34;component\&#34;:\&#34;kubelet\&#34;,\&#34;host\&#34;:\&#34;kind-1-worker\&#34;},\&#34;firstTimestamp\&#34;:\&#34;2021-06-09T02:52:42Z\&#34;,\&#34;lastTimestamp\&#34;:\&#34;2021-06-09T02:52:42Z\&#34;,\&#34;count\&#34;:1,\&#34;type\&#34;:\&#34;Normal\&#34;,\&#34;eventTime\&#34;:null,\&#34;reportingComponent\&#34;:\&#34;\&#34;,\&#34;reportingInstance\&#34;:\&#34;\&#34;}&#34;&#xA;time=&#34;2021-06-08T19:54:43-07:00&#34; level=info msg=&#34;Pod nsmgr-kind-1-worker event: {\&#34;metadata\&#34;:{\&#34;name\&#34;:\&#34;nsmgr-kind-1-worker.1686ca5071ccef24\&#34;,\&#34;namespace\&#34;:\&#34;nsm-system\&#34;,\&#34;selfLink\&#34;:\&#34;/api/v1/namespaces/nsm-system/events/nsmgr-kind-1-worker.1686ca5071ccef24\&#34;,\&#34;uid\&#34;:\&#34;02fff785-06b8-4ecd-8781-047fa6d978c2\&#34;,\&#34;resourceVersion\&#34;:\&#34;11577\&#34;,\&#34;creationTimestamp\&#34;:\&#34;2021-06-09T02:52:42Z\&#34;},\&#34;involvedObject\&#34;:{\&#34;kind\&#34;:\&#34;Pod\&#34;,\&#34;namespace\&#34;:\&#34;nsm-system\&#34;,\&#34;name\&#34;:\&#34;nsmgr-kind-1-worker\&#34;,\&#34;uid\&#34;:\&#34;c9ccf358-6524-410a-bdc0-9789f3003b18\&#34;,\&#34;apiVersion\&#34;:\&#34;v1\&#34;,\&#34;resourceVersion\&#34;:\&#34;11546\&#34;,\&#34;fieldPath\&#34;:\&#34;spec.containers{nsmdp}\&#34;},\&#34;reason\&#34;:\&#34;Started\&#34;,\&#34;message\&#34;:\&#34;Started container nsmdp\&#34;,\&#34;source\&#34;:{\&#34;component\&#34;:\&#34;kubelet\&#34;,\&#34;host\&#34;:\&#34;kind-1-worker\&#34;},\&#34;firstTimestamp\&#34;:\&#34;2021-06-09T02:52:42Z\&#34;,\&#34;lastTimestamp\&#34;:\&#34;2021-06-09T02:52:42Z\&#34;,\&#34;count\&#34;:1,\&#34;type\&#34;:\&#34;Normal\&#34;,\&#34;eventTime\&#34;:null,\&#34;reportingComponent\&#34;:\&#34;\&#34;,\&#34;reportingInstance\&#34;:\&#34;\&#34;}&#34;&#xA;time=&#34;2021-06-08T19:54:43-07:00&#34; level=info msg=&#34;Pod nsmgr-kind-1-worker event: {\&#34;metadata\&#34;:{\&#34;name\&#34;:\&#34;nsmgr-kind-1-worker.1686ca506d3c0f1c\&#34;,\&#34;namespace\&#34;:\&#34;nsm-system\&#34;,\&#34;selfLink\&#34;:\&#34;/api/v1/namespaces/nsm-system/events/nsmgr-kind-1-worker.1686ca506d3c0f1c\&#34;,\&#34;uid\&#34;:\&#34;73978bf1-2838-4c62-ad1b-a4908a38de71\&#34;,\&#34;resourceVersion\&#34;:\&#34;11576\&#34;,\&#34;creationTimestamp\&#34;:\&#34;2021-06-09T02:52:42Z\&#34;},\&#34;involvedObject\&#34;:{\&#34;kind\&#34;:\&#34;Pod\&#34;,\&#34;namespace\&#34;:\&#34;nsm-system\&#34;,\&#34;name\&#34;:\&#34;nsmgr-kind-1-worker\&#34;,\&#34;uid\&#34;:\&#34;c9ccf358-6524-410a-bdc0-9789f3003b18\&#34;,\&#34;apiVersion\&#34;:\&#34;v1\&#34;,\&#34;resourceVersion\&#34;:\&#34;11546\&#34;,\&#34;fieldPath\&#34;:\&#34;spec.containers{nsmdp}\&#34;},\&#34;reason\&#34;:\&#34;Created\&#34;,\&#34;message\&#34;:\&#34;Created container nsmdp\&#34;,\&#34;source\&#34;:{\&#34;component\&#34;:\&#34;kubelet\&#34;,\&#34;host\&#34;:\&#34;kind-1-worker\&#34;},\&#34;firstTimestamp\&#34;:\&#34;2021-06-09T02:52:42Z\&#34;,\&#34;lastTimestamp\&#34;:\&#34;2021-06-09T02:52:42Z\&#34;,\&#34;count\&#34;:1,\&#34;type\&#34;:\&#34;Normal\&#34;,\&#34;eventTime\&#34;:null,\&#34;reportingComponent\&#34;:\&#34;\&#34;,\&#34;reportingInstance\&#34;:\&#34;\&#34;}&#34;&#xA;time=&#34;2021-06-08T19:54:43-07:00&#34; level=info msg=&#34;Pod nsmgr-kind-1-worker event: {\&#34;metadata\&#34;:{\&#34;name\&#34;:\&#34;nsmgr-kind-1-worker.1686ca506b7dcd50\&#34;,\&#34;namespace\&#34;:\&#34;nsm-system\&#34;,\&#34;selfLink\&#34;:\&#34;/api/v1/namespaces/nsm-system/events/nsmgr-kind-1-worker.1686ca506b7dcd50\&#34;,\&#34;uid\&#34;:\&#34;6601ebb9-a469-4b8a-984c-554dc49a1f51\&#34;,\&#34;resourceVersion\&#34;:\&#34;11575\&#34;,\&#34;creationTimestamp\&#34;:\&#34;2021-06-09T02:52:42Z\&#34;},\&#34;involvedObject\&#34;:{\&#34;kind\&#34;:\&#34;Pod\&#34;,\&#34;namespace\&#34;:\&#34;nsm-system\&#34;,\&#34;name\&#34;:\&#34;nsmgr-kind-1-worker\&#34;,\&#34;uid\&#34;:\&#34;c9ccf358-6524-410a-bdc0-9789f3003b18\&#34;,\&#34;apiVersion\&#34;:\&#34;v1\&#34;,\&#34;resourceVersion\&#34;:\&#34;11546\&#34;,\&#34;fieldPath\&#34;:\&#34;spec.containers{nsmdp}\&#34;},\&#34;reason\&#34;:\&#34;Pulled\&#34;,\&#34;message\&#34;:\&#34;Container image \\\&#34;containers.cisco.com/appn/nsmdp:vl3_latest\\\&#34; already present on machine\&#34;,\&#34;source\&#34;:{\&#34;component\&#34;:\&#34;kubelet\&#34;,\&#34;host\&#34;:\&#34;kind-1-worker\&#34;},\&#34;firstTimestamp\&#34;:\&#34;2021-06-09T02:52:42Z\&#34;,\&#34;lastTimestamp\&#34;:\&#34;2021-06-09T02:52:42Z\&#34;,\&#34;count\&#34;:1,\&#34;type\&#34;:\&#34;Normal\&#34;,\&#34;eventTime\&#34;:null,\&#34;reportingComponent\&#34;:\&#34;\&#34;,\&#34;reportingInstance\&#34;:\&#34;\&#34;}&#34;&#xA;time=&#34;2021-06-08T19:54:43-07:00&#34; level=info msg=&#34;Pod nsmgr-kind-1-worker event: {\&#34;metadata\&#34;:{\&#34;name\&#34;:\&#34;nsmgr-kind-1-worker.1686ca4e84f409a4\&#34;,\&#34;namespace\&#34;:\&#34;nsm-system\&#34;,\&#34;selfLink\&#34;:\&#34;/api/v1/namespaces/nsm-system/events/nsmgr-kind-1-worker.1686ca4e84f409a4\&#34;,\&#34;uid\&#34;:\&#34;449d3b7c-11eb-4339-9358-fee99941d7b2\&#34;,\&#34;resourceVersion\&#34;:\&#34;11548\&#34;,\&#34;creationTimestamp\&#34;:\&#34;2021-06-09T02:52:34Z\&#34;},\&#34;involvedObject\&#34;:{\&#34;kind\&#34;:\&#34;Pod\&#34;,\&#34;namespace\&#34;:\&#34;nsm-system\&#34;,\&#34;name\&#34;:\&#34;nsmgr-kind-1-worker\&#34;,\&#34;uid\&#34;:\&#34;c9ccf358-6524-410a-bdc0-9789f3003b18\&#34;,\&#34;apiVersion\&#34;:\&#34;v1\&#34;,\&#34;resourceVersion\&#34;:\&#34;11545\&#34;},\&#34;reason\&#34;:\&#34;Scheduled\&#34;,\&#34;message\&#34;:\&#34;Successfully assigned nsm-system/nsmgr-kind-1-worker to kind-1-worker\&#34;,\&#34;source\&#34;:{\&#34;component\&#34;:\&#34;default-scheduler\&#34;},\&#34;firstTimestamp\&#34;:\&#34;2021-06-09T02:52:34Z\&#34;,\&#34;lastTimestamp\&#34;:\&#34;2021-06-09T02:52:34Z\&#34;,\&#34;count\&#34;:1,\&#34;type\&#34;:\&#34;Normal\&#34;,\&#34;eventTime\&#34;:null,\&#34;reportingComponent\&#34;:\&#34;\&#34;,\&#34;reportingInstance\&#34;:\&#34;\&#34;}&#34;&#xA;time=&#34;2021-06-08T19:54:43-07:00&#34; level=error msg=&#34;Timeout waiting for logs matching regexp NSM gRPC API Server: .* is operational in nsmgr-kind-1-worker::nsmd. Last logs: time=\&#34;2021-06-09T02:52:42Z\&#34; level=info msg=\&#34;Starting nsmd...\&#34;\\ntime=\&#34;2021-06-09T02:52:42Z\&#34; level=info msg=\&#34;Version: v1.0.1-rc.2-1-g9262b77b\&#34;\\ntime=\&#34;2021-06-09T02:52:42Z\&#34; level=info msg=\&#34;All env variables:\&#34;\\ntime=\&#34;2021-06-09T02:52:42Z\&#34; level=info msg=\&#34;KUBERNETES_SERVICE_PORT=443\&#34;\\ntime=\&#34;2021-06-09T02:52:42Z\&#34; level=info msg=\&#34;KUBERNETES_PORT=tcp://10.96.0.1:443\&#34;\\ntime=\&#34;2021-06-09T02:52:42Z\&#34; level=info msg=\&#34;GRPC_GO_LOG_VERBOSITY_LEVEL=99\&#34;\\ntime=\&#34;2021-06-09T02:52:42Z\&#34; level=info msg=\&#34;HOSTNAME=nsmgr-kind-1-worker\&#34;\\ntime=\&#34;2021-06-09T02:52:42Z\&#34; level=info msg=\&#34;GRPC_GO_LOG_SEVERITY_LEVEL=info\&#34;\\ntime=\&#34;2021-06-09T02:52:42Z\&#34; level=info msg=\&#34;SHLVL=1\&#34;\\ntime=\&#34;2021-06-09T02:52:42Z\&#34; level=info msg=\&#34;HOME=/root\&#34;\\ntime=\&#34;2021-06-09T02:52:42Z\&#34; level=info msg=\&#34;KUBERNETES_PORT_443_TCP_ADDR=10.96.0.1\&#34;\\ntime=\&#34;2021-06-09T02:52:42Z\&#34; level=info msg=\&#34;PATH=/usr/local/sbin:/usr/local/bin:/usr/sbin:/usr/bin:/sbin:/bin\&#34;\\ntime=\&#34;2021-06-09T02:52:42Z\&#34; level=info msg=\&#34;KUBERNETES_PORT_443_TCP_PORT=443\&#34;\\ntime=\&#34;2021-06-09T02:52:42Z\&#34; level=info msg=\&#34;KUBERNETES_PORT_443_TCP_PROTO=tcp\&#34;\\ntime=\&#34;2021-06-09T02:52:42Z\&#34; level=info msg=\&#34;ENTRY=nsmd\&#34;\\ntime=\&#34;2021-06-09T02:52:42Z\&#34; level=info msg=\&#34;KUBERNETES_SERVICE_PORT_HTTPS=443\&#34;\\ntime=\&#34;2021-06-09T02:52:42Z\&#34; level=info msg=\&#34;KUBERNETES_PORT_443_TCP=tcp://10.96.0.1:443\&#34;\\ntime=\&#34;2021-06-09T02:52:42Z\&#34; level=info msg=\&#34;KUBERNETES_SERVICE_HOST=10.96.0.1\&#34;\\ntime=\&#34;2021-06-09T02:52:42Z\&#34; level=info msg=\&#34;PWD=/\&#34;\\ntime=\&#34;2021-06-09T02:52:42Z\&#34; level=info msg=\&#34;Creating logger from config: &amp;{nsmd@nsmgr-kind-1-worker false false [] 0xc000380060 0xc000382000 &lt;nil&gt; &lt;nil&gt; &lt;nil&gt;}\&#34;\\n2021/06/09 02:52:42 debug logging disabled\\n2021/06/09 02:52:42 Initializing logging reporter\\n2021/06/09 02:52:42 debug logging disabled\\ntime=\&#34;2021-06-09T02:52:42Z\&#34; level=info msg=\&#34;==--&gt; nsmd.server() span:5fc06c1b9cca7882:5fc06c1b9cca7882:0000000000000000:1\&#34;\\ntime=\&#34;2021-06-09T02:52:42Z\&#34; level=info msg=\&#34;&gt;&gt;&lt;&lt;-- tracing.init-complete=10.6276ms span=5fc06c1b9cca7882:5fc06c1b9cca7882:0000000000000000:1\&#34;\\ntime=\&#34;2021-06-09T02:52:42Z\&#34; level=info msg=\&#34;==----&gt; nsm-server-start() span:5fc06c1b9cca7882:3852c49d8b9bd4d4:5fc06c1b9cca7882:1\&#34;\\ntime=\&#34;2021-06-09T02:52:42Z\&#34; level=info msg=\&#34;Starting NSM server\&#34; operation=nsm-server-start span=\&#34;5fc06c1b9cca7882:3852c49d8b9bd4d4:5fc06c1b9cca7882:1\&#34;\\ntime=\&#34;2021-06-09T02:52:42Z\&#34; level=info msg=\&#34;==------&gt; NewServer() span:5fc06c1b9cca7882:351861421b8dfc8a:3852c49d8b9bd4d4:1\&#34;\\ntime=\&#34;2021-06-09T02:52:42Z\&#34; level=info msg=\&#34;readDialConfig insecure: false\&#34;\\ntime=\&#34;2021-06-09T02:52:42Z\&#34; level=info msg=\&#34;Trying to establish connection with the spire provider at address:unix:///run/spire/sockets/agent.sock\&#34;\\ntime=\&#34;2021-06-09T02:52:42Z\&#34; level=info msg=\&#34;Created the todo context:unix:///run/spire/sockets/agent.sock\&#34;\\nINFO: 2021/06/09 02:52:42 [core] parsed scheme: \&#34;unix\&#34;\\nINFO: 2021/06/09 02:52:42 [core] ccResolverWrapper: sending update to cc: {[{/run/spire/sockets/agent.sock  0xc000320040 0 &lt;nil&gt;}] &lt;nil&gt; &lt;nil&gt;}\\nINFO: 2021/06/09 02:52:42 [core] ClientConn switching balancer to \&#34;pick_first\&#34;\\nINFO: 2021/06/09 02:52:42 [core] Channel switches to new LB policy \&#34;pick_first\&#34;\\nINFO: 2021/06/09 02:52:42 [core] Subchannel Connectivity change to CONNECTING\\nINFO: 2021/06/09 02:52:42 [core] blockingPicker: the picked transport is not ready, loop back to repick\\nINFO: 2021/06/09 02:52:42 [core] pickfirstBalancer: UpdateSubConnState: 0xc0003268a0, {CONNECTING &lt;nil&gt;}\\nINFO: 2021/06/09 02:52:42 [core] Channel Connectivity change to CONNECTING\\nINFO: 2021/06/09 02:52:42 [core] Subchannel picks a new address \&#34;/run/spire/sockets/agent.sock\&#34; to connect\\nINFO: 2021/06/09 02:52:42 [core] Subchannel Connectivity change to READY\\nINFO: 2021/06/09 02:52:42 [core] pickfirstBalancer: UpdateSubConnState: 0xc0003268a0, {READY &lt;nil&gt;}\\nINFO: 2021/06/09 02:52:42 [core] Channel Connectivity change to READY\\ntime=\&#34;2021-06-09T02:52:43Z\&#34; level=info msg=\&#34;Got x509:&amp;{0xc000328120 &lt;nil&gt; {{0 0} 0 0 0 0} 0xc0003c0960 0xc000526120 {{0 0} 0 0 0 0} false} &lt;nil&gt;\&#34;\\ntime=\&#34;2021-06-09T02:52:43Z\&#34; level=info msg=\&#34;Started goroutine\&#34;\\ntime=\&#34;2021-06-09T02:52:43Z\&#34; level=info msg=\&#34;Returning provider\&#34;\\ntime=\&#34;2021-06-09T02:52:43Z\&#34; level=info msg=\&#34;GRPC.NewServer with open tracing enabled\&#34; operation=NewServer span=\&#34;5fc06c1b9cca7882:351861421b8dfc8a:3852c49d8b9bd4d4:1\&#34;\\ntime=\&#34;2021-06-09T02:52:43Z\&#34; level=info msg=\&#34;==--------&gt; GetCertificate() span:5fc06c1b9cca7882:5cc0dbd12dd393b0:351861421b8dfc8a:1\&#34;\\nINFO: 2021/06/09 02:52:43 [core] parsed scheme: \&#34;unix\&#34;\\nINFO: 2021/06/09 02:52:43 [core] ccResolverWrapper: sending update to cc: {[{/run/spire/sockets/agent.sock  0xc0003c40c0 0 &lt;nil&gt;}] &lt;nil&gt; &lt;nil&gt;}\\nINFO: 2021/06/09 02:52:43 [core] ClientConn switching balancer to \&#34;pick_first\&#34;\\nINFO: 2021/06/09 02:52:43 [core] Channel switches to new LB policy \&#34;pick_first\&#34;\\nINFO: 2021/06/09 02:52:43 [core] Subchannel Connectivity change to CONNECTING\\nINFO: 2021/06/09 02:52:43 [core] blockingPicker: the picked transport is not ready, loop back to repick\\ntime=\&#34;2021-06-09T02:52:43Z\&#34; level=info msg=\&#34;Issued identity:spiffe://test.com/nsmgr\&#34;\\nINFO: 2021/06/09 02:52:43 [core] pickfirstBalancer: UpdateSubConnState: 0xc000385240, {CONNECTING &lt;nil&gt;}\\nINFO: 2021/06/09 02:52:43 [core] Channel Connectivity change to CONNECTING\\nINFO: 2021/06/09 02:52:43 [core] Subchannel picks a new address \&#34;/run/spire/sockets/agent.sock\&#34; to connect\\nINFO: 2021/06/09 02:52:43 [core] Subchannel Connectivity change to READY\\nINFO: 2021/06/09 02:52:43 [core] pickfirstBalancer: UpdateSubConnState: 0xc000385240, {READY &lt;nil&gt;}\\nINFO: 2021/06/09 02:52:43 [core] Channel Connectivity change to READY\\nINFO: 2021/06/09 02:52:43 [core] parsed scheme: \&#34;unix\&#34;\\nINFO: 2021/06/09 02:52:43 [core] ccResolverWrapper: sending update to cc: {[{/run/spire/sockets/agent.sock  0xc0003200e8 0 &lt;nil&gt;}] &lt;nil&gt; &lt;nil&gt;}\\nINFO: 2021/06/09 02:52:43 [core] ClientConn switching balancer to \&#34;pick_first\&#34;\\nINFO: 2021/06/09 02:52:43 [core] Channel switches to new LB policy \&#34;pick_first\&#34;\\nINFO: 2021/06/09 02:52:43 [core] Subchannel Connectivity change to CONNECTING\\nINFO: 2021/06/09 02:52:43 [core] pickfirstBalancer: UpdateSubConnState: 0xc0004b6900, {CONNECTING &lt;nil&gt;}\\nINFO: 2021/06/09 02:52:43 [core] Channel Connectivity change to CONNECTING\\nINFO: 2021/06/09 02:52:43 [core] Subchannel picks a new address \&#34;/run/spire/sockets/agent.sock\&#34; to connect\\nINFO: 2021/06/09 02:52:43 [core] Subchannel Connectivity change to READY\\nINFO: 2021/06/09 02:52:43 [core] pickfirstBalancer: UpdateSubConnState: 0xc0004b6900, {READY &lt;nil&gt;}\\nINFO: 2021/06/09 02:52:43 [core] Channel Connectivity change to READY\\ntime=\&#34;2021-06-09T02:52:43Z\&#34; level=info msg=\&#34;SPIRE -- GetX509SVID:&amp;{spiffe://test.com/nsmgr [0xc0004b8000] 0xc0004b02d0}\&#34;\\ntime=\&#34;2021-06-09T02:52:43Z\&#34; level=info msg=\&#34;Default trust domain:test.com\&#34;\\ntime=\&#34;2021-06-09T02:52:43Z\&#34; level=info msg=\&#34;defaultTrustDomain:test.com\&#34;\\ntime=\&#34;2021-06-09T02:52:43Z\&#34; level=info msg=\&#34;AUTHORIZING ALL CLIENTS\&#34;\\ntime=\&#34;2021-06-09T02:52:43Z\&#34; level=info msg=\&#34;Server will be started in secure mode using tlsConfig:&amp;{&lt;nil&gt; &lt;nil&gt; [] map[] 0x97a4c0 &lt;nil&gt; &lt;nil&gt; 0x97a5c0 &lt;nil&gt; &lt;nil&gt; []  RequireAnyClientCert &lt;nil&gt; false [] false false [0 0 0 0 0 0 0 0 0 0 0 0 0 0 0 0 0 0 0 0 0 0 0 0 0 0 0 0 0 0 0 0] &lt;nil&gt; 0 0 [] false 0 &lt;nil&gt; {{0 0} 0 0 0 0} [] []}\&#34;\\n2021/06/09 02:52:43 Reporting span 5fc06c1b9cca7882:5cc0dbd12dd393b0:351861421b8dfc8a:1\\n2021/06/09 02:52:43 Reporting span 5fc06c1b9cca7882:351861421b8dfc8a:3852c49d8b9bd4d4:1\\ntime=\&#34;2021-06-09T02:52:43Z\&#34; level=info msg=\&#34;Starting NSM gRPC server listening on socket: /var/lib/networkservicemesh/nsm.io.sock\&#34;\\ntime=\&#34;2021-06-09T02:52:43Z\&#34; level=info msg=\&#34;==------&gt; set-local-nsm() span:5fc06c1b9cca7882:729215585c6352b8:3852c49d8b9bd4d4:1\&#34;\\ntime=\&#34;2021-06-09T02:52:43Z\&#34; level=info msg=\&#34;Requesting NsmRegistryClient...\&#34; span=\&#34;5fc06c1b9cca7882:729215585c6352b8:3852c49d8b9bd4d4:1\&#34;\\ntime=\&#34;2021-06-09T02:52:43Z\&#34; level=info msg=\&#34;==----------&gt; initRegistryClient() span:5fc06c1b9cca7882:758850dcad4ce452:729215585c6352b8:1\&#34;\\ntime=\&#34;2021-06-09T02:52:43Z\&#34; level=info msg=\&#34;Waiting for liveness probe: tcp:127.0.0.1:5000\&#34;\\nWARNING: 2021/06/09 02:52:43 [core] grpc: Server.Serve failed to complete security handshake from \&#34;@\&#34;: EOF\\nINFO: 2021/06/09 02:52:43 [transport] transport: loopyWriter.run returning. connection error: desc = \&#34;transport is closing\&#34;\\ntime=\&#34;2021-06-09T02:52:43Z\&#34; level=info msg=\&#34;&gt;&gt;&lt;&lt;-- GRPC-&gt;/nsmdapi.NSMD/EnumConnection()=\\\&#34;\\\&#34; span=670d6884af16f50b:7c325c8a18ef43d1:451f8b92d7822775:1\&#34;\\ntime=\&#34;2021-06-09T02:52:43Z\&#34; level=info msg=\&#34;&gt;&gt;&lt;&lt;-- request={} span=670d6884af16f50b:7c325c8a18ef43d1:451f8b92d7822775:1\&#34;\\ntime=\&#34;2021-06-09T02:52:43Z\&#34; level=info msg=\&#34;&gt;&gt;&lt;&lt;-- response={} span=670d6884af16f50b:7c325c8a18ef43d1:451f8b92d7822775:1\&#34;\\n2021/06/09 02:52:43 Reporting span 670d6884af16f50b:7c325c8a18ef43d1:451f8b92d7822775:1\\nINFO: 2021/06/09 02:52:43 [transport] transport: loopyWriter.run returning. connection error: desc = \&#34;transport is closing\&#34;\\ntime=\&#34;2021-06-09T02:52:43Z\&#34; level=info msg=\&#34;Liveness probe was successful: tcp:127.0.0.1:5000\&#34;\\ntime=\&#34;2021-06-09T02:52:43Z\&#34; level=info msg=\&#34;Registry port now available, attempting to connect...\&#34; operation=initRegistryClient span=\&#34;5fc06c1b9cca7882:758850dcad4ce452:729215585c6352b8:1\&#34;\\ntime=\&#34;2021-06-09T02:52:43Z\&#34; level=info msg=\&#34;Trying to establish connection to target: 127.0.0.1:5000\&#34;\\ntime=\&#34;2021-06-09T02:52:43Z\&#34; level=info msg=\&#34;func insecure: false, env insecure: false\&#34;\\ntime=\&#34;2021-06-09T02:52:43Z\&#34; level=info msg=\&#34;Connecting to the workload api at:unix:///run/spire/sockets/agent.sock\&#34;\\nINFO: 2021/06/09 02:52:43 [core] parsed scheme: \&#34;unix\&#34;\\nINFO: 2021/06/09 02:52:43 [core] ccResolverWrapper: sending update to cc: {[{/run/spire/sockets/agent.sock  0xc000320088 0 &lt;nil&gt;}] &lt;nil&gt; &lt;nil&gt;}\\nINFO: 2021/06/09 02:52:43 [core] ClientConn switching balancer to \&#34;pick_first\&#34;\\nINFO: 2021/06/09 02:52:43 [core] Channel switches to new LB policy \&#34;pick_first\&#34;\\nINFO: 2021/06/09 02:52:43 [core] Subchannel Connectivity change to CONNECTING\\nINFO: 2021/06/09 02:52:43 [core] pickfirstBalancer: UpdateSubConnState: 0xc0005885a0, {CONNECTING &lt;nil&gt;}\\nINFO: 2021/06/09 02:52:43 [core] blockingPicker: the picked transport is not ready, loop back to repick\\nINFO: 2021/06/09 02:52:43 [core] Subchannel picks a new address \&#34;/run/spire/sockets/agent.sock\&#34; to connect\\nINFO: 2021/06/09 02:52:43 [core] Channel Connectivity change to CONNECTING\\nINFO: 2021/06/09 02:52:43 [core] Subchannel Connectivity change to READY\\nINFO: 2021/06/09 02:52:43 [core] pickfirstBalancer: UpdateSubConnState: 0xc0005885a0, {READY &lt;nil&gt;}\\nINFO: 2021/06/09 02:52:43 [core] Channel Connectivity change to READY\\nINFO: 2021/06/09 02:52:43 [core] Channel Connectivity change to SHUTDOWN\\nINFO: 2021/06/09 02:52:43 [core] Subchannel Connectivity change to SHUTDOWN\\ntime=\&#34;2021-06-09T02:52:43Z\&#34; level=info msg=\&#34;Successfully retrieve bundles:&amp;{{{0 0} 0 0 0 0} map[{test.com}:0xc000116640]}\&#34;\\ntime=\&#34;2021-06-09T02:52:43Z\&#34; level=info msg=\&#34;defaultTrustDomain:test.com\&#34;\\ntime=\&#34;2021-06-09T02:52:43Z\&#34; level=info msg=\&#34;AUTHORIZING ALL CLIENTS\&#34;\\ntime=\&#34;2021-06-09T02:52:43Z\&#34; level=info msg=\&#34;Fetch tlsConfig for Trust Domain: test.com\&#34;\\ntime=\&#34;2021-06-09T02:52:43Z\&#34; level=info msg=\&#34;Found 1 tlsconfigs.\&#34;\\nINFO: 2021/06/09 02:52:43 [core] parsed scheme: \&#34;\&#34;\\nINFO: 2021/06/09 02:52:43 [core] scheme \&#34;\&#34; not registered, fallback to default scheme\\nINFO: 2021/06/09 02:52:43 [core] ccResolverWrapper: sending update to cc: {[{127.0.0.1:5000  &lt;nil&gt; 0 &lt;nil&gt;}] &lt;nil&gt; &lt;nil&gt;}\\nINFO: 2021/06/09 02:52:43 [transport] transport: loopyWriter.run returning. connection error: desc = \&#34;transport is closing\&#34;\\nINFO: 2021/06/09 02:52:43 [core] ClientConn switching balancer to \&#34;pick_first\&#34;\\nINFO: 2021/06/09 02:52:43 [core] Channel switches to new LB policy \&#34;pick_first\&#34;\\nINFO: 2021/06/09 02:52:43 [core] Subchannel Connectivity change to CONNECTING\\nINFO: 2021/06/09 02:52:43 [core] Subchannel picks a new address \&#34;127.0.0.1:5000\&#34; to connect\\nINFO: 2021/06/09 02:52:43 [core] pickfirstBalancer: UpdateSubConnState: 0xc000588fa0, {CONNECTING &lt;nil&gt;}\\nINFO: 2021/06/09 02:52:43 [core] Channel Connectivity change to CONNECTING\\nINFO: 2021/06/09 02:52:43 [core] Subchannel Connectivity change to READY\\nINFO: 2021/06/09 02:52:43 [core] pickfirstBalancer: UpdateSubConnState: 0xc000588fa0, {READY &lt;nil&gt;}\\nINFO: 2021/06/09 02:52:43 [core] Channel Connectivity change to READY\\ntime=\&#34;2021-06-09T02:52:43Z\&#34; level=info msg=\&#34;Found the right tls certificate:&amp;{&lt;nil&gt; &lt;nil&gt; [] map[] &lt;nil&gt; 0x97a540 &lt;nil&gt; 0x97a5c0 &lt;nil&gt; &lt;nil&gt; []  NoClientCert &lt;nil&gt; true [] false false [0 0 0 0 0 0 0 0 0 0 0 0 0 0 0 0 0 0 0 0 0 0 0 0 0 0 0 0 0 0 0 0] &lt;nil&gt; 0 0 [] false 0 &lt;nil&gt; {{0 0} 0 0 0 0} [] []}\&#34;\\nINFO: 2021/06/09 02:52:43 [core] Channel Connectivity change to SHUTDOWN\\nINFO: 2021/06/09 02:52:43 [core] Subchannel Connectivity change to SHUTDOWN\\nINFO: 2021/06/09 02:52:43 [transport] transport: loopyWriter.run returning. connection error: desc = \&#34;transport is closing\&#34;\\ntime=\&#34;2021-06-09T02:52:43Z\&#34; level=info msg=\&#34;Trying to establish connection using tlsConfig:&amp;{&lt;nil&gt; &lt;nil&gt; [] map[] &lt;nil&gt; 0x97a540 &lt;nil&gt; 0x97a5c0 &lt;nil&gt; &lt;nil&gt; []  NoClientCert &lt;nil&gt; true [] false false [0 0 0 0 0 0 0 0 0 0 0 0 0 0 0 0 0 0 0 0 0 0 0 0 0 0 0 0 0 0 0 0] &lt;nil&gt; 0 0 [] false 0 &lt;nil&gt; {{0 0} 0 0 0 0} [] []}\&#34;\\nINFO: 2021/06/09 02:52:43 [core] parsed scheme: \&#34;\&#34;\\nINFO: 2021/06/09 02:52:43 [core] scheme \&#34;\&#34; not registered, fallback to default scheme\\nINFO: 2021/06/09 02:52:43 [core] ccResolverWrapper: sending update to cc: {[{127.0.0.1:5000  &lt;nil&gt; 0 &lt;nil&gt;}] &lt;nil&gt; &lt;nil&gt;}\\nINFO: 2021/06/09 02:52:43 [core] ClientConn switching balancer to \&#34;pick_first\&#34;\\nINFO: 2021/06/09 02:52:43 [core] Channel switches to new LB policy \&#34;pick_first\&#34;\\nINFO: 2021/06/09 02:52:43 [core] Subchannel Connectivity change to CONNECTING\\nINFO: 2021/06/09 02:52:43 [core] Subchannel picks a new address \&#34;127.0.0.1:5000\&#34; to connect\\nINFO: 2021/06/09 02:52:43 [core] pickfirstBalancer: UpdateSubConnState: 0xc0004b7960, {CONNECTING &lt;nil&gt;}\\nINFO: 2021/06/09 02:52:43 [core] Channel Connectivity change to CONNECTING\\nINFO: 2021/06/09 02:52:43 [core] Subchannel Connectivity change to READY\\nINFO: 2021/06/09 02:52:43 [core] pickfirstBalancer: UpdateSubConnState: 0xc0004b7960, {READY &lt;nil&gt;}\\nINFO: 2021/06/09 02:52:43 [core] Channel Connectivity change to READY\\ntime=\&#34;2021-06-09T02:52:43Z\&#34; level=info msg=\&#34;Successfully connected to 127.0.0.1:5000\&#34; operation=initRegistryClient span=\&#34;5fc06c1b9cca7882:758850dcad4ce452:729215585c6352b8:1\&#34;\\n2021/06/09 02:52:43 Reporting span 5fc06c1b9cca7882:758850dcad4ce452:729215585c6352b8:1\\ntime=\&#34;2021-06-09T02:52:43Z\&#34; level=info msg=\&#34;&gt;&gt;&lt;&lt;------ url=10.244.2.46:5001 span=5fc06c1b9cca7882:729215585c6352b8:3852c49d8b9bd4d4:1\&#34;\\ntime=\&#34;2021-06-09T02:52:43Z\&#34; level=info msg=\&#34;&gt;&gt;&lt;&lt;-------- /registry.NsmRegistry/RegisterNSM()=\\\&#34;\\\&#34; span=5fc06c1b9cca7882:729215585c6352b8:3852c49d8b9bd4d4:1\&#34;\\ntime=\&#34;2021-06-09T02:52:43Z\&#34; level=info msg=\&#34;&gt;&gt;&lt;&lt;-------- request={\\\&#34;url\\\&#34;:\\\&#34;10.244.2.46:5001\\\&#34;} span=5fc06c1b9cca7882:729215585c6352b8:3852c49d8b9bd4d4:1\&#34;\\n2021/06/09 02:52:43 Reporting span 5fc06c1b9cca7882:41ab2d8f0c9f8f29:729215585c6352b8:1\\ntime=\&#34;2021-06-09T02:52:43Z\&#34; level=info msg=\&#34;&gt;&gt;&lt;&lt;-------- response={\\\&#34;name\\\&#34;:\\\&#34;kind-1-worker\\\&#34;,\\\&#34;url\\\&#34;:\\\&#34;10.244.2.46:5001\\\&#34;,\\\&#34;state\\\&#34;:\\\&#34;RUNNING\\\&#34;} span=5fc06c1b9cca7882:729215585c6352b8:3852c49d8b9bd4d4:1\&#34;\\ntime=\&#34;2021-06-09T02:52:43Z\&#34; level=info msg=\&#34;&gt;&gt;&lt;&lt;-------- /registry.NsmRegistry/GetEndpoints()=\\\&#34;\\\&#34; span=5fc06c1b9cca7882:729215585c6352b8:3852c49d8b9bd4d4:1\&#34;\\ntime=\&#34;2021-06-09T02:52:43Z\&#34; level=info msg=\&#34;&gt;&gt;&lt;&lt;-------- request={} span=5fc06c1b9cca7882:729215585c6352b8:3852c49d8b9bd4d4:1\&#34;\\n2021/06/09 02:52:43 Reporting span 5fc06c1b9cca7882:3cb33189c758a4ee:729215585c6352b8:1\\ntime=\&#34;2021-06-09T02:52:43Z\&#34; level=info msg=\&#34;&gt;&gt;&lt;&lt;-------- response={} span=5fc06c1b9cca7882:729215585c6352b8:3852c49d8b9bd4d4:1\&#34;\\ntime=\&#34;2021-06-09T02:52:43Z\&#34; level=info msg=\&#34;Setting local NSM name:\\\&#34;kind-1-worker\\\&#34; url:\\\&#34;10.244.2.46:5001\\\&#34; state:\\\&#34;RUNNING\\\&#34; \&#34;\\n2021/06/09 02:52:43 Reporting span 5fc06c1b9cca7882:729215585c6352b8:3852c49d8b9bd4d4:1\\ntime=\&#34;2021-06-09T02:52:43Z\&#34; level=info msg=\&#34;&gt;&gt;&lt;&lt;---- registered-endpoints={} span=5fc06c1b9cca7882:3852c49d8b9bd4d4:5fc06c1b9cca7882:1\&#34;\\ntime=\&#34;2021-06-09T02:52:43Z\&#34; level=info msg=\&#34;Connecting to nsmd on socket: /var/lib/networkservicemesh/nsm.io.sock...\&#34;\\ntime=\&#34;2021-06-09T02:52:43Z\&#34; level=info msg=\&#34;Trying to establish connection to target: /var/lib/networkservicemesh/nsm.io.sock\&#34;\\ntime=\&#34;2021-06-09T02:52:43Z\&#34; level=info msg=\&#34;func insecure: false, env insecure: false\&#34;\\ntime=\&#34;2021-06-09T02:52:43Z\&#34; level=info msg=\&#34;Connecting to the workload api at:unix:///run/spire/sockets/agent.sock\&#34;\\nINFO: 2021/06/09 02:52:43 [core] parsed scheme: \&#34;unix\&#34;\\nINFO: 2021/06/09 02:52:43 [core] ccResolverWrapper: sending update to cc: {[{/run/spire/sockets/agent.sock  0xc0003c4250 0 &lt;nil&gt;}] &lt;nil&gt; &lt;nil&gt;}\\nINFO: 2021/06/09 02:52:43 [core] ClientConn switching balancer to \&#34;pick_first\&#34;\\nINFO: 2021/06/09 02:52:43 [core] Channel switches to new LB policy \&#34;pick_first\&#34;\\nINFO: 2021/06/09 02:52:43 [core] Subchannel Connectivity change to CONNECTING\\nINFO: 2021/06/09 02:52:43 [core] blockingPicker: the picked transport is not ready, loop back to repick\\nINFO: 2021/06/09 02:52:43 [core] Subchannel picks a new address \&#34;/run/spire/sockets/agent.sock\&#34; to connect\\nINFO: 2021/06/09 02:52:43 [core] pickfirstBalancer: UpdateSubConnState: 0xc0000316b0, {CONNECTING &lt;nil&gt;}\\nINFO: 2021/06/09 02:52:43 [core] Channel Connectivity change to CONNECTING\\nINFO: 2021/06/09 02:52:43 [core] Subchannel Connectivity change to READY\\nINFO: 2021/06/09 02:52:43 [core] pickfirstBalancer: UpdateSubConnState: 0xc0000316b0, {READY &lt;nil&gt;}\\nINFO: 2021/06/09 02:52:43 [core] Channel Connectivity change to READY\\nINFO: 2021/06/09 02:52:43 [core] Channel Connectivity change to SHUTDOWN\\nINFO: 2021/06/09 02:52:43 [core] Subchannel Connectivity change to SHUTDOWN\\ntime=\&#34;2021-06-09T02:52:43Z\&#34; level=info msg=\&#34;Successfully retrieve bundles:&amp;{{{0 0} 0 0 0 0} map[{test.com}:0xc0003955c0]}\&#34;\\ntime=\&#34;2021-06-09T02:52:43Z\&#34; level=info msg=\&#34;defaultTrustDomain:test.com\&#34;\\ntime=\&#34;2021-06-09T02:52:43Z\&#34; level=info msg=\&#34;AUTHORIZING ALL CLIENTS\&#34;\\ntime=\&#34;2021-06-09T02:52:43Z\&#34; level=info msg=\&#34;Fetch tlsConfig for Trust Domain: test.com\&#34;\\ntime=\&#34;2021-06-09T02:52:43Z\&#34; level=info msg=\&#34;Found 1 tlsconfigs.\&#34;\\nINFO: 2021/06/09 02:52:43 [transport] transport: loopyWriter.run returning. connection error: desc = \&#34;transport is closing\&#34;\\nINFO: 2021/06/09 02:52:43 [core] parsed scheme: \&#34;\&#34;\\nINFO: 2021/06/09 02:52:43 [core] scheme \&#34;\&#34; not registered, fallback to default scheme\\nINFO: 2021/06/09 02:52:43 [core] ccResolverWrapper: sending update to cc: {[{/var/lib/networkservicemesh/nsm.io.sock  &lt;nil&gt; 0 &lt;nil&gt;}] &lt;nil&gt; &lt;nil&gt;}\\nINFO: 2021/06/09 02:52:43 [core] ClientConn switching balancer to \&#34;pick_first\&#34;\\nINFO: 2021/06/09 02:52:43 [core] Channel switches to new LB policy \&#34;pick_first\&#34;\\nINFO: 2021/06/09 02:52:43 [core] Subchannel Connectivity change to CONNECTING\\nINFO: 2021/06/09 02:52:43 [core] Subchannel picks a new address \&#34;/var/lib/networkservicemesh/nsm.io.sock\&#34; to connect\\nINFO: 2021/06/09 02:52:43 [core] pickfirstBalancer: UpdateSubConnState: 0xc000097630, {CONNECTING &lt;nil&gt;}\\nINFO: 2021/06/09 02:52:43 [core] Channel Connectivity change to CONNECTING\\nINFO: 2021/06/09 02:52:43 [core] Subchannel Connectivity change to READY\\nINFO: 2021/06/09 02:52:43 [core] pickfirstBalancer: UpdateSubConnState: 0xc000097630, {READY &lt;nil&gt;}\\nINFO: 2021/06/09 02:52:43 [core] Channel Connectivity change to READY\\ntime=\&#34;2021-06-09T02:52:43Z\&#34; level=info msg=\&#34;Found the right tls certificate:&amp;{&lt;nil&gt; &lt;nil&gt; [] map[] &lt;nil&gt; 0x97a540 &lt;nil&gt; 0x97a5c0 &lt;nil&gt; &lt;nil&gt; []  NoClientCert &lt;nil&gt; true [] false false [0 0 0 0 0 0 0 0 0 0 0 0 0 0 0 0 0 0 0 0 0 0 0 0 0 0 0 0 0 0 0 0] &lt;nil&gt; 0 0 [] false 0 &lt;nil&gt; {{0 0} 0 0 0 0} [] []}\&#34;\\ntime=\&#34;2021-06-09T02:52:43Z\&#34; level=info msg=\&#34;Trying to establish connection using tlsConfig:&amp;{&lt;nil&gt; &lt;nil&gt; [] map[] &lt;nil&gt; 0x97a540 &lt;nil&gt; 0x97a5c0 &lt;nil&gt; &lt;nil&gt; []  NoClientCert &lt;nil&gt; true [] false false [0 0 0 0 0 0 0 0 0 0 0 0 0 0 0 0 0 0 0 0 0 0 0 0 0 0 0 0 0 0 0 0] &lt;nil&gt; 0 0 [] false 0 &lt;nil&gt; {{0 0} 0 0 0 0} [] []}\&#34;\\nINFO: 2021/06/09 02:52:43 [core] Channel Connectivity change to SHUTDOWN\\nINFO: 2021/06/09 02:52:43 [core] parsed scheme: \&#34;\&#34;\\nINFO: 2021/06/09 02:52:43 [core] scheme \&#34;\&#34; not registered, fallback to default scheme\\nINFO: 2021/06/09 02:52:43 [core] Subchannel Connectivity change to SHUTDOWN\\nINFO: 2021/06/09 02:52:43 [transport] transport: loopyWriter.run returning. connection error: desc = \&#34;transport is closing\&#34;\\nINFO: 2021/06/09 02:52:43 [core] ccResolverWrapper: sending update to cc: {[{/var/lib/networkservicemesh/nsm.io.sock  &lt;nil&gt; 0 &lt;nil&gt;}] &lt;nil&gt; &lt;nil&gt;}\\nINFO: 2021/06/09 02:52:43 [transport] transport: loopyWriter.run returning. connection error: desc = \&#34;transport is closing\&#34;\\nINFO: 2021/06/09 02:52:43 [core] ClientConn switching balancer to \&#34;pick_first\&#34;\\nINFO: 2021/06/09 02:52:43 [core] Channel switches to new LB policy \&#34;pick_first\&#34;\\nINFO: 2021/06/09 02:52:43 [core] Subchannel Connectivity change to CONNECTING\\nINFO: 2021/06/09 02:52:43 [core] Subchannel picks a new address \&#34;/var/lib/networkservicemesh/nsm.io.sock\&#34; to connect\\nINFO: 2021/06/09 02:52:43 [core] pickfirstBalancer: UpdateSubConnState: 0xc00040c0d0, {CONNECTING &lt;nil&gt;}\\nINFO: 2021/06/09 02:52:43 [core] Channel Connectivity change to CONNECTING\\nINFO: 2021/06/09 02:52:43 [core] Subchannel Connectivity change to READY\\nINFO: 2021/06/09 02:52:43 [core] pickfirstBalancer: UpdateSubConnState: 0xc00040c0d0, {READY &lt;nil&gt;}\\nINFO: 2021/06/09 02:52:43 [core] Channel Connectivity change to READY\\ntime=\&#34;2021-06-09T02:52:43Z\&#34; level=info msg=\&#34;Requesting nsmd for client connection...\&#34;\\nINFO: 2021/06/09 02:52:43 [core] Channel Connectivity change to SHUTDOWN\\nINFO: 2021/06/09 02:52:43 [core] Subchannel Connectivity change to SHUTDOWN\\ntime=\&#34;2021-06-09T02:52:43Z\&#34; level=info msg=\&#34;NSM gRPC socket: /var/lib/networkservicemesh/nsm.io.sock is operational\&#34; operation=nsm-server-start span=\&#34;5fc06c1b9cca7882:3852c49d8b9bd4d4:5fc06c1b9cca7882:1\&#34;\\ntime=\&#34;2021-06-09T02:52:43Z\&#34; level=info msg=\&#34;create monitor servers\&#34; operation=nsm-server-start span=\&#34;5fc06c1b9cca7882:3852c49d8b9bd4d4:5fc06c1b9cca7882:1\&#34;\\nINFO: 2021/06/09 02:52:43 [transport] transport: loopyWriter.run returning. connection error: desc = \&#34;transport is closing\&#34;\\nINFO: 2021/06/09 02:52:43 [transport] transport: loopyWriter.run returning. connection error: desc = \&#34;transport is closing\&#34;\\ntime=\&#34;2021-06-09T02:52:43Z\&#34; level=info msg=\&#34;CrossConnect - Serve starting...\&#34;\\ntime=\&#34;2021-06-09T02:52:43Z\&#34; level=info msg=\&#34;RemoteConnection - Serve starting...\&#34;\\ntime=\&#34;2021-06-09T02:52:43Z\&#34; level=info msg=\&#34;Reading excluded prefixes config file: /var/lib/networkservicemesh/config/excluded_prefixes.yaml\&#34;\\ntime=\&#34;2021-06-09T02:52:43Z\&#34; level=info msg=\&#34;Excluded prefixes: [10.244.0.0/16 10.96.0.0/12]\&#34;\\ntime=\&#34;2021-06-09T02:52:43Z\&#34; level=info msg=\&#34;==------&gt; restore() span:5fc06c1b9cca7882:477954a427e75dd6:3852c49d8b9bd4d4:1\&#34;\\ntime=\&#34;2021-06-09T02:52:43Z\&#34; level=info msg=\&#34;&gt;&gt;&lt;&lt;------ delete.client.registry=false span=5fc06c1b9cca7882:477954a427e75dd6:3852c49d8b9bd4d4:1\&#34;\\ntime=\&#34;2021-06-09T02:52:43Z\&#34; level=info msg=\&#34;Values: [CLE nsm-29]\&#34;\\ntime=\&#34;2021-06-09T02:52:43Z\&#34; level=info msg=\&#34;Values: [NSE icmp-responderft2ng nsm-29 ChQKDmljbXAtcmVzcG9uZGVyEgJJUBIqCg1raW5kLTEtd29ya2VyEhAxMC4yNDQuMi40NDo1MDAxIgdSVU5OSU5HGnQKE2ljbXAtcmVzcG9uZGVyZnQybmcSAklQGg5pY21wLXJlc3BvbmRlciINa2luZC0xLXdvcmtlcioLCgNhcHASBGljbXAqJAoSbmV0d29ya3NlcnZpY2VuYW1lEg5pY21wLXJlc3BvbmRlcjIHUlVOTklORw==]\&#34;\\ntime=\&#34;2021-06-09T02:52:43Z\&#34; level=info msg=\&#34;Clients: [nsm-29]\&#34;\\ntime=\&#34;2021-06-09T02:52:43Z\&#34; level=info msg=\&#34;NSEs: map[icmp-responderft2ng:{nsm-29 network_service:&lt;name:\\\&#34;icmp-responder\\\&#34; payload:\\\&#34;IP\\\&#34; &gt; network_service_manager:&lt;name:\\\&#34;kind-1-worker\\\&#34; url:\\\&#34;10.244.2.44:5001\\\&#34; state:\\\&#34;RUNNING\\\&#34; &gt; network_service_endpoint:&lt;name:\\\&#34;icmp-responderft2ng\\\&#34; payload:\\\&#34;IP\\\&#34; network_service_name:\\\&#34;icmp-responder\\\&#34; network_service_manager_name:\\\&#34;kind-1-worker\\\&#34; labels:&lt;key:\\\&#34;app\\\&#34; value:\\\&#34;icmp\\\&#34; &gt; labels:&lt;key:\\\&#34;networkservicename\\\&#34; value:\\\&#34;icmp-responder\\\&#34; &gt; state:\\\&#34;RUNNING\\\&#34; &gt; }]\&#34;\\ntime=\&#34;2021-06-09T02:52:43Z\&#34; level=info msg=\&#34;&gt;&gt;&lt;&lt;------ clients=[\\\&#34;nsm-29\\\&#34;] span=5fc06c1b9cca7882:477954a427e75dd6:3852c49d8b9bd4d4:1\&#34;\\ntime=\&#34;2021-06-09T02:52:43Z\&#34; level=info msg=\&#34;&gt;&gt;&lt;&lt;------ endpoints={\\\&#34;icmp-responderft2ng\\\&#34;:{\\\&#34;Workspace\\\&#34;:\\\&#34;nsm-29\\\&#34;,\\\&#34;NseReg\\\&#34;:{\\\&#34;network_service\\\&#34;:{\\\&#34;name\\\&#34;:\\\&#34;icmp-responder\\\&#34;,\\\&#34;payload\\\&#34;:\\\&#34;IP\\\&#34;},\\\&#34;network_service_manager\\\&#34;:{\\\&#34;name\\\&#34;:\\\&#34;kind-1-worker\\\&#34;,\\\&#34;url\\\&#34;:\\\&#34;10.244.2.44:5001\\\&#34;,\\\&#34;state\\\&#34;:\\\&#34;RUNNING\\\&#34;},\\\&#34;network_service_endpoint\\\&#34;:{\\\&#34;name\\\&#34;:\\\&#34;icmp-responderft2ng\\\&#34;,\\\&#34;payload\\\&#34;:\\\&#34;IP\\\&#34;,\\\&#34;network_service_name\\\&#34;:\\\&#34;icmp-responder\\\&#34;,\\\&#34;network_service_manager_name\\\&#34;:\\\&#34;kind-1-worker\\\&#34;,\\\&#34;labels\\\&#34;:{\\\&#34;app\\\&#34;:\\\&#34;icmp\\\&#34;,\\\&#34;networkservicename\\\&#34;:\\\&#34;icmp-responder\\\&#34;},\\\&#34;state\\\&#34;:\\\&#34;RUNNING\\\&#34;}}}} span=5fc06c1b9cca7882:477954a427e75dd6:3852c49d8b9bd4d4:1\&#34;\\ntime=\&#34;2021-06-09T02:52:43Z\&#34; level=info msg=\&#34;==--------&gt; restoreClients() span:5fc06c1b9cca7882:66270a2f94e0ad9d:477954a427e75dd6:1\&#34;\\ntime=\&#34;2021-06-09T02:52:43Z\&#34; level=info msg=\&#34;NSMServer: Creating workspaces for existing clients...\&#34; operation=restoreClients span=\&#34;5fc06c1b9cca7882:66270a2f94e0ad9d:477954a427e75dd6:1\&#34;\\ntime=\&#34;2021-06-09T02:52:43Z\&#34; level=info msg=\&#34;==----------&gt; Workspace:nsm-29() span:5fc06c1b9cca7882:1ef6086e00208e97:66270a2f94e0ad9d:1\&#34;\\ntime=\&#34;2021-06-09T02:52:43Z\&#34; level=info msg=\&#34;Creating new workspace: nsm-29\&#34; operation=\&#34;Workspace:nsm-29\&#34; span=\&#34;5fc06c1b9cca7882:1ef6086e00208e97:66270a2f94e0ad9d:1\&#34;\\ntime=\&#34;2021-06-09T02:52:43Z\&#34; level=info msg=\&#34;&gt;&gt;&lt;&lt;---------- restore=true span=5fc06c1b9cca7882:1ef6086e00208e97:66270a2f94e0ad9d:1\&#34;\\ntime=\&#34;2021-06-09T02:52:43Z\&#34; level=info msg=\&#34;Creating new directory: /var/lib/networkservicemesh/nsm-29\&#34; operation=\&#34;Workspace:nsm-29\&#34; span=\&#34;5fc06c1b9cca7882:1ef6086e00208e97:66270a2f94e0ad9d:1\&#34;\\ntime=\&#34;2021-06-09T02:52:43Z\&#34; level=info msg=\&#34;Creating new listener on: /var/lib/networkservicemesh/nsm-29/nsm.server.io.sock\&#34; operation=\&#34;Workspace:nsm-29\&#34; span=\&#34;5fc06c1b9cca7882:1ef6086e00208e97:66270a2f94e0ad9d:1\&#34;\\ntime=\&#34;2021-06-09T02:52:43Z\&#34; level=info msg=\&#34;Creating new NetworkServiceRegistryServer\&#34; operation=\&#34;Workspace:nsm-29\&#34; span=\&#34;5fc06c1b9cca7882:1ef6086e00208e97:66270a2f94e0ad9d:1\&#34;\\ntime=\&#34;2021-06-09T02:52:43Z\&#34; level=info msg=\&#34;Creating new MonitorConnectionServer\&#34; operation=\&#34;Workspace:nsm-29\&#34; span=\&#34;5fc06c1b9cca7882:1ef6086e00208e97:66270a2f94e0ad9d:1\&#34;\\ntime=\&#34;2021-06-09T02:52:43Z\&#34; level=info msg=\&#34;Creating new NetworkServiceServer\&#34; operation=\&#34;Workspace:nsm-29\&#34; span=\&#34;5fc06c1b9cca7882:1ef6086e00208e97:66270a2f94e0ad9d:1\&#34;\\ntime=\&#34;2021-06-09T02:52:43Z\&#34; level=info msg=\&#34;LocalConnection - Serve starting...\&#34;\\ntime=\&#34;2021-06-09T02:52:43Z\&#34; level=info msg=\&#34;Reading excluded prefixes config file: /var/lib/networkservicemesh/config/excluded_prefixes.yaml\&#34;\\ntime=\&#34;2021-06-09T02:52:43Z\&#34; level=info msg=\&#34;Excluded prefixes: [10.244.0.0/16 10.96.0.0/12]\&#34;\\ntime=\&#34;2021-06-09T02:52:43Z\&#34; level=info msg=\&#34;Creating new GRPC MonitorServer\&#34; operation=\&#34;Workspace:nsm-29\&#34; span=\&#34;5fc06c1b9cca7882:1ef6086e00208e97:66270a2f94e0ad9d:1\&#34;\\ntime=\&#34;2021-06-09T02:52:43Z\&#34; level=info msg=\&#34;==------------&gt; NewServer() span:5fc06c1b9cca7882:1d73a92f409678c3:1ef6086e00208e97:1\&#34;\\ntime=\&#34;2021-06-09T02:52:43Z\&#34; level=info msg=\&#34;GRPC.NewServer with open tracing enabled\&#34; operation=NewServer span=\&#34;5fc06c1b9cca7882:1d73a92f409678c3:1ef6086e00208e97:1\&#34;\\ntime=\&#34;2021-06-09T02:52:43Z\&#34; level=info msg=\&#34;==--------------&gt; GetCertificate() span:5fc06c1b9cca7882:2a99d99833bcdae8:1d73a92f409678c3:1\&#34;\\nINFO: 2021/06/09 02:52:43 [core] parsed scheme: \&#34;unix\&#34;\\nINFO: 2021/06/09 02:52:43 [core] ccResolverWrapper: sending update to cc: {[{/run/spire/sockets/agent.sock  0xc0003202a0 0 &lt;nil&gt;}] &lt;nil&gt; &lt;nil&gt;}\\nINFO: 2021/06/09 02:52:43 [core] ClientConn switching balancer to \&#34;pick_first\&#34;\\nINFO: 2021/06/09 02:52:43 [core] Channel switches to new LB policy \&#34;pick_first\&#34;\\nINFO: 2021/06/09 02:52:43 [core] Subchannel Connectivity change to CONNECTING\\nINFO: 2021/06/09 02:52:43 [core] pickfirstBalancer: UpdateSubConnState: 0xc0004b68b0, {CONNECTING &lt;nil&gt;}\\nINFO: 2021/06/09 02:52:43 [core] blockingPicker: the picked transport is not ready, loop back to repick\\nINFO: 2021/06/09 02:52:43 [core] Channel Connectivity change to CONNECTING\\nINFO: 2021/06/09 02:52:43 [core] Subchannel picks a new address \&#34;/run/spire/sockets/agent.sock\&#34; to connect\\nINFO: 2021/06/09 02:52:43 [core] Subchannel Connectivity change to READY\\nINFO: 2021/06/09 02:52:43 [core] pickfirstBalancer: UpdateSubConnState: 0xc0004b68b0, {READY &lt;nil&gt;}\\nINFO: 2021/06/09 02:52:43 [core] Channel Connectivity change to READY\\nINFO: 2021/06/09 02:52:43 [core] parsed scheme: \&#34;unix\&#34;\\nINFO: 2021/06/09 02:52:43 [core] ccResolverWrapper: sending update to cc: {[{/run/spire/sockets/agent.sock  0xc0000ba220 0 &lt;nil&gt;}] &lt;nil&gt; &lt;nil&gt;}\\nINFO: 2021/06/09 02:52:43 [core] ClientConn switching balancer to \&#34;pick_first\&#34;\\nINFO: 2021/06/09 02:52:43 [core] Channel switches to new LB policy \&#34;pick_first\&#34;\\nINFO: 2021/06/09 02:52:43 [core] Subchannel Connectivity change to CONNECTING\\nINFO: 2021/06/09 02:52:43 [core] blockingPicker: the picked transport is not ready, loop back to repick\\nINFO: 2021/06/09 02:52:43 [core] pickfirstBalancer: UpdateSubConnState: 0xc0001c5c10, {CONNECTING &lt;nil&gt;}\\nINFO: 2021/06/09 02:52:43 [core] Subchannel picks a new address \&#34;/run/spire/sockets/agent.sock\&#34; to connect\\nINFO: 2021/06/09 02:52:43 [core] Channel Connectivity change to CONNECTING\\nINFO: 2021/06/09 02:52:43 [core] Subchannel Connectivity change to READY\\nINFO: 2021/06/09 02:52:43 [core] pickfirstBalancer: UpdateSubConnState: 0xc0001c5c10, {READY &lt;nil&gt;}\\nINFO: 2021/06/09 02:52:43 [core] Channel Connectivity change to READY\\ntime=\&#34;2021-06-09T02:52:43Z\&#34; level=info msg=\&#34;SPIRE -- GetX509SVID:&amp;{spiffe://test.com/nsmgr [0xc000508b00] 0xc0001f45d0}\&#34;\\ntime=\&#34;2021-06-09T02:52:43Z\&#34; level=info msg=\&#34;Default trust domain:test.com\&#34;\\ntime=\&#34;2021-06-09T02:52:43Z\&#34; level=info msg=\&#34;defaultTrustDomain:test.com\&#34;\\ntime=\&#34;2021-06-09T02:52:43Z\&#34; level=info msg=\&#34;AUTHORIZING ALL CLIENTS\&#34;\\ntime=\&#34;2021-06-09T02:52:43Z\&#34; level=info msg=\&#34;Server will be started in secure mode using tlsConfig:&amp;{&lt;nil&gt; &lt;nil&gt; [] map[] 0x97a4c0 &lt;nil&gt; &lt;nil&gt; 0x97a5c0 &lt;nil&gt; &lt;nil&gt; []  RequireAnyClientCert &lt;nil&gt; false [] false false [0 0 0 0 0 0 0 0 0 0 0 0 0 0 0 0 0 0 0 0 0 0 0 0 0 0 0 0 0 0 0 0] &lt;nil&gt; 0 0 [] false 0 &lt;nil&gt; {{0 0} 0 0 0 0} [] []}\&#34;\\n2021/06/09 02:52:43 Reporting span 5fc06c1b9cca7882:2a99d99833bcdae8:1d73a92f409678c3:1\\n2021/06/09 02:52:43 Reporting span 5fc06c1b9cca7882:1d73a92f409678c3:1ef6086e00208e97:1\\ntime=\&#34;2021-06-09T02:52:43Z\&#34; level=info msg=\&#34;Registering NetworkServiceRegistryServer with registerServer\&#34; operation=\&#34;Workspace:nsm-29\&#34; span=\&#34;5fc06c1b9cca7882:1ef6086e00208e97:66270a2f94e0ad9d:1\&#34;\\ntime=\&#34;2021-06-09T02:52:43Z\&#34; level=info msg=\&#34;Registering NetworkServiceDiscoveryServer with discoveryServer\&#34; operation=\&#34;Workspace:nsm-29\&#34; span=\&#34;5fc06c1b9cca7882:1ef6086e00208e97:66270a2f94e0ad9d:1\&#34;\\ntime=\&#34;2021-06-09T02:52:43Z\&#34; level=info msg=\&#34;Registering NetworkServiceServer with registerServer\&#34; operation=\&#34;Workspace:nsm-29\&#34; span=\&#34;5fc06c1b9cca7882:1ef6086e00208e97:66270a2f94e0ad9d:1\&#34;\\ntime=\&#34;2021-06-09T02:52:43Z\&#34; level=info msg=\&#34;Registering MonitorConnectionServer with registerServer\&#34; operation=\&#34;Workspace:nsm-29\&#34; span=\&#34;5fc06c1b9cca7882:1ef6086e00208e97:66270a2f94e0ad9d:1\&#34;\\ntime=\&#34;2021-06-09T02:52:43Z\&#34; level=info msg=\&#34;Trying to establish connection to target: /var/lib/networkservicemesh/nsm-29/nsm.server.io.sock\&#34;\\ntime=\&#34;2021-06-09T02:52:43Z\&#34; level=info msg=\&#34;func insecure: false, env insecure: false\&#34;\\ntime=\&#34;2021-06-09T02:52:43Z\&#34; level=info msg=\&#34;Connecting to the workload api at:unix:///run/spire/sockets/agent.sock\&#34;\\nINFO: 2021/06/09 02:52:43 [core] parsed scheme: \&#34;unix\&#34;\\nINFO: 2021/06/09 02:52:43 [core] ccResolverWrapper: sending update to cc: {[{/run/spire/sockets/agent.sock  0xc00000e100 0 &lt;nil&gt;}] &lt;nil&gt; &lt;nil&gt;}\\nINFO: 2021/06/09 02:52:43 [core] ClientConn switching balancer to \&#34;pick_first\&#34;\\nINFO: 2021/06/09 02:52:43 [core] Channel switches to new LB policy \&#34;pick_first\&#34;\\nINFO: 2021/06/09 02:52:43 [core] Subchannel Connectivity change to CONNECTING\\nINFO: 2021/06/09 02:52:43 [core] blockingPicker: the picked transport is not ready, loop back to repick\\nINFO: 2021/06/09 02:52:43 [core] Subchannel picks a new address \&#34;/run/spire/sockets/agent.sock\&#34; to connect\\nINFO: 2021/06/09 02:52:43 [core] Subchannel Connectivity change to READY\\nINFO: 2021/06/09 02:52:43 [core] pickfirstBalancer: UpdateSubConnState: 0xc0006054a0, {CONNECTING &lt;nil&gt;}\\nINFO: 2021/06/09 02:52:43 [core] Channel Connectivity change to CONNECTING\\nINFO: 2021/06/09 02:52:43 [core] pickfirstBalancer: UpdateSubConnState: 0xc0006054a0, {READY &lt;nil&gt;}\\nINFO: 2021/06/09 02:52:43 [core] Channel Connectivity change to READY\\nINFO: 2021/06/09 02:52:43 [core] Channel Connectivity change to SHUTDOWN\\nINFO: 2021/06/09 02:52:43 [core] Subchannel Connectivity change to SHUTDOWN\\ntime=\&#34;2021-06-09T02:52:43Z\&#34; level=info msg=\&#34;Successfully retrieve bundles:&amp;{{{0 0} 0 0 0 0} map[{test.com}:0xc0005f07c0]}\&#34;\\ntime=\&#34;2021-06-09T02:52:43Z\&#34; level=info msg=\&#34;defaultTrustDomain:test.com\&#34;\\ntime=\&#34;2021-06-09T02:52:43Z\&#34; level=info msg=\&#34;AUTHORIZING ALL CLIENTS\&#34;\\ntime=\&#34;2021-06-09T02:52:43Z\&#34; level=info msg=\&#34;Fetch tlsConfig for Trust Domain: test.com\&#34;\\ntime=\&#34;2021-06-09T02:52:43Z\&#34; level=info msg=\&#34;Found 1 tlsconfigs.\&#34;\\nINFO: 2021/06/09 02:52:43 [transport] transport: loopyWriter.run returning. connection error: desc = \&#34;transport is closing\&#34;\\nINFO: 2021/06/09 02:52:43 [core] parsed scheme: \&#34;\&#34;\\nINFO: 2021/06/09 02:52:43 [core] scheme \&#34;\&#34; not registered, fallback to default scheme\\nINFO: 2021/06/09 02:52:43 [core] ccResolverWrapper: sending update to cc: {[{/var/lib/networkservicemesh/nsm-29/nsm.server.io.sock  &lt;nil&gt; 0 &lt;nil&gt;}] &lt;nil&gt; &lt;nil&gt;}\\nINFO: 2021/06/09 02:52:43 [core] ClientConn switching balancer to \&#34;pick_first\&#34;\\nINFO: 2021/06/09 02:52:43 [core] Channel switches to new LB policy \&#34;pick_first\&#34;\\nINFO: 2021/06/09 02:52:43 [core] Subchannel Connectivity change to CONNECTING\\nINFO: 2021/06/09 02:52:43 [core] Subchannel picks a new address \&#34;/var/lib/networkservicemesh/nsm-29/nsm.server.io.sock\&#34; to connect\\nINFO: 2021/06/09 02:52:43 [core] pickfirstBalancer: UpdateSubConnState: 0xc0000972d0, {CONNECTING &lt;nil&gt;}\\nINFO: 2021/06/09 02:52:43 [core] Channel Connectivity change to CONNECTING\\nINFO: 2021/06/09 02:52:43 [core] Subchannel Connectivity change to READY\\nINFO: 2021/06/09 02:52:43 [core] pickfirstBalancer: UpdateSubConnState: 0xc0000972d0, {READY &lt;nil&gt;}\\nINFO: 2021/06/09 02:52:43 [core] Channel Connectivity change to READY\\ntime=\&#34;2021-06-09T02:52:43Z\&#34; level=info msg=\&#34;Found the right tls certificate:&amp;{&lt;nil&gt; &lt;nil&gt; [] map[] &lt;nil&gt; 0x97a540 &lt;nil&gt; 0x97a5c0 &lt;nil&gt; &lt;nil&gt; []  NoClientCert &lt;nil&gt; true [] false false [0 0 0 0 0 0 0 0 0 0 0 0 0 0 0 0 0 0 0 0 0 0 0 0 0 0 0 0 0 0 0 0] &lt;nil&gt; 0 0 [] false 0 &lt;nil&gt; {{0 0} 0 0 0 0} [] []}\&#34;\\nINFO: 2021/06/09 02:52:43 [core] Channel Connectivity change to SHUTDOWN\\nINFO: 2021/06/09 02:52:43 [core] Subchannel Connectivity change to SHUTDOWN\\nINFO: 2021/06/09 02:52:43 [transport] transport: loopyWriter.run returning. connection error: desc = \&#34;transport is closing\&#34;\\ntime=\&#34;2021-06-09T02:52:43Z\&#34; level=info msg=\&#34;Trying to establish connection using tlsConfig:&amp;{&lt;nil&gt; &lt;nil&gt; [] map[] &lt;nil&gt; 0x97a540 &lt;nil&gt; 0x97a5c0 &lt;nil&gt; &lt;nil&gt; []  NoClientCert &lt;nil&gt; true [] false false [0 0 0 0 0 0 0 0 0 0 0 0 0 0 0 0 0 0 0 0 0 0 0 0 0 0 0 0 0 0 0 0] &lt;nil&gt; 0 0 [] false 0 &lt;nil&gt; {{0 0} 0 0 0 0} [] []}\&#34;\\nINFO: 2021/06/09 02:52:43 [core] parsed scheme: \&#34;\&#34;\\nINFO: 2021/06/09 02:52:43 [core] scheme \&#34;\&#34; not registered, fallback to default scheme\\nINFO: 2021/06/09 02:52:43 [core] ccResolverWrapper: sending update to cc: {[{/var/lib/networkservicemesh/nsm-29/nsm.server.io.sock  &lt;nil&gt; 0 &lt;nil&gt;}] &lt;nil&gt; &lt;nil&gt;}\\nINFO: 2021/06/09 02:52:43 [core] ClientConn switching balancer to \&#34;pick_first\&#34;\\nINFO: 2021/06/09 02:52:43 [core] Channel switches to new LB policy \&#34;pick_first\&#34;\\nINFO: 2021/06/09 02:52:43 [core] Subchannel Connectivity change to CONNECTING\\nINFO: 2021/06/09 02:52:43 [transport] transport: loopyWriter.run returning. connection error: desc = \&#34;transport is closing\&#34;\\nINFO: 2021/06/09 02:52:43 [core] Subchannel picks a new address \&#34;/var/lib/networkservicemesh/nsm-29/nsm.server.io.sock\&#34; to connect\\nINFO: 2021/06/09 02:52:43 [core] pickfirstBalancer: UpdateSubConnState: 0xc0006041d0, {CONNECTING &lt;nil&gt;}\\nINFO: 2021/06/09 02:52:43 [core] Channel Connectivity change to CONNECTING\\nINFO: 2021/06/09 02:52:43 [core] Subchannel Connectivity change to READY\\nINFO: 2021/06/09 02:52:43 [core] pickfirstBalancer: UpdateSubConnState: 0xc0006041d0, {READY &lt;nil&gt;}\\nINFO: 2021/06/09 02:52:43 [core] Channel Connectivity change to READY\\nINFO: 2021/06/09 02:52:43 [core] Channel Connectivity change to SHUTDOWN\\nINFO: 2021/06/09 02:52:43 [core] Subchannel Connectivity change to SHUTDOWN\\ntime=\&#34;2021-06-09T02:52:43Z\&#34; level=info msg=\&#34;grpcserver for workspace &amp;{name:nsm-29 listener:0xc000527e00 registryServer:0xc000527ea0 networkServiceServer:0xc0004b1c50 monitorConnectionServer:0xc000527f40 grpcServer:0xc0004708c0 Mutex:{state:0 sema:0} state:2 locationProvider:0xc00030c240 localRegistry:0xc000324780 ctx:0xc0004b0d50 discoveryServer:0xc000589dc0} is operational\&#34; operation=\&#34;Workspace:nsm-29\&#34; span=\&#34;5fc06c1b9cca7882:1ef6086e00208e97:66270a2f94e0ad9d:1\&#34;\\ntime=\&#34;2021-06-09T02:52:43Z\&#34; level=info msg=\&#34;Created new workspace: &amp;{name:nsm-29 listener:0xc000527e00 registryServer:0xc000527ea0 networkServiceServer:0xc0004b1c50 monitorConnectionServer:0xc000527f40 grpcServer:0xc0004708c0 Mutex:{state:0 sema:0} state:2 locationProvider:0xc00030c240 localRegistry:0xc000324780 ctx:0xc0004b0d50 discoveryServer:0xc000589dc0}\&#34; operation=\&#34;Workspace:nsm-29\&#34; span=\&#34;5fc06c1b9cca7882:1ef6086e00208e97:66270a2f94e0ad9d:1\&#34;\\ntime=\&#34;2021-06-09T02:52:43Z\&#34; level=info msg=\&#34;==------------&gt; cleanup() span:5fc06c1b9cca7882:7e89127b0afc84f0:1ef6086e00208e97:1\&#34;\\n2021/06/09 02:52:43 Reporting span 5fc06c1b9cca7882:7e89127b0afc84f0:1ef6086e00208e97:1\\n2021/06/09 02:52:43 Reporting span 5fc06c1b9cca7882:1ef6086e00208e97:66270a2f94e0ad9d:1\\ntime=\&#34;2021-06-09T02:52:43Z\&#34; level=info msg=\&#34;Workspace for client nsm-29 created\&#34; operation=restoreClients span=\&#34;5fc06c1b9cca7882:66270a2f94e0ad9d:477954a427e75dd6:1\&#34;\\n2021/06/09 02:52:43 Reporting span 5fc06c1b9cca7882:66270a2f94e0ad9d:477954a427e75dd6:1\\ntime=\&#34;2021-06-09T02:52:43Z\&#34; level=info msg=\&#34;&gt;&gt;&lt;&lt;------ updated-clients=[\\\&#34;nsm-29\\\&#34;] span=5fc06c1b9cca7882:477954a427e75dd6:3852c49d8b9bd4d4:1\&#34;\\ntime=\&#34;2021-06-09T02:52:43Z\&#34; level=info msg=\&#34;==--------&gt; restore-endpoints() span:5fc06c1b9cca7882:6f3dbaed5df64886:477954a427e75dd6:1\&#34;\\ntime=\&#34;2021-06-09T02:52:43Z\&#34; level=info msg=\&#34;Requesting NetworkServiceDiscoveryClient...\&#34;\\ntime=\&#34;2021-06-09T02:52:43Z\&#34; level=info msg=\&#34;Requesting NseRegistryClient...\&#34;\\nINFO: 2021/06/09 02:52:43 [transport] transport: loopyWriter.run returning. connection error: desc = \&#34;transport is closing\&#34;\\ntime=\&#34;2021-06-09T02:52:43Z\&#34; level=info msg=\&#34;==----------&gt; check-nse-icmp-responderft2ng() span:5fc06c1b9cca7882:18cc93dce2362909:6f3dbaed5df64886:1\&#34;\\ntime=\&#34;2021-06-09T02:52:43Z\&#34; level=info msg=\&#34;&gt;&gt;&lt;&lt;---------- workspace={} span=5fc06c1b9cca7882:18cc93dce2362909:6f3dbaed5df64886:1\&#34;\\ntime=\&#34;2021-06-09T02:52:43Z\&#34; level=info msg=\&#34;Checking NSE icmp-responderft2ng is alive at /var/lib/networkservicemesh/nsm-29/nsm.client.io.sock...\&#34; operation=check-nse-icmp-responderft2ng span=\&#34;5fc06c1b9cca7882:18cc93dce2362909:6f3dbaed5df64886:1\&#34;\\ntime=\&#34;2021-06-09T02:52:43Z\&#34; level=info msg=\&#34;==--&gt; check-nse-alive() span:5fc06c1b9cca7882:601271d07f3b3b81:18cc93dce2362909:1\&#34;\\ntime=\&#34;2021-06-09T02:52:43Z\&#34; level=info msg=\&#34;Trying to establish connection to target: /var/lib/networkservicemesh/nsm-29/nsm.client.io.sock\&#34;\\ntime=\&#34;2021-06-09T02:52:43Z\&#34; level=info msg=\&#34;func insecure: false, env insecure: false\&#34;\\ntime=\&#34;2021-06-09T02:52:43Z\&#34; level=info msg=\&#34;Connecting to the workload api at:unix:///run/spire/sockets/agent.sock\&#34;\\nINFO: 2021/06/09 02:52:43 [core] parsed scheme: \&#34;unix\&#34;\\nINFO: 2021/06/09 02:52:43 [core] ccResolverWrapper: sending update to cc: {[{/run/spire/sockets/agent.sock  0xc0003c41b0 0 &lt;nil&gt;}] &lt;nil&gt; &lt;nil&gt;}\\nINFO: 2021/06/09 02:52:43 [core] ClientConn switching balancer to \&#34;pick_first\&#34;\\nINFO: 2021/06/09 02:52:43 [core] Channel switches to new LB policy \&#34;pick_first\&#34;\\nINFO: 2021/06/09 02:52:43 [core] Subchannel Connectivity change to CONNECTING\\nINFO: 2021/06/09 02:52:43 [core] pickfirstBalancer: UpdateSubConnState: 0xc0006051a0, {CONNECTING &lt;nil&gt;}\\nINFO: 2021/06/09 02:52:43 [core] Channel Connectivity change to CONNECTING\\nINFO: 2021/06/09 02:52:43 [core] blockingPicker: the picked transport is not ready, loop back to repick\\nINFO: 2021/06/09 02:52:43 [core] Subchannel picks a new address \&#34;/run/spire/sockets/agent.sock\&#34; to connect\\nINFO: 2021/06/09 02:52:43 [transport] transport: loopyWriter.run returning. connection error: desc = \&#34;transport is closing\&#34;\\nINFO: 2021/06/09 02:52:43 [core] Subchannel Connectivity change to READY\\nINFO: 2021/06/09 02:52:43 [core] pickfirstBalancer: UpdateSubConnState: 0xc0006051a0, {READY &lt;nil&gt;}\\nINFO: 2021/06/09 02:52:43 [core] Channel Connectivity change to READY\\nINFO: 2021/06/09 02:52:43 [core] Channel Connectivity change to SHUTDOWN\\nINFO: 2021/06/09 02:52:43 [core] Subchannel Connectivity change to SHUTDOWN\\ntime=\&#34;2021-06-09T02:52:43Z\&#34; level=info msg=\&#34;Successfully retrieve bundles:&amp;{{{0 0} 0 0 0 0} map[{test.com}:0xc00059a280]}\&#34;\\ntime=\&#34;2021-06-09T02:52:43Z\&#34; level=info msg=\&#34;defaultTrustDomain:test.com\&#34;\\ntime=\&#34;2021-06-09T02:52:43Z\&#34; level=info msg=\&#34;AUTHORIZING ALL CLIENTS\&#34;\\ntime=\&#34;2021-06-09T02:52:43Z\&#34; level=info msg=\&#34;Fetch tlsConfig for Trust Domain: test.com\&#34;\\ntime=\&#34;2021-06-09T02:52:43Z\&#34; level=info msg=\&#34;Found 1 tlsconfigs.\&#34;\\nINFO: 2021/06/09 02:52:43 [core] parsed scheme: \&#34;\&#34;\\nINFO: 2021/06/09 02:52:43 [core] scheme \&#34;\&#34; not registered, fallback to default scheme\\nINFO: 2021/06/09 02:52:43 [transport] transport: loopyWriter.run returning. connection error: desc = \&#34;transport is closing\&#34;\\nINFO: 2021/06/09 02:52:43 [core] ccResolverWrapper: sending update to cc: {[{/var/lib/networkservicemesh/nsm-29/nsm.client.io.sock  &lt;nil&gt; 0 &lt;nil&gt;}] &lt;nil&gt; &lt;nil&gt;}\\nINFO: 2021/06/09 02:52:43 [core] ClientConn switching balancer to \&#34;pick_first\&#34;\\nINFO: 2021/06/09 02:52:43 [core] Channel switches to new LB policy \&#34;pick_first\&#34;\\nINFO: 2021/06/09 02:52:43 [core] Subchannel Connectivity change to CONNECTING\\nINFO: 2021/06/09 02:52:43 [core] pickfirstBalancer: UpdateSubConnState: 0xc000588bd0, {CONNECTING &lt;nil&gt;}\\nINFO: 2021/06/09 02:52:43 [core] Channel Connectivity change to CONNECTING\\nINFO: 2021/06/09 02:52:43 [core] Subchannel picks a new address \&#34;/var/lib/networkservicemesh/nsm-29/nsm.client.io.sock\&#34; to connect\\nWARNING: 2021/06/09 02:52:43 [core] grpc: addrConn.createTransport failed to connect to {/var/lib/networkservicemesh/nsm-29/nsm.client.io.sock /var/lib/networkservicemesh/nsm-29/nsm.client.io.sock &lt;nil&gt; 0 &lt;nil&gt;}. Err: connection error: desc = \&#34;transport: Error while dialing dial unix /var/lib/networkservicemesh/nsm-29/nsm.client.io.sock: connect: no such file or directory\&#34;. Reconnecting...\\nINFO: 2021/06/09 02:52:43 [core] Subchannel Connectivity change to TRANSIENT_FAILURE\\nINFO: 2021/06/09 02:52:43 [core] pickfirstBalancer: UpdateSubConnState: 0xc000588bd0, {TRANSIENT_FAILURE connection error: desc = \&#34;transport: Error while dialing dial unix /var/lib/networkservicemesh/nsm-29/nsm.client.io.sock: connect: no such file or directory\&#34;}\\nINFO: 2021/06/09 02:52:43 [core] Channel Connectivity change to TRANSIENT_FAILURE\\nINFO: 2021/06/09 02:52:44 [core] Subchannel Connectivity change to CONNECTING\\nINFO: 2021/06/09 02:52:44 [core] Subchannel picks a new address \&#34;/var/lib/networkservicemesh/nsm-29/nsm.client.io.sock\&#34; to connect\\nWARNING: 2021/06/09 02:52:44 [core] grpc: addrConn.createTransport failed to connect to {/var/lib/networkservicemesh/nsm-29/nsm.client.io.sock /var/lib/networkservicemesh/nsm-29/nsm.client.io.sock &lt;nil&gt; 0 &lt;nil&gt;}. Err: connection error: desc = \&#34;transport: Error while dialing dial unix /var/lib/networkservicemesh/nsm-29/nsm.client.io.sock: connect: no such file or directory\&#34;. Reconnecting...\\nINFO: 2021/06/09 02:52:44 [core] Subchannel Connectivity change to TRANSIENT_FAILURE\\nINFO: 2021/06/09 02:52:44 [core] pickfirstBalancer: UpdateSubConnState: 0xc000588bd0, {CONNECTING &lt;nil&gt;}\\nINFO: 2021/06/09 02:52:44 [core] Channel Connectivity change to CONNECTING\\nINFO: 2021/06/09 02:52:44 [core] pickfirstBalancer: UpdateSubConnState: 0xc000588bd0, {TRANSIENT_FAILURE connection error: desc = \&#34;transport: Error while dialing dial unix /var/lib/networkservicemesh/nsm-29/nsm.client.io.sock: connect: no such file or directory\&#34;}\\nINFO: 2021/06/09 02:52:44 [core] Channel Connectivity change to TRANSIENT_FAILURE\\nINFO: 2021/06/09 02:52:45 [core] Subchannel Connectivity change to CONNECTING\\nINFO: 2021/06/09 02:52:45 [core] Subchannel picks a new address \&#34;/var/lib/networkservicemesh/nsm-29/nsm.client.io.sock\&#34; to connect\\nWARNING: 2021/06/09 02:52:45 [core] grpc: addrConn.createTransport failed to connect to {/var/lib/networkservicemesh/nsm-29/nsm.client.io.sock /var/lib/networkservicemesh/nsm-29/nsm.client.io.sock &lt;nil&gt; 0 &lt;nil&gt;}. Err: connection error: desc = \&#34;transport: Error while dialing dial unix /var/lib/networkservicemesh/nsm-29/nsm.client.io.sock: connect: no such file or directory\&#34;. Reconnecting...\\nINFO: 2021/06/09 02:52:45 [core] Subchannel Connectivity change to TRANSIENT_FAILURE\\nINFO: 2021/06/09 02:52:45 [core] pickfirstBalancer: UpdateSubConnState: 0xc000588bd0, {CONNECTING &lt;nil&gt;}\\nINFO: 2021/06/09 02:52:45 [core] Channel Connectivity change to CONNECTING\\nINFO: 2021/06/09 02:52:45 [core] pickfirstBalancer: UpdateSubConnState: 0xc000588bd0, {TRANSIENT_FAILURE connection error: desc = \&#34;transport: Error while dialing dial unix /var/lib/networkservicemesh/nsm-29/nsm.client.io.sock: connect: no such file or directory\&#34;}\\nINFO: 2021/06/09 02:52:45 [core] Channel Connectivity change to TRANSIENT_FAILURE\\nINFO: 2021/06/09 02:52:48 [core] Subchannel Connectivity change to CONNECTING\\nINFO: 2021/06/09 02:52:48 [core] Subchannel picks a new address \&#34;/var/lib/networkservicemesh/nsm-29/nsm.client.io.sock\&#34; to connect\\nWARNING: 2021/06/09 02:52:48 [core] grpc: addrConn.createTransport failed to connect to {/var/lib/networkservicemesh/nsm-29/nsm.client.io.sock /var/lib/networkservicemesh/nsm-29/nsm.client.io.sock &lt;nil&gt; 0 &lt;nil&gt;}. Err: connection error: desc = \&#34;transport: Error while dialing dial unix /var/lib/networkservicemesh/nsm-29/nsm.client.io.sock: connect: no such file or directory\&#34;. Reconnecting...\\nINFO: 2021/06/09 02:52:48 [core] Subchannel Connectivity change to TRANSIENT_FAILURE\\nINFO: 2021/06/09 02:52:48 [core] pickfirstBalancer: UpdateSubConnState: 0xc000588bd0, {CONNECTING &lt;nil&gt;}\\nINFO: 2021/06/09 02:52:48 [core] Channel Connectivity change to CONNECTING\\nINFO: 2021/06/09 02:52:48 [core] pickfirstBalancer: UpdateSubConnState: 0xc000588bd0, {TRANSIENT_FAILURE connection error: desc = \&#34;transport: Error while dialing dial unix /var/lib/networkservicemesh/nsm-29/nsm.client.io.sock: connect: no such file or directory\&#34;}\\nINFO: 2021/06/09 02:52:48 [core] Channel Connectivity change to TRANSIENT_FAILURE\\nINFO: 2021/06/09 02:52:52 [core] Subchannel Connectivity change to CONNECTING\\nINFO: 2021/06/09 02:52:52 [core] Subchannel picks a new address \&#34;/var/lib/networkservicemesh/nsm-29/nsm.client.io.sock\&#34; to connect\\nWARNING: 2021/06/09 02:52:52 [core] grpc: addrConn.createTransport failed to connect to {/var/lib/networkservicemesh/nsm-29/nsm.client.io.sock /var/lib/networkservicemesh/nsm-29/nsm.client.io.sock &lt;nil&gt; 0 &lt;nil&gt;}. Err: connection error: desc = \&#34;transport: Error while dialing dial unix /var/lib/networkservicemesh/nsm-29/nsm.client.io.sock: connect: no such file or directory\&#34;. Reconnecting...\\nINFO: 2021/06/09 02:52:52 [core] Subchannel Connectivity change to TRANSIENT_FAILURE\\nINFO: 2021/06/09 02:52:52 [core] pickfirstBalancer: UpdateSubConnState: 0xc000588bd0, {CONNECTING &lt;nil&gt;}\\nINFO: 2021/06/09 02:52:52 [core] Channel Connectivity change to CONNECTING\\nINFO: 2021/06/09 02:52:52 [core] pickfirstBalancer: UpdateSubConnState: 0xc000588bd0, {TRANSIENT_FAILURE connection error: desc = \&#34;transport: Error while dialing dial unix /var/lib/networkservicemesh/nsm-29/nsm.client.io.sock: connect: no such file or directory\&#34;}\\nINFO: 2021/06/09 02:52:52 [core] Channel Connectivity change to TRANSIENT_FAILURE\\nINFO: 2021/06/09 02:52:53 [core] Channel Connectivity change to SHUTDOWN\\nINFO: 2021/06/09 02:52:53 [core] Subchannel Connectivity change to SHUTDOWN\\nINFO: 2021/06/09 02:53:13 [transport] transport: loopyWriter.run returning. connection error: desc = \&#34;transport is closing\&#34;\\ntime=\&#34;2021-06-09T02:53:13Z\&#34; level=info msg=\&#34;&gt;&gt;&lt;&lt;-- GRPC-&gt;/nsmdapi.NSMD/EnumConnection()=\\\&#34;\\\&#34; span=1eee5a5aaeb68065:0862a277b28a9c34:4b0bbab5d5ed8157:1\&#34;\\ntime=\&#34;2021-06-09T02:53:13Z\&#34; level=info msg=\&#34;&gt;&gt;&lt;&lt;-- request={} span=1eee5a5aaeb68065:0862a277b28a9c34:4b0bbab5d5ed8157:1\&#34;\\ntime=\&#34;2021-06-09T02:53:13Z\&#34; level=info msg=\&#34;&gt;&gt;&lt;&lt;-- response={\\\&#34;workspace\\\&#34;:[\\\&#34;nsm-29\\\&#34;]} span=1eee5a5aaeb68065:0862a277b28a9c34:4b0bbab5d5ed8157:1\&#34;\\n2021/06/09 02:53:13 Reporting span 1eee5a5aaeb68065:0862a277b28a9c34:4b0bbab5d5ed8157:1\\nINFO: 2021/06/09 02:53:13 [transport] transport: loopyWriter.run returning. connection error: desc = \&#34;transport is closing\&#34;\\nINFO: 2021/06/09 02:53:43 [transport] transport: loopyWriter.run returning. connection error: desc = \&#34;transport is closing\&#34;\\ntime=\&#34;2021-06-09T02:53:43Z\&#34; level=info msg=\&#34;&gt;&gt;&lt;&lt;-- GRPC-&gt;/nsmdapi.NSMD/EnumConnection()=\\\&#34;\\\&#34; span=7590eae59041266b:13724927dea7cee6:2b1a55b164fc46a4:1\&#34;\\ntime=\&#34;2021-06-09T02:53:43Z\&#34; level=info msg=\&#34;&gt;&gt;&lt;&lt;-- request={} span=7590eae59041266b:13724927dea7cee6:2b1a55b164fc46a4:1\&#34;\\ntime=\&#34;2021-06-09T02:53:43Z\&#34; level=info msg=\&#34;&gt;&gt;&lt;&lt;-- response={\\\&#34;workspace\\\&#34;:[\\\&#34;nsm-29\\\&#34;]} span=7590eae59041266b:13724927dea7cee6:2b1a55b164fc46a4:1\&#34;\\n2021/06/09 02:53:43 Reporting span 7590eae59041266b:13724927dea7cee6:2b1a55b164fc46a4:1\\nINFO: 2021/06/09 02:53:43 [transport] transport: loopyWriter.run returning. connection error: desc = \&#34;transport is closing\&#34;\\nINFO: 2021/06/09 02:54:13 [transport] transport: loopyWriter.run returning. connection error: desc = \&#34;transport is closing\&#34;\\ntime=\&#34;2021-06-09T02:54:13Z\&#34; level=info msg=\&#34;&gt;&gt;&lt;&lt;-- GRPC-&gt;/nsmdapi.NSMD/EnumConnection()=\\\&#34;\\\&#34; span=2add25aec27d48f4:1ef6eb89c2a5e1cf:717bfedf8b85c418:1\&#34;\\ntime=\&#34;2021-06-09T02:54:13Z\&#34; level=info msg=\&#34;&gt;&gt;&lt;&lt;-- request={} span=2add25aec27d48f4:1ef6eb89c2a5e1cf:717bfedf8b85c418:1\&#34;\\ntime=\&#34;2021-06-09T02:54:13Z\&#34; level=info msg=\&#34;&gt;&gt;&lt;&lt;-- response={\\\&#34;workspace\\\&#34;:[\\\&#34;nsm-29\\\&#34;]} span=2add25aec27d48f4:1ef6eb89c2a5e1cf:717bfedf8b85c418:1\&#34;\\n2021/06/09 02:54:13 Reporting span 2add25aec27d48f4:1ef6eb89c2a5e1cf:717bfedf8b85c418:1\\nINFO: 2021/06/09 02:54:13 [transport] transport: loopyWriter.run returning. connection error: desc = \&#34;transport is closing\&#34;\\nINFO: 2021/06/09 02:54:43 [transport] transport: loopyWriter.run returning. connection error: desc = \&#34;transport is closing\&#34;\\ntime=\&#34;2021-06-09T02:54:43Z\&#34; level=info msg=\&#34;&gt;&gt;&lt;&lt;-- GRPC-&gt;/nsmdapi.NSMD/EnumConnection()=\\\&#34;\\\&#34; span=18e12708d688200b:01287e89eb1dde93:0b7a2fee9f58d204:1\&#34;\\ntime=\&#34;2021-06-09T02:54:43Z\&#34; level=info msg=\&#34;&gt;&gt;&lt;&lt;-- request={} span=18e12708d688200b:01287e89eb1dde93:0b7a2fee9f58d204:1\&#34;\\ntime=\&#34;2021-06-09T02:54:43Z\&#34; level=info msg=\&#34;&gt;&gt;&lt;&lt;-- response={\\\&#34;workspace\\\&#34;:[\\\&#34;nsm-29\\\&#34;]} span=18e12708d688200b:01287e89eb1dde93:0b7a2fee9f58d204:1\&#34;\\n2021/06/09 02:54:43 Reporting span 18e12708d688200b:01287e89eb1dde93:0b7a2fee9f58d204:1\\nINFO: 2021/06/09 02:54:43 [transport] transport: loopyWriter.run returning. connection error: desc = \&#34;transport is closing\&#34;\\n&#34;&#xA;k8s.go:1166:&#xA;goroutine 474 [running]:&#xA;runtime/debug.Stack(0xc000716ba0, 0x223e220, 0x30b6480)&#xA;/usr/local/go/src/runtime/debug/stack.go:24 +0x9f&#xA;github.com/networkservicemesh/networkservicemesh/test/kubetest.(*K8s).waitLogsMatchNamespace(0xc000356300, 0x26d9e20, 0xc000911380, 0xc00074f800, 0x24bf09f, 0x4, 0xc000cc1ef8, 0xc00004c070, 0x6d, 0xc00011e8f0, ...)&#xA;/Users/nispatil/go/src/github.com/cisco-app-networking/nsm_publish/networkservicemesh/test/kubetest/k8s.go:1166 +0xd85&#xA;github.com/networkservicemesh/networkservicemesh/test/kubetest.(*K8s).waitLogsMatch(...)&#xA;/Users/nispatil/go/src/github.com/cisco-app-networking/nsm_publish/networkservicemesh/test/kubetest/k8s.go:1108&#xA;github.com/networkservicemesh/networkservicemesh/test/kubetest.(*K8s).WaitLogsContainsRegex(0xc000356300, 0xc00074f800, 0x24bf09f, 0x4, 0x24eda8c, 0x26, 0x1bf08eb000, 0x0, 0x0)&#xA;/Users/nispatil/go/src/github.com/cisco-app-networking/nsm_publish/networkservicemesh/test/kubetest/k8s.go:1063 +0x2a8&#xA;github.com/networkservicemesh/networkservicemesh/test/kubetest.WaitNSMgrDeployed.func1(0xc0004c2940, 0xc000356300, 0xc00074f800, 0x1bf08eb000)&#xA;/Users/nispatil/go/src/github.com/cisco-app-networking/nsm_publish/networkservicemesh/test/kubetest/utils.go:238 +0x9b&#xA;created by github.com/networkservicemesh/networkservicemesh/test/kubetest.WaitNSMgrDeployed&#xA;/Users/nispatil/go/src/github.com/cisco-app-networking/nsm_publish/networkservicemesh/test/kubetest/utils.go:236 +0x8d&#xA;&#xA;Expected&#xA;&lt;bool&gt;: false&#xA;to be true&#xA;time=&#34;2021-06-08T19:54:43-07:00&#34; level=info msg=&#34;Using image: containers.cisco.com/appn/test-common:vl3_latest&#34;&#xA;time=&#34;2021-06-08T19:54:43-07:00&#34; level=info msg=&#34;Starting ICMP Responder NSE on node: kind-1-worker &#34;&#xA;time=&#34;2021-06-08T19:54:46-07:00&#34; level=info msg=&#34;getting logs without container icmp-responder-nse-2=none&#34;&#xA;time=&#34;2021-06-08T19:54:46-07:00&#34; level=info msg=&#34;ICMP Responder icmp-responder-nse-2 started done: 2.618140428s&#34;&#xA;time=&#34;2021-06-08T19:54:46-07:00&#34; level=info msg=&#34;Deleting icmp-responder-nse-2&#34;&#xA;time=&#34;2021-06-08T19:54:46-07:00&#34; level=info msg=&#34;Deleting prefix-service&#34;&#xA;time=&#34;2021-06-08T19:54:46-07:00&#34; level=info msg=&#34;Deleting nsmd-forwarder-kind-1-worker&#34;&#xA;time=&#34;2021-06-08T19:54:46-07:00&#34; level=info msg=&#34;Deleting jaeger&#34;&#xA;time=&#34;2021-06-08T19:54:46-07:00&#34; level=info msg=&#34;Deleting nsmgr-kind-1-worker&#34;&#xA;time=&#34;2021-06-08T19:54:46-07:00&#34; level=info msg=&#34;Deleting spire-proxy&#34;&#xA;E0608 19:54:46.309852   29353 portforward.go:409] error closing listener: close tcp4 127.0.0.1:51084: use of closed network connection&#xA;E0608 19:54:46.309868   29353 portforward.go:409] error closing listener: close tcp6 [::1]:51084: use of closed network connection&#xA;I0608 19:54:47.478509   29353 request.go:621] Throttling request took 1.168797797s, request: DELETE:https://127.0.0.1:55081/api/v1/namespaces/nsm-system/pods/jaeger&#xA;time=&#34;2021-06-08T19:54:48-07:00&#34; level=warning msg=&#34;The POD &#39;icmp-responder-nse-2&#39; Deleted 1.973818415s&#34;&#xA;time=&#34;2021-06-08T19:54:48-07:00&#34; level=warning msg=&#34;The POD &#39;prefix-service&#39; Deleted 2.175451157s&#34;&#xA;time=&#34;2021-06-08T19:54:48-07:00&#34; level=warning msg=&#34;The POD &#39;nsmd-forwarder-kind-1-worker&#39; Deleted 2.375200173s&#34;&#xA;time=&#34;2021-06-08T19:54:49-07:00&#34; level=warning msg=&#34;The POD &#39;spire-proxy&#39; Deleted 3.176715414s&#34;&#xA;time=&#34;2021-06-08T19:54:54-07:00&#34; level=warning msg=&#34;The POD &#39;jaeger&#39; Deleted 8.373530888s&#34;&#xA;time=&#34;2021-06-08T19:55:03-07:00&#34; level=info msg=&#34;The POD nsmgr-kind-1-worker force deleted&#34;&#xA;time=&#34;2021-06-08T19:55:03-07:00&#34; level=warning msg=&#34;The POD &#39;nsmgr-kind-1-worker&#39; Deleted 16.97475732s&#34;&#xA;time=&#34;2021-06-08T19:55:03-07:00&#34; level=info msg=&#34;namespace nsm-system is deleted&#34;&#xA;time=&#34;2021-06-08T19:55:03-07:00&#34; level=info msg=&#34;Cleanup time: 17.180045202s&#34;&#xA;--- FAIL: TestNSMDRecoverNSE (213.45s)&#xA;FAIL&#xA;FAIL&#x9;github.com/networkservicemesh/networkservicemesh/test/integration&#x9;213.894s&#xA;FAIL&#xA;TestNSMDRecoverNSE: OnFail: running on fail script operations with KUBECONFIG=/Users/nispatil/go/src/github.com/cisco-app-networking/nsm_publish/networkservicemesh/.tests/cloud_test/single-cluster/shell/kind-1/config on cloud kind-1&#xA;make -i k8s-deconfig helm-delete k8s-terminating-cleanup k8s-delete-nsm-namespaces || true&#xA;helm uninstall config --namespace nsm-system || true&#xA;WARNING: Kubernetes configuration file is group-readable. This is insecure. Location: /Users/nispatil/go/src/github.com/cisco-app-networking/nsm_publish/networkservicemesh/.tests/cloud_test/single-cluster/shell/kind-1/config&#xA;WARNING: Kubernetes configuration file is world-readable. This is insecure. Location: /Users/nispatil/go/src/github.com/cisco-app-networking/nsm_publish/networkservicemesh/.tests/cloud_test/single-cluster/shell/kind-1/config&#xA;Error: uninstall: Release not loaded: config: release: not found&#xA;./scripts/helm-nsm-uninstall.sh --nsm_namespace nsm-system --all&#xA;&#xA;Helm version detected: v3.3.4&#xA;Cleaning up NSM&#xA;xargs: illegal option -- -&#xA;usage: xargs [-0opt] [-E eofstr] [-I replstr [-R replacements] [-S replsize]]&#xA;[-J replstr] [-L number] [-n number [-x]] [-P maxprocs]&#xA;[-s size] [utility [argument ...]]&#xA;WARNING: Kubernetes configuration file is group-readable. This is insecure. Location: /Users/nispatil/go/src/github.com/cisco-app-networking/nsm_publish/networkservicemesh/.tests/cloud_test/single-cluster/shell/kind-1/config&#xA;WARNING: Kubernetes configuration file is world-readable. This is insecure. Location: /Users/nispatil/go/src/github.com/cisco-app-networking/nsm_publish/networkservicemesh/.tests/cloud_test/single-cluster/shell/kind-1/config&#xA;make[1]: [helm-delete] Error 1 (ignored)&#xA;xargs: illegal option -- -&#xA;usage: xargs [-0opt] [-E eofstr] [-I replstr [-R replacements] [-S replsize]]&#xA;[-J replstr] [-L number] [-n number [-x]] [-P maxprocs]&#xA;[-s size] [utility [argument ...]]&#xA;No resources found in nsm-system namespace.&#xA;make[1]: [k8s-terminating-cleanup] Error 1 (ignored)&#xA;Running delete-nsm-namespaces script&#xA;NSM_NAMESPACE=nsm-system&#xA;Checking ns: default&#xA;Checking ns: kube-node-lease&#xA;Checking ns: kube-public&#xA;Checking ns: kube-system&#xA;Checking ns: local-path-storage&#xA;Checking ns: nsm-system&#xA;Deleting ns: nsm-system&#xA;warning: Immediate deletion does not wait for confirmation that the running resource has been terminated. The resource may continue to run on the cluster indefinitely.&#xA;No resources found&#xA;namespace &#34;nsm-system&#34; deleted&#xA;Checking ns: spire&#xA;make k8s-config &amp;&amp; echo &#34;Cluster reset successfull&#34;&#xA;namespace/nsm-system created&#xA;helm --namespace nsm-system install config deployments/helm/nsm/charts/config&#xA;WARNING: Kubernetes configuration file is group-readable. This is insecure. Location: /Users/nispatil/go/src/github.com/cisco-app-networking/nsm_publish/networkservicemesh/.tests/cloud_test/single-cluster/shell/kind-1/config&#xA;WARNING: Kubernetes configuration file is world-readable. This is insecure. Location: /Users/nispatil/go/src/github.com/cisco-app-networking/nsm_publish/networkservicemesh/.tests/cloud_test/single-cluster/shell/kind-1/config&#xA;NAME: config&#xA;LAST DEPLOYED: Tue Jun  8 19:55:12 2021&#xA;NAMESPACE: nsm-system&#xA;STATUS: deployed&#xA;REVISION: 1&#xA;TEST SUITE: None&#xA;Cluster reset successfull</failure>
                  </testcase>
                  <testcase classname="" name="TestDeleteDirtyNSEWithClient" time="236.23700156" cluster_instance="kind-1">
                      <failure message="Test execution failed TestDeleteDirtyNSEWithClient" type="ERROR">Execution attempt: 0 Output file: .tests/cloud_test/single-cluster/kind-1/027-TestDeleteDirtyNSEWithClient-run.log&#xA;Starting TestDeleteDirtyNSEWithClient on kind-1&#xA;Command line go test . -test.timeout 10m0s -count 1 --run &#34;^(TestDeleteDirtyNSEWithClient)$\\z&#34; --tags &#34;basic&#34; --test.v&#xA;env==[KUBECONFIG=/Users/nispatil/go/src/github.com/cisco-app-networking/nsm_publish/networkservicemesh/.tests/cloud_test/single-cluster/shell/kind-1/config ARTIFACTS_DIR=/Users/nispatil/go/src/github.com/cisco-app-networking/nsm_publish/networkservicemesh/.tests/cloud_test/single-cluster/kind-1/TestDeleteDirtyNSEWithClient]&#xA;&#xA;=== RUN   TestDeleteDirtyNSEWithClient&#xA;time=&#34;2021-06-08T19:58:50-07:00&#34; level=info msg=&#34;Running delete dirty NSE with client test&#34;&#xA;time=&#34;2021-06-08T19:58:50-07:00&#34; level=info msg=&#34;Using Kubeconfig: /Users/nispatil/go/src/github.com/cisco-app-networking/nsm_publish/networkservicemesh/.tests/cloud_test/single-cluster/shell/kind-1/config&#34;&#xA;time=&#34;2021-06-08T19:58:50-07:00&#34; level=info msg=&#34;FORWARDING_PLANE not set, using default forwarder - vpp&#34;&#xA;time=&#34;2021-06-08T19:58:50-07:00&#34; level=info msg=&#34;Creating artifact manager with config: &amp;{4 false /Users/nispatil/go/src/github.com/cisco-app-networking/nsm_publish/networkservicemesh/.tests/cloud_test/single-cluster/kind-1/TestDeleteDirtyNSEWithClient}&#34;&#xA;time=&#34;2021-06-08T19:58:50-07:00&#34; level=info msg=&#34;namespace nsm-system is created&#34;&#xA;time=&#34;2021-06-08T19:58:50-07:00&#34; level=info msg=&#34;USE_IPV6 not set, using default false&#34;&#xA;time=&#34;2021-06-08T19:58:50-07:00&#34; level=error msg=&#34;serviceaccounts \&#34;nsc-acc\&#34; not found&#34;&#xA;time=&#34;2021-06-08T19:58:50-07:00&#34; level=error msg=&#34;serviceaccounts \&#34;nse-acc\&#34; not found&#34;&#xA;time=&#34;2021-06-08T19:58:50-07:00&#34; level=error msg=&#34;serviceaccounts \&#34;nsmgr-acc\&#34; not found&#34;&#xA;time=&#34;2021-06-08T19:58:50-07:00&#34; level=error msg=&#34;serviceaccounts \&#34;nsmrs-acc\&#34; not found&#34;&#xA;time=&#34;2021-06-08T19:58:51-07:00&#34; level=error msg=&#34;serviceaccounts \&#34;forward-plane-acc\&#34; not found&#34;&#xA;time=&#34;2021-06-08T19:58:51-07:00&#34; level=error msg=&#34;serviceaccounts \&#34;crossconnect-monitor-acc\&#34; not found&#34;&#xA;time=&#34;2021-06-08T19:58:51-07:00&#34; level=error msg=&#34;serviceaccounts \&#34;proxy-nsmgr-acc\&#34; not found&#34;&#xA;time=&#34;2021-06-08T19:58:51-07:00&#34; level=info msg=&#34;Cleanup done: 801.15857ms&#34;&#xA;time=&#34;2021-06-08T19:58:51-07:00&#34; level=info msg=&#34;&amp;ServiceAccount{ObjectMeta:{default  nsm-system /api/v1/namespaces/nsm-system/serviceaccounts/default 164657e3-228b-406f-b610-7be62e3cc030 13402 0 2021-06-08 19:58:50 -0700 PDT &lt;nil&gt; &lt;nil&gt; map[] map[] [] []  []},Secrets:[]ObjectReference{ObjectReference{Kind:,Namespace:,Name:default-token-rrlxj,UID:,APIVersion:,ResourceVersion:,FieldPath:,},},ImagePullSecrets:[]LocalObjectReference{},AutomountServiceAccountToken:nil,}&#34;&#xA;I0608 19:58:52.761578   30791 request.go:621] Throttling request took 1.183507598s, request: POST:https://127.0.0.1:55081/api/v1/namespaces/nsm-system/serviceaccounts&#xA;time=&#34;2021-06-08T19:58:53-07:00&#34; level=info msg=&#34;&amp;ServiceAccount{ObjectMeta:{nsmgr-acc  nsm-system /api/v1/namespaces/nsm-system/serviceaccounts/nsmgr-acc 7348905a-d0ee-4749-a041-0b35743f46c8 13411 0 2021-06-08 19:58:51 -0700 PDT &lt;nil&gt; &lt;nil&gt; map[] map[] [] []  []},Secrets:[]ObjectReference{ObjectReference{Kind:,Namespace:,Name:nsmgr-acc-token-q7zcs,UID:,APIVersion:,ResourceVersion:,FieldPath:,},},ImagePullSecrets:[]LocalObjectReference{},AutomountServiceAccountToken:nil,}&#34;&#xA;time=&#34;2021-06-08T19:58:53-07:00&#34; level=info msg=&#34;&amp;ServiceAccount{ObjectMeta:{nsmrs-acc  nsm-system /api/v1/namespaces/nsm-system/serviceaccounts/nsmrs-acc 2516d6a8-d6b0-4077-a370-63b9ffef37f7 13414 0 2021-06-08 19:58:52 -0700 PDT &lt;nil&gt; &lt;nil&gt; map[] map[] [] []  []},Secrets:[]ObjectReference{ObjectReference{Kind:,Namespace:,Name:nsmrs-acc-token-xrkmv,UID:,APIVersion:,ResourceVersion:,FieldPath:,},},ImagePullSecrets:[]LocalObjectReference{},AutomountServiceAccountToken:nil,}&#34;&#xA;time=&#34;2021-06-08T19:58:53-07:00&#34; level=info msg=&#34;&amp;ServiceAccount{ObjectMeta:{proxy-nsmgr-acc  nsm-system /api/v1/namespaces/nsm-system/serviceaccounts/proxy-nsmgr-acc d212c393-6df6-4bb4-8092-6796ff31f171 13417 0 2021-06-08 19:58:52 -0700 PDT &lt;nil&gt; &lt;nil&gt; map[] map[] [] []  []},Secrets:[]ObjectReference{ObjectReference{Kind:,Namespace:,Name:proxy-nsmgr-acc-token-4pjt6,UID:,APIVersion:,ResourceVersion:,FieldPath:,},},ImagePullSecrets:[]LocalObjectReference{},AutomountServiceAccountToken:nil,}&#34;&#xA;time=&#34;2021-06-08T19:58:53-07:00&#34; level=info msg=&#34;&amp;ServiceAccount{ObjectMeta:{nse-acc  nsm-system /api/v1/namespaces/nsm-system/serviceaccounts/nse-acc ed8fe71c-1a2a-4635-8e5e-026a95e3d0e2 13420 0 2021-06-08 19:58:52 -0700 PDT &lt;nil&gt; &lt;nil&gt; map[] map[] [] []  []},Secrets:[]ObjectReference{ObjectReference{Kind:,Namespace:,Name:nse-acc-token-vhlb9,UID:,APIVersion:,ResourceVersion:,FieldPath:,},},ImagePullSecrets:[]LocalObjectReference{},AutomountServiceAccountToken:nil,}&#34;&#xA;time=&#34;2021-06-08T19:58:54-07:00&#34; level=info msg=&#34;&amp;ServiceAccount{ObjectMeta:{nsc-acc  nsm-system /api/v1/namespaces/nsm-system/serviceaccounts/nsc-acc 25e3a14a-037f-4faa-b4dd-101c00f99d2c 13423 0 2021-06-08 19:58:52 -0700 PDT &lt;nil&gt; &lt;nil&gt; map[] map[] [] []  []},Secrets:[]ObjectReference{ObjectReference{Kind:,Namespace:,Name:nsc-acc-token-dbjq6,UID:,APIVersion:,ResourceVersion:,FieldPath:,},},ImagePullSecrets:[]LocalObjectReference{},AutomountServiceAccountToken:nil,}&#34;&#xA;time=&#34;2021-06-08T19:58:54-07:00&#34; level=info msg=&#34;&amp;ServiceAccount{ObjectMeta:{forward-plane-acc  nsm-system /api/v1/namespaces/nsm-system/serviceaccounts/forward-plane-acc b38a0f9f-2be1-4897-858e-2afad066c9f6 13426 0 2021-06-08 19:58:52 -0700 PDT &lt;nil&gt; &lt;nil&gt; map[] map[] [] []  []},Secrets:[]ObjectReference{ObjectReference{Kind:,Namespace:,Name:forward-plane-acc-token-zhjgh,UID:,APIVersion:,ResourceVersion:,FieldPath:,},},ImagePullSecrets:[]LocalObjectReference{},AutomountServiceAccountToken:nil,}&#34;&#xA;time=&#34;2021-06-08T19:58:54-07:00&#34; level=info msg=&#34;&amp;ServiceAccount{ObjectMeta:{crossconnect-monitor-acc  nsm-system /api/v1/namespaces/nsm-system/serviceaccounts/crossconnect-monitor-acc 75fbcd74-aeb7-42f0-8459-a6b25996c58a 13429 0 2021-06-08 19:58:53 -0700 PDT &lt;nil&gt; &lt;nil&gt; map[] map[] [] []  []},Secrets:[]ObjectReference{ObjectReference{Kind:,Namespace:,Name:crossconnect-monitor-acc-token-gdqpz,UID:,APIVersion:,ResourceVersion:,FieldPath:,},},ImagePullSecrets:[]LocalObjectReference{},AutomountServiceAccountToken:nil,}&#34;&#xA;time=&#34;2021-06-08T19:58:54-07:00&#34; level=info msg=&#34;Creating ConfigMap &#39;nsm-config&#39; in namespace&#39;nsm-system&#39;...&#34;&#xA;time=&#34;2021-06-08T19:58:54-07:00&#34; level=info msg=&#34;Using image: containers.cisco.com/appn/prefix-service:vl3_latest&#34;&#xA;time=&#34;2021-06-08T19:58:54-07:00&#34; level=info msg=&#34;Using image: containers.cisco.com/appn/test-common:vl3_latest&#34;&#xA;time=&#34;2021-06-08T19:58:54-07:00&#34; level=info msg=&#34;role is created: &amp;ClusterRoleBinding{ObjectMeta:{nsm-role-binding      0 0001-01-01 00:00:00 +0000 UTC &lt;nil&gt; &lt;nil&gt; map[] map[] [] []  []},Subjects:[]Subject{Subject{Kind:ServiceAccount,APIGroup:,Name:nsmgr-acc,Namespace:nsm-system,},Subject{Kind:ServiceAccount,APIGroup:,Name:proxy-nsmgr-acc,Namespace:nsm-system,},Subject{Kind:ServiceAccount,APIGroup:,Name:crossconnect-monitor-acc,Namespace:nsm-system,},},RoleRef:RoleRef{APIGroup:rbac.authorization.k8s.io,Kind:ClusterRole,Name:nsm-role,},}&#34;&#xA;time=&#34;2021-06-08T19:58:54-07:00&#34; level=info msg=&#34;role is created: &amp;ClusterRole{ObjectMeta:{nsm-role  nsm-system    0 0001-01-01 00:00:00 +0000 UTC &lt;nil&gt; &lt;nil&gt; map[rbac.authorization.k8s.io/aggregate-to-admin:true rbac.authorization.k8s.io/aggregate-to-edit:true] map[] [] []  []},Rules:[]PolicyRule{PolicyRule{Verbs:[*],APIGroups:[networkservicemesh.io],Resources:[networkservices networkserviceendpoints networkservicemanagers],ResourceNames:[],NonResourceURLs:[],},PolicyRule{Verbs:[*],APIGroups:[apiextensions.k8s.io],Resources:[customresourcedefinitions],ResourceNames:[],NonResourceURLs:[],},PolicyRule{Verbs:[get update],APIGroups:[],Resources:[configmaps],ResourceNames:[],NonResourceURLs:[],},PolicyRule{Verbs:[get list watch],APIGroups:[],Resources:[nodes services namespaces],ResourceNames:[],NonResourceURLs:[],},},AggregationRule:nil,}&#34;&#xA;time=&#34;2021-06-08T19:58:54-07:00&#34; level=info msg=&#34;role is created: &amp;ClusterRole{ObjectMeta:{aggregate-network-services-view  nsm-system    0 0001-01-01 00:00:00 +0000 UTC &lt;nil&gt; &lt;nil&gt; map[rbac.authorization.k8s.io/aggregate-to-view:true] map[] [] []  []},Rules:[]PolicyRule{PolicyRule{Verbs:[get list watch],APIGroups:[networkservicemesh.io],Resources:[networkservices],ResourceNames:[],NonResourceURLs:[],},},AggregationRule:nil,}&#34;&#xA;time=&#34;2021-06-08T19:58:58-07:00&#34; level=info msg=&#34;Trying to establish connection with the spire provider at address:tcp://127.0.0.1:51180&#34;&#xA;time=&#34;2021-06-08T19:58:58-07:00&#34; level=info msg=&#34;Created the todo context:tcp://127.0.0.1:51180&#34;&#xA;time=&#34;2021-06-08T19:58:58-07:00&#34; level=info msg=&#34;Got x509:&amp;{0xc0002b0120 &lt;nil&gt; {{0 0} 0 0 0 0} 0xc000544a50 0xc0008afe20 {{0 0} 0 0 0 0} false} &lt;nil&gt;&#34;&#xA;time=&#34;2021-06-08T19:58:58-07:00&#34; level=info msg=&#34;Started goroutine&#34;&#xA;time=&#34;2021-06-08T19:58:58-07:00&#34; level=info msg=&#34;Returning provider&#34;&#xA;time=&#34;2021-06-08T19:58:58-07:00&#34; level=info msg=&#34;Issued identity:spiffe://test.com/nsmgr&#34;&#xA;time=&#34;2021-06-08T19:58:58-07:00&#34; level=info msg=&#34;Checking node: kind-1-control-plane&#34;&#xA;time=&#34;2021-06-08T19:58:58-07:00&#34; level=info msg=&#34;Checking node: kind-1-worker&#34;&#xA;time=&#34;2021-06-08T19:58:58-07:00&#34; level=info msg=&#34;Checking node: kind-1-worker2&#34;&#xA;time=&#34;2021-06-08T19:58:58-07:00&#34; level=info msg=&#34;Using image: jaegertracing/all-in-one:1.14.0&#34;&#xA;time=&#34;2021-06-08T19:59:00-07:00&#34; level=info msg=&#34;getting logs without container jaeger=none&#34;&#xA;time=&#34;2021-06-08T19:59:00-07:00&#34; level=info msg=&#34;Using image: containers.cisco.com/appn/nsmdp:vl3_latest&#34;&#xA;time=&#34;2021-06-08T19:59:00-07:00&#34; level=info msg=&#34;Using image: containers.cisco.com/appn/nsmd:vl3_latest&#34;&#xA;time=&#34;2021-06-08T19:59:00-07:00&#34; level=info msg=&#34;Using image: containers.cisco.com/appn/nsmd-k8s:vl3_latest&#34;&#xA;time=&#34;2021-06-08T19:59:00-07:00&#34; level=info msg=&#34;Using image: containers.cisco.com/appn/vppagent-forwarder:vl3_latest&#34;&#xA;time=&#34;2021-06-08T19:59:12-07:00&#34; level=info msg=&#34;Started NSMgr/Forwarder: 12.232061766s on node kind-1-worker&#34;&#xA;time=&#34;2021-06-08T19:59:12-07:00&#34; level=info msg=&#34;Using image: containers.cisco.com/appn/test-common:vl3_latest&#34;&#xA;time=&#34;2021-06-08T19:59:12-07:00&#34; level=info msg=&#34;Starting dirty NSE on node: kind-1-worker&#34;&#xA;time=&#34;2021-06-08T19:59:17-07:00&#34; level=info msg=&#34;Dirty NSE dirty-icmp-responder-nse started done: 5.174687373s&#34;&#xA;time=&#34;2021-06-08T19:59:17-07:00&#34; level=info msg=&#34;Starting NSC nsc-1 on node: kind-1-worker&#34;&#xA;time=&#34;2021-06-08T20:00:48-07:00&#34; level=info msg=&#34;Pod deploy half time passed: nsc-1&#34;&#xA;time=&#34;2021-06-08T20:02:18-07:00&#34; level=error msg=&#34;createAndBlock with pods: nsc-1 Timeout in waitTimeout&#34;&#xA;time=&#34;2021-06-08T20:02:18-07:00&#34; level=error msg=&#34;Failed to deploy pod, trying to get any information&#34;&#xA;time=&#34;2021-06-08T20:02:18-07:00&#34; level=error msg=&#34;blockUntilPodReady failed. Cause: Timeout during waiting for pod change status for pod nsc-1 [{Initialized False 0001-01-01 00:00:00 +0000 UTC 2021-06-08 19:59:18 -0700 PDT ContainersNotInitialized containers with incomplete status: [nsm-init]} {Ready False 0001-01-01 00:00:00 +0000 UTC 2021-06-08 19:59:18 -0700 PDT ContainersNotReady containers with unready status: [alpine-img]} {ContainersReady False 0001-01-01 00:00:00 +0000 UTC 2021-06-08 19:59:18 -0700 PDT ContainersNotReady containers with unready status: [alpine-img]} {PodScheduled True 0001-01-01 00:00:00 +0000 UTC 2021-06-08 19:59:18 -0700 PDT  }] status:  pod: nsc-1&#34;&#xA;time=&#34;2021-06-08T20:02:18-07:00&#34; level=info msg=&#34;Pod container information: nsc-1&#34;&#xA;time=&#34;2021-06-08T20:02:18-07:00&#34; level=info msg=&#34;Pod nsc-1 event: {\&#34;metadata\&#34;:{\&#34;name\&#34;:\&#34;nsc-1.1686caacb5d69948\&#34;,\&#34;namespace\&#34;:\&#34;nsm-system\&#34;,\&#34;selfLink\&#34;:\&#34;/api/v1/namespaces/nsm-system/events/nsc-1.1686caacb5d69948\&#34;,\&#34;uid\&#34;:\&#34;9f49f508-5929-46ba-8f0b-991955c5bdfd\&#34;,\&#34;resourceVersion\&#34;:\&#34;13583\&#34;,\&#34;creationTimestamp\&#34;:\&#34;2021-06-09T02:59:18Z\&#34;},\&#34;involvedObject\&#34;:{\&#34;kind\&#34;:\&#34;Pod\&#34;,\&#34;namespace\&#34;:\&#34;nsm-system\&#34;,\&#34;name\&#34;:\&#34;nsc-1\&#34;,\&#34;uid\&#34;:\&#34;4bdcb7e3-ad46-4913-bc38-6d4a641a9c9a\&#34;,\&#34;apiVersion\&#34;:\&#34;v1\&#34;,\&#34;resourceVersion\&#34;:\&#34;13578\&#34;,\&#34;fieldPath\&#34;:\&#34;spec.initContainers{nsm-init}\&#34;},\&#34;reason\&#34;:\&#34;Started\&#34;,\&#34;message\&#34;:\&#34;Started container nsm-init\&#34;,\&#34;source\&#34;:{\&#34;component\&#34;:\&#34;kubelet\&#34;,\&#34;host\&#34;:\&#34;kind-1-worker\&#34;},\&#34;firstTimestamp\&#34;:\&#34;2021-06-09T02:59:18Z\&#34;,\&#34;lastTimestamp\&#34;:\&#34;2021-06-09T02:59:18Z\&#34;,\&#34;count\&#34;:1,\&#34;type\&#34;:\&#34;Normal\&#34;,\&#34;eventTime\&#34;:null,\&#34;reportingComponent\&#34;:\&#34;\&#34;,\&#34;reportingInstance\&#34;:\&#34;\&#34;}&#34;&#xA;time=&#34;2021-06-08T20:02:18-07:00&#34; level=info msg=&#34;Pod nsc-1 event: {\&#34;metadata\&#34;:{\&#34;name\&#34;:\&#34;nsc-1.1686caacb0db1dd8\&#34;,\&#34;namespace\&#34;:\&#34;nsm-system\&#34;,\&#34;selfLink\&#34;:\&#34;/api/v1/namespaces/nsm-system/events/nsc-1.1686caacb0db1dd8\&#34;,\&#34;uid\&#34;:\&#34;4149acec-5101-4945-9705-a83c08f830f1\&#34;,\&#34;resourceVersion\&#34;:\&#34;13582\&#34;,\&#34;creationTimestamp\&#34;:\&#34;2021-06-09T02:59:18Z\&#34;},\&#34;involvedObject\&#34;:{\&#34;kind\&#34;:\&#34;Pod\&#34;,\&#34;namespace\&#34;:\&#34;nsm-system\&#34;,\&#34;name\&#34;:\&#34;nsc-1\&#34;,\&#34;uid\&#34;:\&#34;4bdcb7e3-ad46-4913-bc38-6d4a641a9c9a\&#34;,\&#34;apiVersion\&#34;:\&#34;v1\&#34;,\&#34;resourceVersion\&#34;:\&#34;13578\&#34;,\&#34;fieldPath\&#34;:\&#34;spec.initContainers{nsm-init}\&#34;},\&#34;reason\&#34;:\&#34;Created\&#34;,\&#34;message\&#34;:\&#34;Created container nsm-init\&#34;,\&#34;source\&#34;:{\&#34;component\&#34;:\&#34;kubelet\&#34;,\&#34;host\&#34;:\&#34;kind-1-worker\&#34;},\&#34;firstTimestamp\&#34;:\&#34;2021-06-09T02:59:18Z\&#34;,\&#34;lastTimestamp\&#34;:\&#34;2021-06-09T02:59:18Z\&#34;,\&#34;count\&#34;:1,\&#34;type\&#34;:\&#34;Normal\&#34;,\&#34;eventTime\&#34;:null,\&#34;reportingComponent\&#34;:\&#34;\&#34;,\&#34;reportingInstance\&#34;:\&#34;\&#34;}&#34;&#xA;time=&#34;2021-06-08T20:02:18-07:00&#34; level=info msg=&#34;Pod nsc-1 event: {\&#34;metadata\&#34;:{\&#34;name\&#34;:\&#34;nsc-1.1686caacaf2d954c\&#34;,\&#34;namespace\&#34;:\&#34;nsm-system\&#34;,\&#34;selfLink\&#34;:\&#34;/api/v1/namespaces/nsm-system/events/nsc-1.1686caacaf2d954c\&#34;,\&#34;uid\&#34;:\&#34;593c4798-9f02-475c-bce7-d9f0b9b64e68\&#34;,\&#34;resourceVersion\&#34;:\&#34;13581\&#34;,\&#34;creationTimestamp\&#34;:\&#34;2021-06-09T02:59:18Z\&#34;},\&#34;involvedObject\&#34;:{\&#34;kind\&#34;:\&#34;Pod\&#34;,\&#34;namespace\&#34;:\&#34;nsm-system\&#34;,\&#34;name\&#34;:\&#34;nsc-1\&#34;,\&#34;uid\&#34;:\&#34;4bdcb7e3-ad46-4913-bc38-6d4a641a9c9a\&#34;,\&#34;apiVersion\&#34;:\&#34;v1\&#34;,\&#34;resourceVersion\&#34;:\&#34;13578\&#34;,\&#34;fieldPath\&#34;:\&#34;spec.initContainers{nsm-init}\&#34;},\&#34;reason\&#34;:\&#34;Pulled\&#34;,\&#34;message\&#34;:\&#34;Container image \\\&#34;containers.cisco.com/appn/nsm-init:vl3_latest\\\&#34; already present on machine\&#34;,\&#34;source\&#34;:{\&#34;component\&#34;:\&#34;kubelet\&#34;,\&#34;host\&#34;:\&#34;kind-1-worker\&#34;},\&#34;firstTimestamp\&#34;:\&#34;2021-06-09T02:59:18Z\&#34;,\&#34;lastTimestamp\&#34;:\&#34;2021-06-09T02:59:18Z\&#34;,\&#34;count\&#34;:1,\&#34;type\&#34;:\&#34;Normal\&#34;,\&#34;eventTime\&#34;:null,\&#34;reportingComponent\&#34;:\&#34;\&#34;,\&#34;reportingInstance\&#34;:\&#34;\&#34;}&#34;&#xA;time=&#34;2021-06-08T20:02:18-07:00&#34; level=info msg=&#34;Pod nsc-1 event: {\&#34;metadata\&#34;:{\&#34;name\&#34;:\&#34;nsc-1.1686caac8fa37e1c\&#34;,\&#34;namespace\&#34;:\&#34;nsm-system\&#34;,\&#34;selfLink\&#34;:\&#34;/api/v1/namespaces/nsm-system/events/nsc-1.1686caac8fa37e1c\&#34;,\&#34;uid\&#34;:\&#34;24171943-9b0f-4f22-8b80-2c2f63087e51\&#34;,\&#34;resourceVersion\&#34;:\&#34;13579\&#34;,\&#34;creationTimestamp\&#34;:\&#34;2021-06-09T02:59:18Z\&#34;},\&#34;involvedObject\&#34;:{\&#34;kind\&#34;:\&#34;Pod\&#34;,\&#34;namespace\&#34;:\&#34;nsm-system\&#34;,\&#34;name\&#34;:\&#34;nsc-1\&#34;,\&#34;uid\&#34;:\&#34;4bdcb7e3-ad46-4913-bc38-6d4a641a9c9a\&#34;,\&#34;apiVersion\&#34;:\&#34;v1\&#34;,\&#34;resourceVersion\&#34;:\&#34;13577\&#34;},\&#34;reason\&#34;:\&#34;Scheduled\&#34;,\&#34;message\&#34;:\&#34;Successfully assigned nsm-system/nsc-1 to kind-1-worker\&#34;,\&#34;source\&#34;:{\&#34;component\&#34;:\&#34;default-scheduler\&#34;},\&#34;firstTimestamp\&#34;:\&#34;2021-06-09T02:59:18Z\&#34;,\&#34;lastTimestamp\&#34;:\&#34;2021-06-09T02:59:18Z\&#34;,\&#34;count\&#34;:1,\&#34;type\&#34;:\&#34;Normal\&#34;,\&#34;eventTime\&#34;:null,\&#34;reportingComponent\&#34;:\&#34;\&#34;,\&#34;reportingInstance\&#34;:\&#34;\&#34;}&#34;&#xA;time=&#34;2021-06-08T20:02:18-07:00&#34; level=info msg=&#34;Pod nsc-1: container: nsm-init status: false: Logs: time=\&#34;2021-06-09T02:59:18Z\&#34; level=info msg=\&#34;Starting nsm-init...\&#34;\ntime=\&#34;2021-06-09T02:59:18Z\&#34; level=info msg=\&#34;Version: v1.0.1-rc.2-1-g9262b77b\&#34;\ntime=\&#34;2021-06-09T02:59:18Z\&#34; level=info msg=\&#34;All env variables:\&#34;\ntime=\&#34;2021-06-09T02:59:18Z\&#34; level=info msg=\&#34;KUBERNETES_SERVICE_PORT=443\&#34;\ntime=\&#34;2021-06-09T02:59:18Z\&#34; level=info msg=\&#34;KUBERNETES_PORT=tcp://10.96.0.1:443\&#34;\ntime=\&#34;2021-06-09T02:59:18Z\&#34; level=info msg=\&#34;GRPC_GO_LOG_VERBOSITY_LEVEL=99\&#34;\ntime=\&#34;2021-06-09T02:59:18Z\&#34; level=info msg=\&#34;HOSTNAME=nsc-1\&#34;\ntime=\&#34;2021-06-09T02:59:18Z\&#34; level=info msg=\&#34;GRPC_GO_LOG_SEVERITY_LEVEL=info\&#34;\ntime=\&#34;2021-06-09T02:59:18Z\&#34; level=info msg=\&#34;SHLVL=1\&#34;\ntime=\&#34;2021-06-09T02:59:18Z\&#34; level=info msg=\&#34;NSM_CLIENT_SOCKET=/var/lib/networkservicemesh/nsm.client.io.sock\&#34;\ntime=\&#34;2021-06-09T02:59:18Z\&#34; level=info msg=\&#34;HOME=/root\&#34;\ntime=\&#34;2021-06-09T02:59:18Z\&#34; level=info msg=\&#34;WORKSPACE=/var/lib/networkservicemesh/\&#34;\ntime=\&#34;2021-06-09T02:59:18Z\&#34; level=info msg=\&#34;KUBERNETES_PORT_443_TCP_ADDR=10.96.0.1\&#34;\ntime=\&#34;2021-06-09T02:59:18Z\&#34; level=info msg=\&#34;PATH=/usr/local/sbin:/usr/local/bin:/usr/sbin:/usr/bin:/sbin:/bin\&#34;\ntime=\&#34;2021-06-09T02:59:18Z\&#34; level=info msg=\&#34;CLIENT_LABELS=app=icmp\&#34;\ntime=\&#34;2021-06-09T02:59:18Z\&#34; level=info msg=\&#34;KUBERNETES_PORT_443_TCP_PORT=443\&#34;\ntime=\&#34;2021-06-09T02:59:18Z\&#34; level=info msg=\&#34;CLIENT_NETWORK_SERVICE=icmp-responder\&#34;\ntime=\&#34;2021-06-09T02:59:18Z\&#34; level=info msg=\&#34;KUBERNETES_PORT_443_TCP_PROTO=tcp\&#34;\ntime=\&#34;2021-06-09T02:59:18Z\&#34; level=info msg=\&#34;ENTRY=nsm-init\&#34;\ntime=\&#34;2021-06-09T02:59:18Z\&#34; level=info msg=\&#34;NSM_SERVER_SOCKET=/var/lib/networkservicemesh/nsm.server.io.sock\&#34;\ntime=\&#34;2021-06-09T02:59:18Z\&#34; level=info msg=\&#34;KUBERNETES_SERVICE_PORT_HTTPS=443\&#34;\ntime=\&#34;2021-06-09T02:59:18Z\&#34; level=info msg=\&#34;KUBERNETES_PORT_443_TCP=tcp://10.96.0.1:443\&#34;\ntime=\&#34;2021-06-09T02:59:18Z\&#34; level=info msg=\&#34;KUBERNETES_SERVICE_HOST=10.96.0.1\&#34;\ntime=\&#34;2021-06-09T02:59:18Z\&#34; level=info msg=\&#34;PWD=/\&#34;\ntime=\&#34;2021-06-09T02:59:18Z\&#34; level=info msg=\&#34;NSM_DEVICE_PLUGIN=true\&#34;\ntime=\&#34;2021-06-09T02:59:18Z\&#34; level=info msg=\&#34;nsmServerSocket: /var/lib/networkservicemesh/nsm.server.io.sock\&#34;\ntime=\&#34;2021-06-09T02:59:18Z\&#34; level=info msg=\&#34;nsmClientSocket: /var/lib/networkservicemesh/nsm.client.io.sock\&#34;\ntime=\&#34;2021-06-09T02:59:18Z\&#34; level=info msg=\&#34;workspace: /var/lib/networkservicemesh/\&#34;\ntime=\&#34;2021-06-09T02:59:18Z\&#34; level=info msg=\&#34;ENDPOINT_NETWORK_SERVICE not found.\&#34;\ntime=\&#34;2021-06-09T02:59:18Z\&#34; level=info msg=\&#34;Outgoing Network Service Name: icmp-responder\&#34;\ntime=\&#34;2021-06-09T02:59:18Z\&#34; level=info msg=\&#34;ENDPOINT_LABELS not found.\&#34;\ntime=\&#34;2021-06-09T02:59:18Z\&#34; level=info msg=\&#34;Outgoing labels: app=icmp\&#34;\ntime=\&#34;2021-06-09T02:59:18Z\&#34; level=info msg=\&#34;NSC_INTERFACE_NAME not found.\&#34;\ntime=\&#34;2021-06-09T02:59:18Z\&#34; level=info msg=\&#34;MECHANISM_TYPE not found.\&#34;\ntime=\&#34;2021-06-09T02:59:18Z\&#34; level=info msg=\&#34;IP_ADDRESS not found.\&#34;\ntime=\&#34;2021-06-09T02:59:18Z\&#34; level=info msg=\&#34;POD_NAME not found.\&#34;\ntime=\&#34;2021-06-09T02:59:18Z\&#34; level=info msg=\&#34;NSM_NAMESPACE not found.\&#34;\ntime=\&#34;2021-06-09T02:59:18Z\&#34; level=info msg=\&#34;ROUTES not found.\&#34;\ntime=\&#34;2021-06-09T02:59:18Z\&#34; level=info msg=\&#34;Creating logger from config: &amp;{nsm-init@nsc-1 false false [] 0xc0000c4cc0 0xc00022b880 &lt;nil&gt; &lt;nil&gt; &lt;nil&gt;}\&#34;\n2021/06/09 02:59:18 debug logging disabled\n2021/06/09 02:59:18 Initializing logging reporter\n2021/06/09 02:59:18 debug logging disabled\ntime=\&#34;2021-06-09T02:59:18Z\&#34; level=info msg=\&#34;==--&gt; RequestNetworkService() span:754c4f3f34f8fd71:754c4f3f34f8fd71:0000000000000000:1\&#34;\ntime=\&#34;2021-06-09T02:59:18Z\&#34; level=info msg=\&#34;ENDPOINT_NETWORK_SERVICE not found.\&#34;\ntime=\&#34;2021-06-09T02:59:18Z\&#34; level=info msg=\&#34;ENDPOINT_LABELS not found.\&#34;\ntime=\&#34;2021-06-09T02:59:18Z\&#34; level=info msg=\&#34;NSC_INTERFACE_NAME not found.\&#34;\ntime=\&#34;2021-06-09T02:59:18Z\&#34; level=info msg=\&#34;MECHANISM_TYPE not found.\&#34;\ntime=\&#34;2021-06-09T02:59:18Z\&#34; level=info msg=\&#34;IP_ADDRESS not found.\&#34;\ntime=\&#34;2021-06-09T02:59:18Z\&#34; level=info msg=\&#34;POD_NAME not found.\&#34;\ntime=\&#34;2021-06-09T02:59:18Z\&#34; level=info msg=\&#34;NSM_NAMESPACE not found.\&#34;\ntime=\&#34;2021-06-09T02:59:18Z\&#34; level=info msg=\&#34;ROUTES not found.\&#34;\ntime=\&#34;2021-06-09T02:59:18Z\&#34; level=info msg=\&#34;NSM_NAMESPACE not found.\&#34;\ntime=\&#34;2021-06-09T02:59:18Z\&#34; level=warning msg=\&#34;global opentracer is already initialized\&#34;\ntime=\&#34;2021-06-09T02:59:18Z\&#34; level=info msg=\&#34;Creating logger from config: &amp;{nsm-client@nsc-1 false false [] 0xc0003122a0 0xc000356540 &lt;nil&gt; &lt;nil&gt; &lt;nil&gt;}\&#34;\n2021/06/09 02:59:18 debug logging disabled\n2021/06/09 02:59:18 Initializing logging reporter\n2021/06/09 02:59:18 debug logging disabled\ntime=\&#34;2021-06-09T02:59:18Z\&#34; level=info msg=\&#34;Trying to establish connection to target: /var/lib/networkservicemesh/nsm.server.io.sock\&#34;\ntime=\&#34;2021-06-09T02:59:18Z\&#34; level=info msg=\&#34;readDialConfig insecure: false\&#34;\ntime=\&#34;2021-06-09T02:59:18Z\&#34; level=info msg=\&#34;Trying to establish connection with the spire provider at address:unix:///run/spire/sockets/agent.sock\&#34;\ntime=\&#34;2021-06-09T02:59:18Z\&#34; level=info msg=\&#34;Created the todo context:unix:///run/spire/sockets/agent.sock\&#34;\nINFO: 2021/06/09 02:59:18 [core] parsed scheme: \&#34;unix\&#34;\nINFO: 2021/06/09 02:59:18 [core] ccResolverWrapper: sending update to cc: {[{/run/spire/sockets/agent.sock  0xc0003180d0 0 &lt;nil&gt;}] &lt;nil&gt; &lt;nil&gt;}\nINFO: 2021/06/09 02:59:18 [core] ClientConn switching balancer to \&#34;pick_first\&#34;\nINFO: 2021/06/09 02:59:18 [core] Channel switches to new LB policy \&#34;pick_first\&#34;\nINFO: 2021/06/09 02:59:18 [core] Subchannel Connectivity change to CONNECTING\nINFO: 2021/06/09 02:59:18 [core] blockingPicker: the picked transport is not ready, loop back to repick\nINFO: 2021/06/09 02:59:18 [core] pickfirstBalancer: UpdateSubConnState: 0xc000315040, {CONNECTING &lt;nil&gt;}\nINFO: 2021/06/09 02:59:18 [core] Channel Connectivity change to CONNECTING\nINFO: 2021/06/09 02:59:18 [core] Subchannel picks a new address \&#34;/run/spire/sockets/agent.sock\&#34; to connect\nINFO: 2021/06/09 02:59:18 [core] Subchannel Connectivity change to READY\nINFO: 2021/06/09 02:59:18 [core] pickfirstBalancer: UpdateSubConnState: 0xc000315040, {READY &lt;nil&gt;}\nINFO: 2021/06/09 02:59:18 [core] Channel Connectivity change to READY\ntime=\&#34;2021-06-09T02:59:19Z\&#34; level=info msg=\&#34;Got x509:&amp;{0xc0003301b0 &lt;nil&gt; {{0 0} 0 0 0 0} 0xc000422a00 0xc00049e080 {{0 0} 0 0 0 0} false} &lt;nil&gt;\&#34;\ntime=\&#34;2021-06-09T02:59:19Z\&#34; level=info msg=\&#34;Started goroutine\&#34;\ntime=\&#34;2021-06-09T02:59:19Z\&#34; level=info msg=\&#34;Returning provider\&#34;\ntime=\&#34;2021-06-09T02:59:19Z\&#34; level=info msg=\&#34;func insecure: false, env insecure: false\&#34;\ntime=\&#34;2021-06-09T02:59:19Z\&#34; level=info msg=\&#34;Issued identity:spiffe://test.com/nsc\&#34;\ntime=\&#34;2021-06-09T02:59:19Z\&#34; level=info msg=\&#34;Connecting to the workload api at:unix:///run/spire/sockets/agent.sock\&#34;\nINFO: 2021/06/09 02:59:19 [core] parsed scheme: \&#34;unix\&#34;\nINFO: 2021/06/09 02:59:19 [core] ccResolverWrapper: sending update to cc: {[{/run/spire/sockets/agent.sock  0xc00000e050 0 &lt;nil&gt;}] &lt;nil&gt; &lt;nil&gt;}\nINFO: 2021/06/09 02:59:19 [core] ClientConn switching balancer to \&#34;pick_first\&#34;\nINFO: 2021/06/09 02:59:19 [core] Channel switches to new LB policy \&#34;pick_first\&#34;\nINFO: 2021/06/09 02:59:19 [core] Subchannel Connectivity change to CONNECTING\nINFO: 2021/06/09 02:59:19 [core] blockingPicker: the picked transport is not ready, loop back to repick\nINFO: 2021/06/09 02:59:19 [core] Subchannel picks a new address \&#34;/run/spire/sockets/agent.sock\&#34; to connect\nINFO: 2021/06/09 02:59:19 [core] pickfirstBalancer: UpdateSubConnState: 0xc000030430, {CONNECTING &lt;nil&gt;}\nINFO: 2021/06/09 02:59:19 [core] Channel Connectivity change to CONNECTING\nINFO: 2021/06/09 02:59:19 [core] Subchannel Connectivity change to READY\nINFO: 2021/06/09 02:59:19 [core] pickfirstBalancer: UpdateSubConnState: 0xc000030430, {READY &lt;nil&gt;}\nINFO: 2021/06/09 02:59:19 [core] Channel Connectivity change to READY\nINFO: 2021/06/09 02:59:19 [core] Channel Connectivity change to SHUTDOWN\nINFO: 2021/06/09 02:59:19 [core] Subchannel Connectivity change to SHUTDOWN\ntime=\&#34;2021-06-09T02:59:19Z\&#34; level=info msg=\&#34;Successfully retrieve bundles:&amp;{{{0 0} 0 0 0 0} map[{test.com}:0xc000410780]}\&#34;\ntime=\&#34;2021-06-09T02:59:19Z\&#34; level=info msg=\&#34;defaultTrustDomain:test.com\&#34;\ntime=\&#34;2021-06-09T02:59:19Z\&#34; level=info msg=\&#34;AUTHORIZING ALL CLIENTS\&#34;\ntime=\&#34;2021-06-09T02:59:19Z\&#34; level=info msg=\&#34;Fetch tlsConfig for Trust Domain: test.com\&#34;\ntime=\&#34;2021-06-09T02:59:19Z\&#34; level=info msg=\&#34;Found 1 tlsconfigs.\&#34;\nINFO: 2021/06/09 02:59:19 [core] parsed scheme: \&#34;\&#34;\nINFO: 2021/06/09 02:59:19 [core] scheme \&#34;\&#34; not registered, fallback to default scheme\nINFO: 2021/06/09 02:59:19 [core] ccResolverWrapper: sending update to cc: {[{/var/lib/networkservicemesh/nsm.server.io.sock  &lt;nil&gt; 0 &lt;nil&gt;}] &lt;nil&gt; &lt;nil&gt;}\nINFO: 2021/06/09 02:59:19 [core] ClientConn switching balancer to \&#34;pick_first\&#34;\nINFO: 2021/06/09 02:59:19 [core] Channel switches to new LB policy \&#34;pick_first\&#34;\nINFO: 2021/06/09 02:59:19 [core] Subchannel Connectivity change to CONNECTING\nINFO: 2021/06/09 02:59:19 [core] Subchannel picks a new address \&#34;/var/lib/networkservicemesh/nsm.server.io.sock\&#34; to connect\nINFO: 2021/06/09 02:59:19 [transport] transport: loopyWriter.run returning. connection error: desc = \&#34;transport is closing\&#34;\nINFO: 2021/06/09 02:59:19 [core] pickfirstBalancer: UpdateSubConnState: 0xc0004a6890, {CONNECTING &lt;nil&gt;}\nINFO: 2021/06/09 02:59:19 [core] Channel Connectivity change to CONNECTING\nINFO: 2021/06/09 02:59:19 [core] Subchannel Connectivity change to READY\nINFO: 2021/06/09 02:59:19 [core] pickfirstBalancer: UpdateSubConnState: 0xc0004a6890, {READY &lt;nil&gt;}\nINFO: 2021/06/09 02:59:19 [core] Channel Connectivity change to READY\ntime=\&#34;2021-06-09T02:59:19Z\&#34; level=info msg=\&#34;Found the right tls certificate:&amp;{&lt;nil&gt; &lt;nil&gt; [] map[] &lt;nil&gt; 0x946a40 &lt;nil&gt; 0x946ac0 &lt;nil&gt; &lt;nil&gt; []  NoClientCert &lt;nil&gt; true [] false false [0 0 0 0 0 0 0 0 0 0 0 0 0 0 0 0 0 0 0 0 0 0 0 0 0 0 0 0 0 0 0 0] &lt;nil&gt; 0 0 [] false 0 &lt;nil&gt; {{0 0} 0 0 0 0} [] []}\&#34;\nINFO: 2021/06/09 02:59:20 [core] Channel Connectivity change to SHUTDOWN\nINFO: 2021/06/09 02:59:20 [core] Subchannel Connectivity change to SHUTDOWN\nINFO: 2021/06/09 02:59:20 [transport] transport: loopyWriter.run returning. connection error: desc = \&#34;transport is closing\&#34;\ntime=\&#34;2021-06-09T02:59:20Z\&#34; level=info msg=\&#34;Trying to establish connection using tlsConfig:&amp;{&lt;nil&gt; &lt;nil&gt; [] map[] &lt;nil&gt; 0x946a40 &lt;nil&gt; 0x946ac0 &lt;nil&gt; &lt;nil&gt; []  NoClientCert &lt;nil&gt; true [] false false [0 0 0 0 0 0 0 0 0 0 0 0 0 0 0 0 0 0 0 0 0 0 0 0 0 0 0 0 0 0 0 0] &lt;nil&gt; 0 0 [] false 0 &lt;nil&gt; {{0 0} 0 0 0 0} [] []}\&#34;\nINFO: 2021/06/09 02:59:20 [core] parsed scheme: \&#34;\&#34;\nINFO: 2021/06/09 02:59:20 [core] scheme \&#34;\&#34; not registered, fallback to default scheme\nINFO: 2021/06/09 02:59:20 [core] ccResolverWrapper: sending update to cc: {[{/var/lib/networkservicemesh/nsm.server.io.sock  &lt;nil&gt; 0 &lt;nil&gt;}] &lt;nil&gt; &lt;nil&gt;}\nINFO: 2021/06/09 02:59:20 [core] ClientConn switching balancer to \&#34;pick_first\&#34;\nINFO: 2021/06/09 02:59:20 [core] Channel switches to new LB policy \&#34;pick_first\&#34;\nINFO: 2021/06/09 02:59:20 [core] Subchannel Connectivity change to CONNECTING\nINFO: 2021/06/09 02:59:20 [core] Subchannel picks a new address \&#34;/var/lib/networkservicemesh/nsm.server.io.sock\&#34; to connect\nINFO: 2021/06/09 02:59:20 [core] pickfirstBalancer: UpdateSubConnState: 0xc000030a50, {CONNECTING &lt;nil&gt;}\nINFO: 2021/06/09 02:59:20 [core] Channel Connectivity change to CONNECTING\nINFO: 2021/06/09 02:59:20 [core] Subchannel Connectivity change to READY\nINFO: 2021/06/09 02:59:20 [core] pickfirstBalancer: UpdateSubConnState: 0xc000030a50, {READY &lt;nil&gt;}\nINFO: 2021/06/09 02:59:20 [core] Channel Connectivity change to READY\ntime=\&#34;2021-06-09T02:59:20Z\&#34; level=info msg=\&#34;nsm: connection to nsm server on socket: /var/lib/networkservicemesh/nsm.server.io.sock succeeded.\&#34;\ntime=\&#34;2021-06-09T02:59:20Z\&#34; level=info msg=\&#34;==----&gt; nsmClient.Connect() span:754c4f3f34f8fd71:2fa05438b1388b7f:754c4f3f34f8fd71:1\&#34;\ntime=\&#34;2021-06-09T02:59:20Z\&#34; level=info msg=\&#34;Initiating an outgoing connection.\&#34; description=\&#34;Primary interface\&#34; destEndpointManager= destEndpointName= mechanism=KERNEL_INTERFACE mechanismName=nsm0 operation=nsmClient.Connect remoteIp= span=\&#34;754c4f3f34f8fd71:2fa05438b1388b7f:754c4f3f34f8fd71:1\&#34;\ntime=\&#34;2021-06-09T02:59:20Z\&#34; level=info msg=\&#34;Initiating an outgoing connection.\&#34; operation=nsmClient.Connect span=\&#34;754c4f3f34f8fd71:2fa05438b1388b7f:754c4f3f34f8fd71:1\&#34;\ntime=\&#34;2021-06-09T02:59:20Z\&#34; level=info msg=\&#34;&gt;&gt;&lt;&lt;---- Selected mechanism={\\\&#34;cls\\\&#34;:\\\&#34;LOCAL\\\&#34;,\\\&#34;type\\\&#34;:\\\&#34;KERNEL_INTERFACE\\\&#34;,\\\&#34;parameters\\\&#34;:{\\\&#34;description\\\&#34;:\\\&#34;Primary interface\\\&#34;,\\\&#34;name\\\&#34;:\\\&#34;nsm0\\\&#34;,\\\&#34;netnsInode\\\&#34;:\\\&#34;4026533452\\\&#34;,\\\&#34;socketfile\\\&#34;:\\\&#34;nsm0/memif.sock\\\&#34;}} span=754c4f3f34f8fd71:2fa05438b1388b7f:754c4f3f34f8fd71:1\&#34;\ntime=\&#34;2021-06-09T02:59:20Z\&#34; level=info msg=\&#34;==------&gt; nsmClient.Connect.attempt:0() span:754c4f3f34f8fd71:1521331262c25ae8:2fa05438b1388b7f:1\&#34;\ntime=\&#34;2021-06-09T02:59:20Z\&#34; level=info msg=\&#34;Requesting connection:&lt;network_service:\\\&#34;icmp-responder\\\&#34; context:&lt;ip_context:&lt;src_ip_required:true dst_ip_required:true &gt; &gt; labels:&lt;key:\\\&#34;app\\\&#34; value:\\\&#34;icmp\\\&#34; &gt; labels:&lt;key:\\\&#34;namespace\\\&#34; value:\\\&#34;default\\\&#34; &gt; labels:&lt;key:\\\&#34;podName\\\&#34; value:\\\&#34;nsc-1\\\&#34; &gt; &gt; mechanism_preferences:&lt;cls:\\\&#34;LOCAL\\\&#34; type:\\\&#34;KERNEL_INTERFACE\\\&#34; parameters:&lt;key:\\\&#34;description\\\&#34; value:\\\&#34;Primary interface\\\&#34; &gt; parameters:&lt;key:\\\&#34;name\\\&#34; value:\\\&#34;nsm0\\\&#34; &gt; parameters:&lt;key:\\\&#34;netnsInode\\\&#34; value:\\\&#34;4026533452\\\&#34; &gt; parameters:&lt;key:\\\&#34;socketfile\\\&#34; value:\\\&#34;nsm0/memif.sock\\\&#34; &gt; &gt; \&#34; operation=\&#34;nsmClient.Connect.attempt:0\&#34; span=\&#34;754c4f3f34f8fd71:1521331262c25ae8:2fa05438b1388b7f:1\&#34;\ntime=\&#34;2021-06-09T02:59:20Z\&#34; level=info msg=\&#34;&gt;&gt;&lt;&lt;-------- /networkservice.NetworkService/Request()=\\\&#34;\\\&#34; span=754c4f3f34f8fd71:1521331262c25ae8:2fa05438b1388b7f:1\&#34;\ntime=\&#34;2021-06-09T02:59:20Z\&#34; level=info msg=\&#34;&gt;&gt;&lt;&lt;-------- request={\\\&#34;connection\\\&#34;:{\\\&#34;network_service\\\&#34;:\\\&#34;icmp-responder\\\&#34;,\\\&#34;context\\\&#34;:{\\\&#34;ip_context\\\&#34;:{\\\&#34;src_ip_required\\\&#34;:true,\\\&#34;dst_ip_required\\\&#34;:true}},\\\&#34;labels\\\&#34;:{\\\&#34;app\\\&#34;:\\\&#34;icmp\\\&#34;,\\\&#34;namespace\\\&#34;:\\\&#34;default\\\&#34;,\\\&#34;podName\\\&#34;:\\\&#34;nsc-1\\\&#34;}},\\\&#34;mechanism_preferences\\\&#34;:[{\\\&#34;cls\\\&#34;:\\\&#34;LOCAL\\\&#34;,\\\&#34;type\\\&#34;:\\\&#34;KERNEL_INTERFACE\\\&#34;,\\\&#34;parameters\\\&#34;:{\\\&#34;description\\\&#34;:\\\&#34;Primary interface\\\&#34;,\\\&#34;name\\\&#34;:\\\&#34;nsm0\\\&#34;,\\\&#34;netnsInode\\\&#34;:\\\&#34;4026533452\\\&#34;,\\\&#34;socketfile\\\&#34;:\\\&#34;nsm0/memif.sock\\\&#34;}}]} span=754c4f3f34f8fd71:1521331262c25ae8:2fa05438b1388b7f:1\&#34;\n2021/06/09 03:00:19 Reporting span 754c4f3f34f8fd71:3e7e43c6247ce9ab:1521331262c25ae8:1\ntime=\&#34;2021-06-09T03:00:19Z\&#34; level=info msg=\&#34;&gt;&gt;&lt;&lt;-------- response={} span=754c4f3f34f8fd71:1521331262c25ae8:2fa05438b1388b7f:1\&#34;\ntime=\&#34;2021-06-09T03:00:19Z\&#34; level=error msg=\&#34;&gt;&gt;&lt;&lt;------ error=rpc error: code = DeadlineExceeded desc = context deadline exceeded span=754c4f3f34f8fd71:1521331262c25ae8:2fa05438b1388b7f:1\&#34;\ntime=\&#34;2021-06-09T03:00:19Z\&#34; level=error msg=\&#34;nsm client: Failed to connect rpc error: code = DeadlineExceeded desc = context deadline exceeded. Retry attempts: 10 Delaying: 5s\&#34; operation=\&#34;nsmClient.Connect.attempt:0\&#34; span=\&#34;754c4f3f34f8fd71:1521331262c25ae8:2fa05438b1388b7f:1\&#34;\n2021/06/09 03:00:19 Reporting span 754c4f3f34f8fd71:1521331262c25ae8:2fa05438b1388b7f:1\ntime=\&#34;2021-06-09T03:00:24Z\&#34; level=info msg=\&#34;==------&gt; nsmClient.Connect.attempt:1() span:754c4f3f34f8fd71:24d23acdaa0399ad:2fa05438b1388b7f:1\&#34;\ntime=\&#34;2021-06-09T03:00:24Z\&#34; level=info msg=\&#34;Requesting connection:&lt;network_service:\\\&#34;icmp-responder\\\&#34; context:&lt;ip_context:&lt;src_ip_required:true dst_ip_required:true &gt; &gt; labels:&lt;key:\\\&#34;app\\\&#34; value:\\\&#34;icmp\\\&#34; &gt; labels:&lt;key:\\\&#34;namespace\\\&#34; value:\\\&#34;default\\\&#34; &gt; labels:&lt;key:\\\&#34;podName\\\&#34; value:\\\&#34;nsc-1\\\&#34; &gt; &gt; mechanism_preferences:&lt;cls:\\\&#34;LOCAL\\\&#34; type:\\\&#34;KERNEL_INTERFACE\\\&#34; parameters:&lt;key:\\\&#34;description\\\&#34; value:\\\&#34;Primary interface\\\&#34; &gt; parameters:&lt;key:\\\&#34;name\\\&#34; value:\\\&#34;nsm0\\\&#34; &gt; parameters:&lt;key:\\\&#34;netnsInode\\\&#34; value:\\\&#34;4026533452\\\&#34; &gt; parameters:&lt;key:\\\&#34;socketfile\\\&#34; value:\\\&#34;nsm0/memif.sock\\\&#34; &gt; &gt; \&#34; operation=\&#34;nsmClient.Connect.attempt:1\&#34; span=\&#34;754c4f3f34f8fd71:24d23acdaa0399ad:2fa05438b1388b7f:1\&#34;\ntime=\&#34;2021-06-09T03:00:24Z\&#34; level=info msg=\&#34;&gt;&gt;&lt;&lt;-------- /networkservice.NetworkService/Request()=\\\&#34;\\\&#34; span=754c4f3f34f8fd71:24d23acdaa0399ad:2fa05438b1388b7f:1\&#34;\ntime=\&#34;2021-06-09T03:00:24Z\&#34; level=info msg=\&#34;&gt;&gt;&lt;&lt;-------- request={\\\&#34;connection\\\&#34;:{\\\&#34;network_service\\\&#34;:\\\&#34;icmp-responder\\\&#34;,\\\&#34;context\\\&#34;:{\\\&#34;ip_context\\\&#34;:{\\\&#34;src_ip_required\\\&#34;:true,\\\&#34;dst_ip_required\\\&#34;:true}},\\\&#34;labels\\\&#34;:{\\\&#34;app\\\&#34;:\\\&#34;icmp\\\&#34;,\\\&#34;namespace\\\&#34;:\\\&#34;default\\\&#34;,\\\&#34;podName\\\&#34;:\\\&#34;nsc-1\\\&#34;}},\\\&#34;mechanism_preferences\\\&#34;:[{\\\&#34;cls\\\&#34;:\\\&#34;LOCAL\\\&#34;,\\\&#34;type\\\&#34;:\\\&#34;KERNEL_INTERFACE\\\&#34;,\\\&#34;parameters\\\&#34;:{\\\&#34;description\\\&#34;:\\\&#34;Primary interface\\\&#34;,\\\&#34;name\\\&#34;:\\\&#34;nsm0\\\&#34;,\\\&#34;netnsInode\\\&#34;:\\\&#34;4026533452\\\&#34;,\\\&#34;socketfile\\\&#34;:\\\&#34;nsm0/memif.sock\\\&#34;}}]} span=754c4f3f34f8fd71:24d23acdaa0399ad:2fa05438b1388b7f:1\&#34;\n2021/06/09 03:01:24 Reporting span 754c4f3f34f8fd71:0d4064142b8f7cdf:24d23acdaa0399ad:1\ntime=\&#34;2021-06-09T03:01:24Z\&#34; level=info msg=\&#34;&gt;&gt;&lt;&lt;-------- response={} span=754c4f3f34f8fd71:24d23acdaa0399ad:2fa05438b1388b7f:1\&#34;\ntime=\&#34;2021-06-09T03:01:24Z\&#34; level=error msg=\&#34;&gt;&gt;&lt;&lt;------ error=rpc error: code = DeadlineExceeded desc = context deadline exceeded span=754c4f3f34f8fd71:24d23acdaa0399ad:2fa05438b1388b7f:1\&#34;\ntime=\&#34;2021-06-09T03:01:24Z\&#34; level=error msg=\&#34;nsm client: Failed to connect rpc error: code = DeadlineExceeded desc = context deadline exceeded. Retry attempts: 9 Delaying: 5s\&#34; operation=\&#34;nsmClient.Connect.attempt:1\&#34; span=\&#34;754c4f3f34f8fd71:24d23acdaa0399ad:2fa05438b1388b7f:1\&#34;\n2021/06/09 03:01:24 Reporting span 754c4f3f34f8fd71:24d23acdaa0399ad:2fa05438b1388b7f:1\ntime=\&#34;2021-06-09T03:01:29Z\&#34; level=info msg=\&#34;==------&gt; nsmClient.Connect.attempt:2() span:754c4f3f34f8fd71:427168b981204418:2fa05438b1388b7f:1\&#34;\ntime=\&#34;2021-06-09T03:01:29Z\&#34; level=info msg=\&#34;Requesting connection:&lt;network_service:\\\&#34;icmp-responder\\\&#34; context:&lt;ip_context:&lt;src_ip_required:true dst_ip_required:true &gt; &gt; labels:&lt;key:\\\&#34;app\\\&#34; value:\\\&#34;icmp\\\&#34; &gt; labels:&lt;key:\\\&#34;namespace\\\&#34; value:\\\&#34;default\\\&#34; &gt; labels:&lt;key:\\\&#34;podName\\\&#34; value:\\\&#34;nsc-1\\\&#34; &gt; &gt; mechanism_preferences:&lt;cls:\\\&#34;LOCAL\\\&#34; type:\\\&#34;KERNEL_INTERFACE\\\&#34; parameters:&lt;key:\\\&#34;description\\\&#34; value:\\\&#34;Primary interface\\\&#34; &gt; parameters:&lt;key:\\\&#34;name\\\&#34; value:\\\&#34;nsm0\\\&#34; &gt; parameters:&lt;key:\\\&#34;netnsInode\\\&#34; value:\\\&#34;4026533452\\\&#34; &gt; parameters:&lt;key:\\\&#34;socketfile\\\&#34; value:\\\&#34;nsm0/memif.sock\\\&#34; &gt; &gt; \&#34; operation=\&#34;nsmClient.Connect.attempt:2\&#34; span=\&#34;754c4f3f34f8fd71:427168b981204418:2fa05438b1388b7f:1\&#34;\ntime=\&#34;2021-06-09T03:01:29Z\&#34; level=info msg=\&#34;&gt;&gt;&lt;&lt;-------- /networkservice.NetworkService/Request()=\\\&#34;\\\&#34; span=754c4f3f34f8fd71:427168b981204418:2fa05438b1388b7f:1\&#34;\ntime=\&#34;2021-06-09T03:01:29Z\&#34; level=info msg=\&#34;&gt;&gt;&lt;&lt;-------- request={\\\&#34;connection\\\&#34;:{\\\&#34;network_service\\\&#34;:\\\&#34;icmp-responder\\\&#34;,\\\&#34;context\\\&#34;:{\\\&#34;ip_context\\\&#34;:{\\\&#34;src_ip_required\\\&#34;:true,\\\&#34;dst_ip_required\\\&#34;:true}},\\\&#34;labels\\\&#34;:{\\\&#34;app\\\&#34;:\\\&#34;icmp\\\&#34;,\\\&#34;namespace\\\&#34;:\\\&#34;default\\\&#34;,\\\&#34;podName\\\&#34;:\\\&#34;nsc-1\\\&#34;}},\\\&#34;mechanism_preferences\\\&#34;:[{\\\&#34;cls\\\&#34;:\\\&#34;LOCAL\\\&#34;,\\\&#34;type\\\&#34;:\\\&#34;KERNEL_INTERFACE\\\&#34;,\\\&#34;parameters\\\&#34;:{\\\&#34;description\\\&#34;:\\\&#34;Primary interface\\\&#34;,\\\&#34;name\\\&#34;:\\\&#34;nsm0\\\&#34;,\\\&#34;netnsInode\\\&#34;:\\\&#34;4026533452\\\&#34;,\\\&#34;socketfile\\\&#34;:\\\&#34;nsm0/memif.sock\\\&#34;}}]} span=754c4f3f34f8fd71:427168b981204418:2fa05438b1388b7f:1\&#34;\n\n&#34;&#xA;time=&#34;2021-06-08T20:02:18-07:00&#34; level=error msg=&#34;Failed to get logs from nsc-1 err: container \&#34;alpine-img\&#34; in pod \&#34;nsc-1\&#34; is waiting to start: PodInitializing&#34;&#xA;time=&#34;2021-06-08T20:02:18-07:00&#34; level=info msg=&#34;Pod nsc-1: container: alpine-img status: false: Logs: &#34;&#xA;time=&#34;2021-06-08T20:02:18-07:00&#34; level=info msg=&#34;pod nsc-1 object:\n&gt;&gt;&gt;&gt;&gt;&gt;&gt;&gt;&gt;&gt;&gt;{\&#34;metadata\&#34;:{\&#34;name\&#34;:\&#34;nsc-1\&#34;,\&#34;namespace\&#34;:\&#34;nsm-system\&#34;,\&#34;selfLink\&#34;:\&#34;/api/v1/namespaces/nsm-system/pods/nsc-1\&#34;,\&#34;uid\&#34;:\&#34;4bdcb7e3-ad46-4913-bc38-6d4a641a9c9a\&#34;,\&#34;resourceVersion\&#34;:\&#34;13585\&#34;,\&#34;creationTimestamp\&#34;:\&#34;2021-06-09T02:59:18Z\&#34;},\&#34;spec\&#34;:{\&#34;volumes\&#34;:[{\&#34;name\&#34;:\&#34;nsc-acc-token-dbjq6\&#34;,\&#34;secret\&#34;:{\&#34;secretName\&#34;:\&#34;nsc-acc-token-dbjq6\&#34;,\&#34;defaultMode\&#34;:420}}],\&#34;initContainers\&#34;:[{\&#34;name\&#34;:\&#34;nsm-init\&#34;,\&#34;image\&#34;:\&#34;containers.cisco.com/appn/nsm-init:vl3_latest\&#34;,\&#34;env\&#34;:[{\&#34;name\&#34;:\&#34;CLIENT_LABELS\&#34;,\&#34;value\&#34;:\&#34;app=icmp\&#34;},{\&#34;name\&#34;:\&#34;CLIENT_NETWORK_SERVICE\&#34;,\&#34;value\&#34;:\&#34;icmp-responder\&#34;}],\&#34;resources\&#34;:{\&#34;limits\&#34;:{\&#34;cpu\&#34;:\&#34;200m\&#34;,\&#34;memory\&#34;:\&#34;20Mi\&#34;,\&#34;networkservicemesh.io/socket\&#34;:\&#34;1\&#34;},\&#34;requests\&#34;:{\&#34;cpu\&#34;:\&#34;200m\&#34;,\&#34;memory\&#34;:\&#34;20Mi\&#34;,\&#34;networkservicemesh.io/socket\&#34;:\&#34;1\&#34;}},\&#34;volumeMounts\&#34;:[{\&#34;name\&#34;:\&#34;nsc-acc-token-dbjq6\&#34;,\&#34;readOnly\&#34;:true,\&#34;mountPath\&#34;:\&#34;/var/run/secrets/kubernetes.io/serviceaccount\&#34;}],\&#34;terminationMessagePath\&#34;:\&#34;/dev/termination-log\&#34;,\&#34;terminationMessagePolicy\&#34;:\&#34;File\&#34;,\&#34;imagePullPolicy\&#34;:\&#34;IfNotPresent\&#34;}],\&#34;containers\&#34;:[{\&#34;name\&#34;:\&#34;alpine-img\&#34;,\&#34;image\&#34;:\&#34;alpine:latest\&#34;,\&#34;command\&#34;:[\&#34;tail\&#34;,\&#34;-f\&#34;,\&#34;/dev/null\&#34;],\&#34;resources\&#34;:{},\&#34;volumeMounts\&#34;:[{\&#34;name\&#34;:\&#34;nsc-acc-token-dbjq6\&#34;,\&#34;readOnly\&#34;:true,\&#34;mountPath\&#34;:\&#34;/var/run/secrets/kubernetes.io/serviceaccount\&#34;}],\&#34;terminationMessagePath\&#34;:\&#34;/dev/termination-log\&#34;,\&#34;terminationMessagePolicy\&#34;:\&#34;File\&#34;,\&#34;imagePullPolicy\&#34;:\&#34;IfNotPresent\&#34;}],\&#34;restartPolicy\&#34;:\&#34;Always\&#34;,\&#34;terminationGracePeriodSeconds\&#34;:0,\&#34;dnsPolicy\&#34;:\&#34;ClusterFirst\&#34;,\&#34;nodeSelector\&#34;:{\&#34;kubernetes.io/hostname\&#34;:\&#34;kind-1-worker\&#34;},\&#34;serviceAccountName\&#34;:\&#34;nsc-acc\&#34;,\&#34;serviceAccount\&#34;:\&#34;nsc-acc\&#34;,\&#34;nodeName\&#34;:\&#34;kind-1-worker\&#34;,\&#34;securityContext\&#34;:{},\&#34;schedulerName\&#34;:\&#34;default-scheduler\&#34;,\&#34;tolerations\&#34;:[{\&#34;key\&#34;:\&#34;node.kubernetes.io/not-ready\&#34;,\&#34;operator\&#34;:\&#34;Exists\&#34;,\&#34;effect\&#34;:\&#34;NoExecute\&#34;,\&#34;tolerationSeconds\&#34;:300},{\&#34;key\&#34;:\&#34;node.kubernetes.io/unreachable\&#34;,\&#34;operator\&#34;:\&#34;Exists\&#34;,\&#34;effect\&#34;:\&#34;NoExecute\&#34;,\&#34;tolerationSeconds\&#34;:300}],\&#34;priority\&#34;:0,\&#34;enableServiceLinks\&#34;:true},\&#34;status\&#34;:{\&#34;phase\&#34;:\&#34;Pending\&#34;,\&#34;conditions\&#34;:[{\&#34;type\&#34;:\&#34;Initialized\&#34;,\&#34;status\&#34;:\&#34;False\&#34;,\&#34;lastProbeTime\&#34;:null,\&#34;lastTransitionTime\&#34;:\&#34;2021-06-09T02:59:18Z\&#34;,\&#34;reason\&#34;:\&#34;ContainersNotInitialized\&#34;,\&#34;message\&#34;:\&#34;containers with incomplete status: [nsm-init]\&#34;},{\&#34;type\&#34;:\&#34;Ready\&#34;,\&#34;status\&#34;:\&#34;False\&#34;,\&#34;lastProbeTime\&#34;:null,\&#34;lastTransitionTime\&#34;:\&#34;2021-06-09T02:59:18Z\&#34;,\&#34;reason\&#34;:\&#34;ContainersNotReady\&#34;,\&#34;message\&#34;:\&#34;containers with unready status: [alpine-img]\&#34;},{\&#34;type\&#34;:\&#34;ContainersReady\&#34;,\&#34;status\&#34;:\&#34;False\&#34;,\&#34;lastProbeTime\&#34;:null,\&#34;lastTransitionTime\&#34;:\&#34;2021-06-09T02:59:18Z\&#34;,\&#34;reason\&#34;:\&#34;ContainersNotReady\&#34;,\&#34;message\&#34;:\&#34;containers with unready status: [alpine-img]\&#34;},{\&#34;type\&#34;:\&#34;PodScheduled\&#34;,\&#34;status\&#34;:\&#34;True\&#34;,\&#34;lastProbeTime\&#34;:null,\&#34;lastTransitionTime\&#34;:\&#34;2021-06-09T02:59:18Z\&#34;}],\&#34;hostIP\&#34;:\&#34;172.17.0.4\&#34;,\&#34;podIP\&#34;:\&#34;10.244.2.59\&#34;,\&#34;podIPs\&#34;:[{\&#34;ip\&#34;:\&#34;10.244.2.59\&#34;}],\&#34;startTime\&#34;:\&#34;2021-06-09T02:59:18Z\&#34;,\&#34;initContainerStatuses\&#34;:[{\&#34;name\&#34;:\&#34;nsm-init\&#34;,\&#34;state\&#34;:{\&#34;running\&#34;:{\&#34;startedAt\&#34;:\&#34;2021-06-09T02:59:18Z\&#34;}},\&#34;lastState\&#34;:{},\&#34;ready\&#34;:false,\&#34;restartCount\&#34;:0,\&#34;image\&#34;:\&#34;containers.cisco.com/appn/nsm-init:vl3_latest\&#34;,\&#34;imageID\&#34;:\&#34;sha256:40c167f519ed8ff354adfed9786b94f776297b51ae257f63dd9520d8c1dc37b8\&#34;,\&#34;containerID\&#34;:\&#34;containerd://c89ed97cfe57c4b8a611d7ed9ccbecb5d0ec9de909fb1b67bdd7ab199dff5dfa\&#34;}],\&#34;containerStatuses\&#34;:[{\&#34;name\&#34;:\&#34;alpine-img\&#34;,\&#34;state\&#34;:{\&#34;waiting\&#34;:{\&#34;reason\&#34;:\&#34;PodInitializing\&#34;}},\&#34;lastState\&#34;:{},\&#34;ready\&#34;:false,\&#34;restartCount\&#34;:0,\&#34;image\&#34;:\&#34;alpine:latest\&#34;,\&#34;imageID\&#34;:\&#34;\&#34;,\&#34;started\&#34;:false}],\&#34;qosClass\&#34;:\&#34;Burstable\&#34;}}\n&lt;&lt;&lt;&lt;&lt;&lt;&lt;&lt;&lt;&lt;&#34;&#xA;time=&#34;2021-06-08T20:02:19-07:00&#34; level=error msg=&#34;Error Creating Pod: nsc-1 Failed to deploy pod&#34;&#xA;k8s.go:904:&#xA;goroutine 24 [running]:&#xA;runtime/debug.Stack(0x231a3c0, 0xc000642fc0, 0x30b6488)&#xA;/usr/local/go/src/runtime/debug/stack.go:24 +0x9f&#xA;github.com/networkservicemesh/networkservicemesh/test/kubetest.(*K8s).CreatePodsRaw(0xc00036e400, 0x29e8d60800, 0xc000159c01, 0xc000159c08, 0x1, 0x1, 0x0, 0x0, 0x0, 0x0, ...)&#xA;/Users/nispatil/go/src/github.com/cisco-app-networking/nsm_publish/networkservicemesh/test/kubetest/k8s.go:904 +0x8cc&#xA;github.com/networkservicemesh/networkservicemesh/test/kubetest.(*K8s).CreatePod(0xc00036e400, 0xc0002d1000, 0x24dd280)&#xA;/Users/nispatil/go/src/github.com/cisco-app-networking/nsm_publish/networkservicemesh/test/kubetest/k8s.go:920 +0x72&#xA;github.com/networkservicemesh/networkservicemesh/test/kubetest.deployNSC(0xc00036e400, 0xc00052f5b0, 0xd, 0x24bfedd, 0x5, 0x24c4319, 0x8, 0x1bf08eb000, 0xc0002d1000, 0xc000159d70)&#xA;/Users/nispatil/go/src/github.com/cisco-app-networking/nsm_publish/networkservicemesh/test/kubetest/utils.go:542 +0x1c5&#xA;github.com/networkservicemesh/networkservicemesh/test/kubetest.DeployNSC(0xc00036e400, 0xc000647800, 0x24bfedd, 0x5, 0x1bf08eb000, 0xc0002d0000)&#xA;/Users/nispatil/go/src/github.com/cisco-app-networking/nsm_publish/networkservicemesh/test/kubetest/utils.go:402 +0x1f2&#xA;github.com/networkservicemesh/networkservicemesh/test/integration.TestDeleteDirtyNSEWithClient(0xc000001e00)&#xA;/Users/nispatil/go/src/github.com/cisco-app-networking/nsm_publish/networkservicemesh/test/integration/basic_delete_dirty_nse_test.go:61 +0x39f&#xA;testing.tRunner(0xc000001e00, 0x25771d0)&#xA;/usr/local/go/src/testing/testing.go:1123 +0xef&#xA;created by testing.(*T).Run&#xA;/usr/local/go/src/testing/testing.go:1168 +0x2b3&#xA;&#xA;Expected&#xA;&lt;int&gt;: 1&#xA;to equal&#xA;&lt;int&gt;: 0&#xA;E0608 20:02:19.625747   30791 portforward.go:409] error closing listener: close tcp4 127.0.0.1:51211: use of closed network connection&#xA;E0608 20:02:19.625765   30791 portforward.go:409] error closing listener: close tcp6 [::1]:51211: use of closed network connection&#xA;time=&#34;2021-06-08T20:02:20-07:00&#34; level=error msg=&#34;Failed to get logs from nsc-1 err: container \&#34;alpine-img\&#34; in pod \&#34;nsc-1\&#34; is waiting to start: PodInitializing&#34;&#xA;time=&#34;2021-06-08T20:02:20-07:00&#34; level=warning msg=&#34;Can not get logs for container: alpine-img, Error: container \&#34;alpine-img\&#34; in pod \&#34;nsc-1\&#34; is waiting to start: PodInitializing&#34;&#xA;time=&#34;2021-06-08T20:02:20-07:00&#34; level=error msg=&#34;Failed to get logs from jaeger err: previous terminated container \&#34;jaeger\&#34; in pod \&#34;jaeger\&#34; not found&#34;&#xA;time=&#34;2021-06-08T20:02:20-07:00&#34; level=warning msg=&#34;Can not get logs for container: jaeger, Error: previous terminated container \&#34;jaeger\&#34; in pod \&#34;jaeger\&#34; not found&#34;&#xA;time=&#34;2021-06-08T20:02:20-07:00&#34; level=error msg=&#34;Failed to get logs from dirty-icmp-responder-nse err: previous terminated container \&#34;dirty-icmp-responder-nse\&#34; in pod \&#34;dirty-icmp-responder-nse\&#34; not found&#34;&#xA;time=&#34;2021-06-08T20:02:20-07:00&#34; level=warning msg=&#34;Can not get logs for container: dirty-icmp-responder-nse, Error: previous terminated container \&#34;dirty-icmp-responder-nse\&#34; in pod \&#34;dirty-icmp-responder-nse\&#34; not found&#34;&#xA;time=&#34;2021-06-08T20:02:21-07:00&#34; level=error msg=&#34;Failed to get logs from nsmd-forwarder-kind-1-worker err: previous terminated container \&#34;vppagent-forwarder\&#34; in pod \&#34;nsmd-forwarder-kind-1-worker\&#34; not found&#34;&#xA;time=&#34;2021-06-08T20:02:21-07:00&#34; level=warning msg=&#34;Can not get logs for container: vppagent-forwarder, Error: previous terminated container \&#34;vppagent-forwarder\&#34; in pod \&#34;nsmd-forwarder-kind-1-worker\&#34; not found&#34;&#xA;time=&#34;2021-06-08T20:02:21-07:00&#34; level=error msg=&#34;Failed to get logs from nsc-1 err: previous terminated container \&#34;alpine-img\&#34; in pod \&#34;nsc-1\&#34; not found&#34;&#xA;time=&#34;2021-06-08T20:02:21-07:00&#34; level=warning msg=&#34;Can not get logs for container: alpine-img, Error: previous terminated container \&#34;alpine-img\&#34; in pod \&#34;nsc-1\&#34; not found&#34;&#xA;time=&#34;2021-06-08T20:02:22-07:00&#34; level=error msg=&#34;Failed to get logs from prefix-service err: previous terminated container \&#34;prefix-service\&#34; in pod \&#34;prefix-service\&#34; not found&#34;&#xA;time=&#34;2021-06-08T20:02:22-07:00&#34; level=warning msg=&#34;Can not get logs for container: prefix-service, Error: previous terminated container \&#34;prefix-service\&#34; in pod \&#34;prefix-service\&#34; not found&#34;&#xA;time=&#34;2021-06-08T20:02:22-07:00&#34; level=error msg=&#34;Failed to get logs from nsc-1 err: previous terminated container \&#34;nsm-init\&#34; in pod \&#34;nsc-1\&#34; not found&#34;&#xA;time=&#34;2021-06-08T20:02:22-07:00&#34; level=warning msg=&#34;Can not get logs for container: nsm-init, Error: previous terminated container \&#34;nsm-init\&#34; in pod \&#34;nsc-1\&#34; not found&#34;&#xA;time=&#34;2021-06-08T20:02:22-07:00&#34; level=error msg=&#34;Failed to get logs from spire-proxy err: previous terminated container \&#34;spire-proxy\&#34; in pod \&#34;spire-proxy\&#34; not found&#34;&#xA;time=&#34;2021-06-08T20:02:22-07:00&#34; level=warning msg=&#34;Can not get logs for container: spire-proxy, Error: previous terminated container \&#34;spire-proxy\&#34; in pod \&#34;spire-proxy\&#34; not found&#34;&#xA;time=&#34;2021-06-08T20:02:23-07:00&#34; level=error msg=&#34;Failed to get logs from nsmgr-kind-1-worker err: previous terminated container \&#34;nsmdp\&#34; in pod \&#34;nsmgr-kind-1-worker\&#34; not found&#34;&#xA;time=&#34;2021-06-08T20:02:23-07:00&#34; level=warning msg=&#34;Can not get logs for container: nsmdp, Error: previous terminated container \&#34;nsmdp\&#34; in pod \&#34;nsmgr-kind-1-worker\&#34; not found&#34;&#xA;time=&#34;2021-06-08T20:02:23-07:00&#34; level=info msg=&#34;artifacts: [0xc0009a5080 0xc0006d9200 0xc0006d8000 0xc00014e200 0xc0006d87c0 0xc0006d88c0 0xc0006d89c0 0xc00014eb40 0xc0009a4180]&#34;&#xA;time=&#34;2021-06-08T20:02:23-07:00&#34; level=info msg=&#34;Deleting nsc-1&#34;&#xA;time=&#34;2021-06-08T20:02:23-07:00&#34; level=info msg=&#34;Deleting spire-proxy&#34;&#xA;time=&#34;2021-06-08T20:02:23-07:00&#34; level=info msg=&#34;Deleting nsmd-forwarder-kind-1-worker&#34;&#xA;time=&#34;2021-06-08T20:02:23-07:00&#34; level=info msg=&#34;Deleting jaeger&#34;&#xA;time=&#34;2021-06-08T20:02:23-07:00&#34; level=info msg=&#34;Deleting prefix-service&#34;&#xA;E0608 20:02:23.187003   30791 portforward.go:409] error closing listener: close tcp4 127.0.0.1:51180: use of closed network connection&#xA;time=&#34;2021-06-08T20:02:23-07:00&#34; level=info msg=&#34;Deleting nsmgr-kind-1-worker&#34;&#xA;E0608 20:02:23.187016   30791 portforward.go:409] error closing listener: close tcp6 [::1]:51180: use of closed network connection&#xA;time=&#34;2021-06-08T20:02:23-07:00&#34; level=info msg=&#34;Deleting dirty-icmp-responder-nse&#34;&#xA;I0608 20:02:24.371865   30791 request.go:621] Throttling request took 1.18484263s, request: DELETE:https://127.0.0.1:55081/api/v1/namespaces/nsm-system/pods/jaeger&#xA;time=&#34;2021-06-08T20:02:25-07:00&#34; level=warning msg=&#34;The POD &#39;nsc-1&#39; Deleted 2.384455341s&#34;&#xA;time=&#34;2021-06-08T20:02:25-07:00&#34; level=warning msg=&#34;The POD &#39;spire-proxy&#39; Deleted 2.588110297s&#34;&#xA;time=&#34;2021-06-08T20:02:25-07:00&#34; level=warning msg=&#34;The POD &#39;nsmd-forwarder-kind-1-worker&#39; Deleted 2.785703618s&#34;&#xA;time=&#34;2021-06-08T20:02:26-07:00&#34; level=warning msg=&#34;The POD &#39;prefix-service&#39; Deleted 3.18782313s&#34;&#xA;time=&#34;2021-06-08T20:02:26-07:00&#34; level=warning msg=&#34;The POD &#39;dirty-icmp-responder-nse&#39; Deleted 3.58542243s&#34;&#xA;time=&#34;2021-06-08T20:02:34-07:00&#34; level=warning msg=&#34;The POD &#39;nsmgr-kind-1-worker&#39; Deleted 10.987201955s&#34;&#xA;time=&#34;2021-06-08T20:02:34-07:00&#34; level=warning msg=&#34;The POD &#39;jaeger&#39; Deleted 11.185454722s&#34;&#xA;time=&#34;2021-06-08T20:02:34-07:00&#34; level=info msg=&#34;namespace nsm-system is deleted&#34;&#xA;time=&#34;2021-06-08T20:02:34-07:00&#34; level=info msg=&#34;Cleanup time: 11.388059019s&#34;&#xA;--- FAIL: TestDeleteDirtyNSEWithClient (223.81s)&#xA;FAIL&#xA;FAIL&#x9;github.com/networkservicemesh/networkservicemesh/test/integration&#x9;224.259s&#xA;FAIL&#xA;TestDeleteDirtyNSEWithClient: OnFail: running on fail script operations with KUBECONFIG=/Users/nispatil/go/src/github.com/cisco-app-networking/nsm_publish/networkservicemesh/.tests/cloud_test/single-cluster/shell/kind-1/config on cloud kind-1&#xA;make -i k8s-deconfig helm-delete k8s-terminating-cleanup k8s-delete-nsm-namespaces || true&#xA;helm uninstall config --namespace nsm-system || true&#xA;WARNING: Kubernetes configuration file is group-readable. This is insecure. Location: /Users/nispatil/go/src/github.com/cisco-app-networking/nsm_publish/networkservicemesh/.tests/cloud_test/single-cluster/shell/kind-1/config&#xA;WARNING: Kubernetes configuration file is world-readable. This is insecure. Location: /Users/nispatil/go/src/github.com/cisco-app-networking/nsm_publish/networkservicemesh/.tests/cloud_test/single-cluster/shell/kind-1/config&#xA;Error: uninstall: Release not loaded: config: release: not found&#xA;./scripts/helm-nsm-uninstall.sh --nsm_namespace nsm-system --all&#xA;&#xA;Helm version detected: v3.3.4&#xA;Cleaning up NSM&#xA;xargs: illegal option -- -&#xA;usage: xargs [-0opt] [-E eofstr] [-I replstr [-R replacements] [-S replsize]]&#xA;[-J replstr] [-L number] [-n number [-x]] [-P maxprocs]&#xA;[-s size] [utility [argument ...]]&#xA;WARNING: Kubernetes configuration file is group-readable. This is insecure. Location: /Users/nispatil/go/src/github.com/cisco-app-networking/nsm_publish/networkservicemesh/.tests/cloud_test/single-cluster/shell/kind-1/config&#xA;WARNING: Kubernetes configuration file is world-readable. This is insecure. Location: /Users/nispatil/go/src/github.com/cisco-app-networking/nsm_publish/networkservicemesh/.tests/cloud_test/single-cluster/shell/kind-1/config&#xA;make[1]: [helm-delete] Error 1 (ignored)&#xA;xargs: illegal option -- -&#xA;usage: xargs [-0opt] [-E eofstr] [-I replstr [-R replacements] [-S replsize]]&#xA;[-J replstr] [-L number] [-n number [-x]] [-P maxprocs]&#xA;[-s size] [utility [argument ...]]&#xA;No resources found in nsm-system namespace.&#xA;make[1]: [k8s-terminating-cleanup] Error 1 (ignored)&#xA;Running delete-nsm-namespaces script&#xA;NSM_NAMESPACE=nsm-system&#xA;Checking ns: default&#xA;Checking ns: kube-node-lease&#xA;Checking ns: kube-public&#xA;Checking ns: kube-system&#xA;Checking ns: local-path-storage&#xA;Checking ns: nsm-system&#xA;Deleting ns: nsm-system&#xA;warning: Immediate deletion does not wait for confirmation that the running resource has been terminated. The resource may continue to run on the cluster indefinitely.&#xA;No resources found&#xA;namespace &#34;nsm-system&#34; deleted&#xA;Checking ns: spire&#xA;make k8s-config &amp;&amp; echo &#34;Cluster reset successfull&#34;&#xA;namespace/nsm-system created&#xA;helm --namespace nsm-system install config deployments/helm/nsm/charts/config&#xA;WARNING: Kubernetes configuration file is group-readable. This is insecure. Location: /Users/nispatil/go/src/github.com/cisco-app-networking/nsm_publish/networkservicemesh/.tests/cloud_test/single-cluster/shell/kind-1/config&#xA;WARNING: Kubernetes configuration file is world-readable. This is insecure. Location: /Users/nispatil/go/src/github.com/cisco-app-networking/nsm_publish/networkservicemesh/.tests/cloud_test/single-cluster/shell/kind-1/config&#xA;NAME: config&#xA;LAST DEPLOYED: Tue Jun  8 20:02:42 2021&#xA;NAMESPACE: nsm-system&#xA;STATUS: deployed&#xA;REVISION: 1&#xA;TEST SUITE: None&#xA;Cluster reset successfull</failure>
                  </testcase>
                  <testcase classname="" name="TestNsmCorednsNotBreakDefaultK8sDNS" time="208.601267713" cluster_instance="kind-1">
                      <failure message="Test execution failed TestNsmCorednsNotBreakDefaultK8sDNS" type="ERROR">Execution attempt: 0 Output file: .tests/cloud_test/single-cluster/kind-1/007-TestNsmCorednsNotBreakDefaultK8sDNS-run.log&#xA;Starting TestNsmCorednsNotBreakDefaultK8sDNS on kind-1&#xA;Command line go test . -test.timeout 10m0s -count 1 --run &#34;^(TestNsmCorednsNotBreakDefaultK8sDNS)$\\z&#34; --tags &#34;basic&#34; --test.v&#xA;env==[KUBECONFIG=/Users/nispatil/go/src/github.com/cisco-app-networking/nsm_publish/networkservicemesh/.tests/cloud_test/single-cluster/shell/kind-1/config ARTIFACTS_DIR=/Users/nispatil/go/src/github.com/cisco-app-networking/nsm_publish/networkservicemesh/.tests/cloud_test/single-cluster/kind-1/TestNsmCorednsNotBreakDefaultK8sDNS]&#xA;&#xA;=== RUN   TestNsmCorednsNotBreakDefaultK8sDNS&#xA;time=&#34;2021-06-08T19:15:40-07:00&#34; level=info msg=&#34;Using Kubeconfig: /Users/nispatil/go/src/github.com/cisco-app-networking/nsm_publish/networkservicemesh/.tests/cloud_test/single-cluster/shell/kind-1/config&#34;&#xA;time=&#34;2021-06-08T19:15:40-07:00&#34; level=info msg=&#34;FORWARDING_PLANE not set, using default forwarder - vpp&#34;&#xA;time=&#34;2021-06-08T19:15:40-07:00&#34; level=info msg=&#34;Creating artifact manager with config: &amp;{4 false /Users/nispatil/go/src/github.com/cisco-app-networking/nsm_publish/networkservicemesh/.tests/cloud_test/single-cluster/kind-1/TestNsmCorednsNotBreakDefaultK8sDNS}&#34;&#xA;time=&#34;2021-06-08T19:15:40-07:00&#34; level=error msg=&#34;Error during create of test namespace failed to create a namespace: object is being deleted: namespaces \&#34;nsm-system\&#34; already exists&#34;&#xA;time=&#34;2021-06-08T19:15:40-07:00&#34; level=info msg=&#34;Checking availability of API server on 127.0.0.1&#34;&#xA;time=&#34;2021-06-08T19:15:44-07:00&#34; level=info msg=&#34;PING 127.0.0.1 (127.0.0.1): 56 data bytes\n64 bytes from 127.0.0.1: icmp_seq=0 ttl=64 time=0.041 ms\n64 bytes from 127.0.0.1: icmp_seq=1 ttl=64 time=0.118 ms\n64 bytes from 127.0.0.1: icmp_seq=2 ttl=64 time=0.053 ms\n64 bytes from 127.0.0.1: icmp_seq=3 ttl=64 time=0.098 ms\n64 bytes from 127.0.0.1: icmp_seq=4 ttl=64 time=0.083 ms\n\n--- 127.0.0.1 ping statistics ---\n5 packets transmitted, 5 packets received, 0.0%!p(MISSING)acket loss\nround-trip min/avg/max/stddev = 0.041/0.079/0.118/0.028 ms\n&#34;&#xA;time=&#34;2021-06-08T19:15:44-07:00&#34; level=info msg=&#34;Will try to create namespace again after 20 seconds&#34;&#xA;time=&#34;2021-06-08T19:16:04-07:00&#34; level=info msg=&#34;namespace nsm-system is created&#34;&#xA;time=&#34;2021-06-08T19:16:04-07:00&#34; level=info msg=&#34;USE_IPV6 not set, using default false&#34;&#xA;time=&#34;2021-06-08T19:16:04-07:00&#34; level=error msg=&#34;serviceaccounts \&#34;nsc-acc\&#34; not found&#34;&#xA;time=&#34;2021-06-08T19:16:04-07:00&#34; level=error msg=&#34;serviceaccounts \&#34;nse-acc\&#34; not found&#34;&#xA;time=&#34;2021-06-08T19:16:04-07:00&#34; level=error msg=&#34;serviceaccounts \&#34;nsmgr-acc\&#34; not found&#34;&#xA;time=&#34;2021-06-08T19:16:05-07:00&#34; level=error msg=&#34;serviceaccounts \&#34;nsmrs-acc\&#34; not found&#34;&#xA;time=&#34;2021-06-08T19:16:05-07:00&#34; level=error msg=&#34;serviceaccounts \&#34;forward-plane-acc\&#34; not found&#34;&#xA;time=&#34;2021-06-08T19:16:05-07:00&#34; level=error msg=&#34;serviceaccounts \&#34;crossconnect-monitor-acc\&#34; not found&#34;&#xA;time=&#34;2021-06-08T19:16:05-07:00&#34; level=error msg=&#34;serviceaccounts \&#34;proxy-nsmgr-acc\&#34; not found&#34;&#xA;time=&#34;2021-06-08T19:16:05-07:00&#34; level=info msg=&#34;Cleanup done: 819.604461ms&#34;&#xA;time=&#34;2021-06-08T19:16:05-07:00&#34; level=info msg=&#34;&amp;ServiceAccount{ObjectMeta:{default  nsm-system /api/v1/namespaces/nsm-system/serviceaccounts/default 74b0e5e2-ec6a-414b-9108-3acd10a90312 1670 0 2021-06-08 19:16:04 -0700 PDT &lt;nil&gt; &lt;nil&gt; map[] map[] [] []  []},Secrets:[]ObjectReference{ObjectReference{Kind:,Namespace:,Name:default-token-qc7hc,UID:,APIVersion:,ResourceVersion:,FieldPath:,},},ImagePullSecrets:[]LocalObjectReference{},AutomountServiceAccountToken:nil,}&#34;&#xA;I0608 19:16:06.859666   21480 request.go:621] Throttling request took 1.171883476s, request: POST:https://127.0.0.1:55081/api/v1/namespaces/nsm-system/serviceaccounts&#xA;time=&#34;2021-06-08T19:16:07-07:00&#34; level=info msg=&#34;&amp;ServiceAccount{ObjectMeta:{nse-acc  nsm-system /api/v1/namespaces/nsm-system/serviceaccounts/nse-acc 6d704135-8779-4bfc-8368-d5a0c3eb1f01 1677 0 2021-06-08 19:16:06 -0700 PDT &lt;nil&gt; &lt;nil&gt; map[] map[] [] []  []},Secrets:[]ObjectReference{ObjectReference{Kind:,Namespace:,Name:nse-acc-token-lwsz6,UID:,APIVersion:,ResourceVersion:,FieldPath:,},},ImagePullSecrets:[]LocalObjectReference{},AutomountServiceAccountToken:nil,}&#34;&#xA;time=&#34;2021-06-08T19:16:07-07:00&#34; level=info msg=&#34;&amp;ServiceAccount{ObjectMeta:{proxy-nsmgr-acc  nsm-system /api/v1/namespaces/nsm-system/serviceaccounts/proxy-nsmgr-acc bc3eec03-58fb-4f58-af20-6877790bf969 1681 0 2021-06-08 19:16:06 -0700 PDT &lt;nil&gt; &lt;nil&gt; map[] map[] [] []  []},Secrets:[]ObjectReference{ObjectReference{Kind:,Namespace:,Name:proxy-nsmgr-acc-token-srwkp,UID:,APIVersion:,ResourceVersion:,FieldPath:,},},ImagePullSecrets:[]LocalObjectReference{},AutomountServiceAccountToken:nil,}&#34;&#xA;time=&#34;2021-06-08T19:16:07-07:00&#34; level=info msg=&#34;&amp;ServiceAccount{ObjectMeta:{crossconnect-monitor-acc  nsm-system /api/v1/namespaces/nsm-system/serviceaccounts/crossconnect-monitor-acc a655dea9-2229-4b83-8736-71528faa3b70 1686 0 2021-06-08 19:16:06 -0700 PDT &lt;nil&gt; &lt;nil&gt; map[] map[] [] []  []},Secrets:[]ObjectReference{ObjectReference{Kind:,Namespace:,Name:crossconnect-monitor-acc-token-kf8hp,UID:,APIVersion:,ResourceVersion:,FieldPath:,},},ImagePullSecrets:[]LocalObjectReference{},AutomountServiceAccountToken:nil,}&#34;&#xA;time=&#34;2021-06-08T19:16:08-07:00&#34; level=info msg=&#34;&amp;ServiceAccount{ObjectMeta:{forward-plane-acc  nsm-system /api/v1/namespaces/nsm-system/serviceaccounts/forward-plane-acc b6fd65bd-7ff5-47ef-88d1-27ddd4e4d379 1689 0 2021-06-08 19:16:06 -0700 PDT &lt;nil&gt; &lt;nil&gt; map[] map[] [] []  []},Secrets:[]ObjectReference{ObjectReference{Kind:,Namespace:,Name:forward-plane-acc-token-5zcr8,UID:,APIVersion:,ResourceVersion:,FieldPath:,},},ImagePullSecrets:[]LocalObjectReference{},AutomountServiceAccountToken:nil,}&#34;&#xA;time=&#34;2021-06-08T19:16:08-07:00&#34; level=info msg=&#34;&amp;ServiceAccount{ObjectMeta:{nsc-acc  nsm-system /api/v1/namespaces/nsm-system/serviceaccounts/nsc-acc 0fbb2419-be04-40dc-98c8-07c9cd0311c5 1692 0 2021-06-08 19:16:06 -0700 PDT &lt;nil&gt; &lt;nil&gt; map[] map[] [] []  []},Secrets:[]ObjectReference{ObjectReference{Kind:,Namespace:,Name:nsc-acc-token-dw6lb,UID:,APIVersion:,ResourceVersion:,FieldPath:,},},ImagePullSecrets:[]LocalObjectReference{},AutomountServiceAccountToken:nil,}&#34;&#xA;time=&#34;2021-06-08T19:16:08-07:00&#34; level=info msg=&#34;&amp;ServiceAccount{ObjectMeta:{nsmgr-acc  nsm-system /api/v1/namespaces/nsm-system/serviceaccounts/nsmgr-acc b57f973b-5d74-4649-ab65-8cd740dfc9e4 1696 0 2021-06-08 19:16:07 -0700 PDT &lt;nil&gt; &lt;nil&gt; map[] map[] [] []  []},Secrets:[]ObjectReference{ObjectReference{Kind:,Namespace:,Name:nsmgr-acc-token-5z75b,UID:,APIVersion:,ResourceVersion:,FieldPath:,},},ImagePullSecrets:[]LocalObjectReference{},AutomountServiceAccountToken:nil,}&#34;&#xA;time=&#34;2021-06-08T19:16:08-07:00&#34; level=info msg=&#34;&amp;ServiceAccount{ObjectMeta:{nsmrs-acc  nsm-system /api/v1/namespaces/nsm-system/serviceaccounts/nsmrs-acc 8b6c4011-8934-4387-bf37-d4191e8fb244 1699 0 2021-06-08 19:16:07 -0700 PDT &lt;nil&gt; &lt;nil&gt; map[] map[] [] []  []},Secrets:[]ObjectReference{ObjectReference{Kind:,Namespace:,Name:nsmrs-acc-token-j7h4j,UID:,APIVersion:,ResourceVersion:,FieldPath:,},},ImagePullSecrets:[]LocalObjectReference{},AutomountServiceAccountToken:nil,}&#34;&#xA;time=&#34;2021-06-08T19:16:08-07:00&#34; level=info msg=&#34;Creating ConfigMap &#39;nsm-config&#39; in namespace&#39;nsm-system&#39;...&#34;&#xA;time=&#34;2021-06-08T19:16:08-07:00&#34; level=info msg=&#34;Using image: containers.cisco.com/appn/prefix-service:vl3_latest&#34;&#xA;time=&#34;2021-06-08T19:16:08-07:00&#34; level=info msg=&#34;Using image: containers.cisco.com/appn/test-common:vl3_latest&#34;&#xA;time=&#34;2021-06-08T19:16:08-07:00&#34; level=info msg=&#34;role is created: &amp;ClusterRoleBinding{ObjectMeta:{nsm-role-binding      0 0001-01-01 00:00:00 +0000 UTC &lt;nil&gt; &lt;nil&gt; map[] map[] [] []  []},Subjects:[]Subject{Subject{Kind:ServiceAccount,APIGroup:,Name:nsmgr-acc,Namespace:nsm-system,},Subject{Kind:ServiceAccount,APIGroup:,Name:proxy-nsmgr-acc,Namespace:nsm-system,},Subject{Kind:ServiceAccount,APIGroup:,Name:crossconnect-monitor-acc,Namespace:nsm-system,},},RoleRef:RoleRef{APIGroup:rbac.authorization.k8s.io,Kind:ClusterRole,Name:nsm-role,},}&#34;&#xA;time=&#34;2021-06-08T19:16:08-07:00&#34; level=info msg=&#34;role is created: &amp;ClusterRole{ObjectMeta:{aggregate-network-services-view  nsm-system    0 0001-01-01 00:00:00 +0000 UTC &lt;nil&gt; &lt;nil&gt; map[rbac.authorization.k8s.io/aggregate-to-view:true] map[] [] []  []},Rules:[]PolicyRule{PolicyRule{Verbs:[get list watch],APIGroups:[networkservicemesh.io],Resources:[networkservices],ResourceNames:[],NonResourceURLs:[],},},AggregationRule:nil,}&#34;&#xA;time=&#34;2021-06-08T19:16:08-07:00&#34; level=info msg=&#34;role is created: &amp;ClusterRole{ObjectMeta:{nsm-role  nsm-system    0 0001-01-01 00:00:00 +0000 UTC &lt;nil&gt; &lt;nil&gt; map[rbac.authorization.k8s.io/aggregate-to-admin:true rbac.authorization.k8s.io/aggregate-to-edit:true] map[] [] []  []},Rules:[]PolicyRule{PolicyRule{Verbs:[*],APIGroups:[networkservicemesh.io],Resources:[networkservices networkserviceendpoints networkservicemanagers],ResourceNames:[],NonResourceURLs:[],},PolicyRule{Verbs:[*],APIGroups:[apiextensions.k8s.io],Resources:[customresourcedefinitions],ResourceNames:[],NonResourceURLs:[],},PolicyRule{Verbs:[get update],APIGroups:[],Resources:[configmaps],ResourceNames:[],NonResourceURLs:[],},PolicyRule{Verbs:[get list watch],APIGroups:[],Resources:[nodes services namespaces],ResourceNames:[],NonResourceURLs:[],},},AggregationRule:nil,}&#34;&#xA;time=&#34;2021-06-08T19:16:12-07:00&#34; level=info msg=&#34;Trying to establish connection with the spire provider at address:tcp://127.0.0.1:50382&#34;&#xA;time=&#34;2021-06-08T19:16:12-07:00&#34; level=info msg=&#34;Created the todo context:tcp://127.0.0.1:50382&#34;&#xA;time=&#34;2021-06-08T19:16:12-07:00&#34; level=info msg=&#34;Got x509:&amp;{0xc000386900 &lt;nil&gt; {{0 0} 0 0 0 0} 0xc0000aad70 0xc0005fa880 {{0 0} 0 0 0 0} false} &lt;nil&gt;&#34;&#xA;time=&#34;2021-06-08T19:16:12-07:00&#34; level=info msg=&#34;Started goroutine&#34;&#xA;time=&#34;2021-06-08T19:16:12-07:00&#34; level=info msg=&#34;Returning provider&#34;&#xA;time=&#34;2021-06-08T19:16:12-07:00&#34; level=info msg=&#34;Issued identity:spiffe://test.com/nsmgr&#34;&#xA;time=&#34;2021-06-08T19:16:12-07:00&#34; level=info msg=&#34;Checking node: kind-1-control-plane&#34;&#xA;time=&#34;2021-06-08T19:16:12-07:00&#34; level=info msg=&#34;Checking node: kind-1-worker&#34;&#xA;time=&#34;2021-06-08T19:16:12-07:00&#34; level=info msg=&#34;Checking node: kind-1-worker2&#34;&#xA;time=&#34;2021-06-08T19:16:12-07:00&#34; level=info msg=&#34;Using image: jaegertracing/all-in-one:1.14.0&#34;&#xA;time=&#34;2021-06-08T19:16:19-07:00&#34; level=info msg=&#34;getting logs without container jaeger=none&#34;&#xA;time=&#34;2021-06-08T19:16:19-07:00&#34; level=info msg=&#34;Using image: containers.cisco.com/appn/nsmdp:vl3_latest&#34;&#xA;time=&#34;2021-06-08T19:16:19-07:00&#34; level=info msg=&#34;Using image: containers.cisco.com/appn/nsmd:vl3_latest&#34;&#xA;time=&#34;2021-06-08T19:16:19-07:00&#34; level=info msg=&#34;Using image: containers.cisco.com/appn/nsmd-k8s:vl3_latest&#34;&#xA;time=&#34;2021-06-08T19:16:19-07:00&#34; level=info msg=&#34;Using image: containers.cisco.com/appn/vppagent-forwarder:vl3_latest&#34;&#xA;time=&#34;2021-06-08T19:16:31-07:00&#34; level=info msg=&#34;Started NSMgr/Forwarder: 11.839448294s on node kind-1-worker&#34;&#xA;time=&#34;2021-06-08T19:16:31-07:00&#34; level=info msg=&#34;Using image: containers.cisco.com/appn/test-common:vl3_latest&#34;&#xA;time=&#34;2021-06-08T19:16:31-07:00&#34; level=info msg=&#34;Starting ICMP Responder NSE on node: kind-1-worker &#34;&#xA;time=&#34;2021-06-08T19:16:39-07:00&#34; level=info msg=&#34;getting logs without container icmp-responder=none&#34;&#xA;time=&#34;2021-06-08T19:16:39-07:00&#34; level=info msg=&#34;ICMP Responder icmp-responder started done: 8.174551554s&#34;&#xA;time=&#34;2021-06-08T19:16:39-07:00&#34; level=info msg=&#34;Using image: containers.cisco.com/appn/test-common:vl3_latest&#34;&#xA;time=&#34;2021-06-08T19:16:39-07:00&#34; level=info msg=&#34;Using image: networkservicemesh/coredns:master&#34;&#xA;time=&#34;2021-06-08T19:16:39-07:00&#34; level=info msg=&#34;Starting NSC nsc on node: kind-1-worker&#34;&#xA;time=&#34;2021-06-08T19:18:47-07:00&#34; level=info msg=&#34;pod info: nsc {\&#34;metadata\&#34;:{\&#34;name\&#34;:\&#34;nsc\&#34;,\&#34;namespace\&#34;:\&#34;nsm-system\&#34;,\&#34;selfLink\&#34;:\&#34;/api/v1/namespaces/nsm-system/pods/nsc\&#34;,\&#34;uid\&#34;:\&#34;4c58eddc-fe4e-4fad-b942-5c6c2a48466a\&#34;,\&#34;resourceVersion\&#34;:\&#34;1902\&#34;,\&#34;creationTimestamp\&#34;:\&#34;2021-06-09T02:16:39Z\&#34;},\&#34;spec\&#34;:{\&#34;volumes\&#34;:[{\&#34;name\&#34;:\&#34;nsm-config-volume\&#34;,\&#34;configMap\&#34;:{\&#34;name\&#34;:\&#34;nsm-config\&#34;,\&#34;defaultMode\&#34;:420}},{\&#34;name\&#34;:\&#34;empty-dir-volume\&#34;,\&#34;emptyDir\&#34;:{}},{\&#34;name\&#34;:\&#34;nsc-acc-token-dw6lb\&#34;,\&#34;secret\&#34;:{\&#34;secretName\&#34;:\&#34;nsc-acc-token-dw6lb\&#34;,\&#34;defaultMode\&#34;:420}}],\&#34;initContainers\&#34;:[{\&#34;name\&#34;:\&#34;nsm-dns-init\&#34;,\&#34;image\&#34;:\&#34;containers.cisco.com/appn/nsm-dns-init:vl3_latest\&#34;,\&#34;command\&#34;:[\&#34;/bin/nsm-dns-init\&#34;],\&#34;resources\&#34;:{\&#34;limits\&#34;:{\&#34;cpu\&#34;:\&#34;200m\&#34;,\&#34;memory\&#34;:\&#34;15Mi\&#34;,\&#34;networkservicemesh.io/socket\&#34;:\&#34;1\&#34;},\&#34;requests\&#34;:{\&#34;cpu\&#34;:\&#34;200m\&#34;,\&#34;memory\&#34;:\&#34;15Mi\&#34;,\&#34;networkservicemesh.io/socket\&#34;:\&#34;1\&#34;}},\&#34;volumeMounts\&#34;:[{\&#34;name\&#34;:\&#34;empty-dir-volume\&#34;,\&#34;mountPath\&#34;:\&#34;/etc/coredns\&#34;},{\&#34;name\&#34;:\&#34;nsc-acc-token-dw6lb\&#34;,\&#34;readOnly\&#34;:true,\&#34;mountPath\&#34;:\&#34;/var/run/secrets/kubernetes.io/serviceaccount\&#34;}],\&#34;terminationMessagePath\&#34;:\&#34;/dev/termination-log\&#34;,\&#34;terminationMessagePolicy\&#34;:\&#34;File\&#34;,\&#34;imagePullPolicy\&#34;:\&#34;IfNotPresent\&#34;}],\&#34;containers\&#34;:[{\&#34;name\&#34;:\&#34;nsc\&#34;,\&#34;image\&#34;:\&#34;containers.cisco.com/appn/test-common:vl3_latest\&#34;,\&#34;command\&#34;:[\&#34;/bin/monitoring-dns-nsc\&#34;],\&#34;env\&#34;:[{\&#34;name\&#34;:\&#34;CLIENT_LABELS\&#34;,\&#34;value\&#34;:\&#34;app=icmp\&#34;},{\&#34;name\&#34;:\&#34;CLIENT_NETWORK_SERVICE\&#34;,\&#34;value\&#34;:\&#34;icmp-responder\&#34;}],\&#34;resources\&#34;:{\&#34;limits\&#34;:{\&#34;networkservicemesh.io/socket\&#34;:\&#34;1\&#34;},\&#34;requests\&#34;:{\&#34;networkservicemesh.io/socket\&#34;:\&#34;1\&#34;}},\&#34;volumeMounts\&#34;:[{\&#34;name\&#34;:\&#34;empty-dir-volume\&#34;,\&#34;mountPath\&#34;:\&#34;/etc/coredns\&#34;},{\&#34;name\&#34;:\&#34;nsc-acc-token-dw6lb\&#34;,\&#34;readOnly\&#34;:true,\&#34;mountPath\&#34;:\&#34;/var/run/secrets/kubernetes.io/serviceaccount\&#34;}],\&#34;terminationMessagePath\&#34;:\&#34;/dev/termination-log\&#34;,\&#34;terminationMessagePolicy\&#34;:\&#34;File\&#34;,\&#34;imagePullPolicy\&#34;:\&#34;IfNotPresent\&#34;},{\&#34;name\&#34;:\&#34;coredns\&#34;,\&#34;image\&#34;:\&#34;networkservicemesh/coredns:master\&#34;,\&#34;args\&#34;:[\&#34;-conf\&#34;,\&#34;/etc/coredns/Corefile\&#34;],\&#34;resources\&#34;:{\&#34;limits\&#34;:{\&#34;cpu\&#34;:\&#34;100m\&#34;,\&#34;memory\&#34;:\&#34;15Mi\&#34;,\&#34;networkservicemesh.io/socket\&#34;:\&#34;1\&#34;},\&#34;requests\&#34;:{\&#34;cpu\&#34;:\&#34;100m\&#34;,\&#34;memory\&#34;:\&#34;15Mi\&#34;,\&#34;networkservicemesh.io/socket\&#34;:\&#34;1\&#34;}},\&#34;volumeMounts\&#34;:[{\&#34;name\&#34;:\&#34;empty-dir-volume\&#34;,\&#34;mountPath\&#34;:\&#34;/etc/coredns\&#34;},{\&#34;name\&#34;:\&#34;nsc-acc-token-dw6lb\&#34;,\&#34;readOnly\&#34;:true,\&#34;mountPath\&#34;:\&#34;/var/run/secrets/kubernetes.io/serviceaccount\&#34;}],\&#34;terminationMessagePath\&#34;:\&#34;/dev/termination-log\&#34;,\&#34;terminationMessagePolicy\&#34;:\&#34;File\&#34;,\&#34;imagePullPolicy\&#34;:\&#34;IfNotPresent\&#34;}],\&#34;restartPolicy\&#34;:\&#34;Always\&#34;,\&#34;terminationGracePeriodSeconds\&#34;:0,\&#34;dnsPolicy\&#34;:\&#34;ClusterFirst\&#34;,\&#34;nodeSelector\&#34;:{\&#34;kubernetes.io/hostname\&#34;:\&#34;kind-1-worker\&#34;},\&#34;serviceAccountName\&#34;:\&#34;nsc-acc\&#34;,\&#34;serviceAccount\&#34;:\&#34;nsc-acc\&#34;,\&#34;nodeName\&#34;:\&#34;kind-1-worker\&#34;,\&#34;securityContext\&#34;:{},\&#34;schedulerName\&#34;:\&#34;default-scheduler\&#34;,\&#34;tolerations\&#34;:[{\&#34;key\&#34;:\&#34;node.kubernetes.io/not-ready\&#34;,\&#34;operator\&#34;:\&#34;Exists\&#34;,\&#34;effect\&#34;:\&#34;NoExecute\&#34;,\&#34;tolerationSeconds\&#34;:300},{\&#34;key\&#34;:\&#34;node.kubernetes.io/unreachable\&#34;,\&#34;operator\&#34;:\&#34;Exists\&#34;,\&#34;effect\&#34;:\&#34;NoExecute\&#34;,\&#34;tolerationSeconds\&#34;:300}],\&#34;priority\&#34;:0,\&#34;enableServiceLinks\&#34;:true},\&#34;status\&#34;:{\&#34;phase\&#34;:\&#34;Running\&#34;,\&#34;conditions\&#34;:[{\&#34;type\&#34;:\&#34;Initialized\&#34;,\&#34;status\&#34;:\&#34;True\&#34;,\&#34;lastProbeTime\&#34;:null,\&#34;lastTransitionTime\&#34;:\&#34;2021-06-09T02:16:41Z\&#34;},{\&#34;type\&#34;:\&#34;Ready\&#34;,\&#34;status\&#34;:\&#34;True\&#34;,\&#34;lastProbeTime\&#34;:null,\&#34;lastTransitionTime\&#34;:\&#34;2021-06-09T02:16:46Z\&#34;},{\&#34;type\&#34;:\&#34;ContainersReady\&#34;,\&#34;status\&#34;:\&#34;True\&#34;,\&#34;lastProbeTime\&#34;:null,\&#34;lastTransitionTime\&#34;:\&#34;2021-06-09T02:16:46Z\&#34;},{\&#34;type\&#34;:\&#34;PodScheduled\&#34;,\&#34;status\&#34;:\&#34;True\&#34;,\&#34;lastProbeTime\&#34;:null,\&#34;lastTransitionTime\&#34;:\&#34;2021-06-09T02:16:39Z\&#34;}],\&#34;hostIP\&#34;:\&#34;172.17.0.4\&#34;,\&#34;podIP\&#34;:\&#34;10.244.2.8\&#34;,\&#34;podIPs\&#34;:[{\&#34;ip\&#34;:\&#34;10.244.2.8\&#34;}],\&#34;startTime\&#34;:\&#34;2021-06-09T02:16:40Z\&#34;,\&#34;initContainerStatuses\&#34;:[{\&#34;name\&#34;:\&#34;nsm-dns-init\&#34;,\&#34;state\&#34;:{\&#34;terminated\&#34;:{\&#34;exitCode\&#34;:0,\&#34;reason\&#34;:\&#34;Completed\&#34;,\&#34;startedAt\&#34;:\&#34;2021-06-09T02:16:40Z\&#34;,\&#34;finishedAt\&#34;:\&#34;2021-06-09T02:16:40Z\&#34;,\&#34;containerID\&#34;:\&#34;containerd://72dc488a8a1a3f2360398bc4bdab185798c3a530c515cc73dcc1553d81900b44\&#34;}},\&#34;lastState\&#34;:{},\&#34;ready\&#34;:true,\&#34;restartCount\&#34;:0,\&#34;image\&#34;:\&#34;containers.cisco.com/appn/nsm-dns-init:vl3_latest\&#34;,\&#34;imageID\&#34;:\&#34;sha256:b880063adb8e1fd62ddf9a5015c78561d9092410fccefd5e02c45e763502e936\&#34;,\&#34;containerID\&#34;:\&#34;containerd://72dc488a8a1a3f2360398bc4bdab185798c3a530c515cc73dcc1553d81900b44\&#34;}],\&#34;containerStatuses\&#34;:[{\&#34;name\&#34;:\&#34;coredns\&#34;,\&#34;state\&#34;:{\&#34;running\&#34;:{\&#34;startedAt\&#34;:\&#34;2021-06-09T02:16:45Z\&#34;}},\&#34;lastState\&#34;:{},\&#34;ready\&#34;:true,\&#34;restartCount\&#34;:0,\&#34;image\&#34;:\&#34;docker.io/networkservicemesh/coredns:master\&#34;,\&#34;imageID\&#34;:\&#34;docker.io/networkservicemesh/coredns@sha256:17de0ac5d4640cc9e2c41b5b899c772818fc1715de78c160dfa5d945543d35ce\&#34;,\&#34;containerID\&#34;:\&#34;containerd://d950da63fba196bc58475c8c0b5676d9dbd57689ab0519e2292fd31367c9fda2\&#34;,\&#34;started\&#34;:true},{\&#34;name\&#34;:\&#34;nsc\&#34;,\&#34;state\&#34;:{\&#34;running\&#34;:{\&#34;startedAt\&#34;:\&#34;2021-06-09T02:16:41Z\&#34;}},\&#34;lastState\&#34;:{},\&#34;ready\&#34;:true,\&#34;restartCount\&#34;:0,\&#34;image\&#34;:\&#34;containers.cisco.com/appn/test-common:vl3_latest\&#34;,\&#34;imageID\&#34;:\&#34;sha256:a54dea95b34be00b0177934e91a9e6b62f6cee035fbb5cbfb2c6f27c03f4b110\&#34;,\&#34;containerID\&#34;:\&#34;containerd://658ecd1f3fe16549afa7505a092255e0866d23b9140f138ec85c2d30dcfda04f\&#34;,\&#34;started\&#34;:true}],\&#34;qosClass\&#34;:\&#34;Burstable\&#34;}}&#34;&#xA;time=&#34;2021-06-08T19:18:47-07:00&#34; level=info msg=&#34;Pod nsc event: {\&#34;metadata\&#34;:{\&#34;name\&#34;:\&#34;nsc.1686c85a3f84cf0c\&#34;,\&#34;namespace\&#34;:\&#34;nsm-system\&#34;,\&#34;selfLink\&#34;:\&#34;/api/v1/namespaces/nsm-system/events/nsc.1686c85a3f84cf0c\&#34;,\&#34;uid\&#34;:\&#34;05cba356-cf2a-4882-a00b-2575135fd264\&#34;,\&#34;resourceVersion\&#34;:\&#34;1897\&#34;,\&#34;creationTimestamp\&#34;:\&#34;2021-06-09T02:16:45Z\&#34;},\&#34;involvedObject\&#34;:{\&#34;kind\&#34;:\&#34;Pod\&#34;,\&#34;namespace\&#34;:\&#34;nsm-system\&#34;,\&#34;name\&#34;:\&#34;nsc\&#34;,\&#34;uid\&#34;:\&#34;4c58eddc-fe4e-4fad-b942-5c6c2a48466a\&#34;,\&#34;apiVersion\&#34;:\&#34;v1\&#34;,\&#34;resourceVersion\&#34;:\&#34;1868\&#34;,\&#34;fieldPath\&#34;:\&#34;spec.containers{coredns}\&#34;},\&#34;reason\&#34;:\&#34;Started\&#34;,\&#34;message\&#34;:\&#34;Started container coredns\&#34;,\&#34;source\&#34;:{\&#34;component\&#34;:\&#34;kubelet\&#34;,\&#34;host\&#34;:\&#34;kind-1-worker\&#34;},\&#34;firstTimestamp\&#34;:\&#34;2021-06-09T02:16:45Z\&#34;,\&#34;lastTimestamp\&#34;:\&#34;2021-06-09T02:16:45Z\&#34;,\&#34;count\&#34;:1,\&#34;type\&#34;:\&#34;Normal\&#34;,\&#34;eventTime\&#34;:null,\&#34;reportingComponent\&#34;:\&#34;\&#34;,\&#34;reportingInstance\&#34;:\&#34;\&#34;}&#34;&#xA;time=&#34;2021-06-08T19:18:47-07:00&#34; level=info msg=&#34;Pod nsc event: {\&#34;metadata\&#34;:{\&#34;name\&#34;:\&#34;nsc.1686c85a39b666bc\&#34;,\&#34;namespace\&#34;:\&#34;nsm-system\&#34;,\&#34;selfLink\&#34;:\&#34;/api/v1/namespaces/nsm-system/events/nsc.1686c85a39b666bc\&#34;,\&#34;uid\&#34;:\&#34;1b32aebb-4e7c-4989-9ba7-3168a7decb4c\&#34;,\&#34;resourceVersion\&#34;:\&#34;1895\&#34;,\&#34;creationTimestamp\&#34;:\&#34;2021-06-09T02:16:45Z\&#34;},\&#34;involvedObject\&#34;:{\&#34;kind\&#34;:\&#34;Pod\&#34;,\&#34;namespace\&#34;:\&#34;nsm-system\&#34;,\&#34;name\&#34;:\&#34;nsc\&#34;,\&#34;uid\&#34;:\&#34;4c58eddc-fe4e-4fad-b942-5c6c2a48466a\&#34;,\&#34;apiVersion\&#34;:\&#34;v1\&#34;,\&#34;resourceVersion\&#34;:\&#34;1868\&#34;,\&#34;fieldPath\&#34;:\&#34;spec.containers{coredns}\&#34;},\&#34;reason\&#34;:\&#34;Created\&#34;,\&#34;message\&#34;:\&#34;Created container coredns\&#34;,\&#34;source\&#34;:{\&#34;component\&#34;:\&#34;kubelet\&#34;,\&#34;host\&#34;:\&#34;kind-1-worker\&#34;},\&#34;firstTimestamp\&#34;:\&#34;2021-06-09T02:16:45Z\&#34;,\&#34;lastTimestamp\&#34;:\&#34;2021-06-09T02:16:45Z\&#34;,\&#34;count\&#34;:1,\&#34;type\&#34;:\&#34;Normal\&#34;,\&#34;eventTime\&#34;:null,\&#34;reportingComponent\&#34;:\&#34;\&#34;,\&#34;reportingInstance\&#34;:\&#34;\&#34;}&#34;&#xA;time=&#34;2021-06-08T19:18:47-07:00&#34; level=info msg=&#34;Pod nsc event: {\&#34;metadata\&#34;:{\&#34;name\&#34;:\&#34;nsc.1686c85a36805a98\&#34;,\&#34;namespace\&#34;:\&#34;nsm-system\&#34;,\&#34;selfLink\&#34;:\&#34;/api/v1/namespaces/nsm-system/events/nsc.1686c85a36805a98\&#34;,\&#34;uid\&#34;:\&#34;81bf31e6-a6de-4bc1-b515-518e9a73c93b\&#34;,\&#34;resourceVersion\&#34;:\&#34;1894\&#34;,\&#34;creationTimestamp\&#34;:\&#34;2021-06-09T02:16:45Z\&#34;},\&#34;involvedObject\&#34;:{\&#34;kind\&#34;:\&#34;Pod\&#34;,\&#34;namespace\&#34;:\&#34;nsm-system\&#34;,\&#34;name\&#34;:\&#34;nsc\&#34;,\&#34;uid\&#34;:\&#34;4c58eddc-fe4e-4fad-b942-5c6c2a48466a\&#34;,\&#34;apiVersion\&#34;:\&#34;v1\&#34;,\&#34;resourceVersion\&#34;:\&#34;1868\&#34;,\&#34;fieldPath\&#34;:\&#34;spec.containers{coredns}\&#34;},\&#34;reason\&#34;:\&#34;Pulled\&#34;,\&#34;message\&#34;:\&#34;Successfully pulled image \\\&#34;networkservicemesh/coredns:master\\\&#34;\&#34;,\&#34;source\&#34;:{\&#34;component\&#34;:\&#34;kubelet\&#34;,\&#34;host\&#34;:\&#34;kind-1-worker\&#34;},\&#34;firstTimestamp\&#34;:\&#34;2021-06-09T02:16:45Z\&#34;,\&#34;lastTimestamp\&#34;:\&#34;2021-06-09T02:16:45Z\&#34;,\&#34;count\&#34;:1,\&#34;type\&#34;:\&#34;Normal\&#34;,\&#34;eventTime\&#34;:null,\&#34;reportingComponent\&#34;:\&#34;\&#34;,\&#34;reportingInstance\&#34;:\&#34;\&#34;}&#34;&#xA;time=&#34;2021-06-08T19:18:47-07:00&#34; level=info msg=&#34;Pod nsc event: {\&#34;metadata\&#34;:{\&#34;name\&#34;:\&#34;nsc.1686c8594d85d5d4\&#34;,\&#34;namespace\&#34;:\&#34;nsm-system\&#34;,\&#34;selfLink\&#34;:\&#34;/api/v1/namespaces/nsm-system/events/nsc.1686c8594d85d5d4\&#34;,\&#34;uid\&#34;:\&#34;43e4aa87-f438-49b8-86eb-0515e77b023a\&#34;,\&#34;resourceVersion\&#34;:\&#34;1883\&#34;,\&#34;creationTimestamp\&#34;:\&#34;2021-06-09T02:16:41Z\&#34;},\&#34;involvedObject\&#34;:{\&#34;kind\&#34;:\&#34;Pod\&#34;,\&#34;namespace\&#34;:\&#34;nsm-system\&#34;,\&#34;name\&#34;:\&#34;nsc\&#34;,\&#34;uid\&#34;:\&#34;4c58eddc-fe4e-4fad-b942-5c6c2a48466a\&#34;,\&#34;apiVersion\&#34;:\&#34;v1\&#34;,\&#34;resourceVersion\&#34;:\&#34;1868\&#34;,\&#34;fieldPath\&#34;:\&#34;spec.containers{coredns}\&#34;},\&#34;reason\&#34;:\&#34;Pulling\&#34;,\&#34;message\&#34;:\&#34;Pulling image \\\&#34;networkservicemesh/coredns:master\\\&#34;\&#34;,\&#34;source\&#34;:{\&#34;component\&#34;:\&#34;kubelet\&#34;,\&#34;host\&#34;:\&#34;kind-1-worker\&#34;},\&#34;firstTimestamp\&#34;:\&#34;2021-06-09T02:16:41Z\&#34;,\&#34;lastTimestamp\&#34;:\&#34;2021-06-09T02:16:41Z\&#34;,\&#34;count\&#34;:1,\&#34;type\&#34;:\&#34;Normal\&#34;,\&#34;eventTime\&#34;:null,\&#34;reportingComponent\&#34;:\&#34;\&#34;,\&#34;reportingInstance\&#34;:\&#34;\&#34;}&#34;&#xA;time=&#34;2021-06-08T19:18:47-07:00&#34; level=info msg=&#34;Pod nsc event: {\&#34;metadata\&#34;:{\&#34;name\&#34;:\&#34;nsc.1686c8594d6a113c\&#34;,\&#34;namespace\&#34;:\&#34;nsm-system\&#34;,\&#34;selfLink\&#34;:\&#34;/api/v1/namespaces/nsm-system/events/nsc.1686c8594d6a113c\&#34;,\&#34;uid\&#34;:\&#34;c434429f-a218-4d98-8ec2-cb28e2e77a0d\&#34;,\&#34;resourceVersion\&#34;:\&#34;1881\&#34;,\&#34;creationTimestamp\&#34;:\&#34;2021-06-09T02:16:41Z\&#34;},\&#34;involvedObject\&#34;:{\&#34;kind\&#34;:\&#34;Pod\&#34;,\&#34;namespace\&#34;:\&#34;nsm-system\&#34;,\&#34;name\&#34;:\&#34;nsc\&#34;,\&#34;uid\&#34;:\&#34;4c58eddc-fe4e-4fad-b942-5c6c2a48466a\&#34;,\&#34;apiVersion\&#34;:\&#34;v1\&#34;,\&#34;resourceVersion\&#34;:\&#34;1868\&#34;,\&#34;fieldPath\&#34;:\&#34;spec.containers{nsc}\&#34;},\&#34;reason\&#34;:\&#34;Started\&#34;,\&#34;message\&#34;:\&#34;Started container nsc\&#34;,\&#34;source\&#34;:{\&#34;component\&#34;:\&#34;kubelet\&#34;,\&#34;host\&#34;:\&#34;kind-1-worker\&#34;},\&#34;firstTimestamp\&#34;:\&#34;2021-06-09T02:16:41Z\&#34;,\&#34;lastTimestamp\&#34;:\&#34;2021-06-09T02:16:41Z\&#34;,\&#34;count\&#34;:1,\&#34;type\&#34;:\&#34;Normal\&#34;,\&#34;eventTime\&#34;:null,\&#34;reportingComponent\&#34;:\&#34;\&#34;,\&#34;reportingInstance\&#34;:\&#34;\&#34;}&#34;&#xA;time=&#34;2021-06-08T19:18:47-07:00&#34; level=info msg=&#34;Pod nsc event: {\&#34;metadata\&#34;:{\&#34;name\&#34;:\&#34;nsc.1686c85948a5d848\&#34;,\&#34;namespace\&#34;:\&#34;nsm-system\&#34;,\&#34;selfLink\&#34;:\&#34;/api/v1/namespaces/nsm-system/events/nsc.1686c85948a5d848\&#34;,\&#34;uid\&#34;:\&#34;d25e53ed-0cc0-43e7-bd78-efaa1fd6558e\&#34;,\&#34;resourceVersion\&#34;:\&#34;1880\&#34;,\&#34;creationTimestamp\&#34;:\&#34;2021-06-09T02:16:41Z\&#34;},\&#34;involvedObject\&#34;:{\&#34;kind\&#34;:\&#34;Pod\&#34;,\&#34;namespace\&#34;:\&#34;nsm-system\&#34;,\&#34;name\&#34;:\&#34;nsc\&#34;,\&#34;uid\&#34;:\&#34;4c58eddc-fe4e-4fad-b942-5c6c2a48466a\&#34;,\&#34;apiVersion\&#34;:\&#34;v1\&#34;,\&#34;resourceVersion\&#34;:\&#34;1868\&#34;,\&#34;fieldPath\&#34;:\&#34;spec.containers{nsc}\&#34;},\&#34;reason\&#34;:\&#34;Created\&#34;,\&#34;message\&#34;:\&#34;Created container nsc\&#34;,\&#34;source\&#34;:{\&#34;component\&#34;:\&#34;kubelet\&#34;,\&#34;host\&#34;:\&#34;kind-1-worker\&#34;},\&#34;firstTimestamp\&#34;:\&#34;2021-06-09T02:16:41Z\&#34;,\&#34;lastTimestamp\&#34;:\&#34;2021-06-09T02:16:41Z\&#34;,\&#34;count\&#34;:1,\&#34;type\&#34;:\&#34;Normal\&#34;,\&#34;eventTime\&#34;:null,\&#34;reportingComponent\&#34;:\&#34;\&#34;,\&#34;reportingInstance\&#34;:\&#34;\&#34;}&#34;&#xA;time=&#34;2021-06-08T19:18:47-07:00&#34; level=info msg=&#34;Pod nsc event: {\&#34;metadata\&#34;:{\&#34;name\&#34;:\&#34;nsc.1686c85947354214\&#34;,\&#34;namespace\&#34;:\&#34;nsm-system\&#34;,\&#34;selfLink\&#34;:\&#34;/api/v1/namespaces/nsm-system/events/nsc.1686c85947354214\&#34;,\&#34;uid\&#34;:\&#34;afea0af3-5431-4bf7-a844-22b53efa8292\&#34;,\&#34;resourceVersion\&#34;:\&#34;1878\&#34;,\&#34;creationTimestamp\&#34;:\&#34;2021-06-09T02:16:41Z\&#34;},\&#34;involvedObject\&#34;:{\&#34;kind\&#34;:\&#34;Pod\&#34;,\&#34;namespace\&#34;:\&#34;nsm-system\&#34;,\&#34;name\&#34;:\&#34;nsc\&#34;,\&#34;uid\&#34;:\&#34;4c58eddc-fe4e-4fad-b942-5c6c2a48466a\&#34;,\&#34;apiVersion\&#34;:\&#34;v1\&#34;,\&#34;resourceVersion\&#34;:\&#34;1868\&#34;,\&#34;fieldPath\&#34;:\&#34;spec.containers{nsc}\&#34;},\&#34;reason\&#34;:\&#34;Pulled\&#34;,\&#34;message\&#34;:\&#34;Container image \\\&#34;containers.cisco.com/appn/test-common:vl3_latest\\\&#34; already present on machine\&#34;,\&#34;source\&#34;:{\&#34;component\&#34;:\&#34;kubelet\&#34;,\&#34;host\&#34;:\&#34;kind-1-worker\&#34;},\&#34;firstTimestamp\&#34;:\&#34;2021-06-09T02:16:41Z\&#34;,\&#34;lastTimestamp\&#34;:\&#34;2021-06-09T02:16:41Z\&#34;,\&#34;count\&#34;:1,\&#34;type\&#34;:\&#34;Normal\&#34;,\&#34;eventTime\&#34;:null,\&#34;reportingComponent\&#34;:\&#34;\&#34;,\&#34;reportingInstance\&#34;:\&#34;\&#34;}&#34;&#xA;time=&#34;2021-06-08T19:18:47-07:00&#34; level=info msg=&#34;Pod nsc event: {\&#34;metadata\&#34;:{\&#34;name\&#34;:\&#34;nsc.1686c859135b9c2c\&#34;,\&#34;namespace\&#34;:\&#34;nsm-system\&#34;,\&#34;selfLink\&#34;:\&#34;/api/v1/namespaces/nsm-system/events/nsc.1686c859135b9c2c\&#34;,\&#34;uid\&#34;:\&#34;4cb232e9-f0c5-4aff-8fc2-75da9fb7cab8\&#34;,\&#34;resourceVersion\&#34;:\&#34;1875\&#34;,\&#34;creationTimestamp\&#34;:\&#34;2021-06-09T02:16:40Z\&#34;},\&#34;involvedObject\&#34;:{\&#34;kind\&#34;:\&#34;Pod\&#34;,\&#34;namespace\&#34;:\&#34;nsm-system\&#34;,\&#34;name\&#34;:\&#34;nsc\&#34;,\&#34;uid\&#34;:\&#34;4c58eddc-fe4e-4fad-b942-5c6c2a48466a\&#34;,\&#34;apiVersion\&#34;:\&#34;v1\&#34;,\&#34;resourceVersion\&#34;:\&#34;1868\&#34;,\&#34;fieldPath\&#34;:\&#34;spec.initContainers{nsm-dns-init}\&#34;},\&#34;reason\&#34;:\&#34;Started\&#34;,\&#34;message\&#34;:\&#34;Started container nsm-dns-init\&#34;,\&#34;source\&#34;:{\&#34;component\&#34;:\&#34;kubelet\&#34;,\&#34;host\&#34;:\&#34;kind-1-worker\&#34;},\&#34;firstTimestamp\&#34;:\&#34;2021-06-09T02:16:40Z\&#34;,\&#34;lastTimestamp\&#34;:\&#34;2021-06-09T02:16:40Z\&#34;,\&#34;count\&#34;:1,\&#34;type\&#34;:\&#34;Normal\&#34;,\&#34;eventTime\&#34;:null,\&#34;reportingComponent\&#34;:\&#34;\&#34;,\&#34;reportingInstance\&#34;:\&#34;\&#34;}&#34;&#xA;time=&#34;2021-06-08T19:18:47-07:00&#34; level=info msg=&#34;Pod nsc event: {\&#34;metadata\&#34;:{\&#34;name\&#34;:\&#34;nsc.1686c8590e175918\&#34;,\&#34;namespace\&#34;:\&#34;nsm-system\&#34;,\&#34;selfLink\&#34;:\&#34;/api/v1/namespaces/nsm-system/events/nsc.1686c8590e175918\&#34;,\&#34;uid\&#34;:\&#34;9e7628a4-4e07-4c93-8a9e-bbef8c4d6b27\&#34;,\&#34;resourceVersion\&#34;:\&#34;1874\&#34;,\&#34;creationTimestamp\&#34;:\&#34;2021-06-09T02:16:40Z\&#34;},\&#34;involvedObject\&#34;:{\&#34;kind\&#34;:\&#34;Pod\&#34;,\&#34;namespace\&#34;:\&#34;nsm-system\&#34;,\&#34;name\&#34;:\&#34;nsc\&#34;,\&#34;uid\&#34;:\&#34;4c58eddc-fe4e-4fad-b942-5c6c2a48466a\&#34;,\&#34;apiVersion\&#34;:\&#34;v1\&#34;,\&#34;resourceVersion\&#34;:\&#34;1868\&#34;,\&#34;fieldPath\&#34;:\&#34;spec.initContainers{nsm-dns-init}\&#34;},\&#34;reason\&#34;:\&#34;Created\&#34;,\&#34;message\&#34;:\&#34;Created container nsm-dns-init\&#34;,\&#34;source\&#34;:{\&#34;component\&#34;:\&#34;kubelet\&#34;,\&#34;host\&#34;:\&#34;kind-1-worker\&#34;},\&#34;firstTimestamp\&#34;:\&#34;2021-06-09T02:16:40Z\&#34;,\&#34;lastTimestamp\&#34;:\&#34;2021-06-09T02:16:40Z\&#34;,\&#34;count\&#34;:1,\&#34;type\&#34;:\&#34;Normal\&#34;,\&#34;eventTime\&#34;:null,\&#34;reportingComponent\&#34;:\&#34;\&#34;,\&#34;reportingInstance\&#34;:\&#34;\&#34;}&#34;&#xA;time=&#34;2021-06-08T19:18:47-07:00&#34; level=info msg=&#34;Pod nsc event: {\&#34;metadata\&#34;:{\&#34;name\&#34;:\&#34;nsc.1686c8590c8354f8\&#34;,\&#34;namespace\&#34;:\&#34;nsm-system\&#34;,\&#34;selfLink\&#34;:\&#34;/api/v1/namespaces/nsm-system/events/nsc.1686c8590c8354f8\&#34;,\&#34;uid\&#34;:\&#34;cfe3311e-3005-4c3b-b890-5e4b685dec0f\&#34;,\&#34;resourceVersion\&#34;:\&#34;1873\&#34;,\&#34;creationTimestamp\&#34;:\&#34;2021-06-09T02:16:40Z\&#34;},\&#34;involvedObject\&#34;:{\&#34;kind\&#34;:\&#34;Pod\&#34;,\&#34;namespace\&#34;:\&#34;nsm-system\&#34;,\&#34;name\&#34;:\&#34;nsc\&#34;,\&#34;uid\&#34;:\&#34;4c58eddc-fe4e-4fad-b942-5c6c2a48466a\&#34;,\&#34;apiVersion\&#34;:\&#34;v1\&#34;,\&#34;resourceVersion\&#34;:\&#34;1868\&#34;,\&#34;fieldPath\&#34;:\&#34;spec.initContainers{nsm-dns-init}\&#34;},\&#34;reason\&#34;:\&#34;Pulled\&#34;,\&#34;message\&#34;:\&#34;Container image \\\&#34;containers.cisco.com/appn/nsm-dns-init:vl3_latest\\\&#34; already present on machine\&#34;,\&#34;source\&#34;:{\&#34;component\&#34;:\&#34;kubelet\&#34;,\&#34;host\&#34;:\&#34;kind-1-worker\&#34;},\&#34;firstTimestamp\&#34;:\&#34;2021-06-09T02:16:40Z\&#34;,\&#34;lastTimestamp\&#34;:\&#34;2021-06-09T02:16:40Z\&#34;,\&#34;count\&#34;:1,\&#34;type\&#34;:\&#34;Normal\&#34;,\&#34;eventTime\&#34;:null,\&#34;reportingComponent\&#34;:\&#34;\&#34;,\&#34;reportingInstance\&#34;:\&#34;\&#34;}&#34;&#xA;time=&#34;2021-06-08T19:18:47-07:00&#34; level=info msg=&#34;Pod nsc event: {\&#34;metadata\&#34;:{\&#34;name\&#34;:\&#34;nsc.1686c858e7d902ec\&#34;,\&#34;namespace\&#34;:\&#34;nsm-system\&#34;,\&#34;selfLink\&#34;:\&#34;/api/v1/namespaces/nsm-system/events/nsc.1686c858e7d902ec\&#34;,\&#34;uid\&#34;:\&#34;ca90a81f-49c1-45e5-8f47-eb62308d8ff7\&#34;,\&#34;resourceVersion\&#34;:\&#34;1869\&#34;,\&#34;creationTimestamp\&#34;:\&#34;2021-06-09T02:16:39Z\&#34;},\&#34;involvedObject\&#34;:{\&#34;kind\&#34;:\&#34;Pod\&#34;,\&#34;namespace\&#34;:\&#34;nsm-system\&#34;,\&#34;name\&#34;:\&#34;nsc\&#34;,\&#34;uid\&#34;:\&#34;4c58eddc-fe4e-4fad-b942-5c6c2a48466a\&#34;,\&#34;apiVersion\&#34;:\&#34;v1\&#34;,\&#34;resourceVersion\&#34;:\&#34;1867\&#34;},\&#34;reason\&#34;:\&#34;Scheduled\&#34;,\&#34;message\&#34;:\&#34;Successfully assigned nsm-system/nsc to kind-1-worker\&#34;,\&#34;source\&#34;:{\&#34;component\&#34;:\&#34;default-scheduler\&#34;},\&#34;firstTimestamp\&#34;:\&#34;2021-06-09T02:16:39Z\&#34;,\&#34;lastTimestamp\&#34;:\&#34;2021-06-09T02:16:39Z\&#34;,\&#34;count\&#34;:1,\&#34;type\&#34;:\&#34;Normal\&#34;,\&#34;eventTime\&#34;:null,\&#34;reportingComponent\&#34;:\&#34;\&#34;,\&#34;reportingInstance\&#34;:\&#34;\&#34;}&#34;&#xA;time=&#34;2021-06-08T19:18:47-07:00&#34; level=error msg=&#34;Timeout waiting for logs pattern nsm client: initialization is completed successfully in nsc::nsc. Last logs: time=\&#34;2021-06-09T02:16:41Z\&#34; level=info msg=\&#34;Starting monitoring-dns-nsc...\&#34;\\ntime=\&#34;2021-06-09T02:16:41Z\&#34; level=info msg=\&#34;Version: v1.0.1-rc.2-1-g9262b77b\&#34;\\ntime=\&#34;2021-06-09T02:16:41Z\&#34; level=info msg=\&#34;All env variables:\&#34;\\ntime=\&#34;2021-06-09T02:16:41Z\&#34; level=info msg=\&#34;PATH=/usr/local/sbin:/usr/local/bin:/usr/sbin:/usr/bin:/sbin:/bin\&#34;\\ntime=\&#34;2021-06-09T02:16:41Z\&#34; level=info msg=\&#34;HOSTNAME=nsc\&#34;\\ntime=\&#34;2021-06-09T02:16:41Z\&#34; level=info msg=\&#34;GRPC_GO_LOG_VERBOSITY_LEVEL=99\&#34;\\ntime=\&#34;2021-06-09T02:16:41Z\&#34; level=info msg=\&#34;GRPC_GO_LOG_SEVERITY_LEVEL=info\&#34;\\ntime=\&#34;2021-06-09T02:16:41Z\&#34; level=info msg=\&#34;ENTRY=test-common\&#34;\\ntime=\&#34;2021-06-09T02:16:41Z\&#34; level=info msg=\&#34;WORKSPACE=/var/lib/networkservicemesh/\&#34;\\ntime=\&#34;2021-06-09T02:16:41Z\&#34; level=info msg=\&#34;NSM_CLIENT_SOCKET=/var/lib/networkservicemesh/nsm.client.io.sock\&#34;\\ntime=\&#34;2021-06-09T02:16:41Z\&#34; level=info msg=\&#34;NSM_SERVER_SOCKET=/var/lib/networkservicemesh/nsm.server.io.sock\&#34;\\ntime=\&#34;2021-06-09T02:16:41Z\&#34; level=info msg=\&#34;NSM_DEVICE_PLUGIN=true\&#34;\\ntime=\&#34;2021-06-09T02:16:41Z\&#34; level=info msg=\&#34;CLIENT_LABELS=app=icmp\&#34;\\ntime=\&#34;2021-06-09T02:16:41Z\&#34; level=info msg=\&#34;CLIENT_NETWORK_SERVICE=icmp-responder\&#34;\\ntime=\&#34;2021-06-09T02:16:41Z\&#34; level=info msg=\&#34;KUBERNETES_PORT=tcp://10.96.0.1:443\&#34;\\ntime=\&#34;2021-06-09T02:16:41Z\&#34; level=info msg=\&#34;KUBERNETES_PORT_443_TCP=tcp://10.96.0.1:443\&#34;\\ntime=\&#34;2021-06-09T02:16:41Z\&#34; level=info msg=\&#34;KUBERNETES_PORT_443_TCP_PROTO=tcp\&#34;\\ntime=\&#34;2021-06-09T02:16:41Z\&#34; level=info msg=\&#34;KUBERNETES_PORT_443_TCP_PORT=443\&#34;\\ntime=\&#34;2021-06-09T02:16:41Z\&#34; level=info msg=\&#34;KUBERNETES_PORT_443_TCP_ADDR=10.96.0.1\&#34;\\ntime=\&#34;2021-06-09T02:16:41Z\&#34; level=info msg=\&#34;KUBERNETES_SERVICE_HOST=10.96.0.1\&#34;\\ntime=\&#34;2021-06-09T02:16:41Z\&#34; level=info msg=\&#34;KUBERNETES_SERVICE_PORT=443\&#34;\\ntime=\&#34;2021-06-09T02:16:41Z\&#34; level=info msg=\&#34;KUBERNETES_SERVICE_PORT_HTTPS=443\&#34;\\ntime=\&#34;2021-06-09T02:16:41Z\&#34; level=info msg=\&#34;HOME=/root\&#34;\\ntime=\&#34;2021-06-09T02:16:41Z\&#34; level=info msg=\&#34;nsmServerSocket: /var/lib/networkservicemesh/nsm.server.io.sock\&#34;\\ntime=\&#34;2021-06-09T02:16:41Z\&#34; level=info msg=\&#34;nsmClientSocket: /var/lib/networkservicemesh/nsm.client.io.sock\&#34;\\ntime=\&#34;2021-06-09T02:16:41Z\&#34; level=info msg=\&#34;workspace: /var/lib/networkservicemesh/\&#34;\\ntime=\&#34;2021-06-09T02:16:41Z\&#34; level=info msg=\&#34;ENDPOINT_NETWORK_SERVICE not found.\&#34;\\ntime=\&#34;2021-06-09T02:16:41Z\&#34; level=info msg=\&#34;Outgoing Network Service Name: icmp-responder\&#34;\\ntime=\&#34;2021-06-09T02:16:41Z\&#34; level=info msg=\&#34;ENDPOINT_LABELS not found.\&#34;\\ntime=\&#34;2021-06-09T02:16:41Z\&#34; level=info msg=\&#34;Outgoing labels: app=icmp\&#34;\\ntime=\&#34;2021-06-09T02:16:41Z\&#34; level=info msg=\&#34;NSC_INTERFACE_NAME not found.\&#34;\\ntime=\&#34;2021-06-09T02:16:41Z\&#34; level=info msg=\&#34;MECHANISM_TYPE not found.\&#34;\\ntime=\&#34;2021-06-09T02:16:41Z\&#34; level=info msg=\&#34;IP_ADDRESS not found.\&#34;\\ntime=\&#34;2021-06-09T02:16:41Z\&#34; level=info msg=\&#34;POD_NAME not found.\&#34;\\ntime=\&#34;2021-06-09T02:16:41Z\&#34; level=info msg=\&#34;NSM_NAMESPACE not found.\&#34;\\ntime=\&#34;2021-06-09T02:16:41Z\&#34; level=info msg=\&#34;ROUTES not found.\&#34;\\ntime=\&#34;2021-06-09T02:16:41Z\&#34; level=info msg=\&#34;Creating logger from config: &amp;{nsm-init@nsc false false [] 0xc0000bc060 0xc0000a4620 &lt;nil&gt; &lt;nil&gt; &lt;nil&gt;}\&#34;\\n2021/06/09 02:16:41 debug logging disabled\\n2021/06/09 02:16:41 Initializing logging reporter\\n2021/06/09 02:16:41 debug logging disabled\\ntime=\&#34;2021-06-09T02:16:41Z\&#34; level=info msg=\&#34;==--&gt; RequestNetworkService() span:420fc09251624993:420fc09251624993:0000000000000000:1\&#34;\\ntime=\&#34;2021-06-09T02:16:41Z\&#34; level=info msg=\&#34;ENDPOINT_NETWORK_SERVICE not found.\&#34;\\ntime=\&#34;2021-06-09T02:16:41Z\&#34; level=info msg=\&#34;ENDPOINT_LABELS not found.\&#34;\\ntime=\&#34;2021-06-09T02:16:41Z\&#34; level=info msg=\&#34;NSC_INTERFACE_NAME not found.\&#34;\\ntime=\&#34;2021-06-09T02:16:41Z\&#34; level=info msg=\&#34;MECHANISM_TYPE not found.\&#34;\\ntime=\&#34;2021-06-09T02:16:41Z\&#34; level=info msg=\&#34;IP_ADDRESS not found.\&#34;\\ntime=\&#34;2021-06-09T02:16:41Z\&#34; level=info msg=\&#34;POD_NAME not found.\&#34;\\ntime=\&#34;2021-06-09T02:16:41Z\&#34; level=info msg=\&#34;NSM_NAMESPACE not found.\&#34;\\ntime=\&#34;2021-06-09T02:16:41Z\&#34; level=info msg=\&#34;ROUTES not found.\&#34;\\ntime=\&#34;2021-06-09T02:16:41Z\&#34; level=info msg=\&#34;NSM_NAMESPACE not found.\&#34;\\ntime=\&#34;2021-06-09T02:16:41Z\&#34; level=warning msg=\&#34;global opentracer is already initialized\&#34;\\ntime=\&#34;2021-06-09T02:16:41Z\&#34; level=info msg=\&#34;Creating logger from config: &amp;{nsm-client@nsc false false [] 0xc0000bc660 0xc0000a4c40 &lt;nil&gt; &lt;nil&gt; &lt;nil&gt;}\&#34;\\n2021/06/09 02:16:41 debug logging disabled\\n2021/06/09 02:16:41 Initializing logging reporter\\n2021/06/09 02:16:41 debug logging disabled\\ntime=\&#34;2021-06-09T02:16:41Z\&#34; level=info msg=\&#34;Trying to establish connection to target: /var/lib/networkservicemesh/nsm.server.io.sock\&#34;\\ntime=\&#34;2021-06-09T02:16:41Z\&#34; level=info msg=\&#34;readDialConfig insecure: false\&#34;\\ntime=\&#34;2021-06-09T02:16:41Z\&#34; level=info msg=\&#34;Trying to establish connection with the spire provider at address:unix:///run/spire/sockets/agent.sock\&#34;\\ntime=\&#34;2021-06-09T02:16:41Z\&#34; level=info msg=\&#34;Created the todo context:unix:///run/spire/sockets/agent.sock\&#34;\\nINFO: 2021/06/09 02:16:41 [core] parsed scheme: \&#34;unix\&#34;\\nINFO: 2021/06/09 02:16:41 [core] ccResolverWrapper: sending update to cc: {[{/run/spire/sockets/agent.sock  0xc000398080 0 &lt;nil&gt;}] &lt;nil&gt; &lt;nil&gt;}\\nINFO: 2021/06/09 02:16:41 [core] ClientConn switching balancer to \&#34;pick_first\&#34;\\nINFO: 2021/06/09 02:16:41 [core] Channel switches to new LB policy \&#34;pick_first\&#34;\\nINFO: 2021/06/09 02:16:41 [core] Subchannel Connectivity change to CONNECTING\\nINFO: 2021/06/09 02:16:41 [core] Subchannel picks a new address \&#34;/run/spire/sockets/agent.sock\&#34; to connect\\nINFO: 2021/06/09 02:16:41 [core] blockingPicker: the picked transport is not ready, loop back to repick\\nINFO: 2021/06/09 02:16:41 [core] pickfirstBalancer: UpdateSubConnState: 0xc0003946b0, {CONNECTING &lt;nil&gt;}\\nINFO: 2021/06/09 02:16:41 [core] Channel Connectivity change to CONNECTING\\nINFO: 2021/06/09 02:16:41 [core] Subchannel Connectivity change to READY\\nINFO: 2021/06/09 02:16:41 [core] pickfirstBalancer: UpdateSubConnState: 0xc0003946b0, {READY &lt;nil&gt;}\\nINFO: 2021/06/09 02:16:41 [core] Channel Connectivity change to READY\\ntime=\&#34;2021-06-09T02:16:46Z\&#34; level=info msg=\&#34;Got x509:&amp;{0xc0003ae090 &lt;nil&gt; {{0 0} 0 0 0 0} 0xc0001acfa0 0xc0001bfe60 {{0 0} 0 0 0 0} false} &lt;nil&gt;\&#34;\\ntime=\&#34;2021-06-09T02:16:46Z\&#34; level=info msg=\&#34;Started goroutine\&#34;\\ntime=\&#34;2021-06-09T02:16:46Z\&#34; level=info msg=\&#34;Returning provider\&#34;\\ntime=\&#34;2021-06-09T02:16:46Z\&#34; level=info msg=\&#34;func insecure: false, env insecure: false\&#34;\\ntime=\&#34;2021-06-09T02:16:46Z\&#34; level=info msg=\&#34;Connecting to the workload api at:unix:///run/spire/sockets/agent.sock\&#34;\\nINFO: 2021/06/09 02:16:46 [core] parsed scheme: \&#34;unix\&#34;\\nINFO: 2021/06/09 02:16:46 [core] ccResolverWrapper: sending update to cc: {[{/run/spire/sockets/agent.sock  0xc000182110 0 &lt;nil&gt;}] &lt;nil&gt; &lt;nil&gt;}\\nINFO: 2021/06/09 02:16:46 [core] ClientConn switching balancer to \&#34;pick_first\&#34;\\nINFO: 2021/06/09 02:16:46 [core] Channel switches to new LB policy \&#34;pick_first\&#34;\\nINFO: 2021/06/09 02:16:46 [core] Subchannel Connectivity change to CONNECTING\\nINFO: 2021/06/09 02:16:46 [core] blockingPicker: the picked transport is not ready, loop back to repick\\nINFO: 2021/06/09 02:16:46 [core] Subchannel picks a new address \&#34;/run/spire/sockets/agent.sock\&#34; to connect\\ntime=\&#34;2021-06-09T02:16:46Z\&#34; level=info msg=\&#34;Issued identity:spiffe://test.com/nsc\&#34;\\nINFO: 2021/06/09 02:16:46 [core] pickfirstBalancer: UpdateSubConnState: 0xc0004a4110, {CONNECTING &lt;nil&gt;}\\nINFO: 2021/06/09 02:16:46 [core] Channel Connectivity change to CONNECTING\\nINFO: 2021/06/09 02:16:46 [core] Subchannel Connectivity change to READY\\nINFO: 2021/06/09 02:16:46 [core] pickfirstBalancer: UpdateSubConnState: 0xc0004a4110, {READY &lt;nil&gt;}\\nINFO: 2021/06/09 02:16:46 [core] Channel Connectivity change to READY\\nINFO: 2021/06/09 02:16:46 [core] Channel Connectivity change to SHUTDOWN\\nINFO: 2021/06/09 02:16:46 [core] Subchannel Connectivity change to SHUTDOWN\\ntime=\&#34;2021-06-09T02:16:46Z\&#34; level=info msg=\&#34;Successfully retrieve bundles:&amp;{{{0 0} 0 0 0 0} map[{test.com}:0xc000188b00]}\&#34;\\nINFO: 2021/06/09 02:16:46 [transport] transport: loopyWriter.run returning. connection error: desc = \&#34;transport is closing\&#34;\\ntime=\&#34;2021-06-09T02:16:46Z\&#34; level=info msg=\&#34;defaultTrustDomain:test.com\&#34;\\ntime=\&#34;2021-06-09T02:16:46Z\&#34; level=info msg=\&#34;AUTHORIZING ALL CLIENTS\&#34;\\ntime=\&#34;2021-06-09T02:16:46Z\&#34; level=info msg=\&#34;Fetch tlsConfig for Trust Domain: test.com\&#34;\\ntime=\&#34;2021-06-09T02:16:46Z\&#34; level=info msg=\&#34;Found 1 tlsconfigs.\&#34;\\nINFO: 2021/06/09 02:16:46 [core] parsed scheme: \&#34;\&#34;\\nINFO: 2021/06/09 02:16:46 [core] scheme \&#34;\&#34; not registered, fallback to default scheme\\nINFO: 2021/06/09 02:16:46 [core] ccResolverWrapper: sending update to cc: {[{/var/lib/networkservicemesh/nsm.server.io.sock  &lt;nil&gt; 0 &lt;nil&gt;}] &lt;nil&gt; &lt;nil&gt;}\\nINFO: 2021/06/09 02:16:46 [core] ClientConn switching balancer to \&#34;pick_first\&#34;\\nINFO: 2021/06/09 02:16:46 [core] Channel switches to new LB policy \&#34;pick_first\&#34;\\nINFO: 2021/06/09 02:16:46 [core] Subchannel Connectivity change to CONNECTING\\nINFO: 2021/06/09 02:16:46 [core] Subchannel picks a new address \&#34;/var/lib/networkservicemesh/nsm.server.io.sock\&#34; to connect\\nINFO: 2021/06/09 02:16:46 [core] pickfirstBalancer: UpdateSubConnState: 0xc0004a4b00, {CONNECTING &lt;nil&gt;}\\nINFO: 2021/06/09 02:16:46 [core] Channel Connectivity change to CONNECTING\\nINFO: 2021/06/09 02:16:46 [core] Subchannel Connectivity change to READY\\nINFO: 2021/06/09 02:16:46 [core] pickfirstBalancer: UpdateSubConnState: 0xc0004a4b00, {READY &lt;nil&gt;}\\nINFO: 2021/06/09 02:16:46 [core] Channel Connectivity change to READY\\ntime=\&#34;2021-06-09T02:16:46Z\&#34; level=info msg=\&#34;Found the right tls certificate:&amp;{&lt;nil&gt; &lt;nil&gt; [] map[] &lt;nil&gt; 0x947320 &lt;nil&gt; 0x9473a0 &lt;nil&gt; &lt;nil&gt; []  NoClientCert &lt;nil&gt; true [] false false [0 0 0 0 0 0 0 0 0 0 0 0 0 0 0 0 0 0 0 0 0 0 0 0 0 0 0 0 0 0 0 0] &lt;nil&gt; 0 0 [] false 0 &lt;nil&gt; {{0 0} 0 0 0 0} [] []}\&#34;\\nINFO: 2021/06/09 02:16:46 [core] Channel Connectivity change to SHUTDOWN\\nINFO: 2021/06/09 02:16:46 [core] Subchannel Connectivity change to SHUTDOWN\\nINFO: 2021/06/09 02:16:46 [transport] transport: loopyWriter.run returning. connection error: desc = \&#34;transport is closing\&#34;\\ntime=\&#34;2021-06-09T02:16:46Z\&#34; level=info msg=\&#34;Trying to establish connection using tlsConfig:&amp;{&lt;nil&gt; &lt;nil&gt; [] map[] &lt;nil&gt; 0x947320 &lt;nil&gt; 0x9473a0 &lt;nil&gt; &lt;nil&gt; []  NoClientCert &lt;nil&gt; true [] false false [0 0 0 0 0 0 0 0 0 0 0 0 0 0 0 0 0 0 0 0 0 0 0 0 0 0 0 0 0 0 0 0] &lt;nil&gt; 0 0 [] false 0 &lt;nil&gt; {{0 0} 0 0 0 0} [] []}\&#34;\\nINFO: 2021/06/09 02:16:46 [core] parsed scheme: \&#34;\&#34;\\nINFO: 2021/06/09 02:16:46 [core] scheme \&#34;\&#34; not registered, fallback to default scheme\\nINFO: 2021/06/09 02:16:46 [core] ccResolverWrapper: sending update to cc: {[{/var/lib/networkservicemesh/nsm.server.io.sock  &lt;nil&gt; 0 &lt;nil&gt;}] &lt;nil&gt; &lt;nil&gt;}\\nINFO: 2021/06/09 02:16:46 [core] ClientConn switching balancer to \&#34;pick_first\&#34;\\nINFO: 2021/06/09 02:16:46 [core] Channel switches to new LB policy \&#34;pick_first\&#34;\\nINFO: 2021/06/09 02:16:46 [core] Subchannel Connectivity change to CONNECTING\\nINFO: 2021/06/09 02:16:46 [core] Subchannel picks a new address \&#34;/var/lib/networkservicemesh/nsm.server.io.sock\&#34; to connect\\nINFO: 2021/06/09 02:16:46 [core] pickfirstBalancer: UpdateSubConnState: 0xc0004a5050, {CONNECTING &lt;nil&gt;}\\nINFO: 2021/06/09 02:16:46 [core] Channel Connectivity change to CONNECTING\\nINFO: 2021/06/09 02:16:46 [core] Subchannel Connectivity change to READY\\nINFO: 2021/06/09 02:16:46 [core] pickfirstBalancer: UpdateSubConnState: 0xc0004a5050, {READY &lt;nil&gt;}\\nINFO: 2021/06/09 02:16:46 [core] Channel Connectivity change to READY\\ntime=\&#34;2021-06-09T02:16:46Z\&#34; level=info msg=\&#34;nsm: connection to nsm server on socket: /var/lib/networkservicemesh/nsm.server.io.sock succeeded.\&#34;\\ntime=\&#34;2021-06-09T02:16:46Z\&#34; level=info msg=\&#34;==----&gt; nsmClient.Connect() span:420fc09251624993:40ec08bec498b431:420fc09251624993:1\&#34;\\ntime=\&#34;2021-06-09T02:16:46Z\&#34; level=info msg=\&#34;Initiating an outgoing connection.\&#34; description=\&#34;Primary interface\&#34; destEndpointManager= destEndpointName= mechanism=KERNEL_INTERFACE mechanismName=nsm0 operation=nsmClient.Connect remoteIp= span=\&#34;420fc09251624993:40ec08bec498b431:420fc09251624993:1\&#34;\\ntime=\&#34;2021-06-09T02:16:46Z\&#34; level=info msg=\&#34;Initiating an outgoing connection.\&#34; operation=nsmClient.Connect span=\&#34;420fc09251624993:40ec08bec498b431:420fc09251624993:1\&#34;\\ntime=\&#34;2021-06-09T02:16:46Z\&#34; level=info msg=\&#34;&gt;&gt;&lt;&lt;---- Selected mechanism={\\\&#34;cls\\\&#34;:\\\&#34;LOCAL\\\&#34;,\\\&#34;type\\\&#34;:\\\&#34;KERNEL_INTERFACE\\\&#34;,\\\&#34;parameters\\\&#34;:{\\\&#34;description\\\&#34;:\\\&#34;Primary interface\\\&#34;,\\\&#34;name\\\&#34;:\\\&#34;nsm0\\\&#34;,\\\&#34;netnsInode\\\&#34;:\\\&#34;4026533453\\\&#34;,\\\&#34;socketfile\\\&#34;:\\\&#34;nsm0/memif.sock\\\&#34;}} span=420fc09251624993:40ec08bec498b431:420fc09251624993:1\&#34;\\ntime=\&#34;2021-06-09T02:16:46Z\&#34; level=info msg=\&#34;==------&gt; nsmClient.Connect.attempt:0() span:420fc09251624993:230c6ae188769629:40ec08bec498b431:1\&#34;\\ntime=\&#34;2021-06-09T02:16:46Z\&#34; level=info msg=\&#34;Requesting connection:&lt;network_service:\\\&#34;icmp-responder\\\&#34; context:&lt;ip_context:&lt;src_ip_required:true dst_ip_required:true &gt; &gt; labels:&lt;key:\\\&#34;app\\\&#34; value:\\\&#34;icmp\\\&#34; &gt; labels:&lt;key:\\\&#34;namespace\\\&#34; value:\\\&#34;default\\\&#34; &gt; labels:&lt;key:\\\&#34;podName\\\&#34; value:\\\&#34;nsc\\\&#34; &gt; &gt; mechanism_preferences:&lt;cls:\\\&#34;LOCAL\\\&#34; type:\\\&#34;KERNEL_INTERFACE\\\&#34; parameters:&lt;key:\\\&#34;description\\\&#34; value:\\\&#34;Primary interface\\\&#34; &gt; parameters:&lt;key:\\\&#34;name\\\&#34; value:\\\&#34;nsm0\\\&#34; &gt; parameters:&lt;key:\\\&#34;netnsInode\\\&#34; value:\\\&#34;4026533453\\\&#34; &gt; parameters:&lt;key:\\\&#34;socketfile\\\&#34; value:\\\&#34;nsm0/memif.sock\\\&#34; &gt; &gt; \&#34; operation=\&#34;nsmClient.Connect.attempt:0\&#34; span=\&#34;420fc09251624993:230c6ae188769629:40ec08bec498b431:1\&#34;\\ntime=\&#34;2021-06-09T02:16:46Z\&#34; level=info msg=\&#34;&gt;&gt;&lt;&lt;-------- /networkservice.NetworkService/Request()=\\\&#34;\\\&#34; span=420fc09251624993:230c6ae188769629:40ec08bec498b431:1\&#34;\\ntime=\&#34;2021-06-09T02:16:46Z\&#34; level=info msg=\&#34;&gt;&gt;&lt;&lt;-------- request={\\\&#34;connection\\\&#34;:{\\\&#34;network_service\\\&#34;:\\\&#34;icmp-responder\\\&#34;,\\\&#34;context\\\&#34;:{\\\&#34;ip_context\\\&#34;:{\\\&#34;src_ip_required\\\&#34;:true,\\\&#34;dst_ip_required\\\&#34;:true}},\\\&#34;labels\\\&#34;:{\\\&#34;app\\\&#34;:\\\&#34;icmp\\\&#34;,\\\&#34;namespace\\\&#34;:\\\&#34;default\\\&#34;,\\\&#34;podName\\\&#34;:\\\&#34;nsc\\\&#34;}},\\\&#34;mechanism_preferences\\\&#34;:[{\\\&#34;cls\\\&#34;:\\\&#34;LOCAL\\\&#34;,\\\&#34;type\\\&#34;:\\\&#34;KERNEL_INTERFACE\\\&#34;,\\\&#34;parameters\\\&#34;:{\\\&#34;description\\\&#34;:\\\&#34;Primary interface\\\&#34;,\\\&#34;name\\\&#34;:\\\&#34;nsm0\\\&#34;,\\\&#34;netnsInode\\\&#34;:\\\&#34;4026533453\\\&#34;,\\\&#34;socketfile\\\&#34;:\\\&#34;nsm0/memif.sock\\\&#34;}}]} span=420fc09251624993:230c6ae188769629:40ec08bec498b431:1\&#34;\\n2021/06/09 02:17:46 Reporting span 420fc09251624993:47448b7905595c41:230c6ae188769629:1\\ntime=\&#34;2021-06-09T02:17:46Z\&#34; level=info msg=\&#34;&gt;&gt;&lt;&lt;-------- response={} span=420fc09251624993:230c6ae188769629:40ec08bec498b431:1\&#34;\\ntime=\&#34;2021-06-09T02:17:46Z\&#34; level=error msg=\&#34;&gt;&gt;&lt;&lt;------ error=rpc error: code = DeadlineExceeded desc = context deadline exceeded span=420fc09251624993:230c6ae188769629:40ec08bec498b431:1\&#34;\\ntime=\&#34;2021-06-09T02:17:46Z\&#34; level=error msg=\&#34;nsm client: Failed to connect rpc error: code = DeadlineExceeded desc = context deadline exceeded. Retry attempts: 10 Delaying: 5s\&#34; operation=\&#34;nsmClient.Connect.attempt:0\&#34; span=\&#34;420fc09251624993:230c6ae188769629:40ec08bec498b431:1\&#34;\\n2021/06/09 02:17:46 Reporting span 420fc09251624993:230c6ae188769629:40ec08bec498b431:1\\ntime=\&#34;2021-06-09T02:17:51Z\&#34; level=info msg=\&#34;==------&gt; nsmClient.Connect.attempt:1() span:420fc09251624993:29b7af38eb0148d4:40ec08bec498b431:1\&#34;\\ntime=\&#34;2021-06-09T02:17:51Z\&#34; level=info msg=\&#34;Requesting connection:&lt;network_service:\\\&#34;icmp-responder\\\&#34; context:&lt;ip_context:&lt;src_ip_required:true dst_ip_required:true &gt; &gt; labels:&lt;key:\\\&#34;app\\\&#34; value:\\\&#34;icmp\\\&#34; &gt; labels:&lt;key:\\\&#34;namespace\\\&#34; value:\\\&#34;default\\\&#34; &gt; labels:&lt;key:\\\&#34;podName\\\&#34; value:\\\&#34;nsc\\\&#34; &gt; &gt; mechanism_preferences:&lt;cls:\\\&#34;LOCAL\\\&#34; type:\\\&#34;KERNEL_INTERFACE\\\&#34; parameters:&lt;key:\\\&#34;description\\\&#34; value:\\\&#34;Primary interface\\\&#34; &gt; parameters:&lt;key:\\\&#34;name\\\&#34; value:\\\&#34;nsm0\\\&#34; &gt; parameters:&lt;key:\\\&#34;netnsInode\\\&#34; value:\\\&#34;4026533453\\\&#34; &gt; parameters:&lt;key:\\\&#34;socketfile\\\&#34; value:\\\&#34;nsm0/memif.sock\\\&#34; &gt; &gt; \&#34; operation=\&#34;nsmClient.Connect.attempt:1\&#34; span=\&#34;420fc09251624993:29b7af38eb0148d4:40ec08bec498b431:1\&#34;\\ntime=\&#34;2021-06-09T02:17:51Z\&#34; level=info msg=\&#34;&gt;&gt;&lt;&lt;-------- /networkservice.NetworkService/Request()=\\\&#34;\\\&#34; span=420fc09251624993:29b7af38eb0148d4:40ec08bec498b431:1\&#34;\\ntime=\&#34;2021-06-09T02:17:51Z\&#34; level=info msg=\&#34;&gt;&gt;&lt;&lt;-------- request={\\\&#34;connection\\\&#34;:{\\\&#34;network_service\\\&#34;:\\\&#34;icmp-responder\\\&#34;,\\\&#34;context\\\&#34;:{\\\&#34;ip_context\\\&#34;:{\\\&#34;src_ip_required\\\&#34;:true,\\\&#34;dst_ip_required\\\&#34;:true}},\\\&#34;labels\\\&#34;:{\\\&#34;app\\\&#34;:\\\&#34;icmp\\\&#34;,\\\&#34;namespace\\\&#34;:\\\&#34;default\\\&#34;,\\\&#34;podName\\\&#34;:\\\&#34;nsc\\\&#34;}},\\\&#34;mechanism_preferences\\\&#34;:[{\\\&#34;cls\\\&#34;:\\\&#34;LOCAL\\\&#34;,\\\&#34;type\\\&#34;:\\\&#34;KERNEL_INTERFACE\\\&#34;,\\\&#34;parameters\\\&#34;:{\\\&#34;description\\\&#34;:\\\&#34;Primary interface\\\&#34;,\\\&#34;name\\\&#34;:\\\&#34;nsm0\\\&#34;,\\\&#34;netnsInode\\\&#34;:\\\&#34;4026533453\\\&#34;,\\\&#34;socketfile\\\&#34;:\\\&#34;nsm0/memif.sock\\\&#34;}}]} span=420fc09251624993:29b7af38eb0148d4:40ec08bec498b431:1\&#34;\\n&#34;&#xA;k8s.go:1166:&#xA;goroutine 23 [running]:&#xA;runtime/debug.Stack(0xc0001933b0, 0x223e220, 0x30b6480)&#xA;/usr/local/go/src/runtime/debug/stack.go:24 +0x9f&#xA;github.com/networkservicemesh/networkservicemesh/test/kubetest.(*K8s).waitLogsMatchNamespace(0xc0003e4400, 0x26d9e20, 0xc0000552c0, 0xc00054c400, 0x24be6bc, 0x3, 0xc00070fbc0, 0xc00004c1c0, 0x62, 0xc00011e9d0, ...)&#xA;/Users/nispatil/go/src/github.com/cisco-app-networking/nsm_publish/networkservicemesh/test/kubetest/k8s.go:1166 +0xd85&#xA;github.com/networkservicemesh/networkservicemesh/test/kubetest.(*K8s).waitLogsMatch(...)&#xA;/Users/nispatil/go/src/github.com/cisco-app-networking/nsm_publish/networkservicemesh/test/kubetest/k8s.go:1108&#xA;github.com/networkservicemesh/networkservicemesh/test/kubetest.(*K8s).WaitLogsContains(0xc0003e4400, 0xc00054c400, 0x24be6bc, 0x3, 0x250991f, 0x34, 0x1bf08eb000)&#xA;/Users/nispatil/go/src/github.com/cisco-app-networking/nsm_publish/networkservicemesh/test/kubetest/k8s.go:1031 +0x245&#xA;github.com/networkservicemesh/networkservicemesh/test/kubetest.deployNSC(0xc0003e4400, 0xc00075f3d0, 0xd, 0x24be6bc, 0x3, 0x24be6bc, 0x3, 0x1bf08eb000, 0xc000bd4400, 0xc000bd4400)&#xA;/Users/nispatil/go/src/github.com/cisco-app-networking/nsm_publish/networkservicemesh/test/kubetest/utils.go:545 +0x31c&#xA;github.com/networkservicemesh/networkservicemesh/test/kubetest.DeployMonitoringNSCAndCoredns(0xc0003e4400, 0xc0005ea000, 0x24be6bc, 0x3, 0x1bf08eb000, 0xc000da6800)&#xA;/Users/nispatil/go/src/github.com/cisco-app-networking/nsm_publish/networkservicemesh/test/kubetest/utils.go:386 +0x252&#xA;github.com/networkservicemesh/networkservicemesh/test/integration.TestNsmCorednsNotBreakDefaultK8sDNS(0xc0004a8180)&#xA;/Users/nispatil/go/src/github.com/cisco-app-networking/nsm_publish/networkservicemesh/test/integration/basic_dns_test.go:121 +0x331&#xA;testing.tRunner(0xc0004a8180, 0x25772a8)&#xA;/usr/local/go/src/testing/testing.go:1123 +0xef&#xA;created by testing.(*T).Run&#xA;/usr/local/go/src/testing/testing.go:1168 +0x2b3&#xA;&#xA;Expected&#xA;&lt;bool&gt;: false&#xA;to be true&#xA;E0608 19:18:47.342871   21480 portforward.go:409] error closing listener: close tcp4 127.0.0.1:50425: use of closed network connection&#xA;E0608 19:18:47.342893   21480 portforward.go:409] error closing listener: close tcp6 [::1]:50425: use of closed network connection&#xA;time=&#34;2021-06-08T19:18:47-07:00&#34; level=error msg=&#34;Failed to get logs from jaeger err: previous terminated container \&#34;jaeger\&#34; in pod \&#34;jaeger\&#34; not found&#34;&#xA;time=&#34;2021-06-08T19:18:47-07:00&#34; level=warning msg=&#34;Can not get logs for container: jaeger, Error: previous terminated container \&#34;jaeger\&#34; in pod \&#34;jaeger\&#34; not found&#34;&#xA;time=&#34;2021-06-08T19:18:47-07:00&#34; level=error msg=&#34;Failed to get logs from icmp-responder err: previous terminated container \&#34;icmp-responder\&#34; in pod \&#34;icmp-responder\&#34; not found&#34;&#xA;time=&#34;2021-06-08T19:18:47-07:00&#34; level=warning msg=&#34;Can not get logs for container: icmp-responder, Error: previous terminated container \&#34;icmp-responder\&#34; in pod \&#34;icmp-responder\&#34; not found&#34;&#xA;time=&#34;2021-06-08T19:18:48-07:00&#34; level=error msg=&#34;Failed to get logs from nsmd-forwarder-kind-1-worker err: previous terminated container \&#34;vppagent-forwarder\&#34; in pod \&#34;nsmd-forwarder-kind-1-worker\&#34; not found&#34;&#xA;time=&#34;2021-06-08T19:18:48-07:00&#34; level=warning msg=&#34;Can not get logs for container: vppagent-forwarder, Error: previous terminated container \&#34;vppagent-forwarder\&#34; in pod \&#34;nsmd-forwarder-kind-1-worker\&#34; not found&#34;&#xA;time=&#34;2021-06-08T19:18:48-07:00&#34; level=error msg=&#34;Failed to get logs from prefix-service err: previous terminated container \&#34;prefix-service\&#34; in pod \&#34;prefix-service\&#34; not found&#34;&#xA;time=&#34;2021-06-08T19:18:48-07:00&#34; level=warning msg=&#34;Can not get logs for container: prefix-service, Error: previous terminated container \&#34;prefix-service\&#34; in pod \&#34;prefix-service\&#34; not found&#34;&#xA;time=&#34;2021-06-08T19:18:49-07:00&#34; level=error msg=&#34;Failed to get logs from nsc err: previous terminated container \&#34;nsc\&#34; in pod \&#34;nsc\&#34; not found&#34;&#xA;time=&#34;2021-06-08T19:18:49-07:00&#34; level=warning msg=&#34;Can not get logs for container: nsc, Error: previous terminated container \&#34;nsc\&#34; in pod \&#34;nsc\&#34; not found&#34;&#xA;time=&#34;2021-06-08T19:18:49-07:00&#34; level=error msg=&#34;Failed to get logs from spire-proxy err: previous terminated container \&#34;spire-proxy\&#34; in pod \&#34;spire-proxy\&#34; not found&#34;&#xA;time=&#34;2021-06-08T19:18:49-07:00&#34; level=warning msg=&#34;Can not get logs for container: spire-proxy, Error: previous terminated container \&#34;spire-proxy\&#34; in pod \&#34;spire-proxy\&#34; not found&#34;&#xA;time=&#34;2021-06-08T19:18:49-07:00&#34; level=error msg=&#34;Failed to get logs from nsmgr-kind-1-worker err: previous terminated container \&#34;nsmdp\&#34; in pod \&#34;nsmgr-kind-1-worker\&#34; not found&#34;&#xA;time=&#34;2021-06-08T19:18:49-07:00&#34; level=warning msg=&#34;Can not get logs for container: nsmdp, Error: previous terminated container \&#34;nsmdp\&#34; in pod \&#34;nsmgr-kind-1-worker\&#34; not found&#34;&#xA;time=&#34;2021-06-08T19:18:49-07:00&#34; level=error msg=&#34;Failed to get logs from nsc err: previous terminated container \&#34;nsm-dns-init\&#34; in pod \&#34;nsc\&#34; not found&#34;&#xA;time=&#34;2021-06-08T19:18:49-07:00&#34; level=warning msg=&#34;Can not get logs for container: nsm-dns-init, Error: previous terminated container \&#34;nsm-dns-init\&#34; in pod \&#34;nsc\&#34; not found&#34;&#xA;time=&#34;2021-06-08T19:18:49-07:00&#34; level=info msg=&#34;artifacts: [0xc0001a5540 0xc0001c6380 0xc000a9e8c0 0xc0001a4680 0xc0001a47c0 0xc0001a4c00 0xc0001a4e00 0xc000160e80 0xc000161700 0xc000161740 0xc000161c00]&#34;&#xA;time=&#34;2021-06-08T19:18:49-07:00&#34; level=info msg=&#34;Deleting nsc&#34;&#xA;time=&#34;2021-06-08T19:18:49-07:00&#34; level=info msg=&#34;Deleting nsmd-forwarder-kind-1-worker&#34;&#xA;time=&#34;2021-06-08T19:18:49-07:00&#34; level=info msg=&#34;Deleting jaeger&#34;&#xA;time=&#34;2021-06-08T19:18:49-07:00&#34; level=info msg=&#34;Deleting nsmgr-kind-1-worker&#34;&#xA;time=&#34;2021-06-08T19:18:49-07:00&#34; level=info msg=&#34;Deleting spire-proxy&#34;&#xA;time=&#34;2021-06-08T19:18:49-07:00&#34; level=info msg=&#34;Deleting prefix-service&#34;&#xA;time=&#34;2021-06-08T19:18:49-07:00&#34; level=info msg=&#34;Deleting icmp-responder&#34;&#xA;E0608 19:18:49.895970   21480 portforward.go:409] error closing listener: close tcp4 127.0.0.1:50382: use of closed network connection&#xA;E0608 19:18:49.895983   21480 portforward.go:409] error closing listener: close tcp6 [::1]:50382: use of closed network connection&#xA;I0608 19:18:51.088342   21480 request.go:621] Throttling request took 1.192421478s, request: DELETE:https://127.0.0.1:55081/api/v1/namespaces/nsm-system/pods/nsmgr-kind-1-worker&#xA;time=&#34;2021-06-08T19:18:52-07:00&#34; level=warning msg=&#34;The POD &#39;nsc&#39; Deleted 2.39730311s&#34;&#xA;time=&#34;2021-06-08T19:18:52-07:00&#34; level=warning msg=&#34;The POD &#39;nsmd-forwarder-kind-1-worker&#39; Deleted 2.795700168s&#34;&#xA;time=&#34;2021-06-08T19:18:53-07:00&#34; level=warning msg=&#34;The POD &#39;spire-proxy&#39; Deleted 3.193839151s&#34;&#xA;time=&#34;2021-06-08T19:18:53-07:00&#34; level=warning msg=&#34;The POD &#39;prefix-service&#39; Deleted 3.498849359s&#34;&#xA;time=&#34;2021-06-08T19:18:53-07:00&#34; level=warning msg=&#34;The POD &#39;icmp-responder&#39; Deleted 3.590490747s&#34;&#xA;time=&#34;2021-06-08T19:18:57-07:00&#34; level=warning msg=&#34;The POD &#39;nsmgr-kind-1-worker&#39; Deleted 7.396141357s&#34;&#xA;time=&#34;2021-06-08T19:18:57-07:00&#34; level=warning msg=&#34;The POD &#39;jaeger&#39; Deleted 7.591005289s&#34;&#xA;time=&#34;2021-06-08T19:18:57-07:00&#34; level=info msg=&#34;namespace nsm-system is deleted&#34;&#xA;time=&#34;2021-06-08T19:18:57-07:00&#34; level=info msg=&#34;Cleanup time: 7.799195115s&#34;&#xA;--- FAIL: TestNsmCorednsNotBreakDefaultK8sDNS (196.88s)&#xA;FAIL&#xA;FAIL&#x9;github.com/networkservicemesh/networkservicemesh/test/integration&#x9;197.310s&#xA;FAIL&#xA;TestNsmCorednsNotBreakDefaultK8sDNS: OnFail: running on fail script operations with KUBECONFIG=/Users/nispatil/go/src/github.com/cisco-app-networking/nsm_publish/networkservicemesh/.tests/cloud_test/single-cluster/shell/kind-1/config on cloud kind-1&#xA;make -i k8s-deconfig helm-delete k8s-terminating-cleanup k8s-delete-nsm-namespaces || true&#xA;helm uninstall config --namespace nsm-system || true&#xA;WARNING: Kubernetes configuration file is group-readable. This is insecure. Location: /Users/nispatil/go/src/github.com/cisco-app-networking/nsm_publish/networkservicemesh/.tests/cloud_test/single-cluster/shell/kind-1/config&#xA;WARNING: Kubernetes configuration file is world-readable. This is insecure. Location: /Users/nispatil/go/src/github.com/cisco-app-networking/nsm_publish/networkservicemesh/.tests/cloud_test/single-cluster/shell/kind-1/config&#xA;Error: uninstall: Release not loaded: config: release: not found&#xA;./scripts/helm-nsm-uninstall.sh --nsm_namespace nsm-system --all&#xA;&#xA;Helm version detected: v3.3.4&#xA;Cleaning up NSM&#xA;xargs: illegal option -- -&#xA;usage: xargs [-0opt] [-E eofstr] [-I replstr [-R replacements] [-S replsize]]&#xA;[-J replstr] [-L number] [-n number [-x]] [-P maxprocs]&#xA;[-s size] [utility [argument ...]]&#xA;WARNING: Kubernetes configuration file is group-readable. This is insecure. Location: /Users/nispatil/go/src/github.com/cisco-app-networking/nsm_publish/networkservicemesh/.tests/cloud_test/single-cluster/shell/kind-1/config&#xA;WARNING: Kubernetes configuration file is world-readable. This is insecure. Location: /Users/nispatil/go/src/github.com/cisco-app-networking/nsm_publish/networkservicemesh/.tests/cloud_test/single-cluster/shell/kind-1/config&#xA;make[1]: [helm-delete] Error 1 (ignored)&#xA;xargs: illegal option -- -&#xA;usage: xargs [-0opt] [-E eofstr] [-I replstr [-R replacements] [-S replsize]]&#xA;[-J replstr] [-L number] [-n number [-x]] [-P maxprocs]&#xA;[-s size] [utility [argument ...]]&#xA;No resources found in nsm-system namespace.&#xA;make[1]: [k8s-terminating-cleanup] Error 1 (ignored)&#xA;Running delete-nsm-namespaces script&#xA;NSM_NAMESPACE=nsm-system&#xA;Checking ns: default&#xA;Checking ns: kube-node-lease&#xA;Checking ns: kube-public&#xA;Checking ns: kube-system&#xA;Checking ns: local-path-storage&#xA;Checking ns: nsm-system&#xA;Deleting ns: nsm-system&#xA;warning: Immediate deletion does not wait for confirmation that the running resource has been terminated. The resource may continue to run on the cluster indefinitely.&#xA;No resources found&#xA;namespace &#34;nsm-system&#34; deleted&#xA;Checking ns: spire&#xA;make k8s-config &amp;&amp; echo &#34;Cluster reset successfull&#34;&#xA;namespace/nsm-system created&#xA;helm --namespace nsm-system install config deployments/helm/nsm/charts/config&#xA;WARNING: Kubernetes configuration file is group-readable. This is insecure. Location: /Users/nispatil/go/src/github.com/cisco-app-networking/nsm_publish/networkservicemesh/.tests/cloud_test/single-cluster/shell/kind-1/config&#xA;WARNING: Kubernetes configuration file is world-readable. This is insecure. Location: /Users/nispatil/go/src/github.com/cisco-app-networking/nsm_publish/networkservicemesh/.tests/cloud_test/single-cluster/shell/kind-1/config&#xA;NAME: config&#xA;LAST DEPLOYED: Tue Jun  8 19:19:06 2021&#xA;NAMESPACE: nsm-system&#xA;STATUS: deployed&#xA;REVISION: 1&#xA;TEST SUITE: None&#xA;Cluster reset successfull</failure>
                  </testcase>
                  <testcase classname="" name="TestNSMgrRestartRestoreNSE" time="214.149942631" cluster_instance="kind-1">
                      <failure message="Test execution failed TestNSMgrRestartRestoreNSE" type="ERROR">Execution attempt: 0 Output file: .tests/cloud_test/single-cluster/kind-1/009-TestNSMgrRestartRestoreNSE-run.log&#xA;Starting TestNSMgrRestartRestoreNSE on kind-1&#xA;Command line go test . -test.timeout 10m0s -count 1 --run &#34;^(TestNSMgrRestartRestoreNSE)$\\z&#34; --tags &#34;basic&#34; --test.v&#xA;env==[KUBECONFIG=/Users/nispatil/go/src/github.com/cisco-app-networking/nsm_publish/networkservicemesh/.tests/cloud_test/single-cluster/shell/kind-1/config ARTIFACTS_DIR=/Users/nispatil/go/src/github.com/cisco-app-networking/nsm_publish/networkservicemesh/.tests/cloud_test/single-cluster/kind-1/TestNSMgrRestartRestoreNSE]&#xA;&#xA;=== RUN   TestNSMgrRestartRestoreNSE&#xA;time=&#34;2021-06-08T19:21:46-07:00&#34; level=info msg=&#34;Using Kubeconfig: /Users/nispatil/go/src/github.com/cisco-app-networking/nsm_publish/networkservicemesh/.tests/cloud_test/single-cluster/shell/kind-1/config&#34;&#xA;time=&#34;2021-06-08T19:21:46-07:00&#34; level=info msg=&#34;FORWARDING_PLANE not set, using default forwarder - vpp&#34;&#xA;time=&#34;2021-06-08T19:21:46-07:00&#34; level=info msg=&#34;Creating artifact manager with config: &amp;{4 false /Users/nispatil/go/src/github.com/cisco-app-networking/nsm_publish/networkservicemesh/.tests/cloud_test/single-cluster/kind-1/TestNSMgrRestartRestoreNSE}&#34;&#xA;time=&#34;2021-06-08T19:21:46-07:00&#34; level=error msg=&#34;Error during create of test namespace failed to create a namespace: namespaces \&#34;nsm-system\&#34; already exists&#34;&#xA;time=&#34;2021-06-08T19:21:46-07:00&#34; level=info msg=&#34;Checking availability of API server on 127.0.0.1&#34;&#xA;time=&#34;2021-06-08T19:21:50-07:00&#34; level=info msg=&#34;PING 127.0.0.1 (127.0.0.1): 56 data bytes\n64 bytes from 127.0.0.1: icmp_seq=0 ttl=64 time=0.043 ms\n64 bytes from 127.0.0.1: icmp_seq=1 ttl=64 time=0.161 ms\n64 bytes from 127.0.0.1: icmp_seq=2 ttl=64 time=0.164 ms\n64 bytes from 127.0.0.1: icmp_seq=3 ttl=64 time=0.068 ms\n64 bytes from 127.0.0.1: icmp_seq=4 ttl=64 time=0.154 ms\n\n--- 127.0.0.1 ping statistics ---\n5 packets transmitted, 5 packets received, 0.0%!p(MISSING)acket loss\nround-trip min/avg/max/stddev = 0.043/0.118/0.164/0.052 ms\n&#34;&#xA;time=&#34;2021-06-08T19:21:50-07:00&#34; level=info msg=&#34;USE_IPV6 not set, using default false&#34;&#xA;time=&#34;2021-06-08T19:21:50-07:00&#34; level=error msg=&#34;serviceaccounts \&#34;nsc-acc\&#34; not found&#34;&#xA;time=&#34;2021-06-08T19:21:50-07:00&#34; level=error msg=&#34;serviceaccounts \&#34;nse-acc\&#34; not found&#34;&#xA;time=&#34;2021-06-08T19:21:50-07:00&#34; level=error msg=&#34;serviceaccounts \&#34;nsmgr-acc\&#34; not found&#34;&#xA;time=&#34;2021-06-08T19:21:50-07:00&#34; level=error msg=&#34;serviceaccounts \&#34;nsmrs-acc\&#34; not found&#34;&#xA;time=&#34;2021-06-08T19:21:50-07:00&#34; level=error msg=&#34;serviceaccounts \&#34;forward-plane-acc\&#34; not found&#34;&#xA;time=&#34;2021-06-08T19:21:50-07:00&#34; level=error msg=&#34;serviceaccounts \&#34;crossconnect-monitor-acc\&#34; not found&#34;&#xA;time=&#34;2021-06-08T19:21:51-07:00&#34; level=error msg=&#34;serviceaccounts \&#34;proxy-nsmgr-acc\&#34; not found&#34;&#xA;time=&#34;2021-06-08T19:21:51-07:00&#34; level=info msg=&#34;Cleanup done: 840.296107ms&#34;&#xA;time=&#34;2021-06-08T19:21:51-07:00&#34; level=info msg=&#34;&amp;ServiceAccount{ObjectMeta:{default  nsm-system /api/v1/namespaces/nsm-system/serviceaccounts/default 1766604e-35aa-4f74-8394-94c37843a6d7 3063 0 2021-06-08 19:21:39 -0700 PDT &lt;nil&gt; &lt;nil&gt; map[] map[] [] []  []},Secrets:[]ObjectReference{ObjectReference{Kind:,Namespace:,Name:default-token-lvfkh,UID:,APIVersion:,ResourceVersion:,FieldPath:,},},ImagePullSecrets:[]LocalObjectReference{},AutomountServiceAccountToken:nil,}&#34;&#xA;I0608 19:21:52.359836   22882 request.go:621] Throttling request took 1.164203764s, request: POST:https://127.0.0.1:55081/api/v1/namespaces/nsm-system/serviceaccounts&#xA;time=&#34;2021-06-08T19:21:52-07:00&#34; level=info msg=&#34;&amp;ServiceAccount{ObjectMeta:{nsmgr-acc  nsm-system /api/v1/namespaces/nsm-system/serviceaccounts/nsmgr-acc 72718225-cd1f-414a-8a6d-d9e6768bc48d 3131 0 2021-06-08 19:21:51 -0700 PDT &lt;nil&gt; &lt;nil&gt; map[] map[] [] []  []},Secrets:[]ObjectReference{ObjectReference{Kind:,Namespace:,Name:nsmgr-acc-token-8sx55,UID:,APIVersion:,ResourceVersion:,FieldPath:,},},ImagePullSecrets:[]LocalObjectReference{},AutomountServiceAccountToken:nil,}&#34;&#xA;time=&#34;2021-06-08T19:21:53-07:00&#34; level=info msg=&#34;&amp;ServiceAccount{ObjectMeta:{nsmrs-acc  nsm-system /api/v1/namespaces/nsm-system/serviceaccounts/nsmrs-acc d0d14289-2fce-425f-9fdc-36a9761a8bd5 3134 0 2021-06-08 19:21:51 -0700 PDT &lt;nil&gt; &lt;nil&gt; map[] map[] [] []  []},Secrets:[]ObjectReference{ObjectReference{Kind:,Namespace:,Name:nsmrs-acc-token-7tsc6,UID:,APIVersion:,ResourceVersion:,FieldPath:,},},ImagePullSecrets:[]LocalObjectReference{},AutomountServiceAccountToken:nil,}&#34;&#xA;time=&#34;2021-06-08T19:21:53-07:00&#34; level=info msg=&#34;&amp;ServiceAccount{ObjectMeta:{nse-acc  nsm-system /api/v1/namespaces/nsm-system/serviceaccounts/nse-acc 97d37b9a-04c7-48ae-be2d-70a1fbff93b3 3137 0 2021-06-08 19:21:51 -0700 PDT &lt;nil&gt; &lt;nil&gt; map[] map[] [] []  []},Secrets:[]ObjectReference{ObjectReference{Kind:,Namespace:,Name:nse-acc-token-c4sl6,UID:,APIVersion:,ResourceVersion:,FieldPath:,},},ImagePullSecrets:[]LocalObjectReference{},AutomountServiceAccountToken:nil,}&#34;&#xA;time=&#34;2021-06-08T19:21:53-07:00&#34; level=info msg=&#34;&amp;ServiceAccount{ObjectMeta:{forward-plane-acc  nsm-system /api/v1/namespaces/nsm-system/serviceaccounts/forward-plane-acc 9bab5b12-9871-4636-9597-e8b006622c37 3140 0 2021-06-08 19:21:52 -0700 PDT &lt;nil&gt; &lt;nil&gt; map[] map[] [] []  []},Secrets:[]ObjectReference{ObjectReference{Kind:,Namespace:,Name:forward-plane-acc-token-sncwj,UID:,APIVersion:,ResourceVersion:,FieldPath:,},},ImagePullSecrets:[]LocalObjectReference{},AutomountServiceAccountToken:nil,}&#34;&#xA;time=&#34;2021-06-08T19:21:53-07:00&#34; level=info msg=&#34;&amp;ServiceAccount{ObjectMeta:{crossconnect-monitor-acc  nsm-system /api/v1/namespaces/nsm-system/serviceaccounts/crossconnect-monitor-acc ddbdd5f4-f79c-4ff1-ae64-220aff7a96ff 3143 0 2021-06-08 19:21:52 -0700 PDT &lt;nil&gt; &lt;nil&gt; map[] map[] [] []  []},Secrets:[]ObjectReference{ObjectReference{Kind:,Namespace:,Name:crossconnect-monitor-acc-token-fnt57,UID:,APIVersion:,ResourceVersion:,FieldPath:,},},ImagePullSecrets:[]LocalObjectReference{},AutomountServiceAccountToken:nil,}&#34;&#xA;time=&#34;2021-06-08T19:21:53-07:00&#34; level=info msg=&#34;&amp;ServiceAccount{ObjectMeta:{proxy-nsmgr-acc  nsm-system /api/v1/namespaces/nsm-system/serviceaccounts/proxy-nsmgr-acc 9bcf7009-75d6-4059-b1c5-5f78f309e46f 3146 0 2021-06-08 19:21:52 -0700 PDT &lt;nil&gt; &lt;nil&gt; map[] map[] [] []  []},Secrets:[]ObjectReference{ObjectReference{Kind:,Namespace:,Name:proxy-nsmgr-acc-token-787kg,UID:,APIVersion:,ResourceVersion:,FieldPath:,},},ImagePullSecrets:[]LocalObjectReference{},AutomountServiceAccountToken:nil,}&#34;&#xA;time=&#34;2021-06-08T19:21:54-07:00&#34; level=info msg=&#34;&amp;ServiceAccount{ObjectMeta:{nsc-acc  nsm-system /api/v1/namespaces/nsm-system/serviceaccounts/nsc-acc 5f23cb1f-1451-4f57-a2d6-f1054195f658 3150 0 2021-06-08 19:21:52 -0700 PDT &lt;nil&gt; &lt;nil&gt; map[] map[] [] []  []},Secrets:[]ObjectReference{ObjectReference{Kind:,Namespace:,Name:nsc-acc-token-hvkfs,UID:,APIVersion:,ResourceVersion:,FieldPath:,},},ImagePullSecrets:[]LocalObjectReference{},AutomountServiceAccountToken:nil,}&#34;&#xA;time=&#34;2021-06-08T19:21:54-07:00&#34; level=info msg=&#34;Creating ConfigMap &#39;nsm-config&#39; in namespace&#39;nsm-system&#39;...&#34;&#xA;time=&#34;2021-06-08T19:21:54-07:00&#34; level=info msg=&#34;Using image: containers.cisco.com/appn/prefix-service:vl3_latest&#34;&#xA;time=&#34;2021-06-08T19:21:54-07:00&#34; level=info msg=&#34;Using image: containers.cisco.com/appn/test-common:vl3_latest&#34;&#xA;time=&#34;2021-06-08T19:21:54-07:00&#34; level=info msg=&#34;role is created: &amp;ClusterRole{ObjectMeta:{nsm-role  nsm-system    0 0001-01-01 00:00:00 +0000 UTC &lt;nil&gt; &lt;nil&gt; map[rbac.authorization.k8s.io/aggregate-to-admin:true rbac.authorization.k8s.io/aggregate-to-edit:true] map[] [] []  []},Rules:[]PolicyRule{PolicyRule{Verbs:[*],APIGroups:[networkservicemesh.io],Resources:[networkservices networkserviceendpoints networkservicemanagers],ResourceNames:[],NonResourceURLs:[],},PolicyRule{Verbs:[*],APIGroups:[apiextensions.k8s.io],Resources:[customresourcedefinitions],ResourceNames:[],NonResourceURLs:[],},PolicyRule{Verbs:[get update],APIGroups:[],Resources:[configmaps],ResourceNames:[],NonResourceURLs:[],},PolicyRule{Verbs:[get list watch],APIGroups:[],Resources:[nodes services namespaces],ResourceNames:[],NonResourceURLs:[],},},AggregationRule:nil,}&#34;&#xA;time=&#34;2021-06-08T19:21:54-07:00&#34; level=info msg=&#34;role is created: &amp;ClusterRole{ObjectMeta:{aggregate-network-services-view  nsm-system    0 0001-01-01 00:00:00 +0000 UTC &lt;nil&gt; &lt;nil&gt; map[rbac.authorization.k8s.io/aggregate-to-view:true] map[] [] []  []},Rules:[]PolicyRule{PolicyRule{Verbs:[get list watch],APIGroups:[networkservicemesh.io],Resources:[networkservices],ResourceNames:[],NonResourceURLs:[],},},AggregationRule:nil,}&#34;&#xA;time=&#34;2021-06-08T19:21:54-07:00&#34; level=info msg=&#34;role is created: &amp;ClusterRoleBinding{ObjectMeta:{nsm-role-binding      0 0001-01-01 00:00:00 +0000 UTC &lt;nil&gt; &lt;nil&gt; map[] map[] [] []  []},Subjects:[]Subject{Subject{Kind:ServiceAccount,APIGroup:,Name:nsmgr-acc,Namespace:nsm-system,},Subject{Kind:ServiceAccount,APIGroup:,Name:proxy-nsmgr-acc,Namespace:nsm-system,},Subject{Kind:ServiceAccount,APIGroup:,Name:crossconnect-monitor-acc,Namespace:nsm-system,},},RoleRef:RoleRef{APIGroup:rbac.authorization.k8s.io,Kind:ClusterRole,Name:nsm-role,},}&#34;&#xA;time=&#34;2021-06-08T19:21:57-07:00&#34; level=info msg=&#34;Trying to establish connection with the spire provider at address:tcp://127.0.0.1:50532&#34;&#xA;time=&#34;2021-06-08T19:21:57-07:00&#34; level=info msg=&#34;Created the todo context:tcp://127.0.0.1:50532&#34;&#xA;time=&#34;2021-06-08T19:21:57-07:00&#34; level=info msg=&#34;Got x509:&amp;{0xc00098db90 &lt;nil&gt; {{0 0} 0 0 0 0} 0xc00003d4a0 0xc000592900 {{0 0} 0 0 0 0} false} &lt;nil&gt;&#34;&#xA;time=&#34;2021-06-08T19:21:57-07:00&#34; level=info msg=&#34;Started goroutine&#34;&#xA;time=&#34;2021-06-08T19:21:57-07:00&#34; level=info msg=&#34;Returning provider&#34;&#xA;time=&#34;2021-06-08T19:21:57-07:00&#34; level=info msg=&#34;Issued identity:spiffe://test.com/nsmgr&#34;&#xA;time=&#34;2021-06-08T19:21:57-07:00&#34; level=info msg=&#34;Checking node: kind-1-control-plane&#34;&#xA;time=&#34;2021-06-08T19:21:57-07:00&#34; level=info msg=&#34;Checking node: kind-1-worker&#34;&#xA;time=&#34;2021-06-08T19:21:57-07:00&#34; level=info msg=&#34;Checking node: kind-1-worker2&#34;&#xA;time=&#34;2021-06-08T19:21:57-07:00&#34; level=info msg=&#34;Using image: jaegertracing/all-in-one:1.14.0&#34;&#xA;time=&#34;2021-06-08T19:22:00-07:00&#34; level=info msg=&#34;getting logs without container jaeger=none&#34;&#xA;time=&#34;2021-06-08T19:22:00-07:00&#34; level=info msg=&#34;Using image: containers.cisco.com/appn/nsmdp:vl3_latest&#34;&#xA;time=&#34;2021-06-08T19:22:00-07:00&#34; level=info msg=&#34;Using image: containers.cisco.com/appn/nsmd:vl3_latest&#34;&#xA;time=&#34;2021-06-08T19:22:00-07:00&#34; level=info msg=&#34;Using image: containers.cisco.com/appn/nsmd-k8s:vl3_latest&#34;&#xA;time=&#34;2021-06-08T19:22:00-07:00&#34; level=info msg=&#34;Using image: containers.cisco.com/appn/vppagent-forwarder:vl3_latest&#34;&#xA;time=&#34;2021-06-08T19:22:13-07:00&#34; level=info msg=&#34;Started NSMgr/Forwarder: 12.670102443s on node kind-1-worker&#34;&#xA;time=&#34;2021-06-08T19:22:13-07:00&#34; level=info msg=&#34;Using image: containers.cisco.com/appn/test-common:vl3_latest&#34;&#xA;time=&#34;2021-06-08T19:22:13-07:00&#34; level=info msg=&#34;Starting ICMP Responder NSE on node: kind-1-worker &#34;&#xA;time=&#34;2021-06-08T19:22:18-07:00&#34; level=info msg=&#34;getting logs without container icmp-responder-nse-1=none&#34;&#xA;time=&#34;2021-06-08T19:22:19-07:00&#34; level=info msg=&#34;ICMP Responder icmp-responder-nse-1 started done: 6.147631601s&#34;&#xA;time=&#34;2021-06-08T19:22:19-07:00&#34; level=info msg=&#34;NSE created: icmp-responder4r75t&#34;&#xA;time=&#34;2021-06-08T19:22:19-07:00&#34; level=info msg=&#34;Using image: containers.cisco.com/appn/test-common:vl3_latest&#34;&#xA;time=&#34;2021-06-08T19:22:19-07:00&#34; level=info msg=&#34;Starting ICMP Responder NSE on node: kind-1-worker &#34;&#xA;time=&#34;2021-06-08T19:22:20-07:00&#34; level=info msg=&#34;getting logs without container icmp-responder-nse-2=none&#34;&#xA;time=&#34;2021-06-08T19:22:21-07:00&#34; level=info msg=&#34;ICMP Responder icmp-responder-nse-2 started done: 1.985178682s&#34;&#xA;time=&#34;2021-06-08T19:22:21-07:00&#34; level=info msg=&#34;NSE created: icmp-respondertbc4x&#34;&#xA;time=&#34;2021-06-08T19:22:21-07:00&#34; level=info msg=&#34;Using image: containers.cisco.com/appn/test-common:vl3_latest&#34;&#xA;time=&#34;2021-06-08T19:22:21-07:00&#34; level=info msg=&#34;Starting ICMP Responder NSE on node: kind-1-worker &#34;&#xA;time=&#34;2021-06-08T19:22:22-07:00&#34; level=info msg=&#34;getting logs without container icmp-responder-nse-3=none&#34;&#xA;time=&#34;2021-06-08T19:22:23-07:00&#34; level=info msg=&#34;ICMP Responder icmp-responder-nse-3 started done: 1.978358871s&#34;&#xA;time=&#34;2021-06-08T19:22:23-07:00&#34; level=info msg=&#34;NSE created: icmp-responder46jdq&#34;&#xA;time=&#34;2021-06-08T19:22:23-07:00&#34; level=info msg=&#34;Deleting nsmgr-kind-1-worker&#34;&#xA;time=&#34;2021-06-08T19:22:36-07:00&#34; level=warning msg=&#34;The POD &#39;nsmgr-kind-1-worker&#39; Deleted 13.755148036s&#34;&#xA;time=&#34;2021-06-08T19:22:36-07:00&#34; level=info msg=&#34;NSEs deleted: icmp-responder4r75t, icmp-respondertbc4x&#34;&#xA;time=&#34;2021-06-08T19:22:36-07:00&#34; level=info msg=&#34;Deleting icmp-responder-nse-1&#34;&#xA;time=&#34;2021-06-08T19:22:37-07:00&#34; level=warning msg=&#34;The POD &#39;icmp-responder-nse-1&#39; Deleted 372.950465ms&#34;&#xA;time=&#34;2021-06-08T19:22:37-07:00&#34; level=info msg=&#34;Using image: containers.cisco.com/appn/nsmdp:vl3_latest&#34;&#xA;time=&#34;2021-06-08T19:22:37-07:00&#34; level=info msg=&#34;Using image: containers.cisco.com/appn/nsmd:vl3_latest&#34;&#xA;time=&#34;2021-06-08T19:22:37-07:00&#34; level=info msg=&#34;Using image: containers.cisco.com/appn/nsmd-k8s:vl3_latest&#34;&#xA;time=&#34;2021-06-08T19:24:49-07:00&#34; level=info msg=&#34;pod info: nsmgr-kind-1-worker {\&#34;metadata\&#34;:{\&#34;name\&#34;:\&#34;nsmgr-kind-1-worker\&#34;,\&#34;namespace\&#34;:\&#34;nsm-system\&#34;,\&#34;selfLink\&#34;:\&#34;/api/v1/namespaces/nsm-system/pods/nsmgr-kind-1-worker\&#34;,\&#34;uid\&#34;:\&#34;0856acf4-6ea9-40d9-b626-8e7f6704c816\&#34;,\&#34;resourceVersion\&#34;:\&#34;3434\&#34;,\&#34;creationTimestamp\&#34;:\&#34;2021-06-09T02:22:37Z\&#34;},\&#34;spec\&#34;:{\&#34;volumes\&#34;:[{\&#34;name\&#34;:\&#34;kubelet-socket\&#34;,\&#34;hostPath\&#34;:{\&#34;path\&#34;:\&#34;/var/lib/kubelet/device-plugins\&#34;,\&#34;type\&#34;:\&#34;DirectoryOrCreate\&#34;}},{\&#34;name\&#34;:\&#34;nsm-socket\&#34;,\&#34;hostPath\&#34;:{\&#34;path\&#34;:\&#34;/var/lib/networkservicemesh\&#34;,\&#34;type\&#34;:\&#34;DirectoryOrCreate\&#34;}},{\&#34;name\&#34;:\&#34;nsm-config-volume\&#34;,\&#34;configMap\&#34;:{\&#34;name\&#34;:\&#34;nsm-config\&#34;,\&#34;defaultMode\&#34;:420}},{\&#34;name\&#34;:\&#34;spire-agent-socket\&#34;,\&#34;hostPath\&#34;:{\&#34;path\&#34;:\&#34;/run/spire/sockets\&#34;,\&#34;type\&#34;:\&#34;DirectoryOrCreate\&#34;}},{\&#34;name\&#34;:\&#34;nsmgr-acc-token-8sx55\&#34;,\&#34;secret\&#34;:{\&#34;secretName\&#34;:\&#34;nsmgr-acc-token-8sx55\&#34;,\&#34;defaultMode\&#34;:420}}],\&#34;containers\&#34;:[{\&#34;name\&#34;:\&#34;nsmdp\&#34;,\&#34;image\&#34;:\&#34;containers.cisco.com/appn/nsmdp:vl3_latest\&#34;,\&#34;ports\&#34;:[{\&#34;hostPort\&#34;:5001,\&#34;containerPort\&#34;:5001,\&#34;protocol\&#34;:\&#34;TCP\&#34;}],\&#34;env\&#34;:[{\&#34;name\&#34;:\&#34;NSMD_LOCAL_REGISTRY_DELETE\&#34;,\&#34;value\&#34;:\&#34;false\&#34;}],\&#34;resources\&#34;:{\&#34;limits\&#34;:{\&#34;cpu\&#34;:\&#34;1\&#34;},\&#34;requests\&#34;:{\&#34;cpu\&#34;:\&#34;1m\&#34;}},\&#34;volumeMounts\&#34;:[{\&#34;name\&#34;:\&#34;kubelet-socket\&#34;,\&#34;mountPath\&#34;:\&#34;/var/lib/kubelet/device-plugins\&#34;},{\&#34;name\&#34;:\&#34;nsm-socket\&#34;,\&#34;mountPath\&#34;:\&#34;/var/lib/networkservicemesh\&#34;},{\&#34;name\&#34;:\&#34;spire-agent-socket\&#34;,\&#34;readOnly\&#34;:true,\&#34;mountPath\&#34;:\&#34;/run/spire/sockets\&#34;},{\&#34;name\&#34;:\&#34;nsmgr-acc-token-8sx55\&#34;,\&#34;readOnly\&#34;:true,\&#34;mountPath\&#34;:\&#34;/var/run/secrets/kubernetes.io/serviceaccount\&#34;}],\&#34;terminationMessagePath\&#34;:\&#34;/dev/termination-log\&#34;,\&#34;terminationMessagePolicy\&#34;:\&#34;File\&#34;,\&#34;imagePullPolicy\&#34;:\&#34;IfNotPresent\&#34;},{\&#34;name\&#34;:\&#34;nsmd\&#34;,\&#34;image\&#34;:\&#34;containers.cisco.com/appn/nsmd:vl3_latest\&#34;,\&#34;env\&#34;:[{\&#34;name\&#34;:\&#34;NSMD_LOCAL_REGISTRY_DELETE\&#34;,\&#34;value\&#34;:\&#34;false\&#34;}],\&#34;resources\&#34;:{\&#34;limits\&#34;:{\&#34;cpu\&#34;:\&#34;1\&#34;},\&#34;requests\&#34;:{\&#34;cpu\&#34;:\&#34;1m\&#34;}},\&#34;volumeMounts\&#34;:[{\&#34;name\&#34;:\&#34;nsm-socket\&#34;,\&#34;mountPath\&#34;:\&#34;/var/lib/networkservicemesh\&#34;},{\&#34;name\&#34;:\&#34;nsm-config-volume\&#34;,\&#34;mountPath\&#34;:\&#34;/var/lib/networkservicemesh/config\&#34;},{\&#34;name\&#34;:\&#34;spire-agent-socket\&#34;,\&#34;readOnly\&#34;:true,\&#34;mountPath\&#34;:\&#34;/run/spire/sockets\&#34;},{\&#34;name\&#34;:\&#34;nsmgr-acc-token-8sx55\&#34;,\&#34;readOnly\&#34;:true,\&#34;mountPath\&#34;:\&#34;/var/run/secrets/kubernetes.io/serviceaccount\&#34;}],\&#34;terminationMessagePath\&#34;:\&#34;/dev/termination-log\&#34;,\&#34;terminationMessagePolicy\&#34;:\&#34;File\&#34;,\&#34;imagePullPolicy\&#34;:\&#34;IfNotPresent\&#34;},{\&#34;name\&#34;:\&#34;nsmd-k8s\&#34;,\&#34;image\&#34;:\&#34;containers.cisco.com/appn/nsmd-k8s:vl3_latest\&#34;,\&#34;env\&#34;:[{\&#34;name\&#34;:\&#34;POD_UID\&#34;,\&#34;valueFrom\&#34;:{\&#34;fieldRef\&#34;:{\&#34;apiVersion\&#34;:\&#34;v1\&#34;,\&#34;fieldPath\&#34;:\&#34;metadata.uid\&#34;}}},{\&#34;name\&#34;:\&#34;POD_NAME\&#34;,\&#34;value\&#34;:\&#34;nsmgr-kind-1-worker\&#34;},{\&#34;name\&#34;:\&#34;NODE_NAME\&#34;,\&#34;value\&#34;:\&#34;kind-1-worker\&#34;},{\&#34;name\&#34;:\&#34;NSM_NAMESPACE\&#34;,\&#34;value\&#34;:\&#34;nsm-system\&#34;},{\&#34;name\&#34;:\&#34;NSMD_LOCAL_REGISTRY_DELETE\&#34;,\&#34;value\&#34;:\&#34;false\&#34;}],\&#34;resources\&#34;:{\&#34;limits\&#34;:{\&#34;cpu\&#34;:\&#34;1\&#34;},\&#34;requests\&#34;:{\&#34;cpu\&#34;:\&#34;1m\&#34;}},\&#34;volumeMounts\&#34;:[{\&#34;name\&#34;:\&#34;spire-agent-socket\&#34;,\&#34;readOnly\&#34;:true,\&#34;mountPath\&#34;:\&#34;/run/spire/sockets\&#34;},{\&#34;name\&#34;:\&#34;nsmgr-acc-token-8sx55\&#34;,\&#34;readOnly\&#34;:true,\&#34;mountPath\&#34;:\&#34;/var/run/secrets/kubernetes.io/serviceaccount\&#34;}],\&#34;terminationMessagePath\&#34;:\&#34;/dev/termination-log\&#34;,\&#34;terminationMessagePolicy\&#34;:\&#34;File\&#34;,\&#34;imagePullPolicy\&#34;:\&#34;IfNotPresent\&#34;}],\&#34;restartPolicy\&#34;:\&#34;Always\&#34;,\&#34;terminationGracePeriodSeconds\&#34;:30,\&#34;dnsPolicy\&#34;:\&#34;ClusterFirst\&#34;,\&#34;nodeSelector\&#34;:{\&#34;kubernetes.io/hostname\&#34;:\&#34;kind-1-worker\&#34;},\&#34;serviceAccountName\&#34;:\&#34;nsmgr-acc\&#34;,\&#34;serviceAccount\&#34;:\&#34;nsmgr-acc\&#34;,\&#34;nodeName\&#34;:\&#34;kind-1-worker\&#34;,\&#34;securityContext\&#34;:{},\&#34;schedulerName\&#34;:\&#34;default-scheduler\&#34;,\&#34;tolerations\&#34;:[{\&#34;key\&#34;:\&#34;node.kubernetes.io/not-ready\&#34;,\&#34;operator\&#34;:\&#34;Exists\&#34;,\&#34;effect\&#34;:\&#34;NoExecute\&#34;,\&#34;tolerationSeconds\&#34;:300},{\&#34;key\&#34;:\&#34;node.kubernetes.io/unreachable\&#34;,\&#34;operator\&#34;:\&#34;Exists\&#34;,\&#34;effect\&#34;:\&#34;NoExecute\&#34;,\&#34;tolerationSeconds\&#34;:300}],\&#34;priority\&#34;:0,\&#34;enableServiceLinks\&#34;:true},\&#34;status\&#34;:{\&#34;phase\&#34;:\&#34;Running\&#34;,\&#34;conditions\&#34;:[{\&#34;type\&#34;:\&#34;Initialized\&#34;,\&#34;status\&#34;:\&#34;True\&#34;,\&#34;lastProbeTime\&#34;:null,\&#34;lastTransitionTime\&#34;:\&#34;2021-06-09T02:22:37Z\&#34;},{\&#34;type\&#34;:\&#34;Ready\&#34;,\&#34;status\&#34;:\&#34;True\&#34;,\&#34;lastProbeTime\&#34;:null,\&#34;lastTransitionTime\&#34;:\&#34;2021-06-09T02:22:49Z\&#34;},{\&#34;type\&#34;:\&#34;ContainersReady\&#34;,\&#34;status\&#34;:\&#34;True\&#34;,\&#34;lastProbeTime\&#34;:null,\&#34;lastTransitionTime\&#34;:\&#34;2021-06-09T02:22:49Z\&#34;},{\&#34;type\&#34;:\&#34;PodScheduled\&#34;,\&#34;status\&#34;:\&#34;True\&#34;,\&#34;lastProbeTime\&#34;:null,\&#34;lastTransitionTime\&#34;:\&#34;2021-06-09T02:22:37Z\&#34;}],\&#34;hostIP\&#34;:\&#34;172.17.0.4\&#34;,\&#34;podIP\&#34;:\&#34;10.244.2.16\&#34;,\&#34;podIPs\&#34;:[{\&#34;ip\&#34;:\&#34;10.244.2.16\&#34;}],\&#34;startTime\&#34;:\&#34;2021-06-09T02:22:37Z\&#34;,\&#34;containerStatuses\&#34;:[{\&#34;name\&#34;:\&#34;nsmd\&#34;,\&#34;state\&#34;:{\&#34;running\&#34;:{\&#34;startedAt\&#34;:\&#34;2021-06-09T02:22:48Z\&#34;}},\&#34;lastState\&#34;:{},\&#34;ready\&#34;:true,\&#34;restartCount\&#34;:0,\&#34;image\&#34;:\&#34;containers.cisco.com/appn/nsmd:vl3_latest\&#34;,\&#34;imageID\&#34;:\&#34;sha256:a906454672cfea8f945d8013ca1ff0b639efa0e20a25bfc18079825494ee6ceb\&#34;,\&#34;containerID\&#34;:\&#34;containerd://47f62b1f4be58ceb59db0099ee23027c5ccfcacbd8f7e88b747b6e1ee8ceb382\&#34;,\&#34;started\&#34;:true},{\&#34;name\&#34;:\&#34;nsmd-k8s\&#34;,\&#34;state\&#34;:{\&#34;running\&#34;:{\&#34;startedAt\&#34;:\&#34;2021-06-09T02:22:48Z\&#34;}},\&#34;lastState\&#34;:{},\&#34;ready\&#34;:true,\&#34;restartCount\&#34;:0,\&#34;image\&#34;:\&#34;containers.cisco.com/appn/nsmd-k8s:vl3_latest\&#34;,\&#34;imageID\&#34;:\&#34;sha256:245d60f997ce1f392911fdf5c7abb760e8f6dba32d6e7e138bf1ca247bb862f5\&#34;,\&#34;containerID\&#34;:\&#34;containerd://3cc4398474d3725a9d52be6b6a3a02eeaf8bb00625156f2364b384e1cd7825be\&#34;,\&#34;started\&#34;:true},{\&#34;name\&#34;:\&#34;nsmdp\&#34;,\&#34;state\&#34;:{\&#34;running\&#34;:{\&#34;startedAt\&#34;:\&#34;2021-06-09T02:22:48Z\&#34;}},\&#34;lastState\&#34;:{},\&#34;ready\&#34;:true,\&#34;restartCount\&#34;:0,\&#34;image\&#34;:\&#34;containers.cisco.com/appn/nsmdp:vl3_latest\&#34;,\&#34;imageID\&#34;:\&#34;sha256:91cef188072369448551d8a0ddbf6ccbab7193a727ab85c75ad6590997cf31cb\&#34;,\&#34;containerID\&#34;:\&#34;containerd://06ad8a44279cfb5b7521de7c90c8e377cf452683f924e100f627af73e630a647\&#34;,\&#34;started\&#34;:true}],\&#34;qosClass\&#34;:\&#34;Burstable\&#34;}}&#34;&#xA;time=&#34;2021-06-08T19:24:49-07:00&#34; level=info msg=&#34;Pod nsmgr-kind-1-worker event: {\&#34;metadata\&#34;:{\&#34;name\&#34;:\&#34;nsmgr-kind-1-worker.1686c8aeb917cf78\&#34;,\&#34;namespace\&#34;:\&#34;nsm-system\&#34;,\&#34;selfLink\&#34;:\&#34;/api/v1/namespaces/nsm-system/events/nsmgr-kind-1-worker.1686c8aeb917cf78\&#34;,\&#34;uid\&#34;:\&#34;7a9a8b52-7e45-41af-ad5c-df6dace679a0\&#34;,\&#34;resourceVersion\&#34;:\&#34;3432\&#34;,\&#34;creationTimestamp\&#34;:\&#34;2021-06-09T02:22:48Z\&#34;},\&#34;involvedObject\&#34;:{\&#34;kind\&#34;:\&#34;Pod\&#34;,\&#34;namespace\&#34;:\&#34;nsm-system\&#34;,\&#34;name\&#34;:\&#34;nsmgr-kind-1-worker\&#34;,\&#34;uid\&#34;:\&#34;0856acf4-6ea9-40d9-b626-8e7f6704c816\&#34;,\&#34;apiVersion\&#34;:\&#34;v1\&#34;,\&#34;resourceVersion\&#34;:\&#34;3387\&#34;,\&#34;fieldPath\&#34;:\&#34;spec.containers{nsmd-k8s}\&#34;},\&#34;reason\&#34;:\&#34;Started\&#34;,\&#34;message\&#34;:\&#34;Started container nsmd-k8s\&#34;,\&#34;source\&#34;:{\&#34;component\&#34;:\&#34;kubelet\&#34;,\&#34;host\&#34;:\&#34;kind-1-worker\&#34;},\&#34;firstTimestamp\&#34;:\&#34;2021-06-09T02:22:48Z\&#34;,\&#34;lastTimestamp\&#34;:\&#34;2021-06-09T02:22:48Z\&#34;,\&#34;count\&#34;:1,\&#34;type\&#34;:\&#34;Normal\&#34;,\&#34;eventTime\&#34;:null,\&#34;reportingComponent\&#34;:\&#34;\&#34;,\&#34;reportingInstance\&#34;:\&#34;\&#34;}&#34;&#xA;time=&#34;2021-06-08T19:24:49-07:00&#34; level=info msg=&#34;Pod nsmgr-kind-1-worker event: {\&#34;metadata\&#34;:{\&#34;name\&#34;:\&#34;nsmgr-kind-1-worker.1686c8aeb3881e3c\&#34;,\&#34;namespace\&#34;:\&#34;nsm-system\&#34;,\&#34;selfLink\&#34;:\&#34;/api/v1/namespaces/nsm-system/events/nsmgr-kind-1-worker.1686c8aeb3881e3c\&#34;,\&#34;uid\&#34;:\&#34;0df1bff0-95a0-4d4c-a684-cd9748d340d7\&#34;,\&#34;resourceVersion\&#34;:\&#34;3431\&#34;,\&#34;creationTimestamp\&#34;:\&#34;2021-06-09T02:22:48Z\&#34;},\&#34;involvedObject\&#34;:{\&#34;kind\&#34;:\&#34;Pod\&#34;,\&#34;namespace\&#34;:\&#34;nsm-system\&#34;,\&#34;name\&#34;:\&#34;nsmgr-kind-1-worker\&#34;,\&#34;uid\&#34;:\&#34;0856acf4-6ea9-40d9-b626-8e7f6704c816\&#34;,\&#34;apiVersion\&#34;:\&#34;v1\&#34;,\&#34;resourceVersion\&#34;:\&#34;3387\&#34;,\&#34;fieldPath\&#34;:\&#34;spec.containers{nsmd-k8s}\&#34;},\&#34;reason\&#34;:\&#34;Created\&#34;,\&#34;message\&#34;:\&#34;Created container nsmd-k8s\&#34;,\&#34;source\&#34;:{\&#34;component\&#34;:\&#34;kubelet\&#34;,\&#34;host\&#34;:\&#34;kind-1-worker\&#34;},\&#34;firstTimestamp\&#34;:\&#34;2021-06-09T02:22:48Z\&#34;,\&#34;lastTimestamp\&#34;:\&#34;2021-06-09T02:22:48Z\&#34;,\&#34;count\&#34;:1,\&#34;type\&#34;:\&#34;Normal\&#34;,\&#34;eventTime\&#34;:null,\&#34;reportingComponent\&#34;:\&#34;\&#34;,\&#34;reportingInstance\&#34;:\&#34;\&#34;}&#34;&#xA;time=&#34;2021-06-08T19:24:49-07:00&#34; level=info msg=&#34;Pod nsmgr-kind-1-worker event: {\&#34;metadata\&#34;:{\&#34;name\&#34;:\&#34;nsmgr-kind-1-worker.1686c8aeb182871c\&#34;,\&#34;namespace\&#34;:\&#34;nsm-system\&#34;,\&#34;selfLink\&#34;:\&#34;/api/v1/namespaces/nsm-system/events/nsmgr-kind-1-worker.1686c8aeb182871c\&#34;,\&#34;uid\&#34;:\&#34;189fe639-51fd-472a-8253-162306e53c01\&#34;,\&#34;resourceVersion\&#34;:\&#34;3430\&#34;,\&#34;creationTimestamp\&#34;:\&#34;2021-06-09T02:22:48Z\&#34;},\&#34;involvedObject\&#34;:{\&#34;kind\&#34;:\&#34;Pod\&#34;,\&#34;namespace\&#34;:\&#34;nsm-system\&#34;,\&#34;name\&#34;:\&#34;nsmgr-kind-1-worker\&#34;,\&#34;uid\&#34;:\&#34;0856acf4-6ea9-40d9-b626-8e7f6704c816\&#34;,\&#34;apiVersion\&#34;:\&#34;v1\&#34;,\&#34;resourceVersion\&#34;:\&#34;3387\&#34;,\&#34;fieldPath\&#34;:\&#34;spec.containers{nsmd-k8s}\&#34;},\&#34;reason\&#34;:\&#34;Pulled\&#34;,\&#34;message\&#34;:\&#34;Container image \\\&#34;containers.cisco.com/appn/nsmd-k8s:vl3_latest\\\&#34; already present on machine\&#34;,\&#34;source\&#34;:{\&#34;component\&#34;:\&#34;kubelet\&#34;,\&#34;host\&#34;:\&#34;kind-1-worker\&#34;},\&#34;firstTimestamp\&#34;:\&#34;2021-06-09T02:22:48Z\&#34;,\&#34;lastTimestamp\&#34;:\&#34;2021-06-09T02:22:48Z\&#34;,\&#34;count\&#34;:1,\&#34;type\&#34;:\&#34;Normal\&#34;,\&#34;eventTime\&#34;:null,\&#34;reportingComponent\&#34;:\&#34;\&#34;,\&#34;reportingInstance\&#34;:\&#34;\&#34;}&#34;&#xA;time=&#34;2021-06-08T19:24:49-07:00&#34; level=info msg=&#34;Pod nsmgr-kind-1-worker event: {\&#34;metadata\&#34;:{\&#34;name\&#34;:\&#34;nsmgr-kind-1-worker.1686c8aeb172f144\&#34;,\&#34;namespace\&#34;:\&#34;nsm-system\&#34;,\&#34;selfLink\&#34;:\&#34;/api/v1/namespaces/nsm-system/events/nsmgr-kind-1-worker.1686c8aeb172f144\&#34;,\&#34;uid\&#34;:\&#34;124ec7bb-cb75-4b82-aaa6-eda7db3a28f2\&#34;,\&#34;resourceVersion\&#34;:\&#34;3429\&#34;,\&#34;creationTimestamp\&#34;:\&#34;2021-06-09T02:22:48Z\&#34;},\&#34;involvedObject\&#34;:{\&#34;kind\&#34;:\&#34;Pod\&#34;,\&#34;namespace\&#34;:\&#34;nsm-system\&#34;,\&#34;name\&#34;:\&#34;nsmgr-kind-1-worker\&#34;,\&#34;uid\&#34;:\&#34;0856acf4-6ea9-40d9-b626-8e7f6704c816\&#34;,\&#34;apiVersion\&#34;:\&#34;v1\&#34;,\&#34;resourceVersion\&#34;:\&#34;3387\&#34;,\&#34;fieldPath\&#34;:\&#34;spec.containers{nsmd}\&#34;},\&#34;reason\&#34;:\&#34;Started\&#34;,\&#34;message\&#34;:\&#34;Started container nsmd\&#34;,\&#34;source\&#34;:{\&#34;component\&#34;:\&#34;kubelet\&#34;,\&#34;host\&#34;:\&#34;kind-1-worker\&#34;},\&#34;firstTimestamp\&#34;:\&#34;2021-06-09T02:22:48Z\&#34;,\&#34;lastTimestamp\&#34;:\&#34;2021-06-09T02:22:48Z\&#34;,\&#34;count\&#34;:1,\&#34;type\&#34;:\&#34;Normal\&#34;,\&#34;eventTime\&#34;:null,\&#34;reportingComponent\&#34;:\&#34;\&#34;,\&#34;reportingInstance\&#34;:\&#34;\&#34;}&#34;&#xA;time=&#34;2021-06-08T19:24:49-07:00&#34; level=info msg=&#34;Pod nsmgr-kind-1-worker event: {\&#34;metadata\&#34;:{\&#34;name\&#34;:\&#34;nsmgr-kind-1-worker.1686c8aeac7fef5c\&#34;,\&#34;namespace\&#34;:\&#34;nsm-system\&#34;,\&#34;selfLink\&#34;:\&#34;/api/v1/namespaces/nsm-system/events/nsmgr-kind-1-worker.1686c8aeac7fef5c\&#34;,\&#34;uid\&#34;:\&#34;70139044-a321-441e-809a-ca14e8686420\&#34;,\&#34;resourceVersion\&#34;:\&#34;3428\&#34;,\&#34;creationTimestamp\&#34;:\&#34;2021-06-09T02:22:48Z\&#34;},\&#34;involvedObject\&#34;:{\&#34;kind\&#34;:\&#34;Pod\&#34;,\&#34;namespace\&#34;:\&#34;nsm-system\&#34;,\&#34;name\&#34;:\&#34;nsmgr-kind-1-worker\&#34;,\&#34;uid\&#34;:\&#34;0856acf4-6ea9-40d9-b626-8e7f6704c816\&#34;,\&#34;apiVersion\&#34;:\&#34;v1\&#34;,\&#34;resourceVersion\&#34;:\&#34;3387\&#34;,\&#34;fieldPath\&#34;:\&#34;spec.containers{nsmd}\&#34;},\&#34;reason\&#34;:\&#34;Created\&#34;,\&#34;message\&#34;:\&#34;Created container nsmd\&#34;,\&#34;source\&#34;:{\&#34;component\&#34;:\&#34;kubelet\&#34;,\&#34;host\&#34;:\&#34;kind-1-worker\&#34;},\&#34;firstTimestamp\&#34;:\&#34;2021-06-09T02:22:48Z\&#34;,\&#34;lastTimestamp\&#34;:\&#34;2021-06-09T02:22:48Z\&#34;,\&#34;count\&#34;:1,\&#34;type\&#34;:\&#34;Normal\&#34;,\&#34;eventTime\&#34;:null,\&#34;reportingComponent\&#34;:\&#34;\&#34;,\&#34;reportingInstance\&#34;:\&#34;\&#34;}&#34;&#xA;time=&#34;2021-06-08T19:24:49-07:00&#34; level=info msg=&#34;Pod nsmgr-kind-1-worker event: {\&#34;metadata\&#34;:{\&#34;name\&#34;:\&#34;nsmgr-kind-1-worker.1686c8aeab2440b8\&#34;,\&#34;namespace\&#34;:\&#34;nsm-system\&#34;,\&#34;selfLink\&#34;:\&#34;/api/v1/namespaces/nsm-system/events/nsmgr-kind-1-worker.1686c8aeab2440b8\&#34;,\&#34;uid\&#34;:\&#34;b8c14671-3975-4b5f-b257-33f082bb5b07\&#34;,\&#34;resourceVersion\&#34;:\&#34;3427\&#34;,\&#34;creationTimestamp\&#34;:\&#34;2021-06-09T02:22:48Z\&#34;},\&#34;involvedObject\&#34;:{\&#34;kind\&#34;:\&#34;Pod\&#34;,\&#34;namespace\&#34;:\&#34;nsm-system\&#34;,\&#34;name\&#34;:\&#34;nsmgr-kind-1-worker\&#34;,\&#34;uid\&#34;:\&#34;0856acf4-6ea9-40d9-b626-8e7f6704c816\&#34;,\&#34;apiVersion\&#34;:\&#34;v1\&#34;,\&#34;resourceVersion\&#34;:\&#34;3387\&#34;,\&#34;fieldPath\&#34;:\&#34;spec.containers{nsmd}\&#34;},\&#34;reason\&#34;:\&#34;Pulled\&#34;,\&#34;message\&#34;:\&#34;Container image \\\&#34;containers.cisco.com/appn/nsmd:vl3_latest\\\&#34; already present on machine\&#34;,\&#34;source\&#34;:{\&#34;component\&#34;:\&#34;kubelet\&#34;,\&#34;host\&#34;:\&#34;kind-1-worker\&#34;},\&#34;firstTimestamp\&#34;:\&#34;2021-06-09T02:22:48Z\&#34;,\&#34;lastTimestamp\&#34;:\&#34;2021-06-09T02:22:48Z\&#34;,\&#34;count\&#34;:1,\&#34;type\&#34;:\&#34;Normal\&#34;,\&#34;eventTime\&#34;:null,\&#34;reportingComponent\&#34;:\&#34;\&#34;,\&#34;reportingInstance\&#34;:\&#34;\&#34;}&#34;&#xA;time=&#34;2021-06-08T19:24:49-07:00&#34; level=info msg=&#34;Pod nsmgr-kind-1-worker event: {\&#34;metadata\&#34;:{\&#34;name\&#34;:\&#34;nsmgr-kind-1-worker.1686c8aeaafe1604\&#34;,\&#34;namespace\&#34;:\&#34;nsm-system\&#34;,\&#34;selfLink\&#34;:\&#34;/api/v1/namespaces/nsm-system/events/nsmgr-kind-1-worker.1686c8aeaafe1604\&#34;,\&#34;uid\&#34;:\&#34;2fdb2be9-663c-47ba-bb9c-3a857d60ea8f\&#34;,\&#34;resourceVersion\&#34;:\&#34;3426\&#34;,\&#34;creationTimestamp\&#34;:\&#34;2021-06-09T02:22:48Z\&#34;},\&#34;involvedObject\&#34;:{\&#34;kind\&#34;:\&#34;Pod\&#34;,\&#34;namespace\&#34;:\&#34;nsm-system\&#34;,\&#34;name\&#34;:\&#34;nsmgr-kind-1-worker\&#34;,\&#34;uid\&#34;:\&#34;0856acf4-6ea9-40d9-b626-8e7f6704c816\&#34;,\&#34;apiVersion\&#34;:\&#34;v1\&#34;,\&#34;resourceVersion\&#34;:\&#34;3387\&#34;,\&#34;fieldPath\&#34;:\&#34;spec.containers{nsmdp}\&#34;},\&#34;reason\&#34;:\&#34;Started\&#34;,\&#34;message\&#34;:\&#34;Started container nsmdp\&#34;,\&#34;source\&#34;:{\&#34;component\&#34;:\&#34;kubelet\&#34;,\&#34;host\&#34;:\&#34;kind-1-worker\&#34;},\&#34;firstTimestamp\&#34;:\&#34;2021-06-09T02:22:48Z\&#34;,\&#34;lastTimestamp\&#34;:\&#34;2021-06-09T02:22:48Z\&#34;,\&#34;count\&#34;:1,\&#34;type\&#34;:\&#34;Normal\&#34;,\&#34;eventTime\&#34;:null,\&#34;reportingComponent\&#34;:\&#34;\&#34;,\&#34;reportingInstance\&#34;:\&#34;\&#34;}&#34;&#xA;time=&#34;2021-06-08T19:24:49-07:00&#34; level=info msg=&#34;Pod nsmgr-kind-1-worker event: {\&#34;metadata\&#34;:{\&#34;name\&#34;:\&#34;nsmgr-kind-1-worker.1686c8aea6365eec\&#34;,\&#34;namespace\&#34;:\&#34;nsm-system\&#34;,\&#34;selfLink\&#34;:\&#34;/api/v1/namespaces/nsm-system/events/nsmgr-kind-1-worker.1686c8aea6365eec\&#34;,\&#34;uid\&#34;:\&#34;600c8daf-3bd8-4545-b668-9ea92ca20786\&#34;,\&#34;resourceVersion\&#34;:\&#34;3425\&#34;,\&#34;creationTimestamp\&#34;:\&#34;2021-06-09T02:22:48Z\&#34;},\&#34;involvedObject\&#34;:{\&#34;kind\&#34;:\&#34;Pod\&#34;,\&#34;namespace\&#34;:\&#34;nsm-system\&#34;,\&#34;name\&#34;:\&#34;nsmgr-kind-1-worker\&#34;,\&#34;uid\&#34;:\&#34;0856acf4-6ea9-40d9-b626-8e7f6704c816\&#34;,\&#34;apiVersion\&#34;:\&#34;v1\&#34;,\&#34;resourceVersion\&#34;:\&#34;3387\&#34;,\&#34;fieldPath\&#34;:\&#34;spec.containers{nsmdp}\&#34;},\&#34;reason\&#34;:\&#34;Created\&#34;,\&#34;message\&#34;:\&#34;Created container nsmdp\&#34;,\&#34;source\&#34;:{\&#34;component\&#34;:\&#34;kubelet\&#34;,\&#34;host\&#34;:\&#34;kind-1-worker\&#34;},\&#34;firstTimestamp\&#34;:\&#34;2021-06-09T02:22:48Z\&#34;,\&#34;lastTimestamp\&#34;:\&#34;2021-06-09T02:22:48Z\&#34;,\&#34;count\&#34;:1,\&#34;type\&#34;:\&#34;Normal\&#34;,\&#34;eventTime\&#34;:null,\&#34;reportingComponent\&#34;:\&#34;\&#34;,\&#34;reportingInstance\&#34;:\&#34;\&#34;}&#34;&#xA;time=&#34;2021-06-08T19:24:49-07:00&#34; level=info msg=&#34;Pod nsmgr-kind-1-worker event: {\&#34;metadata\&#34;:{\&#34;name\&#34;:\&#34;nsmgr-kind-1-worker.1686c8aea473c824\&#34;,\&#34;namespace\&#34;:\&#34;nsm-system\&#34;,\&#34;selfLink\&#34;:\&#34;/api/v1/namespaces/nsm-system/events/nsmgr-kind-1-worker.1686c8aea473c824\&#34;,\&#34;uid\&#34;:\&#34;f125b064-7e78-45fb-8e87-5d0caede0f91\&#34;,\&#34;resourceVersion\&#34;:\&#34;3424\&#34;,\&#34;creationTimestamp\&#34;:\&#34;2021-06-09T02:22:48Z\&#34;},\&#34;involvedObject\&#34;:{\&#34;kind\&#34;:\&#34;Pod\&#34;,\&#34;namespace\&#34;:\&#34;nsm-system\&#34;,\&#34;name\&#34;:\&#34;nsmgr-kind-1-worker\&#34;,\&#34;uid\&#34;:\&#34;0856acf4-6ea9-40d9-b626-8e7f6704c816\&#34;,\&#34;apiVersion\&#34;:\&#34;v1\&#34;,\&#34;resourceVersion\&#34;:\&#34;3387\&#34;,\&#34;fieldPath\&#34;:\&#34;spec.containers{nsmdp}\&#34;},\&#34;reason\&#34;:\&#34;Pulled\&#34;,\&#34;message\&#34;:\&#34;Container image \\\&#34;containers.cisco.com/appn/nsmdp:vl3_latest\\\&#34; already present on machine\&#34;,\&#34;source\&#34;:{\&#34;component\&#34;:\&#34;kubelet\&#34;,\&#34;host\&#34;:\&#34;kind-1-worker\&#34;},\&#34;firstTimestamp\&#34;:\&#34;2021-06-09T02:22:48Z\&#34;,\&#34;lastTimestamp\&#34;:\&#34;2021-06-09T02:22:48Z\&#34;,\&#34;count\&#34;:1,\&#34;type\&#34;:\&#34;Normal\&#34;,\&#34;eventTime\&#34;:null,\&#34;reportingComponent\&#34;:\&#34;\&#34;,\&#34;reportingInstance\&#34;:\&#34;\&#34;}&#34;&#xA;time=&#34;2021-06-08T19:24:49-07:00&#34; level=info msg=&#34;Pod nsmgr-kind-1-worker event: {\&#34;metadata\&#34;:{\&#34;name\&#34;:\&#34;nsmgr-kind-1-worker.1686c8ac2ff12b9c\&#34;,\&#34;namespace\&#34;:\&#34;nsm-system\&#34;,\&#34;selfLink\&#34;:\&#34;/api/v1/namespaces/nsm-system/events/nsmgr-kind-1-worker.1686c8ac2ff12b9c\&#34;,\&#34;uid\&#34;:\&#34;560d50fc-3bce-4ce4-a190-863a9c1c5514\&#34;,\&#34;resourceVersion\&#34;:\&#34;3388\&#34;,\&#34;creationTimestamp\&#34;:\&#34;2021-06-09T02:22:37Z\&#34;},\&#34;involvedObject\&#34;:{\&#34;kind\&#34;:\&#34;Pod\&#34;,\&#34;namespace\&#34;:\&#34;nsm-system\&#34;,\&#34;name\&#34;:\&#34;nsmgr-kind-1-worker\&#34;,\&#34;uid\&#34;:\&#34;0856acf4-6ea9-40d9-b626-8e7f6704c816\&#34;,\&#34;apiVersion\&#34;:\&#34;v1\&#34;,\&#34;resourceVersion\&#34;:\&#34;3386\&#34;},\&#34;reason\&#34;:\&#34;Scheduled\&#34;,\&#34;message\&#34;:\&#34;Successfully assigned nsm-system/nsmgr-kind-1-worker to kind-1-worker\&#34;,\&#34;source\&#34;:{\&#34;component\&#34;:\&#34;default-scheduler\&#34;},\&#34;firstTimestamp\&#34;:\&#34;2021-06-09T02:22:37Z\&#34;,\&#34;lastTimestamp\&#34;:\&#34;2021-06-09T02:22:37Z\&#34;,\&#34;count\&#34;:1,\&#34;type\&#34;:\&#34;Normal\&#34;,\&#34;eventTime\&#34;:null,\&#34;reportingComponent\&#34;:\&#34;\&#34;,\&#34;reportingInstance\&#34;:\&#34;\&#34;}&#34;&#xA;time=&#34;2021-06-08T19:24:49-07:00&#34; level=error msg=&#34;Timeout waiting for logs matching regexp NSM gRPC API Server: .* is operational in nsmgr-kind-1-worker::nsmd. Last logs: time=\&#34;2021-06-09T02:22:48Z\&#34; level=info msg=\&#34;Starting nsmd...\&#34;\\ntime=\&#34;2021-06-09T02:22:48Z\&#34; level=info msg=\&#34;Version: v1.0.1-rc.2-1-g9262b77b\&#34;\\ntime=\&#34;2021-06-09T02:22:48Z\&#34; level=info msg=\&#34;All env variables:\&#34;\\ntime=\&#34;2021-06-09T02:22:48Z\&#34; level=info msg=\&#34;KUBERNETES_SERVICE_PORT=443\&#34;\\ntime=\&#34;2021-06-09T02:22:48Z\&#34; level=info msg=\&#34;KUBERNETES_PORT=tcp://10.96.0.1:443\&#34;\\ntime=\&#34;2021-06-09T02:22:48Z\&#34; level=info msg=\&#34;GRPC_GO_LOG_VERBOSITY_LEVEL=99\&#34;\\ntime=\&#34;2021-06-09T02:22:48Z\&#34; level=info msg=\&#34;HOSTNAME=nsmgr-kind-1-worker\&#34;\\ntime=\&#34;2021-06-09T02:22:48Z\&#34; level=info msg=\&#34;GRPC_GO_LOG_SEVERITY_LEVEL=info\&#34;\\ntime=\&#34;2021-06-09T02:22:48Z\&#34; level=info msg=\&#34;SHLVL=1\&#34;\\ntime=\&#34;2021-06-09T02:22:48Z\&#34; level=info msg=\&#34;HOME=/root\&#34;\\ntime=\&#34;2021-06-09T02:22:48Z\&#34; level=info msg=\&#34;KUBERNETES_PORT_443_TCP_ADDR=10.96.0.1\&#34;\\ntime=\&#34;2021-06-09T02:22:48Z\&#34; level=info msg=\&#34;PATH=/usr/local/sbin:/usr/local/bin:/usr/sbin:/usr/bin:/sbin:/bin\&#34;\\ntime=\&#34;2021-06-09T02:22:48Z\&#34; level=info msg=\&#34;KUBERNETES_PORT_443_TCP_PORT=443\&#34;\\ntime=\&#34;2021-06-09T02:22:48Z\&#34; level=info msg=\&#34;KUBERNETES_PORT_443_TCP_PROTO=tcp\&#34;\\ntime=\&#34;2021-06-09T02:22:48Z\&#34; level=info msg=\&#34;ENTRY=nsmd\&#34;\\ntime=\&#34;2021-06-09T02:22:48Z\&#34; level=info msg=\&#34;KUBERNETES_SERVICE_PORT_HTTPS=443\&#34;\\ntime=\&#34;2021-06-09T02:22:48Z\&#34; level=info msg=\&#34;KUBERNETES_PORT_443_TCP=tcp://10.96.0.1:443\&#34;\\ntime=\&#34;2021-06-09T02:22:48Z\&#34; level=info msg=\&#34;NSMD_LOCAL_REGISTRY_DELETE=false\&#34;\\ntime=\&#34;2021-06-09T02:22:48Z\&#34; level=info msg=\&#34;KUBERNETES_SERVICE_HOST=10.96.0.1\&#34;\\ntime=\&#34;2021-06-09T02:22:48Z\&#34; level=info msg=\&#34;PWD=/\&#34;\\ntime=\&#34;2021-06-09T02:22:48Z\&#34; level=info msg=\&#34;Creating logger from config: &amp;{nsmd@nsmgr-kind-1-worker false false [] 0xc0000ba060 0xc0000bc000 &lt;nil&gt; &lt;nil&gt; &lt;nil&gt;}\&#34;\\n2021/06/09 02:22:48 debug logging disabled\\n2021/06/09 02:22:48 Initializing logging reporter\\n2021/06/09 02:22:48 debug logging disabled\\ntime=\&#34;2021-06-09T02:22:48Z\&#34; level=info msg=\&#34;==--&gt; nsmd.server() span:68766b66242daea2:68766b66242daea2:0000000000000000:1\&#34;\\ntime=\&#34;2021-06-09T02:22:48Z\&#34; level=info msg=\&#34;&gt;&gt;&lt;&lt;-- tracing.init-complete=8.4682ms span=68766b66242daea2:68766b66242daea2:0000000000000000:1\&#34;\\ntime=\&#34;2021-06-09T02:22:48Z\&#34; level=info msg=\&#34;==----&gt; nsm-server-start() span:68766b66242daea2:01f139d1ed12ee86:68766b66242daea2:1\&#34;\\ntime=\&#34;2021-06-09T02:22:48Z\&#34; level=info msg=\&#34;Starting NSM server\&#34; operation=nsm-server-start span=\&#34;68766b66242daea2:01f139d1ed12ee86:68766b66242daea2:1\&#34;\\ntime=\&#34;2021-06-09T02:22:48Z\&#34; level=info msg=\&#34;==------&gt; NewServer() span:68766b66242daea2:5c4e45cbc2874c90:01f139d1ed12ee86:1\&#34;\\ntime=\&#34;2021-06-09T02:22:48Z\&#34; level=info msg=\&#34;readDialConfig insecure: false\&#34;\\ntime=\&#34;2021-06-09T02:22:48Z\&#34; level=info msg=\&#34;Trying to establish connection with the spire provider at address:unix:///run/spire/sockets/agent.sock\&#34;\\ntime=\&#34;2021-06-09T02:22:48Z\&#34; level=info msg=\&#34;Created the todo context:unix:///run/spire/sockets/agent.sock\&#34;\\nINFO: 2021/06/09 02:22:48 [core] parsed scheme: \&#34;unix\&#34;\\nINFO: 2021/06/09 02:22:48 [core] ccResolverWrapper: sending update to cc: {[{/run/spire/sockets/agent.sock  0xc000182798 0 &lt;nil&gt;}] &lt;nil&gt; &lt;nil&gt;}\\nINFO: 2021/06/09 02:22:48 [core] ClientConn switching balancer to \&#34;pick_first\&#34;\\nINFO: 2021/06/09 02:22:48 [core] Channel switches to new LB policy \&#34;pick_first\&#34;\\nINFO: 2021/06/09 02:22:48 [core] Subchannel Connectivity change to CONNECTING\\nINFO: 2021/06/09 02:22:48 [core] blockingPicker: the picked transport is not ready, loop back to repick\\nINFO: 2021/06/09 02:22:48 [core] pickfirstBalancer: UpdateSubConnState: 0xc000364730, {CONNECTING &lt;nil&gt;}\\nINFO: 2021/06/09 02:22:48 [core] Channel Connectivity change to CONNECTING\\nINFO: 2021/06/09 02:22:48 [core] Subchannel picks a new address \&#34;/run/spire/sockets/agent.sock\&#34; to connect\\nINFO: 2021/06/09 02:22:48 [core] Subchannel Connectivity change to READY\\nINFO: 2021/06/09 02:22:48 [core] pickfirstBalancer: UpdateSubConnState: 0xc000364730, {READY &lt;nil&gt;}\\nINFO: 2021/06/09 02:22:48 [core] Channel Connectivity change to READY\\ntime=\&#34;2021-06-09T02:22:49Z\&#34; level=info msg=\&#34;Got x509:&amp;{0xc0001f2c60 &lt;nil&gt; {{0 0} 0 0 0 0} 0xc0000eca50 0xc0003ca160 {{0 0} 0 0 0 0} false} &lt;nil&gt;\&#34;\\ntime=\&#34;2021-06-09T02:22:49Z\&#34; level=info msg=\&#34;Started goroutine\&#34;\\ntime=\&#34;2021-06-09T02:22:49Z\&#34; level=info msg=\&#34;Returning provider\&#34;\\ntime=\&#34;2021-06-09T02:22:49Z\&#34; level=info msg=\&#34;GRPC.NewServer with open tracing enabled\&#34; operation=NewServer span=\&#34;68766b66242daea2:5c4e45cbc2874c90:01f139d1ed12ee86:1\&#34;\\ntime=\&#34;2021-06-09T02:22:49Z\&#34; level=info msg=\&#34;==--------&gt; GetCertificate() span:68766b66242daea2:6f2fd67a8a04fab6:5c4e45cbc2874c90:1\&#34;\\ntime=\&#34;2021-06-09T02:22:49Z\&#34; level=info msg=\&#34;Issued identity:spiffe://test.com/nsmgr\&#34;\\nINFO: 2021/06/09 02:22:49 [core] parsed scheme: \&#34;unix\&#34;\\nINFO: 2021/06/09 02:22:49 [core] ccResolverWrapper: sending update to cc: {[{/run/spire/sockets/agent.sock  0xc00000e040 0 &lt;nil&gt;}] &lt;nil&gt; &lt;nil&gt;}\\nINFO: 2021/06/09 02:22:49 [core] ClientConn switching balancer to \&#34;pick_first\&#34;\\nINFO: 2021/06/09 02:22:49 [core] Channel switches to new LB policy \&#34;pick_first\&#34;\\nINFO: 2021/06/09 02:22:49 [core] Subchannel Connectivity change to CONNECTING\\nINFO: 2021/06/09 02:22:49 [core] blockingPicker: the picked transport is not ready, loop back to repick\\nINFO: 2021/06/09 02:22:49 [core] pickfirstBalancer: UpdateSubConnState: 0xc0001412c0, {CONNECTING &lt;nil&gt;}\\nINFO: 2021/06/09 02:22:49 [core] Subchannel picks a new address \&#34;/run/spire/sockets/agent.sock\&#34; to connect\\nINFO: 2021/06/09 02:22:49 [core] Channel Connectivity change to CONNECTING\\nINFO: 2021/06/09 02:22:49 [core] Subchannel Connectivity change to READY\\nINFO: 2021/06/09 02:22:49 [core] pickfirstBalancer: UpdateSubConnState: 0xc0001412c0, {READY &lt;nil&gt;}\\nINFO: 2021/06/09 02:22:49 [core] Channel Connectivity change to READY\\nINFO: 2021/06/09 02:22:49 [core] parsed scheme: \&#34;unix\&#34;\\nINFO: 2021/06/09 02:22:49 [core] ccResolverWrapper: sending update to cc: {[{/run/spire/sockets/agent.sock  0xc0000ee130 0 &lt;nil&gt;}] &lt;nil&gt; &lt;nil&gt;}\\nINFO: 2021/06/09 02:22:49 [core] ClientConn switching balancer to \&#34;pick_first\&#34;\\nINFO: 2021/06/09 02:22:49 [core] Channel switches to new LB policy \&#34;pick_first\&#34;\\nINFO: 2021/06/09 02:22:49 [core] Subchannel Connectivity change to CONNECTING\\nINFO: 2021/06/09 02:22:49 [core] blockingPicker: the picked transport is not ready, loop back to repick\\nINFO: 2021/06/09 02:22:49 [core] pickfirstBalancer: UpdateSubConnState: 0xc000097d90, {CONNECTING &lt;nil&gt;}\\nINFO: 2021/06/09 02:22:49 [core] Channel Connectivity change to CONNECTING\\nINFO: 2021/06/09 02:22:49 [core] Subchannel picks a new address \&#34;/run/spire/sockets/agent.sock\&#34; to connect\\nINFO: 2021/06/09 02:22:49 [core] Subchannel Connectivity change to READY\\nINFO: 2021/06/09 02:22:49 [core] pickfirstBalancer: UpdateSubConnState: 0xc000097d90, {READY &lt;nil&gt;}\\nINFO: 2021/06/09 02:22:49 [core] Channel Connectivity change to READY\\ntime=\&#34;2021-06-09T02:22:49Z\&#34; level=info msg=\&#34;SPIRE -- GetX509SVID:&amp;{spiffe://test.com/nsmgr [0xc0003aeb00] 0xc0000a3bc0}\&#34;\\ntime=\&#34;2021-06-09T02:22:49Z\&#34; level=info msg=\&#34;Default trust domain:test.com\&#34;\\ntime=\&#34;2021-06-09T02:22:49Z\&#34; level=info msg=\&#34;defaultTrustDomain:test.com\&#34;\\ntime=\&#34;2021-06-09T02:22:49Z\&#34; level=info msg=\&#34;AUTHORIZING ALL CLIENTS\&#34;\\ntime=\&#34;2021-06-09T02:22:49Z\&#34; level=info msg=\&#34;Server will be started in secure mode using tlsConfig:&amp;{&lt;nil&gt; &lt;nil&gt; [] map[] 0x97a4c0 &lt;nil&gt; &lt;nil&gt; 0x97a5c0 &lt;nil&gt; &lt;nil&gt; []  RequireAnyClientCert &lt;nil&gt; false [] false false [0 0 0 0 0 0 0 0 0 0 0 0 0 0 0 0 0 0 0 0 0 0 0 0 0 0 0 0 0 0 0 0] &lt;nil&gt; 0 0 [] false 0 &lt;nil&gt; {{0 0} 0 0 0 0} [] []}\&#34;\\n2021/06/09 02:22:49 Reporting span 68766b66242daea2:6f2fd67a8a04fab6:5c4e45cbc2874c90:1\\n2021/06/09 02:22:49 Reporting span 68766b66242daea2:5c4e45cbc2874c90:01f139d1ed12ee86:1\\ntime=\&#34;2021-06-09T02:22:49Z\&#34; level=info msg=\&#34;Starting NSM gRPC server listening on socket: /var/lib/networkservicemesh/nsm.io.sock\&#34;\\ntime=\&#34;2021-06-09T02:22:49Z\&#34; level=info msg=\&#34;==------&gt; set-local-nsm() span:68766b66242daea2:78461ae8d95f90ba:01f139d1ed12ee86:1\&#34;\\ntime=\&#34;2021-06-09T02:22:49Z\&#34; level=info msg=\&#34;Requesting NsmRegistryClient...\&#34; span=\&#34;68766b66242daea2:78461ae8d95f90ba:01f139d1ed12ee86:1\&#34;\\ntime=\&#34;2021-06-09T02:22:49Z\&#34; level=info msg=\&#34;==----------&gt; initRegistryClient() span:68766b66242daea2:614025c92a9eb938:78461ae8d95f90ba:1\&#34;\\ntime=\&#34;2021-06-09T02:22:49Z\&#34; level=info msg=\&#34;Waiting for liveness probe: tcp:127.0.0.1:5000\&#34;\\nWARNING: 2021/06/09 02:22:49 [core] grpc: Server.Serve failed to complete security handshake from \&#34;@\&#34;: EOF\\nINFO: 2021/06/09 02:22:49 [transport] transport: loopyWriter.run returning. connection error: desc = \&#34;transport is closing\&#34;\\ntime=\&#34;2021-06-09T02:22:49Z\&#34; level=info msg=\&#34;&gt;&gt;&lt;&lt;-- GRPC-&gt;/nsmdapi.NSMD/EnumConnection()=\\\&#34;\\\&#34; span=6732796692f9f1d2:737ce067d20e187f:00f65dcaa515818f:1\&#34;\\ntime=\&#34;2021-06-09T02:22:49Z\&#34; level=info msg=\&#34;&gt;&gt;&lt;&lt;-- request={} span=6732796692f9f1d2:737ce067d20e187f:00f65dcaa515818f:1\&#34;\\ntime=\&#34;2021-06-09T02:22:49Z\&#34; level=info msg=\&#34;&gt;&gt;&lt;&lt;-- response={} span=6732796692f9f1d2:737ce067d20e187f:00f65dcaa515818f:1\&#34;\\n2021/06/09 02:22:49 Reporting span 6732796692f9f1d2:737ce067d20e187f:00f65dcaa515818f:1\\nINFO: 2021/06/09 02:22:49 [transport] transport: loopyWriter.run returning. connection error: desc = \&#34;transport is closing\&#34;\\ntime=\&#34;2021-06-09T02:22:49Z\&#34; level=info msg=\&#34;Liveness probe was successful: tcp:127.0.0.1:5000\&#34;\\ntime=\&#34;2021-06-09T02:22:49Z\&#34; level=info msg=\&#34;Registry port now available, attempting to connect...\&#34; operation=initRegistryClient span=\&#34;68766b66242daea2:614025c92a9eb938:78461ae8d95f90ba:1\&#34;\\ntime=\&#34;2021-06-09T02:22:49Z\&#34; level=info msg=\&#34;Trying to establish connection to target: 127.0.0.1:5000\&#34;\\ntime=\&#34;2021-06-09T02:22:49Z\&#34; level=info msg=\&#34;func insecure: false, env insecure: false\&#34;\\ntime=\&#34;2021-06-09T02:22:49Z\&#34; level=info msg=\&#34;Connecting to the workload api at:unix:///run/spire/sockets/agent.sock\&#34;\\nINFO: 2021/06/09 02:22:49 [core] parsed scheme: \&#34;unix\&#34;\\nINFO: 2021/06/09 02:22:49 [core] ccResolverWrapper: sending update to cc: {[{/run/spire/sockets/agent.sock  0xc000182080 0 &lt;nil&gt;}] &lt;nil&gt; &lt;nil&gt;}\\nINFO: 2021/06/09 02:22:49 [core] ClientConn switching balancer to \&#34;pick_first\&#34;\\nINFO: 2021/06/09 02:22:49 [core] Channel switches to new LB policy \&#34;pick_first\&#34;\\nINFO: 2021/06/09 02:22:49 [core] Subchannel Connectivity change to CONNECTING\\nINFO: 2021/06/09 02:22:49 [core] blockingPicker: the picked transport is not ready, loop back to repick\\nINFO: 2021/06/09 02:22:49 [core] Subchannel picks a new address \&#34;/run/spire/sockets/agent.sock\&#34; to connect\\nINFO: 2021/06/09 02:22:49 [core] pickfirstBalancer: UpdateSubConnState: 0xc000364700, {CONNECTING &lt;nil&gt;}\\nINFO: 2021/06/09 02:22:49 [core] Channel Connectivity change to CONNECTING\\nINFO: 2021/06/09 02:22:49 [core] Subchannel Connectivity change to READY\\nINFO: 2021/06/09 02:22:49 [core] pickfirstBalancer: UpdateSubConnState: 0xc000364700, {READY &lt;nil&gt;}\\nINFO: 2021/06/09 02:22:49 [core] Channel Connectivity change to READY\\nINFO: 2021/06/09 02:22:49 [core] Channel Connectivity change to SHUTDOWN\\nINFO: 2021/06/09 02:22:49 [core] Subchannel Connectivity change to SHUTDOWN\\ntime=\&#34;2021-06-09T02:22:49Z\&#34; level=info msg=\&#34;Successfully retrieve bundles:&amp;{{{0 0} 0 0 0 0} map[{test.com}:0xc0000c2f80]}\&#34;\\ntime=\&#34;2021-06-09T02:22:49Z\&#34; level=info msg=\&#34;defaultTrustDomain:test.com\&#34;\\ntime=\&#34;2021-06-09T02:22:49Z\&#34; level=info msg=\&#34;AUTHORIZING ALL CLIENTS\&#34;\\ntime=\&#34;2021-06-09T02:22:49Z\&#34; level=info msg=\&#34;Fetch tlsConfig for Trust Domain: test.com\&#34;\\ntime=\&#34;2021-06-09T02:22:49Z\&#34; level=info msg=\&#34;Found 1 tlsconfigs.\&#34;\\nINFO: 2021/06/09 02:22:49 [transport] transport: loopyWriter.run returning. connection error: desc = \&#34;transport is closing\&#34;\\nINFO: 2021/06/09 02:22:49 [core] parsed scheme: \&#34;\&#34;\\nINFO: 2021/06/09 02:22:49 [core] scheme \&#34;\&#34; not registered, fallback to default scheme\\nINFO: 2021/06/09 02:22:49 [core] ccResolverWrapper: sending update to cc: {[{127.0.0.1:5000  &lt;nil&gt; 0 &lt;nil&gt;}] &lt;nil&gt; &lt;nil&gt;}\\nINFO: 2021/06/09 02:22:49 [core] ClientConn switching balancer to \&#34;pick_first\&#34;\\nINFO: 2021/06/09 02:22:49 [core] Channel switches to new LB policy \&#34;pick_first\&#34;\\nINFO: 2021/06/09 02:22:49 [core] Subchannel Connectivity change to CONNECTING\\nINFO: 2021/06/09 02:22:49 [core] Subchannel picks a new address \&#34;127.0.0.1:5000\&#34; to connect\\nINFO: 2021/06/09 02:22:49 [core] pickfirstBalancer: UpdateSubConnState: 0xc0005040c0, {CONNECTING &lt;nil&gt;}\\nINFO: 2021/06/09 02:22:49 [core] Channel Connectivity change to CONNECTING\\nINFO: 2021/06/09 02:22:49 [core] Subchannel Connectivity change to READY\\nINFO: 2021/06/09 02:22:49 [core] pickfirstBalancer: UpdateSubConnState: 0xc0005040c0, {READY &lt;nil&gt;}\\nINFO: 2021/06/09 02:22:49 [core] Channel Connectivity change to READY\\ntime=\&#34;2021-06-09T02:22:49Z\&#34; level=info msg=\&#34;Found the right tls certificate:&amp;{&lt;nil&gt; &lt;nil&gt; [] map[] &lt;nil&gt; 0x97a540 &lt;nil&gt; 0x97a5c0 &lt;nil&gt; &lt;nil&gt; []  NoClientCert &lt;nil&gt; true [] false false [0 0 0 0 0 0 0 0 0 0 0 0 0 0 0 0 0 0 0 0 0 0 0 0 0 0 0 0 0 0 0 0] &lt;nil&gt; 0 0 [] false 0 &lt;nil&gt; {{0 0} 0 0 0 0} [] []}\&#34;\\nINFO: 2021/06/09 02:22:49 [core] Channel Connectivity change to SHUTDOWN\\nINFO: 2021/06/09 02:22:49 [core] Subchannel Connectivity change to SHUTDOWN\\nINFO: 2021/06/09 02:22:49 [transport] transport: loopyWriter.run returning. connection error: desc = \&#34;transport is closing\&#34;\\ntime=\&#34;2021-06-09T02:22:49Z\&#34; level=info msg=\&#34;Trying to establish connection using tlsConfig:&amp;{&lt;nil&gt; &lt;nil&gt; [] map[] &lt;nil&gt; 0x97a540 &lt;nil&gt; 0x97a5c0 &lt;nil&gt; &lt;nil&gt; []  NoClientCert &lt;nil&gt; true [] false false [0 0 0 0 0 0 0 0 0 0 0 0 0 0 0 0 0 0 0 0 0 0 0 0 0 0 0 0 0 0 0 0] &lt;nil&gt; 0 0 [] false 0 &lt;nil&gt; {{0 0} 0 0 0 0} [] []}\&#34;\\nINFO: 2021/06/09 02:22:49 [core] parsed scheme: \&#34;\&#34;\\nINFO: 2021/06/09 02:22:49 [core] scheme \&#34;\&#34; not registered, fallback to default scheme\\nINFO: 2021/06/09 02:22:49 [core] ccResolverWrapper: sending update to cc: {[{127.0.0.1:5000  &lt;nil&gt; 0 &lt;nil&gt;}] &lt;nil&gt; &lt;nil&gt;}\\nINFO: 2021/06/09 02:22:49 [core] ClientConn switching balancer to \&#34;pick_first\&#34;\\nINFO: 2021/06/09 02:22:49 [core] Channel switches to new LB policy \&#34;pick_first\&#34;\\nINFO: 2021/06/09 02:22:49 [core] Subchannel Connectivity change to CONNECTING\\nINFO: 2021/06/09 02:22:49 [core] Subchannel picks a new address \&#34;127.0.0.1:5000\&#34; to connect\\nINFO: 2021/06/09 02:22:49 [core] pickfirstBalancer: UpdateSubConnState: 0xc000504400, {CONNECTING &lt;nil&gt;}\\nINFO: 2021/06/09 02:22:49 [core] Channel Connectivity change to CONNECTING\\nINFO: 2021/06/09 02:22:49 [core] Subchannel Connectivity change to READY\\nINFO: 2021/06/09 02:22:49 [core] pickfirstBalancer: UpdateSubConnState: 0xc000504400, {READY &lt;nil&gt;}\\nINFO: 2021/06/09 02:22:49 [core] Channel Connectivity change to READY\\ntime=\&#34;2021-06-09T02:22:49Z\&#34; level=info msg=\&#34;Successfully connected to 127.0.0.1:5000\&#34; operation=initRegistryClient span=\&#34;68766b66242daea2:614025c92a9eb938:78461ae8d95f90ba:1\&#34;\\n2021/06/09 02:22:49 Reporting span 68766b66242daea2:614025c92a9eb938:78461ae8d95f90ba:1\\ntime=\&#34;2021-06-09T02:22:49Z\&#34; level=info msg=\&#34;&gt;&gt;&lt;&lt;------ url=10.244.2.16:5001 span=68766b66242daea2:78461ae8d95f90ba:01f139d1ed12ee86:1\&#34;\\ntime=\&#34;2021-06-09T02:22:49Z\&#34; level=info msg=\&#34;&gt;&gt;&lt;&lt;-------- /registry.NsmRegistry/RegisterNSM()=\\\&#34;\\\&#34; span=68766b66242daea2:78461ae8d95f90ba:01f139d1ed12ee86:1\&#34;\\ntime=\&#34;2021-06-09T02:22:49Z\&#34; level=info msg=\&#34;&gt;&gt;&lt;&lt;-------- request={\\\&#34;url\\\&#34;:\\\&#34;10.244.2.16:5001\\\&#34;} span=68766b66242daea2:78461ae8d95f90ba:01f139d1ed12ee86:1\&#34;\\n2021/06/09 02:22:49 Reporting span 68766b66242daea2:1e0c5c05a5f4a68a:78461ae8d95f90ba:1\\ntime=\&#34;2021-06-09T02:22:49Z\&#34; level=info msg=\&#34;&gt;&gt;&lt;&lt;-------- response={\\\&#34;name\\\&#34;:\\\&#34;kind-1-worker\\\&#34;,\\\&#34;url\\\&#34;:\\\&#34;10.244.2.16:5001\\\&#34;,\\\&#34;state\\\&#34;:\\\&#34;RUNNING\\\&#34;} span=68766b66242daea2:78461ae8d95f90ba:01f139d1ed12ee86:1\&#34;\\ntime=\&#34;2021-06-09T02:22:49Z\&#34; level=info msg=\&#34;&gt;&gt;&lt;&lt;-------- /registry.NsmRegistry/GetEndpoints()=\\\&#34;\\\&#34; span=68766b66242daea2:78461ae8d95f90ba:01f139d1ed12ee86:1\&#34;\\ntime=\&#34;2021-06-09T02:22:49Z\&#34; level=info msg=\&#34;&gt;&gt;&lt;&lt;-------- request={} span=68766b66242daea2:78461ae8d95f90ba:01f139d1ed12ee86:1\&#34;\\n2021/06/09 02:22:49 Reporting span 68766b66242daea2:091c1b556682b121:78461ae8d95f90ba:1\\ntime=\&#34;2021-06-09T02:22:49Z\&#34; level=info msg=\&#34;&gt;&gt;&lt;&lt;-------- response={\\\&#34;network_service_endpoints\\\&#34;:[{\\\&#34;name\\\&#34;:\\\&#34;icmp-responder46jdq\\\&#34;,\\\&#34;payload\\\&#34;:\\\&#34;IP\\\&#34;,\\\&#34;network_service_name\\\&#34;:\\\&#34;icmp-responder\\\&#34;,\\\&#34;network_service_manager_name\\\&#34;:\\\&#34;kind-1-worker\\\&#34;,\\\&#34;labels\\\&#34;:{\\\&#34;app\\\&#34;:\\\&#34;icmp\\\&#34;,\\\&#34;networkservicename\\\&#34;:\\\&#34;icmp-responder\\\&#34;},\\\&#34;state\\\&#34;:\\\&#34;RUNNING\\\&#34;}]} span=68766b66242daea2:78461ae8d95f90ba:01f139d1ed12ee86:1\&#34;\\ntime=\&#34;2021-06-09T02:22:49Z\&#34; level=info msg=\&#34;Setting local NSM name:\\\&#34;kind-1-worker\\\&#34; url:\\\&#34;10.244.2.16:5001\\\&#34; state:\\\&#34;RUNNING\\\&#34; \&#34;\\n2021/06/09 02:22:49 Reporting span 68766b66242daea2:78461ae8d95f90ba:01f139d1ed12ee86:1\\ntime=\&#34;2021-06-09T02:22:49Z\&#34; level=info msg=\&#34;&gt;&gt;&lt;&lt;---- registered-endpoints={\\\&#34;network_service_endpoints\\\&#34;:[{\\\&#34;name\\\&#34;:\\\&#34;icmp-responder46jdq\\\&#34;,\\\&#34;payload\\\&#34;:\\\&#34;IP\\\&#34;,\\\&#34;network_service_name\\\&#34;:\\\&#34;icmp-responder\\\&#34;,\\\&#34;network_service_manager_name\\\&#34;:\\\&#34;kind-1-worker\\\&#34;,\\\&#34;labels\\\&#34;:{\\\&#34;app\\\&#34;:\\\&#34;icmp\\\&#34;,\\\&#34;networkservicename\\\&#34;:\\\&#34;icmp-responder\\\&#34;},\\\&#34;state\\\&#34;:\\\&#34;RUNNING\\\&#34;}]} span=68766b66242daea2:01f139d1ed12ee86:68766b66242daea2:1\&#34;\\ntime=\&#34;2021-06-09T02:22:49Z\&#34; level=info msg=\&#34;Connecting to nsmd on socket: /var/lib/networkservicemesh/nsm.io.sock...\&#34;\\ntime=\&#34;2021-06-09T02:22:49Z\&#34; level=info msg=\&#34;Trying to establish connection to target: /var/lib/networkservicemesh/nsm.io.sock\&#34;\\ntime=\&#34;2021-06-09T02:22:49Z\&#34; level=info msg=\&#34;func insecure: false, env insecure: false\&#34;\\ntime=\&#34;2021-06-09T02:22:49Z\&#34; level=info msg=\&#34;Connecting to the workload api at:unix:///run/spire/sockets/agent.sock\&#34;\\nINFO: 2021/06/09 02:22:49 [core] parsed scheme: \&#34;unix\&#34;\\nINFO: 2021/06/09 02:22:49 [core] ccResolverWrapper: sending update to cc: {[{/run/spire/sockets/agent.sock  0xc000182808 0 &lt;nil&gt;}] &lt;nil&gt; &lt;nil&gt;}\\nINFO: 2021/06/09 02:22:49 [core] ClientConn switching balancer to \&#34;pick_first\&#34;\\nINFO: 2021/06/09 02:22:49 [core] Channel switches to new LB policy \&#34;pick_first\&#34;\\nINFO: 2021/06/09 02:22:49 [core] Subchannel Connectivity change to CONNECTING\\nINFO: 2021/06/09 02:22:49 [core] blockingPicker: the picked transport is not ready, loop back to repick\\nINFO: 2021/06/09 02:22:49 [core] Subchannel picks a new address \&#34;/run/spire/sockets/agent.sock\&#34; to connect\\nINFO: 2021/06/09 02:22:49 [core] pickfirstBalancer: UpdateSubConnState: 0xc00026c010, {CONNECTING &lt;nil&gt;}\\nINFO: 2021/06/09 02:22:49 [core] Channel Connectivity change to CONNECTING\\nINFO: 2021/06/09 02:22:49 [core] Subchannel Connectivity change to READY\\nINFO: 2021/06/09 02:22:49 [core] pickfirstBalancer: UpdateSubConnState: 0xc00026c010, {READY &lt;nil&gt;}\\nINFO: 2021/06/09 02:22:49 [core] Channel Connectivity change to READY\\nINFO: 2021/06/09 02:22:49 [core] Channel Connectivity change to SHUTDOWN\\nINFO: 2021/06/09 02:22:49 [core] Subchannel Connectivity change to SHUTDOWN\\ntime=\&#34;2021-06-09T02:22:49Z\&#34; level=info msg=\&#34;Successfully retrieve bundles:&amp;{{{0 0} 0 0 0 0} map[{test.com}:0xc000189380]}\&#34;\\ntime=\&#34;2021-06-09T02:22:49Z\&#34; level=info msg=\&#34;defaultTrustDomain:test.com\&#34;\\ntime=\&#34;2021-06-09T02:22:49Z\&#34; level=info msg=\&#34;AUTHORIZING ALL CLIENTS\&#34;\\ntime=\&#34;2021-06-09T02:22:49Z\&#34; level=info msg=\&#34;Fetch tlsConfig for Trust Domain: test.com\&#34;\\ntime=\&#34;2021-06-09T02:22:49Z\&#34; level=info msg=\&#34;Found 1 tlsconfigs.\&#34;\\nINFO: 2021/06/09 02:22:49 [core] parsed scheme: \&#34;\&#34;\\nINFO: 2021/06/09 02:22:49 [core] scheme \&#34;\&#34; not registered, fallback to default scheme\\nINFO: 2021/06/09 02:22:49 [core] ccResolverWrapper: sending update to cc: {[{/var/lib/networkservicemesh/nsm.io.sock  &lt;nil&gt; 0 &lt;nil&gt;}] &lt;nil&gt; &lt;nil&gt;}\\nINFO: 2021/06/09 02:22:49 [core] ClientConn switching balancer to \&#34;pick_first\&#34;\\nINFO: 2021/06/09 02:22:49 [core] Channel switches to new LB policy \&#34;pick_first\&#34;\\nINFO: 2021/06/09 02:22:49 [core] Subchannel Connectivity change to CONNECTING\\nINFO: 2021/06/09 02:22:49 [core] Subchannel picks a new address \&#34;/var/lib/networkservicemesh/nsm.io.sock\&#34; to connect\\nINFO: 2021/06/09 02:22:49 [core] pickfirstBalancer: UpdateSubConnState: 0xc000096750, {CONNECTING &lt;nil&gt;}\\nINFO: 2021/06/09 02:22:49 [core] Channel Connectivity change to CONNECTING\\nINFO: 2021/06/09 02:22:49 [transport] transport: loopyWriter.run returning. connection error: desc = \&#34;transport is closing\&#34;\\nINFO: 2021/06/09 02:22:49 [core] Subchannel Connectivity change to READY\\nINFO: 2021/06/09 02:22:49 [core] pickfirstBalancer: UpdateSubConnState: 0xc000096750, {READY &lt;nil&gt;}\\nINFO: 2021/06/09 02:22:49 [core] Channel Connectivity change to READY\\ntime=\&#34;2021-06-09T02:22:49Z\&#34; level=info msg=\&#34;Found the right tls certificate:&amp;{&lt;nil&gt; &lt;nil&gt; [] map[] &lt;nil&gt; 0x97a540 &lt;nil&gt; 0x97a5c0 &lt;nil&gt; &lt;nil&gt; []  NoClientCert &lt;nil&gt; true [] false false [0 0 0 0 0 0 0 0 0 0 0 0 0 0 0 0 0 0 0 0 0 0 0 0 0 0 0 0 0 0 0 0] &lt;nil&gt; 0 0 [] false 0 &lt;nil&gt; {{0 0} 0 0 0 0} [] []}\&#34;\\nINFO: 2021/06/09 02:22:49 [core] Channel Connectivity change to SHUTDOWN\\nINFO: 2021/06/09 02:22:49 [core] Subchannel Connectivity change to SHUTDOWN\\nINFO: 2021/06/09 02:22:49 [transport] transport: loopyWriter.run returning. connection error: desc = \&#34;transport is closing\&#34;\\ntime=\&#34;2021-06-09T02:22:49Z\&#34; level=info msg=\&#34;Trying to establish connection using tlsConfig:&amp;{&lt;nil&gt; &lt;nil&gt; [] map[] &lt;nil&gt; 0x97a540 &lt;nil&gt; 0x97a5c0 &lt;nil&gt; &lt;nil&gt; []  NoClientCert &lt;nil&gt; true [] false false [0 0 0 0 0 0 0 0 0 0 0 0 0 0 0 0 0 0 0 0 0 0 0 0 0 0 0 0 0 0 0 0] &lt;nil&gt; 0 0 [] false 0 &lt;nil&gt; {{0 0} 0 0 0 0} [] []}\&#34;\\nINFO: 2021/06/09 02:22:49 [core] parsed scheme: \&#34;\&#34;\\nINFO: 2021/06/09 02:22:49 [core] scheme \&#34;\&#34; not registered, fallback to default scheme\\nINFO: 2021/06/09 02:22:49 [core] ccResolverWrapper: sending update to cc: {[{/var/lib/networkservicemesh/nsm.io.sock  &lt;nil&gt; 0 &lt;nil&gt;}] &lt;nil&gt; &lt;nil&gt;}\\nINFO: 2021/06/09 02:22:49 [transport] transport: loopyWriter.run returning. connection error: desc = \&#34;transport is closing\&#34;\\nINFO: 2021/06/09 02:22:49 [core] ClientConn switching balancer to \&#34;pick_first\&#34;\\nINFO: 2021/06/09 02:22:49 [core] Channel switches to new LB policy \&#34;pick_first\&#34;\\nINFO: 2021/06/09 02:22:49 [core] Subchannel Connectivity change to CONNECTING\\nINFO: 2021/06/09 02:22:49 [core] Subchannel picks a new address \&#34;/var/lib/networkservicemesh/nsm.io.sock\&#34; to connect\\nINFO: 2021/06/09 02:22:49 [core] pickfirstBalancer: UpdateSubConnState: 0xc000488130, {CONNECTING &lt;nil&gt;}\\nINFO: 2021/06/09 02:22:49 [core] Channel Connectivity change to CONNECTING\\nINFO: 2021/06/09 02:22:49 [core] Subchannel Connectivity change to READY\\nINFO: 2021/06/09 02:22:49 [core] pickfirstBalancer: UpdateSubConnState: 0xc000488130, {READY &lt;nil&gt;}\\nINFO: 2021/06/09 02:22:49 [core] Channel Connectivity change to READY\\ntime=\&#34;2021-06-09T02:22:49Z\&#34; level=info msg=\&#34;Requesting nsmd for client connection...\&#34;\\nINFO: 2021/06/09 02:22:49 [core] Channel Connectivity change to SHUTDOWN\\nINFO: 2021/06/09 02:22:49 [core] Subchannel Connectivity change to SHUTDOWN\\ntime=\&#34;2021-06-09T02:22:49Z\&#34; level=info msg=\&#34;NSM gRPC socket: /var/lib/networkservicemesh/nsm.io.sock is operational\&#34; operation=nsm-server-start span=\&#34;68766b66242daea2:01f139d1ed12ee86:68766b66242daea2:1\&#34;\\ntime=\&#34;2021-06-09T02:22:49Z\&#34; level=info msg=\&#34;create monitor servers\&#34; operation=nsm-server-start span=\&#34;68766b66242daea2:01f139d1ed12ee86:68766b66242daea2:1\&#34;\\nINFO: 2021/06/09 02:22:49 [transport] transport: loopyWriter.run returning. connection error: desc = \&#34;transport is closing\&#34;\\ntime=\&#34;2021-06-09T02:22:49Z\&#34; level=info msg=\&#34;CrossConnect - Serve starting...\&#34;\\nINFO: 2021/06/09 02:22:49 [transport] transport: loopyWriter.run returning. connection error: desc = \&#34;transport is closing\&#34;\\ntime=\&#34;2021-06-09T02:22:49Z\&#34; level=info msg=\&#34;RemoteConnection - Serve starting...\&#34;\\ntime=\&#34;2021-06-09T02:22:49Z\&#34; level=info msg=\&#34;Reading excluded prefixes config file: /var/lib/networkservicemesh/config/excluded_prefixes.yaml\&#34;\\ntime=\&#34;2021-06-09T02:22:49Z\&#34; level=info msg=\&#34;Excluded prefixes: [10.244.0.0/16 10.96.0.0/12]\&#34;\\ntime=\&#34;2021-06-09T02:22:49Z\&#34; level=info msg=\&#34;==------&gt; restore() span:68766b66242daea2:49ecec22910bca4f:01f139d1ed12ee86:1\&#34;\\ntime=\&#34;2021-06-09T02:22:49Z\&#34; level=info msg=\&#34;&gt;&gt;&lt;&lt;------ delete.client.registry=false span=68766b66242daea2:49ecec22910bca4f:01f139d1ed12ee86:1\&#34;\\ntime=\&#34;2021-06-09T02:22:49Z\&#34; level=info msg=\&#34;Values: [CLE nsm-23]\&#34;\\ntime=\&#34;2021-06-09T02:22:49Z\&#34; level=info msg=\&#34;Values: [NSE icmp-responder4r75t nsm-23 ChQKDmljbXAtcmVzcG9uZGVyEgJJUBIqCg1raW5kLTEtd29ya2VyEhAxMC4yNDQuMi4xMjo1MDAxIgdSVU5OSU5HGnQKE2ljbXAtcmVzcG9uZGVyNHI3NXQSAklQGg5pY21wLXJlc3BvbmRlciINa2luZC0xLXdvcmtlcioLCgNhcHASBGljbXAqJAoSbmV0d29ya3NlcnZpY2VuYW1lEg5pY21wLXJlc3BvbmRlcjIHUlVOTklORw==]\&#34;\\ntime=\&#34;2021-06-09T02:22:49Z\&#34; level=info msg=\&#34;Values: [CLE nsm-1]\&#34;\\ntime=\&#34;2021-06-09T02:22:49Z\&#34; level=info msg=\&#34;Values: [NSE icmp-respondertbc4x nsm-1 ChQKDmljbXAtcmVzcG9uZGVyEgJJUBIqCg1raW5kLTEtd29ya2VyEhAxMC4yNDQuMi4xMjo1MDAxIgdSVU5OSU5HGnQKE2ljbXAtcmVzcG9uZGVydGJjNHgSAklQGg5pY21wLXJlc3BvbmRlciINa2luZC0xLXdvcmtlcioLCgNhcHASBGljbXAqJAoSbmV0d29ya3NlcnZpY2VuYW1lEg5pY21wLXJlc3BvbmRlcjIHUlVOTklORw==]\&#34;\\ntime=\&#34;2021-06-09T02:22:49Z\&#34; level=info msg=\&#34;Values: [CLE nsm-19]\&#34;\\ntime=\&#34;2021-06-09T02:22:49Z\&#34; level=info msg=\&#34;Values: [NSE icmp-responder46jdq nsm-19 ChQKDmljbXAtcmVzcG9uZGVyEgJJUBIqCg1raW5kLTEtd29ya2VyEhAxMC4yNDQuMi4xMjo1MDAxIgdSVU5OSU5HGnQKE2ljbXAtcmVzcG9uZGVyNDZqZHESAklQGg5pY21wLXJlc3BvbmRlciINa2luZC0xLXdvcmtlcioLCgNhcHASBGljbXAqJAoSbmV0d29ya3NlcnZpY2VuYW1lEg5pY21wLXJlc3BvbmRlcjIHUlVOTklORw==]\&#34;\\ntime=\&#34;2021-06-09T02:22:49Z\&#34; level=info msg=\&#34;Clients: [nsm-23 nsm-1 nsm-19]\&#34;\\ntime=\&#34;2021-06-09T02:22:49Z\&#34; level=info msg=\&#34;NSEs: map[icmp-responder46jdq:{nsm-19 network_service:&lt;name:\\\&#34;icmp-responder\\\&#34; payload:\\\&#34;IP\\\&#34; &gt; network_service_manager:&lt;name:\\\&#34;kind-1-worker\\\&#34; url:\\\&#34;10.244.2.12:5001\\\&#34; state:\\\&#34;RUNNING\\\&#34; &gt; network_service_endpoint:&lt;name:\\\&#34;icmp-responder46jdq\\\&#34; payload:\\\&#34;IP\\\&#34; network_service_name:\\\&#34;icmp-responder\\\&#34; network_service_manager_name:\\\&#34;kind-1-worker\\\&#34; labels:&lt;key:\\\&#34;app\\\&#34; value:\\\&#34;icmp\\\&#34; &gt; labels:&lt;key:\\\&#34;networkservicename\\\&#34; value:\\\&#34;icmp-responder\\\&#34; &gt; state:\\\&#34;RUNNING\\\&#34; &gt; } icmp-responder4r75t:{nsm-23 network_service:&lt;name:\\\&#34;icmp-responder\\\&#34; payload:\\\&#34;IP\\\&#34; &gt; network_service_manager:&lt;name:\\\&#34;kind-1-worker\\\&#34; url:\\\&#34;10.244.2.12:5001\\\&#34; state:\\\&#34;RUNNING\\\&#34; &gt; network_service_endpoint:&lt;name:\\\&#34;icmp-responder4r75t\\\&#34; payload:\\\&#34;IP\\\&#34; network_service_name:\\\&#34;icmp-responder\\\&#34; network_service_manager_name:\\\&#34;kind-1-worker\\\&#34; labels:&lt;key:\\\&#34;app\\\&#34; value:\\\&#34;icmp\\\&#34; &gt; labels:&lt;key:\\\&#34;networkservicename\\\&#34; value:\\\&#34;icmp-responder\\\&#34; &gt; state:\\\&#34;RUNNING\\\&#34; &gt; } icmp-respondertbc4x:{nsm-1 network_service:&lt;name:\\\&#34;icmp-responder\\\&#34; payload:\\\&#34;IP\\\&#34; &gt; network_service_manager:&lt;name:\\\&#34;kind-1-worker\\\&#34; url:\\\&#34;10.244.2.12:5001\\\&#34; state:\\\&#34;RUNNING\\\&#34; &gt; network_service_endpoint:&lt;name:\\\&#34;icmp-respondertbc4x\\\&#34; payload:\\\&#34;IP\\\&#34; network_service_name:\\\&#34;icmp-responder\\\&#34; network_service_manager_name:\\\&#34;kind-1-worker\\\&#34; labels:&lt;key:\\\&#34;app\\\&#34; value:\\\&#34;icmp\\\&#34; &gt; labels:&lt;key:\\\&#34;networkservicename\\\&#34; value:\\\&#34;icmp-responder\\\&#34; &gt; state:\\\&#34;RUNNING\\\&#34; &gt; }]\&#34;\\ntime=\&#34;2021-06-09T02:22:49Z\&#34; level=info msg=\&#34;&gt;&gt;&lt;&lt;------ clients=[\\\&#34;nsm-23\\\&#34;,\\\&#34;nsm-1\\\&#34;,\\\&#34;nsm-19\\\&#34;] span=68766b66242daea2:49ecec22910bca4f:01f139d1ed12ee86:1\&#34;\\ntime=\&#34;2021-06-09T02:22:49Z\&#34; level=info msg=\&#34;&gt;&gt;&lt;&lt;------ endpoints={\\\&#34;icmp-responder46jdq\\\&#34;:{\\\&#34;Workspace\\\&#34;:\\\&#34;nsm-19\\\&#34;,\\\&#34;NseReg\\\&#34;:{\\\&#34;network_service\\\&#34;:{\\\&#34;name\\\&#34;:\\\&#34;icmp-responder\\\&#34;,\\\&#34;payload\\\&#34;:\\\&#34;IP\\\&#34;},\\\&#34;network_service_manager\\\&#34;:{\\\&#34;name\\\&#34;:\\\&#34;kind-1-worker\\\&#34;,\\\&#34;url\\\&#34;:\\\&#34;10.244.2.12:5001\\\&#34;,\\\&#34;state\\\&#34;:\\\&#34;RUNNING\\\&#34;},\\\&#34;network_service_endpoint\\\&#34;:{\\\&#34;name\\\&#34;:\\\&#34;icmp-responder46jdq\\\&#34;,\\\&#34;payload\\\&#34;:\\\&#34;IP\\\&#34;,\\\&#34;network_service_name\\\&#34;:\\\&#34;icmp-responder\\\&#34;,\\\&#34;network_service_manager_name\\\&#34;:\\\&#34;kind-1-worker\\\&#34;,\\\&#34;labels\\\&#34;:{\\\&#34;app\\\&#34;:\\\&#34;icmp\\\&#34;,\\\&#34;networkservicename\\\&#34;:\\\&#34;icmp-responder\\\&#34;},\\\&#34;state\\\&#34;:\\\&#34;RUNNING\\\&#34;}}},\\\&#34;icmp-responder4r75t\\\&#34;:{\\\&#34;Workspace\\\&#34;:\\\&#34;nsm-23\\\&#34;,\\\&#34;NseReg\\\&#34;:{\\\&#34;network_service\\\&#34;:{\\\&#34;name\\\&#34;:\\\&#34;icmp-responder\\\&#34;,\\\&#34;payload\\\&#34;:\\\&#34;IP\\\&#34;},\\\&#34;network_service_manager\\\&#34;:{\\\&#34;name\\\&#34;:\\\&#34;kind-1-worker\\\&#34;,\\\&#34;url\\\&#34;:\\\&#34;10.244.2.12:5001\\\&#34;,\\\&#34;state\\\&#34;:\\\&#34;RUNNING\\\&#34;},\\\&#34;network_service_endpoint\\\&#34;:{\\\&#34;name\\\&#34;:\\\&#34;icmp-responder4r75t\\\&#34;,\\\&#34;payload\\\&#34;:\\\&#34;IP\\\&#34;,\\\&#34;network_service_name\\\&#34;:\\\&#34;icmp-responder\\\&#34;,\\\&#34;network_service_manager_name\\\&#34;:\\\&#34;kind-1-worker\\\&#34;,\\\&#34;labels\\\&#34;:{\\\&#34;app\\\&#34;:\\\&#34;icmp\\\&#34;,\\\&#34;networkservicename\\\&#34;:\\\&#34;icmp-responder\\\&#34;},\\\&#34;state\\\&#34;:\\\&#34;RUNNING\\\&#34;}}},\\\&#34;icmp-respondertbc4x\\\&#34;:{\\\&#34;Workspace\\\&#34;:\\\&#34;nsm-1\\\&#34;,\\\&#34;NseReg\\\&#34;:{\\\&#34;network_service\\\&#34;:{\\\&#34;name\\\&#34;:\\\&#34;icmp-responder\\\&#34;,\\\&#34;payload\\\&#34;:\\\&#34;IP\\\&#34;},\\\&#34;network_service_manager\\\&#34;:{\\\&#34;name\\\&#34;:\\\&#34;kind-1-worker\\\&#34;,\\\&#34;url\\\&#34;:\\\&#34;10.244.2.12:5001\\\&#34;,\\\&#34;state\\\&#34;:\\\&#34;RUNNING\\\&#34;},\\\&#34;network_service_endpoint\\\&#34;:{\\\&#34;name\\\&#34;:\\\&#34;icmp-respondertbc4x\\\&#34;,\\\&#34;payload\\\&#34;:\\\&#34;IP\\\&#34;,\\\&#34;network_service_name\\\&#34;:\\\&#34;icmp-responder\\\&#34;,\\\&#34;network_service_manager_name\\\&#34;:\\\&#34;kind-1-worker\\\&#34;,\\\&#34;labels\\\&#34;:{\\\&#34;app\\\&#34;:\\\&#34;icmp\\\&#34;,\\\&#34;networkservicename\\\&#34;:\\\&#34;icmp-responder\\\&#34;},\\\&#34;state\\\&#34;:\\\&#34;RUNNING\\\&#34;}}}} span=68766b66242daea2:49ecec22910bca4f:01f139d1ed12ee86:1\&#34;\\ntime=\&#34;2021-06-09T02:22:49Z\&#34; level=info msg=\&#34;==--------&gt; restoreClients() span:68766b66242daea2:590d0b84e53c1726:49ecec22910bca4f:1\&#34;\\ntime=\&#34;2021-06-09T02:22:49Z\&#34; level=info msg=\&#34;NSMServer: Creating workspaces for existing clients...\&#34; operation=restoreClients span=\&#34;68766b66242daea2:590d0b84e53c1726:49ecec22910bca4f:1\&#34;\\ntime=\&#34;2021-06-09T02:22:49Z\&#34; level=info msg=\&#34;==----------&gt; Workspace:nsm-23() span:68766b66242daea2:280d2c6386d34695:590d0b84e53c1726:1\&#34;\\ntime=\&#34;2021-06-09T02:22:49Z\&#34; level=info msg=\&#34;Creating new workspace: nsm-23\&#34; operation=\&#34;Workspace:nsm-23\&#34; span=\&#34;68766b66242daea2:280d2c6386d34695:590d0b84e53c1726:1\&#34;\\ntime=\&#34;2021-06-09T02:22:49Z\&#34; level=info msg=\&#34;&gt;&gt;&lt;&lt;---------- restore=true span=68766b66242daea2:280d2c6386d34695:590d0b84e53c1726:1\&#34;\\ntime=\&#34;2021-06-09T02:22:49Z\&#34; level=info msg=\&#34;Creating new directory: /var/lib/networkservicemesh/nsm-23\&#34; operation=\&#34;Workspace:nsm-23\&#34; span=\&#34;68766b66242daea2:280d2c6386d34695:590d0b84e53c1726:1\&#34;\\ntime=\&#34;2021-06-09T02:22:49Z\&#34; level=info msg=\&#34;Creating new listener on: /var/lib/networkservicemesh/nsm-23/nsm.server.io.sock\&#34; operation=\&#34;Workspace:nsm-23\&#34; span=\&#34;68766b66242daea2:280d2c6386d34695:590d0b84e53c1726:1\&#34;\\ntime=\&#34;2021-06-09T02:22:49Z\&#34; level=info msg=\&#34;Creating new NetworkServiceRegistryServer\&#34; operation=\&#34;Workspace:nsm-23\&#34; span=\&#34;68766b66242daea2:280d2c6386d34695:590d0b84e53c1726:1\&#34;\\ntime=\&#34;2021-06-09T02:22:49Z\&#34; level=info msg=\&#34;Creating new MonitorConnectionServer\&#34; operation=\&#34;Workspace:nsm-23\&#34; span=\&#34;68766b66242daea2:280d2c6386d34695:590d0b84e53c1726:1\&#34;\\ntime=\&#34;2021-06-09T02:22:49Z\&#34; level=info msg=\&#34;Creating new NetworkServiceServer\&#34; operation=\&#34;Workspace:nsm-23\&#34; span=\&#34;68766b66242daea2:280d2c6386d34695:590d0b84e53c1726:1\&#34;\\ntime=\&#34;2021-06-09T02:22:49Z\&#34; level=info msg=\&#34;LocalConnection - Serve starting...\&#34;\\ntime=\&#34;2021-06-09T02:22:49Z\&#34; level=info msg=\&#34;Reading excluded prefixes config file: /var/lib/networkservicemesh/config/excluded_prefixes.yaml\&#34;\\ntime=\&#34;2021-06-09T02:22:49Z\&#34; level=info msg=\&#34;Excluded prefixes: [10.244.0.0/16 10.96.0.0/12]\&#34;\\ntime=\&#34;2021-06-09T02:22:49Z\&#34; level=info msg=\&#34;Creating new GRPC MonitorServer\&#34; operation=\&#34;Workspace:nsm-23\&#34; span=\&#34;68766b66242daea2:280d2c6386d34695:590d0b84e53c1726:1\&#34;\\ntime=\&#34;2021-06-09T02:22:49Z\&#34; level=info msg=\&#34;==------------&gt; NewServer() span:68766b66242daea2:11fc67c6b2c703ec:280d2c6386d34695:1\&#34;\\ntime=\&#34;2021-06-09T02:22:49Z\&#34; level=info msg=\&#34;GRPC.NewServer with open tracing enabled\&#34; operation=NewServer span=\&#34;68766b66242daea2:11fc67c6b2c703ec:280d2c6386d34695:1\&#34;\\ntime=\&#34;2021-06-09T02:22:49Z\&#34; level=info msg=\&#34;==--------------&gt; GetCertificate() span:68766b66242daea2:28bda7a441a1221a:11fc67c6b2c703ec:1\&#34;\\nINFO: 2021/06/09 02:22:49 [core] parsed scheme: \&#34;unix\&#34;\\nINFO: 2021/06/09 02:22:49 [core] ccResolverWrapper: sending update to cc: {[{/run/spire/sockets/agent.sock  0xc0000ee338 0 &lt;nil&gt;}] &lt;nil&gt; &lt;nil&gt;}\\nINFO: 2021/06/09 02:22:49 [core] ClientConn switching balancer to \&#34;pick_first\&#34;\\nINFO: 2021/06/09 02:22:49 [core] Channel switches to new LB policy \&#34;pick_first\&#34;\\nINFO: 2021/06/09 02:22:49 [core] Subchannel Connectivity change to CONNECTING\\nINFO: 2021/06/09 02:22:49 [core] Subchannel picks a new address \&#34;/run/spire/sockets/agent.sock\&#34; to connect\\nINFO: 2021/06/09 02:22:49 [core] blockingPicker: the picked transport is not ready, loop back to repick\\nINFO: 2021/06/09 02:22:49 [core] pickfirstBalancer: UpdateSubConnState: 0xc000364cc0, {CONNECTING &lt;nil&gt;}\\nINFO: 2021/06/09 02:22:49 [core] Channel Connectivity change to CONNECTING\\nINFO: 2021/06/09 02:22:49 [core] Subchannel Connectivity change to READY\\nINFO: 2021/06/09 02:22:49 [core] pickfirstBalancer: UpdateSubConnState: 0xc000364cc0, {READY &lt;nil&gt;}\\nINFO: 2021/06/09 02:22:49 [core] Channel Connectivity change to READY\\nINFO: 2021/06/09 02:22:49 [core] parsed scheme: \&#34;unix\&#34;\\nINFO: 2021/06/09 02:22:49 [core] ccResolverWrapper: sending update to cc: {[{/run/spire/sockets/agent.sock  0xc00000e0f0 0 &lt;nil&gt;}] &lt;nil&gt; &lt;nil&gt;}\\nINFO: 2021/06/09 02:22:49 [core] ClientConn switching balancer to \&#34;pick_first\&#34;\\nINFO: 2021/06/09 02:22:49 [core] Channel switches to new LB policy \&#34;pick_first\&#34;\\nINFO: 2021/06/09 02:22:49 [core] Subchannel Connectivity change to CONNECTING\\nINFO: 2021/06/09 02:22:49 [core] pickfirstBalancer: UpdateSubConnState: 0xc000097090, {CONNECTING &lt;nil&gt;}\\nINFO: 2021/06/09 02:22:49 [core] blockingPicker: the picked transport is not ready, loop back to repick\\nINFO: 2021/06/09 02:22:49 [core] Channel Connectivity change to CONNECTING\\nINFO: 2021/06/09 02:22:49 [core] Subchannel picks a new address \&#34;/run/spire/sockets/agent.sock\&#34; to connect\\nINFO: 2021/06/09 02:22:49 [core] Subchannel Connectivity change to READY\\nINFO: 2021/06/09 02:22:49 [core] pickfirstBalancer: UpdateSubConnState: 0xc000097090, {READY &lt;nil&gt;}\\nINFO: 2021/06/09 02:22:49 [core] Channel Connectivity change to READY\\ntime=\&#34;2021-06-09T02:22:49Z\&#34; level=info msg=\&#34;SPIRE -- GetX509SVID:&amp;{spiffe://test.com/nsmgr [0xc0001c0000] 0xc000600720}\&#34;\\ntime=\&#34;2021-06-09T02:22:49Z\&#34; level=info msg=\&#34;Default trust domain:test.com\&#34;\\ntime=\&#34;2021-06-09T02:22:49Z\&#34; level=info msg=\&#34;defaultTrustDomain:test.com\&#34;\\ntime=\&#34;2021-06-09T02:22:49Z\&#34; level=info msg=\&#34;AUTHORIZING ALL CLIENTS\&#34;\\ntime=\&#34;2021-06-09T02:22:49Z\&#34; level=info msg=\&#34;Server will be started in secure mode using tlsConfig:&amp;{&lt;nil&gt; &lt;nil&gt; [] map[] 0x97a4c0 &lt;nil&gt; &lt;nil&gt; 0x97a5c0 &lt;nil&gt; &lt;nil&gt; []  RequireAnyClientCert &lt;nil&gt; false [] false false [0 0 0 0 0 0 0 0 0 0 0 0 0 0 0 0 0 0 0 0 0 0 0 0 0 0 0 0 0 0 0 0] &lt;nil&gt; 0 0 [] false 0 &lt;nil&gt; {{0 0} 0 0 0 0} [] []}\&#34;\\n2021/06/09 02:22:49 Reporting span 68766b66242daea2:28bda7a441a1221a:11fc67c6b2c703ec:1\\n2021/06/09 02:22:49 Reporting span 68766b66242daea2:11fc67c6b2c703ec:280d2c6386d34695:1\\ntime=\&#34;2021-06-09T02:22:49Z\&#34; level=info msg=\&#34;Registering NetworkServiceRegistryServer with registerServer\&#34; operation=\&#34;Workspace:nsm-23\&#34; span=\&#34;68766b66242daea2:280d2c6386d34695:590d0b84e53c1726:1\&#34;\\ntime=\&#34;2021-06-09T02:22:49Z\&#34; level=info msg=\&#34;Registering NetworkServiceDiscoveryServer with discoveryServer\&#34; operation=\&#34;Workspace:nsm-23\&#34; span=\&#34;68766b66242daea2:280d2c6386d34695:590d0b84e53c1726:1\&#34;\\ntime=\&#34;2021-06-09T02:22:49Z\&#34; level=info msg=\&#34;Registering NetworkServiceServer with registerServer\&#34; operation=\&#34;Workspace:nsm-23\&#34; span=\&#34;68766b66242daea2:280d2c6386d34695:590d0b84e53c1726:1\&#34;\\ntime=\&#34;2021-06-09T02:22:49Z\&#34; level=info msg=\&#34;Registering MonitorConnectionServer with registerServer\&#34; operation=\&#34;Workspace:nsm-23\&#34; span=\&#34;68766b66242daea2:280d2c6386d34695:590d0b84e53c1726:1\&#34;\\ntime=\&#34;2021-06-09T02:22:49Z\&#34; level=info msg=\&#34;Trying to establish connection to target: /var/lib/networkservicemesh/nsm-23/nsm.server.io.sock\&#34;\\ntime=\&#34;2021-06-09T02:22:49Z\&#34; level=info msg=\&#34;func insecure: false, env insecure: false\&#34;\\ntime=\&#34;2021-06-09T02:22:49Z\&#34; level=info msg=\&#34;Connecting to the workload api at:unix:///run/spire/sockets/agent.sock\&#34;\\nINFO: 2021/06/09 02:22:49 [core] parsed scheme: \&#34;unix\&#34;\\nINFO: 2021/06/09 02:22:49 [core] ccResolverWrapper: sending update to cc: {[{/run/spire/sockets/agent.sock  0xc00000e230 0 &lt;nil&gt;}] &lt;nil&gt; &lt;nil&gt;}\\nINFO: 2021/06/09 02:22:49 [core] ClientConn switching balancer to \&#34;pick_first\&#34;\\nINFO: 2021/06/09 02:22:49 [core] Channel switches to new LB policy \&#34;pick_first\&#34;\\nINFO: 2021/06/09 02:22:49 [core] Subchannel Connectivity change to CONNECTING\\nINFO: 2021/06/09 02:22:49 [core] blockingPicker: the picked transport is not ready, loop back to repick\\nINFO: 2021/06/09 02:22:49 [core] pickfirstBalancer: UpdateSubConnState: 0xc00063a110, {CONNECTING &lt;nil&gt;}\\nINFO: 2021/06/09 02:22:49 [core] Channel Connectivity change to CONNECTING\\nINFO: 2021/06/09 02:22:49 [core] Subchannel picks a new address \&#34;/run/spire/sockets/agent.sock\&#34; to connect\\nINFO: 2021/06/09 02:22:49 [core] Subchannel Connectivity change to READY\\nINFO: 2021/06/09 02:22:49 [core] pickfirstBalancer: UpdateSubConnState: 0xc00063a110, {READY &lt;nil&gt;}\\nINFO: 2021/06/09 02:22:49 [core] Channel Connectivity change to READY\\nINFO: 2021/06/09 02:22:49 [core] Channel Connectivity change to SHUTDOWN\\nINFO: 2021/06/09 02:22:49 [core] Subchannel Connectivity change to SHUTDOWN\\ntime=\&#34;2021-06-09T02:22:49Z\&#34; level=info msg=\&#34;Successfully retrieve bundles:&amp;{{{0 0} 0 0 0 0} map[{test.com}:0xc0001881c0]}\&#34;\\ntime=\&#34;2021-06-09T02:22:49Z\&#34; level=info msg=\&#34;defaultTrustDomain:test.com\&#34;\\ntime=\&#34;2021-06-09T02:22:49Z\&#34; level=info msg=\&#34;AUTHORIZING ALL CLIENTS\&#34;\\ntime=\&#34;2021-06-09T02:22:49Z\&#34; level=info msg=\&#34;Fetch tlsConfig for Trust Domain: test.com\&#34;\\nINFO: 2021/06/09 02:22:49 [transport] transport: loopyWriter.run returning. connection error: desc = \&#34;transport is closing\&#34;\\ntime=\&#34;2021-06-09T02:22:49Z\&#34; level=info msg=\&#34;Found 1 tlsconfigs.\&#34;\\nINFO: 2021/06/09 02:22:49 [core] parsed scheme: \&#34;\&#34;\\nINFO: 2021/06/09 02:22:49 [core] scheme \&#34;\&#34; not registered, fallback to default scheme\\nINFO: 2021/06/09 02:22:49 [core] ccResolverWrapper: sending update to cc: {[{/var/lib/networkservicemesh/nsm-23/nsm.server.io.sock  &lt;nil&gt; 0 &lt;nil&gt;}] &lt;nil&gt; &lt;nil&gt;}\\nINFO: 2021/06/09 02:22:49 [core] ClientConn switching balancer to \&#34;pick_first\&#34;\\nINFO: 2021/06/09 02:22:49 [core] Channel switches to new LB policy \&#34;pick_first\&#34;\\nINFO: 2021/06/09 02:22:49 [core] Subchannel Connectivity change to CONNECTING\\nINFO: 2021/06/09 02:22:49 [core] Subchannel picks a new address \&#34;/var/lib/networkservicemesh/nsm-23/nsm.server.io.sock\&#34; to connect\\nINFO: 2021/06/09 02:22:49 [core] pickfirstBalancer: UpdateSubConnState: 0xc0005040a0, {CONNECTING &lt;nil&gt;}\\nINFO: 2021/06/09 02:22:49 [core] Channel Connectivity change to CONNECTING\\nINFO: 2021/06/09 02:22:49 [core] Subchannel Connectivity change to READY\\nINFO: 2021/06/09 02:22:49 [core] pickfirstBalancer: UpdateSubConnState: 0xc0005040a0, {READY &lt;nil&gt;}\\nINFO: 2021/06/09 02:22:49 [core] Channel Connectivity change to READY\\ntime=\&#34;2021-06-09T02:22:49Z\&#34; level=info msg=\&#34;Found the right tls certificate:&amp;{&lt;nil&gt; &lt;nil&gt; [] map[] &lt;nil&gt; 0x97a540 &lt;nil&gt; 0x97a5c0 &lt;nil&gt; &lt;nil&gt; []  NoClientCert &lt;nil&gt; true [] false false [0 0 0 0 0 0 0 0 0 0 0 0 0 0 0 0 0 0 0 0 0 0 0 0 0 0 0 0 0 0 0 0] &lt;nil&gt; 0 0 [] false 0 &lt;nil&gt; {{0 0} 0 0 0 0} [] []}\&#34;\\nINFO: 2021/06/09 02:22:49 [core] Channel Connectivity change to SHUTDOWN\\nINFO: 2021/06/09 02:22:49 [core] Subchannel Connectivity change to SHUTDOWN\\nINFO: 2021/06/09 02:22:49 [transport] transport: loopyWriter.run returning. connection error: desc = \&#34;transport is closing\&#34;\\nINFO: 2021/06/09 02:22:49 [transport] transport: loopyWriter.run returning. connection error: desc = \&#34;transport is closing\&#34;\\ntime=\&#34;2021-06-09T02:22:49Z\&#34; level=info msg=\&#34;Trying to establish connection using tlsConfig:&amp;{&lt;nil&gt; &lt;nil&gt; [] map[] &lt;nil&gt; 0x97a540 &lt;nil&gt; 0x97a5c0 &lt;nil&gt; &lt;nil&gt; []  NoClientCert &lt;nil&gt; true [] false false [0 0 0 0 0 0 0 0 0 0 0 0 0 0 0 0 0 0 0 0 0 0 0 0 0 0 0 0 0 0 0 0] &lt;nil&gt; 0 0 [] false 0 &lt;nil&gt; {{0 0} 0 0 0 0} [] []}\&#34;\\nINFO: 2021/06/09 02:22:49 [core] parsed scheme: \&#34;\&#34;\\nINFO: 2021/06/09 02:22:49 [core] scheme \&#34;\&#34; not registered, fallback to default scheme\\nINFO: 2021/06/09 02:22:49 [core] ccResolverWrapper: sending update to cc: {[{/var/lib/networkservicemesh/nsm-23/nsm.server.io.sock  &lt;nil&gt; 0 &lt;nil&gt;}] &lt;nil&gt; &lt;nil&gt;}\\nINFO: 2021/06/09 02:22:49 [core] ClientConn switching balancer to \&#34;pick_first\&#34;\\nINFO: 2021/06/09 02:22:49 [core] Channel switches to new LB policy \&#34;pick_first\&#34;\\nINFO: 2021/06/09 02:22:49 [core] Subchannel Connectivity change to CONNECTING\\nINFO: 2021/06/09 02:22:49 [core] pickfirstBalancer: UpdateSubConnState: 0xc000141d60, {CONNECTING &lt;nil&gt;}\\nINFO: 2021/06/09 02:22:49 [core] Subchannel picks a new address \&#34;/var/lib/networkservicemesh/nsm-23/nsm.server.io.sock\&#34; to connect\\nINFO: 2021/06/09 02:22:49 [core] Channel Connectivity change to CONNECTING\\nINFO: 2021/06/09 02:22:49 [core] Subchannel Connectivity change to READY\\nINFO: 2021/06/09 02:22:49 [core] pickfirstBalancer: UpdateSubConnState: 0xc000141d60, {READY &lt;nil&gt;}\\nINFO: 2021/06/09 02:22:49 [core] Channel Connectivity change to READY\\nINFO: 2021/06/09 02:22:49 [core] Channel Connectivity change to SHUTDOWN\\nINFO: 2021/06/09 02:22:49 [core] Subchannel Connectivity change to SHUTDOWN\\ntime=\&#34;2021-06-09T02:22:49Z\&#34; level=info msg=\&#34;grpcserver for workspace &amp;{name:nsm-23 listener:0xc000377760 registryServer:0xc000377800 networkServiceServer:0xc000361680 monitorConnectionServer:0xc0003778a0 grpcServer:0xc0004ee8c0 Mutex:{state:0 sema:0} state:2 locationProvider:0xc000185080 localRegistry:0xc000195ec0 ctx:0xc000360570 discoveryServer:0xc0003edf50} is operational\&#34; operation=\&#34;Workspace:nsm-23\&#34; span=\&#34;68766b66242daea2:280d2c6386d34695:590d0b84e53c1726:1\&#34;\\ntime=\&#34;2021-06-09T02:22:49Z\&#34; level=info msg=\&#34;Created new workspace: &amp;{name:nsm-23 listener:0xc000377760 registryServer:0xc000377800 networkServiceServer:0xc000361680 monitorConnectionServer:0xc0003778a0 grpcServer:0xc0004ee8c0 Mutex:{state:0 sema:0} state:2 locationProvider:0xc000185080 localRegistry:0xc000195ec0 ctx:0xc000360570 discoveryServer:0xc0003edf50}\&#34; operation=\&#34;Workspace:nsm-23\&#34; span=\&#34;68766b66242daea2:280d2c6386d34695:590d0b84e53c1726:1\&#34;\\ntime=\&#34;2021-06-09T02:22:49Z\&#34; level=info msg=\&#34;==------------&gt; cleanup() span:68766b66242daea2:69fa1ddb021e058e:280d2c6386d34695:1\&#34;\\nINFO: 2021/06/09 02:22:49 [transport] transport: loopyWriter.run returning. connection error: desc = \&#34;transport is closing\&#34;\\n2021/06/09 02:22:49 Reporting span 68766b66242daea2:69fa1ddb021e058e:280d2c6386d34695:1\\n2021/06/09 02:22:49 Reporting span 68766b66242daea2:280d2c6386d34695:590d0b84e53c1726:1\\ntime=\&#34;2021-06-09T02:22:49Z\&#34; level=info msg=\&#34;Workspace for client nsm-23 created\&#34; operation=restoreClients span=\&#34;68766b66242daea2:590d0b84e53c1726:49ecec22910bca4f:1\&#34;\\nINFO: 2021/06/09 02:22:49 [transport] transport: loopyWriter.run returning. connection error: desc = \&#34;transport is closing\&#34;\\ntime=\&#34;2021-06-09T02:22:49Z\&#34; level=info msg=\&#34;==----------&gt; Workspace:nsm-1() span:68766b66242daea2:57c7be6c36bb8875:590d0b84e53c1726:1\&#34;\\ntime=\&#34;2021-06-09T02:22:49Z\&#34; level=info msg=\&#34;Creating new workspace: nsm-1\&#34; operation=\&#34;Workspace:nsm-1\&#34; span=\&#34;68766b66242daea2:57c7be6c36bb8875:590d0b84e53c1726:1\&#34;\\ntime=\&#34;2021-06-09T02:22:49Z\&#34; level=info msg=\&#34;&gt;&gt;&lt;&lt;---------- restore=true span=68766b66242daea2:57c7be6c36bb8875:590d0b84e53c1726:1\&#34;\\ntime=\&#34;2021-06-09T02:22:49Z\&#34; level=info msg=\&#34;Creating new directory: /var/lib/networkservicemesh/nsm-1\&#34; operation=\&#34;Workspace:nsm-1\&#34; span=\&#34;68766b66242daea2:57c7be6c36bb8875:590d0b84e53c1726:1\&#34;\\ntime=\&#34;2021-06-09T02:22:49Z\&#34; level=info msg=\&#34;Creating new listener on: /var/lib/networkservicemesh/nsm-1/nsm.server.io.sock\&#34; operation=\&#34;Workspace:nsm-1\&#34; span=\&#34;68766b66242daea2:57c7be6c36bb8875:590d0b84e53c1726:1\&#34;\\ntime=\&#34;2021-06-09T02:22:49Z\&#34; level=info msg=\&#34;Creating new NetworkServiceRegistryServer\&#34; operation=\&#34;Workspace:nsm-1\&#34; span=\&#34;68766b66242daea2:57c7be6c36bb8875:590d0b84e53c1726:1\&#34;\\ntime=\&#34;2021-06-09T02:22:49Z\&#34; level=info msg=\&#34;Creating new MonitorConnectionServer\&#34; operation=\&#34;Workspace:nsm-1\&#34; span=\&#34;68766b66242daea2:57c7be6c36bb8875:590d0b84e53c1726:1\&#34;\\ntime=\&#34;2021-06-09T02:22:49Z\&#34; level=info msg=\&#34;Creating new NetworkServiceServer\&#34; operation=\&#34;Workspace:nsm-1\&#34; span=\&#34;68766b66242daea2:57c7be6c36bb8875:590d0b84e53c1726:1\&#34;\\ntime=\&#34;2021-06-09T02:22:49Z\&#34; level=info msg=\&#34;Reading excluded prefixes config file: /var/lib/networkservicemesh/config/excluded_prefixes.yaml\&#34;\\ntime=\&#34;2021-06-09T02:22:49Z\&#34; level=info msg=\&#34;Excluded prefixes: [10.244.0.0/16 10.96.0.0/12]\&#34;\\ntime=\&#34;2021-06-09T02:22:49Z\&#34; level=info msg=\&#34;Creating new GRPC MonitorServer\&#34; operation=\&#34;Workspace:nsm-1\&#34; span=\&#34;68766b66242daea2:57c7be6c36bb8875:590d0b84e53c1726:1\&#34;\\ntime=\&#34;2021-06-09T02:22:49Z\&#34; level=info msg=\&#34;==------------&gt; NewServer() span:68766b66242daea2:0ac62a9fbe06105a:57c7be6c36bb8875:1\&#34;\\ntime=\&#34;2021-06-09T02:22:49Z\&#34; level=info msg=\&#34;GRPC.NewServer with open tracing enabled\&#34; operation=NewServer span=\&#34;68766b66242daea2:0ac62a9fbe06105a:57c7be6c36bb8875:1\&#34;\\ntime=\&#34;2021-06-09T02:22:49Z\&#34; level=info msg=\&#34;==--------------&gt; GetCertificate() span:68766b66242daea2:77a30cfd585f78e3:0ac62a9fbe06105a:1\&#34;\\nINFO: 2021/06/09 02:22:49 [core] parsed scheme: \&#34;unix\&#34;\\nINFO: 2021/06/09 02:22:49 [core] ccResolverWrapper: sending update to cc: {[{/run/spire/sockets/agent.sock  0xc000462108 0 &lt;nil&gt;}] &lt;nil&gt; &lt;nil&gt;}\\nINFO: 2021/06/09 02:22:49 [core] ClientConn switching balancer to \&#34;pick_first\&#34;\\nINFO: 2021/06/09 02:22:49 [core] Channel switches to new LB policy \&#34;pick_first\&#34;\\nINFO: 2021/06/09 02:22:49 [core] Subchannel Connectivity change to CONNECTING\\nINFO: 2021/06/09 02:22:49 [core] blockingPicker: the picked transport is not ready, loop back to repick\\nINFO: 2021/06/09 02:22:49 [core] pickfirstBalancer: UpdateSubConnState: 0xc00063a330, {CONNECTING &lt;nil&gt;}\\nINFO: 2021/06/09 02:22:49 [core] Channel Connectivity change to CONNECTING\\nINFO: 2021/06/09 02:22:49 [core] Subchannel picks a new address \&#34;/run/spire/sockets/agent.sock\&#34; to connect\\ntime=\&#34;2021-06-09T02:22:49Z\&#34; level=info msg=\&#34;LocalConnection - Serve starting...\&#34;\\nINFO: 2021/06/09 02:22:49 [core] Subchannel Connectivity change to READY\\nINFO: 2021/06/09 02:22:49 [core] pickfirstBalancer: UpdateSubConnState: 0xc00063a330, {READY &lt;nil&gt;}\\nINFO: 2021/06/09 02:22:49 [core] Channel Connectivity change to READY\\nINFO: 2021/06/09 02:22:49 [core] parsed scheme: \&#34;unix\&#34;\\nINFO: 2021/06/09 02:22:49 [core] ccResolverWrapper: sending update to cc: {[{/run/spire/sockets/agent.sock  0xc0000b2080 0 &lt;nil&gt;}] &lt;nil&gt; &lt;nil&gt;}\\nINFO: 2021/06/09 02:22:49 [core] ClientConn switching balancer to \&#34;pick_first\&#34;\\nINFO: 2021/06/09 02:22:49 [core] Channel switches to new LB policy \&#34;pick_first\&#34;\\nINFO: 2021/06/09 02:22:49 [core] Subchannel Connectivity change to CONNECTING\\nINFO: 2021/06/09 02:22:49 [core] blockingPicker: the picked transport is not ready, loop back to repick\\nINFO: 2021/06/09 02:22:49 [core] pickfirstBalancer: UpdateSubConnState: 0xc0003eccf0, {CONNECTING &lt;nil&gt;}\\nINFO: 2021/06/09 02:22:49 [core] Channel Connectivity change to CONNECTING\\nINFO: 2021/06/09 02:22:49 [core] Subchannel picks a new address \&#34;/run/spire/sockets/agent.sock\&#34; to connect\\nINFO: 2021/06/09 02:22:49 [core] Subchannel Connectivity change to READY\\nINFO: 2021/06/09 02:22:49 [core] pickfirstBalancer: UpdateSubConnState: 0xc0003eccf0, {READY &lt;nil&gt;}\\nINFO: 2021/06/09 02:22:49 [core] Channel Connectivity change to READY\\ntime=\&#34;2021-06-09T02:22:49Z\&#34; level=info msg=\&#34;SPIRE -- GetX509SVID:&amp;{spiffe://test.com/nsmgr [0xc0001c1080] 0xc000634a50}\&#34;\\ntime=\&#34;2021-06-09T02:22:49Z\&#34; level=info msg=\&#34;Default trust domain:test.com\&#34;\\ntime=\&#34;2021-06-09T02:22:49Z\&#34; level=info msg=\&#34;defaultTrustDomain:test.com\&#34;\\ntime=\&#34;2021-06-09T02:22:49Z\&#34; level=info msg=\&#34;AUTHORIZING ALL CLIENTS\&#34;\\ntime=\&#34;2021-06-09T02:22:49Z\&#34; level=info msg=\&#34;Server will be started in secure mode using tlsConfig:&amp;{&lt;nil&gt; &lt;nil&gt; [] map[] 0x97a4c0 &lt;nil&gt; &lt;nil&gt; 0x97a5c0 &lt;nil&gt; &lt;nil&gt; []  RequireAnyClientCert &lt;nil&gt; false [] false false [0 0 0 0 0 0 0 0 0 0 0 0 0 0 0 0 0 0 0 0 0 0 0 0 0 0 0 0 0 0 0 0] &lt;nil&gt; 0 0 [] false 0 &lt;nil&gt; {{0 0} 0 0 0 0} [] []}\&#34;\\n2021/06/09 02:22:49 Reporting span 68766b66242daea2:77a30cfd585f78e3:0ac62a9fbe06105a:1\\n2021/06/09 02:22:49 Reporting span 68766b66242daea2:0ac62a9fbe06105a:57c7be6c36bb8875:1\\ntime=\&#34;2021-06-09T02:22:49Z\&#34; level=info msg=\&#34;Registering NetworkServiceRegistryServer with registerServer\&#34; operation=\&#34;Workspace:nsm-1\&#34; span=\&#34;68766b66242daea2:57c7be6c36bb8875:590d0b84e53c1726:1\&#34;\\ntime=\&#34;2021-06-09T02:22:49Z\&#34; level=info msg=\&#34;Registering NetworkServiceDiscoveryServer with discoveryServer\&#34; operation=\&#34;Workspace:nsm-1\&#34; span=\&#34;68766b66242daea2:57c7be6c36bb8875:590d0b84e53c1726:1\&#34;\\ntime=\&#34;2021-06-09T02:22:49Z\&#34; level=info msg=\&#34;Registering NetworkServiceServer with registerServer\&#34; operation=\&#34;Workspace:nsm-1\&#34; span=\&#34;68766b66242daea2:57c7be6c36bb8875:590d0b84e53c1726:1\&#34;\\ntime=\&#34;2021-06-09T02:22:49Z\&#34; level=info msg=\&#34;Registering MonitorConnectionServer with registerServer\&#34; operation=\&#34;Workspace:nsm-1\&#34; span=\&#34;68766b66242daea2:57c7be6c36bb8875:590d0b84e53c1726:1\&#34;\\ntime=\&#34;2021-06-09T02:22:49Z\&#34; level=info msg=\&#34;Trying to establish connection to target: /var/lib/networkservicemesh/nsm-1/nsm.server.io.sock\&#34;\\ntime=\&#34;2021-06-09T02:22:49Z\&#34; level=info msg=\&#34;func insecure: false, env insecure: false\&#34;\\ntime=\&#34;2021-06-09T02:22:49Z\&#34; level=info msg=\&#34;Connecting to the workload api at:unix:///run/spire/sockets/agent.sock\&#34;\\nINFO: 2021/06/09 02:22:49 [core] parsed scheme: \&#34;unix\&#34;\\nINFO: 2021/06/09 02:22:49 [core] ccResolverWrapper: sending update to cc: {[{/run/spire/sockets/agent.sock  0xc0000ee240 0 &lt;nil&gt;}] &lt;nil&gt; &lt;nil&gt;}\\nINFO: 2021/06/09 02:22:49 [core] ClientConn switching balancer to \&#34;pick_first\&#34;\\nINFO: 2021/06/09 02:22:49 [core] Channel switches to new LB policy \&#34;pick_first\&#34;\\nINFO: 2021/06/09 02:22:49 [core] Subchannel Connectivity change to CONNECTING\\nINFO: 2021/06/09 02:22:49 [core] blockingPicker: the picked transport is not ready, loop back to repick\\nINFO: 2021/06/09 02:22:49 [core] pickfirstBalancer: UpdateSubConnState: 0xc0003645d0, {CONNECTING &lt;nil&gt;}\\nINFO: 2021/06/09 02:22:49 [core] Subchannel picks a new address \&#34;/run/spire/sockets/agent.sock\&#34; to connect\\nINFO: 2021/06/09 02:22:49 [core] Channel Connectivity change to CONNECTING\\nINFO: 2021/06/09 02:22:49 [core] Subchannel Connectivity change to READY\\nINFO: 2021/06/09 02:22:49 [core] pickfirstBalancer: UpdateSubConnState: 0xc0003645d0, {READY &lt;nil&gt;}\\nINFO: 2021/06/09 02:22:49 [core] Channel Connectivity change to READY\\nINFO: 2021/06/09 02:22:49 [core] Channel Connectivity change to SHUTDOWN\\nINFO: 2021/06/09 02:22:49 [core] Subchannel Connectivity change to SHUTDOWN\\ntime=\&#34;2021-06-09T02:22:49Z\&#34; level=info msg=\&#34;Successfully retrieve bundles:&amp;{{{0 0} 0 0 0 0} map[{test.com}:0xc000128380]}\&#34;\\ntime=\&#34;2021-06-09T02:22:49Z\&#34; level=info msg=\&#34;defaultTrustDomain:test.com\&#34;\\ntime=\&#34;2021-06-09T02:22:49Z\&#34; level=info msg=\&#34;AUTHORIZING ALL CLIENTS\&#34;\\ntime=\&#34;2021-06-09T02:22:49Z\&#34; level=info msg=\&#34;Fetch tlsConfig for Trust Domain: test.com\&#34;\\ntime=\&#34;2021-06-09T02:22:49Z\&#34; level=info msg=\&#34;Found 1 tlsconfigs.\&#34;\\nINFO: 2021/06/09 02:22:49 [core] parsed scheme: \&#34;\&#34;\\nINFO: 2021/06/09 02:22:49 [core] scheme \&#34;\&#34; not registered, fallback to default scheme\\nINFO: 2021/06/09 02:22:49 [core] ccResolverWrapper: sending update to cc: {[{/var/lib/networkservicemesh/nsm-1/nsm.server.io.sock  &lt;nil&gt; 0 &lt;nil&gt;}] &lt;nil&gt; &lt;nil&gt;}\\nINFO: 2021/06/09 02:22:49 [core] ClientConn switching balancer to \&#34;pick_first\&#34;\\nINFO: 2021/06/09 02:22:49 [core] Channel switches to new LB policy \&#34;pick_first\&#34;\\nINFO: 2021/06/09 02:22:49 [core] Subchannel Connectivity change to CONNECTING\\nINFO: 2021/06/09 02:22:49 [core] Subchannel picks a new address \&#34;/var/lib/networkservicemesh/nsm-1/nsm.server.io.sock\&#34; to connect\\nINFO: 2021/06/09 02:22:49 [core] pickfirstBalancer: UpdateSubConnState: 0xc0003ecaf0, {CONNECTING &lt;nil&gt;}\\nINFO: 2021/06/09 02:22:49 [core] Channel Connectivity change to CONNECTING\\nINFO: 2021/06/09 02:22:49 [transport] transport: loopyWriter.run returning. connection error: desc = \&#34;transport is closing\&#34;\\nINFO: 2021/06/09 02:22:49 [core] Subchannel Connectivity change to READY\\nINFO: 2021/06/09 02:22:49 [core] pickfirstBalancer: UpdateSubConnState: 0xc0003ecaf0, {READY &lt;nil&gt;}\\nINFO: 2021/06/09 02:22:49 [core] Channel Connectivity change to READY\\ntime=\&#34;2021-06-09T02:22:49Z\&#34; level=info msg=\&#34;Found the right tls certificate:&amp;{&lt;nil&gt; &lt;nil&gt; [] map[] &lt;nil&gt; 0x97a540 &lt;nil&gt; 0x97a5c0 &lt;nil&gt; &lt;nil&gt; []  NoClientCert &lt;nil&gt; true [] false false [0 0 0 0 0 0 0 0 0 0 0 0 0 0 0 0 0 0 0 0 0 0 0 0 0 0 0 0 0 0 0 0] &lt;nil&gt; 0 0 [] false 0 &lt;nil&gt; {{0 0} 0 0 0 0} [] []}\&#34;\\nINFO: 2021/06/09 02:22:49 [core] Channel Connectivity change to SHUTDOWN\\nINFO: 2021/06/09 02:22:49 [core] Subchannel Connectivity change to SHUTDOWN\\ntime=\&#34;2021-06-09T02:22:49Z\&#34; level=info msg=\&#34;Trying to establish connection using tlsConfig:&amp;{&lt;nil&gt; &lt;nil&gt; [] map[] &lt;nil&gt; 0x97a540 &lt;nil&gt; 0x97a5c0 &lt;nil&gt; &lt;nil&gt; []  NoClientCert &lt;nil&gt; true [] false false [0 0 0 0 0 0 0 0 0 0 0 0 0 0 0 0 0 0 0 0 0 0 0 0 0 0 0 0 0 0 0 0] &lt;nil&gt; 0 0 [] false 0 &lt;nil&gt; {{0 0} 0 0 0 0} [] []}\&#34;\\nINFO: 2021/06/09 02:22:49 [core] parsed scheme: \&#34;\&#34;\\nINFO: 2021/06/09 02:22:49 [core] scheme \&#34;\&#34; not registered, fallback to default scheme\\nINFO: 2021/06/09 02:22:49 [core] ccResolverWrapper: sending update to cc: {[{/var/lib/networkservicemesh/nsm-1/nsm.server.io.sock  &lt;nil&gt; 0 &lt;nil&gt;}] &lt;nil&gt; &lt;nil&gt;}\\nINFO: 2021/06/09 02:22:49 [core] ClientConn switching balancer to \&#34;pick_first\&#34;\\nINFO: 2021/06/09 02:22:49 [core] Channel switches to new LB policy \&#34;pick_first\&#34;\\nINFO: 2021/06/09 02:22:49 [transport] transport: loopyWriter.run returning. connection error: desc = \&#34;transport is closing\&#34;\\nINFO: 2021/06/09 02:22:49 [core] Subchannel Connectivity change to CONNECTING\\nINFO: 2021/06/09 02:22:49 [core] Subchannel picks a new address \&#34;/var/lib/networkservicemesh/nsm-1/nsm.server.io.sock\&#34; to connect\\nINFO: 2021/06/09 02:22:49 [core] pickfirstBalancer: UpdateSubConnState: 0xc00063a370, {CONNECTING &lt;nil&gt;}\\nINFO: 2021/06/09 02:22:49 [core] Channel Connectivity change to CONNECTING\\nINFO: 2021/06/09 02:22:49 [transport] transport: loopyWriter.run returning. connection error: desc = \&#34;transport is closing\&#34;\\nINFO: 2021/06/09 02:22:49 [core] Subchannel Connectivity change to READY\\nINFO: 2021/06/09 02:22:49 [core] pickfirstBalancer: UpdateSubConnState: 0xc00063a370, {READY &lt;nil&gt;}\\nINFO: 2021/06/09 02:22:49 [core] Channel Connectivity change to READY\\nINFO: 2021/06/09 02:22:49 [core] Channel Connectivity change to SHUTDOWN\\nINFO: 2021/06/09 02:22:49 [core] Subchannel Connectivity change to SHUTDOWN\\ntime=\&#34;2021-06-09T02:22:49Z\&#34; level=info msg=\&#34;grpcserver for workspace &amp;{name:nsm-1 listener:0xc000194040 registryServer:0xc0001942e0 networkServiceServer:0xc0003e0690 monitorConnectionServer:0xc000194520 grpcServer:0xc0000c8e00 Mutex:{state:0 sema:0} state:2 locationProvider:0xc000185080 localRegistry:0xc000195ec0 ctx:0xc00003dcb0 discoveryServer:0xc0004898b0} is operational\&#34; operation=\&#34;Workspace:nsm-1\&#34; span=\&#34;68766b66242daea2:57c7be6c36bb8875:590d0b84e53c1726:1\&#34;\\ntime=\&#34;2021-06-09T02:22:49Z\&#34; level=info msg=\&#34;Created new workspace: &amp;{name:nsm-1 listener:0xc000194040 registryServer:0xc0001942e0 networkServiceServer:0xc0003e0690 monitorConnectionServer:0xc000194520 grpcServer:0xc0000c8e00 Mutex:{state:0 sema:0} state:2 locationProvider:0xc000185080 localRegistry:0xc000195ec0 ctx:0xc00003dcb0 discoveryServer:0xc0004898b0}\&#34; operation=\&#34;Workspace:nsm-1\&#34; span=\&#34;68766b66242daea2:57c7be6c36bb8875:590d0b84e53c1726:1\&#34;\\ntime=\&#34;2021-06-09T02:22:49Z\&#34; level=info msg=\&#34;==------------&gt; cleanup() span:68766b66242daea2:6fc23c7155cd1047:57c7be6c36bb8875:1\&#34;\\nINFO: 2021/06/09 02:22:49 [transport] transport: loopyWriter.run returning. connection error: desc = \&#34;transport is closing\&#34;\\n2021/06/09 02:22:49 Reporting span 68766b66242daea2:6fc23c7155cd1047:57c7be6c36bb8875:1\\n2021/06/09 02:22:49 Reporting span 68766b66242daea2:57c7be6c36bb8875:590d0b84e53c1726:1\\ntime=\&#34;2021-06-09T02:22:49Z\&#34; level=info msg=\&#34;Workspace for client nsm-1 created\&#34; operation=restoreClients span=\&#34;68766b66242daea2:590d0b84e53c1726:49ecec22910bca4f:1\&#34;\\nINFO: 2021/06/09 02:22:49 [transport] transport: loopyWriter.run returning. connection error: desc = \&#34;transport is closing\&#34;\\ntime=\&#34;2021-06-09T02:22:49Z\&#34; level=info msg=\&#34;==----------&gt; Workspace:nsm-19() span:68766b66242daea2:59667a79949384ce:590d0b84e53c1726:1\&#34;\\ntime=\&#34;2021-06-09T02:22:49Z\&#34; level=info msg=\&#34;Creating new workspace: nsm-19\&#34; operation=\&#34;Workspace:nsm-19\&#34; span=\&#34;68766b66242daea2:59667a79949384ce:590d0b84e53c1726:1\&#34;\\ntime=\&#34;2021-06-09T02:22:49Z\&#34; level=info msg=\&#34;&gt;&gt;&lt;&lt;---------- restore=true span=68766b66242daea2:59667a79949384ce:590d0b84e53c1726:1\&#34;\\ntime=\&#34;2021-06-09T02:22:49Z\&#34; level=info msg=\&#34;Creating new directory: /var/lib/networkservicemesh/nsm-19\&#34; operation=\&#34;Workspace:nsm-19\&#34; span=\&#34;68766b66242daea2:59667a79949384ce:590d0b84e53c1726:1\&#34;\\ntime=\&#34;2021-06-09T02:22:49Z\&#34; level=info msg=\&#34;Creating new listener on: /var/lib/networkservicemesh/nsm-19/nsm.server.io.sock\&#34; operation=\&#34;Workspace:nsm-19\&#34; span=\&#34;68766b66242daea2:59667a79949384ce:590d0b84e53c1726:1\&#34;\\ntime=\&#34;2021-06-09T02:22:49Z\&#34; level=info msg=\&#34;Creating new NetworkServiceRegistryServer\&#34; operation=\&#34;Workspace:nsm-19\&#34; span=\&#34;68766b66242daea2:59667a79949384ce:590d0b84e53c1726:1\&#34;\\ntime=\&#34;2021-06-09T02:22:49Z\&#34; level=info msg=\&#34;Creating new MonitorConnectionServer\&#34; operation=\&#34;Workspace:nsm-19\&#34; span=\&#34;68766b66242daea2:59667a79949384ce:590d0b84e53c1726:1\&#34;\\ntime=\&#34;2021-06-09T02:22:49Z\&#34; level=info msg=\&#34;Creating new NetworkServiceServer\&#34; operation=\&#34;Workspace:nsm-19\&#34; span=\&#34;68766b66242daea2:59667a79949384ce:590d0b84e53c1726:1\&#34;\\ntime=\&#34;2021-06-09T02:22:49Z\&#34; level=info msg=\&#34;LocalConnection - Serve starting...\&#34;\\ntime=\&#34;2021-06-09T02:22:49Z\&#34; level=info msg=\&#34;Reading excluded prefixes config file: /var/lib/networkservicemesh/config/excluded_prefixes.yaml\&#34;\\ntime=\&#34;2021-06-09T02:22:49Z\&#34; level=info msg=\&#34;Excluded prefixes: [10.244.0.0/16 10.96.0.0/12]\&#34;\\ntime=\&#34;2021-06-09T02:22:49Z\&#34; level=info msg=\&#34;Creating new GRPC MonitorServer\&#34; operation=\&#34;Workspace:nsm-19\&#34; span=\&#34;68766b66242daea2:59667a79949384ce:590d0b84e53c1726:1\&#34;\\ntime=\&#34;2021-06-09T02:22:49Z\&#34; level=info msg=\&#34;==------------&gt; NewServer() span:68766b66242daea2:470feabe199cf979:59667a79949384ce:1\&#34;\\ntime=\&#34;2021-06-09T02:22:49Z\&#34; level=info msg=\&#34;GRPC.NewServer with open tracing enabled\&#34; operation=NewServer span=\&#34;68766b66242daea2:470feabe199cf979:59667a79949384ce:1\&#34;\\ntime=\&#34;2021-06-09T02:22:49Z\&#34; level=info msg=\&#34;==--------------&gt; GetCertificate() span:68766b66242daea2:69c869181e1bfd22:470feabe199cf979:1\&#34;\\nINFO: 2021/06/09 02:22:49 [core] parsed scheme: \&#34;unix\&#34;\\nINFO: 2021/06/09 02:22:49 [core] ccResolverWrapper: sending update to cc: {[{/run/spire/sockets/agent.sock  0xc0004620a0 0 &lt;nil&gt;}] &lt;nil&gt; &lt;nil&gt;}\\nINFO: 2021/06/09 02:22:49 [core] ClientConn switching balancer to \&#34;pick_first\&#34;\\nINFO: 2021/06/09 02:22:49 [core] Channel switches to new LB policy \&#34;pick_first\&#34;\\nINFO: 2021/06/09 02:22:49 [core] Subchannel Connectivity change to CONNECTING\\nINFO: 2021/06/09 02:22:49 [core] blockingPicker: the picked transport is not ready, loop back to repick\\nINFO: 2021/06/09 02:22:49 [core] pickfirstBalancer: UpdateSubConnState: 0xc00018b710, {CONNECTING &lt;nil&gt;}\\nINFO: 2021/06/09 02:22:49 [core] Subchannel picks a new address \&#34;/run/spire/sockets/agent.sock\&#34; to connect\\nINFO: 2021/06/09 02:22:49 [core] Channel Connectivity change to CONNECTING\\nINFO: 2021/06/09 02:22:49 [core] Subchannel Connectivity change to READY\\nINFO: 2021/06/09 02:22:49 [core] pickfirstBalancer: UpdateSubConnState: 0xc00018b710, {READY &lt;nil&gt;}\\nINFO: 2021/06/09 02:22:49 [core] Channel Connectivity change to READY\\nINFO: 2021/06/09 02:22:49 [core] parsed scheme: \&#34;unix\&#34;\\nINFO: 2021/06/09 02:22:49 [core] ccResolverWrapper: sending update to cc: {[{/run/spire/sockets/agent.sock  0xc0001821f8 0 &lt;nil&gt;}] &lt;nil&gt; &lt;nil&gt;}\\nINFO: 2021/06/09 02:22:49 [core] ClientConn switching balancer to \&#34;pick_first\&#34;\\nINFO: 2021/06/09 02:22:49 [core] Channel switches to new LB policy \&#34;pick_first\&#34;\\nINFO: 2021/06/09 02:22:49 [core] Subchannel Connectivity change to CONNECTING\\nINFO: 2021/06/09 02:22:49 [core] pickfirstBalancer: UpdateSubConnState: 0xc00026d190, {CONNECTING &lt;nil&gt;}\\nINFO: 2021/06/09 02:22:49 [core] Channel Connectivity change to CONNECTING\\nINFO: 2021/06/09 02:22:49 [core] blockingPicker: the picked transport is not ready, loop back to repick\\nINFO: 2021/06/09 02:22:49 [core] Subchannel picks a new address \&#34;/run/spire/sockets/agent.sock\&#34; to connect\\nINFO: 2021/06/09 02:22:49 [core] Subchannel Connectivity change to READY\\nINFO: 2021/06/09 02:22:49 [core] pickfirstBalancer: UpdateSubConnState: 0xc00026d190, {READY &lt;nil&gt;}\\nINFO: 2021/06/09 02:22:49 [core] Channel Connectivity change to READY\\ntime=\&#34;2021-06-09T02:22:49Z\&#34; level=info msg=\&#34;SPIRE -- GetX509SVID:&amp;{spiffe://test.com/nsmgr [0xc0001c2680] 0xc0006007e0}\&#34;\\ntime=\&#34;2021-06-09T02:22:49Z\&#34; level=info msg=\&#34;Default trust domain:test.com\&#34;\\ntime=\&#34;2021-06-09T02:22:49Z\&#34; level=info msg=\&#34;defaultTrustDomain:test.com\&#34;\\ntime=\&#34;2021-06-09T02:22:49Z\&#34; level=info msg=\&#34;AUTHORIZING ALL CLIENTS\&#34;\\ntime=\&#34;2021-06-09T02:22:49Z\&#34; level=info msg=\&#34;Server will be started in secure mode using tlsConfig:&amp;{&lt;nil&gt; &lt;nil&gt; [] map[] 0x97a4c0 &lt;nil&gt; &lt;nil&gt; 0x97a5c0 &lt;nil&gt; &lt;nil&gt; []  RequireAnyClientCert &lt;nil&gt; false [] false false [0 0 0 0 0 0 0 0 0 0 0 0 0 0 0 0 0 0 0 0 0 0 0 0 0 0 0 0 0 0 0 0] &lt;nil&gt; 0 0 [] false 0 &lt;nil&gt; {{0 0} 0 0 0 0} [] []}\&#34;\\n2021/06/09 02:22:49 Reporting span 68766b66242daea2:69c869181e1bfd22:470feabe199cf979:1\\n2021/06/09 02:22:49 Reporting span 68766b66242daea2:470feabe199cf979:59667a79949384ce:1\\ntime=\&#34;2021-06-09T02:22:49Z\&#34; level=info msg=\&#34;Registering NetworkServiceRegistryServer with registerServer\&#34; operation=\&#34;Workspace:nsm-19\&#34; span=\&#34;68766b66242daea2:59667a79949384ce:590d0b84e53c1726:1\&#34;\\ntime=\&#34;2021-06-09T02:22:49Z\&#34; level=info msg=\&#34;Registering NetworkServiceDiscoveryServer with discoveryServer\&#34; operation=\&#34;Workspace:nsm-19\&#34; span=\&#34;68766b66242daea2:59667a79949384ce:590d0b84e53c1726:1\&#34;\\ntime=\&#34;2021-06-09T02:22:49Z\&#34; level=info msg=\&#34;Registering NetworkServiceServer with registerServer\&#34; operation=\&#34;Workspace:nsm-19\&#34; span=\&#34;68766b66242daea2:59667a79949384ce:590d0b84e53c1726:1\&#34;\\ntime=\&#34;2021-06-09T02:22:49Z\&#34; level=info msg=\&#34;Registering MonitorConnectionServer with registerServer\&#34; operation=\&#34;Workspace:nsm-19\&#34; span=\&#34;68766b66242daea2:59667a79949384ce:590d0b84e53c1726:1\&#34;\\ntime=\&#34;2021-06-09T02:22:49Z\&#34; level=info msg=\&#34;Trying to establish connection to target: /var/lib/networkservicemesh/nsm-19/nsm.server.io.sock\&#34;\\ntime=\&#34;2021-06-09T02:22:49Z\&#34; level=info msg=\&#34;func insecure: false, env insecure: false\&#34;\\ntime=\&#34;2021-06-09T02:22:49Z\&#34; level=info msg=\&#34;Connecting to the workload api at:unix:///run/spire/sockets/agent.sock\&#34;\\nINFO: 2021/06/09 02:22:49 [core] parsed scheme: \&#34;unix\&#34;\\nINFO: 2021/06/09 02:22:49 [core] ccResolverWrapper: sending update to cc: {[{/run/spire/sockets/agent.sock  0xc0000ee348 0 &lt;nil&gt;}] &lt;nil&gt; &lt;nil&gt;}\\nINFO: 2021/06/09 02:22:49 [core] ClientConn switching balancer to \&#34;pick_first\&#34;\\nINFO: 2021/06/09 02:22:49 [core] Channel switches to new LB policy \&#34;pick_first\&#34;\\nINFO: 2021/06/09 02:22:49 [core] Subchannel Connectivity change to CONNECTING\\nINFO: 2021/06/09 02:22:49 [core] blockingPicker: the picked transport is not ready, loop back to repick\\nINFO: 2021/06/09 02:22:49 [core] Subchannel picks a new address \&#34;/run/spire/sockets/agent.sock\&#34; to connect\\nINFO: 2021/06/09 02:22:49 [core] pickfirstBalancer: UpdateSubConnState: 0xc000365320, {CONNECTING &lt;nil&gt;}\\nINFO: 2021/06/09 02:22:49 [core] Channel Connectivity change to CONNECTING\\nINFO: 2021/06/09 02:22:49 [core] Subchannel Connectivity change to READY\\nINFO: 2021/06/09 02:22:49 [core] pickfirstBalancer: UpdateSubConnState: 0xc000365320, {READY &lt;nil&gt;}\\nINFO: 2021/06/09 02:22:49 [core] Channel Connectivity change to READY\\nINFO: 2021/06/09 02:22:49 [core] Channel Connectivity change to SHUTDOWN\\nINFO: 2021/06/09 02:22:49 [core] Subchannel Connectivity change to SHUTDOWN\\ntime=\&#34;2021-06-09T02:22:49Z\&#34; level=info msg=\&#34;Successfully retrieve bundles:&amp;{{{0 0} 0 0 0 0} map[{test.com}:0xc0000c28c0]}\&#34;\\nINFO: 2021/06/09 02:22:49 [transport] transport: loopyWriter.run returning. connection error: desc = \&#34;transport is closing\&#34;\\ntime=\&#34;2021-06-09T02:22:49Z\&#34; level=info msg=\&#34;defaultTrustDomain:test.com\&#34;\\ntime=\&#34;2021-06-09T02:22:49Z\&#34; level=info msg=\&#34;AUTHORIZING ALL CLIENTS\&#34;\\ntime=\&#34;2021-06-09T02:22:49Z\&#34; level=info msg=\&#34;Fetch tlsConfig for Trust Domain: test.com\&#34;\\ntime=\&#34;2021-06-09T02:22:49Z\&#34; level=info msg=\&#34;Found 1 tlsconfigs.\&#34;\\nINFO: 2021/06/09 02:22:49 [core] parsed scheme: \&#34;\&#34;\\nINFO: 2021/06/09 02:22:49 [core] scheme \&#34;\&#34; not registered, fallback to default scheme\\nINFO: 2021/06/09 02:22:49 [core] ccResolverWrapper: sending update to cc: {[{/var/lib/networkservicemesh/nsm-19/nsm.server.io.sock  &lt;nil&gt; 0 &lt;nil&gt;}] &lt;nil&gt; &lt;nil&gt;}\\nINFO: 2021/06/09 02:22:49 [core] ClientConn switching balancer to \&#34;pick_first\&#34;\\nINFO: 2021/06/09 02:22:49 [core] Channel switches to new LB policy \&#34;pick_first\&#34;\\nINFO: 2021/06/09 02:22:49 [core] Subchannel Connectivity change to CONNECTING\\nINFO: 2021/06/09 02:22:49 [core] pickfirstBalancer: UpdateSubConnState: 0xc00026dc60, {CONNECTING &lt;nil&gt;}\\nINFO: 2021/06/09 02:22:49 [core] Channel Connectivity change to CONNECTING\\nINFO: 2021/06/09 02:22:49 [core] Subchannel picks a new address \&#34;/var/lib/networkservicemesh/nsm-19/nsm.server.io.sock\&#34; to connect\\nINFO: 2021/06/09 02:22:49 [core] Subchannel Connectivity change to READY\\nINFO: 2021/06/09 02:22:49 [core] pickfirstBalancer: UpdateSubConnState: 0xc00026dc60, {READY &lt;nil&gt;}\\nINFO: 2021/06/09 02:22:49 [core] Channel Connectivity change to READY\\ntime=\&#34;2021-06-09T02:22:49Z\&#34; level=info msg=\&#34;Found the right tls certificate:&amp;{&lt;nil&gt; &lt;nil&gt; [] map[] &lt;nil&gt; 0x97a540 &lt;nil&gt; 0x97a5c0 &lt;nil&gt; &lt;nil&gt; []  NoClientCert &lt;nil&gt; true [] false false [0 0 0 0 0 0 0 0 0 0 0 0 0 0 0 0 0 0 0 0 0 0 0 0 0 0 0 0 0 0 0 0] &lt;nil&gt; 0 0 [] false 0 &lt;nil&gt; {{0 0} 0 0 0 0} [] []}\&#34;\\nINFO: 2021/06/09 02:22:49 [core] Channel Connectivity change to SHUTDOWN\\nINFO: 2021/06/09 02:22:49 [core] Subchannel Connectivity change to SHUTDOWN\\nINFO: 2021/06/09 02:22:49 [transport] transport: loopyWriter.run returning. connection error: desc = \&#34;transport is closing\&#34;\\ntime=\&#34;2021-06-09T02:22:49Z\&#34; level=info msg=\&#34;Trying to establish connection using tlsConfig:&amp;{&lt;nil&gt; &lt;nil&gt; [] map[] &lt;nil&gt; 0x97a540 &lt;nil&gt; 0x97a5c0 &lt;nil&gt; &lt;nil&gt; []  NoClientCert &lt;nil&gt; true [] false false [0 0 0 0 0 0 0 0 0 0 0 0 0 0 0 0 0 0 0 0 0 0 0 0 0 0 0 0 0 0 0 0] &lt;nil&gt; 0 0 [] false 0 &lt;nil&gt; {{0 0} 0 0 0 0} [] []}\&#34;\\nINFO: 2021/06/09 02:22:49 [core] parsed scheme: \&#34;\&#34;\\nINFO: 2021/06/09 02:22:49 [core] scheme \&#34;\&#34; not registered, fallback to default scheme\\nINFO: 2021/06/09 02:22:49 [core] ccResolverWrapper: sending update to cc: {[{/var/lib/networkservicemesh/nsm-19/nsm.server.io.sock  &lt;nil&gt; 0 &lt;nil&gt;}] &lt;nil&gt; &lt;nil&gt;}\\nINFO: 2021/06/09 02:22:49 [transport] transport: loopyWriter.run returning. connection error: desc = \&#34;transport is closing\&#34;\\nINFO: 2021/06/09 02:22:49 [core] ClientConn switching balancer to \&#34;pick_first\&#34;\\nINFO: 2021/06/09 02:22:49 [core] Channel switches to new LB policy \&#34;pick_first\&#34;\\nINFO: 2021/06/09 02:22:49 [core] Subchannel Connectivity change to CONNECTING\\nINFO: 2021/06/09 02:22:49 [core] Subchannel picks a new address \&#34;/var/lib/networkservicemesh/nsm-19/nsm.server.io.sock\&#34; to connect\\nINFO: 2021/06/09 02:22:49 [core] pickfirstBalancer: UpdateSubConnState: 0xc000365bf0, {CONNECTING &lt;nil&gt;}\\nINFO: 2021/06/09 02:22:49 [core] Channel Connectivity change to CONNECTING\\nINFO: 2021/06/09 02:22:49 [core] Subchannel Connectivity change to READY\\nINFO: 2021/06/09 02:22:49 [core] pickfirstBalancer: UpdateSubConnState: 0xc000365bf0, {READY &lt;nil&gt;}\\nINFO: 2021/06/09 02:22:49 [core] Channel Connectivity change to READY\\nINFO: 2021/06/09 02:22:49 [core] Channel Connectivity change to SHUTDOWN\\nINFO: 2021/06/09 02:22:49 [core] Subchannel Connectivity change to SHUTDOWN\\ntime=\&#34;2021-06-09T02:22:49Z\&#34; level=info msg=\&#34;grpcserver for workspace &amp;{name:nsm-19 listener:0xc0000b5be0 registryServer:0xc0000b5c80 networkServiceServer:0xc0003e16b0 monitorConnectionServer:0xc0000b5d60 grpcServer:0xc0004ee700 Mutex:{state:0 sema:0} state:2 locationProvider:0xc000185080 localRegistry:0xc000195ec0 ctx:0xc0003e0510 discoveryServer:0xc00063b9f0} is operational\&#34; operation=\&#34;Workspace:nsm-19\&#34; span=\&#34;68766b66242daea2:59667a79949384ce:590d0b84e53c1726:1\&#34;\\nINFO: 2021/06/09 02:22:49 [transport] transport: loopyWriter.run returning. connection error: desc = \&#34;transport is closing\&#34;\\ntime=\&#34;2021-06-09T02:22:49Z\&#34; level=info msg=\&#34;Created new workspace: &amp;{name:nsm-19 listener:0xc0000b5be0 registryServer:0xc0000b5c80 networkServiceServer:0xc0003e16b0 monitorConnectionServer:0xc0000b5d60 grpcServer:0xc0004ee700 Mutex:{state:0 sema:0} state:2 locationProvider:0xc000185080 localRegistry:0xc000195ec0 ctx:0xc0003e0510 discoveryServer:0xc00063b9f0}\&#34; operation=\&#34;Workspace:nsm-19\&#34; span=\&#34;68766b66242daea2:59667a79949384ce:590d0b84e53c1726:1\&#34;\\ntime=\&#34;2021-06-09T02:22:49Z\&#34; level=info msg=\&#34;==------------&gt; cleanup() span:68766b66242daea2:446d5d2cbf62041b:59667a79949384ce:1\&#34;\\n2021/06/09 02:22:49 Reporting span 68766b66242daea2:446d5d2cbf62041b:59667a79949384ce:1\\n2021/06/09 02:22:49 Reporting span 68766b66242daea2:59667a79949384ce:590d0b84e53c1726:1\\nINFO: 2021/06/09 02:22:49 [transport] transport: loopyWriter.run returning. connection error: desc = \&#34;transport is closing\&#34;\\ntime=\&#34;2021-06-09T02:22:49Z\&#34; level=info msg=\&#34;Workspace for client nsm-19 created\&#34; operation=restoreClients span=\&#34;68766b66242daea2:590d0b84e53c1726:49ecec22910bca4f:1\&#34;\\n2021/06/09 02:22:49 Reporting span 68766b66242daea2:590d0b84e53c1726:49ecec22910bca4f:1\\ntime=\&#34;2021-06-09T02:22:49Z\&#34; level=info msg=\&#34;&gt;&gt;&lt;&lt;------ updated-clients=[\\\&#34;nsm-23\\\&#34;,\\\&#34;nsm-1\\\&#34;,\\\&#34;nsm-19\\\&#34;] span=68766b66242daea2:49ecec22910bca4f:01f139d1ed12ee86:1\&#34;\\ntime=\&#34;2021-06-09T02:22:49Z\&#34; level=info msg=\&#34;==--------&gt; restore-endpoints() span:68766b66242daea2:1458c4aaaac09604:49ecec22910bca4f:1\&#34;\\ntime=\&#34;2021-06-09T02:22:49Z\&#34; level=info msg=\&#34;Requesting NetworkServiceDiscoveryClient...\&#34;\\ntime=\&#34;2021-06-09T02:22:49Z\&#34; level=info msg=\&#34;Requesting NseRegistryClient...\&#34;\\ntime=\&#34;2021-06-09T02:22:49Z\&#34; level=info msg=\&#34;==----------&gt; check-nse-icmp-responder4r75t() span:68766b66242daea2:1733791c2965e74c:1458c4aaaac09604:1\&#34;\\ntime=\&#34;2021-06-09T02:22:49Z\&#34; level=info msg=\&#34;&gt;&gt;&lt;&lt;---------- workspace={} span=68766b66242daea2:1733791c2965e74c:1458c4aaaac09604:1\&#34;\\ntime=\&#34;2021-06-09T02:22:49Z\&#34; level=info msg=\&#34;Checking NSE icmp-responder4r75t is alive at /var/lib/networkservicemesh/nsm-23/nsm.client.io.sock...\&#34; operation=check-nse-icmp-responder4r75t span=\&#34;68766b66242daea2:1733791c2965e74c:1458c4aaaac09604:1\&#34;\\ntime=\&#34;2021-06-09T02:22:49Z\&#34; level=info msg=\&#34;==--&gt; check-nse-alive() span:68766b66242daea2:11f4515cca38c419:1733791c2965e74c:1\&#34;\\ntime=\&#34;2021-06-09T02:22:49Z\&#34; level=info msg=\&#34;Trying to establish connection to target: /var/lib/networkservicemesh/nsm-23/nsm.client.io.sock\&#34;\\ntime=\&#34;2021-06-09T02:22:49Z\&#34; level=info msg=\&#34;func insecure: false, env insecure: false\&#34;\\ntime=\&#34;2021-06-09T02:22:49Z\&#34; level=info msg=\&#34;Connecting to the workload api at:unix:///run/spire/sockets/agent.sock\&#34;\\nINFO: 2021/06/09 02:22:49 [core] parsed scheme: \&#34;unix\&#34;\\nINFO: 2021/06/09 02:22:49 [core] ccResolverWrapper: sending update to cc: {[{/run/spire/sockets/agent.sock  0xc000462070 0 &lt;nil&gt;}] &lt;nil&gt; &lt;nil&gt;}\\nINFO: 2021/06/09 02:22:49 [core] ClientConn switching balancer to \&#34;pick_first\&#34;\\nINFO: 2021/06/09 02:22:49 [core] Channel switches to new LB policy \&#34;pick_first\&#34;\\nINFO: 2021/06/09 02:22:49 [core] Subchannel Connectivity change to CONNECTING\\nINFO: 2021/06/09 02:22:49 [core] blockingPicker: the picked transport is not ready, loop back to repick\\nINFO: 2021/06/09 02:22:49 [core] Subchannel picks a new address \&#34;/run/spire/sockets/agent.sock\&#34; to connect\\nINFO: 2021/06/09 02:22:49 [core] pickfirstBalancer: UpdateSubConnState: 0xc000096f90, {CONNECTING &lt;nil&gt;}\\nINFO: 2021/06/09 02:22:49 [core] Channel Connectivity change to CONNECTING\\nINFO: 2021/06/09 02:22:49 [core] Subchannel Connectivity change to READY\\nINFO: 2021/06/09 02:22:49 [core] pickfirstBalancer: UpdateSubConnState: 0xc000096f90, {READY &lt;nil&gt;}\\nINFO: 2021/06/09 02:22:49 [core] Channel Connectivity change to READY\\nINFO: 2021/06/09 02:22:49 [core] Channel Connectivity change to SHUTDOWN\\nINFO: 2021/06/09 02:22:49 [core] Subchannel Connectivity change to SHUTDOWN\\ntime=\&#34;2021-06-09T02:22:49Z\&#34; level=info msg=\&#34;Successfully retrieve bundles:&amp;{{{0 0} 0 0 0 0} map[{test.com}:0xc0005029c0]}\&#34;\\ntime=\&#34;2021-06-09T02:22:49Z\&#34; level=info msg=\&#34;defaultTrustDomain:test.com\&#34;\\ntime=\&#34;2021-06-09T02:22:49Z\&#34; level=info msg=\&#34;AUTHORIZING ALL CLIENTS\&#34;\\ntime=\&#34;2021-06-09T02:22:49Z\&#34; level=info msg=\&#34;Fetch tlsConfig for Trust Domain: test.com\&#34;\\ntime=\&#34;2021-06-09T02:22:49Z\&#34; level=info msg=\&#34;Found 1 tlsconfigs.\&#34;\\nINFO: 2021/06/09 02:22:49 [core] parsed scheme: \&#34;\&#34;\\nINFO: 2021/06/09 02:22:49 [core] scheme \&#34;\&#34; not registered, fallback to default scheme\\nINFO: 2021/06/09 02:22:49 [core] ccResolverWrapper: sending update to cc: {[{/var/lib/networkservicemesh/nsm-23/nsm.client.io.sock  &lt;nil&gt; 0 &lt;nil&gt;}] &lt;nil&gt; &lt;nil&gt;}\\nINFO: 2021/06/09 02:22:49 [core] ClientConn switching balancer to \&#34;pick_first\&#34;\\nINFO: 2021/06/09 02:22:49 [core] Channel switches to new LB policy \&#34;pick_first\&#34;\\nINFO: 2021/06/09 02:22:49 [core] Subchannel Connectivity change to CONNECTING\\nINFO: 2021/06/09 02:22:49 [core] Subchannel picks a new address \&#34;/var/lib/networkservicemesh/nsm-23/nsm.client.io.sock\&#34; to connect\\nWARNING: 2021/06/09 02:22:49 [core] grpc: addrConn.createTransport failed to connect to {/var/lib/networkservicemesh/nsm-23/nsm.client.io.sock /var/lib/networkservicemesh/nsm-23/nsm.client.io.sock &lt;nil&gt; 0 &lt;nil&gt;}. Err: connection error: desc = \&#34;transport: Error while dialing dial unix /var/lib/networkservicemesh/nsm-23/nsm.client.io.sock: connect: no such file or directory\&#34;. Reconnecting...\\nINFO: 2021/06/09 02:22:49 [core] pickfirstBalancer: UpdateSubConnState: 0xc000488df0, {CONNECTING &lt;nil&gt;}\\nINFO: 2021/06/09 02:22:49 [core] Channel Connectivity change to CONNECTING\\nINFO: 2021/06/09 02:22:49 [core] Subchannel Connectivity change to TRANSIENT_FAILURE\\nINFO: 2021/06/09 02:22:49 [core] pickfirstBalancer: UpdateSubConnState: 0xc000488df0, {TRANSIENT_FAILURE connection error: desc = \&#34;transport: Error while dialing dial unix /var/lib/networkservicemesh/nsm-23/nsm.client.io.sock: connect: no such file or directory\&#34;}\\nINFO: 2021/06/09 02:22:49 [core] Channel Connectivity change to TRANSIENT_FAILURE\\nINFO: 2021/06/09 02:22:49 [transport] transport: loopyWriter.run returning. connection error: desc = \&#34;transport is closing\&#34;\\nINFO: 2021/06/09 02:22:50 [core] Subchannel Connectivity change to CONNECTING\\nINFO: 2021/06/09 02:22:50 [core] Subchannel picks a new address \&#34;/var/lib/networkservicemesh/nsm-23/nsm.client.io.sock\&#34; to connect\\nINFO: 2021/06/09 02:22:50 [core] pickfirstBalancer: UpdateSubConnState: 0xc000488df0, {CONNECTING &lt;nil&gt;}\\nINFO: 2021/06/09 02:22:50 [core] Channel Connectivity change to CONNECTING\\nWARNING: 2021/06/09 02:22:50 [core] grpc: addrConn.createTransport failed to connect to {/var/lib/networkservicemesh/nsm-23/nsm.client.io.sock /var/lib/networkservicemesh/nsm-23/nsm.client.io.sock &lt;nil&gt; 0 &lt;nil&gt;}. Err: connection error: desc = \&#34;transport: Error while dialing dial unix /var/lib/networkservicemesh/nsm-23/nsm.client.io.sock: connect: no such file or directory\&#34;. Reconnecting...\\nINFO: 2021/06/09 02:22:50 [core] Subchannel Connectivity change to TRANSIENT_FAILURE\\nINFO: 2021/06/09 02:22:50 [core] pickfirstBalancer: UpdateSubConnState: 0xc000488df0, {TRANSIENT_FAILURE connection error: desc = \&#34;transport: Error while dialing dial unix /var/lib/networkservicemesh/nsm-23/nsm.client.io.sock: connect: no such file or directory\&#34;}\\nINFO: 2021/06/09 02:22:50 [core] Channel Connectivity change to TRANSIENT_FAILURE\\nINFO: 2021/06/09 02:22:52 [core] Subchannel Connectivity change to CONNECTING\\nINFO: 2021/06/09 02:22:52 [core] Subchannel picks a new address \&#34;/var/lib/networkservicemesh/nsm-23/nsm.client.io.sock\&#34; to connect\\nINFO: 2021/06/09 02:22:52 [core] pickfirstBalancer: UpdateSubConnState: 0xc000488df0, {CONNECTING &lt;nil&gt;}\\nINFO: 2021/06/09 02:22:52 [core] Channel Connectivity change to CONNECTING\\nWARNING: 2021/06/09 02:22:52 [core] grpc: addrConn.createTransport failed to connect to {/var/lib/networkservicemesh/nsm-23/nsm.client.io.sock /var/lib/networkservicemesh/nsm-23/nsm.client.io.sock &lt;nil&gt; 0 &lt;nil&gt;}. Err: connection error: desc = \&#34;transport: Error while dialing dial unix /var/lib/networkservicemesh/nsm-23/nsm.client.io.sock: connect: no such file or directory\&#34;. Reconnecting...\\nINFO: 2021/06/09 02:22:52 [core] Subchannel Connectivity change to TRANSIENT_FAILURE\\nINFO: 2021/06/09 02:22:52 [core] pickfirstBalancer: UpdateSubConnState: 0xc000488df0, {TRANSIENT_FAILURE connection error: desc = \&#34;transport: Error while dialing dial unix /var/lib/networkservicemesh/nsm-23/nsm.client.io.sock: connect: no such file or directory\&#34;}\\nINFO: 2021/06/09 02:22:52 [core] Channel Connectivity change to TRANSIENT_FAILURE\\nINFO: 2021/06/09 02:22:55 [core] Subchannel Connectivity change to CONNECTING\\nINFO: 2021/06/09 02:22:55 [core] Subchannel picks a new address \&#34;/var/lib/networkservicemesh/nsm-23/nsm.client.io.sock\&#34; to connect\\nINFO: 2021/06/09 02:22:55 [core] pickfirstBalancer: UpdateSubConnState: 0xc000488df0, {CONNECTING &lt;nil&gt;}\\nINFO: 2021/06/09 02:22:55 [core] Channel Connectivity change to CONNECTING\\nWARNING: 2021/06/09 02:22:55 [core] grpc: addrConn.createTransport failed to connect to {/var/lib/networkservicemesh/nsm-23/nsm.client.io.sock /var/lib/networkservicemesh/nsm-23/nsm.client.io.sock &lt;nil&gt; 0 &lt;nil&gt;}. Err: connection error: desc = \&#34;transport: Error while dialing dial unix /var/lib/networkservicemesh/nsm-23/nsm.client.io.sock: connect: no such file or directory\&#34;. Reconnecting...\\nINFO: 2021/06/09 02:22:55 [core] Subchannel Connectivity change to TRANSIENT_FAILURE\\nINFO: 2021/06/09 02:22:55 [core] pickfirstBalancer: UpdateSubConnState: 0xc000488df0, {TRANSIENT_FAILURE connection error: desc = \&#34;transport: Error while dialing dial unix /var/lib/networkservicemesh/nsm-23/nsm.client.io.sock: connect: no such file or directory\&#34;}\\nINFO: 2021/06/09 02:22:55 [core] Channel Connectivity change to TRANSIENT_FAILURE\\nINFO: 2021/06/09 02:22:59 [core] Channel Connectivity change to SHUTDOWN\\nINFO: 2021/06/09 02:22:59 [core] Subchannel Connectivity change to SHUTDOWN\\nINFO: 2021/06/09 02:23:19 [transport] transport: loopyWriter.run returning. connection error: desc = \&#34;transport is closing\&#34;\\ntime=\&#34;2021-06-09T02:23:19Z\&#34; level=info msg=\&#34;&gt;&gt;&lt;&lt;-- GRPC-&gt;/nsmdapi.NSMD/EnumConnection()=\\\&#34;\\\&#34; span=0a6e9191e5453e34:57fe729de0cb43d1:7b8fe6ffe0d91dd8:1\&#34;\\ntime=\&#34;2021-06-09T02:23:19Z\&#34; level=info msg=\&#34;&gt;&gt;&lt;&lt;-- request={} span=0a6e9191e5453e34:57fe729de0cb43d1:7b8fe6ffe0d91dd8:1\&#34;\\ntime=\&#34;2021-06-09T02:23:19Z\&#34; level=info msg=\&#34;&gt;&gt;&lt;&lt;-- response={\\\&#34;workspace\\\&#34;:[\\\&#34;nsm-23\\\&#34;,\\\&#34;nsm-1\\\&#34;,\\\&#34;nsm-19\\\&#34;]} span=0a6e9191e5453e34:57fe729de0cb43d1:7b8fe6ffe0d91dd8:1\&#34;\\n2021/06/09 02:23:19 Reporting span 0a6e9191e5453e34:57fe729de0cb43d1:7b8fe6ffe0d91dd8:1\\nINFO: 2021/06/09 02:23:19 [transport] transport: loopyWriter.run returning. connection error: desc = \&#34;transport is closing\&#34;\\nINFO: 2021/06/09 02:23:49 [transport] transport: loopyWriter.run returning. connection error: desc = \&#34;transport is closing\&#34;\\ntime=\&#34;2021-06-09T02:23:49Z\&#34; level=info msg=\&#34;&gt;&gt;&lt;&lt;-- GRPC-&gt;/nsmdapi.NSMD/EnumConnection()=\\\&#34;\\\&#34; span=32f0085a171be373:746559a20e2fab8a:67634c8f7f10dd1d:1\&#34;\\ntime=\&#34;2021-06-09T02:23:49Z\&#34; level=info msg=\&#34;&gt;&gt;&lt;&lt;-- request={} span=32f0085a171be373:746559a20e2fab8a:67634c8f7f10dd1d:1\&#34;\\ntime=\&#34;2021-06-09T02:23:49Z\&#34; level=info msg=\&#34;&gt;&gt;&lt;&lt;-- response={\\\&#34;workspace\\\&#34;:[\\\&#34;nsm-23\\\&#34;,\\\&#34;nsm-1\\\&#34;,\\\&#34;nsm-19\\\&#34;]} span=32f0085a171be373:746559a20e2fab8a:67634c8f7f10dd1d:1\&#34;\\n2021/06/09 02:23:49 Reporting span 32f0085a171be373:746559a20e2fab8a:67634c8f7f10dd1d:1\\nINFO: 2021/06/09 02:23:49 [transport] transport: loopyWriter.run returning. connection error: desc = \&#34;transport is closing\&#34;\\nINFO: 2021/06/09 02:24:19 [transport] transport: loopyWriter.run returning. connection error: desc = \&#34;transport is closing\&#34;\\ntime=\&#34;2021-06-09T02:24:19Z\&#34; level=info msg=\&#34;&gt;&gt;&lt;&lt;-- GRPC-&gt;/nsmdapi.NSMD/EnumConnection()=\\\&#34;\\\&#34; span=1f40e2cde28591c8:017373e0c7c13a94:1a823de6fd88ae2e:1\&#34;\\ntime=\&#34;2021-06-09T02:24:19Z\&#34; level=info msg=\&#34;&gt;&gt;&lt;&lt;-- request={} span=1f40e2cde28591c8:017373e0c7c13a94:1a823de6fd88ae2e:1\&#34;\\ntime=\&#34;2021-06-09T02:24:19Z\&#34; level=info msg=\&#34;&gt;&gt;&lt;&lt;-- response={\\\&#34;workspace\\\&#34;:[\\\&#34;nsm-23\\\&#34;,\\\&#34;nsm-1\\\&#34;,\\\&#34;nsm-19\\\&#34;]} span=1f40e2cde28591c8:017373e0c7c13a94:1a823de6fd88ae2e:1\&#34;\\n2021/06/09 02:24:19 Reporting span 1f40e2cde28591c8:017373e0c7c13a94:1a823de6fd88ae2e:1\\nINFO: 2021/06/09 02:24:19 [transport] transport: loopyWriter.run returning. connection error: desc = \&#34;transport is closing\&#34;\\nINFO: 2021/06/09 02:24:49 [transport] transport: loopyWriter.run returning. connection error: desc = \&#34;transport is closing\&#34;\\ntime=\&#34;2021-06-09T02:24:49Z\&#34; level=info msg=\&#34;&gt;&gt;&lt;&lt;-- GRPC-&gt;/nsmdapi.NSMD/EnumConnection()=\\\&#34;\\\&#34; span=54f06edd6efeeb90:77f225e360291ea4:03d6c348787eec21:1\&#34;\\ntime=\&#34;2021-06-09T02:24:49Z\&#34; level=info msg=\&#34;&gt;&gt;&lt;&lt;-- request={} span=54f06edd6efeeb90:77f225e360291ea4:03d6c348787eec21:1\&#34;\\ntime=\&#34;2021-06-09T02:24:49Z\&#34; level=info msg=\&#34;&gt;&gt;&lt;&lt;-- response={\\\&#34;workspace\\\&#34;:[\\\&#34;nsm-23\\\&#34;,\\\&#34;nsm-1\\\&#34;,\\\&#34;nsm-19\\\&#34;]} span=54f06edd6efeeb90:77f225e360291ea4:03d6c348787eec21:1\&#34;\\n2021/06/09 02:24:49 Reporting span 54f06edd6efeeb90:77f225e360291ea4:03d6c348787eec21:1\\nINFO: 2021/06/09 02:24:49 [transport] transport: loopyWriter.run returning. connection error: desc = \&#34;transport is closing\&#34;\\n&#34;&#xA;k8s.go:1166:&#xA;goroutine 566 [running]:&#xA;runtime/debug.Stack(0xc0004c0750, 0x223e220, 0x30b6480)&#xA;/usr/local/go/src/runtime/debug/stack.go:24 +0x9f&#xA;github.com/networkservicemesh/networkservicemesh/test/kubetest.(*K8s).waitLogsMatchNamespace(0xc000128300, 0x26d9e20, 0xc0002a5b00, 0xc00088c800, 0x24bf09f, 0x4, 0xc000533ef8, 0xc000d4c000, 0x6d, 0x24c6d2f, ...)&#xA;/Users/nispatil/go/src/github.com/cisco-app-networking/nsm_publish/networkservicemesh/test/kubetest/k8s.go:1166 +0xd85&#xA;github.com/networkservicemesh/networkservicemesh/test/kubetest.(*K8s).waitLogsMatch(...)&#xA;/Users/nispatil/go/src/github.com/cisco-app-networking/nsm_publish/networkservicemesh/test/kubetest/k8s.go:1108&#xA;github.com/networkservicemesh/networkservicemesh/test/kubetest.(*K8s).WaitLogsContainsRegex(0xc000128300, 0xc00088c800, 0x24bf09f, 0x4, 0x24eda8c, 0x26, 0x1bf08eb000, 0x0, 0x0)&#xA;/Users/nispatil/go/src/github.com/cisco-app-networking/nsm_publish/networkservicemesh/test/kubetest/k8s.go:1063 +0x2a8&#xA;github.com/networkservicemesh/networkservicemesh/test/kubetest.WaitNSMgrDeployed.func1(0xc000baf9c0, 0xc000128300, 0xc00088c800, 0x1bf08eb000)&#xA;/Users/nispatil/go/src/github.com/cisco-app-networking/nsm_publish/networkservicemesh/test/kubetest/utils.go:238 +0x9b&#xA;created by github.com/networkservicemesh/networkservicemesh/test/kubetest.WaitNSMgrDeployed&#xA;/Users/nispatil/go/src/github.com/cisco-app-networking/nsm_publish/networkservicemesh/test/kubetest/utils.go:236 +0x8d&#xA;&#xA;Expected&#xA;&lt;bool&gt;: false&#xA;to be true&#xA;basic_nsm_restart_restore_nse_test.go:73:&#xA;Expected&#xA;&lt;[]v1alpha1.NetworkService | len:0, cap:0&gt;: []&#xA;to have length 1&#xA;time=&#34;2021-06-08T19:24:50-07:00&#34; level=error msg=&#34;Failed to get logs from jaeger err: previous terminated container \&#34;jaeger\&#34; in pod \&#34;jaeger\&#34; not found&#34;&#xA;time=&#34;2021-06-08T19:24:50-07:00&#34; level=warning msg=&#34;Can not get logs for container: jaeger, Error: previous terminated container \&#34;jaeger\&#34; in pod \&#34;jaeger\&#34; not found&#34;&#xA;time=&#34;2021-06-08T19:24:50-07:00&#34; level=error msg=&#34;Failed to get logs from icmp-responder-nse-3 err: previous terminated container \&#34;icmp-responder-nse-3\&#34; in pod \&#34;icmp-responder-nse-3\&#34; not found&#34;&#xA;time=&#34;2021-06-08T19:24:50-07:00&#34; level=warning msg=&#34;Can not get logs for container: icmp-responder-nse-3, Error: previous terminated container \&#34;icmp-responder-nse-3\&#34; in pod \&#34;icmp-responder-nse-3\&#34; not found&#34;&#xA;E0608 19:24:50.082682   22882 portforward.go:409] error closing listener: close tcp4 127.0.0.1:50541: use of closed network connection&#xA;E0608 19:24:50.082702   22882 portforward.go:409] error closing listener: close tcp6 [::1]:50541: use of closed network connection&#xA;time=&#34;2021-06-08T19:24:50-07:00&#34; level=error msg=&#34;Failed to get logs from icmp-responder-nse-2 err: previous terminated container \&#34;icmp-responder-nse-2\&#34; in pod \&#34;icmp-responder-nse-2\&#34; not found&#34;&#xA;time=&#34;2021-06-08T19:24:50-07:00&#34; level=warning msg=&#34;Can not get logs for container: icmp-responder-nse-2, Error: previous terminated container \&#34;icmp-responder-nse-2\&#34; in pod \&#34;icmp-responder-nse-2\&#34; not found&#34;&#xA;time=&#34;2021-06-08T19:24:50-07:00&#34; level=error msg=&#34;Failed to get logs from nsmd-forwarder-kind-1-worker err: previous terminated container \&#34;vppagent-forwarder\&#34; in pod \&#34;nsmd-forwarder-kind-1-worker\&#34; not found&#34;&#xA;time=&#34;2021-06-08T19:24:50-07:00&#34; level=warning msg=&#34;Can not get logs for container: vppagent-forwarder, Error: previous terminated container \&#34;vppagent-forwarder\&#34; in pod \&#34;nsmd-forwarder-kind-1-worker\&#34; not found&#34;&#xA;time=&#34;2021-06-08T19:24:51-07:00&#34; level=error msg=&#34;Failed to get logs from prefix-service err: previous terminated container \&#34;prefix-service\&#34; in pod \&#34;prefix-service\&#34; not found&#34;&#xA;time=&#34;2021-06-08T19:24:51-07:00&#34; level=warning msg=&#34;Can not get logs for container: prefix-service, Error: previous terminated container \&#34;prefix-service\&#34; in pod \&#34;prefix-service\&#34; not found&#34;&#xA;time=&#34;2021-06-08T19:24:51-07:00&#34; level=error msg=&#34;Failed to get logs from spire-proxy err: previous terminated container \&#34;spire-proxy\&#34; in pod \&#34;spire-proxy\&#34; not found&#34;&#xA;time=&#34;2021-06-08T19:24:51-07:00&#34; level=warning msg=&#34;Can not get logs for container: spire-proxy, Error: previous terminated container \&#34;spire-proxy\&#34; in pod \&#34;spire-proxy\&#34; not found&#34;&#xA;time=&#34;2021-06-08T19:24:51-07:00&#34; level=error msg=&#34;Failed to get logs from nsmgr-kind-1-worker err: previous terminated container \&#34;nsmdp\&#34; in pod \&#34;nsmgr-kind-1-worker\&#34; not found&#34;&#xA;time=&#34;2021-06-08T19:24:51-07:00&#34; level=warning msg=&#34;Can not get logs for container: nsmdp, Error: previous terminated container \&#34;nsmdp\&#34; in pod \&#34;nsmgr-kind-1-worker\&#34; not found&#34;&#xA;time=&#34;2021-06-08T19:24:51-07:00&#34; level=info msg=&#34;artifacts: [0xc00057e8c0 0xc00035a780 0xc000405380 0xc00057e1c0 0xc000404200 0xc00057e580 0xc00041d400 0xc00041dd40 0xc000404640]&#34;&#xA;time=&#34;2021-06-08T19:24:51-07:00&#34; level=info msg=&#34;Deleting nsmgr-kind-1-worker&#34;&#xA;time=&#34;2021-06-08T19:24:51-07:00&#34; level=info msg=&#34;Deleting prefix-service&#34;&#xA;time=&#34;2021-06-08T19:24:51-07:00&#34; level=info msg=&#34;Deleting nsmd-forwarder-kind-1-worker&#34;&#xA;time=&#34;2021-06-08T19:24:51-07:00&#34; level=info msg=&#34;Deleting spire-proxy&#34;&#xA;time=&#34;2021-06-08T19:24:51-07:00&#34; level=info msg=&#34;Deleting icmp-responder-nse-2&#34;&#xA;time=&#34;2021-06-08T19:24:51-07:00&#34; level=info msg=&#34;Deleting icmp-responder-nse-3&#34;&#xA;time=&#34;2021-06-08T19:24:51-07:00&#34; level=info msg=&#34;Deleting jaeger&#34;&#xA;E0608 19:24:52.000199   22882 portforward.go:409] error closing listener: close tcp4 127.0.0.1:50532: use of closed network connection&#xA;E0608 19:24:52.000280   22882 portforward.go:409] error closing listener: close tcp6 [::1]:50532: use of closed network connection&#xA;I0608 19:24:53.184203   22882 request.go:621] Throttling request took 1.184287655s, request: DELETE:https://127.0.0.1:55081/api/v1/namespaces/nsm-system/serviceaccounts/nsc-acc&#xA;time=&#34;2021-06-08T19:24:54-07:00&#34; level=warning msg=&#34;The POD &#39;prefix-service&#39; Deleted 2.193620267s&#34;&#xA;time=&#34;2021-06-08T19:24:54-07:00&#34; level=warning msg=&#34;The POD &#39;nsmd-forwarder-kind-1-worker&#39; Deleted 2.389401497s&#34;&#xA;time=&#34;2021-06-08T19:24:54-07:00&#34; level=warning msg=&#34;The POD &#39;spire-proxy&#39; Deleted 2.590626452s&#34;&#xA;time=&#34;2021-06-08T19:24:54-07:00&#34; level=warning msg=&#34;The POD &#39;icmp-responder-nse-2&#39; Deleted 2.789271875s&#34;&#xA;time=&#34;2021-06-08T19:24:55-07:00&#34; level=warning msg=&#34;The POD &#39;icmp-responder-nse-3&#39; Deleted 3.192178316s&#34;&#xA;time=&#34;2021-06-08T19:25:06-07:00&#34; level=warning msg=&#34;The POD &#39;jaeger&#39; Deleted 14.990482428s&#34;&#xA;time=&#34;2021-06-08T19:25:07-07:00&#34; level=info msg=&#34;The POD nsmgr-kind-1-worker force deleted&#34;&#xA;time=&#34;2021-06-08T19:25:07-07:00&#34; level=warning msg=&#34;The POD &#39;nsmgr-kind-1-worker&#39; Deleted 15.792105744s&#34;&#xA;time=&#34;2021-06-08T19:25:07-07:00&#34; level=info msg=&#34;namespace nsm-system is deleted&#34;&#xA;time=&#34;2021-06-08T19:25:07-07:00&#34; level=info msg=&#34;Cleanup time: 15.991734061s&#34;&#xA;--- FAIL: TestNSMgrRestartRestoreNSE (201.68s)&#xA;FAIL&#xA;FAIL&#x9;github.com/networkservicemesh/networkservicemesh/test/integration&#x9;202.161s&#xA;FAIL&#xA;TestNSMgrRestartRestoreNSE: OnFail: running on fail script operations with KUBECONFIG=/Users/nispatil/go/src/github.com/cisco-app-networking/nsm_publish/networkservicemesh/.tests/cloud_test/single-cluster/shell/kind-1/config on cloud kind-1&#xA;make -i k8s-deconfig helm-delete k8s-terminating-cleanup k8s-delete-nsm-namespaces || true&#xA;helm uninstall config --namespace nsm-system || true&#xA;WARNING: Kubernetes configuration file is group-readable. This is insecure. Location: /Users/nispatil/go/src/github.com/cisco-app-networking/nsm_publish/networkservicemesh/.tests/cloud_test/single-cluster/shell/kind-1/config&#xA;WARNING: Kubernetes configuration file is world-readable. This is insecure. Location: /Users/nispatil/go/src/github.com/cisco-app-networking/nsm_publish/networkservicemesh/.tests/cloud_test/single-cluster/shell/kind-1/config&#xA;release &#34;config&#34; uninstalled&#xA;./scripts/helm-nsm-uninstall.sh --nsm_namespace nsm-system --all&#xA;&#xA;Helm version detected: v3.3.4&#xA;Cleaning up NSM&#xA;xargs: illegal option -- -&#xA;usage: xargs [-0opt] [-E eofstr] [-I replstr [-R replacements] [-S replsize]]&#xA;[-J replstr] [-L number] [-n number [-x]] [-P maxprocs]&#xA;[-s size] [utility [argument ...]]&#xA;WARNING: Kubernetes configuration file is group-readable. This is insecure. Location: /Users/nispatil/go/src/github.com/cisco-app-networking/nsm_publish/networkservicemesh/.tests/cloud_test/single-cluster/shell/kind-1/config&#xA;WARNING: Kubernetes configuration file is world-readable. This is insecure. Location: /Users/nispatil/go/src/github.com/cisco-app-networking/nsm_publish/networkservicemesh/.tests/cloud_test/single-cluster/shell/kind-1/config&#xA;make[1]: [helm-delete] Error 1 (ignored)&#xA;xargs: illegal option -- -&#xA;usage: xargs [-0opt] [-E eofstr] [-I replstr [-R replacements] [-S replsize]]&#xA;[-J replstr] [-L number] [-n number [-x]] [-P maxprocs]&#xA;[-s size] [utility [argument ...]]&#xA;No resources found in nsm-system namespace.&#xA;make[1]: [k8s-terminating-cleanup] Error 1 (ignored)&#xA;Running delete-nsm-namespaces script&#xA;NSM_NAMESPACE=nsm-system&#xA;Checking ns: default&#xA;Checking ns: kube-node-lease&#xA;Checking ns: kube-public&#xA;Checking ns: kube-system&#xA;Checking ns: local-path-storage&#xA;Checking ns: nsm-system&#xA;Deleting ns: nsm-system&#xA;warning: Immediate deletion does not wait for confirmation that the running resource has been terminated. The resource may continue to run on the cluster indefinitely.&#xA;No resources found&#xA;namespace &#34;nsm-system&#34; deleted&#xA;Checking ns: spire&#xA;make k8s-config &amp;&amp; echo &#34;Cluster reset successfull&#34;&#xA;namespace/nsm-system created&#xA;helm --namespace nsm-system install config deployments/helm/nsm/charts/config&#xA;WARNING: Kubernetes configuration file is group-readable. This is insecure. Location: /Users/nispatil/go/src/github.com/cisco-app-networking/nsm_publish/networkservicemesh/.tests/cloud_test/single-cluster/shell/kind-1/config&#xA;WARNING: Kubernetes configuration file is world-readable. This is insecure. Location: /Users/nispatil/go/src/github.com/cisco-app-networking/nsm_publish/networkservicemesh/.tests/cloud_test/single-cluster/shell/kind-1/config&#xA;NAME: config&#xA;LAST DEPLOYED: Tue Jun  8 19:25:16 2021&#xA;NAMESPACE: nsm-system&#xA;STATUS: deployed&#xA;REVISION: 1&#xA;TEST SUITE: None&#xA;Cluster reset successfull</failure>
                  </testcase>
              </testsuite>
          </testsuite>
      </testsuite>
  </testsuites>