  <testsuites>
      <testsuite tests="42" failures="3" time="3003.357417609" name="All tests">
          <properties></properties>
          <!--Suite was running for 50m3s-->
          <testsuite tests="42" failures="3" time="3003.357417609" name="Single cluster tests">
              <properties></properties>
              <!--Suite was running for 50m3s-->
              <testsuite tests="42" failures="3" time="3003.357417609" name="kind">
                  <properties></properties>
                  <!--Suite was running for 50m3s-->
                  <testcase classname="" name="TestDuplicateEndpoint" time="66.681661857" cluster_instance="kind-1"></testcase>
                  <testcase classname="" name="TestNSMDRecoverNSE" time="99.917375512" cluster_instance="kind-1"></testcase>
                  <testcase classname="" name="TestUpdateNSM" time="63.236261506" cluster_instance="kind-1"></testcase>
                  <testcase classname="" name="TestSeveralCrossConnects" time="55.800930277" cluster_instance="kind-1"></testcase>
                  <testcase classname="" name="TestGetEndpoints" time="69.201113057" cluster_instance="kind-1"></testcase>
                  <testcase classname="" name="TestNSMgrForwarderDeployLiveCheck" time="64.139336993" cluster_instance="kind-1"></testcase>
                  <testcase classname="" name="TestGetMetricsIdentifiers" time="2.8510502669999997" cluster_instance="kind-1"></testcase>
                  <testcase classname="" name="TestInterdomainSingleNode" time="102.956530013" cluster_instance="kind-1">
                      <failure message="Test execution failed TestInterdomainSingleNode" type="ERROR">Execution attempt: 0 Output file: .tests/cloud_test/single-cluster/kind-1/026-TestInterdomainSingleNode-run.log&#xA;Starting TestInterdomainSingleNode on kind-1&#xA;Command line go test . -test.timeout 10m0s -count 1 --run &#34;^(TestInterdomainSingleNode)$\\z&#34; --tags &#34;basic&#34; --test.v&#xA;env==[KUBECONFIG=/Users/nispatil/go/src/github.com/cisco-app-networking/nsm_publish/networkservicemesh/.tests/cloud_test/single-cluster/shell/kind-1/config ARTIFACTS_DIR=/Users/nispatil/go/src/github.com/cisco-app-networking/nsm_publish/networkservicemesh/.tests/cloud_test/single-cluster/kind-1/TestInterdomainSingleNode]&#xA;&#xA;=== RUN   TestInterdomainSingleNode&#xA;time=&#34;2021-06-08T17:47:59-07:00&#34; level=info msg=&#34;Using Kubeconfig: /Users/nispatil/go/src/github.com/cisco-app-networking/nsm_publish/networkservicemesh/.tests/cloud_test/single-cluster/shell/kind-1/config&#34;&#xA;time=&#34;2021-06-08T17:47:59-07:00&#34; level=info msg=&#34;FORWARDING_PLANE not set, using default forwarder - vpp&#34;&#xA;time=&#34;2021-06-08T17:47:59-07:00&#34; level=info msg=&#34;Creating artifact manager with config: &amp;{4 false /Users/nispatil/go/src/github.com/cisco-app-networking/nsm_publish/networkservicemesh/.tests/cloud_test/single-cluster/kind-1/TestInterdomainSingleNode}&#34;&#xA;time=&#34;2021-06-08T17:47:59-07:00&#34; level=error msg=&#34;Error during create of test namespace failed to create a namespace: object is being deleted: namespaces \&#34;nsm-system\&#34; already exists&#34;&#xA;time=&#34;2021-06-08T17:47:59-07:00&#34; level=info msg=&#34;Checking availability of API server on 127.0.0.1&#34;&#xA;time=&#34;2021-06-08T17:48:03-07:00&#34; level=info msg=&#34;PING 127.0.0.1 (127.0.0.1): 56 data bytes\n64 bytes from 127.0.0.1: icmp_seq=0 ttl=64 time=0.043 ms\n64 bytes from 127.0.0.1: icmp_seq=1 ttl=64 time=0.075 ms\n64 bytes from 127.0.0.1: icmp_seq=2 ttl=64 time=0.061 ms\n64 bytes from 127.0.0.1: icmp_seq=3 ttl=64 time=0.056 ms\n64 bytes from 127.0.0.1: icmp_seq=4 ttl=64 time=0.054 ms\n\n--- 127.0.0.1 ping statistics ---\n5 packets transmitted, 5 packets received, 0.0%!p(MISSING)acket loss\nround-trip min/avg/max/stddev = 0.043/0.058/0.075/0.010 ms\n&#34;&#xA;time=&#34;2021-06-08T17:48:03-07:00&#34; level=info msg=&#34;Will try to create namespace again after 20 seconds&#34;&#xA;time=&#34;2021-06-08T17:48:23-07:00&#34; level=info msg=&#34;namespace nsm-system is created&#34;&#xA;time=&#34;2021-06-08T17:48:23-07:00&#34; level=info msg=&#34;USE_IPV6 not set, using default false&#34;&#xA;time=&#34;2021-06-08T17:48:23-07:00&#34; level=error msg=&#34;serviceaccounts \&#34;nsc-acc\&#34; not found&#34;&#xA;time=&#34;2021-06-08T17:48:23-07:00&#34; level=error msg=&#34;serviceaccounts \&#34;nse-acc\&#34; not found&#34;&#xA;time=&#34;2021-06-08T17:48:23-07:00&#34; level=error msg=&#34;serviceaccounts \&#34;nsmgr-acc\&#34; not found&#34;&#xA;time=&#34;2021-06-08T17:48:23-07:00&#34; level=error msg=&#34;serviceaccounts \&#34;nsmrs-acc\&#34; not found&#34;&#xA;time=&#34;2021-06-08T17:48:24-07:00&#34; level=error msg=&#34;serviceaccounts \&#34;forward-plane-acc\&#34; not found&#34;&#xA;time=&#34;2021-06-08T17:48:24-07:00&#34; level=error msg=&#34;serviceaccounts \&#34;crossconnect-monitor-acc\&#34; not found&#34;&#xA;time=&#34;2021-06-08T17:48:24-07:00&#34; level=error msg=&#34;serviceaccounts \&#34;proxy-nsmgr-acc\&#34; not found&#34;&#xA;time=&#34;2021-06-08T17:48:24-07:00&#34; level=info msg=&#34;Cleanup done: 813.281772ms&#34;&#xA;time=&#34;2021-06-08T17:48:24-07:00&#34; level=info msg=&#34;&amp;ServiceAccount{ObjectMeta:{default  nsm-system /api/v1/namespaces/nsm-system/serviceaccounts/default fcf200a2-acae-458d-93d3-a19ba78d65e7 9022 0 2021-06-08 17:48:23 -0700 PDT &lt;nil&gt; &lt;nil&gt; map[] map[] [] []  []},Secrets:[]ObjectReference{ObjectReference{Kind:,Namespace:,Name:default-token-ljx95,UID:,APIVersion:,ResourceVersion:,FieldPath:,},},ImagePullSecrets:[]LocalObjectReference{},AutomountServiceAccountToken:nil,}&#34;&#xA;I0608 17:48:25.645818    4545 request.go:621] Throttling request took 1.185431572s, request: POST:https://127.0.0.1:55080/api/v1/namespaces/nsm-system/serviceaccounts&#xA;time=&#34;2021-06-08T17:48:26-07:00&#34; level=info msg=&#34;&amp;ServiceAccount{ObjectMeta:{nsmrs-acc  nsm-system /api/v1/namespaces/nsm-system/serviceaccounts/nsmrs-acc 1922d796-491b-4fe7-bc69-536f2b9ad529 9026 0 2021-06-08 17:48:24 -0700 PDT &lt;nil&gt; &lt;nil&gt; map[] map[] [] []  []},Secrets:[]ObjectReference{ObjectReference{Kind:,Namespace:,Name:nsmrs-acc-token-x6b7n,UID:,APIVersion:,ResourceVersion:,FieldPath:,},},ImagePullSecrets:[]LocalObjectReference{},AutomountServiceAccountToken:nil,}&#34;&#xA;time=&#34;2021-06-08T17:48:26-07:00&#34; level=info msg=&#34;&amp;ServiceAccount{ObjectMeta:{proxy-nsmgr-acc  nsm-system /api/v1/namespaces/nsm-system/serviceaccounts/proxy-nsmgr-acc 54a49554-592d-437d-94e3-4630f857cc99 9031 0 2021-06-08 17:48:25 -0700 PDT &lt;nil&gt; &lt;nil&gt; map[] map[] [] []  []},Secrets:[]ObjectReference{ObjectReference{Kind:,Namespace:,Name:proxy-nsmgr-acc-token-84w8t,UID:,APIVersion:,ResourceVersion:,FieldPath:,},},ImagePullSecrets:[]LocalObjectReference{},AutomountServiceAccountToken:nil,}&#34;&#xA;time=&#34;2021-06-08T17:48:26-07:00&#34; level=info msg=&#34;&amp;ServiceAccount{ObjectMeta:{crossconnect-monitor-acc  nsm-system /api/v1/namespaces/nsm-system/serviceaccounts/crossconnect-monitor-acc 8332cada-623b-4177-8e90-1f4eab014ca4 9035 0 2021-06-08 17:48:25 -0700 PDT &lt;nil&gt; &lt;nil&gt; map[] map[] [] []  []},Secrets:[]ObjectReference{ObjectReference{Kind:,Namespace:,Name:crossconnect-monitor-acc-token-dsm8n,UID:,APIVersion:,ResourceVersion:,FieldPath:,},},ImagePullSecrets:[]LocalObjectReference{},AutomountServiceAccountToken:nil,}&#34;&#xA;time=&#34;2021-06-08T17:48:26-07:00&#34; level=info msg=&#34;&amp;ServiceAccount{ObjectMeta:{forward-plane-acc  nsm-system /api/v1/namespaces/nsm-system/serviceaccounts/forward-plane-acc 0e2df27e-013c-421d-a700-2f6e1a35dd0c 9042 0 2021-06-08 17:48:25 -0700 PDT &lt;nil&gt; &lt;nil&gt; map[] map[] [] []  []},Secrets:[]ObjectReference{ObjectReference{Kind:,Namespace:,Name:forward-plane-acc-token-kk6h5,UID:,APIVersion:,ResourceVersion:,FieldPath:,},},ImagePullSecrets:[]LocalObjectReference{},AutomountServiceAccountToken:nil,}&#34;&#xA;time=&#34;2021-06-08T17:48:27-07:00&#34; level=info msg=&#34;&amp;ServiceAccount{ObjectMeta:{nse-acc  nsm-system /api/v1/namespaces/nsm-system/serviceaccounts/nse-acc faa2f5e6-c759-43d9-81da-7bf0f53988fc 9045 0 2021-06-08 17:48:25 -0700 PDT &lt;nil&gt; &lt;nil&gt; map[] map[] [] []  []},Secrets:[]ObjectReference{ObjectReference{Kind:,Namespace:,Name:nse-acc-token-bd6vs,UID:,APIVersion:,ResourceVersion:,FieldPath:,},},ImagePullSecrets:[]LocalObjectReference{},AutomountServiceAccountToken:nil,}&#34;&#xA;time=&#34;2021-06-08T17:48:27-07:00&#34; level=info msg=&#34;&amp;ServiceAccount{ObjectMeta:{nsmgr-acc  nsm-system /api/v1/namespaces/nsm-system/serviceaccounts/nsmgr-acc 37c875f7-46d2-48b7-92a5-b382ce1c4872 9048 0 2021-06-08 17:48:25 -0700 PDT &lt;nil&gt; &lt;nil&gt; map[] map[] [] []  []},Secrets:[]ObjectReference{ObjectReference{Kind:,Namespace:,Name:nsmgr-acc-token-482ld,UID:,APIVersion:,ResourceVersion:,FieldPath:,},},ImagePullSecrets:[]LocalObjectReference{},AutomountServiceAccountToken:nil,}&#34;&#xA;time=&#34;2021-06-08T17:48:27-07:00&#34; level=info msg=&#34;&amp;ServiceAccount{ObjectMeta:{nsc-acc  nsm-system /api/v1/namespaces/nsm-system/serviceaccounts/nsc-acc 75f3c5af-8c51-48a4-be14-59c7ba8e2407 9052 0 2021-06-08 17:48:26 -0700 PDT &lt;nil&gt; &lt;nil&gt; map[] map[] [] []  []},Secrets:[]ObjectReference{ObjectReference{Kind:,Namespace:,Name:nsc-acc-token-thdkh,UID:,APIVersion:,ResourceVersion:,FieldPath:,},},ImagePullSecrets:[]LocalObjectReference{},AutomountServiceAccountToken:nil,}&#34;&#xA;time=&#34;2021-06-08T17:48:27-07:00&#34; level=info msg=&#34;Creating ConfigMap &#39;nsm-config&#39; in namespace&#39;nsm-system&#39;...&#34;&#xA;time=&#34;2021-06-08T17:48:27-07:00&#34; level=info msg=&#34;Using image: containers.cisco.com/appn/prefix-service:vl3_latest&#34;&#xA;time=&#34;2021-06-08T17:48:27-07:00&#34; level=info msg=&#34;Using image: containers.cisco.com/appn/test-common:vl3_latest&#34;&#xA;time=&#34;2021-06-08T17:48:27-07:00&#34; level=info msg=&#34;role is created: &amp;ClusterRole{ObjectMeta:{aggregate-network-services-view  nsm-system    0 0001-01-01 00:00:00 +0000 UTC &lt;nil&gt; &lt;nil&gt; map[rbac.authorization.k8s.io/aggregate-to-view:true] map[] [] []  []},Rules:[]PolicyRule{PolicyRule{Verbs:[get list watch],APIGroups:[networkservicemesh.io],Resources:[networkservices],ResourceNames:[],NonResourceURLs:[],},},AggregationRule:nil,}&#34;&#xA;time=&#34;2021-06-08T17:48:27-07:00&#34; level=info msg=&#34;role is created: &amp;ClusterRole{ObjectMeta:{nsm-role  nsm-system    0 0001-01-01 00:00:00 +0000 UTC &lt;nil&gt; &lt;nil&gt; map[rbac.authorization.k8s.io/aggregate-to-admin:true rbac.authorization.k8s.io/aggregate-to-edit:true] map[] [] []  []},Rules:[]PolicyRule{PolicyRule{Verbs:[*],APIGroups:[networkservicemesh.io],Resources:[networkservices networkserviceendpoints networkservicemanagers],ResourceNames:[],NonResourceURLs:[],},PolicyRule{Verbs:[*],APIGroups:[apiextensions.k8s.io],Resources:[customresourcedefinitions],ResourceNames:[],NonResourceURLs:[],},PolicyRule{Verbs:[get update],APIGroups:[],Resources:[configmaps],ResourceNames:[],NonResourceURLs:[],},PolicyRule{Verbs:[get list watch],APIGroups:[],Resources:[nodes services namespaces],ResourceNames:[],NonResourceURLs:[],},},AggregationRule:nil,}&#34;&#xA;time=&#34;2021-06-08T17:48:27-07:00&#34; level=info msg=&#34;role is created: &amp;ClusterRoleBinding{ObjectMeta:{nsm-role-binding      0 0001-01-01 00:00:00 +0000 UTC &lt;nil&gt; &lt;nil&gt; map[] map[] [] []  []},Subjects:[]Subject{Subject{Kind:ServiceAccount,APIGroup:,Name:nsmgr-acc,Namespace:nsm-system,},Subject{Kind:ServiceAccount,APIGroup:,Name:proxy-nsmgr-acc,Namespace:nsm-system,},Subject{Kind:ServiceAccount,APIGroup:,Name:crossconnect-monitor-acc,Namespace:nsm-system,},},RoleRef:RoleRef{APIGroup:rbac.authorization.k8s.io,Kind:ClusterRole,Name:nsm-role,},}&#34;&#xA;time=&#34;2021-06-08T17:48:30-07:00&#34; level=info msg=&#34;Trying to establish connection with the spire provider at address:tcp://127.0.0.1:63533&#34;&#xA;time=&#34;2021-06-08T17:48:30-07:00&#34; level=info msg=&#34;Created the todo context:tcp://127.0.0.1:63533&#34;&#xA;time=&#34;2021-06-08T17:48:30-07:00&#34; level=info msg=&#34;Got x509:&amp;{0xc0006bdb90 &lt;nil&gt; {{0 0} 0 0 0 0} 0xc00041edc0 0xc0001122a0 {{0 0} 0 0 0 0} false} &lt;nil&gt;&#34;&#xA;time=&#34;2021-06-08T17:48:30-07:00&#34; level=info msg=&#34;Started goroutine&#34;&#xA;time=&#34;2021-06-08T17:48:30-07:00&#34; level=info msg=&#34;Returning provider&#34;&#xA;time=&#34;2021-06-08T17:48:30-07:00&#34; level=info msg=&#34;Issued identity:spiffe://test.com/nsmgr&#34;&#xA;time=&#34;2021-06-08T17:48:30-07:00&#34; level=info msg=&#34;Checking node: kind-1-control-plane&#34;&#xA;time=&#34;2021-06-08T17:48:30-07:00&#34; level=info msg=&#34;Checking node: kind-1-worker&#34;&#xA;time=&#34;2021-06-08T17:48:30-07:00&#34; level=info msg=&#34;Checking node: kind-1-worker2&#34;&#xA;time=&#34;2021-06-08T17:48:30-07:00&#34; level=info msg=&#34;Using image: containers.cisco.com/appn/nsmrs:vl3_latest&#34;&#xA;time=&#34;2021-06-08T17:48:30-07:00&#34; level=info msg=&#34;Starting NSM Service Registry Server on node: kind-1-worker2&#34;&#xA;time=&#34;2021-06-08T17:48:40-07:00&#34; level=info msg=&#34;getting logs without container nsmrs=none&#34;&#xA;time=&#34;2021-06-08T17:48:40-07:00&#34; level=info msg=&#34;NSM Service Registry Server nsmrs started done: 9.6090665s&#34;&#xA;time=&#34;2021-06-08T17:48:40-07:00&#34; level=info msg=&#34;Checking node: kind-1-control-plane&#34;&#xA;time=&#34;2021-06-08T17:48:40-07:00&#34; level=info msg=&#34;Checking node: kind-1-worker&#34;&#xA;time=&#34;2021-06-08T17:48:40-07:00&#34; level=info msg=&#34;Checking node: kind-1-worker2&#34;&#xA;time=&#34;2021-06-08T17:48:40-07:00&#34; level=info msg=&#34;Using image: jaegertracing/all-in-one:1.14.0&#34;&#xA;time=&#34;2021-06-08T17:48:42-07:00&#34; level=info msg=&#34;getting logs without container jaeger=none&#34;&#xA;time=&#34;2021-06-08T17:48:42-07:00&#34; level=info msg=&#34;Using image: containers.cisco.com/appn/nsmdp:vl3_latest&#34;&#xA;time=&#34;2021-06-08T17:48:42-07:00&#34; level=info msg=&#34;Using image: containers.cisco.com/appn/nsmd:vl3_latest&#34;&#xA;time=&#34;2021-06-08T17:48:42-07:00&#34; level=info msg=&#34;Using image: containers.cisco.com/appn/nsmd-k8s:vl3_latest&#34;&#xA;time=&#34;2021-06-08T17:48:42-07:00&#34; level=info msg=&#34;Using image: containers.cisco.com/appn/vppagent-forwarder:vl3_latest&#34;&#xA;time=&#34;2021-06-08T17:48:55-07:00&#34; level=info msg=&#34;Started NSMgr/Forwarder: 12.802183501s on node kind-1-worker&#34;&#xA;time=&#34;2021-06-08T17:48:55-07:00&#34; level=info msg=&#34;Config (pnsmgr-kind-1-worker kind-1-worker): &amp;{0 0 0 map[NSMRS_ADDRESS:172.17.0.2:80] map[] &lt;nil&gt; &lt;nil&gt; nsm-system}&#34;&#xA;time=&#34;2021-06-08T17:48:55-07:00&#34; level=info msg=&#34;Using image: containers.cisco.com/appn/proxy-nsmd:vl3_latest&#34;&#xA;time=&#34;2021-06-08T17:48:55-07:00&#34; level=info msg=&#34;Using image: containers.cisco.com/appn/proxy-nsmd-k8s:vl3_latest&#34;&#xA;time=&#34;2021-06-08T17:48:55-07:00&#34; level=info msg=&#34;Starting Proxy NSMgr pnsmgr-kind-1-worker on node: kind-1-worker&#34;&#xA;time=&#34;2021-06-08T17:49:07-07:00&#34; level=info msg=&#34;Proxy NSMgr started done: 11.803398347s&#34;&#xA;time=&#34;2021-06-08T17:49:07-07:00&#34; level=error msg=&#34;Error creating service: &amp;Service{ObjectMeta:{      0 0001-01-01 00:00:00 +0000 UTC &lt;nil&gt; &lt;nil&gt; map[] map[] [] []  []},Spec:ServiceSpec{Ports:[]ServicePort{},Selector:map[string]string{},ClusterIP:,Type:,ExternalIPs:[],SessionAffinity:,LoadBalancerIP:,LoadBalancerSourceRanges:[],ExternalName:,ExternalTrafficPolicy:,HealthCheckNodePort:0,PublishNotReadyAddresses:false,SessionAffinityConfig:nil,IPFamily:nil,TopologyKeys:[],},Status:ServiceStatus{LoadBalancer:LoadBalancerStatus{Ingress:[]LoadBalancerIngress{},},},} Service \&#34;pnsmgr-svc\&#34; is invalid: [spec.ports[0].nodePort: Forbidden: may not be used when `type` is &#39;ClusterIP&#39;, spec.ports[1].nodePort: Forbidden: may not be used when `type` is &#39;ClusterIP&#39;]&#34;&#xA;time=&#34;2021-06-08T17:49:07-07:00&#34; level=info msg=&#34;Service is created: &amp;Service{ObjectMeta:{      0 0001-01-01 00:00:00 +0000 UTC &lt;nil&gt; &lt;nil&gt; map[] map[] [] []  []},Spec:ServiceSpec{Ports:[]ServicePort{},Selector:map[string]string{},ClusterIP:,Type:,ExternalIPs:[],SessionAffinity:,LoadBalancerIP:,LoadBalancerSourceRanges:[],ExternalName:,ExternalTrafficPolicy:,HealthCheckNodePort:0,PublishNotReadyAddresses:false,SessionAffinityConfig:nil,IPFamily:nil,TopologyKeys:[],},Status:ServiceStatus{LoadBalancer:LoadBalancerStatus{Ingress:[]LoadBalancerIngress{},},},}&#34;&#xA;utils.go:286:&#xA;Expected&#xA;&lt;*errors.StatusError | 0xc000a61400&gt;: {&#xA;ErrStatus: {&#xA;TypeMeta: {Kind: &#34;&#34;, APIVersion: &#34;&#34;},&#xA;ListMeta: {&#xA;SelfLink: &#34;&#34;,&#xA;ResourceVersion: &#34;&#34;,&#xA;Continue: &#34;&#34;,&#xA;RemainingItemCount: nil,&#xA;},&#xA;Status: &#34;Failure&#34;,&#xA;Message: &#34;Service \&#34;pnsmgr-svc\&#34; is invalid: [spec.ports[0].nodePort: Forbidden: may not be used when `type` is &#39;ClusterIP&#39;, spec.ports[1].nodePort: Forbidden: may not be used when `type` is &#39;ClusterIP&#39;]&#34;,&#xA;Reason: &#34;Invalid&#34;,&#xA;Details: {&#xA;Name: &#34;pnsmgr-svc&#34;,&#xA;Group: &#34;&#34;,&#xA;Kind: &#34;Service&#34;,&#xA;UID: &#34;&#34;,&#xA;Causes: [&#xA;{&#xA;Type: &#34;FieldValueForbidden&#34;,&#xA;Message: &#34;Forbidden: may not be used when `type` is &#39;ClusterIP&#39;&#34;,&#xA;Field: &#34;spec.ports[0].nodePort&#34;,&#xA;},&#xA;{&#xA;Type: &#34;FieldValueForbidden&#34;,&#xA;Message: &#34;Forbidden: may not be used when `type` is &#39;ClusterIP&#39;&#34;,&#xA;Field: &#34;spec.ports[1].nodePort&#34;,&#xA;},&#xA;],&#xA;RetryAfterSeconds: 0,&#xA;},&#xA;Code: 422,&#xA;},&#xA;}&#xA;to be nil&#xA;E0608 17:49:08.095797    4545 portforward.go:409] error closing listener: close tcp4 127.0.0.1:63542: use of closed network connection&#xA;E0608 17:49:08.095816    4545 portforward.go:409] error closing listener: close tcp6 [::1]:63542: use of closed network connection&#xA;time=&#34;2021-06-08T17:49:09-07:00&#34; level=error msg=&#34;Failed to get logs from jaeger err: previous terminated container \&#34;jaeger\&#34; in pod \&#34;jaeger\&#34; not found&#34;&#xA;time=&#34;2021-06-08T17:49:09-07:00&#34; level=warning msg=&#34;Can not get logs for container: jaeger, Error: previous terminated container \&#34;jaeger\&#34; in pod \&#34;jaeger\&#34; not found&#34;&#xA;time=&#34;2021-06-08T17:49:09-07:00&#34; level=error msg=&#34;Failed to get logs from nsmd-forwarder-kind-1-worker err: previous terminated container \&#34;vppagent-forwarder\&#34; in pod \&#34;nsmd-forwarder-kind-1-worker\&#34; not found&#34;&#xA;time=&#34;2021-06-08T17:49:09-07:00&#34; level=warning msg=&#34;Can not get logs for container: vppagent-forwarder, Error: previous terminated container \&#34;vppagent-forwarder\&#34; in pod \&#34;nsmd-forwarder-kind-1-worker\&#34; not found&#34;&#xA;time=&#34;2021-06-08T17:49:09-07:00&#34; level=error msg=&#34;Failed to get logs from nsmrs err: previous terminated container \&#34;nsmrs\&#34; in pod \&#34;nsmrs\&#34; not found&#34;&#xA;time=&#34;2021-06-08T17:49:09-07:00&#34; level=warning msg=&#34;Can not get logs for container: nsmrs, Error: previous terminated container \&#34;nsmrs\&#34; in pod \&#34;nsmrs\&#34; not found&#34;&#xA;time=&#34;2021-06-08T17:49:10-07:00&#34; level=error msg=&#34;Failed to get logs from prefix-service err: previous terminated container \&#34;prefix-service\&#34; in pod \&#34;prefix-service\&#34; not found&#34;&#xA;time=&#34;2021-06-08T17:49:10-07:00&#34; level=warning msg=&#34;Can not get logs for container: prefix-service, Error: previous terminated container \&#34;prefix-service\&#34; in pod \&#34;prefix-service\&#34; not found&#34;&#xA;time=&#34;2021-06-08T17:49:11-07:00&#34; level=error msg=&#34;Failed to get logs from nsmgr-kind-1-worker err: previous terminated container \&#34;nsmdp\&#34; in pod \&#34;nsmgr-kind-1-worker\&#34; not found&#34;&#xA;time=&#34;2021-06-08T17:49:11-07:00&#34; level=warning msg=&#34;Can not get logs for container: nsmdp, Error: previous terminated container \&#34;nsmdp\&#34; in pod \&#34;nsmgr-kind-1-worker\&#34; not found&#34;&#xA;time=&#34;2021-06-08T17:49:11-07:00&#34; level=error msg=&#34;Failed to get logs from spire-proxy err: previous terminated container \&#34;spire-proxy\&#34; in pod \&#34;spire-proxy\&#34; not found&#34;&#xA;time=&#34;2021-06-08T17:49:11-07:00&#34; level=warning msg=&#34;Can not get logs for container: spire-proxy, Error: previous terminated container \&#34;spire-proxy\&#34; in pod \&#34;spire-proxy\&#34; not found&#34;&#xA;time=&#34;2021-06-08T17:49:11-07:00&#34; level=error msg=&#34;Failed to get logs from pnsmgr-kind-1-worker err: previous terminated container \&#34;proxy-nsmd\&#34; in pod \&#34;pnsmgr-kind-1-worker\&#34; not found&#34;&#xA;time=&#34;2021-06-08T17:49:11-07:00&#34; level=warning msg=&#34;Can not get logs for container: proxy-nsmd, Error: previous terminated container \&#34;proxy-nsmd\&#34; in pod \&#34;pnsmgr-kind-1-worker\&#34; not found&#34;&#xA;time=&#34;2021-06-08T17:49:11-07:00&#34; level=info msg=&#34;artifacts: [0xc00064c0c0 0xc0006fe080 0xc0006fe0c0 0xc0006fe380 0xc000754500 0xc00064c040 0xc00064c200 0xc00064c240 0xc0006fe500 0xc000754840]&#34;&#xA;time=&#34;2021-06-08T17:49:11-07:00&#34; level=error msg=&#34;An error during delete service: , err: resource name may not be empty&#34;&#xA;time=&#34;2021-06-08T17:49:11-07:00&#34; level=info msg=&#34;Deleting spire-proxy&#34;&#xA;time=&#34;2021-06-08T17:49:11-07:00&#34; level=info msg=&#34;Deleting nsmd-forwarder-kind-1-worker&#34;&#xA;E0608 17:49:11.456724    4545 portforward.go:409] error closing listener: close tcp4 127.0.0.1:63533: use of closed network connection&#xA;E0608 17:49:11.456737    4545 portforward.go:409] error closing listener: close tcp6 [::1]:63533: use of closed network connection&#xA;time=&#34;2021-06-08T17:49:11-07:00&#34; level=info msg=&#34;Deleting jaeger&#34;&#xA;time=&#34;2021-06-08T17:49:11-07:00&#34; level=info msg=&#34;Deleting nsmrs&#34;&#xA;time=&#34;2021-06-08T17:49:11-07:00&#34; level=info msg=&#34;Deleting nsmgr-kind-1-worker&#34;&#xA;time=&#34;2021-06-08T17:49:11-07:00&#34; level=info msg=&#34;Deleting pnsmgr-kind-1-worker&#34;&#xA;time=&#34;2021-06-08T17:49:11-07:00&#34; level=info msg=&#34;Deleting prefix-service&#34;&#xA;I0608 17:49:12.644037    4545 request.go:621] Throttling request took 1.187193967s, request: DELETE:https://127.0.0.1:55080/api/v1/namespaces/nsm-system/pods/nsmrs&#xA;time=&#34;2021-06-08T17:49:13-07:00&#34; level=warning msg=&#34;The POD &#39;spire-proxy&#39; Deleted 2.393935269s&#34;&#xA;time=&#34;2021-06-08T17:49:14-07:00&#34; level=warning msg=&#34;The POD &#39;nsmd-forwarder-kind-1-worker&#39; Deleted 2.589459454s&#34;&#xA;time=&#34;2021-06-08T17:49:15-07:00&#34; level=warning msg=&#34;The POD &#39;prefix-service&#39; Deleted 3.592532167s&#34;&#xA;time=&#34;2021-06-08T17:49:23-07:00&#34; level=warning msg=&#34;The POD &#39;nsmrs&#39; Deleted 12.184854965s&#34;&#xA;I0608 17:49:29.239725    4545 request.go:621] Throttling request took 1.18256274s, request: GET:https://127.0.0.1:55080/api/v1/namespaces/nsm-system/pods/jaeger&#xA;time=&#34;2021-06-08T17:49:29-07:00&#34; level=info msg=&#34;The POD jaeger force deleted&#34;&#xA;time=&#34;2021-06-08T17:49:29-07:00&#34; level=warning msg=&#34;The POD &#39;jaeger&#39; Deleted 17.787543204s&#34;&#xA;time=&#34;2021-06-08T17:49:29-07:00&#34; level=info msg=&#34;The POD nsmgr-kind-1-worker force deleted&#34;&#xA;time=&#34;2021-06-08T17:49:29-07:00&#34; level=warning msg=&#34;The POD &#39;nsmgr-kind-1-worker&#39; Deleted 18.384571123s&#34;&#xA;time=&#34;2021-06-08T17:49:30-07:00&#34; level=info msg=&#34;The POD pnsmgr-kind-1-worker force deleted&#34;&#xA;time=&#34;2021-06-08T17:49:30-07:00&#34; level=warning msg=&#34;The POD &#39;pnsmgr-kind-1-worker&#39; Deleted 18.591678693s&#34;&#xA;time=&#34;2021-06-08T17:49:30-07:00&#34; level=info msg=&#34;namespace nsm-system is deleted&#34;&#xA;time=&#34;2021-06-08T17:49:30-07:00&#34; level=info msg=&#34;Cleanup time: 18.788169121s&#34;&#xA;--- FAIL: TestInterdomainSingleNode (90.64s)&#xA;FAIL&#xA;FAIL&#x9;github.com/networkservicemesh/networkservicemesh/test/integration&#x9;91.077s&#xA;FAIL&#xA;TestInterdomainSingleNode: OnFail: running on fail script operations with KUBECONFIG=/Users/nispatil/go/src/github.com/cisco-app-networking/nsm_publish/networkservicemesh/.tests/cloud_test/single-cluster/shell/kind-1/config on cloud kind-1&#xA;make -i k8s-deconfig helm-delete k8s-terminating-cleanup k8s-delete-nsm-namespaces || true&#xA;helm uninstall config --namespace nsm-system || true&#xA;WARNING: Kubernetes configuration file is group-readable. This is insecure. Location: /Users/nispatil/go/src/github.com/cisco-app-networking/nsm_publish/networkservicemesh/.tests/cloud_test/single-cluster/shell/kind-1/config&#xA;WARNING: Kubernetes configuration file is world-readable. This is insecure. Location: /Users/nispatil/go/src/github.com/cisco-app-networking/nsm_publish/networkservicemesh/.tests/cloud_test/single-cluster/shell/kind-1/config&#xA;Error: uninstall: Release not loaded: config: release: not found&#xA;./scripts/helm-nsm-uninstall.sh --nsm_namespace nsm-system --all&#xA;&#xA;Helm version detected: v3.3.4&#xA;Cleaning up NSM&#xA;xargs: illegal option -- -&#xA;usage: xargs [-0opt] [-E eofstr] [-I replstr [-R replacements] [-S replsize]]&#xA;[-J replstr] [-L number] [-n number [-x]] [-P maxprocs]&#xA;[-s size] [utility [argument ...]]&#xA;WARNING: Kubernetes configuration file is group-readable. This is insecure. Location: /Users/nispatil/go/src/github.com/cisco-app-networking/nsm_publish/networkservicemesh/.tests/cloud_test/single-cluster/shell/kind-1/config&#xA;WARNING: Kubernetes configuration file is world-readable. This is insecure. Location: /Users/nispatil/go/src/github.com/cisco-app-networking/nsm_publish/networkservicemesh/.tests/cloud_test/single-cluster/shell/kind-1/config&#xA;make[1]: [helm-delete] Error 1 (ignored)&#xA;xargs: illegal option -- -&#xA;usage: xargs [-0opt] [-E eofstr] [-I replstr [-R replacements] [-S replsize]]&#xA;[-J replstr] [-L number] [-n number [-x]] [-P maxprocs]&#xA;[-s size] [utility [argument ...]]&#xA;No resources found in nsm-system namespace.&#xA;make[1]: [k8s-terminating-cleanup] Error 1 (ignored)&#xA;Running delete-nsm-namespaces script&#xA;NSM_NAMESPACE=nsm-system&#xA;Checking ns: default&#xA;Checking ns: kube-node-lease&#xA;Checking ns: kube-public&#xA;Checking ns: kube-system&#xA;Checking ns: local-path-storage&#xA;Checking ns: nsm-system&#xA;Deleting ns: nsm-system&#xA;warning: Immediate deletion does not wait for confirmation that the running resource has been terminated. The resource may continue to run on the cluster indefinitely.&#xA;No resources found&#xA;namespace &#34;nsm-system&#34; deleted&#xA;Checking ns: spire&#xA;make k8s-config &amp;&amp; echo &#34;Cluster reset successfull&#34;&#xA;namespace/nsm-system created&#xA;helm --namespace nsm-system install config deployments/helm/nsm/charts/config&#xA;WARNING: Kubernetes configuration file is group-readable. This is insecure. Location: /Users/nispatil/go/src/github.com/cisco-app-networking/nsm_publish/networkservicemesh/.tests/cloud_test/single-cluster/shell/kind-1/config&#xA;WARNING: Kubernetes configuration file is world-readable. This is insecure. Location: /Users/nispatil/go/src/github.com/cisco-app-networking/nsm_publish/networkservicemesh/.tests/cloud_test/single-cluster/shell/kind-1/config&#xA;NAME: config&#xA;LAST DEPLOYED: Tue Jun  8 17:49:38 2021&#xA;NAMESPACE: nsm-system&#xA;STATUS: deployed&#xA;REVISION: 1&#xA;TEST SUITE: None&#xA;Cluster reset successfull</failure>
                  </testcase>
                  <testcase classname="" name="TestDeleteDirtyNSE" time="53.913539745" cluster_instance="kind-1"></testcase>
                  <testcase classname="" name="Test_createNSMNamespace" time="37.635546369" cluster_instance="kind-1"></testcase>
                  <testcase classname="" name="TestNsmCorednsNotBreakDefaultK8sDNS" time="67.415756487" cluster_instance="kind-1"></testcase>
                  <testcase classname="" name="TestSingleCrossConnectMonitorBeforeXcons" time="78.558909119" cluster_instance="kind-1"></testcase>
                  <testcase classname="" name="TestProxyNSMgrDeployLiveCheck" time="64.668611452" cluster_instance="kind-1"></testcase>
                  <testcase classname="" name="TestForwarderCrossConnectReconnect" time="44.515050451" cluster_instance="kind-1"></testcase>
                  <testcase classname="" name="TestNSMDDeploy" time="56.713996479" cluster_instance="kind-1"></testcase>
                  <testcase classname="" name="TestForwarderVersion" time="67.283439357" cluster_instance="kind-1"></testcase>
                  <testcase classname="" name="TestForwarderCrossConnectUpdate" time="45.293670901" cluster_instance="kind-1"></testcase>
                  <testcase classname="" name="TestNSMDDRegistryNSE" time="61.964561003" cluster_instance="kind-1"></testcase>
                  <testcase classname="" name="TestCrossConnectMonitorRestart" time="63.112620274" cluster_instance="kind-1"></testcase>
                  <testcase classname="" name="TestSimpleMetrics" time="93.105684697" cluster_instance="kind-1"></testcase>
                  <testcase classname="" name="TestNSMgrForwarderDeploy" time="63.986371077" cluster_instance="kind-1"></testcase>
                  <testcase classname="" name="TestDeleteDirtyNSEWithClient" time="72.78332748" cluster_instance="kind-1"></testcase>
                  <testcase classname="" name="TestKubernetesAreOk" time="30.85043188" cluster_instance="kind-1"></testcase>
                  <testcase classname="" name="TestBasicDns" time="221.656546057" cluster_instance="kind-1">
                      <failure message="Test execution failed TestBasicDns" type="ERROR">Execution attempt: 0 Output file: .tests/cloud_test/single-cluster/kind-1/042-TestBasicDns-run.log&#xA;Starting TestBasicDns on kind-1&#xA;Command line go test . -test.timeout 10m0s -count 1 --run &#34;^(TestBasicDns)$\\z&#34; --tags &#34;basic&#34; --test.v&#xA;env==[KUBECONFIG=/Users/nispatil/go/src/github.com/cisco-app-networking/nsm_publish/networkservicemesh/.tests/cloud_test/single-cluster/shell/kind-1/config ARTIFACTS_DIR=/Users/nispatil/go/src/github.com/cisco-app-networking/nsm_publish/networkservicemesh/.tests/cloud_test/single-cluster/kind-1/TestBasicDns]&#xA;&#xA;=== RUN   TestBasicDns&#xA;time=&#34;2021-06-08T18:06:22-07:00&#34; level=info msg=&#34;Using Kubeconfig: /Users/nispatil/go/src/github.com/cisco-app-networking/nsm_publish/networkservicemesh/.tests/cloud_test/single-cluster/shell/kind-1/config&#34;&#xA;time=&#34;2021-06-08T18:06:22-07:00&#34; level=info msg=&#34;FORWARDING_PLANE not set, using default forwarder - vpp&#34;&#xA;time=&#34;2021-06-08T18:06:22-07:00&#34; level=info msg=&#34;Creating artifact manager with config: &amp;{4 false /Users/nispatil/go/src/github.com/cisco-app-networking/nsm_publish/networkservicemesh/.tests/cloud_test/single-cluster/kind-1/TestBasicDns}&#34;&#xA;time=&#34;2021-06-08T18:06:22-07:00&#34; level=error msg=&#34;Error during create of test namespace failed to create a namespace: object is being deleted: namespaces \&#34;nsm-system\&#34; already exists&#34;&#xA;time=&#34;2021-06-08T18:06:22-07:00&#34; level=info msg=&#34;Checking availability of API server on 127.0.0.1&#34;&#xA;time=&#34;2021-06-08T18:06:26-07:00&#34; level=info msg=&#34;PING 127.0.0.1 (127.0.0.1): 56 data bytes\n64 bytes from 127.0.0.1: icmp_seq=0 ttl=64 time=0.039 ms\n64 bytes from 127.0.0.1: icmp_seq=1 ttl=64 time=0.077 ms\n64 bytes from 127.0.0.1: icmp_seq=2 ttl=64 time=0.088 ms\n64 bytes from 127.0.0.1: icmp_seq=3 ttl=64 time=0.082 ms\n64 bytes from 127.0.0.1: icmp_seq=4 ttl=64 time=0.070 ms\n\n--- 127.0.0.1 ping statistics ---\n5 packets transmitted, 5 packets received, 0.0%!p(MISSING)acket loss\nround-trip min/avg/max/stddev = 0.039/0.071/0.088/0.017 ms\n&#34;&#xA;time=&#34;2021-06-08T18:06:26-07:00&#34; level=info msg=&#34;Will try to create namespace again after 20 seconds&#34;&#xA;time=&#34;2021-06-08T18:06:46-07:00&#34; level=info msg=&#34;namespace nsm-system is created&#34;&#xA;time=&#34;2021-06-08T18:06:46-07:00&#34; level=info msg=&#34;USE_IPV6 not set, using default false&#34;&#xA;time=&#34;2021-06-08T18:06:46-07:00&#34; level=error msg=&#34;serviceaccounts \&#34;nsc-acc\&#34; not found&#34;&#xA;time=&#34;2021-06-08T18:06:46-07:00&#34; level=error msg=&#34;serviceaccounts \&#34;nse-acc\&#34; not found&#34;&#xA;time=&#34;2021-06-08T18:06:46-07:00&#34; level=error msg=&#34;serviceaccounts \&#34;nsmgr-acc\&#34; not found&#34;&#xA;time=&#34;2021-06-08T18:06:46-07:00&#34; level=error msg=&#34;serviceaccounts \&#34;nsmrs-acc\&#34; not found&#34;&#xA;time=&#34;2021-06-08T18:06:47-07:00&#34; level=error msg=&#34;serviceaccounts \&#34;forward-plane-acc\&#34; not found&#34;&#xA;time=&#34;2021-06-08T18:06:47-07:00&#34; level=error msg=&#34;serviceaccounts \&#34;crossconnect-monitor-acc\&#34; not found&#34;&#xA;time=&#34;2021-06-08T18:06:47-07:00&#34; level=error msg=&#34;serviceaccounts \&#34;proxy-nsmgr-acc\&#34; not found&#34;&#xA;time=&#34;2021-06-08T18:06:47-07:00&#34; level=info msg=&#34;Cleanup done: 813.802859ms&#34;&#xA;time=&#34;2021-06-08T18:06:47-07:00&#34; level=info msg=&#34;&amp;ServiceAccount{ObjectMeta:{default  nsm-system /api/v1/namespaces/nsm-system/serviceaccounts/default bbd05e23-8279-4f5f-b313-410a7374f068 14853 0 2021-06-08 18:06:46 -0700 PDT &lt;nil&gt; &lt;nil&gt; map[] map[] [] []  []},Secrets:[]ObjectReference{ObjectReference{Kind:,Namespace:,Name:default-token-sstgz,UID:,APIVersion:,ResourceVersion:,FieldPath:,},},ImagePullSecrets:[]LocalObjectReference{},AutomountServiceAccountToken:nil,}&#34;&#xA;I0608 18:06:48.739131    8225 request.go:621] Throttling request took 1.184337959s, request: POST:https://127.0.0.1:55080/api/v1/namespaces/nsm-system/serviceaccounts&#xA;time=&#34;2021-06-08T18:06:49-07:00&#34; level=info msg=&#34;&amp;ServiceAccount{ObjectMeta:{nse-acc  nsm-system /api/v1/namespaces/nsm-system/serviceaccounts/nse-acc b10ee249-ef0b-46fe-bac6-06638892ecd2 14860 0 2021-06-08 18:06:47 -0700 PDT &lt;nil&gt; &lt;nil&gt; map[] map[] [] []  []},Secrets:[]ObjectReference{ObjectReference{Kind:,Namespace:,Name:nse-acc-token-rnvzd,UID:,APIVersion:,ResourceVersion:,FieldPath:,},},ImagePullSecrets:[]LocalObjectReference{},AutomountServiceAccountToken:nil,}&#34;&#xA;time=&#34;2021-06-08T18:06:49-07:00&#34; level=info msg=&#34;&amp;ServiceAccount{ObjectMeta:{crossconnect-monitor-acc  nsm-system /api/v1/namespaces/nsm-system/serviceaccounts/crossconnect-monitor-acc c7d715db-f5ac-4c22-a2f6-5aae0f51f555 14863 0 2021-06-08 18:06:48 -0700 PDT &lt;nil&gt; &lt;nil&gt; map[] map[] [] []  []},Secrets:[]ObjectReference{ObjectReference{Kind:,Namespace:,Name:crossconnect-monitor-acc-token-8ggt7,UID:,APIVersion:,ResourceVersion:,FieldPath:,},},ImagePullSecrets:[]LocalObjectReference{},AutomountServiceAccountToken:nil,}&#34;&#xA;time=&#34;2021-06-08T18:06:49-07:00&#34; level=info msg=&#34;&amp;ServiceAccount{ObjectMeta:{nsc-acc  nsm-system /api/v1/namespaces/nsm-system/serviceaccounts/nsc-acc d415cdca-24f1-4994-bbb8-240d23be652e 14866 0 2021-06-08 18:06:48 -0700 PDT &lt;nil&gt; &lt;nil&gt; map[] map[] [] []  []},Secrets:[]ObjectReference{ObjectReference{Kind:,Namespace:,Name:nsc-acc-token-dc97l,UID:,APIVersion:,ResourceVersion:,FieldPath:,},},ImagePullSecrets:[]LocalObjectReference{},AutomountServiceAccountToken:nil,}&#34;&#xA;time=&#34;2021-06-08T18:06:49-07:00&#34; level=info msg=&#34;&amp;ServiceAccount{ObjectMeta:{nsmgr-acc  nsm-system /api/v1/namespaces/nsm-system/serviceaccounts/nsmgr-acc 7351be79-0837-48d6-9ec7-f3001496fd1e 14870 0 2021-06-08 18:06:48 -0700 PDT &lt;nil&gt; &lt;nil&gt; map[] map[] [] []  []},Secrets:[]ObjectReference{ObjectReference{Kind:,Namespace:,Name:nsmgr-acc-token-h8s9q,UID:,APIVersion:,ResourceVersion:,FieldPath:,},},ImagePullSecrets:[]LocalObjectReference{},AutomountServiceAccountToken:nil,}&#34;&#xA;time=&#34;2021-06-08T18:06:50-07:00&#34; level=info msg=&#34;&amp;ServiceAccount{ObjectMeta:{forward-plane-acc  nsm-system /api/v1/namespaces/nsm-system/serviceaccounts/forward-plane-acc c60bce64-8001-478f-b89a-425ed5875c7e 14874 0 2021-06-08 18:06:48 -0700 PDT &lt;nil&gt; &lt;nil&gt; map[] map[] [] []  []},Secrets:[]ObjectReference{ObjectReference{Kind:,Namespace:,Name:forward-plane-acc-token-5ms9n,UID:,APIVersion:,ResourceVersion:,FieldPath:,},},ImagePullSecrets:[]LocalObjectReference{},AutomountServiceAccountToken:nil,}&#34;&#xA;time=&#34;2021-06-08T18:06:50-07:00&#34; level=info msg=&#34;&amp;ServiceAccount{ObjectMeta:{nsmrs-acc  nsm-system /api/v1/namespaces/nsm-system/serviceaccounts/nsmrs-acc 704423b0-bcda-49ff-b20f-7a10199acd05 14877 0 2021-06-08 18:06:48 -0700 PDT &lt;nil&gt; &lt;nil&gt; map[] map[] [] []  []},Secrets:[]ObjectReference{ObjectReference{Kind:,Namespace:,Name:nsmrs-acc-token-fvklg,UID:,APIVersion:,ResourceVersion:,FieldPath:,},},ImagePullSecrets:[]LocalObjectReference{},AutomountServiceAccountToken:nil,}&#34;&#xA;time=&#34;2021-06-08T18:06:50-07:00&#34; level=info msg=&#34;&amp;ServiceAccount{ObjectMeta:{proxy-nsmgr-acc  nsm-system /api/v1/namespaces/nsm-system/serviceaccounts/proxy-nsmgr-acc 0d80abd6-ddaf-40d0-929e-8c7a9c440800 14880 0 2021-06-08 18:06:49 -0700 PDT &lt;nil&gt; &lt;nil&gt; map[] map[] [] []  []},Secrets:[]ObjectReference{ObjectReference{Kind:,Namespace:,Name:proxy-nsmgr-acc-token-mbwl9,UID:,APIVersion:,ResourceVersion:,FieldPath:,},},ImagePullSecrets:[]LocalObjectReference{},AutomountServiceAccountToken:nil,}&#34;&#xA;time=&#34;2021-06-08T18:06:50-07:00&#34; level=info msg=&#34;Creating ConfigMap &#39;nsm-config&#39; in namespace&#39;nsm-system&#39;...&#34;&#xA;time=&#34;2021-06-08T18:06:50-07:00&#34; level=info msg=&#34;Using image: containers.cisco.com/appn/prefix-service:vl3_latest&#34;&#xA;time=&#34;2021-06-08T18:06:50-07:00&#34; level=info msg=&#34;Using image: containers.cisco.com/appn/test-common:vl3_latest&#34;&#xA;time=&#34;2021-06-08T18:06:50-07:00&#34; level=info msg=&#34;role is created: &amp;ClusterRole{ObjectMeta:{aggregate-network-services-view  nsm-system    0 0001-01-01 00:00:00 +0000 UTC &lt;nil&gt; &lt;nil&gt; map[rbac.authorization.k8s.io/aggregate-to-view:true] map[] [] []  []},Rules:[]PolicyRule{PolicyRule{Verbs:[get list watch],APIGroups:[networkservicemesh.io],Resources:[networkservices],ResourceNames:[],NonResourceURLs:[],},},AggregationRule:nil,}&#34;&#xA;time=&#34;2021-06-08T18:06:50-07:00&#34; level=info msg=&#34;role is created: &amp;ClusterRoleBinding{ObjectMeta:{nsm-role-binding      0 0001-01-01 00:00:00 +0000 UTC &lt;nil&gt; &lt;nil&gt; map[] map[] [] []  []},Subjects:[]Subject{Subject{Kind:ServiceAccount,APIGroup:,Name:nsmgr-acc,Namespace:nsm-system,},Subject{Kind:ServiceAccount,APIGroup:,Name:proxy-nsmgr-acc,Namespace:nsm-system,},Subject{Kind:ServiceAccount,APIGroup:,Name:crossconnect-monitor-acc,Namespace:nsm-system,},},RoleRef:RoleRef{APIGroup:rbac.authorization.k8s.io,Kind:ClusterRole,Name:nsm-role,},}&#34;&#xA;time=&#34;2021-06-08T18:06:50-07:00&#34; level=info msg=&#34;role is created: &amp;ClusterRole{ObjectMeta:{nsm-role  nsm-system    0 0001-01-01 00:00:00 +0000 UTC &lt;nil&gt; &lt;nil&gt; map[rbac.authorization.k8s.io/aggregate-to-admin:true rbac.authorization.k8s.io/aggregate-to-edit:true] map[] [] []  []},Rules:[]PolicyRule{PolicyRule{Verbs:[*],APIGroups:[networkservicemesh.io],Resources:[networkservices networkserviceendpoints networkservicemanagers],ResourceNames:[],NonResourceURLs:[],},PolicyRule{Verbs:[*],APIGroups:[apiextensions.k8s.io],Resources:[customresourcedefinitions],ResourceNames:[],NonResourceURLs:[],},PolicyRule{Verbs:[get update],APIGroups:[],Resources:[configmaps],ResourceNames:[],NonResourceURLs:[],},PolicyRule{Verbs:[get list watch],APIGroups:[],Resources:[nodes services namespaces],ResourceNames:[],NonResourceURLs:[],},},AggregationRule:nil,}&#34;&#xA;time=&#34;2021-06-08T18:06:53-07:00&#34; level=info msg=&#34;Trying to establish connection with the spire provider at address:tcp://127.0.0.1:63931&#34;&#xA;time=&#34;2021-06-08T18:06:53-07:00&#34; level=info msg=&#34;Created the todo context:tcp://127.0.0.1:63931&#34;&#xA;time=&#34;2021-06-08T18:06:53-07:00&#34; level=info msg=&#34;Got x509:&amp;{0xc000906900 &lt;nil&gt; {{0 0} 0 0 0 0} 0xc000666d20 0xc0004a2860 {{0 0} 0 0 0 0} false} &lt;nil&gt;&#34;&#xA;time=&#34;2021-06-08T18:06:53-07:00&#34; level=info msg=&#34;Started goroutine&#34;&#xA;time=&#34;2021-06-08T18:06:53-07:00&#34; level=info msg=&#34;Returning provider&#34;&#xA;time=&#34;2021-06-08T18:06:53-07:00&#34; level=info msg=&#34;Issued identity:spiffe://test.com/nsmgr&#34;&#xA;time=&#34;2021-06-08T18:06:54-07:00&#34; level=info msg=&#34;Checking node: kind-1-control-plane&#34;&#xA;time=&#34;2021-06-08T18:06:54-07:00&#34; level=info msg=&#34;Checking node: kind-1-worker&#34;&#xA;time=&#34;2021-06-08T18:06:54-07:00&#34; level=info msg=&#34;Checking node: kind-1-worker2&#34;&#xA;time=&#34;2021-06-08T18:06:54-07:00&#34; level=info msg=&#34;Using image: jaegertracing/all-in-one:1.14.0&#34;&#xA;time=&#34;2021-06-08T18:06:56-07:00&#34; level=info msg=&#34;getting logs without container jaeger=none&#34;&#xA;time=&#34;2021-06-08T18:06:56-07:00&#34; level=info msg=&#34;Using image: containers.cisco.com/appn/nsmdp:vl3_latest&#34;&#xA;time=&#34;2021-06-08T18:06:56-07:00&#34; level=info msg=&#34;Using image: containers.cisco.com/appn/nsmd:vl3_latest&#34;&#xA;time=&#34;2021-06-08T18:06:56-07:00&#34; level=info msg=&#34;Using image: containers.cisco.com/appn/nsmd-k8s:vl3_latest&#34;&#xA;time=&#34;2021-06-08T18:06:56-07:00&#34; level=info msg=&#34;Using image: containers.cisco.com/appn/vppagent-forwarder:vl3_latest&#34;&#xA;time=&#34;2021-06-08T18:07:03-07:00&#34; level=info msg=&#34;Started NSMgr/Forwarder: 6.832553125s on node kind-1-worker&#34;&#xA;time=&#34;2021-06-08T18:07:03-07:00&#34; level=info msg=&#34;Creating ConfigMap &#39;basic-corefile&#39; in namespace&#39;nsm-system&#39;...&#34;&#xA;time=&#34;2021-06-08T18:07:03-07:00&#34; level=info msg=&#34;Using image: containers.cisco.com/appn/test-common:vl3_latest&#34;&#xA;time=&#34;2021-06-08T18:07:03-07:00&#34; level=info msg=&#34;Starting ICMP Responder NSE on node: kind-1-worker &#34;&#xA;time=&#34;2021-06-08T18:07:07-07:00&#34; level=info msg=&#34;getting logs without container icmp-responder-nse=none&#34;&#xA;time=&#34;2021-06-08T18:07:07-07:00&#34; level=info msg=&#34;ICMP Responder icmp-responder-nse started done: 4.020872129s&#34;&#xA;time=&#34;2021-06-08T18:07:07-07:00&#34; level=info msg=&#34;Using image: networkservicemesh/coredns:master&#34;&#xA;time=&#34;2021-06-08T18:07:07-07:00&#34; level=info msg=&#34;Starting NSC nsc on node: kind-1-worker&#34;&#xA;time=&#34;2021-06-08T18:07:11-07:00&#34; level=info msg=&#34;NSC started done: 4.199384068s&#34;&#xA;time=&#34;2021-06-08T18:07:11-07:00&#34; level=info msg=&#34;Trying ping from container alpine-img host by name my.app.&#34;&#xA;time=&#34;2021-06-08T18:07:11-07:00&#34; level=info msg=&#34;Executing: [ping my.app. -c 4] in pod nsc:alpine-img&#34;&#xA;time=&#34;2021-06-08T18:07:24-07:00&#34; level=error msg=&#34;Can&#39;t ping by hostname. Reason: , error: command terminated with exit code 1&#34;&#xA;time=&#34;2021-06-08T18:07:25-07:00&#34; level=info msg=&#34;Trying ping from container alpine-img host by name my.app.&#34;&#xA;time=&#34;2021-06-08T18:07:25-07:00&#34; level=info msg=&#34;Executing: [ping my.app. -c 4] in pod nsc:alpine-img&#34;&#xA;time=&#34;2021-06-08T18:07:38-07:00&#34; level=error msg=&#34;Can&#39;t ping by hostname. Reason: , error: command terminated with exit code 1&#34;&#xA;time=&#34;2021-06-08T18:07:39-07:00&#34; level=info msg=&#34;Trying ping from container alpine-img host by name my.app.&#34;&#xA;time=&#34;2021-06-08T18:07:39-07:00&#34; level=info msg=&#34;Executing: [ping my.app. -c 4] in pod nsc:alpine-img&#34;&#xA;time=&#34;2021-06-08T18:07:52-07:00&#34; level=error msg=&#34;Can&#39;t ping by hostname. Reason: , error: command terminated with exit code 1&#34;&#xA;time=&#34;2021-06-08T18:07:54-07:00&#34; level=info msg=&#34;Trying ping from container alpine-img host by name my.app.&#34;&#xA;time=&#34;2021-06-08T18:07:54-07:00&#34; level=info msg=&#34;Executing: [ping my.app. -c 4] in pod nsc:alpine-img&#34;&#xA;time=&#34;2021-06-08T18:08:07-07:00&#34; level=error msg=&#34;Can&#39;t ping by hostname. Reason: , error: command terminated with exit code 1&#34;&#xA;time=&#34;2021-06-08T18:08:08-07:00&#34; level=info msg=&#34;Trying ping from container alpine-img host by name my.app.&#34;&#xA;time=&#34;2021-06-08T18:08:08-07:00&#34; level=info msg=&#34;Executing: [ping my.app. -c 4] in pod nsc:alpine-img&#34;&#xA;time=&#34;2021-06-08T18:08:21-07:00&#34; level=error msg=&#34;Can&#39;t ping by hostname. Reason: , error: command terminated with exit code 1&#34;&#xA;time=&#34;2021-06-08T18:08:22-07:00&#34; level=info msg=&#34;Trying ping from container alpine-img host by name my.app.&#34;&#xA;time=&#34;2021-06-08T18:08:22-07:00&#34; level=info msg=&#34;Executing: [ping my.app. -c 4] in pod nsc:alpine-img&#34;&#xA;time=&#34;2021-06-08T18:08:35-07:00&#34; level=error msg=&#34;Can&#39;t ping by hostname. Reason: , error: command terminated with exit code 1&#34;&#xA;time=&#34;2021-06-08T18:08:36-07:00&#34; level=info msg=&#34;Trying ping from container alpine-img host by name my.app.&#34;&#xA;time=&#34;2021-06-08T18:08:36-07:00&#34; level=info msg=&#34;Executing: [ping my.app. -c 4] in pod nsc:alpine-img&#34;&#xA;time=&#34;2021-06-08T18:08:49-07:00&#34; level=error msg=&#34;Can&#39;t ping by hostname. Reason: , error: command terminated with exit code 1&#34;&#xA;time=&#34;2021-06-08T18:08:50-07:00&#34; level=info msg=&#34;Trying ping from container alpine-img host by name my.app.&#34;&#xA;time=&#34;2021-06-08T18:08:50-07:00&#34; level=info msg=&#34;Executing: [ping my.app. -c 4] in pod nsc:alpine-img&#34;&#xA;time=&#34;2021-06-08T18:09:03-07:00&#34; level=error msg=&#34;Can&#39;t ping by hostname. Reason: , error: command terminated with exit code 1&#34;&#xA;time=&#34;2021-06-08T18:09:04-07:00&#34; level=info msg=&#34;Trying ping from container alpine-img host by name my.app.&#34;&#xA;time=&#34;2021-06-08T18:09:04-07:00&#34; level=info msg=&#34;Executing: [ping my.app. -c 4] in pod nsc:alpine-img&#34;&#xA;time=&#34;2021-06-08T18:09:17-07:00&#34; level=error msg=&#34;Can&#39;t ping by hostname. Reason: , error: command terminated with exit code 1&#34;&#xA;time=&#34;2021-06-08T18:09:18-07:00&#34; level=info msg=&#34;Trying ping from container alpine-img host by name my.app.&#34;&#xA;time=&#34;2021-06-08T18:09:18-07:00&#34; level=info msg=&#34;Executing: [ping my.app. -c 4] in pod nsc:alpine-img&#34;&#xA;time=&#34;2021-06-08T18:09:31-07:00&#34; level=error msg=&#34;Can&#39;t ping by hostname. Reason: , error: command terminated with exit code 1&#34;&#xA;basic_dns_test.go:41:&#xA;Expected&#xA;&lt;bool&gt;: false&#xA;to be true&#xA;time=&#34;2021-06-08T18:09:32-07:00&#34; level=error msg=&#34;Failed to get logs from icmp-responder-nse err: previous terminated container \&#34;icmp-responder-nse\&#34; in pod \&#34;icmp-responder-nse\&#34; not found&#34;&#xA;time=&#34;2021-06-08T18:09:32-07:00&#34; level=warning msg=&#34;Can not get logs for container: icmp-responder-nse, Error: previous terminated container \&#34;icmp-responder-nse\&#34; in pod \&#34;icmp-responder-nse\&#34; not found&#34;&#xA;time=&#34;2021-06-08T18:09:32-07:00&#34; level=error msg=&#34;Failed to get logs from jaeger err: previous terminated container \&#34;jaeger\&#34; in pod \&#34;jaeger\&#34; not found&#34;&#xA;time=&#34;2021-06-08T18:09:32-07:00&#34; level=warning msg=&#34;Can not get logs for container: jaeger, Error: previous terminated container \&#34;jaeger\&#34; in pod \&#34;jaeger\&#34; not found&#34;&#xA;E0608 18:09:32.839312    8225 portforward.go:409] error closing listener: close tcp4 127.0.0.1:63953: use of closed network connection&#xA;E0608 18:09:32.839328    8225 portforward.go:409] error closing listener: close tcp6 [::1]:63953: use of closed network connection&#xA;time=&#34;2021-06-08T18:09:33-07:00&#34; level=error msg=&#34;Failed to get logs from nsmd-forwarder-kind-1-worker err: previous terminated container \&#34;vppagent-forwarder\&#34; in pod \&#34;nsmd-forwarder-kind-1-worker\&#34; not found&#34;&#xA;time=&#34;2021-06-08T18:09:33-07:00&#34; level=warning msg=&#34;Can not get logs for container: vppagent-forwarder, Error: previous terminated container \&#34;vppagent-forwarder\&#34; in pod \&#34;nsmd-forwarder-kind-1-worker\&#34; not found&#34;&#xA;time=&#34;2021-06-08T18:09:33-07:00&#34; level=error msg=&#34;Failed to get logs from nsc err: previous terminated container \&#34;alpine-img\&#34; in pod \&#34;nsc\&#34; not found&#34;&#xA;time=&#34;2021-06-08T18:09:33-07:00&#34; level=warning msg=&#34;Can not get logs for container: alpine-img, Error: previous terminated container \&#34;alpine-img\&#34; in pod \&#34;nsc\&#34; not found&#34;&#xA;time=&#34;2021-06-08T18:09:33-07:00&#34; level=error msg=&#34;Failed to get logs from prefix-service err: previous terminated container \&#34;prefix-service\&#34; in pod \&#34;prefix-service\&#34; not found&#34;&#xA;time=&#34;2021-06-08T18:09:33-07:00&#34; level=warning msg=&#34;Can not get logs for container: prefix-service, Error: previous terminated container \&#34;prefix-service\&#34; in pod \&#34;prefix-service\&#34; not found&#34;&#xA;time=&#34;2021-06-08T18:09:34-07:00&#34; level=error msg=&#34;Failed to get logs from nsc err: previous terminated container \&#34;nsm-init\&#34; in pod \&#34;nsc\&#34; not found&#34;&#xA;time=&#34;2021-06-08T18:09:34-07:00&#34; level=warning msg=&#34;Can not get logs for container: nsm-init, Error: previous terminated container \&#34;nsm-init\&#34; in pod \&#34;nsc\&#34; not found&#34;&#xA;time=&#34;2021-06-08T18:09:34-07:00&#34; level=error msg=&#34;Failed to get logs from spire-proxy err: previous terminated container \&#34;spire-proxy\&#34; in pod \&#34;spire-proxy\&#34; not found&#34;&#xA;time=&#34;2021-06-08T18:09:34-07:00&#34; level=warning msg=&#34;Can not get logs for container: spire-proxy, Error: previous terminated container \&#34;spire-proxy\&#34; in pod \&#34;spire-proxy\&#34; not found&#34;&#xA;time=&#34;2021-06-08T18:09:34-07:00&#34; level=error msg=&#34;Failed to get logs from nsmgr-kind-1-worker err: previous terminated container \&#34;nsmdp\&#34; in pod \&#34;nsmgr-kind-1-worker\&#34; not found&#34;&#xA;time=&#34;2021-06-08T18:09:34-07:00&#34; level=warning msg=&#34;Can not get logs for container: nsmdp, Error: previous terminated container \&#34;nsmdp\&#34; in pod \&#34;nsmgr-kind-1-worker\&#34; not found&#34;&#xA;time=&#34;2021-06-08T18:09:34-07:00&#34; level=info msg=&#34;artifacts: [0xc000523580 0xc00016c180 0xc00016c600 0xc000b36580 0xc000522000 0xc000b36000 0xc000522040 0xc000b36040 0xc00016c6c0 0xc000b36740 0xc000b36780]&#34;&#xA;E0608 18:09:35.001171    8225 portforward.go:409] error closing listener: close tcp4 127.0.0.1:63931: use of closed network connection&#xA;E0608 18:09:35.001186    8225 portforward.go:409] error closing listener: close tcp6 [::1]:63931: use of closed network connection&#xA;time=&#34;2021-06-08T18:09:35-07:00&#34; level=info msg=&#34;Deleting nsc&#34;&#xA;time=&#34;2021-06-08T18:09:35-07:00&#34; level=info msg=&#34;Deleting spire-proxy&#34;&#xA;time=&#34;2021-06-08T18:09:35-07:00&#34; level=info msg=&#34;Deleting nsmgr-kind-1-worker&#34;&#xA;time=&#34;2021-06-08T18:09:35-07:00&#34; level=info msg=&#34;Deleting prefix-service&#34;&#xA;time=&#34;2021-06-08T18:09:35-07:00&#34; level=info msg=&#34;Deleting nsmd-forwarder-kind-1-worker&#34;&#xA;time=&#34;2021-06-08T18:09:35-07:00&#34; level=info msg=&#34;Deleting jaeger&#34;&#xA;time=&#34;2021-06-08T18:09:35-07:00&#34; level=info msg=&#34;Deleting icmp-responder-nse&#34;&#xA;I0608 18:09:36.185932    8225 request.go:621] Throttling request took 1.18449978s, request: DELETE:https://127.0.0.1:55080/api/v1/namespaces/nsm-system/pods/prefix-service&#xA;time=&#34;2021-06-08T18:09:37-07:00&#34; level=warning msg=&#34;The POD &#39;nsc&#39; Deleted 2.396221532s&#34;&#xA;time=&#34;2021-06-08T18:09:37-07:00&#34; level=warning msg=&#34;The POD &#39;spire-proxy&#39; Deleted 2.787265873s&#34;&#xA;time=&#34;2021-06-08T18:09:37-07:00&#34; level=warning msg=&#34;The POD &#39;prefix-service&#39; Deleted 2.99088059s&#34;&#xA;time=&#34;2021-06-08T18:09:38-07:00&#34; level=warning msg=&#34;The POD &#39;nsmd-forwarder-kind-1-worker&#39; Deleted 3.194399724s&#34;&#xA;time=&#34;2021-06-08T18:09:38-07:00&#34; level=warning msg=&#34;The POD &#39;icmp-responder-nse&#39; Deleted 3.588299459s&#34;&#xA;time=&#34;2021-06-08T18:09:51-07:00&#34; level=info msg=&#34;The POD nsmgr-kind-1-worker force deleted&#34;&#xA;time=&#34;2021-06-08T18:09:51-07:00&#34; level=warning msg=&#34;The POD &#39;nsmgr-kind-1-worker&#39; Deleted 16.793243078s&#34;&#xA;time=&#34;2021-06-08T18:09:52-07:00&#34; level=info msg=&#34;The POD jaeger force deleted&#34;&#xA;time=&#34;2021-06-08T18:09:52-07:00&#34; level=warning msg=&#34;The POD &#39;jaeger&#39; Deleted 17.391647321s&#34;&#xA;time=&#34;2021-06-08T18:09:52-07:00&#34; level=info msg=&#34;namespace nsm-system is deleted&#34;&#xA;time=&#34;2021-06-08T18:09:52-07:00&#34; level=info msg=&#34;Cleanup time: 17.596229515s&#34;&#xA;--- FAIL: TestBasicDns (209.91s)&#xA;FAIL&#xA;FAIL&#x9;github.com/networkservicemesh/networkservicemesh/test/integration&#x9;210.379s&#xA;FAIL&#xA;TestBasicDns: OnFail: running on fail script operations with KUBECONFIG=/Users/nispatil/go/src/github.com/cisco-app-networking/nsm_publish/networkservicemesh/.tests/cloud_test/single-cluster/shell/kind-1/config on cloud kind-1&#xA;make -i k8s-deconfig helm-delete k8s-terminating-cleanup k8s-delete-nsm-namespaces || true&#xA;helm uninstall config --namespace nsm-system || true&#xA;WARNING: Kubernetes configuration file is group-readable. This is insecure. Location: /Users/nispatil/go/src/github.com/cisco-app-networking/nsm_publish/networkservicemesh/.tests/cloud_test/single-cluster/shell/kind-1/config&#xA;WARNING: Kubernetes configuration file is world-readable. This is insecure. Location: /Users/nispatil/go/src/github.com/cisco-app-networking/nsm_publish/networkservicemesh/.tests/cloud_test/single-cluster/shell/kind-1/config&#xA;Error: uninstall: Release not loaded: config: release: not found&#xA;./scripts/helm-nsm-uninstall.sh --nsm_namespace nsm-system --all&#xA;&#xA;Helm version detected: v3.3.4&#xA;Cleaning up NSM&#xA;xargs: illegal option -- -&#xA;usage: xargs [-0opt] [-E eofstr] [-I replstr [-R replacements] [-S replsize]]&#xA;[-J replstr] [-L number] [-n number [-x]] [-P maxprocs]&#xA;[-s size] [utility [argument ...]]&#xA;WARNING: Kubernetes configuration file is group-readable. This is insecure. Location: /Users/nispatil/go/src/github.com/cisco-app-networking/nsm_publish/networkservicemesh/.tests/cloud_test/single-cluster/shell/kind-1/config&#xA;WARNING: Kubernetes configuration file is world-readable. This is insecure. Location: /Users/nispatil/go/src/github.com/cisco-app-networking/nsm_publish/networkservicemesh/.tests/cloud_test/single-cluster/shell/kind-1/config&#xA;make[1]: [helm-delete] Error 1 (ignored)&#xA;xargs: illegal option -- -&#xA;usage: xargs [-0opt] [-E eofstr] [-I replstr [-R replacements] [-S replsize]]&#xA;[-J replstr] [-L number] [-n number [-x]] [-P maxprocs]&#xA;[-s size] [utility [argument ...]]&#xA;No resources found in nsm-system namespace.&#xA;make[1]: [k8s-terminating-cleanup] Error 1 (ignored)&#xA;Running delete-nsm-namespaces script&#xA;NSM_NAMESPACE=nsm-system&#xA;Checking ns: default&#xA;Checking ns: kube-node-lease&#xA;Checking ns: kube-public&#xA;Checking ns: kube-system&#xA;Checking ns: local-path-storage&#xA;Checking ns: nsm-system&#xA;Deleting ns: nsm-system&#xA;warning: Immediate deletion does not wait for confirmation that the running resource has been terminated. The resource may continue to run on the cluster indefinitely.&#xA;No resources found&#xA;namespace &#34;nsm-system&#34; deleted&#xA;Checking ns: spire&#xA;make k8s-config &amp;&amp; echo &#34;Cluster reset successfull&#34;&#xA;namespace/nsm-system created&#xA;helm --namespace nsm-system install config deployments/helm/nsm/charts/config&#xA;WARNING: Kubernetes configuration file is group-readable. This is insecure. Location: /Users/nispatil/go/src/github.com/cisco-app-networking/nsm_publish/networkservicemesh/.tests/cloud_test/single-cluster/shell/kind-1/config&#xA;WARNING: Kubernetes configuration file is world-readable. This is insecure. Location: /Users/nispatil/go/src/github.com/cisco-app-networking/nsm_publish/networkservicemesh/.tests/cloud_test/single-cluster/shell/kind-1/config&#xA;NAME: config&#xA;LAST DEPLOYED: Tue Jun  8 18:10:01 2021&#xA;NAMESPACE: nsm-system&#xA;STATUS: deployed&#xA;REVISION: 1&#xA;TEST SUITE: None&#xA;Cluster reset successfull</failure>
                  </testcase>
                  <testcase classname="" name="TestForwarderCrossConnectBasic" time="45.555290974" cluster_instance="kind-1"></testcase>
                  <testcase classname="" name="TestForwarderCrossConnectMultiple" time="23.175435218" cluster_instance="kind-1"></testcase>
                  <testcase classname="" name="TestDeployNSMMonitor" time="69.942821308" cluster_instance="kind-1"></testcase>
                  <testcase classname="" name="TestSingleCrossConnect" time="73.042610101" cluster_instance="kind-1"></testcase>
                  <testcase classname="" name="TestDeployPodIntoInvalidEnv" time="43.096889119" cluster_instance="kind-1"></testcase>
                  <testcase classname="" name="TestExcludePrefixCheck" time="73.084787311" cluster_instance="kind-1"></testcase>
                  <testcase classname="" name="TestPrometheusMetrics" time="12.947314858" cluster_instance="kind-1"></testcase>
                  <testcase classname="" name="TestLostUpdate" time="88.986722955" cluster_instance="kind-1"></testcase>
                  <testcase classname="" name="TestRegistryConcurrentModification" time="65.12143377" cluster_instance="kind-1"></testcase>
                  <testcase classname="" name="TestExec" time="35.756206264" cluster_instance="kind-1"></testcase>
                  <testcase classname="" name="TestSimpleMemifConnection" time="248.569754392" cluster_instance="kind-1">
                      <failure message="Test execution failed TestSimpleMemifConnection" type="ERROR">Execution attempt: 0 Output file: .tests/cloud_test/single-cluster/kind-1/039-TestSimpleMemifConnection-run.log&#xA;Starting TestSimpleMemifConnection on kind-1&#xA;Command line go test . -test.timeout 10m0s -count 1 --run &#34;^(TestSimpleMemifConnection)$\\z&#34; --tags &#34;basic&#34; --test.v&#xA;env==[KUBECONFIG=/Users/nispatil/go/src/github.com/cisco-app-networking/nsm_publish/networkservicemesh/.tests/cloud_test/single-cluster/shell/kind-1/config ARTIFACTS_DIR=/Users/nispatil/go/src/github.com/cisco-app-networking/nsm_publish/networkservicemesh/.tests/cloud_test/single-cluster/kind-1/TestSimpleMemifConnection]&#xA;&#xA;=== RUN   TestSimpleMemifConnection&#xA;time=&#34;2021-06-08T18:01:05-07:00&#34; level=info msg=&#34;Using Kubeconfig: /Users/nispatil/go/src/github.com/cisco-app-networking/nsm_publish/networkservicemesh/.tests/cloud_test/single-cluster/shell/kind-1/config&#34;&#xA;time=&#34;2021-06-08T18:01:05-07:00&#34; level=info msg=&#34;FORWARDING_PLANE not set, using default forwarder - vpp&#34;&#xA;time=&#34;2021-06-08T18:01:05-07:00&#34; level=info msg=&#34;Creating artifact manager with config: &amp;{4 false /Users/nispatil/go/src/github.com/cisco-app-networking/nsm_publish/networkservicemesh/.tests/cloud_test/single-cluster/kind-1/TestSimpleMemifConnection}&#34;&#xA;time=&#34;2021-06-08T18:01:05-07:00&#34; level=error msg=&#34;Error during create of test namespace failed to create a namespace: object is being deleted: namespaces \&#34;nsm-system\&#34; already exists&#34;&#xA;time=&#34;2021-06-08T18:01:05-07:00&#34; level=info msg=&#34;Checking availability of API server on 127.0.0.1&#34;&#xA;time=&#34;2021-06-08T18:01:09-07:00&#34; level=info msg=&#34;PING 127.0.0.1 (127.0.0.1): 56 data bytes\n64 bytes from 127.0.0.1: icmp_seq=0 ttl=64 time=0.041 ms\n64 bytes from 127.0.0.1: icmp_seq=1 ttl=64 time=0.087 ms\n64 bytes from 127.0.0.1: icmp_seq=2 ttl=64 time=0.155 ms\n64 bytes from 127.0.0.1: icmp_seq=3 ttl=64 time=0.042 ms\n64 bytes from 127.0.0.1: icmp_seq=4 ttl=64 time=0.073 ms\n\n--- 127.0.0.1 ping statistics ---\n5 packets transmitted, 5 packets received, 0.0%!p(MISSING)acket loss\nround-trip min/avg/max/stddev = 0.041/0.080/0.155/0.042 ms\n&#34;&#xA;time=&#34;2021-06-08T18:01:09-07:00&#34; level=info msg=&#34;Will try to create namespace again after 20 seconds&#34;&#xA;time=&#34;2021-06-08T18:01:29-07:00&#34; level=info msg=&#34;namespace nsm-system is created&#34;&#xA;time=&#34;2021-06-08T18:01:29-07:00&#34; level=info msg=&#34;USE_IPV6 not set, using default false&#34;&#xA;time=&#34;2021-06-08T18:01:29-07:00&#34; level=error msg=&#34;serviceaccounts \&#34;nsc-acc\&#34; not found&#34;&#xA;time=&#34;2021-06-08T18:01:29-07:00&#34; level=error msg=&#34;serviceaccounts \&#34;nse-acc\&#34; not found&#34;&#xA;time=&#34;2021-06-08T18:01:29-07:00&#34; level=error msg=&#34;serviceaccounts \&#34;nsmgr-acc\&#34; not found&#34;&#xA;time=&#34;2021-06-08T18:01:29-07:00&#34; level=error msg=&#34;serviceaccounts \&#34;nsmrs-acc\&#34; not found&#34;&#xA;time=&#34;2021-06-08T18:01:29-07:00&#34; level=error msg=&#34;serviceaccounts \&#34;forward-plane-acc\&#34; not found&#34;&#xA;time=&#34;2021-06-08T18:01:29-07:00&#34; level=error msg=&#34;serviceaccounts \&#34;crossconnect-monitor-acc\&#34; not found&#34;&#xA;time=&#34;2021-06-08T18:01:30-07:00&#34; level=error msg=&#34;serviceaccounts \&#34;proxy-nsmgr-acc\&#34; not found&#34;&#xA;time=&#34;2021-06-08T18:01:30-07:00&#34; level=info msg=&#34;Cleanup done: 819.736234ms&#34;&#xA;time=&#34;2021-06-08T18:01:30-07:00&#34; level=info msg=&#34;&amp;ServiceAccount{ObjectMeta:{default  nsm-system /api/v1/namespaces/nsm-system/serviceaccounts/default 5a7c4c25-9192-4720-9550-e1829c3c6835 13390 0 2021-06-08 18:01:29 -0700 PDT &lt;nil&gt; &lt;nil&gt; map[] map[] [] []  []},Secrets:[]ObjectReference{ObjectReference{Kind:,Namespace:,Name:default-token-6l68h,UID:,APIVersion:,ResourceVersion:,FieldPath:,},},ImagePullSecrets:[]LocalObjectReference{},AutomountServiceAccountToken:nil,}&#34;&#xA;I0608 18:01:31.297290    7158 request.go:621] Throttling request took 1.176744719s, request: POST:https://127.0.0.1:55080/api/v1/namespaces/nsm-system/serviceaccounts&#xA;time=&#34;2021-06-08T18:01:31-07:00&#34; level=info msg=&#34;&amp;ServiceAccount{ObjectMeta:{nsmrs-acc  nsm-system /api/v1/namespaces/nsm-system/serviceaccounts/nsmrs-acc 75502095-f2ec-4e6d-b05a-f3cdaa55b7f7 13393 0 2021-06-08 18:01:30 -0700 PDT &lt;nil&gt; &lt;nil&gt; map[] map[] [] []  []},Secrets:[]ObjectReference{ObjectReference{Kind:,Namespace:,Name:nsmrs-acc-token-t4x4l,UID:,APIVersion:,ResourceVersion:,FieldPath:,},},ImagePullSecrets:[]LocalObjectReference{},AutomountServiceAccountToken:nil,}&#34;&#xA;time=&#34;2021-06-08T18:01:32-07:00&#34; level=info msg=&#34;&amp;ServiceAccount{ObjectMeta:{crossconnect-monitor-acc  nsm-system /api/v1/namespaces/nsm-system/serviceaccounts/crossconnect-monitor-acc 8b96a874-89b8-4a03-ac3d-e0982112b05c 13398 0 2021-06-08 18:01:30 -0700 PDT &lt;nil&gt; &lt;nil&gt; map[] map[] [] []  []},Secrets:[]ObjectReference{ObjectReference{Kind:,Namespace:,Name:crossconnect-monitor-acc-token-xc2hn,UID:,APIVersion:,ResourceVersion:,FieldPath:,},},ImagePullSecrets:[]LocalObjectReference{},AutomountServiceAccountToken:nil,}&#34;&#xA;time=&#34;2021-06-08T18:01:32-07:00&#34; level=info msg=&#34;&amp;ServiceAccount{ObjectMeta:{nsc-acc  nsm-system /api/v1/namespaces/nsm-system/serviceaccounts/nsc-acc 6f6fd036-f0ed-44c1-901c-aeeadd25b6c6 13403 0 2021-06-08 18:01:30 -0700 PDT &lt;nil&gt; &lt;nil&gt; map[] map[] [] []  []},Secrets:[]ObjectReference{ObjectReference{Kind:,Namespace:,Name:nsc-acc-token-mlwpx,UID:,APIVersion:,ResourceVersion:,FieldPath:,},},ImagePullSecrets:[]LocalObjectReference{},AutomountServiceAccountToken:nil,}&#34;&#xA;time=&#34;2021-06-08T18:01:32-07:00&#34; level=info msg=&#34;&amp;ServiceAccount{ObjectMeta:{proxy-nsmgr-acc  nsm-system /api/v1/namespaces/nsm-system/serviceaccounts/proxy-nsmgr-acc 6d878335-0d1f-4df4-b0c8-6c2a2ac2d49c 13406 0 2021-06-08 18:01:31 -0700 PDT &lt;nil&gt; &lt;nil&gt; map[] map[] [] []  []},Secrets:[]ObjectReference{ObjectReference{Kind:,Namespace:,Name:proxy-nsmgr-acc-token-5x6tk,UID:,APIVersion:,ResourceVersion:,FieldPath:,},},ImagePullSecrets:[]LocalObjectReference{},AutomountServiceAccountToken:nil,}&#34;&#xA;time=&#34;2021-06-08T18:01:32-07:00&#34; level=info msg=&#34;&amp;ServiceAccount{ObjectMeta:{nsmgr-acc  nsm-system /api/v1/namespaces/nsm-system/serviceaccounts/nsmgr-acc 57171a9d-f4db-448d-85c5-a1bdbbdd88db 13410 0 2021-06-08 18:01:31 -0700 PDT &lt;nil&gt; &lt;nil&gt; map[] map[] [] []  []},Secrets:[]ObjectReference{ObjectReference{Kind:,Namespace:,Name:nsmgr-acc-token-ldjsk,UID:,APIVersion:,ResourceVersion:,FieldPath:,},},ImagePullSecrets:[]LocalObjectReference{},AutomountServiceAccountToken:nil,}&#34;&#xA;time=&#34;2021-06-08T18:01:32-07:00&#34; level=info msg=&#34;&amp;ServiceAccount{ObjectMeta:{forward-plane-acc  nsm-system /api/v1/namespaces/nsm-system/serviceaccounts/forward-plane-acc a47808b6-3711-42a7-8d53-e0bc5003b058 13413 0 2021-06-08 18:01:31 -0700 PDT &lt;nil&gt; &lt;nil&gt; map[] map[] [] []  []},Secrets:[]ObjectReference{ObjectReference{Kind:,Namespace:,Name:forward-plane-acc-token-mcrtx,UID:,APIVersion:,ResourceVersion:,FieldPath:,},},ImagePullSecrets:[]LocalObjectReference{},AutomountServiceAccountToken:nil,}&#34;&#xA;time=&#34;2021-06-08T18:01:33-07:00&#34; level=info msg=&#34;&amp;ServiceAccount{ObjectMeta:{nse-acc  nsm-system /api/v1/namespaces/nsm-system/serviceaccounts/nse-acc 84597ab6-982e-4c7e-b711-561d1d4b78e9 13416 0 2021-06-08 18:01:31 -0700 PDT &lt;nil&gt; &lt;nil&gt; map[] map[] [] []  []},Secrets:[]ObjectReference{ObjectReference{Kind:,Namespace:,Name:nse-acc-token-d8vws,UID:,APIVersion:,ResourceVersion:,FieldPath:,},},ImagePullSecrets:[]LocalObjectReference{},AutomountServiceAccountToken:nil,}&#34;&#xA;time=&#34;2021-06-08T18:01:33-07:00&#34; level=info msg=&#34;Creating ConfigMap &#39;nsm-config&#39; in namespace&#39;nsm-system&#39;...&#34;&#xA;time=&#34;2021-06-08T18:01:33-07:00&#34; level=info msg=&#34;Using image: containers.cisco.com/appn/prefix-service:vl3_latest&#34;&#xA;time=&#34;2021-06-08T18:01:33-07:00&#34; level=info msg=&#34;Using image: containers.cisco.com/appn/test-common:vl3_latest&#34;&#xA;time=&#34;2021-06-08T18:01:33-07:00&#34; level=info msg=&#34;role is created: &amp;ClusterRole{ObjectMeta:{nsm-role  nsm-system    0 0001-01-01 00:00:00 +0000 UTC &lt;nil&gt; &lt;nil&gt; map[rbac.authorization.k8s.io/aggregate-to-admin:true rbac.authorization.k8s.io/aggregate-to-edit:true] map[] [] []  []},Rules:[]PolicyRule{PolicyRule{Verbs:[*],APIGroups:[networkservicemesh.io],Resources:[networkservices networkserviceendpoints networkservicemanagers],ResourceNames:[],NonResourceURLs:[],},PolicyRule{Verbs:[*],APIGroups:[apiextensions.k8s.io],Resources:[customresourcedefinitions],ResourceNames:[],NonResourceURLs:[],},PolicyRule{Verbs:[get update],APIGroups:[],Resources:[configmaps],ResourceNames:[],NonResourceURLs:[],},PolicyRule{Verbs:[get list watch],APIGroups:[],Resources:[nodes services namespaces],ResourceNames:[],NonResourceURLs:[],},},AggregationRule:nil,}&#34;&#xA;time=&#34;2021-06-08T18:01:33-07:00&#34; level=info msg=&#34;role is created: &amp;ClusterRoleBinding{ObjectMeta:{nsm-role-binding      0 0001-01-01 00:00:00 +0000 UTC &lt;nil&gt; &lt;nil&gt; map[] map[] [] []  []},Subjects:[]Subject{Subject{Kind:ServiceAccount,APIGroup:,Name:nsmgr-acc,Namespace:nsm-system,},Subject{Kind:ServiceAccount,APIGroup:,Name:proxy-nsmgr-acc,Namespace:nsm-system,},Subject{Kind:ServiceAccount,APIGroup:,Name:crossconnect-monitor-acc,Namespace:nsm-system,},},RoleRef:RoleRef{APIGroup:rbac.authorization.k8s.io,Kind:ClusterRole,Name:nsm-role,},}&#34;&#xA;time=&#34;2021-06-08T18:01:33-07:00&#34; level=info msg=&#34;role is created: &amp;ClusterRole{ObjectMeta:{aggregate-network-services-view  nsm-system    0 0001-01-01 00:00:00 +0000 UTC &lt;nil&gt; &lt;nil&gt; map[rbac.authorization.k8s.io/aggregate-to-view:true] map[] [] []  []},Rules:[]PolicyRule{PolicyRule{Verbs:[get list watch],APIGroups:[networkservicemesh.io],Resources:[networkservices],ResourceNames:[],NonResourceURLs:[],},},AggregationRule:nil,}&#34;&#xA;time=&#34;2021-06-08T18:01:35-07:00&#34; level=info msg=&#34;Trying to establish connection with the spire provider at address:tcp://127.0.0.1:63840&#34;&#xA;time=&#34;2021-06-08T18:01:35-07:00&#34; level=info msg=&#34;Created the todo context:tcp://127.0.0.1:63840&#34;&#xA;time=&#34;2021-06-08T18:01:35-07:00&#34; level=info msg=&#34;Got x509:&amp;{0xc0002dafc0 &lt;nil&gt; {{0 0} 0 0 0 0} 0xc000115c70 0xc0007b01e0 {{0 0} 0 0 0 0} false} &lt;nil&gt;&#34;&#xA;time=&#34;2021-06-08T18:01:35-07:00&#34; level=info msg=&#34;Started goroutine&#34;&#xA;time=&#34;2021-06-08T18:01:35-07:00&#34; level=info msg=&#34;Returning provider&#34;&#xA;time=&#34;2021-06-08T18:01:35-07:00&#34; level=info msg=&#34;Issued identity:spiffe://test.com/nsmgr&#34;&#xA;time=&#34;2021-06-08T18:01:36-07:00&#34; level=info msg=&#34;Checking node: kind-1-control-plane&#34;&#xA;time=&#34;2021-06-08T18:01:36-07:00&#34; level=info msg=&#34;Checking node: kind-1-worker&#34;&#xA;time=&#34;2021-06-08T18:01:36-07:00&#34; level=info msg=&#34;Checking node: kind-1-worker2&#34;&#xA;time=&#34;2021-06-08T18:01:36-07:00&#34; level=info msg=&#34;Using image: jaegertracing/all-in-one:1.14.0&#34;&#xA;time=&#34;2021-06-08T18:01:38-07:00&#34; level=info msg=&#34;getting logs without container jaeger=none&#34;&#xA;time=&#34;2021-06-08T18:01:39-07:00&#34; level=info msg=&#34;Using image: containers.cisco.com/appn/nsmdp:vl3_latest&#34;&#xA;time=&#34;2021-06-08T18:01:39-07:00&#34; level=info msg=&#34;Using image: containers.cisco.com/appn/nsmd:vl3_latest&#34;&#xA;time=&#34;2021-06-08T18:01:39-07:00&#34; level=info msg=&#34;Using image: containers.cisco.com/appn/nsmd-k8s:vl3_latest&#34;&#xA;time=&#34;2021-06-08T18:01:39-07:00&#34; level=info msg=&#34;Using image: containers.cisco.com/appn/vppagent-forwarder:vl3_latest&#34;&#xA;time=&#34;2021-06-08T18:01:49-07:00&#34; level=info msg=&#34;Started NSMgr/Forwarder: 10.436628288s on node kind-1-worker&#34;&#xA;time=&#34;2021-06-08T18:01:49-07:00&#34; level=info msg=&#34;Using image: containers.cisco.com/appn/test-common:vl3_latest&#34;&#xA;time=&#34;2021-06-08T18:01:49-07:00&#34; level=info msg=&#34;Starting ICMP Responder NSE on node: kind-1-worker &#34;&#xA;time=&#34;2021-06-08T18:04:49-07:00&#34; level=error msg=&#34;createAndBlock with pods: icmp-responder Timeout in waitTimeout&#34;&#xA;time=&#34;2021-06-08T18:04:49-07:00&#34; level=error msg=&#34;Failed to deploy pod, trying to get any information&#34;&#xA;time=&#34;2021-06-08T18:04:49-07:00&#34; level=info msg=&#34;Pod container information: icmp-responder&#34;&#xA;time=&#34;2021-06-08T18:04:49-07:00&#34; level=info msg=&#34;Pod icmp-responder: container: icmp-responder-nse status: false: Logs: /bin/sh: /bin/test-common: not found\n\n&#34;&#xA;time=&#34;2021-06-08T18:04:49-07:00&#34; level=info msg=&#34;pod icmp-responder object:\n&gt;&gt;&gt;&gt;&gt;&gt;&gt;&gt;&gt;&gt;&gt;{\&#34;metadata\&#34;:{\&#34;name\&#34;:\&#34;icmp-responder\&#34;,\&#34;namespace\&#34;:\&#34;nsm-system\&#34;,\&#34;selfLink\&#34;:\&#34;/api/v1/namespaces/nsm-system/pods/icmp-responder\&#34;,\&#34;uid\&#34;:\&#34;cecd69d6-0259-414a-893f-5152b8e00ca8\&#34;,\&#34;resourceVersion\&#34;:\&#34;13884\&#34;,\&#34;creationTimestamp\&#34;:\&#34;2021-06-09T01:01:49Z\&#34;},\&#34;spec\&#34;:{\&#34;volumes\&#34;:[{\&#34;name\&#34;:\&#34;nse-acc-token-d8vws\&#34;,\&#34;secret\&#34;:{\&#34;secretName\&#34;:\&#34;nse-acc-token-d8vws\&#34;,\&#34;defaultMode\&#34;:420}}],\&#34;containers\&#34;:[{\&#34;name\&#34;:\&#34;icmp-responder-nse\&#34;,\&#34;image\&#34;:\&#34;containers.cisco.com/appn/test-common:vl3_latest\&#34;,\&#34;env\&#34;:[{\&#34;name\&#34;:\&#34;TEST_APPLICATION\&#34;,\&#34;value\&#34;:\&#34;vppagent-icmp-responder-nse\&#34;},{\&#34;name\&#34;:\&#34;IP_ADDRESS\&#34;,\&#34;value\&#34;:\&#34;172.16.1.0/24\&#34;},{\&#34;name\&#34;:\&#34;ENDPOINT_NETWORK_SERVICE\&#34;,\&#34;value\&#34;:\&#34;icmp-responder\&#34;},{\&#34;name\&#34;:\&#34;ENDPOINT_LABELS\&#34;,\&#34;value\&#34;:\&#34;app=icmp\&#34;},{\&#34;name\&#34;:\&#34;INSECURE\&#34;,\&#34;value\&#34;:\&#34;true\&#34;}],\&#34;resources\&#34;:{\&#34;limits\&#34;:{\&#34;networkservicemesh.io/socket\&#34;:\&#34;1\&#34;},\&#34;requests\&#34;:{\&#34;networkservicemesh.io/socket\&#34;:\&#34;1\&#34;}},\&#34;volumeMounts\&#34;:[{\&#34;name\&#34;:\&#34;nse-acc-token-d8vws\&#34;,\&#34;readOnly\&#34;:true,\&#34;mountPath\&#34;:\&#34;/var/run/secrets/kubernetes.io/serviceaccount\&#34;}],\&#34;terminationMessagePath\&#34;:\&#34;/dev/termination-log\&#34;,\&#34;terminationMessagePolicy\&#34;:\&#34;File\&#34;,\&#34;imagePullPolicy\&#34;:\&#34;IfNotPresent\&#34;}],\&#34;restartPolicy\&#34;:\&#34;Always\&#34;,\&#34;terminationGracePeriodSeconds\&#34;:0,\&#34;dnsPolicy\&#34;:\&#34;ClusterFirst\&#34;,\&#34;nodeSelector\&#34;:{\&#34;kubernetes.io/hostname\&#34;:\&#34;kind-1-worker\&#34;},\&#34;serviceAccountName\&#34;:\&#34;nse-acc\&#34;,\&#34;serviceAccount\&#34;:\&#34;nse-acc\&#34;,\&#34;nodeName\&#34;:\&#34;kind-1-worker\&#34;,\&#34;securityContext\&#34;:{},\&#34;schedulerName\&#34;:\&#34;default-scheduler\&#34;,\&#34;tolerations\&#34;:[{\&#34;key\&#34;:\&#34;node.kubernetes.io/not-ready\&#34;,\&#34;operator\&#34;:\&#34;Exists\&#34;,\&#34;effect\&#34;:\&#34;NoExecute\&#34;,\&#34;tolerationSeconds\&#34;:300},{\&#34;key\&#34;:\&#34;node.kubernetes.io/unreachable\&#34;,\&#34;operator\&#34;:\&#34;Exists\&#34;,\&#34;effect\&#34;:\&#34;NoExecute\&#34;,\&#34;tolerationSeconds\&#34;:300}],\&#34;priority\&#34;:0,\&#34;enableServiceLinks\&#34;:true},\&#34;status\&#34;:{\&#34;phase\&#34;:\&#34;Running\&#34;,\&#34;conditions\&#34;:[{\&#34;type\&#34;:\&#34;Initialized\&#34;,\&#34;status\&#34;:\&#34;True\&#34;,\&#34;lastProbeTime\&#34;:null,\&#34;lastTransitionTime\&#34;:\&#34;2021-06-09T01:01:54Z\&#34;},{\&#34;type\&#34;:\&#34;Ready\&#34;,\&#34;status\&#34;:\&#34;False\&#34;,\&#34;lastProbeTime\&#34;:null,\&#34;lastTransitionTime\&#34;:\&#34;2021-06-09T01:01:54Z\&#34;,\&#34;reason\&#34;:\&#34;ContainersNotReady\&#34;,\&#34;message\&#34;:\&#34;containers with unready status: [icmp-responder-nse]\&#34;},{\&#34;type\&#34;:\&#34;ContainersReady\&#34;,\&#34;status\&#34;:\&#34;False\&#34;,\&#34;lastProbeTime\&#34;:null,\&#34;lastTransitionTime\&#34;:\&#34;2021-06-09T01:01:54Z\&#34;,\&#34;reason\&#34;:\&#34;ContainersNotReady\&#34;,\&#34;message\&#34;:\&#34;containers with unready status: [icmp-responder-nse]\&#34;},{\&#34;type\&#34;:\&#34;PodScheduled\&#34;,\&#34;status\&#34;:\&#34;True\&#34;,\&#34;lastProbeTime\&#34;:null,\&#34;lastTransitionTime\&#34;:\&#34;2021-06-09T01:01:54Z\&#34;}],\&#34;hostIP\&#34;:\&#34;172.17.0.3\&#34;,\&#34;podIP\&#34;:\&#34;10.244.2.132\&#34;,\&#34;podIPs\&#34;:[{\&#34;ip\&#34;:\&#34;10.244.2.132\&#34;}],\&#34;startTime\&#34;:\&#34;2021-06-09T01:01:54Z\&#34;,\&#34;containerStatuses\&#34;:[{\&#34;name\&#34;:\&#34;icmp-responder-nse\&#34;,\&#34;state\&#34;:{\&#34;waiting\&#34;:{\&#34;reason\&#34;:\&#34;CrashLoopBackOff\&#34;,\&#34;message\&#34;:\&#34;back-off 1m20s restarting failed container=icmp-responder-nse pod=icmp-responder_nsm-system(cecd69d6-0259-414a-893f-5152b8e00ca8)\&#34;}},\&#34;lastState\&#34;:{\&#34;terminated\&#34;:{\&#34;exitCode\&#34;:127,\&#34;reason\&#34;:\&#34;Error\&#34;,\&#34;startedAt\&#34;:\&#34;2021-06-09T01:03:27Z\&#34;,\&#34;finishedAt\&#34;:\&#34;2021-06-09T01:03:27Z\&#34;,\&#34;containerID\&#34;:\&#34;containerd://4dcb688603646e844b586f72b8449104e4321c86d297161aa86f30007344ca25\&#34;}},\&#34;ready\&#34;:false,\&#34;restartCount\&#34;:4,\&#34;image\&#34;:\&#34;containers.cisco.com/appn/test-common:vl3_latest\&#34;,\&#34;imageID\&#34;:\&#34;sha256:a54dea95b34be00b0177934e91a9e6b62f6cee035fbb5cbfb2c6f27c03f4b110\&#34;,\&#34;containerID\&#34;:\&#34;containerd://4dcb688603646e844b586f72b8449104e4321c86d297161aa86f30007344ca25\&#34;,\&#34;started\&#34;:false}],\&#34;qosClass\&#34;:\&#34;BestEffort\&#34;}}\n&lt;&lt;&lt;&lt;&lt;&lt;&lt;&lt;&lt;&lt;&#34;&#xA;time=&#34;2021-06-08T18:04:49-07:00&#34; level=error msg=&#34;Error Creating Pod: icmp-responder Failed to deploy pod&#34;&#xA;k8s.go:904:&#xA;goroutine 51 [running]:&#xA;runtime/debug.Stack(0x231a3c0, 0xc0003a0e00, 0x30b6488)&#xA;/usr/local/go/src/runtime/debug/stack.go:24 +0x9f&#xA;github.com/networkservicemesh/networkservicemesh/test/kubetest.(*K8s).CreatePodsRaw(0xc000124300, 0x29e8d60800, 0xc0007eda01, 0xc000d11ad0, 0x1, 0x1, 0x0, 0x0, 0x0, 0x0, ...)&#xA;/Users/nispatil/go/src/github.com/cisco-app-networking/nsm_publish/networkservicemesh/test/kubetest/k8s.go:904 +0x8cc&#xA;github.com/networkservicemesh/networkservicemesh/test/kubetest.(*K8s).CreatePod(0xc000124300, 0xc000577800, 0x24f0af3)&#xA;/Users/nispatil/go/src/github.com/cisco-app-networking/nsm_publish/networkservicemesh/test/kubetest/k8s.go:920 +0x72&#xA;github.com/networkservicemesh/networkservicemesh/test/kubetest.deployICMP(0xc000124300, 0xc0003f4dc0, 0xd, 0x24cbc22, 0xe, 0x1bf08eb000, 0xc000577800, 0xc0007edc40)&#xA;/Users/nispatil/go/src/github.com/cisco-app-networking/nsm_publish/networkservicemesh/test/kubetest/utils.go:513 +0x105&#xA;github.com/networkservicemesh/networkservicemesh/test/kubetest.DeployVppAgentICMP(0xc000124300, 0xc000ae8000, 0x24cbc22, 0xe, 0x1bf08eb000, 0x0)&#xA;/Users/nispatil/go/src/github.com/cisco-app-networking/nsm_publish/networkservicemesh/test/kubetest/vpp_utils.go:19 +0x293&#xA;github.com/networkservicemesh/networkservicemesh/test/integration.TestSimpleMemifConnection(0xc000103200)&#xA;/Users/nispatil/go/src/github.com/cisco-app-networking/nsm_publish/networkservicemesh/test/integration/basic_memif_test.go:30 +0x2ee&#xA;testing.tRunner(0xc000103200, 0x25772d8)&#xA;/usr/local/go/src/testing/testing.go:1123 +0xef&#xA;created by testing.(*T).Run&#xA;/usr/local/go/src/testing/testing.go:1168 +0x2b3&#xA;&#xA;Expected&#xA;&lt;int&gt;: 1&#xA;to equal&#xA;&lt;int&gt;: 0&#xA;E0608 18:04:49.678681    7158 portforward.go:409] error closing listener: close tcp4 127.0.0.1:63864: use of closed network connection&#xA;E0608 18:04:49.678699    7158 portforward.go:409] error closing listener: close tcp6 [::1]:63864: use of closed network connection&#xA;time=&#34;2021-06-08T18:04:49-07:00&#34; level=error msg=&#34;Failed to get logs from jaeger err: previous terminated container \&#34;jaeger\&#34; in pod \&#34;jaeger\&#34; not found&#34;&#xA;time=&#34;2021-06-08T18:04:49-07:00&#34; level=warning msg=&#34;Can not get logs for container: jaeger, Error: previous terminated container \&#34;jaeger\&#34; in pod \&#34;jaeger\&#34; not found&#34;&#xA;time=&#34;2021-06-08T18:04:50-07:00&#34; level=error msg=&#34;Failed to get logs from nsmd-forwarder-kind-1-worker err: previous terminated container \&#34;vppagent-forwarder\&#34; in pod \&#34;nsmd-forwarder-kind-1-worker\&#34; not found&#34;&#xA;time=&#34;2021-06-08T18:04:50-07:00&#34; level=warning msg=&#34;Can not get logs for container: vppagent-forwarder, Error: previous terminated container \&#34;vppagent-forwarder\&#34; in pod \&#34;nsmd-forwarder-kind-1-worker\&#34; not found&#34;&#xA;time=&#34;2021-06-08T18:04:50-07:00&#34; level=error msg=&#34;Failed to get logs from prefix-service err: previous terminated container \&#34;prefix-service\&#34; in pod \&#34;prefix-service\&#34; not found&#34;&#xA;time=&#34;2021-06-08T18:04:50-07:00&#34; level=warning msg=&#34;Can not get logs for container: prefix-service, Error: previous terminated container \&#34;prefix-service\&#34; in pod \&#34;prefix-service\&#34; not found&#34;&#xA;time=&#34;2021-06-08T18:04:51-07:00&#34; level=error msg=&#34;Failed to get logs from spire-proxy err: previous terminated container \&#34;spire-proxy\&#34; in pod \&#34;spire-proxy\&#34; not found&#34;&#xA;time=&#34;2021-06-08T18:04:51-07:00&#34; level=warning msg=&#34;Can not get logs for container: spire-proxy, Error: previous terminated container \&#34;spire-proxy\&#34; in pod \&#34;spire-proxy\&#34; not found&#34;&#xA;time=&#34;2021-06-08T18:04:51-07:00&#34; level=error msg=&#34;Failed to get logs from nsmgr-kind-1-worker err: previous terminated container \&#34;nsmdp\&#34; in pod \&#34;nsmgr-kind-1-worker\&#34; not found&#34;&#xA;time=&#34;2021-06-08T18:04:51-07:00&#34; level=warning msg=&#34;Can not get logs for container: nsmdp, Error: previous terminated container \&#34;nsmdp\&#34; in pod \&#34;nsmgr-kind-1-worker\&#34; not found&#34;&#xA;time=&#34;2021-06-08T18:04:51-07:00&#34; level=info msg=&#34;artifacts: [0xc000ca0000 0xc00086d300 0xc000ca0100 0xc000ca0180 0xc000ca01c0 0xc00086da80 0xc000ca0380 0xc0005ac000 0xc00086c800]&#34;&#xA;time=&#34;2021-06-08T18:04:51-07:00&#34; level=info msg=&#34;Deleting icmp-responder&#34;&#xA;time=&#34;2021-06-08T18:04:51-07:00&#34; level=info msg=&#34;Deleting jaeger&#34;&#xA;time=&#34;2021-06-08T18:04:51-07:00&#34; level=info msg=&#34;Deleting nsmgr-kind-1-worker&#34;&#xA;time=&#34;2021-06-08T18:04:51-07:00&#34; level=info msg=&#34;Deleting prefix-service&#34;&#xA;time=&#34;2021-06-08T18:04:51-07:00&#34; level=info msg=&#34;Deleting spire-proxy&#34;&#xA;time=&#34;2021-06-08T18:04:51-07:00&#34; level=info msg=&#34;Deleting nsmd-forwarder-kind-1-worker&#34;&#xA;E0608 18:04:51.383291    7158 portforward.go:409] error closing listener: close tcp4 127.0.0.1:63840: use of closed network connection&#xA;E0608 18:04:51.383312    7158 portforward.go:409] error closing listener: close tcp6 [::1]:63840: use of closed network connection&#xA;I0608 18:04:52.571617    7158 request.go:621] Throttling request took 1.18840774s, request: DELETE:https://127.0.0.1:55080/api/v1/namespaces/nsm-system/pods/nsmgr-kind-1-worker&#xA;time=&#34;2021-06-08T18:04:53-07:00&#34; level=warning msg=&#34;The POD &#39;icmp-responder&#39; Deleted 1.992796456s&#34;&#xA;time=&#34;2021-06-08T18:04:54-07:00&#34; level=warning msg=&#34;The POD &#39;prefix-service&#39; Deleted 2.794246946s&#34;&#xA;time=&#34;2021-06-08T18:04:54-07:00&#34; level=warning msg=&#34;The POD &#39;spire-proxy&#39; Deleted 3.193438213s&#34;&#xA;time=&#34;2021-06-08T18:04:54-07:00&#34; level=warning msg=&#34;The POD &#39;nsmd-forwarder-kind-1-worker&#39; Deleted 3.392330537s&#34;&#xA;time=&#34;2021-06-08T18:05:01-07:00&#34; level=warning msg=&#34;The POD &#39;nsmgr-kind-1-worker&#39; Deleted 10.593533989s&#34;&#xA;time=&#34;2021-06-08T18:05:02-07:00&#34; level=warning msg=&#34;The POD &#39;jaeger&#39; Deleted 10.794187575s&#34;&#xA;time=&#34;2021-06-08T18:05:02-07:00&#34; level=info msg=&#34;namespace nsm-system is deleted&#34;&#xA;time=&#34;2021-06-08T18:05:02-07:00&#34; level=info msg=&#34;Cleanup time: 11.001484682s&#34;&#xA;--- FAIL: TestSimpleMemifConnection (237.13s)&#xA;FAIL&#xA;FAIL&#x9;github.com/networkservicemesh/networkservicemesh/test/integration&#x9;237.569s&#xA;FAIL&#xA;TestSimpleMemifConnection: OnFail: running on fail script operations with KUBECONFIG=/Users/nispatil/go/src/github.com/cisco-app-networking/nsm_publish/networkservicemesh/.tests/cloud_test/single-cluster/shell/kind-1/config on cloud kind-1&#xA;make -i k8s-deconfig helm-delete k8s-terminating-cleanup k8s-delete-nsm-namespaces || true&#xA;helm uninstall config --namespace nsm-system || true&#xA;WARNING: Kubernetes configuration file is group-readable. This is insecure. Location: /Users/nispatil/go/src/github.com/cisco-app-networking/nsm_publish/networkservicemesh/.tests/cloud_test/single-cluster/shell/kind-1/config&#xA;WARNING: Kubernetes configuration file is world-readable. This is insecure. Location: /Users/nispatil/go/src/github.com/cisco-app-networking/nsm_publish/networkservicemesh/.tests/cloud_test/single-cluster/shell/kind-1/config&#xA;Error: uninstall: Release not loaded: config: release: not found&#xA;./scripts/helm-nsm-uninstall.sh --nsm_namespace nsm-system --all&#xA;&#xA;Helm version detected: v3.3.4&#xA;Cleaning up NSM&#xA;xargs: illegal option -- -&#xA;usage: xargs [-0opt] [-E eofstr] [-I replstr [-R replacements] [-S replsize]]&#xA;[-J replstr] [-L number] [-n number [-x]] [-P maxprocs]&#xA;[-s size] [utility [argument ...]]&#xA;WARNING: Kubernetes configuration file is group-readable. This is insecure. Location: /Users/nispatil/go/src/github.com/cisco-app-networking/nsm_publish/networkservicemesh/.tests/cloud_test/single-cluster/shell/kind-1/config&#xA;WARNING: Kubernetes configuration file is world-readable. This is insecure. Location: /Users/nispatil/go/src/github.com/cisco-app-networking/nsm_publish/networkservicemesh/.tests/cloud_test/single-cluster/shell/kind-1/config&#xA;make[1]: [helm-delete] Error 1 (ignored)&#xA;xargs: illegal option -- -&#xA;usage: xargs [-0opt] [-E eofstr] [-I replstr [-R replacements] [-S replsize]]&#xA;[-J replstr] [-L number] [-n number [-x]] [-P maxprocs]&#xA;[-s size] [utility [argument ...]]&#xA;No resources found in nsm-system namespace.&#xA;make[1]: [k8s-terminating-cleanup] Error 1 (ignored)&#xA;Running delete-nsm-namespaces script&#xA;NSM_NAMESPACE=nsm-system&#xA;Checking ns: default&#xA;Checking ns: kube-node-lease&#xA;Checking ns: kube-public&#xA;Checking ns: kube-system&#xA;Checking ns: local-path-storage&#xA;Checking ns: nsm-system&#xA;Deleting ns: nsm-system&#xA;warning: Immediate deletion does not wait for confirmation that the running resource has been terminated. The resource may continue to run on the cluster indefinitely.&#xA;No resources found&#xA;namespace &#34;nsm-system&#34; deleted&#xA;Checking ns: spire&#xA;make k8s-config &amp;&amp; echo &#34;Cluster reset successfull&#34;&#xA;namespace/nsm-system created&#xA;helm --namespace nsm-system install config deployments/helm/nsm/charts/config&#xA;WARNING: Kubernetes configuration file is group-readable. This is insecure. Location: /Users/nispatil/go/src/github.com/cisco-app-networking/nsm_publish/networkservicemesh/.tests/cloud_test/single-cluster/shell/kind-1/config&#xA;WARNING: Kubernetes configuration file is world-readable. This is insecure. Location: /Users/nispatil/go/src/github.com/cisco-app-networking/nsm_publish/networkservicemesh/.tests/cloud_test/single-cluster/shell/kind-1/config&#xA;NAME: config&#xA;LAST DEPLOYED: Tue Jun  8 18:05:10 2021&#xA;NAMESPACE: nsm-system&#xA;STATUS: deployed&#xA;REVISION: 1&#xA;TEST SUITE: None&#xA;Cluster reset successfull</failure>
                  </testcase>
                  <testcase classname="" name="TestNSMgrRestartRestoreNSE" time="99.477696607" cluster_instance="kind-1"></testcase>
                  <testcase classname="" name="TestDNSMonitoringNsc" time="79.330399765" cluster_instance="kind-1"></testcase>
                  <testcase classname="" name="TestDNSExternalClient" time="76.670374292" cluster_instance="kind-1"></testcase>
                  <testcase classname="" name="TestDeleteNSMCr" time="72.463033834" cluster_instance="kind-1"></testcase>
                  <testcase classname="" name="TestNSMDDP" time="105.572248339" cluster_instance="kind-1"></testcase>
                  <testcase classname="" name="TestNSMgrRestartDeploy" time="68.019923516" cluster_instance="kind-1"></testcase>
                  <testcase classname="" name="TestK8sExcludedPrefixes" time="74.302152676" cluster_instance="kind-1"></testcase>
              </testsuite>
          </testsuite>
      </testsuite>
  </testsuites>